2025-11-25 13:31:08.175 [main] WARN  com.alibaba.nacos.client.logging.NacosLogging - Load Logback Configuration of Nacos fail, message: Could not initialize Logback Nacos logging from classpath:nacos-logback.xml
2025-11-25 13:31:08.276 [main] WARN  com.alibaba.nacos.client.logging.NacosLogging - Load Logback Configuration of Nacos fail, message: Could not initialize Logback Nacos logging from classpath:nacos-logback.xml
2025-11-25 13:31:09.116 [main] WARN  com.alibaba.nacos.client.logging.NacosLogging - Load Logback Configuration of Nacos fail, message: Could not initialize Logback Nacos logging from classpath:nacos-logback.xml
2025-11-25 13:31:09.154 [main] WARN  com.alibaba.nacos.client.logging.NacosLogging - Load Logback Configuration of Nacos fail, message: Could not initialize Logback Nacos logging from classpath:nacos-logback.xml
2025-11-25 13:31:09.156 [main] INFO  com.evan.greennote.kv.biz.CassandraTests - The following 1 profile is active: "dev"
2025-11-25 13:31:10.105 [main] INFO  o.s.d.r.config.RepositoryConfigurationDelegate - Bootstrapping Spring Data Reactive Cassandra repositories in DEFAULT mode.
2025-11-25 13:31:10.319 [main] INFO  o.s.d.r.config.RepositoryConfigurationDelegate - Finished Spring Data repository scanning in 206 ms. Found 0 Reactive Cassandra repository interfaces.
2025-11-25 13:31:10.325 [main] INFO  o.s.d.r.config.RepositoryConfigurationDelegate - Bootstrapping Spring Data Cassandra repositories in DEFAULT mode.
2025-11-25 13:31:10.352 [main] INFO  o.s.d.r.config.RepositoryConfigurationDelegate - Finished Spring Data repository scanning in 26 ms. Found 1 Cassandra repository interfaces.
2025-11-25 13:31:10.723 [main] INFO  o.springframework.cloud.context.scope.GenericScope - BeanFactory id=badaa9df-a8c5-3776-bf7e-c0b643517eaa
2025-11-25 13:31:11.425 [main] INFO  c.d.o.driver.internal.core.DefaultMavenCoordinates - DataStax Java driver for Apache Cassandra(R) (com.datastax.oss:java-driver-core) version 4.15.0
2025-11-25 13:31:12.207 [s0-admin-0] INFO  com.datastax.oss.driver.internal.core.time.Clock - Using native clock for microsecond precision
2025-11-25 13:31:12.799 [s1-admin-0] INFO  com.datastax.oss.driver.internal.core.time.Clock - Using native clock for microsecond precision
2025-11-25 13:31:15.002 [main] WARN  o.s.c.l.c.LoadBalancerCacheAutoConfiguration$LoadBalancerCaffeineWarnLogger - Spring Cloud LoadBalancer is currently working with the default cache. While this cache implementation is useful for development and tests, it's recommended to use Caffeine cache in production.You can switch to using Caffeine cache, by adding it and org.springframework.cache.caffeine.CaffeineCacheManager to the classpath.
2025-11-25 13:31:15.078 [main] INFO  com.evan.greennote.kv.biz.CassandraTests - Started CassandraTests in 7.811 seconds (process running for 9.393)
2025-11-25 13:31:15.923 [main] INFO  com.evan.greennote.kv.biz.CassandraTests - ==> 删除数据成功
2025-11-25 13:31:15.997 [main] INFO  com.evan.greennote.kv.biz.CassandraTests - ==> 插入数据成功
2025-11-25 13:31:16.051 [main] INFO  com.evan.greennote.kv.biz.CassandraTests - ==> 修改数据成功
2025-11-25 13:37:04.527 [main] WARN  com.alibaba.nacos.client.logging.NacosLogging - Load Logback Configuration of Nacos fail, message: Could not initialize Logback Nacos logging from classpath:nacos-logback.xml
2025-11-25 13:37:04.628 [main] WARN  com.alibaba.nacos.client.logging.NacosLogging - Load Logback Configuration of Nacos fail, message: Could not initialize Logback Nacos logging from classpath:nacos-logback.xml
2025-11-25 13:37:05.480 [main] WARN  com.alibaba.nacos.client.logging.NacosLogging - Load Logback Configuration of Nacos fail, message: Could not initialize Logback Nacos logging from classpath:nacos-logback.xml
2025-11-25 13:37:05.521 [main] WARN  com.alibaba.nacos.client.logging.NacosLogging - Load Logback Configuration of Nacos fail, message: Could not initialize Logback Nacos logging from classpath:nacos-logback.xml
2025-11-25 13:37:05.523 [main] INFO  com.evan.greennote.kv.biz.CassandraTests - The following 1 profile is active: "dev"
2025-11-25 13:37:06.400 [main] INFO  o.s.d.r.config.RepositoryConfigurationDelegate - Bootstrapping Spring Data Reactive Cassandra repositories in DEFAULT mode.
2025-11-25 13:37:06.699 [main] INFO  o.s.d.r.config.RepositoryConfigurationDelegate - Finished Spring Data repository scanning in 289 ms. Found 0 Reactive Cassandra repository interfaces.
2025-11-25 13:37:06.712 [main] INFO  o.s.d.r.config.RepositoryConfigurationDelegate - Bootstrapping Spring Data Cassandra repositories in DEFAULT mode.
2025-11-25 13:37:06.751 [main] INFO  o.s.d.r.config.RepositoryConfigurationDelegate - Finished Spring Data repository scanning in 38 ms. Found 1 Cassandra repository interfaces.
2025-11-25 13:37:07.210 [main] INFO  o.springframework.cloud.context.scope.GenericScope - BeanFactory id=badaa9df-a8c5-3776-bf7e-c0b643517eaa
2025-11-25 13:37:07.931 [main] INFO  c.d.o.driver.internal.core.DefaultMavenCoordinates - DataStax Java driver for Apache Cassandra(R) (com.datastax.oss:java-driver-core) version 4.15.0
2025-11-25 13:37:08.664 [s0-admin-0] INFO  com.datastax.oss.driver.internal.core.time.Clock - Using native clock for microsecond precision
2025-11-25 13:37:09.291 [s1-admin-0] INFO  com.datastax.oss.driver.internal.core.time.Clock - Using native clock for microsecond precision
2025-11-25 13:37:11.676 [main] WARN  o.s.c.l.c.LoadBalancerCacheAutoConfiguration$LoadBalancerCaffeineWarnLogger - Spring Cloud LoadBalancer is currently working with the default cache. While this cache implementation is useful for development and tests, it's recommended to use Caffeine cache in production.You can switch to using Caffeine cache, by adding it and org.springframework.cache.caffeine.CaffeineCacheManager to the classpath.
2025-11-25 13:37:11.758 [main] INFO  com.evan.greennote.kv.biz.CassandraTests - Started CassandraTests in 8.202 seconds (process running for 9.714)
2025-11-25 13:37:12.745 [main] INFO  com.evan.greennote.kv.biz.CassandraTests - ==> 删除数据成功
2025-11-25 13:37:12.808 [main] INFO  com.evan.greennote.kv.biz.CassandraTests - ==> 插入数据成功
2025-11-25 13:37:12.870 [main] INFO  com.evan.greennote.kv.biz.CassandraTests - ==> 修改数据成功
2025-11-25 13:47:38.944 [main] WARN  com.alibaba.nacos.client.logging.NacosLogging - Load Logback Configuration of Nacos fail, message: Could not initialize Logback Nacos logging from classpath:nacos-logback.xml
2025-11-25 13:47:39.045 [main] WARN  com.alibaba.nacos.client.logging.NacosLogging - Load Logback Configuration of Nacos fail, message: Could not initialize Logback Nacos logging from classpath:nacos-logback.xml
2025-11-25 13:47:39.940 [main] WARN  com.alibaba.nacos.client.logging.NacosLogging - Load Logback Configuration of Nacos fail, message: Could not initialize Logback Nacos logging from classpath:nacos-logback.xml
2025-11-25 13:47:39.986 [main] WARN  com.alibaba.nacos.client.logging.NacosLogging - Load Logback Configuration of Nacos fail, message: Could not initialize Logback Nacos logging from classpath:nacos-logback.xml
2025-11-25 13:47:39.989 [main] INFO  com.evan.greennote.kv.biz.CassandraTests - The following 1 profile is active: "dev"
2025-11-25 13:47:41.024 [main] INFO  o.s.d.r.config.RepositoryConfigurationDelegate - Bootstrapping Spring Data Reactive Cassandra repositories in DEFAULT mode.
2025-11-25 13:47:41.277 [main] INFO  o.s.d.r.config.RepositoryConfigurationDelegate - Finished Spring Data repository scanning in 242 ms. Found 0 Reactive Cassandra repository interfaces.
2025-11-25 13:47:41.285 [main] INFO  o.s.d.r.config.RepositoryConfigurationDelegate - Bootstrapping Spring Data Cassandra repositories in DEFAULT mode.
2025-11-25 13:47:41.316 [main] INFO  o.s.d.r.config.RepositoryConfigurationDelegate - Finished Spring Data repository scanning in 30 ms. Found 1 Cassandra repository interfaces.
2025-11-25 13:47:41.713 [main] INFO  o.springframework.cloud.context.scope.GenericScope - BeanFactory id=badaa9df-a8c5-3776-bf7e-c0b643517eaa
2025-11-25 13:47:42.335 [main] INFO  c.d.o.driver.internal.core.DefaultMavenCoordinates - DataStax Java driver for Apache Cassandra(R) (com.datastax.oss:java-driver-core) version 4.15.0
2025-11-25 13:47:43.107 [s0-admin-0] INFO  com.datastax.oss.driver.internal.core.time.Clock - Using native clock for microsecond precision
2025-11-25 13:47:43.757 [s1-admin-0] INFO  com.datastax.oss.driver.internal.core.time.Clock - Using native clock for microsecond precision
2025-11-25 13:47:46.137 [main] WARN  o.s.c.l.c.LoadBalancerCacheAutoConfiguration$LoadBalancerCaffeineWarnLogger - Spring Cloud LoadBalancer is currently working with the default cache. While this cache implementation is useful for development and tests, it's recommended to use Caffeine cache in production.You can switch to using Caffeine cache, by adding it and org.springframework.cache.caffeine.CaffeineCacheManager to the classpath.
2025-11-25 13:47:46.213 [main] INFO  com.evan.greennote.kv.biz.CassandraTests - Started CassandraTests in 8.187 seconds (process running for 9.713)
2025-11-25 13:47:47.024 [main] INFO  com.evan.greennote.kv.biz.CassandraTests - ==> 删除数据成功
2025-11-25 13:47:47.100 [main] INFO  com.evan.greennote.kv.biz.CassandraTests - ==> 插入数据成功
2025-11-25 13:47:47.206 [main] INFO  com.evan.greennote.kv.biz.CassandraTests - ==> 修改数据成功
