2025-11-09 10:38:53.906 [main] WARN  com.alibaba.nacos.client.logging.NacosLogging - Load Logback Configuration of Nacos fail, message: Could not initialize Logback Nacos logging from classpath:nacos-logback.xml
2025-11-09 10:38:54.014 [main] WARN  com.alibaba.nacos.client.logging.NacosLogging - Load Logback Configuration of Nacos fail, message: Could not initialize Logback Nacos logging from classpath:nacos-logback.xml
2025-11-09 10:38:54.407 [main] WARN  com.alibaba.nacos.client.logging.NacosLogging - Load Logback Configuration of Nacos fail, message: Could not initialize Logback Nacos logging from classpath:nacos-logback.xml
2025-11-09 10:38:54.410 [main] INFO  com.alibaba.nacos.client.utils.ParamUtil - [settings] [req-serv] nacos-server port:8848
2025-11-09 10:38:54.410 [main] INFO  com.alibaba.nacos.client.utils.ParamUtil - [settings] [http-client] connect timeout:1000
2025-11-09 10:38:54.413 [main] INFO  com.alibaba.nacos.client.utils.ParamUtil - PER_TASK_CONFIG_SIZE: 3000.0
2025-11-09 10:38:54.485 [main] INFO  c.a.n.p.auth.spi.client.ClientAuthPluginManager - [ClientAuthPluginManager] Load ClientAuthService com.alibaba.nacos.client.auth.impl.NacosClientAuthServiceImpl success.
2025-11-09 10:38:54.485 [main] INFO  c.a.n.p.auth.spi.client.ClientAuthPluginManager - [ClientAuthPluginManager] Load ClientAuthService com.alibaba.nacos.client.auth.ram.RamClientAuthServiceImpl success.
2025-11-09 10:38:54.492 [main] INFO  c.a.n.client.auth.ram.identify.CredentialWatcher - null No credential found
2025-11-09 10:38:55.061 [main] WARN  com.alibaba.nacos.client.logging.NacosLogging - Load Logback Configuration of Nacos fail, message: Could not initialize Logback Nacos logging from classpath:nacos-logback.xml
2025-11-09 10:38:55.083 [main] INFO  c.a.n.client.config.impl.LocalConfigInfoProcessor - LOCAL_SNAPSHOT_PATH:C:\Users\12482\nacos\config
2025-11-09 10:38:55.090 [main] INFO  com.alibaba.nacos.common.remote.client - [RpcClientFactory] create a new rpc client of 571ed13f-0c64-48fd-a67b-f1e324b88e12_config-0
2025-11-09 10:38:55.129 [main] INFO  com.alibaba.nacos.common.remote.client - [571ed13f-0c64-48fd-a67b-f1e324b88e12_config-0] Register server push request handler:com.alibaba.nacos.client.config.impl.ClientWorker$ConfigRpcTransportClient$$Lambda$570/0x0000023440366698
2025-11-09 10:38:55.129 [main] INFO  com.alibaba.nacos.common.remote.client - [571ed13f-0c64-48fd-a67b-f1e324b88e12_config-0] Register server push request handler:com.alibaba.nacos.client.config.impl.ClientWorker$ConfigRpcTransportClient$$Lambda$571/0x0000023440366ab8
2025-11-09 10:38:55.130 [main] INFO  com.alibaba.nacos.common.remote.client - [571ed13f-0c64-48fd-a67b-f1e324b88e12_config-0] Registry connection listener to current client:com.alibaba.nacos.client.config.impl.ClientWorker$ConfigRpcTransportClient$1
2025-11-09 10:38:55.131 [main] INFO  com.alibaba.nacos.common.remote.client - [571ed13f-0c64-48fd-a67b-f1e324b88e12_config-0] RpcClient init, ServerListFactory = com.alibaba.nacos.client.config.impl.ClientWorker$ConfigRpcTransportClient$2
2025-11-09 10:38:55.150 [main] INFO  com.alibaba.nacos.common.remote.client - [571ed13f-0c64-48fd-a67b-f1e324b88e12_config-0] Try to connect to server on start up, server: {serverIp = '127.0.0.1', server main port = 8848}
2025-11-09 10:38:55.223 [main] INFO  c.a.nacos.common.remote.client.grpc.GrpcClient - grpc client connection server:127.0.0.1 ip,serverPort:9848,grpcTslConfig:{"sslProvider":"OPENSSL","enableTls":false,"mutualAuthEnable":false,"trustAll":false}
2025-11-09 10:38:56.910 [main] INFO  com.alibaba.nacos.common.remote.client - [571ed13f-0c64-48fd-a67b-f1e324b88e12_config-0] Success to connect to server [127.0.0.1:8848] on start up, connectionId = 1762655936606_127.0.0.1_2700
2025-11-09 10:38:56.911 [com.alibaba.nacos.client.remote.worker] INFO  com.alibaba.nacos.common.remote.client - [571ed13f-0c64-48fd-a67b-f1e324b88e12_config-0] Notify connected event to listeners.
2025-11-09 10:38:56.912 [com.alibaba.nacos.client.remote.worker] INFO  com.alibaba.nacos.client.config.impl.ClientWorker - [571ed13f-0c64-48fd-a67b-f1e324b88e12_config-0] Connected,notify listen context...
2025-11-09 10:38:56.912 [main] INFO  com.alibaba.nacos.common.remote.client - [571ed13f-0c64-48fd-a67b-f1e324b88e12_config-0] Register server push request handler:com.alibaba.nacos.common.remote.client.RpcClient$ConnectResetRequestHandler
2025-11-09 10:38:56.913 [main] INFO  com.alibaba.nacos.common.remote.client - [571ed13f-0c64-48fd-a67b-f1e324b88e12_config-0] Register server push request handler:com.alibaba.nacos.common.remote.client.RpcClient$$Lambda$591/0x00000234404b63d0
2025-11-09 10:38:57.000 [main] INFO  com.alibaba.nacos.client.config.impl.Limiter - limitTime:5.0
2025-11-09 10:38:57.037 [main] WARN  c.a.cloud.nacos.client.NacosPropertySourceBuilder - Ignore the empty nacos configuration and get it based on dataId[GreenNote-auth] & group[DEFAULT_GROUP]
2025-11-09 10:38:57.056 [main] WARN  c.a.cloud.nacos.client.NacosPropertySourceBuilder - Ignore the empty nacos configuration and get it based on dataId[GreenNote-auth.yaml] & group[DEFAULT_GROUP]
2025-11-09 10:38:57.072 [main] WARN  c.a.cloud.nacos.client.NacosPropertySourceBuilder - Ignore the empty nacos configuration and get it based on dataId[GreenNote-auth-dev.yaml] & group[DEFAULT_GROUP]
2025-11-09 10:38:57.074 [main] INFO  o.s.c.b.c.PropertySourceBootstrapConfiguration - Located property source: [BootstrapPropertySource {name='bootstrapProperties-GreenNote-auth-dev.yaml,DEFAULT_GROUP'}, BootstrapPropertySource {name='bootstrapProperties-GreenNote-auth.yaml,DEFAULT_GROUP'}, BootstrapPropertySource {name='bootstrapProperties-GreenNote-auth,DEFAULT_GROUP'}]
2025-11-09 10:38:57.087 [main] WARN  com.alibaba.nacos.client.logging.NacosLogging - Load Logback Configuration of Nacos fail, message: Could not initialize Logback Nacos logging from classpath:nacos-logback.xml
2025-11-09 10:38:57.089 [main] INFO  com.evan.greennote.auth.GreenNoteAuthApplication - The following 1 profile is active: "dev"
2025-11-09 10:38:58.134 [main] INFO  o.s.d.r.config.RepositoryConfigurationDelegate - Multiple Spring Data modules found, entering strict repository configuration mode
2025-11-09 10:38:58.141 [main] INFO  o.s.d.r.config.RepositoryConfigurationDelegate - Bootstrapping Spring Data Redis repositories in DEFAULT mode.
2025-11-09 10:38:58.179 [main] INFO  o.s.d.r.config.RepositoryConfigurationDelegate - Finished Spring Data repository scanning in 14 ms. Found 0 Redis repository interfaces.
2025-11-09 10:38:58.596 [main] INFO  o.springframework.cloud.context.scope.GenericScope - BeanFactory id=c90e5f66-536e-36b1-89fb-74e6ac07c7eb
2025-11-09 10:38:58.640 [main] INFO  o.s.c.s.PostProcessorRegistrationDelegate$BeanPostProcessorChecker - Bean 'com.evan.greennote.user.api.UserFeignApi' of type [org.springframework.cloud.openfeign.FeignClientFactoryBean] is not eligible for getting processed by all BeanPostProcessors (for example: not eligible for auto-proxying)
2025-11-09 10:38:59.400 [main] INFO  o.s.boot.web.embedded.tomcat.TomcatWebServer - Tomcat initialized with port(s): 8080 (http)
2025-11-09 10:38:59.417 [main] INFO  org.apache.catalina.core.StandardService - Starting service [Tomcat]
2025-11-09 10:38:59.419 [main] INFO  org.apache.catalina.core.StandardEngine - Starting Servlet engine: [Apache Tomcat/10.1.5]
2025-11-09 10:38:59.560 [main] INFO  o.a.c.core.ContainerBase.[Tomcat].[localhost].[/] - Initializing Spring embedded WebApplicationContext
2025-11-09 10:38:59.560 [main] INFO  o.s.b.w.s.c.ServletWebServerApplicationContext - Root WebApplicationContext: initialization completed in 2434 ms
2025-11-09 10:38:59.600 [main] INFO  o.s.boot.web.servlet.RegistrationBean - Filter headerUserId2ContextFilter was not registered (possibly already registered?)
2025-11-09 10:39:00.519 [main] INFO  o.s.cloud.openfeign.FeignClientFactoryBean - For 'GreenNote-user' URL not provided. Will try picking an instance via load-balancing.
2025-11-09 10:39:02.013 [main] WARN  o.s.c.l.c.LoadBalancerCacheAutoConfiguration$LoadBalancerCaffeineWarnLogger - Spring Cloud LoadBalancer is currently working with the default cache. While this cache implementation is useful for development and tests, it's recommended to use Caffeine cache in production.You can switch to using Caffeine cache, by adding it and org.springframework.cache.caffeine.CaffeineCacheManager to the classpath.
2025-11-09 10:39:02.103 [main] WARN  o.s.b.w.s.c.AnnotationConfigServletWebServerApplicationContext - Exception encountered during context initialization - cancelling refresh attempt: org.springframework.context.ApplicationContextException: Failed to start bean 'webServerStartStop'
2025-11-09 10:39:02.134 [main] INFO  org.apache.catalina.core.StandardService - Stopping service [Tomcat]
2025-11-09 10:39:02.160 [main] INFO  o.s.b.a.logging.ConditionEvaluationReportLogger - 

Error starting ApplicationContext. To display the condition evaluation report re-run your application with 'debug' enabled.
2025-11-09 10:39:02.190 [main] ERROR o.s.b.diagnostics.LoggingFailureAnalysisReporter - 

***************************
APPLICATION FAILED TO START
***************************

Description:

Web server failed to start. Port 8080 was already in use.

Action:

Identify and stop the process that's listening on port 8080 or configure this application to listen on another port.

2025-11-09 10:39:03.146 [Thread-2] WARN  c.alibaba.nacos.common.http.HttpClientBeanHolder - [HttpClientBeanHolder] Start destroying common HttpClient
2025-11-09 10:39:03.146 [Thread-9] WARN  com.alibaba.nacos.common.notify.NotifyCenter - [NotifyCenter] Start destroying Publisher
2025-11-09 10:39:03.148 [Thread-9] WARN  com.alibaba.nacos.common.notify.NotifyCenter - [NotifyCenter] Destruction of the end
2025-11-09 10:45:46.111 [main] WARN  com.alibaba.nacos.client.logging.NacosLogging - Load Logback Configuration of Nacos fail, message: Could not initialize Logback Nacos logging from classpath:nacos-logback.xml
2025-11-09 10:45:46.201 [main] WARN  com.alibaba.nacos.client.logging.NacosLogging - Load Logback Configuration of Nacos fail, message: Could not initialize Logback Nacos logging from classpath:nacos-logback.xml
2025-11-09 10:45:46.551 [main] WARN  com.alibaba.nacos.client.logging.NacosLogging - Load Logback Configuration of Nacos fail, message: Could not initialize Logback Nacos logging from classpath:nacos-logback.xml
2025-11-09 10:45:46.554 [main] INFO  com.alibaba.nacos.client.utils.ParamUtil - [settings] [req-serv] nacos-server port:8848
2025-11-09 10:45:46.555 [main] INFO  com.alibaba.nacos.client.utils.ParamUtil - [settings] [http-client] connect timeout:1000
2025-11-09 10:45:46.556 [main] INFO  com.alibaba.nacos.client.utils.ParamUtil - PER_TASK_CONFIG_SIZE: 3000.0
2025-11-09 10:45:46.610 [main] INFO  c.a.n.p.auth.spi.client.ClientAuthPluginManager - [ClientAuthPluginManager] Load ClientAuthService com.alibaba.nacos.client.auth.impl.NacosClientAuthServiceImpl success.
2025-11-09 10:45:46.610 [main] INFO  c.a.n.p.auth.spi.client.ClientAuthPluginManager - [ClientAuthPluginManager] Load ClientAuthService com.alibaba.nacos.client.auth.ram.RamClientAuthServiceImpl success.
2025-11-09 10:45:46.616 [main] INFO  c.a.n.client.auth.ram.identify.CredentialWatcher - null No credential found
2025-11-09 10:45:47.019 [main] WARN  com.alibaba.nacos.client.logging.NacosLogging - Load Logback Configuration of Nacos fail, message: Could not initialize Logback Nacos logging from classpath:nacos-logback.xml
2025-11-09 10:45:47.041 [main] INFO  c.a.n.client.config.impl.LocalConfigInfoProcessor - LOCAL_SNAPSHOT_PATH:C:\Users\12482\nacos\config
2025-11-09 10:45:47.046 [main] INFO  com.alibaba.nacos.common.remote.client - [RpcClientFactory] create a new rpc client of b2cabf49-3b4b-4963-97d5-07e8e97b0df4_config-0
2025-11-09 10:45:47.079 [main] INFO  com.alibaba.nacos.common.remote.client - [b2cabf49-3b4b-4963-97d5-07e8e97b0df4_config-0] Register server push request handler:com.alibaba.nacos.client.config.impl.ClientWorker$ConfigRpcTransportClient$$Lambda$582/0x000002299a36f868
2025-11-09 10:45:47.080 [main] INFO  com.alibaba.nacos.common.remote.client - [b2cabf49-3b4b-4963-97d5-07e8e97b0df4_config-0] Register server push request handler:com.alibaba.nacos.client.config.impl.ClientWorker$ConfigRpcTransportClient$$Lambda$583/0x000002299a36fc88
2025-11-09 10:45:47.081 [main] INFO  com.alibaba.nacos.common.remote.client - [b2cabf49-3b4b-4963-97d5-07e8e97b0df4_config-0] Registry connection listener to current client:com.alibaba.nacos.client.config.impl.ClientWorker$ConfigRpcTransportClient$1
2025-11-09 10:45:47.081 [main] INFO  com.alibaba.nacos.common.remote.client - [b2cabf49-3b4b-4963-97d5-07e8e97b0df4_config-0] RpcClient init, ServerListFactory = com.alibaba.nacos.client.config.impl.ClientWorker$ConfigRpcTransportClient$2
2025-11-09 10:45:47.095 [main] INFO  com.alibaba.nacos.common.remote.client - [b2cabf49-3b4b-4963-97d5-07e8e97b0df4_config-0] Try to connect to server on start up, server: {serverIp = '127.0.0.1', server main port = 8848}
2025-11-09 10:45:47.150 [main] INFO  c.a.nacos.common.remote.client.grpc.GrpcClient - grpc client connection server:127.0.0.1 ip,serverPort:9848,grpcTslConfig:{"sslProvider":"OPENSSL","enableTls":false,"mutualAuthEnable":false,"trustAll":false}
2025-11-09 10:45:48.528 [main] INFO  com.alibaba.nacos.common.remote.client - [b2cabf49-3b4b-4963-97d5-07e8e97b0df4_config-0] Success to connect to server [127.0.0.1:8848] on start up, connectionId = 1762656348285_127.0.0.1_4932
2025-11-09 10:45:48.529 [com.alibaba.nacos.client.remote.worker] INFO  com.alibaba.nacos.common.remote.client - [b2cabf49-3b4b-4963-97d5-07e8e97b0df4_config-0] Notify connected event to listeners.
2025-11-09 10:45:48.530 [com.alibaba.nacos.client.remote.worker] INFO  com.alibaba.nacos.client.config.impl.ClientWorker - [b2cabf49-3b4b-4963-97d5-07e8e97b0df4_config-0] Connected,notify listen context...
2025-11-09 10:45:48.530 [main] INFO  com.alibaba.nacos.common.remote.client - [b2cabf49-3b4b-4963-97d5-07e8e97b0df4_config-0] Register server push request handler:com.alibaba.nacos.common.remote.client.RpcClient$ConnectResetRequestHandler
2025-11-09 10:45:48.531 [main] INFO  com.alibaba.nacos.common.remote.client - [b2cabf49-3b4b-4963-97d5-07e8e97b0df4_config-0] Register server push request handler:com.alibaba.nacos.common.remote.client.RpcClient$$Lambda$603/0x000002299a4d51f0
2025-11-09 10:45:48.623 [main] INFO  com.alibaba.nacos.client.config.impl.Limiter - limitTime:5.0
2025-11-09 10:45:48.649 [main] WARN  c.a.cloud.nacos.client.NacosPropertySourceBuilder - Ignore the empty nacos configuration and get it based on dataId[GreenNote-auth] & group[DEFAULT_GROUP]
2025-11-09 10:45:48.659 [main] WARN  c.a.cloud.nacos.client.NacosPropertySourceBuilder - Ignore the empty nacos configuration and get it based on dataId[GreenNote-auth.yaml] & group[DEFAULT_GROUP]
2025-11-09 10:45:48.666 [main] WARN  c.a.cloud.nacos.client.NacosPropertySourceBuilder - Ignore the empty nacos configuration and get it based on dataId[GreenNote-auth-dev.yaml] & group[DEFAULT_GROUP]
2025-11-09 10:45:48.668 [main] INFO  o.s.c.b.c.PropertySourceBootstrapConfiguration - Located property source: [BootstrapPropertySource {name='bootstrapProperties-GreenNote-auth-dev.yaml,DEFAULT_GROUP'}, BootstrapPropertySource {name='bootstrapProperties-GreenNote-auth.yaml,DEFAULT_GROUP'}, BootstrapPropertySource {name='bootstrapProperties-GreenNote-auth,DEFAULT_GROUP'}]
2025-11-09 10:45:48.677 [main] WARN  com.alibaba.nacos.client.logging.NacosLogging - Load Logback Configuration of Nacos fail, message: Could not initialize Logback Nacos logging from classpath:nacos-logback.xml
2025-11-09 10:45:48.679 [main] INFO  com.evan.greennote.auth.GreenNoteAuthApplication - The following 1 profile is active: "dev"
2025-11-09 10:45:49.599 [main] INFO  o.s.d.r.config.RepositoryConfigurationDelegate - Multiple Spring Data modules found, entering strict repository configuration mode
2025-11-09 10:45:49.604 [main] INFO  o.s.d.r.config.RepositoryConfigurationDelegate - Bootstrapping Spring Data Redis repositories in DEFAULT mode.
2025-11-09 10:45:49.643 [main] INFO  o.s.d.r.config.RepositoryConfigurationDelegate - Finished Spring Data repository scanning in 17 ms. Found 0 Redis repository interfaces.
2025-11-09 10:45:49.938 [main] INFO  o.springframework.cloud.context.scope.GenericScope - BeanFactory id=c90e5f66-536e-36b1-89fb-74e6ac07c7eb
2025-11-09 10:45:49.966 [main] INFO  o.s.c.s.PostProcessorRegistrationDelegate$BeanPostProcessorChecker - Bean 'com.evan.greennote.user.api.UserFeignApi' of type [org.springframework.cloud.openfeign.FeignClientFactoryBean] is not eligible for getting processed by all BeanPostProcessors (for example: not eligible for auto-proxying)
2025-11-09 10:45:50.619 [main] INFO  o.s.boot.web.embedded.tomcat.TomcatWebServer - Tomcat initialized with port(s): 8080 (http)
2025-11-09 10:45:50.638 [main] INFO  org.apache.catalina.core.StandardService - Starting service [Tomcat]
2025-11-09 10:45:50.638 [main] INFO  org.apache.catalina.core.StandardEngine - Starting Servlet engine: [Apache Tomcat/10.1.5]
2025-11-09 10:45:50.780 [main] INFO  o.a.c.core.ContainerBase.[Tomcat].[localhost].[/] - Initializing Spring embedded WebApplicationContext
2025-11-09 10:45:50.780 [main] INFO  o.s.b.w.s.c.ServletWebServerApplicationContext - Root WebApplicationContext: initialization completed in 2081 ms
2025-11-09 10:45:50.817 [main] INFO  o.s.boot.web.servlet.RegistrationBean - Filter headerUserId2ContextFilter was not registered (possibly already registered?)
2025-11-09 10:45:51.676 [main] INFO  o.s.cloud.openfeign.FeignClientFactoryBean - For 'GreenNote-user' URL not provided. Will try picking an instance via load-balancing.
2025-11-09 10:45:53.138 [main] WARN  o.s.c.l.c.LoadBalancerCacheAutoConfiguration$LoadBalancerCaffeineWarnLogger - Spring Cloud LoadBalancer is currently working with the default cache. While this cache implementation is useful for development and tests, it's recommended to use Caffeine cache in production.You can switch to using Caffeine cache, by adding it and org.springframework.cache.caffeine.CaffeineCacheManager to the classpath.
2025-11-09 10:45:53.225 [main] INFO  o.s.boot.web.embedded.tomcat.TomcatWebServer - Tomcat started on port(s): 8080 (http) with context path ''
2025-11-09 10:45:53.233 [main] INFO  com.alibaba.nacos.client.naming - initializer namespace from ans.namespace attribute : null
2025-11-09 10:45:53.234 [main] INFO  com.alibaba.nacos.client.naming - initializer namespace from ALIBABA_ALIWARE_NAMESPACE attribute :null
2025-11-09 10:45:53.235 [main] INFO  com.alibaba.nacos.client.naming - initializer namespace from namespace attribute :null
2025-11-09 10:45:53.248 [main] INFO  c.a.n.p.auth.spi.client.ClientAuthPluginManager - [ClientAuthPluginManager] Load ClientAuthService com.alibaba.nacos.client.auth.impl.NacosClientAuthServiceImpl success.
2025-11-09 10:45:53.248 [main] INFO  c.a.n.p.auth.spi.client.ClientAuthPluginManager - [ClientAuthPluginManager] Load ClientAuthService com.alibaba.nacos.client.auth.ram.RamClientAuthServiceImpl success.
2025-11-09 10:45:53.255 [main] INFO  com.alibaba.nacos.common.remote.client - [RpcClientFactory] create a new rpc client of 5c823c2f-e5da-4f0e-829c-21c050f377cd
2025-11-09 10:45:53.259 [main] INFO  com.alibaba.nacos.common.remote.client - [5c823c2f-e5da-4f0e-829c-21c050f377cd] RpcClient init, ServerListFactory = com.alibaba.nacos.client.naming.core.ServerListManager
2025-11-09 10:45:53.259 [main] INFO  com.alibaba.nacos.common.remote.client - [5c823c2f-e5da-4f0e-829c-21c050f377cd] Registry connection listener to current client:com.alibaba.nacos.client.naming.remote.gprc.redo.NamingGrpcRedoService
2025-11-09 10:45:53.259 [main] INFO  com.alibaba.nacos.common.remote.client - [5c823c2f-e5da-4f0e-829c-21c050f377cd] Register server push request handler:com.alibaba.nacos.client.naming.remote.gprc.NamingPushRequestHandler
2025-11-09 10:45:53.261 [main] INFO  com.alibaba.nacos.common.remote.client - [5c823c2f-e5da-4f0e-829c-21c050f377cd] Try to connect to server on start up, server: {serverIp = '127.0.0.1', server main port = 8848}
2025-11-09 10:45:53.261 [main] INFO  c.a.nacos.common.remote.client.grpc.GrpcClient - grpc client connection server:127.0.0.1 ip,serverPort:9848,grpcTslConfig:{"sslProvider":"OPENSSL","enableTls":false,"mutualAuthEnable":false,"trustAll":false}
2025-11-09 10:45:53.391 [main] INFO  com.alibaba.nacos.common.remote.client - [5c823c2f-e5da-4f0e-829c-21c050f377cd] Success to connect to server [127.0.0.1:8848] on start up, connectionId = 1762656353272_127.0.0.1_1321
2025-11-09 10:45:53.392 [com.alibaba.nacos.client.remote.worker] INFO  com.alibaba.nacos.common.remote.client - [5c823c2f-e5da-4f0e-829c-21c050f377cd] Notify connected event to listeners.
2025-11-09 10:45:53.392 [main] INFO  com.alibaba.nacos.common.remote.client - [5c823c2f-e5da-4f0e-829c-21c050f377cd] Register server push request handler:com.alibaba.nacos.common.remote.client.RpcClient$ConnectResetRequestHandler
2025-11-09 10:45:53.392 [com.alibaba.nacos.client.remote.worker] INFO  com.alibaba.nacos.client.naming - Grpc connection connect
2025-11-09 10:45:53.392 [main] INFO  com.alibaba.nacos.common.remote.client - [5c823c2f-e5da-4f0e-829c-21c050f377cd] Register server push request handler:com.alibaba.nacos.common.remote.client.RpcClient$$Lambda$603/0x000002299a4d51f0
2025-11-09 10:45:53.394 [main] INFO  com.alibaba.nacos.client.naming - [REGISTER-SERVICE] greennote registering service GreenNote-auth with instance Instance{instanceId='null', ip='10.36.15.120', port=8080, weight=1.0, healthy=true, enabled=true, ephemeral=true, clusterName='DEFAULT', serviceName='null', metadata={IPv6=null, preserved.register.source=SPRING_CLOUD}}
2025-11-09 10:45:53.413 [main] INFO  c.a.cloud.nacos.registry.NacosServiceRegistry - nacos registry, DEFAULT_GROUP GreenNote-auth 10.36.15.120:8080 register finished
2025-11-09 10:45:53.650 [main] INFO  com.evan.greennote.auth.GreenNoteAuthApplication - Started GreenNoteAuthApplication in 8.596 seconds (process running for 9.403)
2025-11-09 10:45:53.659 [main] INFO  com.alibaba.nacos.client.config.impl.CacheData - nacos.cache.data.init.snapshot = true 
2025-11-09 10:45:53.660 [main] INFO  com.alibaba.nacos.client.config.impl.ClientWorker - [fixed-greennote-127.0.0.1_8848] [subscribe] GreenNote-auth.yaml+DEFAULT_GROUP+greennote
2025-11-09 10:45:53.676 [main] INFO  com.alibaba.nacos.client.config.impl.CacheData - [fixed-greennote-127.0.0.1_8848] [add-listener] ok, tenant=greennote, dataId=GreenNote-auth.yaml, group=DEFAULT_GROUP, cnt=1
2025-11-09 10:45:53.676 [main] INFO  c.a.cloud.nacos.refresh.NacosContextRefresher - [Nacos Config] Listening config: dataId=GreenNote-auth.yaml, group=DEFAULT_GROUP
2025-11-09 10:45:53.677 [main] INFO  com.alibaba.nacos.client.config.impl.ClientWorker - [fixed-greennote-127.0.0.1_8848] [subscribe] GreenNote-auth-dev.yaml+DEFAULT_GROUP+greennote
2025-11-09 10:45:53.677 [main] INFO  com.alibaba.nacos.client.config.impl.CacheData - [fixed-greennote-127.0.0.1_8848] [add-listener] ok, tenant=greennote, dataId=GreenNote-auth-dev.yaml, group=DEFAULT_GROUP, cnt=1
2025-11-09 10:45:53.677 [main] INFO  c.a.cloud.nacos.refresh.NacosContextRefresher - [Nacos Config] Listening config: dataId=GreenNote-auth-dev.yaml, group=DEFAULT_GROUP
2025-11-09 10:45:53.677 [main] INFO  com.alibaba.nacos.client.config.impl.ClientWorker - [fixed-greennote-127.0.0.1_8848] [subscribe] GreenNote-auth+DEFAULT_GROUP+greennote
2025-11-09 10:45:53.677 [main] INFO  com.alibaba.nacos.client.config.impl.CacheData - [fixed-greennote-127.0.0.1_8848] [add-listener] ok, tenant=greennote, dataId=GreenNote-auth, group=DEFAULT_GROUP, cnt=1
2025-11-09 10:45:53.677 [main] INFO  c.a.cloud.nacos.refresh.NacosContextRefresher - [Nacos Config] Listening config: dataId=GreenNote-auth, group=DEFAULT_GROUP
2025-11-09 10:45:53.692 [http-nio-8080-exec-2] INFO  o.a.c.core.ContainerBase.[Tomcat].[localhost].[/] - Initializing Spring DispatcherServlet 'dispatcherServlet'
2025-11-09 10:45:53.692 [http-nio-8080-exec-2] INFO  org.springframework.web.servlet.DispatcherServlet - Initializing Servlet 'dispatcherServlet'
2025-11-09 10:45:53.695 [http-nio-8080-exec-2] INFO  org.springframework.web.servlet.DispatcherServlet - Completed initialization in 2 ms
2025-11-09 11:08:17.440 [Thread-9] WARN  com.alibaba.nacos.common.notify.NotifyCenter - [NotifyCenter] Start destroying Publisher
2025-11-09 11:08:17.440 [Thread-2] WARN  c.alibaba.nacos.common.http.HttpClientBeanHolder - [HttpClientBeanHolder] Start destroying common HttpClient
2025-11-09 11:08:17.440 [Thread-9] WARN  com.alibaba.nacos.common.notify.NotifyCenter - [NotifyCenter] Destruction of the end
2025-11-09 11:08:17.442 [Thread-2] WARN  c.alibaba.nacos.common.http.HttpClientBeanHolder - [HttpClientBeanHolder] Destruction of the end
2025-11-09 11:08:17.496 [SpringApplicationShutdownHook] INFO  c.a.cloud.nacos.registry.NacosServiceRegistry - De-registering from Nacos Server now...
2025-11-09 11:08:17.496 [SpringApplicationShutdownHook] INFO  com.alibaba.nacos.client.naming - [DEREGISTER-SERVICE] greennote deregistering service GreenNote-auth with instance: Instance{instanceId='null', ip='10.36.15.120', port=8080, weight=1.0, healthy=true, enabled=true, ephemeral=true, clusterName='DEFAULT', serviceName='null', metadata={}}
2025-11-09 11:08:17.502 [SpringApplicationShutdownHook] INFO  c.a.cloud.nacos.registry.NacosServiceRegistry - De-registration finished.
2025-11-09 11:08:17.502 [SpringApplicationShutdownHook] INFO  com.alibaba.nacos.client.naming - com.alibaba.nacos.client.naming.cache.ServiceInfoHolder do shutdown begin
2025-11-09 11:08:17.503 [SpringApplicationShutdownHook] INFO  com.alibaba.nacos.client.naming - com.alibaba.nacos.client.naming.backups.FailoverReactor do shutdown begin
2025-11-09 11:08:17.503 [SpringApplicationShutdownHook] INFO  com.alibaba.nacos.client.naming - com.alibaba.nacos.client.naming.backups.FailoverReactor do shutdown stop
2025-11-09 11:08:17.504 [SpringApplicationShutdownHook] INFO  com.alibaba.nacos.client.naming - com.alibaba.nacos.client.naming.cache.ServiceInfoHolder do shutdown stop
2025-11-09 11:08:17.504 [SpringApplicationShutdownHook] INFO  com.alibaba.nacos.client.naming - com.alibaba.nacos.client.naming.remote.NamingClientProxyDelegate do shutdown begin
2025-11-09 11:08:17.504 [SpringApplicationShutdownHook] INFO  com.alibaba.nacos.client.naming - com.alibaba.nacos.client.naming.core.ServiceInfoUpdateService do shutdown begin
2025-11-09 11:08:17.504 [SpringApplicationShutdownHook] INFO  com.alibaba.nacos.client.naming - com.alibaba.nacos.client.naming.core.ServiceInfoUpdateService do shutdown stop
2025-11-09 11:08:17.504 [SpringApplicationShutdownHook] INFO  com.alibaba.nacos.client.naming - com.alibaba.nacos.client.naming.core.ServerListManager do shutdown begin
2025-11-09 11:08:17.504 [SpringApplicationShutdownHook] WARN  com.alibaba.nacos.client.naming - [NamingHttpClientManager] Start destroying NacosRestTemplate
2025-11-09 11:08:17.504 [SpringApplicationShutdownHook] WARN  com.alibaba.nacos.client.naming - [NamingHttpClientManager] Destruction of the end
2025-11-09 11:08:17.504 [SpringApplicationShutdownHook] INFO  com.alibaba.nacos.client.naming - com.alibaba.nacos.client.naming.core.ServerListManager do shutdown stop
2025-11-09 11:08:17.504 [SpringApplicationShutdownHook] INFO  com.alibaba.nacos.client.naming - com.alibaba.nacos.client.naming.remote.http.NamingHttpClientProxy do shutdown begin
2025-11-09 11:08:17.504 [SpringApplicationShutdownHook] WARN  com.alibaba.nacos.client.naming - [NamingHttpClientManager] Start destroying NacosRestTemplate
2025-11-09 11:08:17.504 [SpringApplicationShutdownHook] WARN  com.alibaba.nacos.client.naming - [NamingHttpClientManager] Destruction of the end
2025-11-09 11:08:17.504 [SpringApplicationShutdownHook] INFO  com.alibaba.nacos.client.naming - com.alibaba.nacos.client.naming.remote.http.NamingHttpClientProxy do shutdown stop
2025-11-09 11:08:17.504 [SpringApplicationShutdownHook] INFO  com.alibaba.nacos.common.remote.client - Shutdown rpc client, set status to shutdown
2025-11-09 11:08:17.504 [SpringApplicationShutdownHook] INFO  com.alibaba.nacos.common.remote.client - Shutdown client event executor java.util.concurrent.ScheduledThreadPoolExecutor@2075ad96[Running, pool size = 2, active threads = 2, queued tasks = 0, completed tasks = 0]
2025-11-09 11:08:17.504 [SpringApplicationShutdownHook] INFO  com.alibaba.nacos.common.remote.client - Close current connection 1762656353272_127.0.0.1_1321
2025-11-09 11:08:17.507 [SpringApplicationShutdownHook] INFO  c.a.nacos.common.remote.client.grpc.GrpcClient - Shutdown grpc executor java.util.concurrent.ThreadPoolExecutor@3822b802[Running, pool size = 3, active threads = 0, queued tasks = 0, completed tasks = 288]
2025-11-09 11:08:17.509 [SpringApplicationShutdownHook] INFO  com.alibaba.nacos.client.naming - Shutdown grpc redo service executor java.util.concurrent.ScheduledThreadPoolExecutor@5aa54720[Running, pool size = 1, active threads = 0, queued tasks = 1, completed tasks = 446]
2025-11-09 11:08:17.509 [SpringApplicationShutdownHook] INFO  c.a.n.client.auth.ram.identify.CredentialWatcher - [null] CredentialWatcher is stopped
2025-11-09 11:08:17.509 [SpringApplicationShutdownHook] INFO  c.a.n.client.auth.ram.identify.CredentialService - [null] CredentialService is freed
2025-11-09 11:08:17.509 [SpringApplicationShutdownHook] INFO  com.alibaba.nacos.client.naming - com.alibaba.nacos.client.naming.remote.NamingClientProxyDelegate do shutdown stop
2025-11-09 11:08:55.151 [main] WARN  com.alibaba.nacos.client.logging.NacosLogging - Load Logback Configuration of Nacos fail, message: Could not initialize Logback Nacos logging from classpath:nacos-logback.xml
2025-11-09 11:08:55.244 [main] WARN  com.alibaba.nacos.client.logging.NacosLogging - Load Logback Configuration of Nacos fail, message: Could not initialize Logback Nacos logging from classpath:nacos-logback.xml
2025-11-09 11:08:55.606 [main] WARN  com.alibaba.nacos.client.logging.NacosLogging - Load Logback Configuration of Nacos fail, message: Could not initialize Logback Nacos logging from classpath:nacos-logback.xml
2025-11-09 11:08:55.609 [main] INFO  com.alibaba.nacos.client.utils.ParamUtil - [settings] [req-serv] nacos-server port:8848
2025-11-09 11:08:55.609 [main] INFO  com.alibaba.nacos.client.utils.ParamUtil - [settings] [http-client] connect timeout:1000
2025-11-09 11:08:55.610 [main] INFO  com.alibaba.nacos.client.utils.ParamUtil - PER_TASK_CONFIG_SIZE: 3000.0
2025-11-09 11:08:55.672 [main] INFO  c.a.n.p.auth.spi.client.ClientAuthPluginManager - [ClientAuthPluginManager] Load ClientAuthService com.alibaba.nacos.client.auth.impl.NacosClientAuthServiceImpl success.
2025-11-09 11:08:55.672 [main] INFO  c.a.n.p.auth.spi.client.ClientAuthPluginManager - [ClientAuthPluginManager] Load ClientAuthService com.alibaba.nacos.client.auth.ram.RamClientAuthServiceImpl success.
2025-11-09 11:08:55.677 [main] INFO  c.a.n.client.auth.ram.identify.CredentialWatcher - null No credential found
2025-11-09 11:08:56.360 [main] WARN  com.alibaba.nacos.client.logging.NacosLogging - Load Logback Configuration of Nacos fail, message: Could not initialize Logback Nacos logging from classpath:nacos-logback.xml
2025-11-09 11:08:56.384 [main] INFO  c.a.n.client.config.impl.LocalConfigInfoProcessor - LOCAL_SNAPSHOT_PATH:C:\Users\12482\nacos\config
2025-11-09 11:08:56.390 [main] INFO  com.alibaba.nacos.common.remote.client - [RpcClientFactory] create a new rpc client of 566f161c-c89b-416c-b828-bbdf056f7735_config-0
2025-11-09 11:08:56.430 [main] INFO  com.alibaba.nacos.common.remote.client - [566f161c-c89b-416c-b828-bbdf056f7735_config-0] Register server push request handler:com.alibaba.nacos.client.config.impl.ClientWorker$ConfigRpcTransportClient$$Lambda$582/0x000001deda38e908
2025-11-09 11:08:56.431 [main] INFO  com.alibaba.nacos.common.remote.client - [566f161c-c89b-416c-b828-bbdf056f7735_config-0] Register server push request handler:com.alibaba.nacos.client.config.impl.ClientWorker$ConfigRpcTransportClient$$Lambda$583/0x000001deda38ed28
2025-11-09 11:08:56.432 [main] INFO  com.alibaba.nacos.common.remote.client - [566f161c-c89b-416c-b828-bbdf056f7735_config-0] Registry connection listener to current client:com.alibaba.nacos.client.config.impl.ClientWorker$ConfigRpcTransportClient$1
2025-11-09 11:08:56.432 [main] INFO  com.alibaba.nacos.common.remote.client - [566f161c-c89b-416c-b828-bbdf056f7735_config-0] RpcClient init, ServerListFactory = com.alibaba.nacos.client.config.impl.ClientWorker$ConfigRpcTransportClient$2
2025-11-09 11:08:56.448 [main] INFO  com.alibaba.nacos.common.remote.client - [566f161c-c89b-416c-b828-bbdf056f7735_config-0] Try to connect to server on start up, server: {serverIp = '127.0.0.1', server main port = 8848}
2025-11-09 11:08:56.506 [main] INFO  c.a.nacos.common.remote.client.grpc.GrpcClient - grpc client connection server:127.0.0.1 ip,serverPort:9848,grpcTslConfig:{"sslProvider":"OPENSSL","enableTls":false,"mutualAuthEnable":false,"trustAll":false}
2025-11-09 11:08:58.065 [main] INFO  com.alibaba.nacos.common.remote.client - [566f161c-c89b-416c-b828-bbdf056f7735_config-0] Success to connect to server [127.0.0.1:8848] on start up, connectionId = 1762657737726_127.0.0.1_54870
2025-11-09 11:08:58.067 [com.alibaba.nacos.client.remote.worker] INFO  com.alibaba.nacos.common.remote.client - [566f161c-c89b-416c-b828-bbdf056f7735_config-0] Notify connected event to listeners.
2025-11-09 11:08:58.068 [com.alibaba.nacos.client.remote.worker] INFO  com.alibaba.nacos.client.config.impl.ClientWorker - [566f161c-c89b-416c-b828-bbdf056f7735_config-0] Connected,notify listen context...
2025-11-09 11:08:58.068 [main] INFO  com.alibaba.nacos.common.remote.client - [566f161c-c89b-416c-b828-bbdf056f7735_config-0] Register server push request handler:com.alibaba.nacos.common.remote.client.RpcClient$ConnectResetRequestHandler
2025-11-09 11:08:58.068 [main] INFO  com.alibaba.nacos.common.remote.client - [566f161c-c89b-416c-b828-bbdf056f7735_config-0] Register server push request handler:com.alibaba.nacos.common.remote.client.RpcClient$$Lambda$603/0x000001deda4d6a28
2025-11-09 11:08:58.171 [main] INFO  com.alibaba.nacos.client.config.impl.Limiter - limitTime:5.0
2025-11-09 11:08:58.207 [main] WARN  c.a.cloud.nacos.client.NacosPropertySourceBuilder - Ignore the empty nacos configuration and get it based on dataId[GreenNote-auth] & group[DEFAULT_GROUP]
2025-11-09 11:08:58.217 [main] WARN  c.a.cloud.nacos.client.NacosPropertySourceBuilder - Ignore the empty nacos configuration and get it based on dataId[GreenNote-auth.yaml] & group[DEFAULT_GROUP]
2025-11-09 11:08:58.227 [main] WARN  c.a.cloud.nacos.client.NacosPropertySourceBuilder - Ignore the empty nacos configuration and get it based on dataId[GreenNote-auth-dev.yaml] & group[DEFAULT_GROUP]
2025-11-09 11:08:58.229 [main] INFO  o.s.c.b.c.PropertySourceBootstrapConfiguration - Located property source: [BootstrapPropertySource {name='bootstrapProperties-GreenNote-auth-dev.yaml,DEFAULT_GROUP'}, BootstrapPropertySource {name='bootstrapProperties-GreenNote-auth.yaml,DEFAULT_GROUP'}, BootstrapPropertySource {name='bootstrapProperties-GreenNote-auth,DEFAULT_GROUP'}]
2025-11-09 11:08:58.237 [main] WARN  com.alibaba.nacos.client.logging.NacosLogging - Load Logback Configuration of Nacos fail, message: Could not initialize Logback Nacos logging from classpath:nacos-logback.xml
2025-11-09 11:08:58.240 [main] INFO  com.evan.greennote.auth.GreenNoteAuthApplication - The following 1 profile is active: "dev"
2025-11-09 11:08:59.264 [main] INFO  o.s.d.r.config.RepositoryConfigurationDelegate - Multiple Spring Data modules found, entering strict repository configuration mode
2025-11-09 11:08:59.269 [main] INFO  o.s.d.r.config.RepositoryConfigurationDelegate - Bootstrapping Spring Data Redis repositories in DEFAULT mode.
2025-11-09 11:08:59.316 [main] INFO  o.s.d.r.config.RepositoryConfigurationDelegate - Finished Spring Data repository scanning in 20 ms. Found 0 Redis repository interfaces.
2025-11-09 11:08:59.671 [main] INFO  o.springframework.cloud.context.scope.GenericScope - BeanFactory id=c90e5f66-536e-36b1-89fb-74e6ac07c7eb
2025-11-09 11:08:59.696 [main] INFO  o.s.c.s.PostProcessorRegistrationDelegate$BeanPostProcessorChecker - Bean 'com.evan.greennote.user.api.UserFeignApi' of type [org.springframework.cloud.openfeign.FeignClientFactoryBean] is not eligible for getting processed by all BeanPostProcessors (for example: not eligible for auto-proxying)
2025-11-09 11:09:00.541 [main] INFO  o.s.boot.web.embedded.tomcat.TomcatWebServer - Tomcat initialized with port(s): 8080 (http)
2025-11-09 11:09:00.555 [main] INFO  org.apache.catalina.core.StandardService - Starting service [Tomcat]
2025-11-09 11:09:00.556 [main] INFO  org.apache.catalina.core.StandardEngine - Starting Servlet engine: [Apache Tomcat/10.1.5]
2025-11-09 11:09:00.673 [main] INFO  o.a.c.core.ContainerBase.[Tomcat].[localhost].[/] - Initializing Spring embedded WebApplicationContext
2025-11-09 11:09:00.673 [main] INFO  o.s.b.w.s.c.ServletWebServerApplicationContext - Root WebApplicationContext: initialization completed in 2403 ms
2025-11-09 11:09:00.709 [main] INFO  o.s.boot.web.servlet.RegistrationBean - Filter headerUserId2ContextFilter was not registered (possibly already registered?)
2025-11-09 11:09:01.593 [main] INFO  o.s.cloud.openfeign.FeignClientFactoryBean - For 'GreenNote-user' URL not provided. Will try picking an instance via load-balancing.
2025-11-09 11:09:03.143 [main] WARN  o.s.c.l.c.LoadBalancerCacheAutoConfiguration$LoadBalancerCaffeineWarnLogger - Spring Cloud LoadBalancer is currently working with the default cache. While this cache implementation is useful for development and tests, it's recommended to use Caffeine cache in production.You can switch to using Caffeine cache, by adding it and org.springframework.cache.caffeine.CaffeineCacheManager to the classpath.
2025-11-09 11:09:03.219 [main] INFO  o.s.boot.web.embedded.tomcat.TomcatWebServer - Tomcat started on port(s): 8080 (http) with context path ''
2025-11-09 11:09:03.224 [main] INFO  com.alibaba.nacos.client.naming - initializer namespace from ans.namespace attribute : null
2025-11-09 11:09:03.226 [main] INFO  com.alibaba.nacos.client.naming - initializer namespace from ALIBABA_ALIWARE_NAMESPACE attribute :null
2025-11-09 11:09:03.226 [main] INFO  com.alibaba.nacos.client.naming - initializer namespace from namespace attribute :null
2025-11-09 11:09:03.239 [main] INFO  c.a.n.p.auth.spi.client.ClientAuthPluginManager - [ClientAuthPluginManager] Load ClientAuthService com.alibaba.nacos.client.auth.impl.NacosClientAuthServiceImpl success.
2025-11-09 11:09:03.239 [main] INFO  c.a.n.p.auth.spi.client.ClientAuthPluginManager - [ClientAuthPluginManager] Load ClientAuthService com.alibaba.nacos.client.auth.ram.RamClientAuthServiceImpl success.
2025-11-09 11:09:03.245 [main] INFO  com.alibaba.nacos.common.remote.client - [RpcClientFactory] create a new rpc client of c11228ae-6709-4730-97d0-11ea392ea829
2025-11-09 11:09:03.249 [main] INFO  com.alibaba.nacos.common.remote.client - [c11228ae-6709-4730-97d0-11ea392ea829] RpcClient init, ServerListFactory = com.alibaba.nacos.client.naming.core.ServerListManager
2025-11-09 11:09:03.249 [main] INFO  com.alibaba.nacos.common.remote.client - [c11228ae-6709-4730-97d0-11ea392ea829] Registry connection listener to current client:com.alibaba.nacos.client.naming.remote.gprc.redo.NamingGrpcRedoService
2025-11-09 11:09:03.250 [main] INFO  com.alibaba.nacos.common.remote.client - [c11228ae-6709-4730-97d0-11ea392ea829] Register server push request handler:com.alibaba.nacos.client.naming.remote.gprc.NamingPushRequestHandler
2025-11-09 11:09:03.251 [main] INFO  com.alibaba.nacos.common.remote.client - [c11228ae-6709-4730-97d0-11ea392ea829] Try to connect to server on start up, server: {serverIp = '127.0.0.1', server main port = 8848}
2025-11-09 11:09:03.251 [main] INFO  c.a.nacos.common.remote.client.grpc.GrpcClient - grpc client connection server:127.0.0.1 ip,serverPort:9848,grpcTslConfig:{"sslProvider":"OPENSSL","enableTls":false,"mutualAuthEnable":false,"trustAll":false}
2025-11-09 11:09:03.372 [main] INFO  com.alibaba.nacos.common.remote.client - [c11228ae-6709-4730-97d0-11ea392ea829] Success to connect to server [127.0.0.1:8848] on start up, connectionId = 1762657743260_127.0.0.1_55520
2025-11-09 11:09:03.372 [com.alibaba.nacos.client.remote.worker] INFO  com.alibaba.nacos.common.remote.client - [c11228ae-6709-4730-97d0-11ea392ea829] Notify connected event to listeners.
2025-11-09 11:09:03.372 [main] INFO  com.alibaba.nacos.common.remote.client - [c11228ae-6709-4730-97d0-11ea392ea829] Register server push request handler:com.alibaba.nacos.common.remote.client.RpcClient$ConnectResetRequestHandler
2025-11-09 11:09:03.372 [com.alibaba.nacos.client.remote.worker] INFO  com.alibaba.nacos.client.naming - Grpc connection connect
2025-11-09 11:09:03.373 [main] INFO  com.alibaba.nacos.common.remote.client - [c11228ae-6709-4730-97d0-11ea392ea829] Register server push request handler:com.alibaba.nacos.common.remote.client.RpcClient$$Lambda$603/0x000001deda4d6a28
2025-11-09 11:09:03.374 [main] INFO  com.alibaba.nacos.client.naming - [REGISTER-SERVICE] greennote registering service GreenNote-auth with instance Instance{instanceId='null', ip='10.36.15.120', port=8080, weight=1.0, healthy=true, enabled=true, ephemeral=true, clusterName='DEFAULT', serviceName='null', metadata={IPv6=null, preserved.register.source=SPRING_CLOUD}}
2025-11-09 11:09:03.393 [main] INFO  c.a.cloud.nacos.registry.NacosServiceRegistry - nacos registry, DEFAULT_GROUP GreenNote-auth 10.36.15.120:8080 register finished
2025-11-09 11:09:03.644 [main] INFO  com.evan.greennote.auth.GreenNoteAuthApplication - Started GreenNoteAuthApplication in 9.756 seconds (process running for 10.756)
2025-11-09 11:09:03.652 [main] INFO  com.alibaba.nacos.client.config.impl.CacheData - nacos.cache.data.init.snapshot = true 
2025-11-09 11:09:03.653 [main] INFO  com.alibaba.nacos.client.config.impl.ClientWorker - [fixed-greennote-127.0.0.1_8848] [subscribe] GreenNote-auth.yaml+DEFAULT_GROUP+greennote
2025-11-09 11:09:03.667 [main] INFO  com.alibaba.nacos.client.config.impl.CacheData - [fixed-greennote-127.0.0.1_8848] [add-listener] ok, tenant=greennote, dataId=GreenNote-auth.yaml, group=DEFAULT_GROUP, cnt=1
2025-11-09 11:09:03.668 [main] INFO  c.a.cloud.nacos.refresh.NacosContextRefresher - [Nacos Config] Listening config: dataId=GreenNote-auth.yaml, group=DEFAULT_GROUP
2025-11-09 11:09:03.668 [main] INFO  com.alibaba.nacos.client.config.impl.ClientWorker - [fixed-greennote-127.0.0.1_8848] [subscribe] GreenNote-auth-dev.yaml+DEFAULT_GROUP+greennote
2025-11-09 11:09:03.668 [main] INFO  com.alibaba.nacos.client.config.impl.CacheData - [fixed-greennote-127.0.0.1_8848] [add-listener] ok, tenant=greennote, dataId=GreenNote-auth-dev.yaml, group=DEFAULT_GROUP, cnt=1
2025-11-09 11:09:03.668 [main] INFO  c.a.cloud.nacos.refresh.NacosContextRefresher - [Nacos Config] Listening config: dataId=GreenNote-auth-dev.yaml, group=DEFAULT_GROUP
2025-11-09 11:09:03.669 [main] INFO  com.alibaba.nacos.client.config.impl.ClientWorker - [fixed-greennote-127.0.0.1_8848] [subscribe] GreenNote-auth+DEFAULT_GROUP+greennote
2025-11-09 11:09:03.669 [main] INFO  com.alibaba.nacos.client.config.impl.CacheData - [fixed-greennote-127.0.0.1_8848] [add-listener] ok, tenant=greennote, dataId=GreenNote-auth, group=DEFAULT_GROUP, cnt=1
2025-11-09 11:09:03.669 [main] INFO  c.a.cloud.nacos.refresh.NacosContextRefresher - [Nacos Config] Listening config: dataId=GreenNote-auth, group=DEFAULT_GROUP
2025-11-09 11:09:20.660 [http-nio-8080-exec-2] INFO  o.a.c.core.ContainerBase.[Tomcat].[localhost].[/] - Initializing Spring DispatcherServlet 'dispatcherServlet'
2025-11-09 11:09:20.660 [http-nio-8080-exec-2] INFO  org.springframework.web.servlet.DispatcherServlet - Initializing Servlet 'dispatcherServlet'
2025-11-09 11:09:20.662 [http-nio-8080-exec-2] INFO  org.springframework.web.servlet.DispatcherServlet - Completed initialization in 2 ms
2025-11-09 11:11:11.354 [http-nio-8080-exec-5] INFO  c.e.f.b.context.filter.HeaderUserId2ContextFilter - ===== 设置 userId 到 ThreadLocal 中， 用户 ID: 3
2025-11-09 11:11:11.485 [http-nio-8080-exec-5] INFO  c.e.f.b.operationlog.aspect.ApiOperationLogAspect - ====== 请求开始: [用户登录/注册], 入参: {"email":"1337803@wku.edu.cn","password":"abc123456","type":2}, 请求类: com.evan.greennote.auth.controller.AuthController, 请求方法: loginAndRegister =======
2025-11-09 11:11:11.498 [http-nio-8080-exec-5] INFO  c.e.f.b.c.interceptor.FeignRequestInterceptor - ########## feign 请求设置请求头 userId: 3
2025-11-09 11:11:11.596 [http-nio-8080-exec-5] INFO  com.alibaba.nacos.client.naming - [SUBSCRIBE-SERVICE] service:GreenNote-user, group:DEFAULT_GROUP, clusters: 
2025-11-09 11:11:11.610 [http-nio-8080-exec-5] INFO  com.alibaba.nacos.client.naming - init new ips(1) service: DEFAULT_GROUP@@GreenNote-user -> [{"ip":"10.36.15.120","port":8082,"weight":1.0,"healthy":true,"enabled":true,"ephemeral":true,"clusterName":"DEFAULT","serviceName":"DEFAULT_GROUP@@GreenNote-user","metadata":{"preserved.register.source":"SPRING_CLOUD"},"ipDeleteTimeout":30000,"instanceHeartBeatInterval":5000,"instanceHeartBeatTimeOut":15000}]
2025-11-09 11:11:11.611 [http-nio-8080-exec-5] INFO  com.alibaba.nacos.client.naming - current ips:(1) service: DEFAULT_GROUP@@GreenNote-user -> [{"ip":"10.36.15.120","port":8082,"weight":1.0,"healthy":true,"enabled":true,"ephemeral":true,"clusterName":"DEFAULT","serviceName":"DEFAULT_GROUP@@GreenNote-user","metadata":{"preserved.register.source":"SPRING_CLOUD"},"ipDeleteTimeout":30000,"instanceHeartBeatInterval":5000,"instanceHeartBeatTimeOut":15000}]
2025-11-09 11:11:12.178 [nacos-grpc-client-executor-127.0.0.1-37] INFO  com.alibaba.nacos.common.remote.client - [c11228ae-6709-4730-97d0-11ea392ea829] Receive server push request, request = NotifySubscriberRequest, requestId = 3
2025-11-09 11:11:12.179 [nacos-grpc-client-executor-127.0.0.1-37] INFO  com.alibaba.nacos.common.remote.client - [c11228ae-6709-4730-97d0-11ea392ea829] Ack server push request, request = NotifySubscriberRequest, requestId = 3
2025-11-09 11:11:13.421 [http-nio-8080-exec-5] INFO  c.e.f.b.operationlog.aspect.ApiOperationLogAspect - ====== 请求结束: [用户登录/注册], 耗时: 1937ms, 出参: {"success":true,"data":"PDG2ebSCFUFlsF2hRtvn1pbCuouAxU4FkXh2B38ktOBpPxAhw2MZlLNqLEwhnypxFwZfFTdTj1PUgBmWUlnEuYUMLJav7lFtCYzaRxKKjZZT7Kb4JOhzMVCZjHr8oQIJ"}======
2025-11-09 11:11:13.428 [http-nio-8080-exec-5] INFO  c.e.f.b.context.filter.HeaderUserId2ContextFilter - ===== 删除 ThreadLocal， userId: 3
2025-11-09 12:59:11.818 [lettuce-eventExecutorLoop-1-16] INFO  io.lettuce.core.protocol.ConnectionWatchdog - Reconnecting, last destination was /127.0.0.1:6379
2025-11-09 12:59:11.883 [lettuce-nioEventLoop-4-2] WARN  io.lettuce.core.protocol.ConnectionWatchdog - Cannot reconnect to [127.0.0.1/<unresolved>:6379]: Connection closed prematurely
io.lettuce.core.RedisConnectionException: Connection closed prematurely
	at io.lettuce.core.protocol.RedisHandshakeHandler.channelInactive(RedisHandshakeHandler.java:91)
	at io.netty.channel.AbstractChannelHandlerContext.invokeChannelInactive(AbstractChannelHandlerContext.java:305)
	at io.netty.channel.AbstractChannelHandlerContext.invokeChannelInactive(AbstractChannelHandlerContext.java:281)
	at io.netty.channel.AbstractChannelHandlerContext.fireChannelInactive(AbstractChannelHandlerContext.java:274)
	at io.netty.channel.ChannelInboundHandlerAdapter.channelInactive(ChannelInboundHandlerAdapter.java:81)
	at io.lettuce.core.ChannelGroupListener.channelInactive(ChannelGroupListener.java:69)
	at io.netty.channel.AbstractChannelHandlerContext.invokeChannelInactive(AbstractChannelHandlerContext.java:305)
	at io.netty.channel.AbstractChannelHandlerContext.invokeChannelInactive(AbstractChannelHandlerContext.java:281)
	at io.netty.channel.AbstractChannelHandlerContext.fireChannelInactive(AbstractChannelHandlerContext.java:274)
	at io.netty.channel.DefaultChannelPipeline$HeadContext.channelInactive(DefaultChannelPipeline.java:1405)
	at io.netty.channel.AbstractChannelHandlerContext.invokeChannelInactive(AbstractChannelHandlerContext.java:301)
	at io.netty.channel.AbstractChannelHandlerContext.invokeChannelInactive(AbstractChannelHandlerContext.java:281)
	at io.netty.channel.DefaultChannelPipeline.fireChannelInactive(DefaultChannelPipeline.java:901)
	at io.netty.channel.AbstractChannel$AbstractUnsafe$7.run(AbstractChannel.java:813)
	at io.netty.util.concurrent.AbstractEventExecutor.runTask(AbstractEventExecutor.java:174)
	at io.netty.util.concurrent.AbstractEventExecutor.safeExecute(AbstractEventExecutor.java:167)
	at io.netty.util.concurrent.SingleThreadEventExecutor.runAllTasks(SingleThreadEventExecutor.java:470)
	at io.netty.channel.nio.NioEventLoop.run(NioEventLoop.java:566)
	at io.netty.util.concurrent.SingleThreadEventExecutor$4.run(SingleThreadEventExecutor.java:997)
	at io.netty.util.internal.ThreadExecutorMap$2.run(ThreadExecutorMap.java:74)
	at io.netty.util.concurrent.FastThreadLocalRunnable.run(FastThreadLocalRunnable.java:30)
	at java.base/java.lang.Thread.run(Thread.java:842)
2025-11-09 12:59:16.894 [lettuce-eventExecutorLoop-1-12] INFO  io.lettuce.core.protocol.ConnectionWatchdog - Reconnecting, last destination was 127.0.0.1/<unresolved>:6379
2025-11-09 12:59:16.903 [lettuce-nioEventLoop-4-13] WARN  io.lettuce.core.protocol.ConnectionWatchdog - Cannot reconnect to [127.0.0.1/<unresolved>:6379]: Connection refused: no further information: /127.0.0.1:6379
2025-11-09 12:59:21.646 [Thread-9] WARN  com.alibaba.nacos.common.notify.NotifyCenter - [NotifyCenter] Start destroying Publisher
2025-11-09 12:59:21.647 [Thread-2] WARN  c.alibaba.nacos.common.http.HttpClientBeanHolder - [HttpClientBeanHolder] Start destroying common HttpClient
2025-11-09 12:59:21.648 [Thread-9] WARN  com.alibaba.nacos.common.notify.NotifyCenter - [NotifyCenter] Destruction of the end
2025-11-09 12:59:21.655 [Thread-2] WARN  c.alibaba.nacos.common.http.HttpClientBeanHolder - [HttpClientBeanHolder] Destruction of the end
2025-11-09 12:59:21.961 [SpringApplicationShutdownHook] INFO  c.a.cloud.nacos.registry.NacosServiceRegistry - De-registering from Nacos Server now...
2025-11-09 12:59:21.963 [SpringApplicationShutdownHook] INFO  com.alibaba.nacos.client.naming - [DEREGISTER-SERVICE] greennote deregistering service GreenNote-auth with instance: Instance{instanceId='null', ip='10.36.15.120', port=8080, weight=1.0, healthy=true, enabled=true, ephemeral=true, clusterName='DEFAULT', serviceName='null', metadata={}}
2025-11-09 12:59:22.013 [SpringApplicationShutdownHook] INFO  c.a.cloud.nacos.registry.NacosServiceRegistry - De-registration finished.
2025-11-09 12:59:22.014 [SpringApplicationShutdownHook] INFO  com.alibaba.nacos.client.naming - com.alibaba.nacos.client.naming.cache.ServiceInfoHolder do shutdown begin
2025-11-09 12:59:22.015 [SpringApplicationShutdownHook] INFO  com.alibaba.nacos.client.naming - com.alibaba.nacos.client.naming.backups.FailoverReactor do shutdown begin
2025-11-09 12:59:22.033 [SpringApplicationShutdownHook] INFO  com.alibaba.nacos.client.naming - com.alibaba.nacos.client.naming.backups.FailoverReactor do shutdown stop
2025-11-09 12:59:22.034 [SpringApplicationShutdownHook] INFO  com.alibaba.nacos.client.naming - com.alibaba.nacos.client.naming.cache.ServiceInfoHolder do shutdown stop
2025-11-09 12:59:22.035 [SpringApplicationShutdownHook] INFO  com.alibaba.nacos.client.naming - com.alibaba.nacos.client.naming.remote.NamingClientProxyDelegate do shutdown begin
2025-11-09 12:59:22.035 [SpringApplicationShutdownHook] INFO  com.alibaba.nacos.client.naming - com.alibaba.nacos.client.naming.core.ServiceInfoUpdateService do shutdown begin
2025-11-09 12:59:22.036 [SpringApplicationShutdownHook] INFO  com.alibaba.nacos.client.naming - com.alibaba.nacos.client.naming.core.ServiceInfoUpdateService do shutdown stop
2025-11-09 12:59:22.036 [SpringApplicationShutdownHook] INFO  com.alibaba.nacos.client.naming - com.alibaba.nacos.client.naming.core.ServerListManager do shutdown begin
2025-11-09 12:59:22.036 [SpringApplicationShutdownHook] WARN  com.alibaba.nacos.client.naming - [NamingHttpClientManager] Start destroying NacosRestTemplate
2025-11-09 12:59:22.037 [SpringApplicationShutdownHook] WARN  com.alibaba.nacos.client.naming - [NamingHttpClientManager] Destruction of the end
2025-11-09 12:59:22.038 [SpringApplicationShutdownHook] INFO  com.alibaba.nacos.client.naming - com.alibaba.nacos.client.naming.core.ServerListManager do shutdown stop
2025-11-09 12:59:22.038 [SpringApplicationShutdownHook] INFO  com.alibaba.nacos.client.naming - com.alibaba.nacos.client.naming.remote.http.NamingHttpClientProxy do shutdown begin
2025-11-09 12:59:22.038 [SpringApplicationShutdownHook] WARN  com.alibaba.nacos.client.naming - [NamingHttpClientManager] Start destroying NacosRestTemplate
2025-11-09 12:59:22.038 [SpringApplicationShutdownHook] WARN  com.alibaba.nacos.client.naming - [NamingHttpClientManager] Destruction of the end
2025-11-09 12:59:22.038 [SpringApplicationShutdownHook] INFO  com.alibaba.nacos.client.naming - com.alibaba.nacos.client.naming.remote.http.NamingHttpClientProxy do shutdown stop
2025-11-09 12:59:22.038 [SpringApplicationShutdownHook] INFO  com.alibaba.nacos.common.remote.client - Shutdown rpc client, set status to shutdown
2025-11-09 12:59:22.039 [SpringApplicationShutdownHook] INFO  com.alibaba.nacos.common.remote.client - Shutdown client event executor java.util.concurrent.ScheduledThreadPoolExecutor@67b5a6a[Running, pool size = 2, active threads = 2, queued tasks = 0, completed tasks = 0]
2025-11-09 12:59:22.039 [SpringApplicationShutdownHook] INFO  com.alibaba.nacos.common.remote.client - Close current connection 1762657743260_127.0.0.1_55520
2025-11-09 12:59:22.043 [nacos-grpc-client-executor-127.0.0.1-1034] INFO  c.a.nacos.common.remote.client.grpc.GrpcClient - [1762657743260_127.0.0.1_55520]Ignore complete event,isRunning:false,isAbandon=false
2025-11-09 12:59:22.086 [SpringApplicationShutdownHook] INFO  c.a.nacos.common.remote.client.grpc.GrpcClient - Shutdown grpc executor java.util.concurrent.ThreadPoolExecutor@2cb4724c[Running, pool size = 3, active threads = 0, queued tasks = 0, completed tasks = 1035]
2025-11-09 12:59:22.088 [SpringApplicationShutdownHook] INFO  com.alibaba.nacos.client.naming - Shutdown grpc redo service executor java.util.concurrent.ScheduledThreadPoolExecutor@58cf6ed2[Running, pool size = 1, active threads = 0, queued tasks = 1, completed tasks = 1681]
2025-11-09 12:59:22.090 [SpringApplicationShutdownHook] INFO  c.a.n.client.auth.ram.identify.CredentialWatcher - [null] CredentialWatcher is stopped
2025-11-09 12:59:22.090 [SpringApplicationShutdownHook] INFO  c.a.n.client.auth.ram.identify.CredentialService - [null] CredentialService is freed
2025-11-09 12:59:22.091 [SpringApplicationShutdownHook] INFO  com.alibaba.nacos.client.naming - com.alibaba.nacos.client.naming.remote.NamingClientProxyDelegate do shutdown stop
2025-11-09 13:44:00.354 [main] WARN  com.alibaba.nacos.client.logging.NacosLogging - Load Logback Configuration of Nacos fail, message: Could not initialize Logback Nacos logging from classpath:nacos-logback.xml
2025-11-09 13:44:00.450 [main] WARN  com.alibaba.nacos.client.logging.NacosLogging - Load Logback Configuration of Nacos fail, message: Could not initialize Logback Nacos logging from classpath:nacos-logback.xml
2025-11-09 13:44:00.827 [main] WARN  com.alibaba.nacos.client.logging.NacosLogging - Load Logback Configuration of Nacos fail, message: Could not initialize Logback Nacos logging from classpath:nacos-logback.xml
2025-11-09 13:44:00.831 [main] INFO  com.alibaba.nacos.client.utils.ParamUtil - [settings] [req-serv] nacos-server port:8848
2025-11-09 13:44:00.831 [main] INFO  com.alibaba.nacos.client.utils.ParamUtil - [settings] [http-client] connect timeout:1000
2025-11-09 13:44:00.833 [main] INFO  com.alibaba.nacos.client.utils.ParamUtil - PER_TASK_CONFIG_SIZE: 3000.0
2025-11-09 13:44:00.902 [main] INFO  c.a.n.p.auth.spi.client.ClientAuthPluginManager - [ClientAuthPluginManager] Load ClientAuthService com.alibaba.nacos.client.auth.impl.NacosClientAuthServiceImpl success.
2025-11-09 13:44:00.903 [main] INFO  c.a.n.p.auth.spi.client.ClientAuthPluginManager - [ClientAuthPluginManager] Load ClientAuthService com.alibaba.nacos.client.auth.ram.RamClientAuthServiceImpl success.
2025-11-09 13:44:00.909 [main] INFO  c.a.n.client.auth.ram.identify.CredentialWatcher - null No credential found
2025-11-09 13:44:01.467 [main] WARN  com.alibaba.nacos.client.logging.NacosLogging - Load Logback Configuration of Nacos fail, message: Could not initialize Logback Nacos logging from classpath:nacos-logback.xml
2025-11-09 13:44:01.493 [main] INFO  c.a.n.client.config.impl.LocalConfigInfoProcessor - LOCAL_SNAPSHOT_PATH:C:\Users\12482\nacos\config
2025-11-09 13:44:01.503 [main] INFO  com.alibaba.nacos.common.remote.client - [RpcClientFactory] create a new rpc client of 629bf22b-cbdd-4850-a29c-d7a1228dbcd2_config-0
2025-11-09 13:44:01.548 [main] INFO  com.alibaba.nacos.common.remote.client - [629bf22b-cbdd-4850-a29c-d7a1228dbcd2_config-0] Register server push request handler:com.alibaba.nacos.client.config.impl.ClientWorker$ConfigRpcTransportClient$$Lambda$582/0x0000018daf38d928
2025-11-09 13:44:01.549 [main] INFO  com.alibaba.nacos.common.remote.client - [629bf22b-cbdd-4850-a29c-d7a1228dbcd2_config-0] Register server push request handler:com.alibaba.nacos.client.config.impl.ClientWorker$ConfigRpcTransportClient$$Lambda$583/0x0000018daf38dd48
2025-11-09 13:44:01.550 [main] INFO  com.alibaba.nacos.common.remote.client - [629bf22b-cbdd-4850-a29c-d7a1228dbcd2_config-0] Registry connection listener to current client:com.alibaba.nacos.client.config.impl.ClientWorker$ConfigRpcTransportClient$1
2025-11-09 13:44:01.550 [main] INFO  com.alibaba.nacos.common.remote.client - [629bf22b-cbdd-4850-a29c-d7a1228dbcd2_config-0] RpcClient init, ServerListFactory = com.alibaba.nacos.client.config.impl.ClientWorker$ConfigRpcTransportClient$2
2025-11-09 13:44:01.568 [main] INFO  com.alibaba.nacos.common.remote.client - [629bf22b-cbdd-4850-a29c-d7a1228dbcd2_config-0] Try to connect to server on start up, server: {serverIp = '127.0.0.1', server main port = 8848}
2025-11-09 13:44:01.636 [main] INFO  c.a.nacos.common.remote.client.grpc.GrpcClient - grpc client connection server:127.0.0.1 ip,serverPort:9848,grpcTslConfig:{"sslProvider":"OPENSSL","enableTls":false,"mutualAuthEnable":false,"trustAll":false}
2025-11-09 13:44:03.477 [main] INFO  com.alibaba.nacos.common.remote.client - [629bf22b-cbdd-4850-a29c-d7a1228dbcd2_config-0] Success to connect to server [127.0.0.1:8848] on start up, connectionId = 1762667043184_127.0.0.1_14421
2025-11-09 13:44:03.479 [com.alibaba.nacos.client.remote.worker] INFO  com.alibaba.nacos.common.remote.client - [629bf22b-cbdd-4850-a29c-d7a1228dbcd2_config-0] Notify connected event to listeners.
2025-11-09 13:44:03.479 [com.alibaba.nacos.client.remote.worker] INFO  com.alibaba.nacos.client.config.impl.ClientWorker - [629bf22b-cbdd-4850-a29c-d7a1228dbcd2_config-0] Connected,notify listen context...
2025-11-09 13:44:03.480 [main] INFO  com.alibaba.nacos.common.remote.client - [629bf22b-cbdd-4850-a29c-d7a1228dbcd2_config-0] Register server push request handler:com.alibaba.nacos.common.remote.client.RpcClient$ConnectResetRequestHandler
2025-11-09 13:44:03.480 [main] INFO  com.alibaba.nacos.common.remote.client - [629bf22b-cbdd-4850-a29c-d7a1228dbcd2_config-0] Register server push request handler:com.alibaba.nacos.common.remote.client.RpcClient$$Lambda$603/0x0000018daf4d51f0
2025-11-09 13:44:03.598 [main] INFO  com.alibaba.nacos.client.config.impl.Limiter - limitTime:5.0
2025-11-09 13:44:03.622 [main] WARN  c.a.cloud.nacos.client.NacosPropertySourceBuilder - Ignore the empty nacos configuration and get it based on dataId[GreenNote-auth] & group[DEFAULT_GROUP]
2025-11-09 13:44:03.632 [main] WARN  c.a.cloud.nacos.client.NacosPropertySourceBuilder - Ignore the empty nacos configuration and get it based on dataId[GreenNote-auth.yaml] & group[DEFAULT_GROUP]
2025-11-09 13:44:03.642 [main] WARN  c.a.cloud.nacos.client.NacosPropertySourceBuilder - Ignore the empty nacos configuration and get it based on dataId[GreenNote-auth-dev.yaml] & group[DEFAULT_GROUP]
2025-11-09 13:44:03.644 [main] INFO  o.s.c.b.c.PropertySourceBootstrapConfiguration - Located property source: [BootstrapPropertySource {name='bootstrapProperties-GreenNote-auth-dev.yaml,DEFAULT_GROUP'}, BootstrapPropertySource {name='bootstrapProperties-GreenNote-auth.yaml,DEFAULT_GROUP'}, BootstrapPropertySource {name='bootstrapProperties-GreenNote-auth,DEFAULT_GROUP'}]
2025-11-09 13:44:03.652 [main] WARN  com.alibaba.nacos.client.logging.NacosLogging - Load Logback Configuration of Nacos fail, message: Could not initialize Logback Nacos logging from classpath:nacos-logback.xml
2025-11-09 13:44:03.653 [main] INFO  com.evan.greennote.auth.GreenNoteAuthApplication - The following 1 profile is active: "dev"
2025-11-09 13:44:05.467 [main] INFO  o.s.d.r.config.RepositoryConfigurationDelegate - Multiple Spring Data modules found, entering strict repository configuration mode
2025-11-09 13:44:05.475 [main] INFO  o.s.d.r.config.RepositoryConfigurationDelegate - Bootstrapping Spring Data Redis repositories in DEFAULT mode.
2025-11-09 13:44:05.529 [main] INFO  o.s.d.r.config.RepositoryConfigurationDelegate - Finished Spring Data repository scanning in 23 ms. Found 0 Redis repository interfaces.
2025-11-09 13:44:05.974 [main] INFO  o.springframework.cloud.context.scope.GenericScope - BeanFactory id=c90e5f66-536e-36b1-89fb-74e6ac07c7eb
2025-11-09 13:44:06.004 [main] INFO  o.s.c.s.PostProcessorRegistrationDelegate$BeanPostProcessorChecker - Bean 'com.evan.greennote.user.api.UserFeignApi' of type [org.springframework.cloud.openfeign.FeignClientFactoryBean] is not eligible for getting processed by all BeanPostProcessors (for example: not eligible for auto-proxying)
2025-11-09 13:44:06.747 [main] INFO  o.s.boot.web.embedded.tomcat.TomcatWebServer - Tomcat initialized with port(s): 8080 (http)
2025-11-09 13:44:06.763 [main] INFO  org.apache.catalina.core.StandardService - Starting service [Tomcat]
2025-11-09 13:44:06.763 [main] INFO  org.apache.catalina.core.StandardEngine - Starting Servlet engine: [Apache Tomcat/10.1.5]
2025-11-09 13:44:06.888 [main] INFO  o.a.c.core.ContainerBase.[Tomcat].[localhost].[/] - Initializing Spring embedded WebApplicationContext
2025-11-09 13:44:06.888 [main] INFO  o.s.b.w.s.c.ServletWebServerApplicationContext - Root WebApplicationContext: initialization completed in 3212 ms
2025-11-09 13:44:06.922 [main] INFO  o.s.boot.web.servlet.RegistrationBean - Filter headerUserId2ContextFilter was not registered (possibly already registered?)
2025-11-09 13:44:07.699 [main] INFO  o.s.cloud.openfeign.FeignClientFactoryBean - For 'GreenNote-user' URL not provided. Will try picking an instance via load-balancing.
2025-11-09 13:44:09.232 [main] WARN  o.s.c.l.c.LoadBalancerCacheAutoConfiguration$LoadBalancerCaffeineWarnLogger - Spring Cloud LoadBalancer is currently working with the default cache. While this cache implementation is useful for development and tests, it's recommended to use Caffeine cache in production.You can switch to using Caffeine cache, by adding it and org.springframework.cache.caffeine.CaffeineCacheManager to the classpath.
2025-11-09 13:44:09.308 [main] INFO  o.s.boot.web.embedded.tomcat.TomcatWebServer - Tomcat started on port(s): 8080 (http) with context path ''
2025-11-09 13:44:09.314 [main] INFO  com.alibaba.nacos.client.naming - initializer namespace from ans.namespace attribute : null
2025-11-09 13:44:09.315 [main] INFO  com.alibaba.nacos.client.naming - initializer namespace from ALIBABA_ALIWARE_NAMESPACE attribute :null
2025-11-09 13:44:09.316 [main] INFO  com.alibaba.nacos.client.naming - initializer namespace from namespace attribute :null
2025-11-09 13:44:09.332 [main] INFO  c.a.n.p.auth.spi.client.ClientAuthPluginManager - [ClientAuthPluginManager] Load ClientAuthService com.alibaba.nacos.client.auth.impl.NacosClientAuthServiceImpl success.
2025-11-09 13:44:09.332 [main] INFO  c.a.n.p.auth.spi.client.ClientAuthPluginManager - [ClientAuthPluginManager] Load ClientAuthService com.alibaba.nacos.client.auth.ram.RamClientAuthServiceImpl success.
2025-11-09 13:44:09.338 [main] INFO  com.alibaba.nacos.common.remote.client - [RpcClientFactory] create a new rpc client of b3d0cd24-6d6c-4ea3-82f7-bd94a8194e6c
2025-11-09 13:44:09.342 [main] INFO  com.alibaba.nacos.common.remote.client - [b3d0cd24-6d6c-4ea3-82f7-bd94a8194e6c] RpcClient init, ServerListFactory = com.alibaba.nacos.client.naming.core.ServerListManager
2025-11-09 13:44:09.342 [main] INFO  com.alibaba.nacos.common.remote.client - [b3d0cd24-6d6c-4ea3-82f7-bd94a8194e6c] Registry connection listener to current client:com.alibaba.nacos.client.naming.remote.gprc.redo.NamingGrpcRedoService
2025-11-09 13:44:09.343 [main] INFO  com.alibaba.nacos.common.remote.client - [b3d0cd24-6d6c-4ea3-82f7-bd94a8194e6c] Register server push request handler:com.alibaba.nacos.client.naming.remote.gprc.NamingPushRequestHandler
2025-11-09 13:44:09.343 [main] INFO  com.alibaba.nacos.common.remote.client - [b3d0cd24-6d6c-4ea3-82f7-bd94a8194e6c] Try to connect to server on start up, server: {serverIp = '127.0.0.1', server main port = 8848}
2025-11-09 13:44:09.344 [main] INFO  c.a.nacos.common.remote.client.grpc.GrpcClient - grpc client connection server:127.0.0.1 ip,serverPort:9848,grpcTslConfig:{"sslProvider":"OPENSSL","enableTls":false,"mutualAuthEnable":false,"trustAll":false}
2025-11-09 13:44:09.471 [main] INFO  com.alibaba.nacos.common.remote.client - [b3d0cd24-6d6c-4ea3-82f7-bd94a8194e6c] Success to connect to server [127.0.0.1:8848] on start up, connectionId = 1762667049353_127.0.0.1_6084
2025-11-09 13:44:09.472 [main] INFO  com.alibaba.nacos.common.remote.client - [b3d0cd24-6d6c-4ea3-82f7-bd94a8194e6c] Register server push request handler:com.alibaba.nacos.common.remote.client.RpcClient$ConnectResetRequestHandler
2025-11-09 13:44:09.472 [com.alibaba.nacos.client.remote.worker] INFO  com.alibaba.nacos.common.remote.client - [b3d0cd24-6d6c-4ea3-82f7-bd94a8194e6c] Notify connected event to listeners.
2025-11-09 13:44:09.472 [main] INFO  com.alibaba.nacos.common.remote.client - [b3d0cd24-6d6c-4ea3-82f7-bd94a8194e6c] Register server push request handler:com.alibaba.nacos.common.remote.client.RpcClient$$Lambda$603/0x0000018daf4d51f0
2025-11-09 13:44:09.472 [com.alibaba.nacos.client.remote.worker] INFO  com.alibaba.nacos.client.naming - Grpc connection connect
2025-11-09 13:44:09.475 [main] INFO  com.alibaba.nacos.client.naming - [REGISTER-SERVICE] greennote registering service GreenNote-auth with instance Instance{instanceId='null', ip='10.36.15.120', port=8080, weight=1.0, healthy=true, enabled=true, ephemeral=true, clusterName='DEFAULT', serviceName='null', metadata={IPv6=null, preserved.register.source=SPRING_CLOUD}}
2025-11-09 13:44:09.490 [main] INFO  c.a.cloud.nacos.registry.NacosServiceRegistry - nacos registry, DEFAULT_GROUP GreenNote-auth 10.36.15.120:8080 register finished
2025-11-09 13:44:09.726 [main] INFO  com.evan.greennote.auth.GreenNoteAuthApplication - Started GreenNoteAuthApplication in 10.468 seconds (process running for 11.422)
2025-11-09 13:44:09.734 [main] INFO  com.alibaba.nacos.client.config.impl.CacheData - nacos.cache.data.init.snapshot = true 
2025-11-09 13:44:09.735 [main] INFO  com.alibaba.nacos.client.config.impl.ClientWorker - [fixed-greennote-127.0.0.1_8848] [subscribe] GreenNote-auth.yaml+DEFAULT_GROUP+greennote
2025-11-09 13:44:09.753 [main] INFO  com.alibaba.nacos.client.config.impl.CacheData - [fixed-greennote-127.0.0.1_8848] [add-listener] ok, tenant=greennote, dataId=GreenNote-auth.yaml, group=DEFAULT_GROUP, cnt=1
2025-11-09 13:44:09.754 [main] INFO  c.a.cloud.nacos.refresh.NacosContextRefresher - [Nacos Config] Listening config: dataId=GreenNote-auth.yaml, group=DEFAULT_GROUP
2025-11-09 13:44:09.754 [main] INFO  com.alibaba.nacos.client.config.impl.ClientWorker - [fixed-greennote-127.0.0.1_8848] [subscribe] GreenNote-auth-dev.yaml+DEFAULT_GROUP+greennote
2025-11-09 13:44:09.754 [main] INFO  com.alibaba.nacos.client.config.impl.CacheData - [fixed-greennote-127.0.0.1_8848] [add-listener] ok, tenant=greennote, dataId=GreenNote-auth-dev.yaml, group=DEFAULT_GROUP, cnt=1
2025-11-09 13:44:09.755 [main] INFO  c.a.cloud.nacos.refresh.NacosContextRefresher - [Nacos Config] Listening config: dataId=GreenNote-auth-dev.yaml, group=DEFAULT_GROUP
2025-11-09 13:44:09.755 [main] INFO  com.alibaba.nacos.client.config.impl.ClientWorker - [fixed-greennote-127.0.0.1_8848] [subscribe] GreenNote-auth+DEFAULT_GROUP+greennote
2025-11-09 13:44:09.755 [main] INFO  com.alibaba.nacos.client.config.impl.CacheData - [fixed-greennote-127.0.0.1_8848] [add-listener] ok, tenant=greennote, dataId=GreenNote-auth, group=DEFAULT_GROUP, cnt=1
2025-11-09 13:44:09.755 [main] INFO  c.a.cloud.nacos.refresh.NacosContextRefresher - [Nacos Config] Listening config: dataId=GreenNote-auth, group=DEFAULT_GROUP
2025-11-09 13:47:06.251 [Thread-2] WARN  c.alibaba.nacos.common.http.HttpClientBeanHolder - [HttpClientBeanHolder] Start destroying common HttpClient
2025-11-09 13:47:06.252 [Thread-2] WARN  c.alibaba.nacos.common.http.HttpClientBeanHolder - [HttpClientBeanHolder] Destruction of the end
2025-11-09 13:47:06.252 [Thread-9] WARN  com.alibaba.nacos.common.notify.NotifyCenter - [NotifyCenter] Start destroying Publisher
2025-11-09 13:47:06.252 [Thread-9] WARN  com.alibaba.nacos.common.notify.NotifyCenter - [NotifyCenter] Destruction of the end
2025-11-09 13:47:06.297 [SpringApplicationShutdownHook] INFO  c.a.cloud.nacos.registry.NacosServiceRegistry - De-registering from Nacos Server now...
2025-11-09 13:47:06.297 [SpringApplicationShutdownHook] INFO  com.alibaba.nacos.client.naming - [DEREGISTER-SERVICE] greennote deregistering service GreenNote-auth with instance: Instance{instanceId='null', ip='10.36.15.120', port=8080, weight=1.0, healthy=true, enabled=true, ephemeral=true, clusterName='DEFAULT', serviceName='null', metadata={}}
2025-11-09 13:47:06.301 [SpringApplicationShutdownHook] INFO  c.a.cloud.nacos.registry.NacosServiceRegistry - De-registration finished.
2025-11-09 13:47:06.301 [SpringApplicationShutdownHook] INFO  com.alibaba.nacos.client.naming - com.alibaba.nacos.client.naming.cache.ServiceInfoHolder do shutdown begin
2025-11-09 13:47:06.301 [SpringApplicationShutdownHook] INFO  com.alibaba.nacos.client.naming - com.alibaba.nacos.client.naming.backups.FailoverReactor do shutdown begin
2025-11-09 13:47:06.301 [SpringApplicationShutdownHook] INFO  com.alibaba.nacos.client.naming - com.alibaba.nacos.client.naming.backups.FailoverReactor do shutdown stop
2025-11-09 13:47:06.302 [SpringApplicationShutdownHook] INFO  com.alibaba.nacos.client.naming - com.alibaba.nacos.client.naming.cache.ServiceInfoHolder do shutdown stop
2025-11-09 13:47:06.302 [SpringApplicationShutdownHook] INFO  com.alibaba.nacos.client.naming - com.alibaba.nacos.client.naming.remote.NamingClientProxyDelegate do shutdown begin
2025-11-09 13:47:06.302 [SpringApplicationShutdownHook] INFO  com.alibaba.nacos.client.naming - com.alibaba.nacos.client.naming.core.ServiceInfoUpdateService do shutdown begin
2025-11-09 13:47:06.302 [SpringApplicationShutdownHook] INFO  com.alibaba.nacos.client.naming - com.alibaba.nacos.client.naming.core.ServiceInfoUpdateService do shutdown stop
2025-11-09 13:47:06.302 [SpringApplicationShutdownHook] INFO  com.alibaba.nacos.client.naming - com.alibaba.nacos.client.naming.core.ServerListManager do shutdown begin
2025-11-09 13:47:06.302 [SpringApplicationShutdownHook] WARN  com.alibaba.nacos.client.naming - [NamingHttpClientManager] Start destroying NacosRestTemplate
2025-11-09 13:47:06.302 [SpringApplicationShutdownHook] WARN  com.alibaba.nacos.client.naming - [NamingHttpClientManager] Destruction of the end
2025-11-09 13:47:06.302 [SpringApplicationShutdownHook] INFO  com.alibaba.nacos.client.naming - com.alibaba.nacos.client.naming.core.ServerListManager do shutdown stop
2025-11-09 13:47:06.302 [SpringApplicationShutdownHook] INFO  com.alibaba.nacos.client.naming - com.alibaba.nacos.client.naming.remote.http.NamingHttpClientProxy do shutdown begin
2025-11-09 13:47:06.302 [SpringApplicationShutdownHook] WARN  com.alibaba.nacos.client.naming - [NamingHttpClientManager] Start destroying NacosRestTemplate
2025-11-09 13:47:06.302 [SpringApplicationShutdownHook] WARN  com.alibaba.nacos.client.naming - [NamingHttpClientManager] Destruction of the end
2025-11-09 13:47:06.302 [SpringApplicationShutdownHook] INFO  com.alibaba.nacos.client.naming - com.alibaba.nacos.client.naming.remote.http.NamingHttpClientProxy do shutdown stop
2025-11-09 13:47:06.302 [SpringApplicationShutdownHook] INFO  com.alibaba.nacos.common.remote.client - Shutdown rpc client, set status to shutdown
2025-11-09 13:47:06.302 [SpringApplicationShutdownHook] INFO  com.alibaba.nacos.common.remote.client - Shutdown client event executor java.util.concurrent.ScheduledThreadPoolExecutor@bb8c812[Running, pool size = 2, active threads = 2, queued tasks = 0, completed tasks = 0]
2025-11-09 13:47:06.302 [SpringApplicationShutdownHook] INFO  com.alibaba.nacos.common.remote.client - Close current connection 1762667049353_127.0.0.1_6084
2025-11-09 13:47:06.305 [nacos-grpc-client-executor-127.0.0.1-46] INFO  c.a.nacos.common.remote.client.grpc.GrpcClient - [1762667049353_127.0.0.1_6084]Ignore complete event,isRunning:false,isAbandon=false
2025-11-09 13:47:06.310 [SpringApplicationShutdownHook] INFO  c.a.nacos.common.remote.client.grpc.GrpcClient - Shutdown grpc executor java.util.concurrent.ThreadPoolExecutor@7cd36a22[Running, pool size = 4, active threads = 0, queued tasks = 0, completed tasks = 47]
2025-11-09 13:47:06.310 [SpringApplicationShutdownHook] INFO  com.alibaba.nacos.client.naming - Shutdown grpc redo service executor java.util.concurrent.ScheduledThreadPoolExecutor@865a3ce[Running, pool size = 1, active threads = 0, queued tasks = 1, completed tasks = 58]
2025-11-09 13:47:06.311 [SpringApplicationShutdownHook] INFO  c.a.n.client.auth.ram.identify.CredentialWatcher - [null] CredentialWatcher is stopped
2025-11-09 13:47:06.311 [SpringApplicationShutdownHook] INFO  c.a.n.client.auth.ram.identify.CredentialService - [null] CredentialService is freed
2025-11-09 13:47:06.311 [SpringApplicationShutdownHook] INFO  com.alibaba.nacos.client.naming - com.alibaba.nacos.client.naming.remote.NamingClientProxyDelegate do shutdown stop
2025-11-09 14:24:34.349 [main] WARN  com.alibaba.nacos.client.logging.NacosLogging - Load Logback Configuration of Nacos fail, message: Could not initialize Logback Nacos logging from classpath:nacos-logback.xml
2025-11-09 14:24:34.445 [main] WARN  com.alibaba.nacos.client.logging.NacosLogging - Load Logback Configuration of Nacos fail, message: Could not initialize Logback Nacos logging from classpath:nacos-logback.xml
2025-11-09 14:24:34.808 [main] WARN  com.alibaba.nacos.client.logging.NacosLogging - Load Logback Configuration of Nacos fail, message: Could not initialize Logback Nacos logging from classpath:nacos-logback.xml
2025-11-09 14:24:34.811 [main] INFO  com.alibaba.nacos.client.utils.ParamUtil - [settings] [req-serv] nacos-server port:8848
2025-11-09 14:24:34.811 [main] INFO  com.alibaba.nacos.client.utils.ParamUtil - [settings] [http-client] connect timeout:1000
2025-11-09 14:24:34.812 [main] INFO  com.alibaba.nacos.client.utils.ParamUtil - PER_TASK_CONFIG_SIZE: 3000.0
2025-11-09 14:24:34.885 [main] INFO  c.a.n.p.auth.spi.client.ClientAuthPluginManager - [ClientAuthPluginManager] Load ClientAuthService com.alibaba.nacos.client.auth.impl.NacosClientAuthServiceImpl success.
2025-11-09 14:24:34.886 [main] INFO  c.a.n.p.auth.spi.client.ClientAuthPluginManager - [ClientAuthPluginManager] Load ClientAuthService com.alibaba.nacos.client.auth.ram.RamClientAuthServiceImpl success.
2025-11-09 14:24:34.893 [main] INFO  c.a.n.client.auth.ram.identify.CredentialWatcher - null No credential found
2025-11-09 14:24:35.327 [main] WARN  com.alibaba.nacos.client.logging.NacosLogging - Load Logback Configuration of Nacos fail, message: Could not initialize Logback Nacos logging from classpath:nacos-logback.xml
2025-11-09 14:24:35.358 [main] INFO  c.a.n.client.config.impl.LocalConfigInfoProcessor - LOCAL_SNAPSHOT_PATH:C:\Users\12482\nacos\config
2025-11-09 14:24:35.368 [main] INFO  com.alibaba.nacos.common.remote.client - [RpcClientFactory] create a new rpc client of c0c8410e-b3cd-4426-81f9-25da7e600c8b_config-0
2025-11-09 14:24:35.436 [main] INFO  com.alibaba.nacos.common.remote.client - [c0c8410e-b3cd-4426-81f9-25da7e600c8b_config-0] Register server push request handler:com.alibaba.nacos.client.config.impl.ClientWorker$ConfigRpcTransportClient$$Lambda$570/0x0000015001366bb8
2025-11-09 14:24:35.437 [main] INFO  com.alibaba.nacos.common.remote.client - [c0c8410e-b3cd-4426-81f9-25da7e600c8b_config-0] Register server push request handler:com.alibaba.nacos.client.config.impl.ClientWorker$ConfigRpcTransportClient$$Lambda$571/0x0000015001366fd8
2025-11-09 14:24:35.439 [main] INFO  com.alibaba.nacos.common.remote.client - [c0c8410e-b3cd-4426-81f9-25da7e600c8b_config-0] Registry connection listener to current client:com.alibaba.nacos.client.config.impl.ClientWorker$ConfigRpcTransportClient$1
2025-11-09 14:24:35.440 [main] INFO  com.alibaba.nacos.common.remote.client - [c0c8410e-b3cd-4426-81f9-25da7e600c8b_config-0] RpcClient init, ServerListFactory = com.alibaba.nacos.client.config.impl.ClientWorker$ConfigRpcTransportClient$2
2025-11-09 14:24:35.462 [main] INFO  com.alibaba.nacos.common.remote.client - [c0c8410e-b3cd-4426-81f9-25da7e600c8b_config-0] Try to connect to server on start up, server: {serverIp = '127.0.0.1', server main port = 8848}
2025-11-09 14:24:35.542 [main] INFO  c.a.nacos.common.remote.client.grpc.GrpcClient - grpc client connection server:127.0.0.1 ip,serverPort:9848,grpcTslConfig:{"sslProvider":"OPENSSL","enableTls":false,"mutualAuthEnable":false,"trustAll":false}
2025-11-09 14:24:37.233 [main] INFO  com.alibaba.nacos.common.remote.client - [c0c8410e-b3cd-4426-81f9-25da7e600c8b_config-0] Success to connect to server [127.0.0.1:8848] on start up, connectionId = 1762669476916_127.0.0.1_58957
2025-11-09 14:24:37.234 [com.alibaba.nacos.client.remote.worker] INFO  com.alibaba.nacos.common.remote.client - [c0c8410e-b3cd-4426-81f9-25da7e600c8b_config-0] Notify connected event to listeners.
2025-11-09 14:24:37.234 [com.alibaba.nacos.client.remote.worker] INFO  com.alibaba.nacos.client.config.impl.ClientWorker - [c0c8410e-b3cd-4426-81f9-25da7e600c8b_config-0] Connected,notify listen context...
2025-11-09 14:24:37.235 [main] INFO  com.alibaba.nacos.common.remote.client - [c0c8410e-b3cd-4426-81f9-25da7e600c8b_config-0] Register server push request handler:com.alibaba.nacos.common.remote.client.RpcClient$ConnectResetRequestHandler
2025-11-09 14:24:37.235 [main] INFO  com.alibaba.nacos.common.remote.client - [c0c8410e-b3cd-4426-81f9-25da7e600c8b_config-0] Register server push request handler:com.alibaba.nacos.common.remote.client.RpcClient$$Lambda$591/0x00000150014b61c8
2025-11-09 14:24:37.329 [main] INFO  com.alibaba.nacos.client.config.impl.Limiter - limitTime:5.0
2025-11-09 14:24:37.387 [main] WARN  c.a.cloud.nacos.client.NacosPropertySourceBuilder - Ignore the empty nacos configuration and get it based on dataId[GreenNote-auth] & group[DEFAULT_GROUP]
2025-11-09 14:24:37.398 [main] WARN  c.a.cloud.nacos.client.NacosPropertySourceBuilder - Ignore the empty nacos configuration and get it based on dataId[GreenNote-auth.yaml] & group[DEFAULT_GROUP]
2025-11-09 14:24:37.408 [main] WARN  c.a.cloud.nacos.client.NacosPropertySourceBuilder - Ignore the empty nacos configuration and get it based on dataId[GreenNote-auth-dev.yaml] & group[DEFAULT_GROUP]
2025-11-09 14:24:37.410 [main] INFO  o.s.c.b.c.PropertySourceBootstrapConfiguration - Located property source: [BootstrapPropertySource {name='bootstrapProperties-GreenNote-auth-dev.yaml,DEFAULT_GROUP'}, BootstrapPropertySource {name='bootstrapProperties-GreenNote-auth.yaml,DEFAULT_GROUP'}, BootstrapPropertySource {name='bootstrapProperties-GreenNote-auth,DEFAULT_GROUP'}]
2025-11-09 14:24:37.419 [main] WARN  com.alibaba.nacos.client.logging.NacosLogging - Load Logback Configuration of Nacos fail, message: Could not initialize Logback Nacos logging from classpath:nacos-logback.xml
2025-11-09 14:24:37.420 [main] INFO  com.evan.greennote.auth.GreenNoteAuthApplication - The following 1 profile is active: "dev"
2025-11-09 14:24:38.440 [main] INFO  o.s.d.r.config.RepositoryConfigurationDelegate - Multiple Spring Data modules found, entering strict repository configuration mode
2025-11-09 14:24:38.445 [main] INFO  o.s.d.r.config.RepositoryConfigurationDelegate - Bootstrapping Spring Data Redis repositories in DEFAULT mode.
2025-11-09 14:24:38.495 [main] INFO  o.s.d.r.config.RepositoryConfigurationDelegate - Finished Spring Data repository scanning in 23 ms. Found 0 Redis repository interfaces.
2025-11-09 14:24:38.858 [main] INFO  o.springframework.cloud.context.scope.GenericScope - BeanFactory id=c90e5f66-536e-36b1-89fb-74e6ac07c7eb
2025-11-09 14:24:38.881 [main] INFO  o.s.c.s.PostProcessorRegistrationDelegate$BeanPostProcessorChecker - Bean 'com.evan.greennote.user.api.UserFeignApi' of type [org.springframework.cloud.openfeign.FeignClientFactoryBean] is not eligible for getting processed by all BeanPostProcessors (for example: not eligible for auto-proxying)
2025-11-09 14:24:39.671 [main] INFO  o.s.boot.web.embedded.tomcat.TomcatWebServer - Tomcat initialized with port(s): 8080 (http)
2025-11-09 14:24:39.690 [main] INFO  org.apache.catalina.core.StandardService - Starting service [Tomcat]
2025-11-09 14:24:39.691 [main] INFO  org.apache.catalina.core.StandardEngine - Starting Servlet engine: [Apache Tomcat/10.1.5]
2025-11-09 14:24:39.838 [main] INFO  o.a.c.core.ContainerBase.[Tomcat].[localhost].[/] - Initializing Spring embedded WebApplicationContext
2025-11-09 14:24:39.839 [main] INFO  o.s.b.w.s.c.ServletWebServerApplicationContext - Root WebApplicationContext: initialization completed in 2393 ms
2025-11-09 14:24:39.881 [main] INFO  o.s.boot.web.servlet.RegistrationBean - Filter headerUserId2ContextFilter was not registered (possibly already registered?)
2025-11-09 14:24:40.815 [main] INFO  o.s.cloud.openfeign.FeignClientFactoryBean - For 'GreenNote-user' URL not provided. Will try picking an instance via load-balancing.
2025-11-09 14:24:42.345 [main] WARN  o.s.c.l.c.LoadBalancerCacheAutoConfiguration$LoadBalancerCaffeineWarnLogger - Spring Cloud LoadBalancer is currently working with the default cache. While this cache implementation is useful for development and tests, it's recommended to use Caffeine cache in production.You can switch to using Caffeine cache, by adding it and org.springframework.cache.caffeine.CaffeineCacheManager to the classpath.
2025-11-09 14:24:42.485 [main] INFO  o.s.boot.web.embedded.tomcat.TomcatWebServer - Tomcat started on port(s): 8080 (http) with context path ''
2025-11-09 14:24:42.496 [main] INFO  com.alibaba.nacos.client.naming - initializer namespace from ans.namespace attribute : null
2025-11-09 14:24:42.496 [main] INFO  com.alibaba.nacos.client.naming - initializer namespace from ALIBABA_ALIWARE_NAMESPACE attribute :null
2025-11-09 14:24:42.498 [main] INFO  com.alibaba.nacos.client.naming - initializer namespace from namespace attribute :null
2025-11-09 14:24:42.523 [main] INFO  c.a.n.p.auth.spi.client.ClientAuthPluginManager - [ClientAuthPluginManager] Load ClientAuthService com.alibaba.nacos.client.auth.impl.NacosClientAuthServiceImpl success.
2025-11-09 14:24:42.523 [main] INFO  c.a.n.p.auth.spi.client.ClientAuthPluginManager - [ClientAuthPluginManager] Load ClientAuthService com.alibaba.nacos.client.auth.ram.RamClientAuthServiceImpl success.
2025-11-09 14:24:42.536 [main] INFO  com.alibaba.nacos.common.remote.client - [RpcClientFactory] create a new rpc client of e0ed9b01-0731-448f-b5c9-7777d59b2702
2025-11-09 14:24:42.543 [main] INFO  com.alibaba.nacos.common.remote.client - [e0ed9b01-0731-448f-b5c9-7777d59b2702] RpcClient init, ServerListFactory = com.alibaba.nacos.client.naming.core.ServerListManager
2025-11-09 14:24:42.543 [main] INFO  com.alibaba.nacos.common.remote.client - [e0ed9b01-0731-448f-b5c9-7777d59b2702] Registry connection listener to current client:com.alibaba.nacos.client.naming.remote.gprc.redo.NamingGrpcRedoService
2025-11-09 14:24:42.545 [main] INFO  com.alibaba.nacos.common.remote.client - [e0ed9b01-0731-448f-b5c9-7777d59b2702] Register server push request handler:com.alibaba.nacos.client.naming.remote.gprc.NamingPushRequestHandler
2025-11-09 14:24:42.546 [main] INFO  com.alibaba.nacos.common.remote.client - [e0ed9b01-0731-448f-b5c9-7777d59b2702] Try to connect to server on start up, server: {serverIp = '127.0.0.1', server main port = 8848}
2025-11-09 14:24:42.546 [main] INFO  c.a.nacos.common.remote.client.grpc.GrpcClient - grpc client connection server:127.0.0.1 ip,serverPort:9848,grpcTslConfig:{"sslProvider":"OPENSSL","enableTls":false,"mutualAuthEnable":false,"trustAll":false}
2025-11-09 14:24:42.675 [main] INFO  com.alibaba.nacos.common.remote.client - [e0ed9b01-0731-448f-b5c9-7777d59b2702] Success to connect to server [127.0.0.1:8848] on start up, connectionId = 1762669482561_127.0.0.1_58969
2025-11-09 14:24:42.675 [main] INFO  com.alibaba.nacos.common.remote.client - [e0ed9b01-0731-448f-b5c9-7777d59b2702] Register server push request handler:com.alibaba.nacos.common.remote.client.RpcClient$ConnectResetRequestHandler
2025-11-09 14:24:42.675 [com.alibaba.nacos.client.remote.worker] INFO  com.alibaba.nacos.common.remote.client - [e0ed9b01-0731-448f-b5c9-7777d59b2702] Notify connected event to listeners.
2025-11-09 14:24:42.675 [main] INFO  com.alibaba.nacos.common.remote.client - [e0ed9b01-0731-448f-b5c9-7777d59b2702] Register server push request handler:com.alibaba.nacos.common.remote.client.RpcClient$$Lambda$591/0x00000150014b61c8
2025-11-09 14:24:42.675 [com.alibaba.nacos.client.remote.worker] INFO  com.alibaba.nacos.client.naming - Grpc connection connect
2025-11-09 14:24:42.677 [main] INFO  com.alibaba.nacos.client.naming - [REGISTER-SERVICE] greennote registering service GreenNote-auth with instance Instance{instanceId='null', ip='10.36.15.120', port=8080, weight=1.0, healthy=true, enabled=true, ephemeral=true, clusterName='DEFAULT', serviceName='null', metadata={IPv6=null, preserved.register.source=SPRING_CLOUD}}
2025-11-09 14:24:42.695 [main] INFO  c.a.cloud.nacos.registry.NacosServiceRegistry - nacos registry, DEFAULT_GROUP GreenNote-auth 10.36.15.120:8080 register finished
2025-11-09 14:24:42.866 [main] INFO  com.evan.greennote.auth.GreenNoteAuthApplication - Started GreenNoteAuthApplication in 9.495 seconds (process running for 11.0)
2025-11-09 14:24:42.873 [main] INFO  com.alibaba.nacos.client.config.impl.CacheData - nacos.cache.data.init.snapshot = true 
2025-11-09 14:24:42.873 [main] INFO  com.alibaba.nacos.client.config.impl.ClientWorker - [fixed-greennote-127.0.0.1_8848] [subscribe] GreenNote-auth.yaml+DEFAULT_GROUP+greennote
2025-11-09 14:24:42.898 [main] INFO  com.alibaba.nacos.client.config.impl.CacheData - [fixed-greennote-127.0.0.1_8848] [add-listener] ok, tenant=greennote, dataId=GreenNote-auth.yaml, group=DEFAULT_GROUP, cnt=1
2025-11-09 14:24:42.898 [main] INFO  c.a.cloud.nacos.refresh.NacosContextRefresher - [Nacos Config] Listening config: dataId=GreenNote-auth.yaml, group=DEFAULT_GROUP
2025-11-09 14:24:42.899 [main] INFO  com.alibaba.nacos.client.config.impl.ClientWorker - [fixed-greennote-127.0.0.1_8848] [subscribe] GreenNote-auth-dev.yaml+DEFAULT_GROUP+greennote
2025-11-09 14:24:42.899 [main] INFO  com.alibaba.nacos.client.config.impl.CacheData - [fixed-greennote-127.0.0.1_8848] [add-listener] ok, tenant=greennote, dataId=GreenNote-auth-dev.yaml, group=DEFAULT_GROUP, cnt=1
2025-11-09 14:24:42.899 [main] INFO  c.a.cloud.nacos.refresh.NacosContextRefresher - [Nacos Config] Listening config: dataId=GreenNote-auth-dev.yaml, group=DEFAULT_GROUP
2025-11-09 14:24:42.900 [main] INFO  com.alibaba.nacos.client.config.impl.ClientWorker - [fixed-greennote-127.0.0.1_8848] [subscribe] GreenNote-auth+DEFAULT_GROUP+greennote
2025-11-09 14:24:42.900 [main] INFO  com.alibaba.nacos.client.config.impl.CacheData - [fixed-greennote-127.0.0.1_8848] [add-listener] ok, tenant=greennote, dataId=GreenNote-auth, group=DEFAULT_GROUP, cnt=1
2025-11-09 14:24:42.900 [main] INFO  c.a.cloud.nacos.refresh.NacosContextRefresher - [Nacos Config] Listening config: dataId=GreenNote-auth, group=DEFAULT_GROUP
2025-11-09 16:13:50.694 [http-nio-8080-exec-2] INFO  o.a.c.core.ContainerBase.[Tomcat].[localhost].[/] - Initializing Spring DispatcherServlet 'dispatcherServlet'
2025-11-09 16:13:50.697 [http-nio-8080-exec-2] INFO  org.springframework.web.servlet.DispatcherServlet - Initializing Servlet 'dispatcherServlet'
2025-11-09 16:13:50.706 [http-nio-8080-exec-2] INFO  org.springframework.web.servlet.DispatcherServlet - Completed initialization in 9 ms
2025-11-09 16:13:50.990 [http-nio-8080-exec-2] INFO  c.e.f.b.operationlog.aspect.ApiOperationLogAspect - ====== 请求开始: [用户登录/注册], 入参: {"email":"songyif@kean.edu","password":"syf123456","type":2}, 请求类: com.evan.greennote.auth.controller.AuthController, 请求方法: loginAndRegister =======
2025-11-09 16:13:51.112 [http-nio-8080-exec-2] INFO  com.alibaba.nacos.client.naming - [SUBSCRIBE-SERVICE] service:GreenNote-user, group:DEFAULT_GROUP, clusters: 
2025-11-09 16:13:51.127 [http-nio-8080-exec-2] INFO  com.alibaba.nacos.client.naming - init new ips(1) service: DEFAULT_GROUP@@GreenNote-user -> [{"ip":"10.36.15.120","port":8082,"weight":1.0,"healthy":true,"enabled":true,"ephemeral":true,"clusterName":"DEFAULT","serviceName":"DEFAULT_GROUP@@GreenNote-user","metadata":{"preserved.register.source":"SPRING_CLOUD"},"instanceHeartBeatInterval":5000,"instanceHeartBeatTimeOut":15000,"ipDeleteTimeout":30000}]
2025-11-09 16:13:51.129 [http-nio-8080-exec-2] INFO  com.alibaba.nacos.client.naming - current ips:(1) service: DEFAULT_GROUP@@GreenNote-user -> [{"ip":"10.36.15.120","port":8082,"weight":1.0,"healthy":true,"enabled":true,"ephemeral":true,"clusterName":"DEFAULT","serviceName":"DEFAULT_GROUP@@GreenNote-user","metadata":{"preserved.register.source":"SPRING_CLOUD"},"instanceHeartBeatInterval":5000,"instanceHeartBeatTimeOut":15000,"ipDeleteTimeout":30000}]
2025-11-09 16:13:51.359 [http-nio-8080-exec-2] WARN  c.e.g.auth.exception.GlobalExceptionHandler - /login request fail, errorCode: AUTH-20004, errorMessage: 邮箱或密码错误
2025-11-09 16:13:51.643 [nacos-grpc-client-executor-127.0.0.1-1294] INFO  com.alibaba.nacos.common.remote.client - [e0ed9b01-0731-448f-b5c9-7777d59b2702] Receive server push request, request = NotifySubscriberRequest, requestId = 18
2025-11-09 16:13:51.644 [nacos-grpc-client-executor-127.0.0.1-1294] INFO  com.alibaba.nacos.common.remote.client - [e0ed9b01-0731-448f-b5c9-7777d59b2702] Ack server push request, request = NotifySubscriberRequest, requestId = 18
2025-11-09 16:14:04.842 [http-nio-8080-exec-1] INFO  c.e.f.b.operationlog.aspect.ApiOperationLogAspect - ====== 请求开始: [用户登录/注册], 入参: {"email":"songyif@kean.edu","password":"abc123456","type":2}, 请求类: com.evan.greennote.auth.controller.AuthController, 请求方法: loginAndRegister =======
2025-11-09 16:14:05.602 [http-nio-8080-exec-1] INFO  c.e.f.b.operationlog.aspect.ApiOperationLogAspect - ====== 请求结束: [用户登录/注册], 耗时: 761ms, 出参: {"success":true,"data":"JhuYJkwDZwwAsfPxoI0gcnbsG1Dd1NiNCDNnXnXl6WDLBZC5D1UJyBmQ9yMtaiAxT7EDfXDD1pxcinbkEAsP4fnktPbwxoPqDrFKHfaNkVsfVfp0PXi3Wdc7SoqM8PMY"}======
