2026-01-31 00:25:10.112 [http-nio-8080-exec-3] INFO  c.e.f.b.context.filter.HeaderUserId2ContextFilter - ===== 设置 userId 到 ThreadLocal 中， 用户 ID: 3
2026-01-31 00:25:10.284 [http-nio-8080-exec-3] INFO  c.e.f.b.operationlog.aspect.ApiOperationLogAspect - ====== 请求开始: [用户登录/注册], 入参: {"email":"songyif@kean.edu","password":"abc123456","type":2}, 请求类: com.evan.greennote.auth.controller.AuthController, 请求方法: loginAndRegister =======
2026-01-31 00:25:10.300 [http-nio-8080-exec-3] INFO  c.e.f.b.c.interceptor.FeignRequestInterceptor - ########## feign 请求设置请求头 userId: 3
2026-01-31 00:25:10.901 [http-nio-8080-exec-3] INFO  c.e.f.b.operationlog.aspect.ApiOperationLogAspect - ====== 请求结束: [用户登录/注册], 耗时: 622ms, 出参: {"success":true,"data":"7Cu649QEehf6VRTO4eqWyAhUNYDZLXbeY0VfPB4QhSjkv8Ry87fhAnm8KFwiDgSNMuG7LvTBA9p58tXNFOeqmHtWuWiWDaT9XK72atN10nrHiFzwuE9Z2WogDKFzCGdh"}======
2026-01-31 00:25:10.909 [http-nio-8080-exec-3] INFO  c.e.f.b.context.filter.HeaderUserId2ContextFilter - ===== 删除 ThreadLocal， userId: 3
2026-01-31 01:07:14.184 [Thread-2] WARN  c.alibaba.nacos.common.http.HttpClientBeanHolder - [HttpClientBeanHolder] Start destroying common HttpClient
2026-01-31 01:07:14.183 [Thread-9] WARN  com.alibaba.nacos.common.notify.NotifyCenter - [NotifyCenter] Start destroying Publisher
2026-01-31 01:07:14.188 [Thread-9] WARN  com.alibaba.nacos.common.notify.NotifyCenter - [NotifyCenter] Destruction of the end
2026-01-31 01:07:14.214 [Thread-2] WARN  c.alibaba.nacos.common.http.HttpClientBeanHolder - [HttpClientBeanHolder] Destruction of the end
2026-01-31 01:07:14.455 [SpringApplicationShutdownHook] INFO  c.a.cloud.nacos.registry.NacosServiceRegistry - De-registering from Nacos Server now...
2026-01-31 01:07:14.457 [SpringApplicationShutdownHook] INFO  com.alibaba.nacos.client.naming - [DEREGISTER-SERVICE] greennote deregistering service GreenNote-auth with instance: Instance{instanceId='null', ip='10.141.154.27', port=8080, weight=1.0, healthy=true, enabled=true, ephemeral=true, clusterName='DEFAULT', serviceName='null', metadata={}}
2026-01-31 01:07:14.481 [SpringApplicationShutdownHook] INFO  c.a.cloud.nacos.registry.NacosServiceRegistry - De-registration finished.
2026-01-31 01:07:14.482 [SpringApplicationShutdownHook] INFO  com.alibaba.nacos.client.naming - com.alibaba.nacos.client.naming.cache.ServiceInfoHolder do shutdown begin
2026-01-31 01:07:14.482 [SpringApplicationShutdownHook] INFO  com.alibaba.nacos.client.naming - com.alibaba.nacos.client.naming.backups.FailoverReactor do shutdown begin
2026-01-31 01:07:14.482 [SpringApplicationShutdownHook] INFO  com.alibaba.nacos.client.naming - com.alibaba.nacos.client.naming.backups.FailoverReactor do shutdown stop
2026-01-31 01:07:14.482 [SpringApplicationShutdownHook] INFO  com.alibaba.nacos.client.naming - com.alibaba.nacos.client.naming.cache.ServiceInfoHolder do shutdown stop
2026-01-31 01:07:14.482 [SpringApplicationShutdownHook] INFO  com.alibaba.nacos.client.naming - com.alibaba.nacos.client.naming.remote.NamingClientProxyDelegate do shutdown begin
2026-01-31 01:07:14.483 [SpringApplicationShutdownHook] INFO  com.alibaba.nacos.client.naming - com.alibaba.nacos.client.naming.core.ServiceInfoUpdateService do shutdown begin
2026-01-31 01:07:14.483 [SpringApplicationShutdownHook] INFO  com.alibaba.nacos.client.naming - com.alibaba.nacos.client.naming.core.ServiceInfoUpdateService do shutdown stop
2026-01-31 01:07:14.483 [SpringApplicationShutdownHook] INFO  com.alibaba.nacos.client.naming - com.alibaba.nacos.client.naming.core.ServerListManager do shutdown begin
2026-01-31 01:07:14.483 [SpringApplicationShutdownHook] WARN  com.alibaba.nacos.client.naming - [NamingHttpClientManager] Start destroying NacosRestTemplate
2026-01-31 01:07:14.483 [SpringApplicationShutdownHook] WARN  com.alibaba.nacos.client.naming - [NamingHttpClientManager] Destruction of the end
2026-01-31 01:07:14.483 [SpringApplicationShutdownHook] INFO  com.alibaba.nacos.client.naming - com.alibaba.nacos.client.naming.core.ServerListManager do shutdown stop
2026-01-31 01:07:14.483 [SpringApplicationShutdownHook] INFO  com.alibaba.nacos.client.naming - com.alibaba.nacos.client.naming.remote.http.NamingHttpClientProxy do shutdown begin
2026-01-31 01:07:14.483 [SpringApplicationShutdownHook] WARN  com.alibaba.nacos.client.naming - [NamingHttpClientManager] Start destroying NacosRestTemplate
2026-01-31 01:07:14.483 [SpringApplicationShutdownHook] WARN  com.alibaba.nacos.client.naming - [NamingHttpClientManager] Destruction of the end
2026-01-31 01:07:14.483 [SpringApplicationShutdownHook] INFO  com.alibaba.nacos.client.naming - com.alibaba.nacos.client.naming.remote.http.NamingHttpClientProxy do shutdown stop
2026-01-31 01:07:14.483 [SpringApplicationShutdownHook] INFO  com.alibaba.nacos.common.remote.client - Shutdown rpc client, set status to shutdown
2026-01-31 01:07:14.483 [SpringApplicationShutdownHook] INFO  com.alibaba.nacos.common.remote.client - Shutdown client event executor java.util.concurrent.ScheduledThreadPoolExecutor@70af8df2[Running, pool size = 2, active threads = 2, queued tasks = 0, completed tasks = 0]
2026-01-31 01:07:14.484 [SpringApplicationShutdownHook] INFO  com.alibaba.nacos.common.remote.client - Close current connection 1769832284378_127.0.0.1_6005
2026-01-31 01:07:14.489 [nacos-grpc-client-executor-127.0.0.1-2216] INFO  c.a.nacos.common.remote.client.grpc.GrpcClient - [1769832284378_127.0.0.1_6005]Ignore complete event,isRunning:false,isAbandon=false
2026-01-31 01:07:14.503 [SpringApplicationShutdownHook] INFO  c.a.nacos.common.remote.client.grpc.GrpcClient - Shutdown grpc executor java.util.concurrent.ThreadPoolExecutor@4815c941[Running, pool size = 4, active threads = 0, queued tasks = 0, completed tasks = 2217]
2026-01-31 01:07:14.503 [SpringApplicationShutdownHook] INFO  com.alibaba.nacos.client.naming - Shutdown grpc redo service executor java.util.concurrent.ScheduledThreadPoolExecutor@e982356[Running, pool size = 1, active threads = 0, queued tasks = 1, completed tasks = 3640]
2026-01-31 01:07:14.503 [SpringApplicationShutdownHook] INFO  c.a.n.client.auth.ram.identify.CredentialWatcher - [null] CredentialWatcher is stopped
2026-01-31 01:07:14.504 [SpringApplicationShutdownHook] INFO  c.a.n.client.auth.ram.identify.CredentialService - [null] CredentialService is freed
2026-01-31 01:07:14.504 [SpringApplicationShutdownHook] INFO  com.alibaba.nacos.client.naming - com.alibaba.nacos.client.naming.remote.NamingClientProxyDelegate do shutdown stop
2026-01-31 13:01:44.852 [main] WARN  com.alibaba.nacos.client.logging.NacosLogging - Load Logback Configuration of Nacos fail, message: Could not initialize Logback Nacos logging from classpath:nacos-logback.xml
2026-01-31 13:01:44.906 [main] WARN  com.alibaba.nacos.client.logging.NacosLogging - Load Logback Configuration of Nacos fail, message: Could not initialize Logback Nacos logging from classpath:nacos-logback.xml
2026-01-31 13:01:45.138 [main] WARN  com.alibaba.nacos.client.logging.NacosLogging - Load Logback Configuration of Nacos fail, message: Could not initialize Logback Nacos logging from classpath:nacos-logback.xml
2026-01-31 13:01:45.143 [main] INFO  com.alibaba.nacos.client.utils.ParamUtil - [settings] [req-serv] nacos-server port:8848
2026-01-31 13:01:45.143 [main] INFO  com.alibaba.nacos.client.utils.ParamUtil - [settings] [http-client] connect timeout:1000
2026-01-31 13:01:45.144 [main] INFO  com.alibaba.nacos.client.utils.ParamUtil - PER_TASK_CONFIG_SIZE: 3000.0
2026-01-31 13:01:45.202 [main] INFO  c.a.n.p.auth.spi.client.ClientAuthPluginManager - [ClientAuthPluginManager] Load ClientAuthService com.alibaba.nacos.client.auth.impl.NacosClientAuthServiceImpl success.
2026-01-31 13:01:45.203 [main] INFO  c.a.n.p.auth.spi.client.ClientAuthPluginManager - [ClientAuthPluginManager] Load ClientAuthService com.alibaba.nacos.client.auth.ram.RamClientAuthServiceImpl success.
2026-01-31 13:01:45.209 [main] INFO  c.a.n.client.auth.ram.identify.CredentialWatcher - null No credential found
2026-01-31 13:01:45.538 [main] WARN  com.alibaba.nacos.client.logging.NacosLogging - Load Logback Configuration of Nacos fail, message: Could not initialize Logback Nacos logging from classpath:nacos-logback.xml
2026-01-31 13:01:45.556 [main] INFO  c.a.n.client.config.impl.LocalConfigInfoProcessor - LOCAL_SNAPSHOT_PATH:C:\Users\12482\nacos\config
2026-01-31 13:01:45.565 [main] INFO  com.alibaba.nacos.common.remote.client - [RpcClientFactory] create a new rpc client of 981cde30-66c1-450c-b7e6-9da9c823e90a_config-0
2026-01-31 13:01:45.606 [main] INFO  com.alibaba.nacos.common.remote.client - [981cde30-66c1-450c-b7e6-9da9c823e90a_config-0] Register server push request handler:com.alibaba.nacos.client.config.impl.ClientWorker$ConfigRpcTransportClient$$Lambda$571/0x000002bc52366fc0
2026-01-31 13:01:45.606 [main] INFO  com.alibaba.nacos.common.remote.client - [981cde30-66c1-450c-b7e6-9da9c823e90a_config-0] Register server push request handler:com.alibaba.nacos.client.config.impl.ClientWorker$ConfigRpcTransportClient$$Lambda$572/0x000002bc523673e0
2026-01-31 13:01:45.608 [main] INFO  com.alibaba.nacos.common.remote.client - [981cde30-66c1-450c-b7e6-9da9c823e90a_config-0] Registry connection listener to current client:com.alibaba.nacos.client.config.impl.ClientWorker$ConfigRpcTransportClient$1
2026-01-31 13:01:45.608 [main] INFO  com.alibaba.nacos.common.remote.client - [981cde30-66c1-450c-b7e6-9da9c823e90a_config-0] RpcClient init, ServerListFactory = com.alibaba.nacos.client.config.impl.ClientWorker$ConfigRpcTransportClient$2
2026-01-31 13:01:45.624 [main] INFO  com.alibaba.nacos.common.remote.client - [981cde30-66c1-450c-b7e6-9da9c823e90a_config-0] Try to connect to server on start up, server: {serverIp = '127.0.0.1', server main port = 8848}
2026-01-31 13:01:45.679 [main] INFO  c.a.nacos.common.remote.client.grpc.GrpcClient - grpc client connection server:127.0.0.1 ip,serverPort:9848,grpcTslConfig:{"sslProvider":"OPENSSL","enableTls":false,"mutualAuthEnable":false,"trustAll":false}
2026-01-31 13:01:46.992 [main] INFO  com.alibaba.nacos.common.remote.client - [981cde30-66c1-450c-b7e6-9da9c823e90a_config-0] Success to connect to server [127.0.0.1:8848] on start up, connectionId = 1769886106769_127.0.0.1_50096
2026-01-31 13:01:46.993 [com.alibaba.nacos.client.remote.worker] INFO  com.alibaba.nacos.common.remote.client - [981cde30-66c1-450c-b7e6-9da9c823e90a_config-0] Notify connected event to listeners.
2026-01-31 13:01:46.993 [com.alibaba.nacos.client.remote.worker] INFO  com.alibaba.nacos.client.config.impl.ClientWorker - [981cde30-66c1-450c-b7e6-9da9c823e90a_config-0] Connected,notify listen context...
2026-01-31 13:01:46.993 [main] INFO  com.alibaba.nacos.common.remote.client - [981cde30-66c1-450c-b7e6-9da9c823e90a_config-0] Register server push request handler:com.alibaba.nacos.common.remote.client.RpcClient$ConnectResetRequestHandler
2026-01-31 13:01:46.994 [main] INFO  com.alibaba.nacos.common.remote.client - [981cde30-66c1-450c-b7e6-9da9c823e90a_config-0] Register server push request handler:com.alibaba.nacos.common.remote.client.RpcClient$$Lambda$592/0x000002bc524be3d0
2026-01-31 13:01:47.056 [main] INFO  com.alibaba.nacos.client.config.impl.Limiter - limitTime:5.0
2026-01-31 13:01:47.102 [main] WARN  c.a.cloud.nacos.client.NacosPropertySourceBuilder - Ignore the empty nacos configuration and get it based on dataId[GreenNote-auth] & group[DEFAULT_GROUP]
2026-01-31 13:01:47.111 [main] WARN  c.a.cloud.nacos.client.NacosPropertySourceBuilder - Ignore the empty nacos configuration and get it based on dataId[GreenNote-auth.yaml] & group[DEFAULT_GROUP]
2026-01-31 13:01:47.117 [main] WARN  c.a.cloud.nacos.client.NacosPropertySourceBuilder - Ignore the empty nacos configuration and get it based on dataId[GreenNote-auth-dev.yaml] & group[DEFAULT_GROUP]
2026-01-31 13:01:47.118 [main] INFO  o.s.c.b.c.PropertySourceBootstrapConfiguration - Located property source: [BootstrapPropertySource {name='bootstrapProperties-GreenNote-auth-dev.yaml,DEFAULT_GROUP'}, BootstrapPropertySource {name='bootstrapProperties-GreenNote-auth.yaml,DEFAULT_GROUP'}, BootstrapPropertySource {name='bootstrapProperties-GreenNote-auth,DEFAULT_GROUP'}]
2026-01-31 13:01:47.124 [main] WARN  com.alibaba.nacos.client.logging.NacosLogging - Load Logback Configuration of Nacos fail, message: Could not initialize Logback Nacos logging from classpath:nacos-logback.xml
2026-01-31 13:01:47.125 [main] INFO  com.evan.greennote.auth.GreenNoteAuthApplication - The following 1 profile is active: "dev"
2026-01-31 13:01:47.743 [main] INFO  o.s.d.r.config.RepositoryConfigurationDelegate - Multiple Spring Data modules found, entering strict repository configuration mode
2026-01-31 13:01:47.747 [main] INFO  o.s.d.r.config.RepositoryConfigurationDelegate - Bootstrapping Spring Data Redis repositories in DEFAULT mode.
2026-01-31 13:01:47.783 [main] INFO  o.s.d.r.config.RepositoryConfigurationDelegate - Finished Spring Data repository scanning in 13 ms. Found 0 Redis repository interfaces.
2026-01-31 13:01:48.029 [main] INFO  o.springframework.cloud.context.scope.GenericScope - BeanFactory id=c90e5f66-536e-36b1-89fb-74e6ac07c7eb
2026-01-31 13:01:48.044 [main] INFO  o.s.c.s.PostProcessorRegistrationDelegate$BeanPostProcessorChecker - Bean 'com.evan.greennote.user.api.UserFeignApi' of type [org.springframework.cloud.openfeign.FeignClientFactoryBean] is not eligible for getting processed by all BeanPostProcessors (for example: not eligible for auto-proxying)
2026-01-31 13:01:48.587 [main] INFO  o.s.boot.web.embedded.tomcat.TomcatWebServer - Tomcat initialized with port(s): 8080 (http)
2026-01-31 13:01:48.598 [main] INFO  org.apache.catalina.core.StandardService - Starting service [Tomcat]
2026-01-31 13:01:48.599 [main] INFO  org.apache.catalina.core.StandardEngine - Starting Servlet engine: [Apache Tomcat/10.1.5]
2026-01-31 13:01:48.685 [main] INFO  o.a.c.core.ContainerBase.[Tomcat].[localhost].[/] - Initializing Spring embedded WebApplicationContext
2026-01-31 13:01:48.686 [main] INFO  o.s.b.w.s.c.ServletWebServerApplicationContext - Root WebApplicationContext: initialization completed in 1547 ms
2026-01-31 13:01:48.707 [main] INFO  o.s.boot.web.servlet.RegistrationBean - Filter headerUserId2ContextFilter was not registered (possibly already registered?)
2026-01-31 13:01:49.597 [main] INFO  o.s.cloud.openfeign.FeignClientFactoryBean - For 'GreenNote-user' URL not provided. Will try picking an instance via load-balancing.
2026-01-31 13:01:50.698 [main] WARN  o.s.c.l.c.LoadBalancerCacheAutoConfiguration$LoadBalancerCaffeineWarnLogger - Spring Cloud LoadBalancer is currently working with the default cache. While this cache implementation is useful for development and tests, it's recommended to use Caffeine cache in production.You can switch to using Caffeine cache, by adding it and org.springframework.cache.caffeine.CaffeineCacheManager to the classpath.
2026-01-31 13:01:50.762 [main] INFO  o.s.boot.web.embedded.tomcat.TomcatWebServer - Tomcat started on port(s): 8080 (http) with context path ''
2026-01-31 13:01:50.770 [main] INFO  com.alibaba.nacos.client.naming - initializer namespace from ans.namespace attribute : null
2026-01-31 13:01:50.771 [main] INFO  com.alibaba.nacos.client.naming - initializer namespace from ALIBABA_ALIWARE_NAMESPACE attribute :null
2026-01-31 13:01:50.771 [main] INFO  com.alibaba.nacos.client.naming - initializer namespace from namespace attribute :null
2026-01-31 13:01:50.791 [main] INFO  c.a.n.p.auth.spi.client.ClientAuthPluginManager - [ClientAuthPluginManager] Load ClientAuthService com.alibaba.nacos.client.auth.impl.NacosClientAuthServiceImpl success.
2026-01-31 13:01:50.792 [main] INFO  c.a.n.p.auth.spi.client.ClientAuthPluginManager - [ClientAuthPluginManager] Load ClientAuthService com.alibaba.nacos.client.auth.ram.RamClientAuthServiceImpl success.
2026-01-31 13:01:50.800 [main] INFO  com.alibaba.nacos.common.remote.client - [RpcClientFactory] create a new rpc client of 4123d8ed-6fa1-4591-b301-6fea57695c95
2026-01-31 13:01:50.805 [main] INFO  com.alibaba.nacos.common.remote.client - [4123d8ed-6fa1-4591-b301-6fea57695c95] RpcClient init, ServerListFactory = com.alibaba.nacos.client.naming.core.ServerListManager
2026-01-31 13:01:50.805 [main] INFO  com.alibaba.nacos.common.remote.client - [4123d8ed-6fa1-4591-b301-6fea57695c95] Registry connection listener to current client:com.alibaba.nacos.client.naming.remote.gprc.redo.NamingGrpcRedoService
2026-01-31 13:01:50.806 [main] INFO  com.alibaba.nacos.common.remote.client - [4123d8ed-6fa1-4591-b301-6fea57695c95] Register server push request handler:com.alibaba.nacos.client.naming.remote.gprc.NamingPushRequestHandler
2026-01-31 13:01:50.806 [main] INFO  com.alibaba.nacos.common.remote.client - [4123d8ed-6fa1-4591-b301-6fea57695c95] Try to connect to server on start up, server: {serverIp = '127.0.0.1', server main port = 8848}
2026-01-31 13:01:50.806 [main] INFO  c.a.nacos.common.remote.client.grpc.GrpcClient - grpc client connection server:127.0.0.1 ip,serverPort:9848,grpcTslConfig:{"sslProvider":"OPENSSL","enableTls":false,"mutualAuthEnable":false,"trustAll":false}
2026-01-31 13:01:50.949 [main] INFO  com.alibaba.nacos.common.remote.client - [4123d8ed-6fa1-4591-b301-6fea57695c95] Success to connect to server [127.0.0.1:8848] on start up, connectionId = 1769886110828_127.0.0.1_50105
2026-01-31 13:01:50.949 [main] INFO  com.alibaba.nacos.common.remote.client - [4123d8ed-6fa1-4591-b301-6fea57695c95] Register server push request handler:com.alibaba.nacos.common.remote.client.RpcClient$ConnectResetRequestHandler
2026-01-31 13:01:50.949 [com.alibaba.nacos.client.remote.worker] INFO  com.alibaba.nacos.common.remote.client - [4123d8ed-6fa1-4591-b301-6fea57695c95] Notify connected event to listeners.
2026-01-31 13:01:50.949 [main] INFO  com.alibaba.nacos.common.remote.client - [4123d8ed-6fa1-4591-b301-6fea57695c95] Register server push request handler:com.alibaba.nacos.common.remote.client.RpcClient$$Lambda$592/0x000002bc524be3d0
2026-01-31 13:01:50.949 [com.alibaba.nacos.client.remote.worker] INFO  com.alibaba.nacos.client.naming - Grpc connection connect
2026-01-31 13:01:50.951 [main] INFO  com.alibaba.nacos.client.naming - [REGISTER-SERVICE] greennote registering service GreenNote-auth with instance Instance{instanceId='null', ip='10.141.50.251', port=8080, weight=1.0, healthy=true, enabled=true, ephemeral=true, clusterName='DEFAULT', serviceName='null', metadata={IPv6=null, preserved.register.source=SPRING_CLOUD}}
2026-01-31 13:01:50.970 [main] INFO  c.a.cloud.nacos.registry.NacosServiceRegistry - nacos registry, DEFAULT_GROUP GreenNote-auth 10.141.50.251:8080 register finished
2026-01-31 13:01:51.137 [main] INFO  com.evan.greennote.auth.GreenNoteAuthApplication - Started GreenNoteAuthApplication in 7.066 seconds (process running for 14.786)
2026-01-31 13:01:51.141 [main] INFO  com.alibaba.nacos.client.config.impl.CacheData - nacos.cache.data.init.snapshot = true 
2026-01-31 13:01:51.142 [main] INFO  com.alibaba.nacos.client.config.impl.ClientWorker - [fixed-greennote-127.0.0.1_8848] [subscribe] GreenNote-auth.yaml+DEFAULT_GROUP+greennote
2026-01-31 13:01:51.157 [main] INFO  com.alibaba.nacos.client.config.impl.CacheData - [fixed-greennote-127.0.0.1_8848] [add-listener] ok, tenant=greennote, dataId=GreenNote-auth.yaml, group=DEFAULT_GROUP, cnt=1
2026-01-31 13:01:51.157 [main] INFO  c.a.cloud.nacos.refresh.NacosContextRefresher - [Nacos Config] Listening config: dataId=GreenNote-auth.yaml, group=DEFAULT_GROUP
2026-01-31 13:01:51.158 [main] INFO  com.alibaba.nacos.client.config.impl.ClientWorker - [fixed-greennote-127.0.0.1_8848] [subscribe] GreenNote-auth-dev.yaml+DEFAULT_GROUP+greennote
2026-01-31 13:01:51.158 [main] INFO  com.alibaba.nacos.client.config.impl.CacheData - [fixed-greennote-127.0.0.1_8848] [add-listener] ok, tenant=greennote, dataId=GreenNote-auth-dev.yaml, group=DEFAULT_GROUP, cnt=1
2026-01-31 13:01:51.158 [main] INFO  c.a.cloud.nacos.refresh.NacosContextRefresher - [Nacos Config] Listening config: dataId=GreenNote-auth-dev.yaml, group=DEFAULT_GROUP
2026-01-31 13:01:51.158 [main] INFO  com.alibaba.nacos.client.config.impl.ClientWorker - [fixed-greennote-127.0.0.1_8848] [subscribe] GreenNote-auth+DEFAULT_GROUP+greennote
2026-01-31 13:01:51.158 [main] INFO  com.alibaba.nacos.client.config.impl.CacheData - [fixed-greennote-127.0.0.1_8848] [add-listener] ok, tenant=greennote, dataId=GreenNote-auth, group=DEFAULT_GROUP, cnt=1
2026-01-31 13:01:51.158 [main] INFO  c.a.cloud.nacos.refresh.NacosContextRefresher - [Nacos Config] Listening config: dataId=GreenNote-auth, group=DEFAULT_GROUP
