2026-02-06 00:51:28.647 [main] WARN  com.alibaba.nacos.client.logging.NacosLogging - Load Logback Configuration of Nacos fail, message: Could not initialize Logback Nacos logging from classpath:nacos-logback.xml
2026-02-06 00:51:29.041 [main] WARN  com.alibaba.nacos.client.logging.NacosLogging - Load Logback Configuration of Nacos fail, message: Could not initialize Logback Nacos logging from classpath:nacos-logback.xml
2026-02-06 00:51:30.746 [main] WARN  com.alibaba.nacos.client.logging.NacosLogging - Load Logback Configuration of Nacos fail, message: Could not initialize Logback Nacos logging from classpath:nacos-logback.xml
2026-02-06 00:51:30.748 [main] INFO  com.alibaba.nacos.client.utils.ParamUtil - [settings] [req-serv] nacos-server port:8848
2026-02-06 00:51:30.748 [main] INFO  com.alibaba.nacos.client.utils.ParamUtil - [settings] [http-client] connect timeout:1000
2026-02-06 00:51:30.751 [main] INFO  com.alibaba.nacos.client.utils.ParamUtil - PER_TASK_CONFIG_SIZE: 3000.0
2026-02-06 00:51:30.842 [main] INFO  c.a.n.p.auth.spi.client.ClientAuthPluginManager - [ClientAuthPluginManager] Load ClientAuthService com.alibaba.nacos.client.auth.impl.NacosClientAuthServiceImpl success.
2026-02-06 00:51:30.846 [main] INFO  c.a.n.p.auth.spi.client.ClientAuthPluginManager - [ClientAuthPluginManager] Load ClientAuthService com.alibaba.nacos.client.auth.ram.RamClientAuthServiceImpl success.
2026-02-06 00:51:30.854 [main] INFO  c.a.n.client.auth.ram.identify.CredentialWatcher - null No credential found
2026-02-06 00:51:31.517 [main] WARN  com.alibaba.nacos.client.logging.NacosLogging - Load Logback Configuration of Nacos fail, message: Could not initialize Logback Nacos logging from classpath:nacos-logback.xml
2026-02-06 00:51:31.560 [main] INFO  c.a.n.client.config.impl.LocalConfigInfoProcessor - LOCAL_SNAPSHOT_PATH:C:\Users\12482\nacos\config
2026-02-06 00:51:31.592 [main] INFO  com.alibaba.nacos.common.remote.client - [RpcClientFactory] create a new rpc client of d0f0920c-2f3a-4782-b2f0-b4565f83d29c_config-0
2026-02-06 00:51:31.667 [main] INFO  com.alibaba.nacos.common.remote.client - [d0f0920c-2f3a-4782-b2f0-b4565f83d29c_config-0] Register server push request handler:com.alibaba.nacos.client.config.impl.ClientWorker$ConfigRpcTransportClient$$Lambda$631/0x000001cba339e230
2026-02-06 00:51:31.668 [main] INFO  com.alibaba.nacos.common.remote.client - [d0f0920c-2f3a-4782-b2f0-b4565f83d29c_config-0] Register server push request handler:com.alibaba.nacos.client.config.impl.ClientWorker$ConfigRpcTransportClient$$Lambda$632/0x000001cba339e650
2026-02-06 00:51:31.669 [main] INFO  com.alibaba.nacos.common.remote.client - [d0f0920c-2f3a-4782-b2f0-b4565f83d29c_config-0] Registry connection listener to current client:com.alibaba.nacos.client.config.impl.ClientWorker$ConfigRpcTransportClient$1
2026-02-06 00:51:31.670 [main] INFO  com.alibaba.nacos.common.remote.client - [d0f0920c-2f3a-4782-b2f0-b4565f83d29c_config-0] RpcClient init, ServerListFactory = com.alibaba.nacos.client.config.impl.ClientWorker$ConfigRpcTransportClient$2
2026-02-06 00:51:31.702 [main] INFO  com.alibaba.nacos.common.remote.client - [d0f0920c-2f3a-4782-b2f0-b4565f83d29c_config-0] Try to connect to server on start up, server: {serverIp = '127.0.0.1', server main port = 8848}
2026-02-06 00:51:31.809 [main] INFO  c.a.nacos.common.remote.client.grpc.GrpcClient - grpc client connection server:127.0.0.1 ip,serverPort:9848,grpcTslConfig:{"sslProvider":"OPENSSL","enableTls":false,"mutualAuthEnable":false,"trustAll":false}
2026-02-06 00:51:35.906 [main] INFO  com.alibaba.nacos.common.remote.client - [d0f0920c-2f3a-4782-b2f0-b4565f83d29c_config-0] Success to connect to server [127.0.0.1:8848] on start up, connectionId = 1770360695544_127.0.0.1_52878
2026-02-06 00:51:35.906 [com.alibaba.nacos.client.remote.worker] INFO  com.alibaba.nacos.common.remote.client - [d0f0920c-2f3a-4782-b2f0-b4565f83d29c_config-0] Notify connected event to listeners.
2026-02-06 00:51:35.907 [com.alibaba.nacos.client.remote.worker] INFO  com.alibaba.nacos.client.config.impl.ClientWorker - [d0f0920c-2f3a-4782-b2f0-b4565f83d29c_config-0] Connected,notify listen context...
2026-02-06 00:51:35.907 [main] INFO  com.alibaba.nacos.common.remote.client - [d0f0920c-2f3a-4782-b2f0-b4565f83d29c_config-0] Register server push request handler:com.alibaba.nacos.common.remote.client.RpcClient$ConnectResetRequestHandler
2026-02-06 00:51:35.908 [main] INFO  com.alibaba.nacos.common.remote.client - [d0f0920c-2f3a-4782-b2f0-b4565f83d29c_config-0] Register server push request handler:com.alibaba.nacos.common.remote.client.RpcClient$$Lambda$652/0x000001cba3526188
2026-02-06 00:51:36.016 [main] INFO  com.alibaba.nacos.client.config.impl.Limiter - limitTime:5.0
2026-02-06 00:51:36.297 [main] WARN  c.a.cloud.nacos.client.NacosPropertySourceBuilder - Ignore the empty nacos configuration and get it based on dataId[GreenNote-data-align] & group[DEFAULT_GROUP]
2026-02-06 00:51:36.311 [main] WARN  c.a.cloud.nacos.client.NacosPropertySourceBuilder - Ignore the empty nacos configuration and get it based on dataId[GreenNote-data-align.yaml] & group[DEFAULT_GROUP]
2026-02-06 00:51:36.319 [main] WARN  c.a.cloud.nacos.client.NacosPropertySourceBuilder - Ignore the empty nacos configuration and get it based on dataId[GreenNote-data-align-dev.yaml] & group[DEFAULT_GROUP]
2026-02-06 00:51:36.320 [main] INFO  o.s.c.b.c.PropertySourceBootstrapConfiguration - Located property source: [BootstrapPropertySource {name='bootstrapProperties-GreenNote-data-align-dev.yaml,DEFAULT_GROUP'}, BootstrapPropertySource {name='bootstrapProperties-GreenNote-data-align.yaml,DEFAULT_GROUP'}, BootstrapPropertySource {name='bootstrapProperties-GreenNote-data-align,DEFAULT_GROUP'}]
2026-02-06 00:51:36.363 [main] WARN  com.alibaba.nacos.client.logging.NacosLogging - Load Logback Configuration of Nacos fail, message: Could not initialize Logback Nacos logging from classpath:nacos-logback.xml
2026-02-06 00:51:36.364 [main] INFO  c.e.g.data.align.GreenNoteDataAlignApplication - The following 1 profile is active: "dev"
2026-02-06 00:51:38.161 [main] INFO  o.s.d.r.config.RepositoryConfigurationDelegate - Multiple Spring Data modules found, entering strict repository configuration mode
2026-02-06 00:51:38.167 [main] INFO  o.s.d.r.config.RepositoryConfigurationDelegate - Bootstrapping Spring Data Redis repositories in DEFAULT mode.
2026-02-06 00:51:38.202 [main] INFO  o.s.d.r.config.RepositoryConfigurationDelegate - Finished Spring Data repository scanning in 12 ms. Found 0 Redis repository interfaces.
2026-02-06 00:51:38.721 [main] INFO  o.springframework.cloud.context.scope.GenericScope - BeanFactory id=e26a6335-9db9-324d-a557-c8beecd57ba9
2026-02-06 00:51:38.797 [main] INFO  o.s.c.s.PostProcessorRegistrationDelegate$BeanPostProcessorChecker - Bean 'com.evan.greennote.search.api.SearchFeignApi' of type [org.springframework.cloud.openfeign.FeignClientFactoryBean] is not eligible for getting processed by all BeanPostProcessors (for example: not eligible for auto-proxying)
2026-02-06 00:51:39.155 [main] INFO  o.s.c.s.PostProcessorRegistrationDelegate$BeanPostProcessorChecker - Bean 'org.apache.rocketmq.spring.autoconfigure.MessageConverterConfiguration' of type [org.apache.rocketmq.spring.autoconfigure.MessageConverterConfiguration$$SpringCGLIB$$0] is not eligible for getting processed by all BeanPostProcessors (for example: not eligible for auto-proxying)
2026-02-06 00:51:39.392 [main] INFO  o.s.c.s.PostProcessorRegistrationDelegate$BeanPostProcessorChecker - Bean 'createRocketMQMessageConverter' of type [org.apache.rocketmq.spring.support.RocketMQMessageConverter] is not eligible for getting processed by all BeanPostProcessors (for example: not eligible for auto-proxying)
2026-02-06 00:51:39.396 [main] INFO  o.s.c.s.PostProcessorRegistrationDelegate$BeanPostProcessorChecker - Bean 'org.springframework.cloud.commons.config.CommonsConfigAutoConfiguration' of type [org.springframework.cloud.commons.config.CommonsConfigAutoConfiguration] is not eligible for getting processed by all BeanPostProcessors (for example: not eligible for auto-proxying)
2026-02-06 00:51:39.401 [main] INFO  o.s.c.s.PostProcessorRegistrationDelegate$BeanPostProcessorChecker - Bean 'org.springframework.cloud.client.loadbalancer.LoadBalancerDefaultMappingsProviderAutoConfiguration' of type [org.springframework.cloud.client.loadbalancer.LoadBalancerDefaultMappingsProviderAutoConfiguration] is not eligible for getting processed by all BeanPostProcessors (for example: not eligible for auto-proxying)
2026-02-06 00:51:39.401 [main] INFO  o.s.c.s.PostProcessorRegistrationDelegate$BeanPostProcessorChecker - Bean 'loadBalancerClientsDefaultsMappingsProvider' of type [org.springframework.cloud.client.loadbalancer.LoadBalancerDefaultMappingsProviderAutoConfiguration$$Lambda$805/0x000001cba36ae620] is not eligible for getting processed by all BeanPostProcessors (for example: not eligible for auto-proxying)
2026-02-06 00:51:39.402 [main] INFO  o.s.c.s.PostProcessorRegistrationDelegate$BeanPostProcessorChecker - Bean 'defaultsBindHandlerAdvisor' of type [org.springframework.cloud.commons.config.DefaultsBindHandlerAdvisor] is not eligible for getting processed by all BeanPostProcessors (for example: not eligible for auto-proxying)
2026-02-06 00:51:39.410 [main] INFO  o.s.c.s.PostProcessorRegistrationDelegate$BeanPostProcessorChecker - Bean 'rocketmq-org.apache.rocketmq.spring.autoconfigure.RocketMQProperties' of type [org.apache.rocketmq.spring.autoconfigure.RocketMQProperties] is not eligible for getting processed by all BeanPostProcessors (for example: not eligible for auto-proxying)
2026-02-06 00:51:39.411 [main] INFO  o.s.c.s.PostProcessorRegistrationDelegate$BeanPostProcessorChecker - Bean 'org.apache.rocketmq.spring.autoconfigure.ListenerContainerConfiguration' of type [org.apache.rocketmq.spring.autoconfigure.ListenerContainerConfiguration$$SpringCGLIB$$0] is not eligible for getting processed by all BeanPostProcessors (for example: not eligible for auto-proxying)
2026-02-06 00:51:40.313 [main] INFO  o.s.boot.web.embedded.tomcat.TomcatWebServer - Tomcat initialized with port(s): 8091 (http)
2026-02-06 00:51:40.355 [main] INFO  org.apache.catalina.core.StandardService - Starting service [Tomcat]
2026-02-06 00:51:40.356 [main] INFO  org.apache.catalina.core.StandardEngine - Starting Servlet engine: [Apache Tomcat/10.1.5]
2026-02-06 00:51:40.656 [main] INFO  o.a.c.core.ContainerBase.[Tomcat].[localhost].[/] - Initializing Spring embedded WebApplicationContext
2026-02-06 00:51:40.656 [main] INFO  o.s.b.w.s.c.ServletWebServerApplicationContext - Root WebApplicationContext: initialization completed in 4264 ms
2026-02-06 00:51:41.576 [main] INFO  c.a.d.s.b.a.DruidDataSourceAutoConfigure - Init DruidDataSource
2026-02-06 00:51:42.860 [main] INFO  com.alibaba.druid.pool.DruidDataSource - {dataSource-1} inited
2026-02-06 00:51:45.089 [main] INFO  o.a.r.s.support.DefaultRocketMQListenerContainer - running container: DefaultRocketMQListenerContainer{consumerGroup='greennote_group_data_align_CountNoteCollectTopic', namespace='', nameServer='127.0.0.1:9876', topic='CountNoteCollectTopic', consumeMode=CONCURRENTLY, selectorType=TAG, selectorExpression='*', messageModel=CLUSTERING', tlsEnable=false, instanceName=DEFAULT}
2026-02-06 00:51:45.089 [main] INFO  o.a.r.s.a.ListenerContainerConfiguration - Register the listener to container, listenerBeanName:todayNoteCollectIncrementData2DBConsumer, containerBeanName:org.apache.rocketmq.spring.support.DefaultRocketMQListenerContainer_1
2026-02-06 00:51:45.317 [main] INFO  o.a.r.s.support.DefaultRocketMQListenerContainer - running container: DefaultRocketMQListenerContainer{consumerGroup='greennote_group_data_align_CountNoteLikeTopic', namespace='', nameServer='127.0.0.1:9876', topic='CountNoteLikeTopic', consumeMode=CONCURRENTLY, selectorType=TAG, selectorExpression='*', messageModel=CLUSTERING', tlsEnable=false, instanceName=DEFAULT}
2026-02-06 00:51:45.318 [main] INFO  o.a.r.s.a.ListenerContainerConfiguration - Register the listener to container, listenerBeanName:todayNoteLikeIncrementData2DBConsumer, containerBeanName:org.apache.rocketmq.spring.support.DefaultRocketMQListenerContainer_2
2026-02-06 00:51:45.508 [main] INFO  o.a.r.s.support.DefaultRocketMQListenerContainer - running container: DefaultRocketMQListenerContainer{consumerGroup='greennote_group_data_align_NoteOperateTopic', namespace='', nameServer='127.0.0.1:9876', topic='NoteOperateTopic', consumeMode=CONCURRENTLY, selectorType=TAG, selectorExpression='*', messageModel=CLUSTERING', tlsEnable=false, instanceName=DEFAULT}
2026-02-06 00:51:45.509 [main] INFO  o.a.r.s.a.ListenerContainerConfiguration - Register the listener to container, listenerBeanName:todayNotePublishIncrementData2DBConsumer, containerBeanName:org.apache.rocketmq.spring.support.DefaultRocketMQListenerContainer_3
2026-02-06 00:51:45.661 [main] INFO  o.a.r.s.support.DefaultRocketMQListenerContainer - running container: DefaultRocketMQListenerContainer{consumerGroup='greennote_group_data_align_CountFollowingTopic', namespace='', nameServer='127.0.0.1:9876', topic='CountFollowingTopic', consumeMode=CONCURRENTLY, selectorType=TAG, selectorExpression='*', messageModel=CLUSTERING', tlsEnable=false, instanceName=DEFAULT}
2026-02-06 00:51:45.662 [main] INFO  o.a.r.s.a.ListenerContainerConfiguration - Register the listener to container, listenerBeanName:todayUserFollowIncrementData2DBConsumer, containerBeanName:org.apache.rocketmq.spring.support.DefaultRocketMQListenerContainer_4
2026-02-06 00:51:46.002 [main] INFO  o.s.cloud.openfeign.FeignClientFactoryBean - For 'GreenNote-search' URL not provided. Will try picking an instance via load-balancing.
2026-02-06 00:51:46.083 [main] INFO  com.evan.greennote.data.align.config.XxlJobConfig - >>>>>>>>>>> xxl-job config init.
2026-02-06 00:51:47.668 [main] WARN  o.s.c.l.c.LoadBalancerCacheAutoConfiguration$LoadBalancerCaffeineWarnLogger - Spring Cloud LoadBalancer is currently working with the default cache. While this cache implementation is useful for development and tests, it's recommended to use Caffeine cache in production.You can switch to using Caffeine cache, by adding it and org.springframework.cache.caffeine.CaffeineCacheManager to the classpath.
2026-02-06 00:51:47.756 [main] INFO  com.xxl.job.core.executor.XxlJobExecutor - >>>>>>>>>>> xxl-job register jobhandler success, name:cleanTempTableJobHandler, jobHandler:com.xxl.job.core.handler.impl.MethodJobHandler@264c9994[class com.evan.greennote.data.align.job.CreateTableXxlJob$$SpringCGLIB$$0#cleanTempTableJobHandler]
2026-02-06 00:51:47.756 [main] INFO  com.xxl.job.core.executor.XxlJobExecutor - >>>>>>>>>>> xxl-job register jobhandler success, name:createTableJobHandler, jobHandler:com.xxl.job.core.handler.impl.MethodJobHandler@46c7e6c0[class com.evan.greennote.data.align.job.CreateTableXxlJob$$SpringCGLIB$$0#createTableJobHandler]
2026-02-06 00:51:47.756 [main] INFO  com.xxl.job.core.executor.XxlJobExecutor - >>>>>>>>>>> xxl-job register jobhandler success, name:fansCountShardingJobHandler, jobHandler:com.xxl.job.core.handler.impl.MethodJobHandler@701a79b[class com.evan.greennote.data.align.job.FansCountShardingXxlJob#fansCountShardingJobHandler]
2026-02-06 00:51:47.756 [main] INFO  com.xxl.job.core.executor.XxlJobExecutor - >>>>>>>>>>> xxl-job register jobhandler success, name:followingCountShardingJobHandler, jobHandler:com.xxl.job.core.handler.impl.MethodJobHandler@2605433[class com.evan.greennote.data.align.job.FollowingCountShardingXxlJob#followingCountShardingJobHandler]
2026-02-06 00:51:47.756 [main] INFO  com.xxl.job.core.executor.XxlJobExecutor - >>>>>>>>>>> xxl-job register jobhandler success, name:noteCollectCountShardingJobHandler, jobHandler:com.xxl.job.core.handler.impl.MethodJobHandler@40a2fdd2[class com.evan.greennote.data.align.job.NoteCollectCountShardingXxlJob#noteCollectCountShardingJobHandler]
2026-02-06 00:51:47.756 [main] INFO  com.xxl.job.core.executor.XxlJobExecutor - >>>>>>>>>>> xxl-job register jobhandler success, name:noteLikeCountShardingJobHandler, jobHandler:com.xxl.job.core.handler.impl.MethodJobHandler@392af2e0[class com.evan.greennote.data.align.job.NoteLikeCountShardingXxlJob#noteLikeCountShardingJobHandler]
2026-02-06 00:51:47.757 [main] INFO  com.xxl.job.core.executor.XxlJobExecutor - >>>>>>>>>>> xxl-job register jobhandler success, name:notePublishCountShardingJobHandler, jobHandler:com.xxl.job.core.handler.impl.MethodJobHandler@331da721[class com.evan.greennote.data.align.job.NotePublishCountShardingXxlJob#notePublishCountShardingJobHandler]
2026-02-06 00:51:47.757 [main] INFO  com.xxl.job.core.executor.XxlJobExecutor - >>>>>>>>>>> xxl-job register jobhandler success, name:userCollectCountShardingJobHandler, jobHandler:com.xxl.job.core.handler.impl.MethodJobHandler@335cbcbd[class com.evan.greennote.data.align.job.UserCollectCountShardingXxlJob#userCollectCountShardingJobHandler]
2026-02-06 00:51:47.757 [main] INFO  com.xxl.job.core.executor.XxlJobExecutor - >>>>>>>>>>> xxl-job register jobhandler success, name:userLikeCountShardingJobHandler, jobHandler:com.xxl.job.core.handler.impl.MethodJobHandler@64c79b69[class com.evan.greennote.data.align.job.UserLikeCountShardingXxlJob#userLikeCountShardingJobHandler]
2026-02-06 00:51:47.973 [main] INFO  o.s.boot.web.embedded.tomcat.TomcatWebServer - Tomcat started on port(s): 8091 (http) with context path ''
2026-02-06 00:51:47.980 [main] INFO  com.alibaba.nacos.client.naming - initializer namespace from ans.namespace attribute : null
2026-02-06 00:51:47.980 [main] INFO  com.alibaba.nacos.client.naming - initializer namespace from ALIBABA_ALIWARE_NAMESPACE attribute :null
2026-02-06 00:51:47.981 [main] INFO  com.alibaba.nacos.client.naming - initializer namespace from namespace attribute :null
2026-02-06 00:51:47.996 [main] INFO  c.a.n.p.auth.spi.client.ClientAuthPluginManager - [ClientAuthPluginManager] Load ClientAuthService com.alibaba.nacos.client.auth.impl.NacosClientAuthServiceImpl success.
2026-02-06 00:51:47.996 [main] INFO  c.a.n.p.auth.spi.client.ClientAuthPluginManager - [ClientAuthPluginManager] Load ClientAuthService com.alibaba.nacos.client.auth.ram.RamClientAuthServiceImpl success.
2026-02-06 00:51:48.002 [main] INFO  com.alibaba.nacos.common.remote.client - [RpcClientFactory] create a new rpc client of b12e0f53-e7f5-4cc9-8b66-2631712746c9
2026-02-06 00:51:48.005 [main] INFO  com.alibaba.nacos.common.remote.client - [b12e0f53-e7f5-4cc9-8b66-2631712746c9] RpcClient init, ServerListFactory = com.alibaba.nacos.client.naming.core.ServerListManager
2026-02-06 00:51:48.005 [main] INFO  com.alibaba.nacos.common.remote.client - [b12e0f53-e7f5-4cc9-8b66-2631712746c9] Registry connection listener to current client:com.alibaba.nacos.client.naming.remote.gprc.redo.NamingGrpcRedoService
2026-02-06 00:51:48.006 [main] INFO  com.alibaba.nacos.common.remote.client - [b12e0f53-e7f5-4cc9-8b66-2631712746c9] Register server push request handler:com.alibaba.nacos.client.naming.remote.gprc.NamingPushRequestHandler
2026-02-06 00:51:48.006 [main] INFO  com.alibaba.nacos.common.remote.client - [b12e0f53-e7f5-4cc9-8b66-2631712746c9] Try to connect to server on start up, server: {serverIp = '127.0.0.1', server main port = 8848}
2026-02-06 00:51:48.006 [main] INFO  c.a.nacos.common.remote.client.grpc.GrpcClient - grpc client connection server:127.0.0.1 ip,serverPort:9848,grpcTslConfig:{"sslProvider":"OPENSSL","enableTls":false,"mutualAuthEnable":false,"trustAll":false}
2026-02-06 00:51:48.026 [Thread-27] INFO  com.xxl.job.core.server.EmbedServer - >>>>>>>>>>> xxl-job remoting server start success, nettype = class com.xxl.job.core.server.EmbedServer, port = 10001
2026-02-06 00:51:48.228 [main] INFO  com.alibaba.nacos.common.remote.client - [b12e0f53-e7f5-4cc9-8b66-2631712746c9] Success to connect to server [127.0.0.1:8848] on start up, connectionId = 1770360708037_127.0.0.1_12452
2026-02-06 00:51:48.228 [main] INFO  com.alibaba.nacos.common.remote.client - [b12e0f53-e7f5-4cc9-8b66-2631712746c9] Register server push request handler:com.alibaba.nacos.common.remote.client.RpcClient$ConnectResetRequestHandler
2026-02-06 00:51:48.228 [main] INFO  com.alibaba.nacos.common.remote.client - [b12e0f53-e7f5-4cc9-8b66-2631712746c9] Register server push request handler:com.alibaba.nacos.common.remote.client.RpcClient$$Lambda$652/0x000001cba3526188
2026-02-06 00:51:48.228 [com.alibaba.nacos.client.remote.worker] INFO  com.alibaba.nacos.common.remote.client - [b12e0f53-e7f5-4cc9-8b66-2631712746c9] Notify connected event to listeners.
2026-02-06 00:51:48.228 [com.alibaba.nacos.client.remote.worker] INFO  com.alibaba.nacos.client.naming - Grpc connection connect
2026-02-06 00:51:48.230 [main] INFO  com.alibaba.nacos.client.naming - [REGISTER-SERVICE] greennote registering service GreenNote-data-align with instance Instance{instanceId='null', ip='10.141.87.136', port=8091, weight=1.0, healthy=true, enabled=true, ephemeral=true, clusterName='DEFAULT', serviceName='null', metadata={IPv6=null, preserved.register.source=SPRING_CLOUD}}
2026-02-06 00:51:48.266 [main] INFO  c.a.cloud.nacos.registry.NacosServiceRegistry - nacos registry, DEFAULT_GROUP GreenNote-data-align 10.141.87.136:8091 register finished
2026-02-06 00:51:48.544 [main] INFO  c.e.g.data.align.GreenNoteDataAlignApplication - Started GreenNoteDataAlignApplication in 21.84 seconds (process running for 26.345)
2026-02-06 00:51:48.551 [main] INFO  com.alibaba.nacos.client.config.impl.CacheData - nacos.cache.data.init.snapshot = true 
2026-02-06 00:51:48.552 [main] INFO  com.alibaba.nacos.client.config.impl.ClientWorker - [fixed-greennote-127.0.0.1_8848] [subscribe] GreenNote-data-align+DEFAULT_GROUP+greennote
2026-02-06 00:51:48.567 [main] INFO  com.alibaba.nacos.client.config.impl.CacheData - [fixed-greennote-127.0.0.1_8848] [add-listener] ok, tenant=greennote, dataId=GreenNote-data-align, group=DEFAULT_GROUP, cnt=1
2026-02-06 00:51:48.568 [main] INFO  c.a.cloud.nacos.refresh.NacosContextRefresher - [Nacos Config] Listening config: dataId=GreenNote-data-align, group=DEFAULT_GROUP
2026-02-06 00:51:48.568 [main] INFO  com.alibaba.nacos.client.config.impl.ClientWorker - [fixed-greennote-127.0.0.1_8848] [subscribe] GreenNote-data-align-dev.yaml+DEFAULT_GROUP+greennote
2026-02-06 00:51:48.568 [main] INFO  com.alibaba.nacos.client.config.impl.CacheData - [fixed-greennote-127.0.0.1_8848] [add-listener] ok, tenant=greennote, dataId=GreenNote-data-align-dev.yaml, group=DEFAULT_GROUP, cnt=1
2026-02-06 00:51:48.568 [main] INFO  c.a.cloud.nacos.refresh.NacosContextRefresher - [Nacos Config] Listening config: dataId=GreenNote-data-align-dev.yaml, group=DEFAULT_GROUP
2026-02-06 00:51:48.570 [main] INFO  com.alibaba.nacos.client.config.impl.ClientWorker - [fixed-greennote-127.0.0.1_8848] [subscribe] GreenNote-data-align.yaml+DEFAULT_GROUP+greennote
2026-02-06 00:51:48.570 [main] INFO  com.alibaba.nacos.client.config.impl.CacheData - [fixed-greennote-127.0.0.1_8848] [add-listener] ok, tenant=greennote, dataId=GreenNote-data-align.yaml, group=DEFAULT_GROUP, cnt=1
2026-02-06 00:51:48.570 [main] INFO  c.a.cloud.nacos.refresh.NacosContextRefresher - [Nacos Config] Listening config: dataId=GreenNote-data-align.yaml, group=DEFAULT_GROUP
2026-02-06 00:57:12.264 [Thread-2] WARN  c.alibaba.nacos.common.http.HttpClientBeanHolder - [HttpClientBeanHolder] Start destroying common HttpClient
2026-02-06 00:57:12.265 [Thread-9] WARN  com.alibaba.nacos.common.notify.NotifyCenter - [NotifyCenter] Start destroying Publisher
2026-02-06 00:57:12.265 [Thread-9] WARN  com.alibaba.nacos.common.notify.NotifyCenter - [NotifyCenter] Destruction of the end
2026-02-06 00:57:12.265 [Thread-2] WARN  c.alibaba.nacos.common.http.HttpClientBeanHolder - [HttpClientBeanHolder] Destruction of the end
2026-02-06 00:57:12.485 [SpringApplicationShutdownHook] INFO  c.a.cloud.nacos.registry.NacosServiceRegistry - De-registering from Nacos Server now...
2026-02-06 00:57:12.485 [SpringApplicationShutdownHook] INFO  com.alibaba.nacos.client.naming - [DEREGISTER-SERVICE] greennote deregistering service GreenNote-data-align with instance: Instance{instanceId='null', ip='10.141.87.136', port=8091, weight=1.0, healthy=true, enabled=true, ephemeral=true, clusterName='DEFAULT', serviceName='null', metadata={}}
2026-02-06 00:57:12.499 [SpringApplicationShutdownHook] INFO  c.a.cloud.nacos.registry.NacosServiceRegistry - De-registration finished.
2026-02-06 00:57:12.500 [SpringApplicationShutdownHook] INFO  com.alibaba.nacos.client.naming - com.alibaba.nacos.client.naming.cache.ServiceInfoHolder do shutdown begin
2026-02-06 00:57:12.500 [SpringApplicationShutdownHook] INFO  com.alibaba.nacos.client.naming - com.alibaba.nacos.client.naming.backups.FailoverReactor do shutdown begin
2026-02-06 00:57:12.500 [SpringApplicationShutdownHook] INFO  com.alibaba.nacos.client.naming - com.alibaba.nacos.client.naming.backups.FailoverReactor do shutdown stop
2026-02-06 00:57:12.500 [SpringApplicationShutdownHook] INFO  com.alibaba.nacos.client.naming - com.alibaba.nacos.client.naming.cache.ServiceInfoHolder do shutdown stop
2026-02-06 00:57:12.500 [SpringApplicationShutdownHook] INFO  com.alibaba.nacos.client.naming - com.alibaba.nacos.client.naming.remote.NamingClientProxyDelegate do shutdown begin
2026-02-06 00:57:12.500 [SpringApplicationShutdownHook] INFO  com.alibaba.nacos.client.naming - com.alibaba.nacos.client.naming.core.ServiceInfoUpdateService do shutdown begin
2026-02-06 00:57:12.500 [SpringApplicationShutdownHook] INFO  com.alibaba.nacos.client.naming - com.alibaba.nacos.client.naming.core.ServiceInfoUpdateService do shutdown stop
2026-02-06 00:57:12.500 [SpringApplicationShutdownHook] INFO  com.alibaba.nacos.client.naming - com.alibaba.nacos.client.naming.core.ServerListManager do shutdown begin
2026-02-06 00:57:12.500 [SpringApplicationShutdownHook] WARN  com.alibaba.nacos.client.naming - [NamingHttpClientManager] Start destroying NacosRestTemplate
2026-02-06 00:57:12.500 [SpringApplicationShutdownHook] WARN  com.alibaba.nacos.client.naming - [NamingHttpClientManager] Destruction of the end
2026-02-06 00:57:12.500 [SpringApplicationShutdownHook] INFO  com.alibaba.nacos.client.naming - com.alibaba.nacos.client.naming.core.ServerListManager do shutdown stop
2026-02-06 00:57:12.500 [SpringApplicationShutdownHook] INFO  com.alibaba.nacos.client.naming - com.alibaba.nacos.client.naming.remote.http.NamingHttpClientProxy do shutdown begin
2026-02-06 00:57:12.500 [SpringApplicationShutdownHook] WARN  com.alibaba.nacos.client.naming - [NamingHttpClientManager] Start destroying NacosRestTemplate
2026-02-06 00:57:12.500 [SpringApplicationShutdownHook] WARN  com.alibaba.nacos.client.naming - [NamingHttpClientManager] Destruction of the end
2026-02-06 00:57:12.500 [SpringApplicationShutdownHook] INFO  com.alibaba.nacos.client.naming - com.alibaba.nacos.client.naming.remote.http.NamingHttpClientProxy do shutdown stop
2026-02-06 00:57:12.500 [SpringApplicationShutdownHook] INFO  com.alibaba.nacos.common.remote.client - Shutdown rpc client, set status to shutdown
2026-02-06 00:57:12.500 [SpringApplicationShutdownHook] INFO  com.alibaba.nacos.common.remote.client - Shutdown client event executor java.util.concurrent.ScheduledThreadPoolExecutor@6f9ab0e0[Running, pool size = 2, active threads = 2, queued tasks = 0, completed tasks = 0]
2026-02-06 00:57:12.500 [SpringApplicationShutdownHook] INFO  com.alibaba.nacos.common.remote.client - Close current connection 1770360708037_127.0.0.1_12452
2026-02-06 00:57:12.505 [SpringApplicationShutdownHook] INFO  c.a.nacos.common.remote.client.grpc.GrpcClient - Shutdown grpc executor java.util.concurrent.ThreadPoolExecutor@19fb1697[Running, pool size = 3, active threads = 0, queued tasks = 0, completed tasks = 83]
2026-02-06 00:57:12.506 [SpringApplicationShutdownHook] INFO  com.alibaba.nacos.client.naming - Shutdown grpc redo service executor java.util.concurrent.ScheduledThreadPoolExecutor@45506cb1[Running, pool size = 1, active threads = 0, queued tasks = 1, completed tasks = 107]
2026-02-06 00:57:12.506 [SpringApplicationShutdownHook] INFO  c.a.n.client.auth.ram.identify.CredentialWatcher - [null] CredentialWatcher is stopped
2026-02-06 00:57:12.506 [SpringApplicationShutdownHook] INFO  c.a.n.client.auth.ram.identify.CredentialService - [null] CredentialService is freed
2026-02-06 00:57:12.507 [SpringApplicationShutdownHook] INFO  com.alibaba.nacos.client.naming - com.alibaba.nacos.client.naming.remote.NamingClientProxyDelegate do shutdown stop
2026-02-06 00:57:12.510 [Thread-27] INFO  com.xxl.job.core.server.EmbedServer - >>>>>>>>>>> xxl-job remoting server stop.
2026-02-06 00:57:12.520 [xxl-job, executor ExecutorRegistryThread] INFO  com.xxl.job.core.thread.ExecutorRegistryThread - >>>>>>>>>>> xxl-job registry-remove success, registryParam:RegistryParam{registryGroup='EXECUTOR', registryKey='xxl-job-executor-greennote', registryValue='http://10.141.87.136:10001/'}, registryResult:ReturnT [code=200, msg=null, content=null]
2026-02-06 00:57:12.520 [xxl-job, executor ExecutorRegistryThread] INFO  com.xxl.job.core.thread.ExecutorRegistryThread - >>>>>>>>>>> xxl-job, executor registry thread destroy.
2026-02-06 00:57:12.520 [SpringApplicationShutdownHook] INFO  com.xxl.job.core.server.EmbedServer - >>>>>>>>>>> xxl-job remoting server destroy success.
2026-02-06 00:57:12.520 [xxl-job, executor JobLogFileCleanThread] INFO  com.xxl.job.core.thread.JobLogFileCleanThread - >>>>>>>>>>> xxl-job, executor JobLogFileCleanThread thread destroy.
2026-02-06 00:57:12.520 [xxl-job, executor TriggerCallbackThread] INFO  com.xxl.job.core.thread.TriggerCallbackThread - >>>>>>>>>>> xxl-job, executor callback thread destroy.
2026-02-06 00:57:12.520 [Thread-26] INFO  com.xxl.job.core.thread.TriggerCallbackThread - >>>>>>>>>>> xxl-job, executor retry callback thread destroy.
2026-02-06 00:57:12.524 [SpringApplicationShutdownHook] INFO  o.a.r.s.support.DefaultRocketMQListenerContainer - container destroyed, DefaultRocketMQListenerContainer{consumerGroup='greennote_group_data_align_CountFollowingTopic', namespace='', nameServer='127.0.0.1:9876', topic='CountFollowingTopic', consumeMode=CONCURRENTLY, selectorType=TAG, selectorExpression='*', messageModel=CLUSTERING', tlsEnable=false, instanceName=DEFAULT}
2026-02-06 00:57:12.525 [SpringApplicationShutdownHook] INFO  o.a.r.s.support.DefaultRocketMQListenerContainer - container destroyed, DefaultRocketMQListenerContainer{consumerGroup='greennote_group_data_align_NoteOperateTopic', namespace='', nameServer='127.0.0.1:9876', topic='NoteOperateTopic', consumeMode=CONCURRENTLY, selectorType=TAG, selectorExpression='*', messageModel=CLUSTERING', tlsEnable=false, instanceName=DEFAULT}
2026-02-06 00:57:12.525 [SpringApplicationShutdownHook] INFO  o.a.r.s.support.DefaultRocketMQListenerContainer - container destroyed, DefaultRocketMQListenerContainer{consumerGroup='greennote_group_data_align_CountNoteLikeTopic', namespace='', nameServer='127.0.0.1:9876', topic='CountNoteLikeTopic', consumeMode=CONCURRENTLY, selectorType=TAG, selectorExpression='*', messageModel=CLUSTERING', tlsEnable=false, instanceName=DEFAULT}
2026-02-06 00:57:12.525 [SpringApplicationShutdownHook] INFO  o.a.r.s.support.DefaultRocketMQListenerContainer - container destroyed, DefaultRocketMQListenerContainer{consumerGroup='greennote_group_data_align_CountNoteCollectTopic', namespace='', nameServer='127.0.0.1:9876', topic='CountNoteCollectTopic', consumeMode=CONCURRENTLY, selectorType=TAG, selectorExpression='*', messageModel=CLUSTERING', tlsEnable=false, instanceName=DEFAULT}
2026-02-06 00:57:12.527 [SpringApplicationShutdownHook] INFO  com.alibaba.druid.pool.DruidDataSource - {dataSource-1} closing ...
2026-02-06 00:57:12.545 [SpringApplicationShutdownHook] INFO  com.alibaba.druid.pool.DruidDataSource - {dataSource-1} closed
2026-02-06 16:52:32.000 [main] WARN  com.alibaba.nacos.client.logging.NacosLogging - Load Logback Configuration of Nacos fail, message: Could not initialize Logback Nacos logging from classpath:nacos-logback.xml
2026-02-06 16:52:32.125 [main] WARN  com.alibaba.nacos.client.logging.NacosLogging - Load Logback Configuration of Nacos fail, message: Could not initialize Logback Nacos logging from classpath:nacos-logback.xml
2026-02-06 16:52:32.917 [main] WARN  com.alibaba.nacos.client.logging.NacosLogging - Load Logback Configuration of Nacos fail, message: Could not initialize Logback Nacos logging from classpath:nacos-logback.xml
2026-02-06 16:52:32.921 [main] INFO  com.alibaba.nacos.client.utils.ParamUtil - [settings] [req-serv] nacos-server port:8848
2026-02-06 16:52:32.922 [main] INFO  com.alibaba.nacos.client.utils.ParamUtil - [settings] [http-client] connect timeout:1000
2026-02-06 16:52:32.924 [main] INFO  com.alibaba.nacos.client.utils.ParamUtil - PER_TASK_CONFIG_SIZE: 3000.0
2026-02-06 16:52:32.980 [main] INFO  c.a.n.p.auth.spi.client.ClientAuthPluginManager - [ClientAuthPluginManager] Load ClientAuthService com.alibaba.nacos.client.auth.impl.NacosClientAuthServiceImpl success.
2026-02-06 16:52:32.980 [main] INFO  c.a.n.p.auth.spi.client.ClientAuthPluginManager - [ClientAuthPluginManager] Load ClientAuthService com.alibaba.nacos.client.auth.ram.RamClientAuthServiceImpl success.
2026-02-06 16:52:32.987 [main] INFO  c.a.n.client.auth.ram.identify.CredentialWatcher - null No credential found
2026-02-06 16:52:33.499 [main] WARN  com.alibaba.nacos.client.logging.NacosLogging - Load Logback Configuration of Nacos fail, message: Could not initialize Logback Nacos logging from classpath:nacos-logback.xml
2026-02-06 16:52:33.534 [main] INFO  c.a.n.client.config.impl.LocalConfigInfoProcessor - LOCAL_SNAPSHOT_PATH:C:\Users\12482\nacos\config
2026-02-06 16:52:33.541 [main] INFO  com.alibaba.nacos.common.remote.client - [RpcClientFactory] create a new rpc client of f61b474c-6d4a-4ad9-904a-b9687efd48d3_config-0
2026-02-06 16:52:33.585 [main] INFO  com.alibaba.nacos.common.remote.client - [f61b474c-6d4a-4ad9-904a-b9687efd48d3_config-0] Register server push request handler:com.alibaba.nacos.client.config.impl.ClientWorker$ConfigRpcTransportClient$$Lambda$643/0x0000023fd83c5418
2026-02-06 16:52:33.586 [main] INFO  com.alibaba.nacos.common.remote.client - [f61b474c-6d4a-4ad9-904a-b9687efd48d3_config-0] Register server push request handler:com.alibaba.nacos.client.config.impl.ClientWorker$ConfigRpcTransportClient$$Lambda$644/0x0000023fd83c5838
2026-02-06 16:52:33.587 [main] INFO  com.alibaba.nacos.common.remote.client - [f61b474c-6d4a-4ad9-904a-b9687efd48d3_config-0] Registry connection listener to current client:com.alibaba.nacos.client.config.impl.ClientWorker$ConfigRpcTransportClient$1
2026-02-06 16:52:33.588 [main] INFO  com.alibaba.nacos.common.remote.client - [f61b474c-6d4a-4ad9-904a-b9687efd48d3_config-0] RpcClient init, ServerListFactory = com.alibaba.nacos.client.config.impl.ClientWorker$ConfigRpcTransportClient$2
2026-02-06 16:52:33.608 [main] INFO  com.alibaba.nacos.common.remote.client - [f61b474c-6d4a-4ad9-904a-b9687efd48d3_config-0] Try to connect to server on start up, server: {serverIp = '127.0.0.1', server main port = 8848}
2026-02-06 16:52:33.706 [main] INFO  c.a.nacos.common.remote.client.grpc.GrpcClient - grpc client connection server:127.0.0.1 ip,serverPort:9848,grpcTslConfig:{"sslProvider":"OPENSSL","enableTls":false,"mutualAuthEnable":false,"trustAll":false}
2026-02-06 16:52:35.367 [main] INFO  com.alibaba.nacos.common.remote.client - [f61b474c-6d4a-4ad9-904a-b9687efd48d3_config-0] Success to connect to server [127.0.0.1:8848] on start up, connectionId = 1770418355103_127.0.0.1_39309
2026-02-06 16:52:35.368 [com.alibaba.nacos.client.remote.worker] INFO  com.alibaba.nacos.common.remote.client - [f61b474c-6d4a-4ad9-904a-b9687efd48d3_config-0] Notify connected event to listeners.
2026-02-06 16:52:35.368 [com.alibaba.nacos.client.remote.worker] INFO  com.alibaba.nacos.client.config.impl.ClientWorker - [f61b474c-6d4a-4ad9-904a-b9687efd48d3_config-0] Connected,notify listen context...
2026-02-06 16:52:35.369 [main] INFO  com.alibaba.nacos.common.remote.client - [f61b474c-6d4a-4ad9-904a-b9687efd48d3_config-0] Register server push request handler:com.alibaba.nacos.common.remote.client.RpcClient$ConnectResetRequestHandler
2026-02-06 16:52:35.369 [main] INFO  com.alibaba.nacos.common.remote.client - [f61b474c-6d4a-4ad9-904a-b9687efd48d3_config-0] Register server push request handler:com.alibaba.nacos.common.remote.client.RpcClient$$Lambda$664/0x0000023fd850d1f0
2026-02-06 16:52:35.478 [main] INFO  com.alibaba.nacos.client.config.impl.Limiter - limitTime:5.0
2026-02-06 16:52:35.519 [main] WARN  c.a.cloud.nacos.client.NacosPropertySourceBuilder - Ignore the empty nacos configuration and get it based on dataId[GreenNote-data-align] & group[DEFAULT_GROUP]
2026-02-06 16:52:35.535 [main] WARN  c.a.cloud.nacos.client.NacosPropertySourceBuilder - Ignore the empty nacos configuration and get it based on dataId[GreenNote-data-align.yaml] & group[DEFAULT_GROUP]
2026-02-06 16:52:35.554 [main] WARN  c.a.cloud.nacos.client.NacosPropertySourceBuilder - Ignore the empty nacos configuration and get it based on dataId[GreenNote-data-align-dev.yaml] & group[DEFAULT_GROUP]
2026-02-06 16:52:35.556 [main] INFO  o.s.c.b.c.PropertySourceBootstrapConfiguration - Located property source: [BootstrapPropertySource {name='bootstrapProperties-GreenNote-data-align-dev.yaml,DEFAULT_GROUP'}, BootstrapPropertySource {name='bootstrapProperties-GreenNote-data-align.yaml,DEFAULT_GROUP'}, BootstrapPropertySource {name='bootstrapProperties-GreenNote-data-align,DEFAULT_GROUP'}]
2026-02-06 16:52:35.619 [main] WARN  com.alibaba.nacos.client.logging.NacosLogging - Load Logback Configuration of Nacos fail, message: Could not initialize Logback Nacos logging from classpath:nacos-logback.xml
2026-02-06 16:52:35.621 [main] INFO  c.e.g.data.align.GreenNoteDataAlignApplication - The following 1 profile is active: "dev"
2026-02-06 16:52:37.505 [main] INFO  o.s.d.r.config.RepositoryConfigurationDelegate - Multiple Spring Data modules found, entering strict repository configuration mode
2026-02-06 16:52:37.511 [main] INFO  o.s.d.r.config.RepositoryConfigurationDelegate - Bootstrapping Spring Data Redis repositories in DEFAULT mode.
2026-02-06 16:52:37.560 [main] INFO  o.s.d.r.config.RepositoryConfigurationDelegate - Finished Spring Data repository scanning in 19 ms. Found 0 Redis repository interfaces.
2026-02-06 16:52:38.075 [main] INFO  o.springframework.cloud.context.scope.GenericScope - BeanFactory id=e26a6335-9db9-324d-a557-c8beecd57ba9
2026-02-06 16:52:38.145 [main] INFO  o.s.c.s.PostProcessorRegistrationDelegate$BeanPostProcessorChecker - Bean 'com.evan.greennote.search.api.SearchFeignApi' of type [org.springframework.cloud.openfeign.FeignClientFactoryBean] is not eligible for getting processed by all BeanPostProcessors (for example: not eligible for auto-proxying)
2026-02-06 16:52:38.529 [main] INFO  o.s.c.s.PostProcessorRegistrationDelegate$BeanPostProcessorChecker - Bean 'org.apache.rocketmq.spring.autoconfigure.MessageConverterConfiguration' of type [org.apache.rocketmq.spring.autoconfigure.MessageConverterConfiguration$$SpringCGLIB$$0] is not eligible for getting processed by all BeanPostProcessors (for example: not eligible for auto-proxying)
2026-02-06 16:52:38.662 [main] INFO  o.s.c.s.PostProcessorRegistrationDelegate$BeanPostProcessorChecker - Bean 'createRocketMQMessageConverter' of type [org.apache.rocketmq.spring.support.RocketMQMessageConverter] is not eligible for getting processed by all BeanPostProcessors (for example: not eligible for auto-proxying)
2026-02-06 16:52:38.666 [main] INFO  o.s.c.s.PostProcessorRegistrationDelegate$BeanPostProcessorChecker - Bean 'org.springframework.cloud.commons.config.CommonsConfigAutoConfiguration' of type [org.springframework.cloud.commons.config.CommonsConfigAutoConfiguration] is not eligible for getting processed by all BeanPostProcessors (for example: not eligible for auto-proxying)
2026-02-06 16:52:38.672 [main] INFO  o.s.c.s.PostProcessorRegistrationDelegate$BeanPostProcessorChecker - Bean 'org.springframework.cloud.client.loadbalancer.LoadBalancerDefaultMappingsProviderAutoConfiguration' of type [org.springframework.cloud.client.loadbalancer.LoadBalancerDefaultMappingsProviderAutoConfiguration] is not eligible for getting processed by all BeanPostProcessors (for example: not eligible for auto-proxying)
2026-02-06 16:52:38.672 [main] INFO  o.s.c.s.PostProcessorRegistrationDelegate$BeanPostProcessorChecker - Bean 'loadBalancerClientsDefaultsMappingsProvider' of type [org.springframework.cloud.client.loadbalancer.LoadBalancerDefaultMappingsProviderAutoConfiguration$$Lambda$817/0x0000023fd86d49d0] is not eligible for getting processed by all BeanPostProcessors (for example: not eligible for auto-proxying)
2026-02-06 16:52:38.673 [main] INFO  o.s.c.s.PostProcessorRegistrationDelegate$BeanPostProcessorChecker - Bean 'defaultsBindHandlerAdvisor' of type [org.springframework.cloud.commons.config.DefaultsBindHandlerAdvisor] is not eligible for getting processed by all BeanPostProcessors (for example: not eligible for auto-proxying)
2026-02-06 16:52:38.685 [main] INFO  o.s.c.s.PostProcessorRegistrationDelegate$BeanPostProcessorChecker - Bean 'rocketmq-org.apache.rocketmq.spring.autoconfigure.RocketMQProperties' of type [org.apache.rocketmq.spring.autoconfigure.RocketMQProperties] is not eligible for getting processed by all BeanPostProcessors (for example: not eligible for auto-proxying)
2026-02-06 16:52:38.686 [main] INFO  o.s.c.s.PostProcessorRegistrationDelegate$BeanPostProcessorChecker - Bean 'org.apache.rocketmq.spring.autoconfigure.ListenerContainerConfiguration' of type [org.apache.rocketmq.spring.autoconfigure.ListenerContainerConfiguration$$SpringCGLIB$$0] is not eligible for getting processed by all BeanPostProcessors (for example: not eligible for auto-proxying)
2026-02-06 16:52:39.214 [main] INFO  o.s.boot.web.embedded.tomcat.TomcatWebServer - Tomcat initialized with port(s): 8091 (http)
2026-02-06 16:52:39.246 [main] INFO  org.apache.catalina.core.StandardService - Starting service [Tomcat]
2026-02-06 16:52:39.247 [main] INFO  org.apache.catalina.core.StandardEngine - Starting Servlet engine: [Apache Tomcat/10.1.5]
2026-02-06 16:52:39.460 [main] INFO  o.a.c.core.ContainerBase.[Tomcat].[localhost].[/] - Initializing Spring embedded WebApplicationContext
2026-02-06 16:52:39.461 [main] INFO  o.s.b.w.s.c.ServletWebServerApplicationContext - Root WebApplicationContext: initialization completed in 3806 ms
2026-02-06 16:52:40.341 [main] INFO  c.a.d.s.b.a.DruidDataSourceAutoConfigure - Init DruidDataSource
2026-02-06 16:52:40.991 [main] INFO  com.alibaba.druid.pool.DruidDataSource - {dataSource-1} inited
2026-02-06 16:52:42.015 [main] INFO  o.a.r.s.support.DefaultRocketMQListenerContainer - running container: DefaultRocketMQListenerContainer{consumerGroup='greennote_group_data_align_CountNoteCollectTopic', namespace='', nameServer='127.0.0.1:9876', topic='CountNoteCollectTopic', consumeMode=CONCURRENTLY, selectorType=TAG, selectorExpression='*', messageModel=CLUSTERING', tlsEnable=false, instanceName=DEFAULT}
2026-02-06 16:52:42.016 [main] INFO  o.a.r.s.a.ListenerContainerConfiguration - Register the listener to container, listenerBeanName:todayNoteCollectIncrementData2DBConsumer, containerBeanName:org.apache.rocketmq.spring.support.DefaultRocketMQListenerContainer_1
2026-02-06 16:52:42.128 [main] INFO  o.a.r.s.support.DefaultRocketMQListenerContainer - running container: DefaultRocketMQListenerContainer{consumerGroup='greennote_group_data_align_CountNoteLikeTopic', namespace='', nameServer='127.0.0.1:9876', topic='CountNoteLikeTopic', consumeMode=CONCURRENTLY, selectorType=TAG, selectorExpression='*', messageModel=CLUSTERING', tlsEnable=false, instanceName=DEFAULT}
2026-02-06 16:52:42.129 [main] INFO  o.a.r.s.a.ListenerContainerConfiguration - Register the listener to container, listenerBeanName:todayNoteLikeIncrementData2DBConsumer, containerBeanName:org.apache.rocketmq.spring.support.DefaultRocketMQListenerContainer_2
2026-02-06 16:52:42.237 [main] INFO  o.a.r.s.support.DefaultRocketMQListenerContainer - running container: DefaultRocketMQListenerContainer{consumerGroup='greennote_group_data_align_NoteOperateTopic', namespace='', nameServer='127.0.0.1:9876', topic='NoteOperateTopic', consumeMode=CONCURRENTLY, selectorType=TAG, selectorExpression='*', messageModel=CLUSTERING', tlsEnable=false, instanceName=DEFAULT}
2026-02-06 16:52:42.237 [main] INFO  o.a.r.s.a.ListenerContainerConfiguration - Register the listener to container, listenerBeanName:todayNotePublishIncrementData2DBConsumer, containerBeanName:org.apache.rocketmq.spring.support.DefaultRocketMQListenerContainer_3
2026-02-06 16:52:42.376 [main] INFO  o.a.r.s.support.DefaultRocketMQListenerContainer - running container: DefaultRocketMQListenerContainer{consumerGroup='greennote_group_data_align_CountFollowingTopic', namespace='', nameServer='127.0.0.1:9876', topic='CountFollowingTopic', consumeMode=CONCURRENTLY, selectorType=TAG, selectorExpression='*', messageModel=CLUSTERING', tlsEnable=false, instanceName=DEFAULT}
2026-02-06 16:52:42.376 [main] INFO  o.a.r.s.a.ListenerContainerConfiguration - Register the listener to container, listenerBeanName:todayUserFollowIncrementData2DBConsumer, containerBeanName:org.apache.rocketmq.spring.support.DefaultRocketMQListenerContainer_4
2026-02-06 16:52:42.694 [main] INFO  o.s.cloud.openfeign.FeignClientFactoryBean - For 'GreenNote-search' URL not provided. Will try picking an instance via load-balancing.
2026-02-06 16:52:42.778 [main] INFO  com.evan.greennote.data.align.config.XxlJobConfig - >>>>>>>>>>> xxl-job config init.
2026-02-06 16:52:44.595 [main] WARN  o.s.c.l.c.LoadBalancerCacheAutoConfiguration$LoadBalancerCaffeineWarnLogger - Spring Cloud LoadBalancer is currently working with the default cache. While this cache implementation is useful for development and tests, it's recommended to use Caffeine cache in production.You can switch to using Caffeine cache, by adding it and org.springframework.cache.caffeine.CaffeineCacheManager to the classpath.
2026-02-06 16:52:44.687 [main] INFO  com.xxl.job.core.executor.XxlJobExecutor - >>>>>>>>>>> xxl-job register jobhandler success, name:createTableJobHandler, jobHandler:com.xxl.job.core.handler.impl.MethodJobHandler@2e214d39[class com.evan.greennote.data.align.job.CreateTableXxlJob$$SpringCGLIB$$0#createTableJobHandler]
2026-02-06 16:52:44.687 [main] INFO  com.xxl.job.core.executor.XxlJobExecutor - >>>>>>>>>>> xxl-job register jobhandler success, name:cleanTempTableJobHandler, jobHandler:com.xxl.job.core.handler.impl.MethodJobHandler@622e39d[class com.evan.greennote.data.align.job.CreateTableXxlJob$$SpringCGLIB$$0#cleanTempTableJobHandler]
2026-02-06 16:52:44.687 [main] INFO  com.xxl.job.core.executor.XxlJobExecutor - >>>>>>>>>>> xxl-job register jobhandler success, name:fansCountShardingJobHandler, jobHandler:com.xxl.job.core.handler.impl.MethodJobHandler@43a9988a[class com.evan.greennote.data.align.job.FansCountShardingXxlJob#fansCountShardingJobHandler]
2026-02-06 16:52:44.687 [main] INFO  com.xxl.job.core.executor.XxlJobExecutor - >>>>>>>>>>> xxl-job register jobhandler success, name:followingCountShardingJobHandler, jobHandler:com.xxl.job.core.handler.impl.MethodJobHandler@611ffa8d[class com.evan.greennote.data.align.job.FollowingCountShardingXxlJob#followingCountShardingJobHandler]
2026-02-06 16:52:44.688 [main] INFO  com.xxl.job.core.executor.XxlJobExecutor - >>>>>>>>>>> xxl-job register jobhandler success, name:noteCollectCountShardingJobHandler, jobHandler:com.xxl.job.core.handler.impl.MethodJobHandler@45f32b12[class com.evan.greennote.data.align.job.NoteCollectCountShardingXxlJob#noteCollectCountShardingJobHandler]
2026-02-06 16:52:44.688 [main] INFO  com.xxl.job.core.executor.XxlJobExecutor - >>>>>>>>>>> xxl-job register jobhandler success, name:noteLikeCountShardingJobHandler, jobHandler:com.xxl.job.core.handler.impl.MethodJobHandler@54dc163a[class com.evan.greennote.data.align.job.NoteLikeCountShardingXxlJob#noteLikeCountShardingJobHandler]
2026-02-06 16:52:44.688 [main] INFO  com.xxl.job.core.executor.XxlJobExecutor - >>>>>>>>>>> xxl-job register jobhandler success, name:notePublishCountShardingJobHandler, jobHandler:com.xxl.job.core.handler.impl.MethodJobHandler@5bbeb9e3[class com.evan.greennote.data.align.job.NotePublishCountShardingXxlJob#notePublishCountShardingJobHandler]
2026-02-06 16:52:44.688 [main] INFO  com.xxl.job.core.executor.XxlJobExecutor - >>>>>>>>>>> xxl-job register jobhandler success, name:userCollectCountShardingJobHandler, jobHandler:com.xxl.job.core.handler.impl.MethodJobHandler@456beb8b[class com.evan.greennote.data.align.job.UserCollectCountShardingXxlJob#userCollectCountShardingJobHandler]
2026-02-06 16:52:44.688 [main] INFO  com.xxl.job.core.executor.XxlJobExecutor - >>>>>>>>>>> xxl-job register jobhandler success, name:userLikeCountShardingJobHandler, jobHandler:com.xxl.job.core.handler.impl.MethodJobHandler@191cf38f[class com.evan.greennote.data.align.job.UserLikeCountShardingXxlJob#userLikeCountShardingJobHandler]
2026-02-06 16:52:44.900 [main] INFO  o.s.boot.web.embedded.tomcat.TomcatWebServer - Tomcat started on port(s): 8091 (http) with context path ''
2026-02-06 16:52:44.908 [main] INFO  com.alibaba.nacos.client.naming - initializer namespace from ans.namespace attribute : null
2026-02-06 16:52:44.908 [main] INFO  com.alibaba.nacos.client.naming - initializer namespace from ALIBABA_ALIWARE_NAMESPACE attribute :null
2026-02-06 16:52:44.909 [main] INFO  com.alibaba.nacos.client.naming - initializer namespace from namespace attribute :null
2026-02-06 16:52:44.928 [main] INFO  c.a.n.p.auth.spi.client.ClientAuthPluginManager - [ClientAuthPluginManager] Load ClientAuthService com.alibaba.nacos.client.auth.impl.NacosClientAuthServiceImpl success.
2026-02-06 16:52:44.928 [main] INFO  c.a.n.p.auth.spi.client.ClientAuthPluginManager - [ClientAuthPluginManager] Load ClientAuthService com.alibaba.nacos.client.auth.ram.RamClientAuthServiceImpl success.
2026-02-06 16:52:44.935 [main] INFO  com.alibaba.nacos.common.remote.client - [RpcClientFactory] create a new rpc client of 5b90a0e7-41be-4d02-96a1-0e676baa36ee
2026-02-06 16:52:44.938 [main] INFO  com.alibaba.nacos.common.remote.client - [5b90a0e7-41be-4d02-96a1-0e676baa36ee] RpcClient init, ServerListFactory = com.alibaba.nacos.client.naming.core.ServerListManager
2026-02-06 16:52:44.939 [main] INFO  com.alibaba.nacos.common.remote.client - [5b90a0e7-41be-4d02-96a1-0e676baa36ee] Registry connection listener to current client:com.alibaba.nacos.client.naming.remote.gprc.redo.NamingGrpcRedoService
2026-02-06 16:52:44.939 [main] INFO  com.alibaba.nacos.common.remote.client - [5b90a0e7-41be-4d02-96a1-0e676baa36ee] Register server push request handler:com.alibaba.nacos.client.naming.remote.gprc.NamingPushRequestHandler
2026-02-06 16:52:44.940 [main] INFO  com.alibaba.nacos.common.remote.client - [5b90a0e7-41be-4d02-96a1-0e676baa36ee] Try to connect to server on start up, server: {serverIp = '127.0.0.1', server main port = 8848}
2026-02-06 16:52:44.940 [main] INFO  c.a.nacos.common.remote.client.grpc.GrpcClient - grpc client connection server:127.0.0.1 ip,serverPort:9848,grpcTslConfig:{"sslProvider":"OPENSSL","enableTls":false,"mutualAuthEnable":false,"trustAll":false}
2026-02-06 16:52:44.986 [Thread-26] INFO  com.xxl.job.core.server.EmbedServer - >>>>>>>>>>> xxl-job remoting server start success, nettype = class com.xxl.job.core.server.EmbedServer, port = 10001
2026-02-06 16:52:45.066 [main] INFO  com.alibaba.nacos.common.remote.client - [5b90a0e7-41be-4d02-96a1-0e676baa36ee] Success to connect to server [127.0.0.1:8848] on start up, connectionId = 1770418364955_127.0.0.1_47620
2026-02-06 16:52:45.066 [com.alibaba.nacos.client.remote.worker] INFO  com.alibaba.nacos.common.remote.client - [5b90a0e7-41be-4d02-96a1-0e676baa36ee] Notify connected event to listeners.
2026-02-06 16:52:45.066 [com.alibaba.nacos.client.remote.worker] INFO  com.alibaba.nacos.client.naming - Grpc connection connect
2026-02-06 16:52:45.066 [main] INFO  com.alibaba.nacos.common.remote.client - [5b90a0e7-41be-4d02-96a1-0e676baa36ee] Register server push request handler:com.alibaba.nacos.common.remote.client.RpcClient$ConnectResetRequestHandler
2026-02-06 16:52:45.066 [main] INFO  com.alibaba.nacos.common.remote.client - [5b90a0e7-41be-4d02-96a1-0e676baa36ee] Register server push request handler:com.alibaba.nacos.common.remote.client.RpcClient$$Lambda$664/0x0000023fd850d1f0
2026-02-06 16:52:45.068 [main] INFO  com.alibaba.nacos.client.naming - [REGISTER-SERVICE] greennote registering service GreenNote-data-align with instance Instance{instanceId='null', ip='10.140.143.113', port=8091, weight=1.0, healthy=true, enabled=true, ephemeral=true, clusterName='DEFAULT', serviceName='null', metadata={IPv6=null, preserved.register.source=SPRING_CLOUD}}
2026-02-06 16:52:45.088 [main] INFO  c.a.cloud.nacos.registry.NacosServiceRegistry - nacos registry, DEFAULT_GROUP GreenNote-data-align 10.140.143.113:8091 register finished
2026-02-06 16:52:45.334 [main] INFO  c.e.g.data.align.GreenNoteDataAlignApplication - Started GreenNoteDataAlignApplication in 14.74 seconds (process running for 15.843)
2026-02-06 16:52:45.341 [main] INFO  com.alibaba.nacos.client.config.impl.CacheData - nacos.cache.data.init.snapshot = true 
2026-02-06 16:52:45.342 [main] INFO  com.alibaba.nacos.client.config.impl.ClientWorker - [fixed-greennote-127.0.0.1_8848] [subscribe] GreenNote-data-align+DEFAULT_GROUP+greennote
2026-02-06 16:52:45.356 [main] INFO  com.alibaba.nacos.client.config.impl.CacheData - [fixed-greennote-127.0.0.1_8848] [add-listener] ok, tenant=greennote, dataId=GreenNote-data-align, group=DEFAULT_GROUP, cnt=1
2026-02-06 16:52:45.356 [main] INFO  c.a.cloud.nacos.refresh.NacosContextRefresher - [Nacos Config] Listening config: dataId=GreenNote-data-align, group=DEFAULT_GROUP
2026-02-06 16:52:45.357 [main] INFO  com.alibaba.nacos.client.config.impl.ClientWorker - [fixed-greennote-127.0.0.1_8848] [subscribe] GreenNote-data-align-dev.yaml+DEFAULT_GROUP+greennote
2026-02-06 16:52:45.357 [main] INFO  com.alibaba.nacos.client.config.impl.CacheData - [fixed-greennote-127.0.0.1_8848] [add-listener] ok, tenant=greennote, dataId=GreenNote-data-align-dev.yaml, group=DEFAULT_GROUP, cnt=1
2026-02-06 16:52:45.357 [main] INFO  c.a.cloud.nacos.refresh.NacosContextRefresher - [Nacos Config] Listening config: dataId=GreenNote-data-align-dev.yaml, group=DEFAULT_GROUP
2026-02-06 16:52:45.358 [main] INFO  com.alibaba.nacos.client.config.impl.ClientWorker - [fixed-greennote-127.0.0.1_8848] [subscribe] GreenNote-data-align.yaml+DEFAULT_GROUP+greennote
2026-02-06 16:52:45.359 [main] INFO  com.alibaba.nacos.client.config.impl.CacheData - [fixed-greennote-127.0.0.1_8848] [add-listener] ok, tenant=greennote, dataId=GreenNote-data-align.yaml, group=DEFAULT_GROUP, cnt=1
2026-02-06 16:52:45.359 [main] INFO  c.a.cloud.nacos.refresh.NacosContextRefresher - [Nacos Config] Listening config: dataId=GreenNote-data-align.yaml, group=DEFAULT_GROUP
