2026-01-24 20:22:51.946 [main] WARN  com.alibaba.nacos.client.logging.NacosLogging - Load Logback Configuration of Nacos fail, message: Could not initialize Logback Nacos logging from classpath:nacos-logback.xml
2026-01-24 20:22:51.996 [main] WARN  com.alibaba.nacos.client.logging.NacosLogging - Load Logback Configuration of Nacos fail, message: Could not initialize Logback Nacos logging from classpath:nacos-logback.xml
2026-01-24 20:22:52.379 [main] WARN  com.alibaba.nacos.client.logging.NacosLogging - Load Logback Configuration of Nacos fail, message: Could not initialize Logback Nacos logging from classpath:nacos-logback.xml
2026-01-24 20:22:52.392 [main] WARN  com.alibaba.nacos.client.logging.NacosLogging - Load Logback Configuration of Nacos fail, message: Could not initialize Logback Nacos logging from classpath:nacos-logback.xml
2026-01-24 20:22:52.393 [main] INFO  c.e.g.d.i.g.b.GreenNoteDistributedGeneratorBizApplication - The following 1 profile is active: "dev"
2026-01-24 20:22:52.812 [main] INFO  o.springframework.cloud.context.scope.GenericScope - BeanFactory id=ab990966-1602-3d9b-9f95-30e029a827d5
2026-01-24 20:22:53.019 [main] INFO  o.s.boot.web.embedded.tomcat.TomcatWebServer - Tomcat initialized with port(s): 8085 (http)
2026-01-24 20:22:53.030 [main] INFO  org.apache.catalina.core.StandardService - Starting service [Tomcat]
2026-01-24 20:22:53.031 [main] INFO  org.apache.catalina.core.StandardEngine - Starting Servlet engine: [Apache Tomcat/10.1.5]
2026-01-24 20:22:53.106 [main] INFO  o.a.c.core.ContainerBase.[Tomcat].[localhost].[/] - Initializing Spring embedded WebApplicationContext
2026-01-24 20:22:53.107 [main] INFO  o.s.b.w.s.c.ServletWebServerApplicationContext - Root WebApplicationContext: initialization completed in 703 ms
2026-01-24 20:22:53.233 [main] INFO  com.alibaba.druid.pool.DruidDataSource - {dataSource-1} inited
2026-01-24 20:22:53.329 [main] INFO  c.e.g.d.i.g.biz.core.segment.SegmentIDGenImpl - Init ...
2026-01-24 20:22:53.329 [main] INFO  c.e.g.d.i.g.biz.core.segment.SegmentIDGenImpl - update cache from db
2026-01-24 20:22:53.521 [main] INFO  c.e.g.d.i.g.biz.core.segment.SegmentIDGenImpl - Add tag leaf-segment-test from db to IdCache, SegmentBuffer SegmentBuffer{key='leaf-segment-test', segments=[Segment(value:0,max:0,step:0), Segment(value:0,max:0,step:0)], currentPos=0, nextReady=false, initOk=false, threadRunning=false, step=0, minStep=0, updateTimestamp=0}
2026-01-24 20:22:53.522 [main] INFO  c.e.g.d.i.g.biz.core.segment.SegmentIDGenImpl - Add tag leaf-segment-greennote-id from db to IdCache, SegmentBuffer SegmentBuffer{key='leaf-segment-greennote-id', segments=[Segment(value:0,max:0,step:0), Segment(value:0,max:0,step:0)], currentPos=0, nextReady=false, initOk=false, threadRunning=false, step=0, minStep=0, updateTimestamp=0}
2026-01-24 20:22:53.522 [main] INFO  c.e.g.d.i.g.biz.core.segment.SegmentIDGenImpl - Add tag leaf-segment-user-id from db to IdCache, SegmentBuffer SegmentBuffer{key='leaf-segment-user-id', segments=[Segment(value:0,max:0,step:0), Segment(value:0,max:0,step:0)], currentPos=0, nextReady=false, initOk=false, threadRunning=false, step=0, minStep=0, updateTimestamp=0}
2026-01-24 20:22:53.522 [main] INFO  org.perf4j.TimingLogger - start[1769307773330] time[192] tag[updateCacheFromDb]
2026-01-24 20:22:53.524 [main] INFO  c.e.g.d.id.generator.biz.service.SegmentService - Segment Service Init Successfully
2026-01-24 20:22:53.541 [main] INFO  c.e.g.d.i.g.biz.core.snowflake.SnowflakeIDGenImpl - twepoch:1288834974657 ,ip:10.141.192.48 ,zkAddress:127.0.0.1:2181 port:2222
2026-01-24 20:22:53.633 [main] WARN  org.apache.curator.CuratorZookeeperClient - session timeout [6000] is less than connection timeout [10000]
2026-01-24 20:22:53.655 [main] INFO  o.a.curator.framework.imps.CuratorFrameworkImpl - Starting
2026-01-24 20:22:53.665 [main] INFO  org.apache.zookeeper.ZooKeeper - Client environment:zookeeper.version=3.6.0--b4c89dc7f6083829e18fae6e446907ae0b1f22d7, built on 02/25/2020 14:38 GMT
2026-01-24 20:22:53.666 [main] INFO  org.apache.zookeeper.ZooKeeper - Client environment:host.name=10.141.192.48
2026-01-24 20:22:53.666 [main] INFO  org.apache.zookeeper.ZooKeeper - Client environment:java.version=17.0.16
2026-01-24 20:22:53.666 [main] INFO  org.apache.zookeeper.ZooKeeper - Client environment:java.vendor=Oracle Corporation
2026-01-24 20:22:53.666 [main] INFO  org.apache.zookeeper.ZooKeeper - Client environment:java.home=C:\Program Files\Java\jdk-17
2026-01-24 20:22:53.666 [main] INFO  org.apache.zookeeper.ZooKeeper - Client environment:java.class.path=C:\Users\12482\IdeaProjects\GreenNote\GreenNote-distributed-id-generator\GreenNote-distributed-id-generator-biz\target\classes;C:\Users\12482\IdeaProjects\GreenNote\GreenNote-framework\GreenNote-common\target\classes;C:\Maven\repository\org\projectlombok\lombok\1.18.30\lombok-1.18.30.jar;C:\Maven\repository\com\fasterxml\jackson\core\jackson-databind\2.16.1\jackson-databind-2.16.1.jar;C:\Maven\repository\com\fasterxml\jackson\core\jackson-annotations\2.14.1\jackson-annotations-2.14.1.jar;C:\Maven\repository\com\fasterxml\jackson\core\jackson-core\2.16.1\jackson-core-2.16.1.jar;C:\Maven\repository\com\fasterxml\jackson\datatype\jackson-datatype-jsr310\2.14.1\jackson-datatype-jsr310-2.14.1.jar;C:\Maven\repository\jakarta\validation\jakarta.validation-api\3.0.2\jakarta.validation-api-3.0.2.jar;C:\Maven\repository\org\hibernate\validator\hibernate-validator\8.0.0.Final\hibernate-validator-8.0.0.Final.jar;C:\Maven\repository\org\jboss\logging\jboss-logging\3.5.0.Final\jboss-logging-3.5.0.Final.jar;C:\Maven\repository\com\fasterxml\classmate\1.5.1\classmate-1.5.1.jar;C:\Maven\repository\com\google\guava\guava\33.0.0-jre\guava-33.0.0-jre.jar;C:\Maven\repository\com\google\guava\failureaccess\1.0.2\failureaccess-1.0.2.jar;C:\Maven\repository\com\google\guava\listenablefuture\9999.0-empty-to-avoid-conflict-with-guava\listenablefuture-9999.0-empty-to-avoid-conflict-with-guava.jar;C:\Maven\repository\com\google\code\findbugs\jsr305\3.0.2\jsr305-3.0.2.jar;C:\Maven\repository\org\checkerframework\checker-qual\3.41.0\checker-qual-3.41.0.jar;C:\Maven\repository\com\google\errorprone\error_prone_annotations\2.23.0\error_prone_annotations-2.23.0.jar;C:\Maven\repository\com\google\j2objc\j2objc-annotations\2.8\j2objc-annotations-2.8.jar;C:\Maven\repository\cn\hutool\hutool-all\5.8.26\hutool-all-5.8.26.jar;C:\Maven\repository\org\apache\commons\commons-lang3\3.12.0\commons-lang3-3.12.0.jar;C:\Maven\repository\org\springframework\boot\spring-boot-starter-web\3.0.2\spring-boot-starter-web-3.0.2.jar;C:\Maven\repository\org\springframework\boot\spring-boot-starter\3.0.2\spring-boot-starter-3.0.2.jar;C:\Maven\repository\org\springframework\boot\spring-boot\3.0.2\spring-boot-3.0.2.jar;C:\Maven\repository\org\springframework\boot\spring-boot-autoconfigure\3.0.2\spring-boot-autoconfigure-3.0.2.jar;C:\Maven\repository\org\springframework\boot\spring-boot-starter-logging\3.0.2\spring-boot-starter-logging-3.0.2.jar;C:\Maven\repository\ch\qos\logback\logback-classic\1.4.5\logback-classic-1.4.5.jar;C:\Maven\repository\ch\qos\logback\logback-core\1.4.5\logback-core-1.4.5.jar;C:\Maven\repository\org\apache\logging\log4j\log4j-to-slf4j\2.19.0\log4j-to-slf4j-2.19.0.jar;C:\Maven\repository\org\apache\logging\log4j\log4j-api\2.19.0\log4j-api-2.19.0.jar;C:\Maven\repository\org\slf4j\jul-to-slf4j\2.0.6\jul-to-slf4j-2.0.6.jar;C:\Maven\repository\jakarta\annotation\jakarta.annotation-api\2.1.1\jakarta.annotation-api-2.1.1.jar;C:\Maven\repository\org\yaml\snakeyaml\1.33\snakeyaml-1.33.jar;C:\Maven\repository\org\springframework\boot\spring-boot-starter-json\3.0.2\spring-boot-starter-json-3.0.2.jar;C:\Maven\repository\com\fasterxml\jackson\datatype\jackson-datatype-jdk8\2.14.1\jackson-datatype-jdk8-2.14.1.jar;C:\Maven\repository\com\fasterxml\jackson\module\jackson-module-parameter-names\2.14.1\jackson-module-parameter-names-2.14.1.jar;C:\Maven\repository\org\springframework\boot\spring-boot-starter-tomcat\3.0.2\spring-boot-starter-tomcat-3.0.2.jar;C:\Maven\repository\org\apache\tomcat\embed\tomcat-embed-core\10.1.5\tomcat-embed-core-10.1.5.jar;C:\Maven\repository\org\apache\tomcat\embed\tomcat-embed-el\10.1.5\tomcat-embed-el-10.1.5.jar;C:\Maven\repository\org\apache\tomcat\embed\tomcat-embed-websocket\10.1.5\tomcat-embed-websocket-10.1.5.jar;C:\Maven\repository\org\springframework\spring-web\6.0.4\spring-web-6.0.4.jar;C:\Maven\repository\org\springframework\spring-beans\6.0.4\spring-beans-6.0.4.jar;C:\Maven\repository\io\micrometer\micrometer-observation\1.10.3\micrometer-observation-1.10.3.jar;C:\Maven\repository\io\micrometer\micrometer-commons\1.10.3\micrometer-commons-1.10.3.jar;C:\Maven\repository\org\springframework\spring-webmvc\6.0.4\spring-webmvc-6.0.4.jar;C:\Maven\repository\org\springframework\spring-aop\6.0.4\spring-aop-6.0.4.jar;C:\Maven\repository\org\springframework\spring-context\6.0.4\spring-context-6.0.4.jar;C:\Maven\repository\org\springframework\spring-expression\6.0.4\spring-expression-6.0.4.jar;C:\Maven\repository\org\slf4j\slf4j-api\2.0.6\slf4j-api-2.0.6.jar;C:\Maven\repository\org\springframework\spring-core\6.0.4\spring-core-6.0.4.jar;C:\Maven\repository\org\springframework\spring-jcl\6.0.4\spring-jcl-6.0.4.jar;C:\Maven\repository\org\springframework\cloud\spring-cloud-starter-bootstrap\4.0.0\spring-cloud-starter-bootstrap-4.0.0.jar;C:\Maven\repository\org\springframework\cloud\spring-cloud-starter\4.0.0\spring-cloud-starter-4.0.0.jar;C:\Maven\repository\org\springframework\security\spring-security-rsa\1.0.11.RELEASE\spring-security-rsa-1.0.11.RELEASE.jar;C:\Maven\repository\org\bouncycastle\bcpkix-jdk15on\1.69\bcpkix-jdk15on-1.69.jar;C:\Maven\repository\org\bouncycastle\bcprov-jdk15on\1.69\bcprov-jdk15on-1.69.jar;C:\Maven\repository\org\bouncycastle\bcutil-jdk15on\1.69\bcutil-jdk15on-1.69.jar;C:\Maven\repository\com\alibaba\cloud\spring-cloud-starter-alibaba-nacos-discovery\2022.0.0.0\spring-cloud-starter-alibaba-nacos-discovery-2022.0.0.0.jar;C:\Maven\repository\com\alibaba\cloud\spring-cloud-alibaba-commons\2022.0.0.0\spring-cloud-alibaba-commons-2022.0.0.0.jar;C:\Maven\repository\com\alibaba\nacos\nacos-client\2.2.1\nacos-client-2.2.1.jar;C:\Maven\repository\com\alibaba\nacos\nacos-auth-plugin\2.2.1\nacos-auth-plugin-2.2.1.jar;C:\Maven\repository\com\alibaba\nacos\nacos-encryption-plugin\2.2.1\nacos-encryption-plugin-2.2.1.jar;C:\Maven\repository\commons-codec\commons-codec\1.15\commons-codec-1.15.jar;C:\Maven\repository\org\apache\httpcomponents\httpasyncclient\4.1.5\httpasyncclient-4.1.5.jar;C:\Maven\repository\org\apache\httpcomponents\httpcore\4.4.16\httpcore-4.4.16.jar;C:\Maven\repository\org\apache\httpcomponents\httpcore-nio\4.4.16\httpcore-nio-4.4.16.jar;C:\Maven\repository\org\apache\httpcomponents\httpclient\4.5.14\httpclient-4.5.14.jar;C:\Maven\repository\io\prometheus\simpleclient\0.16.0\simpleclient-0.16.0.jar;C:\Maven\repository\io\prometheus\simpleclient_tracer_otel\0.16.0\simpleclient_tracer_otel-0.16.0.jar;C:\Maven\repository\io\prometheus\simpleclient_tracer_common\0.16.0\simpleclient_tracer_common-0.16.0.jar;C:\Maven\repository\io\prometheus\simpleclient_tracer_otel_agent\0.16.0\simpleclient_tracer_otel_agent-0.16.0.jar;C:\Maven\repository\com\alibaba\spring\spring-context-support\1.0.11\spring-context-support-1.0.11.jar;C:\Maven\repository\org\springframework\cloud\spring-cloud-commons\4.0.0\spring-cloud-commons-4.0.0.jar;C:\Maven\repository\org\springframework\security\spring-security-crypto\6.0.1\spring-security-crypto-6.0.1.jar;C:\Maven\repository\org\springframework\cloud\spring-cloud-context\4.0.0\spring-cloud-context-4.0.0.jar;C:\Maven\repository\commons-io\commons-io\2.4\commons-io-2.4.jar;C:\Maven\repository\org\perf4j\perf4j\0.9.16\perf4j-0.9.16.jar;C:\Maven\repository\mysql\mysql-connector-java\8.0.29\mysql-connector-java-8.0.29.jar;C:\Maven\repository\com\google\protobuf\protobuf-java\3.19.4\protobuf-java-3.19.4.jar;C:\Maven\repository\com\alibaba\druid\1.0.18\druid-1.0.18.jar;C:\Maven\repository\org\mybatis\mybatis\3.3.0\mybatis-3.3.0.jar;C:\Maven\repository\org\apache\curator\curator-recipes\2.6.0\curator-recipes-2.6.0.jar;C:\Maven\repository\org\apache\curator\curator-framework\5.1.0\curator-framework-5.1.0.jar;C:\Maven\repository\org\apache\curator\curator-client\5.1.0\curator-client-5.1.0.jar;C:\Maven\repository\org\apache\zookeeper\zookeeper\3.6.0\zookeeper-3.6.0.jar;C:\Maven\repository\commons-lang\commons-lang\2.6\commons-lang-2.6.jar;C:\Maven\repository\org\apache\zookeeper\zookeeper-jute\3.6.0\zookeeper-jute-3.6.0.jar;C:\Maven\repository\org\apache\yetus\audience-annotations\0.5.0\audience-annotations-0.5.0.jar;C:\Maven\repository\io\netty\netty-handler\4.1.87.Final\netty-handler-4.1.87.Final.jar;C:\Maven\repository\io\netty\netty-common\4.1.87.Final\netty-common-4.1.87.Final.jar;C:\Maven\repository\io\netty\netty-resolver\4.1.87.Final\netty-resolver-4.1.87.Final.jar;C:\Maven\repository\io\netty\netty-buffer\4.1.87.Final\netty-buffer-4.1.87.Final.jar;C:\Maven\repository\io\netty\netty-transport\4.1.87.Final\netty-transport-4.1.87.Final.jar;C:\Maven\repository\io\netty\netty-transport-native-unix-common\4.1.87.Final\netty-transport-native-unix-common-4.1.87.Final.jar;C:\Maven\repository\io\netty\netty-codec\4.1.87.Final\netty-codec-4.1.87.Final.jar;C:\Maven\repository\io\netty\netty-transport-native-epoll\4.1.87.Final\netty-transport-native-epoll-4.1.87.Final.jar;C:\Maven\repository\io\netty\netty-transport-classes-epoll\4.1.87.Final\netty-transport-classes-epoll-4.1.87.Final.jar
2026-01-24 20:22:53.666 [main] INFO  org.apache.zookeeper.ZooKeeper - Client environment:java.library.path=C:\Program Files\Java\jdk-17\bin;C:\WINDOWS\Sun\Java\bin;C:\WINDOWS\system32;C:\WINDOWS;C:\Python314\Scripts\;C:\Python314\;C:\Program Files\Eclipse Adoptium\jdk-17.0.16.8-hotspot\bin;C:\Users\12482\AppData\Local\Programs\Python\Python313\Scripts\;C:\Users\12482\AppData\Local\Programs\Python\Python313\;C:\Program Files (x86)\Common Files\Oracle\Java\javapath;C:\WINDOWS\system32;C:\WINDOWS;C:\WINDOWS\System32\Wbem;C:\WINDOWS\System32\WindowsPowerShell\v1.0\;C:\WINDOWS\System32\OpenSSH\;C:\Program Files (x86)\NVIDIA Corporation\PhysX\Common;C:\Program Files\NVIDIA Corporation\NVIDIA NvDLISR;C:\Users\12482\jdk-24\bin;C:\Users\12482\jdk-24\bin;C:\Program Files\Git\cmd;C:\Program Files\dotnet\;C:\Program Files (x86)\cloudflared\;C:\Program Files\Docker\Docker\resources\bin;C:\Maven\apache-maven-3.9.11\bin;C:\ProgramData\chocolatey\bin;C:\Program Files\nodejs\;c:\Users\12482\AppData\Local\Programs\cursor\resources\app\codeBin;C:\Users\12482\AppData\Local\Programs\Python\Python313\Scripts\;C:\Users\12482\AppData\Local\Programs\Python\Python313\;C:\Users\12482\AppData\Local\Programs\Python\Python39\Scripts\;C:\Users\12482\AppData\Local\Programs\Python\Python39\;C:\Users\12482\AppData\Local\Microsoft\WindowsApps;;C:\Users\12482\AppData\Local\Programs\Fiddler;C:\Program Files\JetBrains\IntelliJ IDEA 2025.2.1\bin;C:\Users\12482\AppData\Local\Programs\Microsoft VS Code\bin;C:\Users\12482\AppData\Local\Microsoft\WindowsApps;C:\Users\12482\AppData\Local\Programs\cursor\resources\app\bin;C:\Program Files\JetBrains\PyCharm 2025.2.2\bin;C:\Program Files\JetBrains\GoLand 2025.2.4\bin;C:\Users\12482\AppData\Roaming\npm;C:\Users\12482\AppData\Local\Programs\Kiro\bin;C:\Users\12482\AppData\Local\Programs\Antigravity\bin;.
2026-01-24 20:22:53.666 [main] INFO  org.apache.zookeeper.ZooKeeper - Client environment:java.io.tmpdir=C:\Users\12482\AppData\Local\Temp\
2026-01-24 20:22:53.666 [main] INFO  org.apache.zookeeper.ZooKeeper - Client environment:java.compiler=<NA>
2026-01-24 20:22:53.666 [main] INFO  org.apache.zookeeper.ZooKeeper - Client environment:os.name=Windows 11
2026-01-24 20:22:53.666 [main] INFO  org.apache.zookeeper.ZooKeeper - Client environment:os.arch=amd64
2026-01-24 20:22:53.666 [main] INFO  org.apache.zookeeper.ZooKeeper - Client environment:os.version=10.0
2026-01-24 20:22:53.666 [main] INFO  org.apache.zookeeper.ZooKeeper - Client environment:user.name=12482
2026-01-24 20:22:53.666 [main] INFO  org.apache.zookeeper.ZooKeeper - Client environment:user.home=C:\Users\12482
2026-01-24 20:22:53.666 [main] INFO  org.apache.zookeeper.ZooKeeper - Client environment:user.dir=C:\Users\12482\IdeaProjects\GreenNote
2026-01-24 20:22:53.666 [main] INFO  org.apache.zookeeper.ZooKeeper - Client environment:os.memory.free=39MB
2026-01-24 20:22:53.666 [main] INFO  org.apache.zookeeper.ZooKeeper - Client environment:os.memory.max=8012MB
2026-01-24 20:22:53.666 [main] INFO  org.apache.zookeeper.ZooKeeper - Client environment:os.memory.total=68MB
2026-01-24 20:22:53.672 [main] INFO  org.apache.zookeeper.ZooKeeper - Initiating client connection, connectString=127.0.0.1:2181 sessionTimeout=6000 watcher=org.apache.curator.ConnectionState@31a136a6
2026-01-24 20:22:53.682 [main] INFO  org.apache.zookeeper.common.X509Util - Setting -D jdk.tls.rejectClientInitiatedRenegotiation=true to disable client-initiated TLS renegotiation
2026-01-24 20:22:53.698 [main] INFO  org.apache.zookeeper.ClientCnxnSocket - jute.maxbuffer value is 1048575 Bytes
2026-01-24 20:22:53.710 [main] INFO  org.apache.zookeeper.ClientCnxn - zookeeper.request.timeout value is 0. feature enabled=false
2026-01-24 20:22:53.718 [main-SendThread(127.0.0.1:2181)] INFO  org.apache.zookeeper.ClientCnxn - Opening socket connection to server kubernetes.docker.internal/127.0.0.1:2181.
2026-01-24 20:22:53.718 [main-SendThread(127.0.0.1:2181)] INFO  org.apache.zookeeper.ClientCnxn - SASL config status: Will not attempt to authenticate using SASL (unknown error)
2026-01-24 20:22:53.720 [main] INFO  o.a.curator.framework.imps.CuratorFrameworkImpl - Default schema
2026-01-24 20:22:53.721 [main-SendThread(127.0.0.1:2181)] INFO  org.apache.zookeeper.ClientCnxn - Socket connection established, initiating session, client: /127.0.0.1:38930, server: kubernetes.docker.internal/127.0.0.1:2181
2026-01-24 20:22:53.789 [main-SendThread(127.0.0.1:2181)] INFO  org.apache.zookeeper.ClientCnxn - Session establishment complete on server kubernetes.docker.internal/127.0.0.1:2181, session id = 0x100014216770000, negotiated timeout = 6000
2026-01-24 20:22:53.800 [main-EventThread] INFO  o.a.curator.framework.state.ConnectionStateManager - State change: CONNECTED
2026-01-24 20:22:53.828 [main-EventThread] INFO  org.apache.curator.framework.imps.EnsembleTracker - New config event received: {}
2026-01-24 20:22:53.828 [main-EventThread] INFO  org.apache.curator.framework.imps.EnsembleTracker - New config event received: {}
2026-01-24 20:22:53.905 [main] INFO  c.e.g.d.i.g.b.c.snowflake.SnowflakeZookeeperHolder - file exists status is false
2026-01-24 20:22:53.905 [main] INFO  c.e.g.d.i.g.b.c.snowflake.SnowflakeZookeeperHolder - init local file cache create parent dis status is false, worker id is 5
2026-01-24 20:22:53.905 [main] WARN  c.e.g.d.i.g.b.c.snowflake.SnowflakeZookeeperHolder - create parent dir error===
2026-01-24 20:22:53.905 [main] INFO  c.e.g.d.i.g.b.c.snowflake.SnowflakeZookeeperHolder - [New NODE]can not find node on forever node that endpoint ip-10.141.192.48 port-2222 workid-5,create own node on forever node and start SUCCESS 
2026-01-24 20:22:53.905 [main] INFO  c.e.g.d.i.g.biz.core.snowflake.SnowflakeIDGenImpl - START SUCCESS USE ZK WORKERID-5
2026-01-24 20:22:53.905 [main] INFO  c.e.g.d.id.generator.biz.service.SnowflakeService - Snowflake Service Init Successfully
2026-01-24 20:22:54.611 [main] INFO  o.s.boot.web.embedded.tomcat.TomcatWebServer - Tomcat started on port(s): 8085 (http) with context path ''
2026-01-24 20:22:54.618 [main] WARN  com.alibaba.nacos.client.logging.NacosLogging - Load Logback Configuration of Nacos fail, message: Could not initialize Logback Nacos logging from classpath:nacos-logback.xml
2026-01-24 20:22:54.619 [main] INFO  com.alibaba.nacos.client.naming - initializer namespace from ans.namespace attribute : null
2026-01-24 20:22:54.619 [main] INFO  com.alibaba.nacos.client.naming - initializer namespace from ALIBABA_ALIWARE_NAMESPACE attribute :null
2026-01-24 20:22:54.619 [main] INFO  com.alibaba.nacos.client.naming - initializer namespace from namespace attribute :null
2026-01-24 20:22:54.640 [main] INFO  com.alibaba.nacos.client.utils.ParamUtil - [settings] [req-serv] nacos-server port:8848
2026-01-24 20:22:54.640 [main] INFO  com.alibaba.nacos.client.utils.ParamUtil - [settings] [http-client] connect timeout:1000
2026-01-24 20:22:54.641 [main] INFO  com.alibaba.nacos.client.utils.ParamUtil - PER_TASK_CONFIG_SIZE: 3000.0
2026-01-24 20:22:54.644 [main] INFO  c.a.n.p.auth.spi.client.ClientAuthPluginManager - [ClientAuthPluginManager] Load ClientAuthService com.alibaba.nacos.client.auth.impl.NacosClientAuthServiceImpl success.
2026-01-24 20:22:54.644 [main] INFO  c.a.n.p.auth.spi.client.ClientAuthPluginManager - [ClientAuthPluginManager] Load ClientAuthService com.alibaba.nacos.client.auth.ram.RamClientAuthServiceImpl success.
2026-01-24 20:22:54.647 [main] INFO  c.a.n.client.auth.ram.identify.CredentialWatcher - null No credential found
2026-01-24 20:22:54.656 [main] INFO  com.alibaba.nacos.common.remote.client - [RpcClientFactory] create a new rpc client of 5405de50-d628-41e4-a855-2bf0ed65468d
2026-01-24 20:22:54.671 [main] INFO  com.alibaba.nacos.common.remote.client - [5405de50-d628-41e4-a855-2bf0ed65468d] RpcClient init, ServerListFactory = com.alibaba.nacos.client.naming.core.ServerListManager
2026-01-24 20:22:54.671 [main] INFO  com.alibaba.nacos.common.remote.client - [5405de50-d628-41e4-a855-2bf0ed65468d] Registry connection listener to current client:com.alibaba.nacos.client.naming.remote.gprc.redo.NamingGrpcRedoService
2026-01-24 20:22:54.671 [main] INFO  com.alibaba.nacos.common.remote.client - [5405de50-d628-41e4-a855-2bf0ed65468d] Register server push request handler:com.alibaba.nacos.client.naming.remote.gprc.NamingPushRequestHandler
2026-01-24 20:22:54.673 [main] INFO  com.alibaba.nacos.common.remote.client - [5405de50-d628-41e4-a855-2bf0ed65468d] Try to connect to server on start up, server: {serverIp = '127.0.0.1', server main port = 8848}
2026-01-24 20:22:54.676 [main] INFO  c.a.nacos.common.remote.client.grpc.GrpcClient - grpc client connection server:127.0.0.1 ip,serverPort:9848,grpcTslConfig:{"sslProvider":"OPENSSL","enableTls":false,"mutualAuthEnable":false,"trustAll":false}
2026-01-24 20:22:55.392 [main] INFO  com.alibaba.nacos.common.remote.client - [5405de50-d628-41e4-a855-2bf0ed65468d] Success to connect to server [127.0.0.1:8848] on start up, connectionId = 1769307775203_127.0.0.1_38932
2026-01-24 20:22:55.393 [com.alibaba.nacos.client.remote.worker] INFO  com.alibaba.nacos.common.remote.client - [5405de50-d628-41e4-a855-2bf0ed65468d] Notify connected event to listeners.
2026-01-24 20:22:55.393 [com.alibaba.nacos.client.remote.worker] INFO  com.alibaba.nacos.client.naming - Grpc connection connect
2026-01-24 20:22:55.393 [main] INFO  com.alibaba.nacos.common.remote.client - [5405de50-d628-41e4-a855-2bf0ed65468d] Register server push request handler:com.alibaba.nacos.common.remote.client.RpcClient$ConnectResetRequestHandler
2026-01-24 20:22:55.393 [main] INFO  com.alibaba.nacos.common.remote.client - [5405de50-d628-41e4-a855-2bf0ed65468d] Register server push request handler:com.alibaba.nacos.common.remote.client.RpcClient$$Lambda$979/0x000001f28b74abc8
2026-01-24 20:22:55.394 [main] INFO  com.alibaba.nacos.client.naming - [REGISTER-SERVICE] greennote registering service GreenNote-distributed-id-generator with instance Instance{instanceId='null', ip='10.141.192.48', port=8085, weight=1.0, healthy=true, enabled=true, ephemeral=true, clusterName='DEFAULT', serviceName='null', metadata={IPv6=null, preserved.register.source=SPRING_CLOUD}}
2026-01-24 20:22:55.404 [main] INFO  c.a.cloud.nacos.registry.NacosServiceRegistry - nacos registry, DEFAULT_GROUP GreenNote-distributed-id-generator 10.141.192.48:8085 register finished
2026-01-24 20:22:55.509 [main] INFO  c.e.g.d.i.g.b.GreenNoteDistributedGeneratorBizApplication - Started GreenNoteDistributedGeneratorBizApplication in 4.168 seconds (process running for 5.191)
2026-01-24 20:23:53.530 [check-idCache-thread] INFO  c.e.g.d.i.g.biz.core.segment.SegmentIDGenImpl - update cache from db
2026-01-24 20:23:53.534 [check-idCache-thread] INFO  org.perf4j.TimingLogger - start[1769307833530] time[4] tag[updateCacheFromDb]
2026-01-24 20:24:53.546 [check-idCache-thread] INFO  c.e.g.d.i.g.biz.core.segment.SegmentIDGenImpl - update cache from db
2026-01-24 20:24:53.549 [check-idCache-thread] INFO  org.perf4j.TimingLogger - start[1769307893546] time[1] tag[updateCacheFromDb]
2026-01-24 20:25:53.562 [check-idCache-thread] INFO  c.e.g.d.i.g.biz.core.segment.SegmentIDGenImpl - update cache from db
2026-01-24 20:25:53.564 [check-idCache-thread] INFO  org.perf4j.TimingLogger - start[1769307953562] time[2] tag[updateCacheFromDb]
2026-01-24 20:26:53.578 [check-idCache-thread] INFO  c.e.g.d.i.g.biz.core.segment.SegmentIDGenImpl - update cache from db
2026-01-24 20:26:53.582 [check-idCache-thread] INFO  org.perf4j.TimingLogger - start[1769308013578] time[2] tag[updateCacheFromDb]
2026-01-24 20:27:53.588 [check-idCache-thread] INFO  c.e.g.d.i.g.biz.core.segment.SegmentIDGenImpl - update cache from db
2026-01-24 20:27:53.589 [check-idCache-thread] INFO  org.perf4j.TimingLogger - start[1769308073588] time[1] tag[updateCacheFromDb]
2026-01-24 20:28:53.595 [check-idCache-thread] INFO  c.e.g.d.i.g.biz.core.segment.SegmentIDGenImpl - update cache from db
2026-01-24 20:28:53.598 [check-idCache-thread] INFO  org.perf4j.TimingLogger - start[1769308133596] time[2] tag[updateCacheFromDb]
2026-01-24 20:29:53.599 [check-idCache-thread] INFO  c.e.g.d.i.g.biz.core.segment.SegmentIDGenImpl - update cache from db
2026-01-24 20:29:53.601 [check-idCache-thread] INFO  org.perf4j.TimingLogger - start[1769308193599] time[1] tag[updateCacheFromDb]
2026-01-24 20:30:53.616 [check-idCache-thread] INFO  c.e.g.d.i.g.biz.core.segment.SegmentIDGenImpl - update cache from db
2026-01-24 20:30:53.617 [check-idCache-thread] INFO  org.perf4j.TimingLogger - start[1769308253616] time[2] tag[updateCacheFromDb]
2026-01-24 20:31:53.621 [check-idCache-thread] INFO  c.e.g.d.i.g.biz.core.segment.SegmentIDGenImpl - update cache from db
2026-01-24 20:31:53.622 [check-idCache-thread] INFO  org.perf4j.TimingLogger - start[1769308313621] time[1] tag[updateCacheFromDb]
2026-01-24 20:32:53.629 [check-idCache-thread] INFO  c.e.g.d.i.g.biz.core.segment.SegmentIDGenImpl - update cache from db
2026-01-24 20:32:53.631 [check-idCache-thread] INFO  org.perf4j.TimingLogger - start[1769308373629] time[2] tag[updateCacheFromDb]
2026-01-24 20:33:53.645 [check-idCache-thread] INFO  c.e.g.d.i.g.biz.core.segment.SegmentIDGenImpl - update cache from db
2026-01-24 20:33:53.648 [check-idCache-thread] INFO  org.perf4j.TimingLogger - start[1769308433645] time[2] tag[updateCacheFromDb]
2026-01-24 20:34:53.649 [check-idCache-thread] INFO  c.e.g.d.i.g.biz.core.segment.SegmentIDGenImpl - update cache from db
2026-01-24 20:34:53.651 [check-idCache-thread] INFO  org.perf4j.TimingLogger - start[1769308493649] time[1] tag[updateCacheFromDb]
2026-01-24 20:35:53.659 [check-idCache-thread] INFO  c.e.g.d.i.g.biz.core.segment.SegmentIDGenImpl - update cache from db
2026-01-24 20:35:53.661 [check-idCache-thread] INFO  org.perf4j.TimingLogger - start[1769308553659] time[1] tag[updateCacheFromDb]
2026-01-24 20:36:53.672 [check-idCache-thread] INFO  c.e.g.d.i.g.biz.core.segment.SegmentIDGenImpl - update cache from db
2026-01-24 20:36:53.674 [check-idCache-thread] INFO  org.perf4j.TimingLogger - start[1769308613672] time[2] tag[updateCacheFromDb]
2026-01-24 20:37:53.682 [check-idCache-thread] INFO  c.e.g.d.i.g.biz.core.segment.SegmentIDGenImpl - update cache from db
2026-01-24 20:37:53.684 [check-idCache-thread] INFO  org.perf4j.TimingLogger - start[1769308673682] time[2] tag[updateCacheFromDb]
2026-01-24 20:38:53.689 [check-idCache-thread] INFO  c.e.g.d.i.g.biz.core.segment.SegmentIDGenImpl - update cache from db
2026-01-24 20:38:53.692 [check-idCache-thread] INFO  org.perf4j.TimingLogger - start[1769308733689] time[2] tag[updateCacheFromDb]
2026-01-24 20:39:53.698 [check-idCache-thread] INFO  c.e.g.d.i.g.biz.core.segment.SegmentIDGenImpl - update cache from db
2026-01-24 20:39:53.700 [check-idCache-thread] INFO  org.perf4j.TimingLogger - start[1769308793698] time[1] tag[updateCacheFromDb]
2026-01-24 20:40:53.709 [check-idCache-thread] INFO  c.e.g.d.i.g.biz.core.segment.SegmentIDGenImpl - update cache from db
2026-01-24 20:40:53.711 [check-idCache-thread] INFO  org.perf4j.TimingLogger - start[1769308853709] time[1] tag[updateCacheFromDb]
2026-01-24 20:41:53.713 [check-idCache-thread] INFO  c.e.g.d.i.g.biz.core.segment.SegmentIDGenImpl - update cache from db
2026-01-24 20:41:53.715 [check-idCache-thread] INFO  org.perf4j.TimingLogger - start[1769308913713] time[1] tag[updateCacheFromDb]
2026-01-24 20:42:53.722 [check-idCache-thread] INFO  c.e.g.d.i.g.biz.core.segment.SegmentIDGenImpl - update cache from db
2026-01-24 20:42:53.723 [check-idCache-thread] INFO  org.perf4j.TimingLogger - start[1769308973722] time[1] tag[updateCacheFromDb]
2026-01-24 20:43:53.736 [check-idCache-thread] INFO  c.e.g.d.i.g.biz.core.segment.SegmentIDGenImpl - update cache from db
2026-01-24 20:43:53.738 [check-idCache-thread] INFO  org.perf4j.TimingLogger - start[1769309033736] time[1] tag[updateCacheFromDb]
2026-01-24 20:44:53.746 [check-idCache-thread] INFO  c.e.g.d.i.g.biz.core.segment.SegmentIDGenImpl - update cache from db
2026-01-24 20:44:53.749 [check-idCache-thread] INFO  org.perf4j.TimingLogger - start[1769309093747] time[2] tag[updateCacheFromDb]
2026-01-24 20:45:53.763 [check-idCache-thread] INFO  c.e.g.d.i.g.biz.core.segment.SegmentIDGenImpl - update cache from db
2026-01-24 20:45:53.765 [check-idCache-thread] INFO  org.perf4j.TimingLogger - start[1769309153763] time[2] tag[updateCacheFromDb]
2026-01-24 20:46:53.770 [check-idCache-thread] INFO  c.e.g.d.i.g.biz.core.segment.SegmentIDGenImpl - update cache from db
2026-01-24 20:46:53.772 [check-idCache-thread] INFO  org.perf4j.TimingLogger - start[1769309213770] time[2] tag[updateCacheFromDb]
2026-01-24 20:47:53.780 [check-idCache-thread] INFO  c.e.g.d.i.g.biz.core.segment.SegmentIDGenImpl - update cache from db
2026-01-24 20:47:53.782 [check-idCache-thread] INFO  org.perf4j.TimingLogger - start[1769309273780] time[1] tag[updateCacheFromDb]
2026-01-24 20:48:53.789 [check-idCache-thread] INFO  c.e.g.d.i.g.biz.core.segment.SegmentIDGenImpl - update cache from db
2026-01-24 20:48:53.791 [check-idCache-thread] INFO  org.perf4j.TimingLogger - start[1769309333789] time[1] tag[updateCacheFromDb]
2026-01-24 20:49:53.795 [check-idCache-thread] INFO  c.e.g.d.i.g.biz.core.segment.SegmentIDGenImpl - update cache from db
2026-01-24 20:49:53.797 [check-idCache-thread] INFO  org.perf4j.TimingLogger - start[1769309393795] time[2] tag[updateCacheFromDb]
2026-01-24 20:50:53.806 [check-idCache-thread] INFO  c.e.g.d.i.g.biz.core.segment.SegmentIDGenImpl - update cache from db
2026-01-24 20:50:53.809 [check-idCache-thread] INFO  org.perf4j.TimingLogger - start[1769309453806] time[1] tag[updateCacheFromDb]
2026-01-24 20:51:53.820 [check-idCache-thread] INFO  c.e.g.d.i.g.biz.core.segment.SegmentIDGenImpl - update cache from db
2026-01-24 20:51:53.822 [check-idCache-thread] INFO  org.perf4j.TimingLogger - start[1769309513820] time[1] tag[updateCacheFromDb]
2026-01-24 20:52:53.834 [check-idCache-thread] INFO  c.e.g.d.i.g.biz.core.segment.SegmentIDGenImpl - update cache from db
2026-01-24 20:52:53.836 [check-idCache-thread] INFO  org.perf4j.TimingLogger - start[1769309573834] time[1] tag[updateCacheFromDb]
2026-01-24 20:53:53.839 [check-idCache-thread] INFO  c.e.g.d.i.g.biz.core.segment.SegmentIDGenImpl - update cache from db
2026-01-24 20:53:53.842 [check-idCache-thread] INFO  org.perf4j.TimingLogger - start[1769309633839] time[2] tag[updateCacheFromDb]
2026-01-24 20:54:53.849 [check-idCache-thread] INFO  c.e.g.d.i.g.biz.core.segment.SegmentIDGenImpl - update cache from db
2026-01-24 20:54:53.850 [check-idCache-thread] INFO  org.perf4j.TimingLogger - start[1769309693849] time[1] tag[updateCacheFromDb]
2026-01-24 20:55:53.865 [check-idCache-thread] INFO  c.e.g.d.i.g.biz.core.segment.SegmentIDGenImpl - update cache from db
2026-01-24 20:55:53.868 [check-idCache-thread] INFO  org.perf4j.TimingLogger - start[1769309753866] time[2] tag[updateCacheFromDb]
2026-01-24 20:56:53.874 [check-idCache-thread] INFO  c.e.g.d.i.g.biz.core.segment.SegmentIDGenImpl - update cache from db
2026-01-24 20:56:53.875 [check-idCache-thread] INFO  org.perf4j.TimingLogger - start[1769309813874] time[1] tag[updateCacheFromDb]
2026-01-24 20:57:53.890 [check-idCache-thread] INFO  c.e.g.d.i.g.biz.core.segment.SegmentIDGenImpl - update cache from db
2026-01-24 20:57:53.892 [check-idCache-thread] INFO  org.perf4j.TimingLogger - start[1769309873890] time[1] tag[updateCacheFromDb]
2026-01-24 20:58:53.893 [check-idCache-thread] INFO  c.e.g.d.i.g.biz.core.segment.SegmentIDGenImpl - update cache from db
2026-01-24 20:58:53.897 [check-idCache-thread] INFO  org.perf4j.TimingLogger - start[1769309933893] time[4] tag[updateCacheFromDb]
2026-01-24 20:59:53.908 [check-idCache-thread] INFO  c.e.g.d.i.g.biz.core.segment.SegmentIDGenImpl - update cache from db
2026-01-24 20:59:53.910 [check-idCache-thread] INFO  org.perf4j.TimingLogger - start[1769309993908] time[1] tag[updateCacheFromDb]
2026-01-24 21:00:53.923 [check-idCache-thread] INFO  c.e.g.d.i.g.biz.core.segment.SegmentIDGenImpl - update cache from db
2026-01-24 21:00:53.925 [check-idCache-thread] INFO  org.perf4j.TimingLogger - start[1769310053923] time[2] tag[updateCacheFromDb]
2026-01-24 21:01:53.937 [check-idCache-thread] INFO  c.e.g.d.i.g.biz.core.segment.SegmentIDGenImpl - update cache from db
2026-01-24 21:01:53.939 [check-idCache-thread] INFO  org.perf4j.TimingLogger - start[1769310113937] time[2] tag[updateCacheFromDb]
2026-01-24 21:02:53.940 [check-idCache-thread] INFO  c.e.g.d.i.g.biz.core.segment.SegmentIDGenImpl - update cache from db
2026-01-24 21:02:53.942 [check-idCache-thread] INFO  org.perf4j.TimingLogger - start[1769310173940] time[1] tag[updateCacheFromDb]
2026-01-24 21:03:53.952 [check-idCache-thread] INFO  c.e.g.d.i.g.biz.core.segment.SegmentIDGenImpl - update cache from db
2026-01-24 21:03:53.955 [check-idCache-thread] INFO  org.perf4j.TimingLogger - start[1769310233953] time[1] tag[updateCacheFromDb]
2026-01-24 21:04:53.969 [check-idCache-thread] INFO  c.e.g.d.i.g.biz.core.segment.SegmentIDGenImpl - update cache from db
2026-01-24 21:04:53.970 [check-idCache-thread] INFO  org.perf4j.TimingLogger - start[1769310293969] time[1] tag[updateCacheFromDb]
2026-01-24 21:05:53.984 [check-idCache-thread] INFO  c.e.g.d.i.g.biz.core.segment.SegmentIDGenImpl - update cache from db
2026-01-24 21:05:53.986 [check-idCache-thread] INFO  org.perf4j.TimingLogger - start[1769310353984] time[1] tag[updateCacheFromDb]
2026-01-24 21:06:53.989 [check-idCache-thread] INFO  c.e.g.d.i.g.biz.core.segment.SegmentIDGenImpl - update cache from db
2026-01-24 21:06:53.991 [check-idCache-thread] INFO  org.perf4j.TimingLogger - start[1769310413989] time[2] tag[updateCacheFromDb]
2026-01-24 21:07:53.992 [check-idCache-thread] INFO  c.e.g.d.i.g.biz.core.segment.SegmentIDGenImpl - update cache from db
2026-01-24 21:07:53.993 [check-idCache-thread] INFO  org.perf4j.TimingLogger - start[1769310473992] time[1] tag[updateCacheFromDb]
2026-01-24 21:08:53.999 [check-idCache-thread] INFO  c.e.g.d.i.g.biz.core.segment.SegmentIDGenImpl - update cache from db
2026-01-24 21:08:54.000 [check-idCache-thread] INFO  org.perf4j.TimingLogger - start[1769310533999] time[1] tag[updateCacheFromDb]
2026-01-24 21:09:54.016 [check-idCache-thread] INFO  c.e.g.d.i.g.biz.core.segment.SegmentIDGenImpl - update cache from db
2026-01-24 21:09:54.018 [check-idCache-thread] INFO  org.perf4j.TimingLogger - start[1769310594016] time[1] tag[updateCacheFromDb]
2026-01-24 21:10:54.023 [check-idCache-thread] INFO  c.e.g.d.i.g.biz.core.segment.SegmentIDGenImpl - update cache from db
2026-01-24 21:10:54.025 [check-idCache-thread] INFO  org.perf4j.TimingLogger - start[1769310654023] time[2] tag[updateCacheFromDb]
2026-01-24 21:11:54.029 [check-idCache-thread] INFO  c.e.g.d.i.g.biz.core.segment.SegmentIDGenImpl - update cache from db
2026-01-24 21:11:54.030 [check-idCache-thread] INFO  org.perf4j.TimingLogger - start[1769310714029] time[1] tag[updateCacheFromDb]
2026-01-24 21:12:54.033 [check-idCache-thread] INFO  c.e.g.d.i.g.biz.core.segment.SegmentIDGenImpl - update cache from db
2026-01-24 21:12:54.035 [check-idCache-thread] INFO  org.perf4j.TimingLogger - start[1769310774033] time[1] tag[updateCacheFromDb]
2026-01-24 21:13:54.042 [check-idCache-thread] INFO  c.e.g.d.i.g.biz.core.segment.SegmentIDGenImpl - update cache from db
2026-01-24 21:13:54.044 [check-idCache-thread] INFO  org.perf4j.TimingLogger - start[1769310834042] time[1] tag[updateCacheFromDb]
2026-01-24 21:14:54.048 [check-idCache-thread] INFO  c.e.g.d.i.g.biz.core.segment.SegmentIDGenImpl - update cache from db
2026-01-24 21:14:54.050 [check-idCache-thread] INFO  org.perf4j.TimingLogger - start[1769310894048] time[1] tag[updateCacheFromDb]
2026-01-24 21:15:54.061 [check-idCache-thread] INFO  c.e.g.d.i.g.biz.core.segment.SegmentIDGenImpl - update cache from db
2026-01-24 21:15:54.064 [check-idCache-thread] INFO  org.perf4j.TimingLogger - start[1769310954062] time[2] tag[updateCacheFromDb]
2026-01-24 21:16:54.068 [check-idCache-thread] INFO  c.e.g.d.i.g.biz.core.segment.SegmentIDGenImpl - update cache from db
2026-01-24 21:16:54.070 [check-idCache-thread] INFO  org.perf4j.TimingLogger - start[1769311014068] time[2] tag[updateCacheFromDb]
2026-01-24 21:17:54.080 [check-idCache-thread] INFO  c.e.g.d.i.g.biz.core.segment.SegmentIDGenImpl - update cache from db
2026-01-24 21:17:54.084 [check-idCache-thread] INFO  org.perf4j.TimingLogger - start[1769311074080] time[3] tag[updateCacheFromDb]
2026-01-24 21:18:54.090 [check-idCache-thread] INFO  c.e.g.d.i.g.biz.core.segment.SegmentIDGenImpl - update cache from db
2026-01-24 21:18:54.094 [check-idCache-thread] INFO  org.perf4j.TimingLogger - start[1769311134090] time[2] tag[updateCacheFromDb]
2026-01-24 21:19:54.094 [check-idCache-thread] INFO  c.e.g.d.i.g.biz.core.segment.SegmentIDGenImpl - update cache from db
2026-01-24 21:19:54.096 [check-idCache-thread] INFO  org.perf4j.TimingLogger - start[1769311194094] time[2] tag[updateCacheFromDb]
2026-01-24 21:20:54.097 [check-idCache-thread] INFO  c.e.g.d.i.g.biz.core.segment.SegmentIDGenImpl - update cache from db
2026-01-24 21:20:54.099 [check-idCache-thread] INFO  org.perf4j.TimingLogger - start[1769311254097] time[1] tag[updateCacheFromDb]
2026-01-24 21:21:54.113 [check-idCache-thread] INFO  c.e.g.d.i.g.biz.core.segment.SegmentIDGenImpl - update cache from db
2026-01-24 21:21:54.115 [check-idCache-thread] INFO  org.perf4j.TimingLogger - start[1769311314113] time[2] tag[updateCacheFromDb]
2026-01-24 21:22:54.128 [check-idCache-thread] INFO  c.e.g.d.i.g.biz.core.segment.SegmentIDGenImpl - update cache from db
2026-01-24 21:22:54.130 [check-idCache-thread] INFO  org.perf4j.TimingLogger - start[1769311374128] time[2] tag[updateCacheFromDb]
2026-01-24 21:23:54.132 [check-idCache-thread] INFO  c.e.g.d.i.g.biz.core.segment.SegmentIDGenImpl - update cache from db
2026-01-24 21:23:54.136 [check-idCache-thread] INFO  org.perf4j.TimingLogger - start[1769311434132] time[3] tag[updateCacheFromDb]
2026-01-24 21:24:54.144 [check-idCache-thread] INFO  c.e.g.d.i.g.biz.core.segment.SegmentIDGenImpl - update cache from db
2026-01-24 21:24:54.146 [check-idCache-thread] INFO  org.perf4j.TimingLogger - start[1769311494144] time[1] tag[updateCacheFromDb]
2026-01-24 21:25:54.160 [check-idCache-thread] INFO  c.e.g.d.i.g.biz.core.segment.SegmentIDGenImpl - update cache from db
2026-01-24 21:25:54.164 [check-idCache-thread] INFO  org.perf4j.TimingLogger - start[1769311554160] time[3] tag[updateCacheFromDb]
2026-01-24 21:26:54.175 [check-idCache-thread] INFO  c.e.g.d.i.g.biz.core.segment.SegmentIDGenImpl - update cache from db
2026-01-24 21:26:54.176 [check-idCache-thread] INFO  org.perf4j.TimingLogger - start[1769311614175] time[1] tag[updateCacheFromDb]
2026-01-24 21:27:54.183 [check-idCache-thread] INFO  c.e.g.d.i.g.biz.core.segment.SegmentIDGenImpl - update cache from db
2026-01-24 21:27:54.184 [check-idCache-thread] INFO  org.perf4j.TimingLogger - start[1769311674183] time[1] tag[updateCacheFromDb]
2026-01-24 21:28:54.188 [check-idCache-thread] INFO  c.e.g.d.i.g.biz.core.segment.SegmentIDGenImpl - update cache from db
2026-01-24 21:28:54.189 [check-idCache-thread] INFO  org.perf4j.TimingLogger - start[1769311734188] time[1] tag[updateCacheFromDb]
2026-01-24 21:29:54.200 [check-idCache-thread] INFO  c.e.g.d.i.g.biz.core.segment.SegmentIDGenImpl - update cache from db
2026-01-24 21:29:54.201 [check-idCache-thread] INFO  org.perf4j.TimingLogger - start[1769311794200] time[1] tag[updateCacheFromDb]
2026-01-24 21:30:54.206 [check-idCache-thread] INFO  c.e.g.d.i.g.biz.core.segment.SegmentIDGenImpl - update cache from db
2026-01-24 21:30:54.208 [check-idCache-thread] INFO  org.perf4j.TimingLogger - start[1769311854206] time[1] tag[updateCacheFromDb]
2026-01-24 21:31:54.222 [check-idCache-thread] INFO  c.e.g.d.i.g.biz.core.segment.SegmentIDGenImpl - update cache from db
2026-01-24 21:31:54.224 [check-idCache-thread] INFO  org.perf4j.TimingLogger - start[1769311914222] time[1] tag[updateCacheFromDb]
2026-01-24 21:32:54.226 [check-idCache-thread] INFO  c.e.g.d.i.g.biz.core.segment.SegmentIDGenImpl - update cache from db
2026-01-24 21:32:54.228 [check-idCache-thread] INFO  org.perf4j.TimingLogger - start[1769311974226] time[2] tag[updateCacheFromDb]
2026-01-24 21:33:54.244 [check-idCache-thread] INFO  c.e.g.d.i.g.biz.core.segment.SegmentIDGenImpl - update cache from db
2026-01-24 21:33:54.246 [check-idCache-thread] INFO  org.perf4j.TimingLogger - start[1769312034244] time[1] tag[updateCacheFromDb]
2026-01-24 21:34:54.251 [check-idCache-thread] INFO  c.e.g.d.i.g.biz.core.segment.SegmentIDGenImpl - update cache from db
2026-01-24 21:34:54.253 [check-idCache-thread] INFO  org.perf4j.TimingLogger - start[1769312094251] time[1] tag[updateCacheFromDb]
2026-01-24 21:35:54.260 [check-idCache-thread] INFO  c.e.g.d.i.g.biz.core.segment.SegmentIDGenImpl - update cache from db
2026-01-24 21:35:54.262 [check-idCache-thread] INFO  org.perf4j.TimingLogger - start[1769312154260] time[1] tag[updateCacheFromDb]
2026-01-24 21:36:54.262 [check-idCache-thread] INFO  c.e.g.d.i.g.biz.core.segment.SegmentIDGenImpl - update cache from db
2026-01-24 21:36:54.264 [check-idCache-thread] INFO  org.perf4j.TimingLogger - start[1769312214262] time[1] tag[updateCacheFromDb]
2026-01-24 21:37:54.266 [check-idCache-thread] INFO  c.e.g.d.i.g.biz.core.segment.SegmentIDGenImpl - update cache from db
2026-01-24 21:37:54.268 [check-idCache-thread] INFO  org.perf4j.TimingLogger - start[1769312274266] time[1] tag[updateCacheFromDb]
2026-01-24 21:38:54.283 [check-idCache-thread] INFO  c.e.g.d.i.g.biz.core.segment.SegmentIDGenImpl - update cache from db
2026-01-24 21:38:54.284 [check-idCache-thread] INFO  org.perf4j.TimingLogger - start[1769312334283] time[1] tag[updateCacheFromDb]
2026-01-24 21:39:54.291 [check-idCache-thread] INFO  c.e.g.d.i.g.biz.core.segment.SegmentIDGenImpl - update cache from db
2026-01-24 21:39:54.293 [check-idCache-thread] INFO  org.perf4j.TimingLogger - start[1769312394291] time[1] tag[updateCacheFromDb]
2026-01-24 21:40:54.297 [check-idCache-thread] INFO  c.e.g.d.i.g.biz.core.segment.SegmentIDGenImpl - update cache from db
2026-01-24 21:40:54.299 [check-idCache-thread] INFO  org.perf4j.TimingLogger - start[1769312454297] time[2] tag[updateCacheFromDb]
2026-01-24 21:41:54.313 [check-idCache-thread] INFO  c.e.g.d.i.g.biz.core.segment.SegmentIDGenImpl - update cache from db
2026-01-24 21:41:54.314 [check-idCache-thread] INFO  org.perf4j.TimingLogger - start[1769312514313] time[1] tag[updateCacheFromDb]
2026-01-24 21:42:54.328 [check-idCache-thread] INFO  c.e.g.d.i.g.biz.core.segment.SegmentIDGenImpl - update cache from db
2026-01-24 21:42:54.330 [check-idCache-thread] INFO  org.perf4j.TimingLogger - start[1769312574328] time[2] tag[updateCacheFromDb]
2026-01-24 21:43:54.332 [check-idCache-thread] INFO  c.e.g.d.i.g.biz.core.segment.SegmentIDGenImpl - update cache from db
2026-01-24 21:43:54.335 [check-idCache-thread] INFO  org.perf4j.TimingLogger - start[1769312634332] time[2] tag[updateCacheFromDb]
2026-01-24 21:44:54.342 [check-idCache-thread] INFO  c.e.g.d.i.g.biz.core.segment.SegmentIDGenImpl - update cache from db
2026-01-24 21:44:54.344 [check-idCache-thread] INFO  org.perf4j.TimingLogger - start[1769312694342] time[2] tag[updateCacheFromDb]
2026-01-24 21:45:54.354 [check-idCache-thread] INFO  c.e.g.d.i.g.biz.core.segment.SegmentIDGenImpl - update cache from db
2026-01-24 21:45:54.357 [check-idCache-thread] INFO  org.perf4j.TimingLogger - start[1769312754354] time[2] tag[updateCacheFromDb]
2026-01-24 21:46:54.365 [check-idCache-thread] INFO  c.e.g.d.i.g.biz.core.segment.SegmentIDGenImpl - update cache from db
2026-01-24 21:46:54.367 [check-idCache-thread] INFO  org.perf4j.TimingLogger - start[1769312814365] time[1] tag[updateCacheFromDb]
2026-01-24 21:47:54.375 [check-idCache-thread] INFO  c.e.g.d.i.g.biz.core.segment.SegmentIDGenImpl - update cache from db
2026-01-24 21:47:54.377 [check-idCache-thread] INFO  org.perf4j.TimingLogger - start[1769312874375] time[1] tag[updateCacheFromDb]
2026-01-24 21:48:54.386 [check-idCache-thread] INFO  c.e.g.d.i.g.biz.core.segment.SegmentIDGenImpl - update cache from db
2026-01-24 21:48:54.387 [check-idCache-thread] INFO  org.perf4j.TimingLogger - start[1769312934386] time[1] tag[updateCacheFromDb]
2026-01-24 21:49:54.400 [check-idCache-thread] INFO  c.e.g.d.i.g.biz.core.segment.SegmentIDGenImpl - update cache from db
2026-01-24 21:49:54.402 [check-idCache-thread] INFO  org.perf4j.TimingLogger - start[1769312994400] time[1] tag[updateCacheFromDb]
2026-01-24 21:50:54.414 [check-idCache-thread] INFO  c.e.g.d.i.g.biz.core.segment.SegmentIDGenImpl - update cache from db
2026-01-24 21:50:54.417 [check-idCache-thread] INFO  org.perf4j.TimingLogger - start[1769313054415] time[2] tag[updateCacheFromDb]
2026-01-24 21:51:54.422 [check-idCache-thread] INFO  c.e.g.d.i.g.biz.core.segment.SegmentIDGenImpl - update cache from db
2026-01-24 21:51:54.424 [check-idCache-thread] INFO  org.perf4j.TimingLogger - start[1769313114422] time[2] tag[updateCacheFromDb]
2026-01-24 21:52:54.428 [check-idCache-thread] INFO  c.e.g.d.i.g.biz.core.segment.SegmentIDGenImpl - update cache from db
2026-01-24 21:52:54.430 [check-idCache-thread] INFO  org.perf4j.TimingLogger - start[1769313174428] time[1] tag[updateCacheFromDb]
2026-01-24 21:53:54.439 [check-idCache-thread] INFO  c.e.g.d.i.g.biz.core.segment.SegmentIDGenImpl - update cache from db
2026-01-24 21:53:54.440 [check-idCache-thread] INFO  org.perf4j.TimingLogger - start[1769313234439] time[1] tag[updateCacheFromDb]
2026-01-24 21:54:54.449 [check-idCache-thread] INFO  c.e.g.d.i.g.biz.core.segment.SegmentIDGenImpl - update cache from db
2026-01-24 21:54:54.451 [check-idCache-thread] INFO  org.perf4j.TimingLogger - start[1769313294449] time[1] tag[updateCacheFromDb]
2026-01-24 21:55:54.458 [check-idCache-thread] INFO  c.e.g.d.i.g.biz.core.segment.SegmentIDGenImpl - update cache from db
2026-01-24 21:55:54.460 [check-idCache-thread] INFO  org.perf4j.TimingLogger - start[1769313354458] time[1] tag[updateCacheFromDb]
2026-01-24 21:56:54.467 [check-idCache-thread] INFO  c.e.g.d.i.g.biz.core.segment.SegmentIDGenImpl - update cache from db
2026-01-24 21:56:54.470 [check-idCache-thread] INFO  org.perf4j.TimingLogger - start[1769313414467] time[2] tag[updateCacheFromDb]
2026-01-24 21:57:54.481 [check-idCache-thread] INFO  c.e.g.d.i.g.biz.core.segment.SegmentIDGenImpl - update cache from db
2026-01-24 21:57:54.483 [check-idCache-thread] INFO  org.perf4j.TimingLogger - start[1769313474481] time[1] tag[updateCacheFromDb]
2026-01-24 21:58:54.484 [check-idCache-thread] INFO  c.e.g.d.i.g.biz.core.segment.SegmentIDGenImpl - update cache from db
2026-01-24 21:58:54.486 [check-idCache-thread] INFO  org.perf4j.TimingLogger - start[1769313534484] time[1] tag[updateCacheFromDb]
2026-01-24 21:59:54.487 [check-idCache-thread] INFO  c.e.g.d.i.g.biz.core.segment.SegmentIDGenImpl - update cache from db
2026-01-24 21:59:54.490 [check-idCache-thread] INFO  org.perf4j.TimingLogger - start[1769313594487] time[2] tag[updateCacheFromDb]
2026-01-24 22:00:54.496 [check-idCache-thread] INFO  c.e.g.d.i.g.biz.core.segment.SegmentIDGenImpl - update cache from db
2026-01-24 22:00:54.498 [check-idCache-thread] INFO  org.perf4j.TimingLogger - start[1769313654496] time[2] tag[updateCacheFromDb]
2026-01-24 22:01:54.503 [check-idCache-thread] INFO  c.e.g.d.i.g.biz.core.segment.SegmentIDGenImpl - update cache from db
2026-01-24 22:01:54.505 [check-idCache-thread] INFO  org.perf4j.TimingLogger - start[1769313714503] time[1] tag[updateCacheFromDb]
2026-01-24 22:02:54.515 [check-idCache-thread] INFO  c.e.g.d.i.g.biz.core.segment.SegmentIDGenImpl - update cache from db
2026-01-24 22:02:54.517 [check-idCache-thread] INFO  org.perf4j.TimingLogger - start[1769313774515] time[1] tag[updateCacheFromDb]
2026-01-24 22:03:54.523 [check-idCache-thread] INFO  c.e.g.d.i.g.biz.core.segment.SegmentIDGenImpl - update cache from db
2026-01-24 22:03:54.525 [check-idCache-thread] INFO  org.perf4j.TimingLogger - start[1769313834523] time[1] tag[updateCacheFromDb]
2026-01-24 22:04:54.532 [check-idCache-thread] INFO  c.e.g.d.i.g.biz.core.segment.SegmentIDGenImpl - update cache from db
2026-01-24 22:04:54.534 [check-idCache-thread] INFO  org.perf4j.TimingLogger - start[1769313894532] time[1] tag[updateCacheFromDb]
2026-01-24 22:05:54.539 [check-idCache-thread] INFO  c.e.g.d.i.g.biz.core.segment.SegmentIDGenImpl - update cache from db
2026-01-24 22:05:54.541 [check-idCache-thread] INFO  org.perf4j.TimingLogger - start[1769313954539] time[2] tag[updateCacheFromDb]
2026-01-24 22:06:54.544 [check-idCache-thread] INFO  c.e.g.d.i.g.biz.core.segment.SegmentIDGenImpl - update cache from db
2026-01-24 22:06:54.545 [check-idCache-thread] INFO  org.perf4j.TimingLogger - start[1769314014544] time[1] tag[updateCacheFromDb]
2026-01-24 22:07:54.548 [check-idCache-thread] INFO  c.e.g.d.i.g.biz.core.segment.SegmentIDGenImpl - update cache from db
2026-01-24 22:07:54.549 [check-idCache-thread] INFO  org.perf4j.TimingLogger - start[1769314074548] time[1] tag[updateCacheFromDb]
2026-01-24 22:08:54.551 [check-idCache-thread] INFO  c.e.g.d.i.g.biz.core.segment.SegmentIDGenImpl - update cache from db
2026-01-24 22:08:54.553 [check-idCache-thread] INFO  org.perf4j.TimingLogger - start[1769314134551] time[1] tag[updateCacheFromDb]
2026-01-24 22:09:54.555 [check-idCache-thread] INFO  c.e.g.d.i.g.biz.core.segment.SegmentIDGenImpl - update cache from db
2026-01-24 22:09:54.557 [check-idCache-thread] INFO  org.perf4j.TimingLogger - start[1769314194555] time[1] tag[updateCacheFromDb]
2026-01-24 22:10:54.560 [check-idCache-thread] INFO  c.e.g.d.i.g.biz.core.segment.SegmentIDGenImpl - update cache from db
2026-01-24 22:10:54.562 [check-idCache-thread] INFO  org.perf4j.TimingLogger - start[1769314254560] time[1] tag[updateCacheFromDb]
2026-01-24 22:11:54.569 [check-idCache-thread] INFO  c.e.g.d.i.g.biz.core.segment.SegmentIDGenImpl - update cache from db
2026-01-24 22:11:54.570 [check-idCache-thread] INFO  org.perf4j.TimingLogger - start[1769314314569] time[1] tag[updateCacheFromDb]
2026-01-24 22:12:54.578 [check-idCache-thread] INFO  c.e.g.d.i.g.biz.core.segment.SegmentIDGenImpl - update cache from db
2026-01-24 22:12:54.580 [check-idCache-thread] INFO  org.perf4j.TimingLogger - start[1769314374578] time[1] tag[updateCacheFromDb]
2026-01-24 22:13:54.588 [check-idCache-thread] INFO  c.e.g.d.i.g.biz.core.segment.SegmentIDGenImpl - update cache from db
2026-01-24 22:13:54.590 [check-idCache-thread] INFO  org.perf4j.TimingLogger - start[1769314434588] time[1] tag[updateCacheFromDb]
2026-01-24 22:14:54.593 [check-idCache-thread] INFO  c.e.g.d.i.g.biz.core.segment.SegmentIDGenImpl - update cache from db
2026-01-24 22:14:54.596 [check-idCache-thread] INFO  org.perf4j.TimingLogger - start[1769314494594] time[2] tag[updateCacheFromDb]
2026-01-24 22:15:54.609 [check-idCache-thread] INFO  c.e.g.d.i.g.biz.core.segment.SegmentIDGenImpl - update cache from db
2026-01-24 22:15:54.611 [check-idCache-thread] INFO  org.perf4j.TimingLogger - start[1769314554609] time[1] tag[updateCacheFromDb]
2026-01-24 22:16:54.620 [check-idCache-thread] INFO  c.e.g.d.i.g.biz.core.segment.SegmentIDGenImpl - update cache from db
2026-01-24 22:16:54.621 [check-idCache-thread] INFO  org.perf4j.TimingLogger - start[1769314614620] time[1] tag[updateCacheFromDb]
2026-01-24 22:17:54.632 [check-idCache-thread] INFO  c.e.g.d.i.g.biz.core.segment.SegmentIDGenImpl - update cache from db
2026-01-24 22:17:54.634 [check-idCache-thread] INFO  org.perf4j.TimingLogger - start[1769314674632] time[1] tag[updateCacheFromDb]
2026-01-24 22:18:54.649 [check-idCache-thread] INFO  c.e.g.d.i.g.biz.core.segment.SegmentIDGenImpl - update cache from db
2026-01-24 22:18:54.650 [check-idCache-thread] INFO  org.perf4j.TimingLogger - start[1769314734649] time[1] tag[updateCacheFromDb]
2026-01-24 22:19:54.656 [check-idCache-thread] INFO  c.e.g.d.i.g.biz.core.segment.SegmentIDGenImpl - update cache from db
2026-01-24 22:19:54.658 [check-idCache-thread] INFO  org.perf4j.TimingLogger - start[1769314794656] time[1] tag[updateCacheFromDb]
2026-01-24 22:20:54.659 [check-idCache-thread] INFO  c.e.g.d.i.g.biz.core.segment.SegmentIDGenImpl - update cache from db
2026-01-24 22:20:54.661 [check-idCache-thread] INFO  org.perf4j.TimingLogger - start[1769314854660] time[1] tag[updateCacheFromDb]
2026-01-24 22:21:54.666 [check-idCache-thread] INFO  c.e.g.d.i.g.biz.core.segment.SegmentIDGenImpl - update cache from db
2026-01-24 22:21:54.667 [check-idCache-thread] INFO  org.perf4j.TimingLogger - start[1769314914666] time[1] tag[updateCacheFromDb]
2026-01-24 22:22:54.672 [check-idCache-thread] INFO  c.e.g.d.i.g.biz.core.segment.SegmentIDGenImpl - update cache from db
2026-01-24 22:22:54.674 [check-idCache-thread] INFO  org.perf4j.TimingLogger - start[1769314974672] time[1] tag[updateCacheFromDb]
2026-01-24 22:23:54.687 [check-idCache-thread] INFO  c.e.g.d.i.g.biz.core.segment.SegmentIDGenImpl - update cache from db
2026-01-24 22:23:54.689 [check-idCache-thread] INFO  org.perf4j.TimingLogger - start[1769315034687] time[1] tag[updateCacheFromDb]
2026-01-24 22:24:54.703 [check-idCache-thread] INFO  c.e.g.d.i.g.biz.core.segment.SegmentIDGenImpl - update cache from db
2026-01-24 22:24:54.705 [check-idCache-thread] INFO  org.perf4j.TimingLogger - start[1769315094703] time[1] tag[updateCacheFromDb]
2026-01-24 22:25:54.709 [check-idCache-thread] INFO  c.e.g.d.i.g.biz.core.segment.SegmentIDGenImpl - update cache from db
2026-01-24 22:25:54.710 [check-idCache-thread] INFO  org.perf4j.TimingLogger - start[1769315154709] time[1] tag[updateCacheFromDb]
2026-01-24 23:06:59.518 [main-SendThread(127.0.0.1:2181)] WARN  org.apache.zookeeper.ClientCnxn - Client session timed out, have not heard from server in 2429374ms for session id 0x100014216770000
2026-01-24 23:06:59.518 [main-SendThread(127.0.0.1:2181)] WARN  org.apache.zookeeper.ClientCnxn - Session 0x100014216770000 for sever kubernetes.docker.internal/127.0.0.1:2181, Closing socket connection. Attempting reconnect except it is a SessionExpiredException.
org.apache.zookeeper.ClientCnxn$SessionTimeoutException: Client session timed out, have not heard from server in 2429374ms for session id 0x100014216770000
	at org.apache.zookeeper.ClientCnxn$SendThread.run(ClientCnxn.java:1230)
2026-01-24 23:07:02.115 [main-EventThread] INFO  o.a.curator.framework.state.ConnectionStateManager - State change: SUSPENDED
2026-01-24 23:07:02.779 [schedule-upload-time] INFO  c.e.g.d.i.g.b.c.snowflake.SnowflakeZookeeperHolder - update init data error path is /snowflake/com.sankuai.leaf.opensource.test/forever/10.141.192.48:2222-0000000005 error is {}
org.apache.zookeeper.KeeperException$ConnectionLossException: KeeperErrorCode = ConnectionLoss for /snowflake/com.sankuai.leaf.opensource.test/forever/10.141.192.48:2222-0000000005
	at org.apache.zookeeper.KeeperException.create(KeeperException.java:102)
	at org.apache.zookeeper.KeeperException.create(KeeperException.java:54)
	at org.apache.zookeeper.ZooKeeper.setData(ZooKeeper.java:2551)
	at org.apache.curator.framework.imps.SetDataBuilderImpl$4.call(SetDataBuilderImpl.java:291)
	at org.apache.curator.framework.imps.SetDataBuilderImpl$4.call(SetDataBuilderImpl.java:287)
	at org.apache.curator.RetryLoop.callWithRetry(RetryLoop.java:93)
	at org.apache.curator.framework.imps.SetDataBuilderImpl.pathInForeground(SetDataBuilderImpl.java:284)
	at org.apache.curator.framework.imps.SetDataBuilderImpl.forPath(SetDataBuilderImpl.java:270)
	at org.apache.curator.framework.imps.SetDataBuilderImpl.forPath(SetDataBuilderImpl.java:33)
	at com.evan.greennote.distributed.id.generator.biz.core.snowflake.SnowflakeZookeeperHolder.updateNewData(SnowflakeZookeeperHolder.java:158)
	at com.evan.greennote.distributed.id.generator.biz.core.snowflake.SnowflakeZookeeperHolder$1.run(SnowflakeZookeeperHolder.java:124)
	at java.base/java.util.concurrent.Executors$RunnableAdapter.call(Executors.java:539)
	at java.base/java.util.concurrent.FutureTask.runAndReset(FutureTask.java:305)
	at java.base/java.util.concurrent.ScheduledThreadPoolExecutor$ScheduledFutureTask.run(ScheduledThreadPoolExecutor.java:305)
	at java.base/java.util.concurrent.ThreadPoolExecutor.runWorker(ThreadPoolExecutor.java:1136)
	at java.base/java.util.concurrent.ThreadPoolExecutor$Worker.run(ThreadPoolExecutor.java:635)
	at java.base/java.lang.Thread.run(Thread.java:842)
2026-01-24 23:07:04.263 [main-SendThread(127.0.0.1:2181)] INFO  org.apache.zookeeper.ClientCnxn - Opening socket connection to server kubernetes.docker.internal/127.0.0.1:2181.
2026-01-24 23:07:04.265 [main-SendThread(127.0.0.1:2181)] INFO  org.apache.zookeeper.ClientCnxn - SASL config status: Will not attempt to authenticate using SASL (unknown error)
2026-01-24 23:07:04.283 [main-SendThread(127.0.0.1:2181)] INFO  org.apache.zookeeper.ClientCnxn - Socket connection established, initiating session, client: /127.0.0.1:53729, server: kubernetes.docker.internal/127.0.0.1:2181
2026-01-24 23:07:04.491 [main-SendThread(127.0.0.1:2181)] WARN  org.apache.zookeeper.ClientCnxn - Unable to reconnect to ZooKeeper service, session 0x100014216770000 has expired
2026-01-24 23:07:04.491 [main-SendThread(127.0.0.1:2181)] WARN  org.apache.zookeeper.ClientCnxn - Session 0x100014216770000 for sever kubernetes.docker.internal/127.0.0.1:2181, Closing socket connection. Attempting reconnect except it is a SessionExpiredException.
org.apache.zookeeper.ClientCnxn$SessionExpiredException: Unable to reconnect to ZooKeeper service, session 0x100014216770000 has expired
	at org.apache.zookeeper.ClientCnxn$SendThread.onConnected(ClientCnxn.java:1406)
	at org.apache.zookeeper.ClientCnxnSocket.readConnectResult(ClientCnxnSocket.java:154)
	at org.apache.zookeeper.ClientCnxnSocketNIO.doIO(ClientCnxnSocketNIO.java:84)
	at org.apache.zookeeper.ClientCnxnSocketNIO.doTransport(ClientCnxnSocketNIO.java:348)
	at org.apache.zookeeper.ClientCnxn$SendThread.run(ClientCnxn.java:1262)
2026-01-24 23:07:04.494 [main-EventThread] WARN  org.apache.curator.ConnectionState - Session expired event received
2026-01-24 23:07:04.562 [main-EventThread] INFO  org.apache.zookeeper.ZooKeeper - Initiating client connection, connectString=127.0.0.1:2181 sessionTimeout=6000 watcher=org.apache.curator.ConnectionState@31a136a6
2026-01-24 23:07:04.677 [main-EventThread] INFO  org.apache.zookeeper.ClientCnxnSocket - jute.maxbuffer value is 1048575 Bytes
2026-01-24 23:07:04.682 [main-EventThread] INFO  org.apache.zookeeper.ClientCnxn - zookeeper.request.timeout value is 0. feature enabled=false
2026-01-24 23:07:04.693 [main-EventThread] INFO  o.a.curator.framework.state.ConnectionStateManager - State change: LOST
2026-01-24 23:07:04.693 [main-EventThread] INFO  org.apache.zookeeper.ClientCnxn - EventThread shut down for session: 0x100014216770000
2026-01-24 23:07:04.710 [main-SendThread(127.0.0.1:2181)] INFO  org.apache.zookeeper.ClientCnxn - Opening socket connection to server kubernetes.docker.internal/127.0.0.1:2181.
2026-01-24 23:07:04.710 [main-SendThread(127.0.0.1:2181)] INFO  org.apache.zookeeper.ClientCnxn - SASL config status: Will not attempt to authenticate using SASL (unknown error)
2026-01-24 23:07:04.712 [main-SendThread(127.0.0.1:2181)] INFO  org.apache.zookeeper.ClientCnxn - Socket connection established, initiating session, client: /127.0.0.1:16725, server: kubernetes.docker.internal/127.0.0.1:2181
2026-01-24 23:07:04.778 [main-SendThread(127.0.0.1:2181)] INFO  org.apache.zookeeper.ClientCnxn - Session establishment complete on server kubernetes.docker.internal/127.0.0.1:2181, session id = 0x100014216770001, negotiated timeout = 6000
2026-01-24 23:07:04.779 [main-EventThread] INFO  o.a.curator.framework.state.ConnectionStateManager - State change: RECONNECTED
2026-01-24 23:07:04.812 [main-EventThread] INFO  org.apache.curator.framework.imps.EnsembleTracker - New config event received: {}
2026-01-24 23:07:21.289 [check-idCache-thread] INFO  c.e.g.d.i.g.biz.core.segment.SegmentIDGenImpl - update cache from db
2026-01-24 23:07:21.322 [check-idCache-thread] INFO  org.perf4j.TimingLogger - start[1769317641289] time[32] tag[updateCacheFromDb]
2026-01-24 23:08:21.325 [check-idCache-thread] INFO  c.e.g.d.i.g.biz.core.segment.SegmentIDGenImpl - update cache from db
2026-01-24 23:08:21.327 [check-idCache-thread] INFO  org.perf4j.TimingLogger - start[1769317701325] time[1] tag[updateCacheFromDb]
2026-01-24 23:09:21.333 [check-idCache-thread] INFO  c.e.g.d.i.g.biz.core.segment.SegmentIDGenImpl - update cache from db
2026-01-24 23:09:21.334 [check-idCache-thread] INFO  org.perf4j.TimingLogger - start[1769317761333] time[1] tag[updateCacheFromDb]
2026-01-24 23:10:21.343 [check-idCache-thread] INFO  c.e.g.d.i.g.biz.core.segment.SegmentIDGenImpl - update cache from db
2026-01-24 23:10:21.344 [check-idCache-thread] INFO  org.perf4j.TimingLogger - start[1769317821343] time[2] tag[updateCacheFromDb]
2026-01-24 23:11:21.357 [check-idCache-thread] INFO  c.e.g.d.i.g.biz.core.segment.SegmentIDGenImpl - update cache from db
2026-01-24 23:11:21.359 [check-idCache-thread] INFO  org.perf4j.TimingLogger - start[1769317881357] time[1] tag[updateCacheFromDb]
2026-01-24 23:12:21.371 [check-idCache-thread] INFO  c.e.g.d.i.g.biz.core.segment.SegmentIDGenImpl - update cache from db
2026-01-24 23:12:21.372 [check-idCache-thread] INFO  org.perf4j.TimingLogger - start[1769317941371] time[1] tag[updateCacheFromDb]
2026-01-24 23:13:21.376 [check-idCache-thread] INFO  c.e.g.d.i.g.biz.core.segment.SegmentIDGenImpl - update cache from db
2026-01-24 23:13:21.377 [check-idCache-thread] INFO  org.perf4j.TimingLogger - start[1769318001376] time[1] tag[updateCacheFromDb]
2026-01-24 23:14:21.389 [check-idCache-thread] INFO  c.e.g.d.i.g.biz.core.segment.SegmentIDGenImpl - update cache from db
2026-01-24 23:14:21.390 [check-idCache-thread] INFO  org.perf4j.TimingLogger - start[1769318061389] time[1] tag[updateCacheFromDb]
2026-01-24 23:15:21.406 [check-idCache-thread] INFO  c.e.g.d.i.g.biz.core.segment.SegmentIDGenImpl - update cache from db
2026-01-24 23:15:21.407 [check-idCache-thread] INFO  org.perf4j.TimingLogger - start[1769318121406] time[1] tag[updateCacheFromDb]
2026-01-24 23:16:21.423 [check-idCache-thread] INFO  c.e.g.d.i.g.biz.core.segment.SegmentIDGenImpl - update cache from db
2026-01-24 23:16:21.424 [check-idCache-thread] INFO  org.perf4j.TimingLogger - start[1769318181423] time[1] tag[updateCacheFromDb]
2026-01-24 23:17:21.435 [check-idCache-thread] INFO  c.e.g.d.i.g.biz.core.segment.SegmentIDGenImpl - update cache from db
2026-01-24 23:17:21.437 [check-idCache-thread] INFO  org.perf4j.TimingLogger - start[1769318241435] time[1] tag[updateCacheFromDb]
2026-01-24 23:18:21.449 [check-idCache-thread] INFO  c.e.g.d.i.g.biz.core.segment.SegmentIDGenImpl - update cache from db
2026-01-24 23:18:21.451 [check-idCache-thread] INFO  org.perf4j.TimingLogger - start[1769318301449] time[1] tag[updateCacheFromDb]
2026-01-24 23:19:21.464 [check-idCache-thread] INFO  c.e.g.d.i.g.biz.core.segment.SegmentIDGenImpl - update cache from db
2026-01-24 23:19:21.472 [check-idCache-thread] INFO  org.perf4j.TimingLogger - start[1769318361464] time[8] tag[updateCacheFromDb]
2026-01-24 23:20:21.480 [check-idCache-thread] INFO  c.e.g.d.i.g.biz.core.segment.SegmentIDGenImpl - update cache from db
2026-01-24 23:20:21.482 [check-idCache-thread] INFO  org.perf4j.TimingLogger - start[1769318421480] time[2] tag[updateCacheFromDb]
2026-01-24 23:21:21.497 [check-idCache-thread] INFO  c.e.g.d.i.g.biz.core.segment.SegmentIDGenImpl - update cache from db
2026-01-24 23:21:21.499 [check-idCache-thread] INFO  org.perf4j.TimingLogger - start[1769318481497] time[1] tag[updateCacheFromDb]
2026-01-24 23:22:21.511 [check-idCache-thread] INFO  c.e.g.d.i.g.biz.core.segment.SegmentIDGenImpl - update cache from db
2026-01-24 23:22:21.512 [check-idCache-thread] INFO  org.perf4j.TimingLogger - start[1769318541511] time[1] tag[updateCacheFromDb]
2026-01-24 23:23:21.524 [check-idCache-thread] INFO  c.e.g.d.i.g.biz.core.segment.SegmentIDGenImpl - update cache from db
2026-01-24 23:23:21.526 [check-idCache-thread] INFO  org.perf4j.TimingLogger - start[1769318601524] time[1] tag[updateCacheFromDb]
2026-01-24 23:24:21.539 [check-idCache-thread] INFO  c.e.g.d.i.g.biz.core.segment.SegmentIDGenImpl - update cache from db
2026-01-24 23:24:21.541 [check-idCache-thread] INFO  org.perf4j.TimingLogger - start[1769318661539] time[1] tag[updateCacheFromDb]
2026-01-24 23:25:21.544 [check-idCache-thread] INFO  c.e.g.d.i.g.biz.core.segment.SegmentIDGenImpl - update cache from db
2026-01-24 23:25:21.545 [check-idCache-thread] INFO  org.perf4j.TimingLogger - start[1769318721544] time[1] tag[updateCacheFromDb]
2026-01-24 23:26:21.548 [check-idCache-thread] INFO  c.e.g.d.i.g.biz.core.segment.SegmentIDGenImpl - update cache from db
2026-01-24 23:26:21.550 [check-idCache-thread] INFO  org.perf4j.TimingLogger - start[1769318781548] time[1] tag[updateCacheFromDb]
2026-01-24 23:27:21.551 [check-idCache-thread] INFO  c.e.g.d.i.g.biz.core.segment.SegmentIDGenImpl - update cache from db
2026-01-24 23:27:21.554 [check-idCache-thread] INFO  org.perf4j.TimingLogger - start[1769318841551] time[2] tag[updateCacheFromDb]
2026-01-24 23:28:21.558 [check-idCache-thread] INFO  c.e.g.d.i.g.biz.core.segment.SegmentIDGenImpl - update cache from db
2026-01-24 23:28:21.560 [check-idCache-thread] INFO  org.perf4j.TimingLogger - start[1769318901558] time[1] tag[updateCacheFromDb]
2026-01-24 23:29:21.562 [check-idCache-thread] INFO  c.e.g.d.i.g.biz.core.segment.SegmentIDGenImpl - update cache from db
2026-01-24 23:29:21.563 [check-idCache-thread] INFO  org.perf4j.TimingLogger - start[1769318961562] time[1] tag[updateCacheFromDb]
2026-01-24 23:30:21.565 [check-idCache-thread] INFO  c.e.g.d.i.g.biz.core.segment.SegmentIDGenImpl - update cache from db
2026-01-24 23:30:21.566 [check-idCache-thread] INFO  org.perf4j.TimingLogger - start[1769319021565] time[1] tag[updateCacheFromDb]
2026-01-24 23:31:21.581 [check-idCache-thread] INFO  c.e.g.d.i.g.biz.core.segment.SegmentIDGenImpl - update cache from db
2026-01-24 23:31:21.581 [check-idCache-thread] INFO  org.perf4j.TimingLogger - start[1769319081581] time[1] tag[updateCacheFromDb]
2026-01-24 23:32:21.598 [check-idCache-thread] INFO  c.e.g.d.i.g.biz.core.segment.SegmentIDGenImpl - update cache from db
2026-01-24 23:32:21.599 [check-idCache-thread] INFO  org.perf4j.TimingLogger - start[1769319141598] time[1] tag[updateCacheFromDb]
2026-01-24 23:33:21.603 [check-idCache-thread] INFO  c.e.g.d.i.g.biz.core.segment.SegmentIDGenImpl - update cache from db
2026-01-24 23:33:21.604 [check-idCache-thread] INFO  org.perf4j.TimingLogger - start[1769319201603] time[1] tag[updateCacheFromDb]
2026-01-24 23:34:21.609 [check-idCache-thread] INFO  c.e.g.d.i.g.biz.core.segment.SegmentIDGenImpl - update cache from db
2026-01-24 23:34:21.610 [check-idCache-thread] INFO  org.perf4j.TimingLogger - start[1769319261609] time[2] tag[updateCacheFromDb]
2026-01-24 23:35:21.614 [check-idCache-thread] INFO  c.e.g.d.i.g.biz.core.segment.SegmentIDGenImpl - update cache from db
2026-01-24 23:35:21.615 [check-idCache-thread] INFO  org.perf4j.TimingLogger - start[1769319321614] time[1] tag[updateCacheFromDb]
2026-01-24 23:36:21.620 [check-idCache-thread] INFO  c.e.g.d.i.g.biz.core.segment.SegmentIDGenImpl - update cache from db
2026-01-24 23:36:21.622 [check-idCache-thread] INFO  org.perf4j.TimingLogger - start[1769319381620] time[1] tag[updateCacheFromDb]
2026-01-24 23:37:21.634 [check-idCache-thread] INFO  c.e.g.d.i.g.biz.core.segment.SegmentIDGenImpl - update cache from db
2026-01-24 23:37:21.635 [check-idCache-thread] INFO  org.perf4j.TimingLogger - start[1769319441634] time[1] tag[updateCacheFromDb]
2026-01-24 23:38:21.636 [check-idCache-thread] INFO  c.e.g.d.i.g.biz.core.segment.SegmentIDGenImpl - update cache from db
2026-01-24 23:38:21.637 [check-idCache-thread] INFO  org.perf4j.TimingLogger - start[1769319501636] time[1] tag[updateCacheFromDb]
2026-01-24 23:39:21.645 [check-idCache-thread] INFO  c.e.g.d.i.g.biz.core.segment.SegmentIDGenImpl - update cache from db
2026-01-24 23:39:21.647 [check-idCache-thread] INFO  org.perf4j.TimingLogger - start[1769319561645] time[1] tag[updateCacheFromDb]
2026-01-24 23:40:21.652 [check-idCache-thread] INFO  c.e.g.d.i.g.biz.core.segment.SegmentIDGenImpl - update cache from db
2026-01-24 23:40:21.653 [check-idCache-thread] INFO  org.perf4j.TimingLogger - start[1769319621652] time[1] tag[updateCacheFromDb]
2026-01-24 23:41:21.660 [check-idCache-thread] INFO  c.e.g.d.i.g.biz.core.segment.SegmentIDGenImpl - update cache from db
2026-01-24 23:41:21.662 [check-idCache-thread] INFO  org.perf4j.TimingLogger - start[1769319681660] time[1] tag[updateCacheFromDb]
2026-01-24 23:42:21.670 [check-idCache-thread] INFO  c.e.g.d.i.g.biz.core.segment.SegmentIDGenImpl - update cache from db
2026-01-24 23:42:21.670 [check-idCache-thread] INFO  org.perf4j.TimingLogger - start[1769319741670] time[1] tag[updateCacheFromDb]
2026-01-24 23:43:21.685 [check-idCache-thread] INFO  c.e.g.d.i.g.biz.core.segment.SegmentIDGenImpl - update cache from db
2026-01-24 23:43:21.687 [check-idCache-thread] INFO  org.perf4j.TimingLogger - start[1769319801685] time[1] tag[updateCacheFromDb]
2026-01-24 23:44:21.702 [check-idCache-thread] INFO  c.e.g.d.i.g.biz.core.segment.SegmentIDGenImpl - update cache from db
2026-01-24 23:44:21.703 [check-idCache-thread] INFO  org.perf4j.TimingLogger - start[1769319861702] time[1] tag[updateCacheFromDb]
2026-01-24 23:45:21.708 [check-idCache-thread] INFO  c.e.g.d.i.g.biz.core.segment.SegmentIDGenImpl - update cache from db
2026-01-24 23:45:21.711 [check-idCache-thread] INFO  org.perf4j.TimingLogger - start[1769319921708] time[1] tag[updateCacheFromDb]
2026-01-24 23:46:21.716 [check-idCache-thread] INFO  c.e.g.d.i.g.biz.core.segment.SegmentIDGenImpl - update cache from db
2026-01-24 23:46:21.719 [check-idCache-thread] INFO  org.perf4j.TimingLogger - start[1769319981716] time[2] tag[updateCacheFromDb]
2026-01-24 23:47:21.731 [check-idCache-thread] INFO  c.e.g.d.i.g.biz.core.segment.SegmentIDGenImpl - update cache from db
2026-01-24 23:47:21.733 [check-idCache-thread] INFO  org.perf4j.TimingLogger - start[1769320041731] time[1] tag[updateCacheFromDb]
2026-01-24 23:48:21.736 [check-idCache-thread] INFO  c.e.g.d.i.g.biz.core.segment.SegmentIDGenImpl - update cache from db
2026-01-24 23:48:21.737 [check-idCache-thread] INFO  org.perf4j.TimingLogger - start[1769320101736] time[1] tag[updateCacheFromDb]
2026-01-24 23:49:21.742 [check-idCache-thread] INFO  c.e.g.d.i.g.biz.core.segment.SegmentIDGenImpl - update cache from db
2026-01-24 23:49:21.742 [check-idCache-thread] INFO  org.perf4j.TimingLogger - start[1769320161742] time[1] tag[updateCacheFromDb]
2026-01-24 23:50:21.758 [check-idCache-thread] INFO  c.e.g.d.i.g.biz.core.segment.SegmentIDGenImpl - update cache from db
2026-01-24 23:50:21.759 [check-idCache-thread] INFO  org.perf4j.TimingLogger - start[1769320221758] time[1] tag[updateCacheFromDb]
2026-01-24 23:51:21.768 [check-idCache-thread] INFO  c.e.g.d.i.g.biz.core.segment.SegmentIDGenImpl - update cache from db
2026-01-24 23:51:21.770 [check-idCache-thread] INFO  org.perf4j.TimingLogger - start[1769320281768] time[2] tag[updateCacheFromDb]
2026-01-24 23:52:21.773 [check-idCache-thread] INFO  c.e.g.d.i.g.biz.core.segment.SegmentIDGenImpl - update cache from db
2026-01-24 23:52:21.775 [check-idCache-thread] INFO  org.perf4j.TimingLogger - start[1769320341773] time[1] tag[updateCacheFromDb]
2026-01-24 23:53:21.781 [check-idCache-thread] INFO  c.e.g.d.i.g.biz.core.segment.SegmentIDGenImpl - update cache from db
2026-01-24 23:53:21.783 [check-idCache-thread] INFO  org.perf4j.TimingLogger - start[1769320401781] time[1] tag[updateCacheFromDb]
2026-01-24 23:54:21.785 [check-idCache-thread] INFO  c.e.g.d.i.g.biz.core.segment.SegmentIDGenImpl - update cache from db
2026-01-24 23:54:21.788 [check-idCache-thread] INFO  org.perf4j.TimingLogger - start[1769320461785] time[2] tag[updateCacheFromDb]
2026-01-24 23:55:21.801 [check-idCache-thread] INFO  c.e.g.d.i.g.biz.core.segment.SegmentIDGenImpl - update cache from db
2026-01-24 23:55:21.803 [check-idCache-thread] INFO  org.perf4j.TimingLogger - start[1769320521801] time[1] tag[updateCacheFromDb]
2026-01-24 23:56:21.806 [check-idCache-thread] INFO  c.e.g.d.i.g.biz.core.segment.SegmentIDGenImpl - update cache from db
2026-01-24 23:56:21.808 [check-idCache-thread] INFO  org.perf4j.TimingLogger - start[1769320581806] time[1] tag[updateCacheFromDb]
2026-01-24 23:57:21.812 [check-idCache-thread] INFO  c.e.g.d.i.g.biz.core.segment.SegmentIDGenImpl - update cache from db
2026-01-24 23:57:21.813 [check-idCache-thread] INFO  org.perf4j.TimingLogger - start[1769320641812] time[1] tag[updateCacheFromDb]
2026-01-24 23:58:21.818 [check-idCache-thread] INFO  c.e.g.d.i.g.biz.core.segment.SegmentIDGenImpl - update cache from db
2026-01-24 23:58:21.819 [check-idCache-thread] INFO  org.perf4j.TimingLogger - start[1769320701818] time[1] tag[updateCacheFromDb]
2026-01-24 23:59:21.824 [check-idCache-thread] INFO  c.e.g.d.i.g.biz.core.segment.SegmentIDGenImpl - update cache from db
2026-01-24 23:59:21.828 [check-idCache-thread] INFO  org.perf4j.TimingLogger - start[1769320761824] time[3] tag[updateCacheFromDb]
