2025-11-23 01:43:10.707 [main] WARN  com.alibaba.nacos.client.logging.NacosLogging - Load Logback Configuration of Nacos fail, message: Could not initialize Logback Nacos logging from classpath:nacos-logback.xml
2025-11-23 01:43:10.813 [main] WARN  com.alibaba.nacos.client.logging.NacosLogging - Load Logback Configuration of Nacos fail, message: Could not initialize Logback Nacos logging from classpath:nacos-logback.xml
2025-11-23 01:43:11.794 [main] WARN  com.alibaba.nacos.client.logging.NacosLogging - Load Logback Configuration of Nacos fail, message: Could not initialize Logback Nacos logging from classpath:nacos-logback.xml
2025-11-23 01:43:11.821 [main] WARN  com.alibaba.nacos.client.logging.NacosLogging - Load Logback Configuration of Nacos fail, message: Could not initialize Logback Nacos logging from classpath:nacos-logback.xml
2025-11-23 01:43:11.822 [main] INFO  c.e.g.d.i.g.b.GreenNoteDistributedGeneratorBizApplication - The following 1 profile is active: "dev"
2025-11-23 01:43:12.851 [main] INFO  o.springframework.cloud.context.scope.GenericScope - BeanFactory id=ab990966-1602-3d9b-9f95-30e029a827d5
2025-11-23 01:43:13.281 [main] INFO  o.s.boot.web.embedded.tomcat.TomcatWebServer - Tomcat initialized with port(s): 8085 (http)
2025-11-23 01:43:13.300 [main] INFO  org.apache.catalina.core.StandardService - Starting service [Tomcat]
2025-11-23 01:43:13.300 [main] INFO  org.apache.catalina.core.StandardEngine - Starting Servlet engine: [Apache Tomcat/10.1.5]
2025-11-23 01:43:13.479 [main] INFO  o.a.c.core.ContainerBase.[Tomcat].[localhost].[/] - Initializing Spring embedded WebApplicationContext
2025-11-23 01:43:13.480 [main] INFO  o.s.b.w.s.c.ServletWebServerApplicationContext - Root WebApplicationContext: initialization completed in 1630 ms
2025-11-23 01:43:13.762 [main] INFO  com.alibaba.druid.pool.DruidDataSource - {dataSource-1} inited
2025-11-23 01:43:13.930 [main] INFO  c.e.g.d.i.g.biz.core.segment.SegmentIDGenImpl - Init ...
2025-11-23 01:43:13.931 [main] INFO  c.e.g.d.i.g.biz.core.segment.SegmentIDGenImpl - update cache from db
2025-11-23 01:43:14.250 [main] INFO  c.e.g.d.i.g.biz.core.segment.SegmentIDGenImpl - Add tag leaf-segment-test from db to IdCache, SegmentBuffer SegmentBuffer{key='leaf-segment-test', segments=[Segment(value:0,max:0,step:0), Segment(value:0,max:0,step:0)], currentPos=0, nextReady=false, initOk=false, threadRunning=false, step=0, minStep=0, updateTimestamp=0}
2025-11-23 01:43:14.250 [main] INFO  c.e.g.d.i.g.biz.core.segment.SegmentIDGenImpl - Add tag leaf-segment-greennote-id from db to IdCache, SegmentBuffer SegmentBuffer{key='leaf-segment-greennote-id', segments=[Segment(value:0,max:0,step:0), Segment(value:0,max:0,step:0)], currentPos=0, nextReady=false, initOk=false, threadRunning=false, step=0, minStep=0, updateTimestamp=0}
2025-11-23 01:43:14.250 [main] INFO  c.e.g.d.i.g.biz.core.segment.SegmentIDGenImpl - Add tag leaf-segment-user-id from db to IdCache, SegmentBuffer SegmentBuffer{key='leaf-segment-user-id', segments=[Segment(value:0,max:0,step:0), Segment(value:0,max:0,step:0)], currentPos=0, nextReady=false, initOk=false, threadRunning=false, step=0, minStep=0, updateTimestamp=0}
2025-11-23 01:43:14.251 [main] INFO  org.perf4j.TimingLogger - start[1763833393932] time[318] tag[updateCacheFromDb]
2025-11-23 01:43:14.253 [main] INFO  c.e.g.d.id.generator.biz.service.SegmentService - Segment Service Init Successfully
2025-11-23 01:43:14.281 [main] INFO  c.e.g.d.i.g.biz.core.snowflake.SnowflakeIDGenImpl - twepoch:1288834974657 ,ip:192.168.0.227 ,zkAddress:127.0.0.1:2181 port:2222
2025-11-23 01:43:14.434 [main] WARN  org.apache.curator.CuratorZookeeperClient - session timeout [6000] is less than connection timeout [10000]
2025-11-23 01:43:14.473 [main] INFO  o.a.curator.framework.imps.CuratorFrameworkImpl - Starting
2025-11-23 01:43:14.487 [main] INFO  org.apache.zookeeper.ZooKeeper - Client environment:zookeeper.version=3.6.0--b4c89dc7f6083829e18fae6e446907ae0b1f22d7, built on 02/25/2020 14:38 GMT
2025-11-23 01:43:14.487 [main] INFO  org.apache.zookeeper.ZooKeeper - Client environment:host.name=LAPTOP-M8MN7LA9.lan
2025-11-23 01:43:14.488 [main] INFO  org.apache.zookeeper.ZooKeeper - Client environment:java.version=17.0.16
2025-11-23 01:43:14.488 [main] INFO  org.apache.zookeeper.ZooKeeper - Client environment:java.vendor=Oracle Corporation
2025-11-23 01:43:14.489 [main] INFO  org.apache.zookeeper.ZooKeeper - Client environment:java.home=C:\Program Files\Java\jdk-17
2025-11-23 01:43:14.489 [main] INFO  org.apache.zookeeper.ZooKeeper - Client environment:java.class.path=C:\Users\12482\IdeaProjects\GreenNote\GreenNote-disreibuted-id-generator\GreenNote-distributed-id-generator-biz\target\classes;C:\Users\12482\IdeaProjects\GreenNote\GreenNote-framework\GreenNote-common\target\classes;C:\Maven\repository\org\projectlombok\lombok\1.18.30\lombok-1.18.30.jar;C:\Maven\repository\com\fasterxml\jackson\core\jackson-databind\2.16.1\jackson-databind-2.16.1.jar;C:\Maven\repository\com\fasterxml\jackson\core\jackson-annotations\2.14.1\jackson-annotations-2.14.1.jar;C:\Maven\repository\com\fasterxml\jackson\core\jackson-core\2.16.1\jackson-core-2.16.1.jar;C:\Maven\repository\com\fasterxml\jackson\datatype\jackson-datatype-jsr310\2.14.1\jackson-datatype-jsr310-2.14.1.jar;C:\Maven\repository\jakarta\validation\jakarta.validation-api\3.0.2\jakarta.validation-api-3.0.2.jar;C:\Maven\repository\org\hibernate\validator\hibernate-validator\8.0.0.Final\hibernate-validator-8.0.0.Final.jar;C:\Maven\repository\org\jboss\logging\jboss-logging\3.5.0.Final\jboss-logging-3.5.0.Final.jar;C:\Maven\repository\com\fasterxml\classmate\1.5.1\classmate-1.5.1.jar;C:\Maven\repository\com\google\guava\guava\33.0.0-jre\guava-33.0.0-jre.jar;C:\Maven\repository\com\google\guava\failureaccess\1.0.2\failureaccess-1.0.2.jar;C:\Maven\repository\com\google\guava\listenablefuture\9999.0-empty-to-avoid-conflict-with-guava\listenablefuture-9999.0-empty-to-avoid-conflict-with-guava.jar;C:\Maven\repository\com\google\code\findbugs\jsr305\3.0.2\jsr305-3.0.2.jar;C:\Maven\repository\org\checkerframework\checker-qual\3.41.0\checker-qual-3.41.0.jar;C:\Maven\repository\com\google\errorprone\error_prone_annotations\2.23.0\error_prone_annotations-2.23.0.jar;C:\Maven\repository\com\google\j2objc\j2objc-annotations\2.8\j2objc-annotations-2.8.jar;C:\Maven\repository\cn\hutool\hutool-all\5.8.26\hutool-all-5.8.26.jar;C:\Maven\repository\org\apache\commons\commons-lang3\3.12.0\commons-lang3-3.12.0.jar;C:\Maven\repository\org\springframework\boot\spring-boot-starter-web\3.0.2\spring-boot-starter-web-3.0.2.jar;C:\Maven\repository\org\springframework\boot\spring-boot-starter\3.0.2\spring-boot-starter-3.0.2.jar;C:\Maven\repository\org\springframework\boot\spring-boot\3.0.2\spring-boot-3.0.2.jar;C:\Maven\repository\org\springframework\boot\spring-boot-autoconfigure\3.0.2\spring-boot-autoconfigure-3.0.2.jar;C:\Maven\repository\org\springframework\boot\spring-boot-starter-logging\3.0.2\spring-boot-starter-logging-3.0.2.jar;C:\Maven\repository\ch\qos\logback\logback-classic\1.4.5\logback-classic-1.4.5.jar;C:\Maven\repository\ch\qos\logback\logback-core\1.4.5\logback-core-1.4.5.jar;C:\Maven\repository\org\apache\logging\log4j\log4j-to-slf4j\2.19.0\log4j-to-slf4j-2.19.0.jar;C:\Maven\repository\org\apache\logging\log4j\log4j-api\2.19.0\log4j-api-2.19.0.jar;C:\Maven\repository\org\slf4j\jul-to-slf4j\2.0.6\jul-to-slf4j-2.0.6.jar;C:\Maven\repository\jakarta\annotation\jakarta.annotation-api\2.1.1\jakarta.annotation-api-2.1.1.jar;C:\Maven\repository\org\yaml\snakeyaml\1.33\snakeyaml-1.33.jar;C:\Maven\repository\org\springframework\boot\spring-boot-starter-json\3.0.2\spring-boot-starter-json-3.0.2.jar;C:\Maven\repository\com\fasterxml\jackson\datatype\jackson-datatype-jdk8\2.14.1\jackson-datatype-jdk8-2.14.1.jar;C:\Maven\repository\com\fasterxml\jackson\module\jackson-module-parameter-names\2.14.1\jackson-module-parameter-names-2.14.1.jar;C:\Maven\repository\org\springframework\boot\spring-boot-starter-tomcat\3.0.2\spring-boot-starter-tomcat-3.0.2.jar;C:\Maven\repository\org\apache\tomcat\embed\tomcat-embed-core\10.1.5\tomcat-embed-core-10.1.5.jar;C:\Maven\repository\org\apache\tomcat\embed\tomcat-embed-el\10.1.5\tomcat-embed-el-10.1.5.jar;C:\Maven\repository\org\apache\tomcat\embed\tomcat-embed-websocket\10.1.5\tomcat-embed-websocket-10.1.5.jar;C:\Maven\repository\org\springframework\spring-web\6.0.4\spring-web-6.0.4.jar;C:\Maven\repository\org\springframework\spring-beans\6.0.4\spring-beans-6.0.4.jar;C:\Maven\repository\io\micrometer\micrometer-observation\1.10.3\micrometer-observation-1.10.3.jar;C:\Maven\repository\io\micrometer\micrometer-commons\1.10.3\micrometer-commons-1.10.3.jar;C:\Maven\repository\org\springframework\spring-webmvc\6.0.4\spring-webmvc-6.0.4.jar;C:\Maven\repository\org\springframework\spring-aop\6.0.4\spring-aop-6.0.4.jar;C:\Maven\repository\org\springframework\spring-context\6.0.4\spring-context-6.0.4.jar;C:\Maven\repository\org\springframework\spring-expression\6.0.4\spring-expression-6.0.4.jar;C:\Maven\repository\org\slf4j\slf4j-api\2.0.6\slf4j-api-2.0.6.jar;C:\Maven\repository\org\springframework\spring-core\6.0.4\spring-core-6.0.4.jar;C:\Maven\repository\org\springframework\spring-jcl\6.0.4\spring-jcl-6.0.4.jar;C:\Maven\repository\org\springframework\cloud\spring-cloud-starter-bootstrap\4.0.0\spring-cloud-starter-bootstrap-4.0.0.jar;C:\Maven\repository\org\springframework\cloud\spring-cloud-starter\4.0.0\spring-cloud-starter-4.0.0.jar;C:\Maven\repository\org\springframework\security\spring-security-rsa\1.0.11.RELEASE\spring-security-rsa-1.0.11.RELEASE.jar;C:\Maven\repository\org\bouncycastle\bcpkix-jdk15on\1.69\bcpkix-jdk15on-1.69.jar;C:\Maven\repository\org\bouncycastle\bcprov-jdk15on\1.69\bcprov-jdk15on-1.69.jar;C:\Maven\repository\org\bouncycastle\bcutil-jdk15on\1.69\bcutil-jdk15on-1.69.jar;C:\Maven\repository\com\alibaba\cloud\spring-cloud-starter-alibaba-nacos-discovery\2022.0.0.0\spring-cloud-starter-alibaba-nacos-discovery-2022.0.0.0.jar;C:\Maven\repository\com\alibaba\cloud\spring-cloud-alibaba-commons\2022.0.0.0\spring-cloud-alibaba-commons-2022.0.0.0.jar;C:\Maven\repository\com\alibaba\nacos\nacos-client\2.2.1\nacos-client-2.2.1.jar;C:\Maven\repository\com\alibaba\nacos\nacos-auth-plugin\2.2.1\nacos-auth-plugin-2.2.1.jar;C:\Maven\repository\com\alibaba\nacos\nacos-encryption-plugin\2.2.1\nacos-encryption-plugin-2.2.1.jar;C:\Maven\repository\commons-codec\commons-codec\1.15\commons-codec-1.15.jar;C:\Maven\repository\org\apache\httpcomponents\httpasyncclient\4.1.5\httpasyncclient-4.1.5.jar;C:\Maven\repository\org\apache\httpcomponents\httpcore\4.4.16\httpcore-4.4.16.jar;C:\Maven\repository\org\apache\httpcomponents\httpcore-nio\4.4.16\httpcore-nio-4.4.16.jar;C:\Maven\repository\org\apache\httpcomponents\httpclient\4.5.14\httpclient-4.5.14.jar;C:\Maven\repository\io\prometheus\simpleclient\0.16.0\simpleclient-0.16.0.jar;C:\Maven\repository\io\prometheus\simpleclient_tracer_otel\0.16.0\simpleclient_tracer_otel-0.16.0.jar;C:\Maven\repository\io\prometheus\simpleclient_tracer_common\0.16.0\simpleclient_tracer_common-0.16.0.jar;C:\Maven\repository\io\prometheus\simpleclient_tracer_otel_agent\0.16.0\simpleclient_tracer_otel_agent-0.16.0.jar;C:\Maven\repository\com\alibaba\spring\spring-context-support\1.0.11\spring-context-support-1.0.11.jar;C:\Maven\repository\org\springframework\cloud\spring-cloud-commons\4.0.0\spring-cloud-commons-4.0.0.jar;C:\Maven\repository\org\springframework\security\spring-security-crypto\6.0.1\spring-security-crypto-6.0.1.jar;C:\Maven\repository\org\springframework\cloud\spring-cloud-context\4.0.0\spring-cloud-context-4.0.0.jar;C:\Maven\repository\commons-io\commons-io\2.4\commons-io-2.4.jar;C:\Maven\repository\org\perf4j\perf4j\0.9.16\perf4j-0.9.16.jar;C:\Maven\repository\mysql\mysql-connector-java\8.0.29\mysql-connector-java-8.0.29.jar;C:\Maven\repository\com\google\protobuf\protobuf-java\3.19.4\protobuf-java-3.19.4.jar;C:\Maven\repository\com\alibaba\druid\1.0.18\druid-1.0.18.jar;C:\Maven\repository\org\mybatis\mybatis\3.3.0\mybatis-3.3.0.jar;C:\Maven\repository\org\apache\curator\curator-recipes\2.6.0\curator-recipes-2.6.0.jar;C:\Maven\repository\org\apache\curator\curator-framework\5.1.0\curator-framework-5.1.0.jar;C:\Maven\repository\org\apache\curator\curator-client\5.1.0\curator-client-5.1.0.jar;C:\Maven\repository\org\apache\zookeeper\zookeeper\3.6.0\zookeeper-3.6.0.jar;C:\Maven\repository\commons-lang\commons-lang\2.6\commons-lang-2.6.jar;C:\Maven\repository\org\apache\zookeeper\zookeeper-jute\3.6.0\zookeeper-jute-3.6.0.jar;C:\Maven\repository\org\apache\yetus\audience-annotations\0.5.0\audience-annotations-0.5.0.jar;C:\Maven\repository\io\netty\netty-handler\4.1.87.Final\netty-handler-4.1.87.Final.jar;C:\Maven\repository\io\netty\netty-common\4.1.87.Final\netty-common-4.1.87.Final.jar;C:\Maven\repository\io\netty\netty-resolver\4.1.87.Final\netty-resolver-4.1.87.Final.jar;C:\Maven\repository\io\netty\netty-buffer\4.1.87.Final\netty-buffer-4.1.87.Final.jar;C:\Maven\repository\io\netty\netty-transport\4.1.87.Final\netty-transport-4.1.87.Final.jar;C:\Maven\repository\io\netty\netty-transport-native-unix-common\4.1.87.Final\netty-transport-native-unix-common-4.1.87.Final.jar;C:\Maven\repository\io\netty\netty-codec\4.1.87.Final\netty-codec-4.1.87.Final.jar;C:\Maven\repository\io\netty\netty-transport-native-epoll\4.1.87.Final\netty-transport-native-epoll-4.1.87.Final.jar;C:\Maven\repository\io\netty\netty-transport-classes-epoll\4.1.87.Final\netty-transport-classes-epoll-4.1.87.Final.jar
2025-11-23 01:43:14.489 [main] INFO  org.apache.zookeeper.ZooKeeper - Client environment:java.library.path=C:\Program Files\Java\jdk-17\bin;C:\WINDOWS\Sun\Java\bin;C:\WINDOWS\system32;C:\WINDOWS;C:\Program Files\Eclipse Adoptium\jdk-17.0.16.8-hotspot\bin;C:\Users\12482\AppData\Local\Programs\Python\Python313\Scripts\;C:\Users\12482\AppData\Local\Programs\Python\Python313\;C:\Program Files (x86)\Common Files\Oracle\Java\javapath;C:\WINDOWS\system32;C:\WINDOWS;C:\WINDOWS\System32\Wbem;C:\WINDOWS\System32\WindowsPowerShell\v1.0\;C:\WINDOWS\System32\OpenSSH\;C:\Program Files (x86)\NVIDIA Corporation\PhysX\Common;C:\Program Files\NVIDIA Corporation\NVIDIA NvDLISR;C:\Users\12482\jdk-24\bin;C:\Users\12482\jdk-24\bin;C:\Program Files\Git\cmd;C:\Program Files\dotnet\;C:\Program Files (x86)\cloudflared\;C:\Program Files\Docker\Docker\resources\bin;C:\Maven\apache-maven-3.9.11\bin;C:\Program Files\nodejs\;C:\ProgramData\chocolatey\bin;c:\Users\12482\AppData\Local\Programs\cursor\resources\app\codeBin;C:\Users\12482\AppData\Local\Programs\Python\Python313\Scripts\;C:\Users\12482\AppData\Local\Programs\Python\Python313\;C:\Users\12482\AppData\Local\Programs\Python\Python39\Scripts\;C:\Users\12482\AppData\Local\Programs\Python\Python39\;C:\Users\12482\AppData\Local\Microsoft\WindowsApps;;C:\Users\12482\AppData\Local\Programs\Fiddler;C:\Program Files\JetBrains\IntelliJ IDEA 2025.2.1\bin;C:\Users\12482\AppData\Local\Programs\Microsoft VS Code\bin;C:\Users\12482\AppData\Local\Microsoft\WindowsApps;C:\Users\12482\AppData\Local\Programs\cursor\resources\app\bin;C:\Users\12482\AppData\Roaming\npm;C:\Program Files\JetBrains\PyCharm 2025.2.2\bin;.
2025-11-23 01:43:14.489 [main] INFO  org.apache.zookeeper.ZooKeeper - Client environment:java.io.tmpdir=C:\Users\12482\AppData\Local\Temp\
2025-11-23 01:43:14.489 [main] INFO  org.apache.zookeeper.ZooKeeper - Client environment:java.compiler=<NA>
2025-11-23 01:43:14.489 [main] INFO  org.apache.zookeeper.ZooKeeper - Client environment:os.name=Windows 11
2025-11-23 01:43:14.489 [main] INFO  org.apache.zookeeper.ZooKeeper - Client environment:os.arch=amd64
2025-11-23 01:43:14.489 [main] INFO  org.apache.zookeeper.ZooKeeper - Client environment:os.version=10.0
2025-11-23 01:43:14.489 [main] INFO  org.apache.zookeeper.ZooKeeper - Client environment:user.name=12482
2025-11-23 01:43:14.489 [main] INFO  org.apache.zookeeper.ZooKeeper - Client environment:user.home=C:\Users\12482
2025-11-23 01:43:14.489 [main] INFO  org.apache.zookeeper.ZooKeeper - Client environment:user.dir=C:\Users\12482\IdeaProjects\GreenNote
2025-11-23 01:43:14.489 [main] INFO  org.apache.zookeeper.ZooKeeper - Client environment:os.memory.free=54MB
2025-11-23 01:43:14.489 [main] INFO  org.apache.zookeeper.ZooKeeper - Client environment:os.memory.max=8012MB
2025-11-23 01:43:14.489 [main] INFO  org.apache.zookeeper.ZooKeeper - Client environment:os.memory.total=80MB
2025-11-23 01:43:14.497 [main] INFO  org.apache.zookeeper.ZooKeeper - Initiating client connection, connectString=127.0.0.1:2181 sessionTimeout=6000 watcher=org.apache.curator.ConnectionState@474749b8
2025-11-23 01:43:14.506 [main] INFO  org.apache.zookeeper.common.X509Util - Setting -D jdk.tls.rejectClientInitiatedRenegotiation=true to disable client-initiated TLS renegotiation
2025-11-23 01:43:14.527 [main] INFO  org.apache.zookeeper.ClientCnxnSocket - jute.maxbuffer value is 1048575 Bytes
2025-11-23 01:43:14.540 [main] INFO  org.apache.zookeeper.ClientCnxn - zookeeper.request.timeout value is 0. feature enabled=false
2025-11-23 01:43:14.557 [main-SendThread(127.0.0.1:2181)] INFO  org.apache.zookeeper.ClientCnxn - Opening socket connection to server kubernetes.docker.internal/127.0.0.1:2181.
2025-11-23 01:43:14.558 [main-SendThread(127.0.0.1:2181)] INFO  org.apache.zookeeper.ClientCnxn - SASL config status: Will not attempt to authenticate using SASL (unknown error)
2025-11-23 01:43:14.562 [main-SendThread(127.0.0.1:2181)] INFO  org.apache.zookeeper.ClientCnxn - Socket connection established, initiating session, client: /127.0.0.1:14708, server: kubernetes.docker.internal/127.0.0.1:2181
2025-11-23 01:43:14.564 [main] INFO  o.a.curator.framework.imps.CuratorFrameworkImpl - Default schema
2025-11-23 01:43:14.763 [main-SendThread(127.0.0.1:2181)] INFO  org.apache.zookeeper.ClientCnxn - Session establishment complete on server kubernetes.docker.internal/127.0.0.1:2181, session id = 0x10000049289002d, negotiated timeout = 6000
2025-11-23 01:43:14.774 [main-EventThread] INFO  o.a.curator.framework.state.ConnectionStateManager - State change: CONNECTED
2025-11-23 01:43:14.808 [main-EventThread] INFO  org.apache.curator.framework.imps.EnsembleTracker - New config event received: {}
2025-11-23 01:43:14.808 [main-EventThread] INFO  org.apache.curator.framework.imps.EnsembleTracker - New config event received: {}
2025-11-23 01:43:14.935 [main] INFO  c.e.g.d.i.g.b.c.snowflake.SnowflakeZookeeperHolder - file exists status is false
2025-11-23 01:43:14.936 [main] INFO  c.e.g.d.i.g.b.c.snowflake.SnowflakeZookeeperHolder - init local file cache create parent dis status is false, worker id is 2
2025-11-23 01:43:14.936 [main] WARN  c.e.g.d.i.g.b.c.snowflake.SnowflakeZookeeperHolder - create parent dir error===
2025-11-23 01:43:14.936 [main] INFO  c.e.g.d.i.g.b.c.snowflake.SnowflakeZookeeperHolder - [Old NODE]find forever node have this endpoint ip-192.168.0.227 port-2222 workid-2 childnode and start SUCCESS
2025-11-23 01:43:14.936 [main] INFO  c.e.g.d.i.g.biz.core.snowflake.SnowflakeIDGenImpl - START SUCCESS USE ZK WORKERID-2
2025-11-23 01:43:14.936 [main] INFO  c.e.g.d.id.generator.biz.service.SnowflakeService - Snowflake Service Init Successfully
2025-11-23 01:43:16.444 [main] INFO  o.s.boot.web.embedded.tomcat.TomcatWebServer - Tomcat started on port(s): 8085 (http) with context path ''
2025-11-23 01:43:16.455 [main] WARN  com.alibaba.nacos.client.logging.NacosLogging - Load Logback Configuration of Nacos fail, message: Could not initialize Logback Nacos logging from classpath:nacos-logback.xml
2025-11-23 01:43:16.455 [main] INFO  com.alibaba.nacos.client.naming - initializer namespace from ans.namespace attribute : null
2025-11-23 01:43:16.456 [main] INFO  com.alibaba.nacos.client.naming - initializer namespace from ALIBABA_ALIWARE_NAMESPACE attribute :null
2025-11-23 01:43:16.458 [main] INFO  com.alibaba.nacos.client.naming - initializer namespace from namespace attribute :null
2025-11-23 01:43:16.497 [main] INFO  com.alibaba.nacos.client.utils.ParamUtil - [settings] [req-serv] nacos-server port:8848
2025-11-23 01:43:16.497 [main] INFO  com.alibaba.nacos.client.utils.ParamUtil - [settings] [http-client] connect timeout:1000
2025-11-23 01:43:16.498 [main] INFO  com.alibaba.nacos.client.utils.ParamUtil - PER_TASK_CONFIG_SIZE: 3000.0
2025-11-23 01:43:16.504 [main] INFO  c.a.n.p.auth.spi.client.ClientAuthPluginManager - [ClientAuthPluginManager] Load ClientAuthService com.alibaba.nacos.client.auth.impl.NacosClientAuthServiceImpl success.
2025-11-23 01:43:16.505 [main] INFO  c.a.n.p.auth.spi.client.ClientAuthPluginManager - [ClientAuthPluginManager] Load ClientAuthService com.alibaba.nacos.client.auth.ram.RamClientAuthServiceImpl success.
2025-11-23 01:43:16.510 [main] INFO  c.a.n.client.auth.ram.identify.CredentialWatcher - null No credential found
2025-11-23 01:43:16.523 [main] INFO  com.alibaba.nacos.common.remote.client - [RpcClientFactory] create a new rpc client of 77e95add-1692-4b60-bbcf-a032b4351f69
2025-11-23 01:43:16.561 [main] INFO  com.alibaba.nacos.common.remote.client - [77e95add-1692-4b60-bbcf-a032b4351f69] RpcClient init, ServerListFactory = com.alibaba.nacos.client.naming.core.ServerListManager
2025-11-23 01:43:16.561 [main] INFO  com.alibaba.nacos.common.remote.client - [77e95add-1692-4b60-bbcf-a032b4351f69] Registry connection listener to current client:com.alibaba.nacos.client.naming.remote.gprc.redo.NamingGrpcRedoService
2025-11-23 01:43:16.562 [main] INFO  com.alibaba.nacos.common.remote.client - [77e95add-1692-4b60-bbcf-a032b4351f69] Register server push request handler:com.alibaba.nacos.client.naming.remote.gprc.NamingPushRequestHandler
2025-11-23 01:43:16.569 [main] INFO  com.alibaba.nacos.common.remote.client - [77e95add-1692-4b60-bbcf-a032b4351f69] Try to connect to server on start up, server: {serverIp = '127.0.0.1', server main port = 8848}
2025-11-23 01:43:16.577 [main] INFO  c.a.nacos.common.remote.client.grpc.GrpcClient - grpc client connection server:127.0.0.1 ip,serverPort:9848,grpcTslConfig:{"sslProvider":"OPENSSL","enableTls":false,"mutualAuthEnable":false,"trustAll":false}
2025-11-23 01:43:17.973 [main] INFO  com.alibaba.nacos.common.remote.client - [77e95add-1692-4b60-bbcf-a032b4351f69] Success to connect to server [127.0.0.1:8848] on start up, connectionId = 1763833397752_127.0.0.1_14713
2025-11-23 01:43:17.974 [com.alibaba.nacos.client.remote.worker] INFO  com.alibaba.nacos.common.remote.client - [77e95add-1692-4b60-bbcf-a032b4351f69] Notify connected event to listeners.
2025-11-23 01:43:17.974 [com.alibaba.nacos.client.remote.worker] INFO  com.alibaba.nacos.client.naming - Grpc connection connect
2025-11-23 01:43:17.974 [main] INFO  com.alibaba.nacos.common.remote.client - [77e95add-1692-4b60-bbcf-a032b4351f69] Register server push request handler:com.alibaba.nacos.common.remote.client.RpcClient$ConnectResetRequestHandler
2025-11-23 01:43:17.975 [main] INFO  com.alibaba.nacos.common.remote.client - [77e95add-1692-4b60-bbcf-a032b4351f69] Register server push request handler:com.alibaba.nacos.common.remote.client.RpcClient$$Lambda$965/0x000001408171e750
2025-11-23 01:43:17.976 [main] INFO  com.alibaba.nacos.client.naming - [REGISTER-SERVICE] greennote registering service GreenNote-distributed-id-generator with instance Instance{instanceId='null', ip='192.168.0.227', port=8085, weight=1.0, healthy=true, enabled=true, ephemeral=true, clusterName='DEFAULT', serviceName='null', metadata={IPv6=null, preserved.register.source=SPRING_CLOUD}}
2025-11-23 01:43:18.001 [main] INFO  c.a.cloud.nacos.registry.NacosServiceRegistry - nacos registry, DEFAULT_GROUP GreenNote-distributed-id-generator 192.168.0.227:8085 register finished
2025-11-23 01:43:18.239 [main] INFO  c.e.g.d.i.g.b.GreenNoteDistributedGeneratorBizApplication - Started GreenNoteDistributedGeneratorBizApplication in 8.705 seconds (process running for 10.38)
2025-11-23 01:43:37.399 [http-nio-8085-exec-1] INFO  o.a.c.core.ContainerBase.[Tomcat].[localhost].[/] - Initializing Spring DispatcherServlet 'dispatcherServlet'
2025-11-23 01:43:37.399 [http-nio-8085-exec-1] INFO  org.springframework.web.servlet.DispatcherServlet - Initializing Servlet 'dispatcherServlet'
2025-11-23 01:43:37.400 [http-nio-8085-exec-1] INFO  org.springframework.web.servlet.DispatcherServlet - Completed initialization in 1 ms
2025-11-23 01:44:14.258 [check-idCache-thread] INFO  c.e.g.d.i.g.biz.core.segment.SegmentIDGenImpl - update cache from db
2025-11-23 01:44:14.266 [check-idCache-thread] INFO  org.perf4j.TimingLogger - start[1763833454259] time[7] tag[updateCacheFromDb]
2025-11-23 01:45:14.279 [check-idCache-thread] INFO  c.e.g.d.i.g.biz.core.segment.SegmentIDGenImpl - update cache from db
2025-11-23 01:45:14.284 [check-idCache-thread] INFO  org.perf4j.TimingLogger - start[1763833514280] time[4] tag[updateCacheFromDb]
2025-11-23 01:46:14.286 [check-idCache-thread] INFO  c.e.g.d.i.g.biz.core.segment.SegmentIDGenImpl - update cache from db
2025-11-23 01:46:14.291 [check-idCache-thread] INFO  org.perf4j.TimingLogger - start[1763833574286] time[4] tag[updateCacheFromDb]
2025-11-23 01:47:14.303 [check-idCache-thread] INFO  c.e.g.d.i.g.biz.core.segment.SegmentIDGenImpl - update cache from db
2025-11-23 01:47:14.308 [check-idCache-thread] INFO  org.perf4j.TimingLogger - start[1763833634304] time[3] tag[updateCacheFromDb]
2025-11-23 01:48:06.477 [Thread-11] WARN  c.alibaba.nacos.common.http.HttpClientBeanHolder - [HttpClientBeanHolder] Start destroying common HttpClient
2025-11-23 01:48:06.478 [Thread-11] WARN  c.alibaba.nacos.common.http.HttpClientBeanHolder - [HttpClientBeanHolder] Destruction of the end
2025-11-23 01:48:06.486 [Thread-8] WARN  com.alibaba.nacos.common.notify.NotifyCenter - [NotifyCenter] Start destroying Publisher
2025-11-23 01:48:06.486 [Thread-8] WARN  com.alibaba.nacos.common.notify.NotifyCenter - [NotifyCenter] Destruction of the end
2025-11-23 01:48:06.603 [SpringApplicationShutdownHook] INFO  c.a.cloud.nacos.registry.NacosServiceRegistry - De-registering from Nacos Server now...
2025-11-23 01:48:06.603 [SpringApplicationShutdownHook] INFO  com.alibaba.nacos.client.naming - [DEREGISTER-SERVICE] greennote deregistering service GreenNote-distributed-id-generator with instance: Instance{instanceId='null', ip='192.168.0.227', port=8085, weight=1.0, healthy=true, enabled=true, ephemeral=true, clusterName='DEFAULT', serviceName='null', metadata={}}
2025-11-23 01:48:06.609 [SpringApplicationShutdownHook] INFO  c.a.cloud.nacos.registry.NacosServiceRegistry - De-registration finished.
2025-11-23 01:48:06.611 [SpringApplicationShutdownHook] INFO  com.alibaba.nacos.client.naming - com.alibaba.nacos.client.naming.cache.ServiceInfoHolder do shutdown begin
2025-11-23 01:48:06.611 [SpringApplicationShutdownHook] INFO  com.alibaba.nacos.client.naming - com.alibaba.nacos.client.naming.backups.FailoverReactor do shutdown begin
2025-11-23 01:48:06.612 [SpringApplicationShutdownHook] INFO  com.alibaba.nacos.client.naming - com.alibaba.nacos.client.naming.backups.FailoverReactor do shutdown stop
2025-11-23 01:48:06.612 [SpringApplicationShutdownHook] INFO  com.alibaba.nacos.client.naming - com.alibaba.nacos.client.naming.cache.ServiceInfoHolder do shutdown stop
2025-11-23 01:48:06.612 [SpringApplicationShutdownHook] INFO  com.alibaba.nacos.client.naming - com.alibaba.nacos.client.naming.remote.NamingClientProxyDelegate do shutdown begin
2025-11-23 01:48:06.612 [SpringApplicationShutdownHook] INFO  com.alibaba.nacos.client.naming - com.alibaba.nacos.client.naming.core.ServiceInfoUpdateService do shutdown begin
2025-11-23 01:48:06.612 [SpringApplicationShutdownHook] INFO  com.alibaba.nacos.client.naming - com.alibaba.nacos.client.naming.core.ServiceInfoUpdateService do shutdown stop
2025-11-23 01:48:06.612 [SpringApplicationShutdownHook] INFO  com.alibaba.nacos.client.naming - com.alibaba.nacos.client.naming.core.ServerListManager do shutdown begin
2025-11-23 01:48:06.612 [SpringApplicationShutdownHook] WARN  com.alibaba.nacos.client.naming - [NamingHttpClientManager] Start destroying NacosRestTemplate
2025-11-23 01:48:06.612 [SpringApplicationShutdownHook] WARN  com.alibaba.nacos.client.naming - [NamingHttpClientManager] Destruction of the end
2025-11-23 01:48:06.612 [SpringApplicationShutdownHook] INFO  com.alibaba.nacos.client.naming - com.alibaba.nacos.client.naming.core.ServerListManager do shutdown stop
2025-11-23 01:48:06.612 [SpringApplicationShutdownHook] INFO  com.alibaba.nacos.client.naming - com.alibaba.nacos.client.naming.remote.http.NamingHttpClientProxy do shutdown begin
2025-11-23 01:48:06.612 [SpringApplicationShutdownHook] WARN  com.alibaba.nacos.client.naming - [NamingHttpClientManager] Start destroying NacosRestTemplate
2025-11-23 01:48:06.613 [SpringApplicationShutdownHook] WARN  com.alibaba.nacos.client.naming - [NamingHttpClientManager] Destruction of the end
2025-11-23 01:48:06.613 [SpringApplicationShutdownHook] INFO  com.alibaba.nacos.client.naming - com.alibaba.nacos.client.naming.remote.http.NamingHttpClientProxy do shutdown stop
2025-11-23 01:48:06.613 [SpringApplicationShutdownHook] INFO  com.alibaba.nacos.common.remote.client - Shutdown rpc client, set status to shutdown
2025-11-23 01:48:06.613 [SpringApplicationShutdownHook] INFO  com.alibaba.nacos.common.remote.client - Shutdown client event executor java.util.concurrent.ScheduledThreadPoolExecutor@1256bebf[Running, pool size = 2, active threads = 2, queued tasks = 0, completed tasks = 0]
2025-11-23 01:48:06.613 [SpringApplicationShutdownHook] INFO  com.alibaba.nacos.common.remote.client - Close current connection 1763833397752_127.0.0.1_14713
2025-11-23 01:48:06.615 [nacos-grpc-client-executor-127.0.0.1-78] INFO  c.a.nacos.common.remote.client.grpc.GrpcClient - [1763833397752_127.0.0.1_14713]Ignore complete event,isRunning:false,isAbandon=false
2025-11-23 01:48:06.620 [SpringApplicationShutdownHook] INFO  c.a.nacos.common.remote.client.grpc.GrpcClient - Shutdown grpc executor java.util.concurrent.ThreadPoolExecutor@3fe32d91[Running, pool size = 4, active threads = 0, queued tasks = 0, completed tasks = 79]
2025-11-23 01:48:06.620 [SpringApplicationShutdownHook] INFO  com.alibaba.nacos.client.naming - Shutdown grpc redo service executor java.util.concurrent.ScheduledThreadPoolExecutor@29e64d8a[Running, pool size = 1, active threads = 0, queued tasks = 1, completed tasks = 96]
2025-11-23 01:48:06.620 [SpringApplicationShutdownHook] INFO  c.a.n.client.auth.ram.identify.CredentialWatcher - [null] CredentialWatcher is stopped
2025-11-23 01:48:06.621 [SpringApplicationShutdownHook] INFO  c.a.n.client.auth.ram.identify.CredentialService - [null] CredentialService is freed
2025-11-23 01:48:06.621 [SpringApplicationShutdownHook] INFO  com.alibaba.nacos.client.naming - com.alibaba.nacos.client.naming.remote.NamingClientProxyDelegate do shutdown stop
