2026-01-27 13:04:26.589 [main] WARN  com.alibaba.nacos.client.logging.NacosLogging - Load Logback Configuration of Nacos fail, message: Could not initialize Logback Nacos logging from classpath:nacos-logback.xml
2026-01-27 13:04:26.651 [main] WARN  com.alibaba.nacos.client.logging.NacosLogging - Load Logback Configuration of Nacos fail, message: Could not initialize Logback Nacos logging from classpath:nacos-logback.xml
2026-01-27 13:04:27.114 [main] WARN  com.alibaba.nacos.client.logging.NacosLogging - Load Logback Configuration of Nacos fail, message: Could not initialize Logback Nacos logging from classpath:nacos-logback.xml
2026-01-27 13:04:27.127 [main] WARN  com.alibaba.nacos.client.logging.NacosLogging - Load Logback Configuration of Nacos fail, message: Could not initialize Logback Nacos logging from classpath:nacos-logback.xml
2026-01-27 13:04:27.129 [main] INFO  c.e.g.d.i.g.b.GreenNoteDistributedGeneratorBizApplication - The following 1 profile is active: "dev"
2026-01-27 13:04:27.714 [main] INFO  o.springframework.cloud.context.scope.GenericScope - BeanFactory id=ab990966-1602-3d9b-9f95-30e029a827d5
2026-01-27 13:04:28.105 [main] INFO  o.s.boot.web.embedded.tomcat.TomcatWebServer - Tomcat initialized with port(s): 8085 (http)
2026-01-27 13:04:28.120 [main] INFO  org.apache.catalina.core.StandardService - Starting service [Tomcat]
2026-01-27 13:04:28.122 [main] INFO  org.apache.catalina.core.StandardEngine - Starting Servlet engine: [Apache Tomcat/10.1.5]
2026-01-27 13:04:28.237 [main] INFO  o.a.c.core.ContainerBase.[Tomcat].[localhost].[/] - Initializing Spring embedded WebApplicationContext
2026-01-27 13:04:28.237 [main] INFO  o.s.b.w.s.c.ServletWebServerApplicationContext - Root WebApplicationContext: initialization completed in 1094 ms
2026-01-27 13:04:28.434 [main] INFO  com.alibaba.druid.pool.DruidDataSource - {dataSource-1} inited
2026-01-27 13:04:28.542 [main] INFO  c.e.g.d.i.g.biz.core.segment.SegmentIDGenImpl - Init ...
2026-01-27 13:04:28.542 [main] INFO  c.e.g.d.i.g.biz.core.segment.SegmentIDGenImpl - update cache from db
2026-01-27 13:04:28.792 [main] INFO  c.e.g.d.i.g.biz.core.segment.SegmentIDGenImpl - Add tag leaf-segment-test from db to IdCache, SegmentBuffer SegmentBuffer{key='leaf-segment-test', segments=[Segment(value:0,max:0,step:0), Segment(value:0,max:0,step:0)], currentPos=0, nextReady=false, initOk=false, threadRunning=false, step=0, minStep=0, updateTimestamp=0}
2026-01-27 13:04:28.793 [main] INFO  c.e.g.d.i.g.biz.core.segment.SegmentIDGenImpl - Add tag leaf-segment-greennote-id from db to IdCache, SegmentBuffer SegmentBuffer{key='leaf-segment-greennote-id', segments=[Segment(value:0,max:0,step:0), Segment(value:0,max:0,step:0)], currentPos=0, nextReady=false, initOk=false, threadRunning=false, step=0, minStep=0, updateTimestamp=0}
2026-01-27 13:04:28.793 [main] INFO  c.e.g.d.i.g.biz.core.segment.SegmentIDGenImpl - Add tag leaf-segment-user-id from db to IdCache, SegmentBuffer SegmentBuffer{key='leaf-segment-user-id', segments=[Segment(value:0,max:0,step:0), Segment(value:0,max:0,step:0)], currentPos=0, nextReady=false, initOk=false, threadRunning=false, step=0, minStep=0, updateTimestamp=0}
2026-01-27 13:04:28.793 [main] INFO  org.perf4j.TimingLogger - start[1769540668543] time[249] tag[updateCacheFromDb]
2026-01-27 13:04:28.795 [main] INFO  c.e.g.d.id.generator.biz.service.SegmentService - Segment Service Init Successfully
2026-01-27 13:04:28.814 [main] INFO  c.e.g.d.i.g.biz.core.snowflake.SnowflakeIDGenImpl - twepoch:1288834974657 ,ip:10.140.144.126 ,zkAddress:127.0.0.1:2181 port:2222
2026-01-27 13:04:28.911 [main] WARN  org.apache.curator.CuratorZookeeperClient - session timeout [6000] is less than connection timeout [10000]
2026-01-27 13:04:28.935 [main] INFO  o.a.curator.framework.imps.CuratorFrameworkImpl - Starting
2026-01-27 13:04:28.944 [main] INFO  org.apache.zookeeper.ZooKeeper - Client environment:zookeeper.version=3.6.0--b4c89dc7f6083829e18fae6e446907ae0b1f22d7, built on 02/25/2020 14:38 GMT
2026-01-27 13:04:28.944 [main] INFO  org.apache.zookeeper.ZooKeeper - Client environment:host.name=10.140.144.126
2026-01-27 13:04:28.944 [main] INFO  org.apache.zookeeper.ZooKeeper - Client environment:java.version=17.0.16
2026-01-27 13:04:28.944 [main] INFO  org.apache.zookeeper.ZooKeeper - Client environment:java.vendor=Oracle Corporation
2026-01-27 13:04:28.944 [main] INFO  org.apache.zookeeper.ZooKeeper - Client environment:java.home=C:\Program Files\Java\jdk-17
2026-01-27 13:04:28.945 [main] INFO  org.apache.zookeeper.ZooKeeper - Client environment:java.class.path=C:\Users\12482\IdeaProjects\GreenNote\GreenNote-distributed-id-generator\GreenNote-distributed-id-generator-biz\target\classes;C:\Users\12482\IdeaProjects\GreenNote\GreenNote-framework\GreenNote-common\target\classes;C:\Maven\repository\org\projectlombok\lombok\1.18.30\lombok-1.18.30.jar;C:\Maven\repository\com\fasterxml\jackson\core\jackson-databind\2.16.1\jackson-databind-2.16.1.jar;C:\Maven\repository\com\fasterxml\jackson\core\jackson-annotations\2.14.1\jackson-annotations-2.14.1.jar;C:\Maven\repository\com\fasterxml\jackson\core\jackson-core\2.16.1\jackson-core-2.16.1.jar;C:\Maven\repository\com\fasterxml\jackson\datatype\jackson-datatype-jsr310\2.14.1\jackson-datatype-jsr310-2.14.1.jar;C:\Maven\repository\jakarta\validation\jakarta.validation-api\3.0.2\jakarta.validation-api-3.0.2.jar;C:\Maven\repository\org\hibernate\validator\hibernate-validator\8.0.0.Final\hibernate-validator-8.0.0.Final.jar;C:\Maven\repository\org\jboss\logging\jboss-logging\3.5.0.Final\jboss-logging-3.5.0.Final.jar;C:\Maven\repository\com\fasterxml\classmate\1.5.1\classmate-1.5.1.jar;C:\Maven\repository\com\google\guava\guava\33.0.0-jre\guava-33.0.0-jre.jar;C:\Maven\repository\com\google\guava\failureaccess\1.0.2\failureaccess-1.0.2.jar;C:\Maven\repository\com\google\guava\listenablefuture\9999.0-empty-to-avoid-conflict-with-guava\listenablefuture-9999.0-empty-to-avoid-conflict-with-guava.jar;C:\Maven\repository\com\google\code\findbugs\jsr305\3.0.2\jsr305-3.0.2.jar;C:\Maven\repository\org\checkerframework\checker-qual\3.41.0\checker-qual-3.41.0.jar;C:\Maven\repository\com\google\errorprone\error_prone_annotations\2.23.0\error_prone_annotations-2.23.0.jar;C:\Maven\repository\com\google\j2objc\j2objc-annotations\2.8\j2objc-annotations-2.8.jar;C:\Maven\repository\cn\hutool\hutool-all\5.8.26\hutool-all-5.8.26.jar;C:\Maven\repository\org\apache\commons\commons-lang3\3.12.0\commons-lang3-3.12.0.jar;C:\Maven\repository\org\springframework\boot\spring-boot-starter-web\3.0.2\spring-boot-starter-web-3.0.2.jar;C:\Maven\repository\org\springframework\boot\spring-boot-starter\3.0.2\spring-boot-starter-3.0.2.jar;C:\Maven\repository\org\springframework\boot\spring-boot\3.0.2\spring-boot-3.0.2.jar;C:\Maven\repository\org\springframework\boot\spring-boot-autoconfigure\3.0.2\spring-boot-autoconfigure-3.0.2.jar;C:\Maven\repository\org\springframework\boot\spring-boot-starter-logging\3.0.2\spring-boot-starter-logging-3.0.2.jar;C:\Maven\repository\ch\qos\logback\logback-classic\1.4.5\logback-classic-1.4.5.jar;C:\Maven\repository\ch\qos\logback\logback-core\1.4.5\logback-core-1.4.5.jar;C:\Maven\repository\org\apache\logging\log4j\log4j-to-slf4j\2.19.0\log4j-to-slf4j-2.19.0.jar;C:\Maven\repository\org\apache\logging\log4j\log4j-api\2.19.0\log4j-api-2.19.0.jar;C:\Maven\repository\org\slf4j\jul-to-slf4j\2.0.6\jul-to-slf4j-2.0.6.jar;C:\Maven\repository\jakarta\annotation\jakarta.annotation-api\2.1.1\jakarta.annotation-api-2.1.1.jar;C:\Maven\repository\org\yaml\snakeyaml\1.33\snakeyaml-1.33.jar;C:\Maven\repository\org\springframework\boot\spring-boot-starter-json\3.0.2\spring-boot-starter-json-3.0.2.jar;C:\Maven\repository\com\fasterxml\jackson\datatype\jackson-datatype-jdk8\2.14.1\jackson-datatype-jdk8-2.14.1.jar;C:\Maven\repository\com\fasterxml\jackson\module\jackson-module-parameter-names\2.14.1\jackson-module-parameter-names-2.14.1.jar;C:\Maven\repository\org\springframework\boot\spring-boot-starter-tomcat\3.0.2\spring-boot-starter-tomcat-3.0.2.jar;C:\Maven\repository\org\apache\tomcat\embed\tomcat-embed-core\10.1.5\tomcat-embed-core-10.1.5.jar;C:\Maven\repository\org\apache\tomcat\embed\tomcat-embed-el\10.1.5\tomcat-embed-el-10.1.5.jar;C:\Maven\repository\org\apache\tomcat\embed\tomcat-embed-websocket\10.1.5\tomcat-embed-websocket-10.1.5.jar;C:\Maven\repository\org\springframework\spring-web\6.0.4\spring-web-6.0.4.jar;C:\Maven\repository\org\springframework\spring-beans\6.0.4\spring-beans-6.0.4.jar;C:\Maven\repository\io\micrometer\micrometer-observation\1.10.3\micrometer-observation-1.10.3.jar;C:\Maven\repository\io\micrometer\micrometer-commons\1.10.3\micrometer-commons-1.10.3.jar;C:\Maven\repository\org\springframework\spring-webmvc\6.0.4\spring-webmvc-6.0.4.jar;C:\Maven\repository\org\springframework\spring-aop\6.0.4\spring-aop-6.0.4.jar;C:\Maven\repository\org\springframework\spring-context\6.0.4\spring-context-6.0.4.jar;C:\Maven\repository\org\springframework\spring-expression\6.0.4\spring-expression-6.0.4.jar;C:\Maven\repository\org\slf4j\slf4j-api\2.0.6\slf4j-api-2.0.6.jar;C:\Maven\repository\org\springframework\spring-core\6.0.4\spring-core-6.0.4.jar;C:\Maven\repository\org\springframework\spring-jcl\6.0.4\spring-jcl-6.0.4.jar;C:\Maven\repository\org\springframework\cloud\spring-cloud-starter-bootstrap\4.0.0\spring-cloud-starter-bootstrap-4.0.0.jar;C:\Maven\repository\org\springframework\cloud\spring-cloud-starter\4.0.0\spring-cloud-starter-4.0.0.jar;C:\Maven\repository\org\springframework\security\spring-security-rsa\1.0.11.RELEASE\spring-security-rsa-1.0.11.RELEASE.jar;C:\Maven\repository\org\bouncycastle\bcpkix-jdk15on\1.69\bcpkix-jdk15on-1.69.jar;C:\Maven\repository\org\bouncycastle\bcprov-jdk15on\1.69\bcprov-jdk15on-1.69.jar;C:\Maven\repository\org\bouncycastle\bcutil-jdk15on\1.69\bcutil-jdk15on-1.69.jar;C:\Maven\repository\com\alibaba\cloud\spring-cloud-starter-alibaba-nacos-discovery\2022.0.0.0\spring-cloud-starter-alibaba-nacos-discovery-2022.0.0.0.jar;C:\Maven\repository\com\alibaba\cloud\spring-cloud-alibaba-commons\2022.0.0.0\spring-cloud-alibaba-commons-2022.0.0.0.jar;C:\Maven\repository\com\alibaba\nacos\nacos-client\2.2.1\nacos-client-2.2.1.jar;C:\Maven\repository\com\alibaba\nacos\nacos-auth-plugin\2.2.1\nacos-auth-plugin-2.2.1.jar;C:\Maven\repository\com\alibaba\nacos\nacos-encryption-plugin\2.2.1\nacos-encryption-plugin-2.2.1.jar;C:\Maven\repository\commons-codec\commons-codec\1.15\commons-codec-1.15.jar;C:\Maven\repository\org\apache\httpcomponents\httpasyncclient\4.1.5\httpasyncclient-4.1.5.jar;C:\Maven\repository\org\apache\httpcomponents\httpcore\4.4.16\httpcore-4.4.16.jar;C:\Maven\repository\org\apache\httpcomponents\httpcore-nio\4.4.16\httpcore-nio-4.4.16.jar;C:\Maven\repository\org\apache\httpcomponents\httpclient\4.5.14\httpclient-4.5.14.jar;C:\Maven\repository\io\prometheus\simpleclient\0.16.0\simpleclient-0.16.0.jar;C:\Maven\repository\io\prometheus\simpleclient_tracer_otel\0.16.0\simpleclient_tracer_otel-0.16.0.jar;C:\Maven\repository\io\prometheus\simpleclient_tracer_common\0.16.0\simpleclient_tracer_common-0.16.0.jar;C:\Maven\repository\io\prometheus\simpleclient_tracer_otel_agent\0.16.0\simpleclient_tracer_otel_agent-0.16.0.jar;C:\Maven\repository\com\alibaba\spring\spring-context-support\1.0.11\spring-context-support-1.0.11.jar;C:\Maven\repository\org\springframework\cloud\spring-cloud-commons\4.0.0\spring-cloud-commons-4.0.0.jar;C:\Maven\repository\org\springframework\security\spring-security-crypto\6.0.1\spring-security-crypto-6.0.1.jar;C:\Maven\repository\org\springframework\cloud\spring-cloud-context\4.0.0\spring-cloud-context-4.0.0.jar;C:\Maven\repository\commons-io\commons-io\2.4\commons-io-2.4.jar;C:\Maven\repository\org\perf4j\perf4j\0.9.16\perf4j-0.9.16.jar;C:\Maven\repository\mysql\mysql-connector-java\8.0.29\mysql-connector-java-8.0.29.jar;C:\Maven\repository\com\google\protobuf\protobuf-java\3.19.4\protobuf-java-3.19.4.jar;C:\Maven\repository\com\alibaba\druid\1.0.18\druid-1.0.18.jar;C:\Maven\repository\org\mybatis\mybatis\3.3.0\mybatis-3.3.0.jar;C:\Maven\repository\org\apache\curator\curator-recipes\2.6.0\curator-recipes-2.6.0.jar;C:\Maven\repository\org\apache\curator\curator-framework\5.1.0\curator-framework-5.1.0.jar;C:\Maven\repository\org\apache\curator\curator-client\5.1.0\curator-client-5.1.0.jar;C:\Maven\repository\org\apache\zookeeper\zookeeper\3.6.0\zookeeper-3.6.0.jar;C:\Maven\repository\commons-lang\commons-lang\2.6\commons-lang-2.6.jar;C:\Maven\repository\org\apache\zookeeper\zookeeper-jute\3.6.0\zookeeper-jute-3.6.0.jar;C:\Maven\repository\org\apache\yetus\audience-annotations\0.5.0\audience-annotations-0.5.0.jar;C:\Maven\repository\io\netty\netty-handler\4.1.87.Final\netty-handler-4.1.87.Final.jar;C:\Maven\repository\io\netty\netty-common\4.1.87.Final\netty-common-4.1.87.Final.jar;C:\Maven\repository\io\netty\netty-resolver\4.1.87.Final\netty-resolver-4.1.87.Final.jar;C:\Maven\repository\io\netty\netty-buffer\4.1.87.Final\netty-buffer-4.1.87.Final.jar;C:\Maven\repository\io\netty\netty-transport\4.1.87.Final\netty-transport-4.1.87.Final.jar;C:\Maven\repository\io\netty\netty-transport-native-unix-common\4.1.87.Final\netty-transport-native-unix-common-4.1.87.Final.jar;C:\Maven\repository\io\netty\netty-codec\4.1.87.Final\netty-codec-4.1.87.Final.jar;C:\Maven\repository\io\netty\netty-transport-native-epoll\4.1.87.Final\netty-transport-native-epoll-4.1.87.Final.jar;C:\Maven\repository\io\netty\netty-transport-classes-epoll\4.1.87.Final\netty-transport-classes-epoll-4.1.87.Final.jar
2026-01-27 13:04:28.945 [main] INFO  org.apache.zookeeper.ZooKeeper - Client environment:java.library.path=C:\Program Files\Java\jdk-17\bin;C:\WINDOWS\Sun\Java\bin;C:\WINDOWS\system32;C:\WINDOWS;C:\Python314\Scripts\;C:\Python314\;C:\Program Files\Eclipse Adoptium\jdk-17.0.16.8-hotspot\bin;C:\Users\12482\AppData\Local\Programs\Python\Python313\Scripts\;C:\Users\12482\AppData\Local\Programs\Python\Python313\;C:\Program Files (x86)\Common Files\Oracle\Java\javapath;C:\WINDOWS\system32;C:\WINDOWS;C:\WINDOWS\System32\Wbem;C:\WINDOWS\System32\WindowsPowerShell\v1.0\;C:\WINDOWS\System32\OpenSSH\;C:\Program Files (x86)\NVIDIA Corporation\PhysX\Common;C:\Program Files\NVIDIA Corporation\NVIDIA NvDLISR;C:\Users\12482\jdk-24\bin;C:\Users\12482\jdk-24\bin;C:\Program Files\Git\cmd;C:\Program Files\dotnet\;C:\Program Files (x86)\cloudflared\;C:\Program Files\Docker\Docker\resources\bin;C:\Maven\apache-maven-3.9.11\bin;C:\ProgramData\chocolatey\bin;C:\Program Files\nodejs\;c:\Users\12482\AppData\Local\Programs\cursor\resources\app\codeBin;C:\Users\12482\AppData\Local\Programs\Python\Python313\Scripts\;C:\Users\12482\AppData\Local\Programs\Python\Python313\;C:\Users\12482\AppData\Local\Programs\Python\Python39\Scripts\;C:\Users\12482\AppData\Local\Programs\Python\Python39\;C:\Users\12482\AppData\Local\Microsoft\WindowsApps;;C:\Users\12482\AppData\Local\Programs\Fiddler;C:\Program Files\JetBrains\IntelliJ IDEA 2025.2.1\bin;C:\Users\12482\AppData\Local\Programs\Microsoft VS Code\bin;C:\Users\12482\AppData\Local\Microsoft\WindowsApps;C:\Users\12482\AppData\Local\Programs\cursor\resources\app\bin;C:\Program Files\JetBrains\PyCharm 2025.2.2\bin;C:\Program Files\JetBrains\GoLand 2025.2.4\bin;C:\Users\12482\AppData\Roaming\npm;C:\Users\12482\AppData\Local\Programs\Kiro\bin;C:\Users\12482\AppData\Local\Programs\Antigravity\bin;.
2026-01-27 13:04:28.945 [main] INFO  org.apache.zookeeper.ZooKeeper - Client environment:java.io.tmpdir=C:\Users\12482\AppData\Local\Temp\
2026-01-27 13:04:28.945 [main] INFO  org.apache.zookeeper.ZooKeeper - Client environment:java.compiler=<NA>
2026-01-27 13:04:28.945 [main] INFO  org.apache.zookeeper.ZooKeeper - Client environment:os.name=Windows 11
2026-01-27 13:04:28.945 [main] INFO  org.apache.zookeeper.ZooKeeper - Client environment:os.arch=amd64
2026-01-27 13:04:28.945 [main] INFO  org.apache.zookeeper.ZooKeeper - Client environment:os.version=10.0
2026-01-27 13:04:28.945 [main] INFO  org.apache.zookeeper.ZooKeeper - Client environment:user.name=12482
2026-01-27 13:04:28.945 [main] INFO  org.apache.zookeeper.ZooKeeper - Client environment:user.home=C:\Users\12482
2026-01-27 13:04:28.945 [main] INFO  org.apache.zookeeper.ZooKeeper - Client environment:user.dir=C:\Users\12482\IdeaProjects\GreenNote
2026-01-27 13:04:28.945 [main] INFO  org.apache.zookeeper.ZooKeeper - Client environment:os.memory.free=51MB
2026-01-27 13:04:28.945 [main] INFO  org.apache.zookeeper.ZooKeeper - Client environment:os.memory.max=8012MB
2026-01-27 13:04:28.945 [main] INFO  org.apache.zookeeper.ZooKeeper - Client environment:os.memory.total=80MB
2026-01-27 13:04:28.950 [main] INFO  org.apache.zookeeper.ZooKeeper - Initiating client connection, connectString=127.0.0.1:2181 sessionTimeout=6000 watcher=org.apache.curator.ConnectionState@632383b9
2026-01-27 13:04:28.955 [main] INFO  org.apache.zookeeper.common.X509Util - Setting -D jdk.tls.rejectClientInitiatedRenegotiation=true to disable client-initiated TLS renegotiation
2026-01-27 13:04:28.969 [main] INFO  org.apache.zookeeper.ClientCnxnSocket - jute.maxbuffer value is 1048575 Bytes
2026-01-27 13:04:28.978 [main] INFO  org.apache.zookeeper.ClientCnxn - zookeeper.request.timeout value is 0. feature enabled=false
2026-01-27 13:04:28.985 [main-SendThread(127.0.0.1:2181)] INFO  org.apache.zookeeper.ClientCnxn - Opening socket connection to server kubernetes.docker.internal/127.0.0.1:2181.
2026-01-27 13:04:28.985 [main-SendThread(127.0.0.1:2181)] INFO  org.apache.zookeeper.ClientCnxn - SASL config status: Will not attempt to authenticate using SASL (unknown error)
2026-01-27 13:04:28.987 [main] INFO  o.a.curator.framework.imps.CuratorFrameworkImpl - Default schema
2026-01-27 13:04:28.989 [main-SendThread(127.0.0.1:2181)] INFO  org.apache.zookeeper.ClientCnxn - Socket connection established, initiating session, client: /127.0.0.1:3578, server: kubernetes.docker.internal/127.0.0.1:2181
2026-01-27 13:04:29.022 [main-SendThread(127.0.0.1:2181)] INFO  org.apache.zookeeper.ClientCnxn - Session establishment complete on server kubernetes.docker.internal/127.0.0.1:2181, session id = 0x100023d1fee0000, negotiated timeout = 6000
2026-01-27 13:04:29.027 [main-EventThread] INFO  o.a.curator.framework.state.ConnectionStateManager - State change: CONNECTED
2026-01-27 13:04:29.049 [main-EventThread] INFO  org.apache.curator.framework.imps.EnsembleTracker - New config event received: {}
2026-01-27 13:04:29.049 [main-EventThread] INFO  org.apache.curator.framework.imps.EnsembleTracker - New config event received: {}
2026-01-27 13:04:29.117 [main] INFO  c.e.g.d.i.g.b.c.snowflake.SnowflakeZookeeperHolder - file exists status is false
2026-01-27 13:04:29.117 [main] INFO  c.e.g.d.i.g.b.c.snowflake.SnowflakeZookeeperHolder - init local file cache create parent dis status is false, worker id is 7
2026-01-27 13:04:29.117 [main] WARN  c.e.g.d.i.g.b.c.snowflake.SnowflakeZookeeperHolder - create parent dir error===
2026-01-27 13:04:29.117 [main] INFO  c.e.g.d.i.g.b.c.snowflake.SnowflakeZookeeperHolder - [New NODE]can not find node on forever node that endpoint ip-10.140.144.126 port-2222 workid-7,create own node on forever node and start SUCCESS 
2026-01-27 13:04:29.117 [main] INFO  c.e.g.d.i.g.biz.core.snowflake.SnowflakeIDGenImpl - START SUCCESS USE ZK WORKERID-7
2026-01-27 13:04:29.118 [main] INFO  c.e.g.d.id.generator.biz.service.SnowflakeService - Snowflake Service Init Successfully
2026-01-27 13:04:29.916 [main] INFO  o.s.boot.web.embedded.tomcat.TomcatWebServer - Tomcat started on port(s): 8085 (http) with context path ''
2026-01-27 13:04:29.924 [main] WARN  com.alibaba.nacos.client.logging.NacosLogging - Load Logback Configuration of Nacos fail, message: Could not initialize Logback Nacos logging from classpath:nacos-logback.xml
2026-01-27 13:04:29.924 [main] INFO  com.alibaba.nacos.client.naming - initializer namespace from ans.namespace attribute : null
2026-01-27 13:04:29.925 [main] INFO  com.alibaba.nacos.client.naming - initializer namespace from ALIBABA_ALIWARE_NAMESPACE attribute :null
2026-01-27 13:04:29.925 [main] INFO  com.alibaba.nacos.client.naming - initializer namespace from namespace attribute :null
2026-01-27 13:04:29.947 [main] INFO  com.alibaba.nacos.client.utils.ParamUtil - [settings] [req-serv] nacos-server port:8848
2026-01-27 13:04:29.949 [main] INFO  com.alibaba.nacos.client.utils.ParamUtil - [settings] [http-client] connect timeout:1000
2026-01-27 13:04:29.950 [main] INFO  com.alibaba.nacos.client.utils.ParamUtil - PER_TASK_CONFIG_SIZE: 3000.0
2026-01-27 13:04:29.953 [main] INFO  c.a.n.p.auth.spi.client.ClientAuthPluginManager - [ClientAuthPluginManager] Load ClientAuthService com.alibaba.nacos.client.auth.impl.NacosClientAuthServiceImpl success.
2026-01-27 13:04:29.953 [main] INFO  c.a.n.p.auth.spi.client.ClientAuthPluginManager - [ClientAuthPluginManager] Load ClientAuthService com.alibaba.nacos.client.auth.ram.RamClientAuthServiceImpl success.
2026-01-27 13:04:29.955 [main] INFO  c.a.n.client.auth.ram.identify.CredentialWatcher - null No credential found
2026-01-27 13:04:29.963 [main] INFO  com.alibaba.nacos.common.remote.client - [RpcClientFactory] create a new rpc client of 572892a6-3c4c-4928-b888-fcc3fad12fa5
2026-01-27 13:04:29.979 [main] INFO  com.alibaba.nacos.common.remote.client - [572892a6-3c4c-4928-b888-fcc3fad12fa5] RpcClient init, ServerListFactory = com.alibaba.nacos.client.naming.core.ServerListManager
2026-01-27 13:04:29.980 [main] INFO  com.alibaba.nacos.common.remote.client - [572892a6-3c4c-4928-b888-fcc3fad12fa5] Registry connection listener to current client:com.alibaba.nacos.client.naming.remote.gprc.redo.NamingGrpcRedoService
2026-01-27 13:04:29.980 [main] INFO  com.alibaba.nacos.common.remote.client - [572892a6-3c4c-4928-b888-fcc3fad12fa5] Register server push request handler:com.alibaba.nacos.client.naming.remote.gprc.NamingPushRequestHandler
2026-01-27 13:04:29.983 [main] INFO  com.alibaba.nacos.common.remote.client - [572892a6-3c4c-4928-b888-fcc3fad12fa5] Try to connect to server on start up, server: {serverIp = '127.0.0.1', server main port = 8848}
2026-01-27 13:04:29.987 [main] INFO  c.a.nacos.common.remote.client.grpc.GrpcClient - grpc client connection server:127.0.0.1 ip,serverPort:9848,grpcTslConfig:{"sslProvider":"OPENSSL","enableTls":false,"mutualAuthEnable":false,"trustAll":false}
2026-01-27 13:04:30.923 [main] INFO  com.alibaba.nacos.common.remote.client - [572892a6-3c4c-4928-b888-fcc3fad12fa5] Success to connect to server [127.0.0.1:8848] on start up, connectionId = 1769540670700_127.0.0.1_3581
2026-01-27 13:04:30.924 [com.alibaba.nacos.client.remote.worker] INFO  com.alibaba.nacos.common.remote.client - [572892a6-3c4c-4928-b888-fcc3fad12fa5] Notify connected event to listeners.
2026-01-27 13:04:30.924 [com.alibaba.nacos.client.remote.worker] INFO  com.alibaba.nacos.client.naming - Grpc connection connect
2026-01-27 13:04:30.924 [main] INFO  com.alibaba.nacos.common.remote.client - [572892a6-3c4c-4928-b888-fcc3fad12fa5] Register server push request handler:com.alibaba.nacos.common.remote.client.RpcClient$ConnectResetRequestHandler
2026-01-27 13:04:30.924 [main] INFO  com.alibaba.nacos.common.remote.client - [572892a6-3c4c-4928-b888-fcc3fad12fa5] Register server push request handler:com.alibaba.nacos.common.remote.client.RpcClient$$Lambda$979/0x000001fdab74ae70
2026-01-27 13:04:30.926 [main] INFO  com.alibaba.nacos.client.naming - [REGISTER-SERVICE] greennote registering service GreenNote-distributed-id-generator with instance Instance{instanceId='null', ip='10.140.144.126', port=8085, weight=1.0, healthy=true, enabled=true, ephemeral=true, clusterName='DEFAULT', serviceName='null', metadata={IPv6=null, preserved.register.source=SPRING_CLOUD}}
2026-01-27 13:04:30.943 [main] INFO  c.a.cloud.nacos.registry.NacosServiceRegistry - nacos registry, DEFAULT_GROUP GreenNote-distributed-id-generator 10.140.144.126:8085 register finished
2026-01-27 13:04:31.095 [main] INFO  c.e.g.d.i.g.b.GreenNoteDistributedGeneratorBizApplication - Started GreenNoteDistributedGeneratorBizApplication in 5.195 seconds (process running for 5.639)
2026-01-27 13:05:28.804 [check-idCache-thread] INFO  c.e.g.d.i.g.biz.core.segment.SegmentIDGenImpl - update cache from db
2026-01-27 13:05:28.808 [check-idCache-thread] INFO  org.perf4j.TimingLogger - start[1769540728804] time[4] tag[updateCacheFromDb]
2026-01-27 13:05:43.004 [http-nio-8085-exec-1] INFO  o.a.c.core.ContainerBase.[Tomcat].[localhost].[/] - Initializing Spring DispatcherServlet 'dispatcherServlet'
2026-01-27 13:05:43.005 [http-nio-8085-exec-1] INFO  org.springframework.web.servlet.DispatcherServlet - Initializing Servlet 'dispatcherServlet'
2026-01-27 13:05:43.005 [http-nio-8085-exec-1] INFO  org.springframework.web.servlet.DispatcherServlet - Completed initialization in 0 ms
2026-01-27 13:06:28.821 [check-idCache-thread] INFO  c.e.g.d.i.g.biz.core.segment.SegmentIDGenImpl - update cache from db
2026-01-27 13:06:28.825 [check-idCache-thread] INFO  org.perf4j.TimingLogger - start[1769540788822] time[2] tag[updateCacheFromDb]
2026-01-27 13:07:28.834 [check-idCache-thread] INFO  c.e.g.d.i.g.biz.core.segment.SegmentIDGenImpl - update cache from db
2026-01-27 13:07:28.837 [check-idCache-thread] INFO  org.perf4j.TimingLogger - start[1769540848834] time[2] tag[updateCacheFromDb]
2026-01-27 13:08:28.845 [check-idCache-thread] INFO  c.e.g.d.i.g.biz.core.segment.SegmentIDGenImpl - update cache from db
2026-01-27 13:08:28.847 [check-idCache-thread] INFO  org.perf4j.TimingLogger - start[1769540908845] time[2] tag[updateCacheFromDb]
2026-01-27 13:09:28.851 [check-idCache-thread] INFO  c.e.g.d.i.g.biz.core.segment.SegmentIDGenImpl - update cache from db
2026-01-27 13:09:28.853 [check-idCache-thread] INFO  org.perf4j.TimingLogger - start[1769540968851] time[2] tag[updateCacheFromDb]
2026-01-27 13:10:28.854 [check-idCache-thread] INFO  c.e.g.d.i.g.biz.core.segment.SegmentIDGenImpl - update cache from db
2026-01-27 13:10:28.857 [check-idCache-thread] INFO  org.perf4j.TimingLogger - start[1769541028855] time[2] tag[updateCacheFromDb]
2026-01-27 13:11:28.866 [check-idCache-thread] INFO  c.e.g.d.i.g.biz.core.segment.SegmentIDGenImpl - update cache from db
2026-01-27 13:11:28.868 [check-idCache-thread] INFO  org.perf4j.TimingLogger - start[1769541088866] time[1] tag[updateCacheFromDb]
2026-01-27 13:12:28.870 [check-idCache-thread] INFO  c.e.g.d.i.g.biz.core.segment.SegmentIDGenImpl - update cache from db
2026-01-27 13:12:28.871 [check-idCache-thread] INFO  org.perf4j.TimingLogger - start[1769541148870] time[1] tag[updateCacheFromDb]
2026-01-27 13:13:28.880 [check-idCache-thread] INFO  c.e.g.d.i.g.biz.core.segment.SegmentIDGenImpl - update cache from db
2026-01-27 13:13:28.883 [check-idCache-thread] INFO  org.perf4j.TimingLogger - start[1769541208880] time[2] tag[updateCacheFromDb]
2026-01-27 13:14:28.889 [check-idCache-thread] INFO  c.e.g.d.i.g.biz.core.segment.SegmentIDGenImpl - update cache from db
2026-01-27 13:14:28.891 [check-idCache-thread] INFO  org.perf4j.TimingLogger - start[1769541268889] time[2] tag[updateCacheFromDb]
2026-01-27 13:15:28.899 [check-idCache-thread] INFO  c.e.g.d.i.g.biz.core.segment.SegmentIDGenImpl - update cache from db
2026-01-27 13:15:28.902 [check-idCache-thread] INFO  org.perf4j.TimingLogger - start[1769541328900] time[2] tag[updateCacheFromDb]
2026-01-27 13:16:28.915 [check-idCache-thread] INFO  c.e.g.d.i.g.biz.core.segment.SegmentIDGenImpl - update cache from db
2026-01-27 13:16:28.917 [check-idCache-thread] INFO  org.perf4j.TimingLogger - start[1769541388915] time[1] tag[updateCacheFromDb]
2026-01-27 13:17:28.923 [check-idCache-thread] INFO  c.e.g.d.i.g.biz.core.segment.SegmentIDGenImpl - update cache from db
2026-01-27 13:17:28.925 [check-idCache-thread] INFO  org.perf4j.TimingLogger - start[1769541448923] time[1] tag[updateCacheFromDb]
2026-01-27 13:18:28.926 [check-idCache-thread] INFO  c.e.g.d.i.g.biz.core.segment.SegmentIDGenImpl - update cache from db
2026-01-27 13:18:28.928 [check-idCache-thread] INFO  org.perf4j.TimingLogger - start[1769541508926] time[1] tag[updateCacheFromDb]
2026-01-27 13:19:28.936 [check-idCache-thread] INFO  c.e.g.d.i.g.biz.core.segment.SegmentIDGenImpl - update cache from db
2026-01-27 13:19:28.938 [check-idCache-thread] INFO  org.perf4j.TimingLogger - start[1769541568936] time[2] tag[updateCacheFromDb]
2026-01-27 13:20:28.944 [check-idCache-thread] INFO  c.e.g.d.i.g.biz.core.segment.SegmentIDGenImpl - update cache from db
2026-01-27 13:20:28.947 [check-idCache-thread] INFO  org.perf4j.TimingLogger - start[1769541628945] time[2] tag[updateCacheFromDb]
2026-01-27 13:21:28.958 [check-idCache-thread] INFO  c.e.g.d.i.g.biz.core.segment.SegmentIDGenImpl - update cache from db
2026-01-27 13:21:28.960 [check-idCache-thread] INFO  org.perf4j.TimingLogger - start[1769541688958] time[1] tag[updateCacheFromDb]
2026-01-27 13:22:28.972 [check-idCache-thread] INFO  c.e.g.d.i.g.biz.core.segment.SegmentIDGenImpl - update cache from db
2026-01-27 13:22:28.974 [check-idCache-thread] INFO  org.perf4j.TimingLogger - start[1769541748972] time[1] tag[updateCacheFromDb]
2026-01-27 13:23:28.986 [check-idCache-thread] INFO  c.e.g.d.i.g.biz.core.segment.SegmentIDGenImpl - update cache from db
2026-01-27 13:23:28.987 [check-idCache-thread] INFO  org.perf4j.TimingLogger - start[1769541808986] time[2] tag[updateCacheFromDb]
2026-01-27 13:24:28.991 [check-idCache-thread] INFO  c.e.g.d.i.g.biz.core.segment.SegmentIDGenImpl - update cache from db
2026-01-27 13:24:28.992 [check-idCache-thread] INFO  org.perf4j.TimingLogger - start[1769541868991] time[1] tag[updateCacheFromDb]
2026-01-27 13:25:28.999 [check-idCache-thread] INFO  c.e.g.d.i.g.biz.core.segment.SegmentIDGenImpl - update cache from db
2026-01-27 13:25:29.002 [check-idCache-thread] INFO  org.perf4j.TimingLogger - start[1769541928999] time[2] tag[updateCacheFromDb]
2026-01-27 13:26:29.015 [check-idCache-thread] INFO  c.e.g.d.i.g.biz.core.segment.SegmentIDGenImpl - update cache from db
2026-01-27 13:26:29.017 [check-idCache-thread] INFO  org.perf4j.TimingLogger - start[1769541989015] time[1] tag[updateCacheFromDb]
2026-01-27 13:27:29.019 [check-idCache-thread] INFO  c.e.g.d.i.g.biz.core.segment.SegmentIDGenImpl - update cache from db
2026-01-27 13:27:29.020 [check-idCache-thread] INFO  org.perf4j.TimingLogger - start[1769542049019] time[2] tag[updateCacheFromDb]
2026-01-27 13:28:29.036 [check-idCache-thread] INFO  c.e.g.d.i.g.biz.core.segment.SegmentIDGenImpl - update cache from db
2026-01-27 13:28:29.038 [check-idCache-thread] INFO  org.perf4j.TimingLogger - start[1769542109036] time[2] tag[updateCacheFromDb]
2026-01-27 13:29:29.043 [check-idCache-thread] INFO  c.e.g.d.i.g.biz.core.segment.SegmentIDGenImpl - update cache from db
2026-01-27 13:29:29.046 [check-idCache-thread] INFO  org.perf4j.TimingLogger - start[1769542169043] time[2] tag[updateCacheFromDb]
2026-01-27 13:30:29.051 [check-idCache-thread] INFO  c.e.g.d.i.g.biz.core.segment.SegmentIDGenImpl - update cache from db
2026-01-27 13:30:29.053 [check-idCache-thread] INFO  org.perf4j.TimingLogger - start[1769542229051] time[1] tag[updateCacheFromDb]
2026-01-27 13:31:29.068 [check-idCache-thread] INFO  c.e.g.d.i.g.biz.core.segment.SegmentIDGenImpl - update cache from db
2026-01-27 13:31:29.070 [check-idCache-thread] INFO  org.perf4j.TimingLogger - start[1769542289068] time[2] tag[updateCacheFromDb]
2026-01-27 13:32:29.082 [check-idCache-thread] INFO  c.e.g.d.i.g.biz.core.segment.SegmentIDGenImpl - update cache from db
2026-01-27 13:32:29.085 [check-idCache-thread] INFO  org.perf4j.TimingLogger - start[1769542349082] time[1] tag[updateCacheFromDb]
2026-01-27 13:33:29.087 [check-idCache-thread] INFO  c.e.g.d.i.g.biz.core.segment.SegmentIDGenImpl - update cache from db
2026-01-27 13:33:29.089 [check-idCache-thread] INFO  org.perf4j.TimingLogger - start[1769542409087] time[1] tag[updateCacheFromDb]
2026-01-27 13:34:29.099 [check-idCache-thread] INFO  c.e.g.d.i.g.biz.core.segment.SegmentIDGenImpl - update cache from db
2026-01-27 13:34:29.100 [check-idCache-thread] INFO  org.perf4j.TimingLogger - start[1769542469099] time[1] tag[updateCacheFromDb]
2026-01-27 13:35:29.105 [check-idCache-thread] INFO  c.e.g.d.i.g.biz.core.segment.SegmentIDGenImpl - update cache from db
2026-01-27 13:35:29.107 [check-idCache-thread] INFO  org.perf4j.TimingLogger - start[1769542529105] time[2] tag[updateCacheFromDb]
2026-01-27 13:36:29.118 [check-idCache-thread] INFO  c.e.g.d.i.g.biz.core.segment.SegmentIDGenImpl - update cache from db
2026-01-27 13:36:29.120 [check-idCache-thread] INFO  org.perf4j.TimingLogger - start[1769542589118] time[1] tag[updateCacheFromDb]
2026-01-27 13:37:29.133 [check-idCache-thread] INFO  c.e.g.d.i.g.biz.core.segment.SegmentIDGenImpl - update cache from db
2026-01-27 13:37:29.134 [check-idCache-thread] INFO  org.perf4j.TimingLogger - start[1769542649133] time[1] tag[updateCacheFromDb]
2026-01-27 13:38:29.148 [check-idCache-thread] INFO  c.e.g.d.i.g.biz.core.segment.SegmentIDGenImpl - update cache from db
2026-01-27 13:38:29.149 [check-idCache-thread] INFO  org.perf4j.TimingLogger - start[1769542709148] time[1] tag[updateCacheFromDb]
2026-01-27 13:39:29.164 [check-idCache-thread] INFO  c.e.g.d.i.g.biz.core.segment.SegmentIDGenImpl - update cache from db
2026-01-27 13:39:29.166 [check-idCache-thread] INFO  org.perf4j.TimingLogger - start[1769542769164] time[2] tag[updateCacheFromDb]
2026-01-27 13:40:29.170 [check-idCache-thread] INFO  c.e.g.d.i.g.biz.core.segment.SegmentIDGenImpl - update cache from db
2026-01-27 13:40:29.172 [check-idCache-thread] INFO  org.perf4j.TimingLogger - start[1769542829170] time[1] tag[updateCacheFromDb]
2026-01-27 13:41:29.183 [check-idCache-thread] INFO  c.e.g.d.i.g.biz.core.segment.SegmentIDGenImpl - update cache from db
2026-01-27 13:41:29.184 [check-idCache-thread] INFO  org.perf4j.TimingLogger - start[1769542889183] time[1] tag[updateCacheFromDb]
2026-01-27 13:42:29.192 [check-idCache-thread] INFO  c.e.g.d.i.g.biz.core.segment.SegmentIDGenImpl - update cache from db
2026-01-27 13:42:29.194 [check-idCache-thread] INFO  org.perf4j.TimingLogger - start[1769542949192] time[1] tag[updateCacheFromDb]
2026-01-27 13:43:29.205 [check-idCache-thread] INFO  c.e.g.d.i.g.biz.core.segment.SegmentIDGenImpl - update cache from db
2026-01-27 13:43:29.207 [check-idCache-thread] INFO  org.perf4j.TimingLogger - start[1769543009205] time[1] tag[updateCacheFromDb]
2026-01-27 13:44:29.217 [check-idCache-thread] INFO  c.e.g.d.i.g.biz.core.segment.SegmentIDGenImpl - update cache from db
2026-01-27 13:44:29.220 [check-idCache-thread] INFO  org.perf4j.TimingLogger - start[1769543069217] time[2] tag[updateCacheFromDb]
2026-01-27 13:45:29.231 [check-idCache-thread] INFO  c.e.g.d.i.g.biz.core.segment.SegmentIDGenImpl - update cache from db
2026-01-27 13:45:29.233 [check-idCache-thread] INFO  org.perf4j.TimingLogger - start[1769543129231] time[1] tag[updateCacheFromDb]
2026-01-27 13:46:29.238 [check-idCache-thread] INFO  c.e.g.d.i.g.biz.core.segment.SegmentIDGenImpl - update cache from db
2026-01-27 13:46:29.239 [check-idCache-thread] INFO  org.perf4j.TimingLogger - start[1769543189238] time[1] tag[updateCacheFromDb]
2026-01-27 13:47:29.254 [check-idCache-thread] INFO  c.e.g.d.i.g.biz.core.segment.SegmentIDGenImpl - update cache from db
2026-01-27 13:47:29.256 [check-idCache-thread] INFO  org.perf4j.TimingLogger - start[1769543249254] time[1] tag[updateCacheFromDb]
2026-01-27 13:48:29.258 [check-idCache-thread] INFO  c.e.g.d.i.g.biz.core.segment.SegmentIDGenImpl - update cache from db
2026-01-27 13:48:29.260 [check-idCache-thread] INFO  org.perf4j.TimingLogger - start[1769543309258] time[1] tag[updateCacheFromDb]
2026-01-27 13:49:29.264 [check-idCache-thread] INFO  c.e.g.d.i.g.biz.core.segment.SegmentIDGenImpl - update cache from db
2026-01-27 13:49:29.265 [check-idCache-thread] INFO  org.perf4j.TimingLogger - start[1769543369264] time[1] tag[updateCacheFromDb]
2026-01-27 13:50:29.266 [check-idCache-thread] INFO  c.e.g.d.i.g.biz.core.segment.SegmentIDGenImpl - update cache from db
2026-01-27 13:50:29.269 [check-idCache-thread] INFO  org.perf4j.TimingLogger - start[1769543429266] time[2] tag[updateCacheFromDb]
2026-01-27 13:51:29.276 [check-idCache-thread] INFO  c.e.g.d.i.g.biz.core.segment.SegmentIDGenImpl - update cache from db
2026-01-27 13:51:29.278 [check-idCache-thread] INFO  org.perf4j.TimingLogger - start[1769543489276] time[2] tag[updateCacheFromDb]
2026-01-27 13:52:29.294 [check-idCache-thread] INFO  c.e.g.d.i.g.biz.core.segment.SegmentIDGenImpl - update cache from db
2026-01-27 13:52:29.295 [check-idCache-thread] INFO  org.perf4j.TimingLogger - start[1769543549294] time[1] tag[updateCacheFromDb]
2026-01-27 13:53:29.307 [check-idCache-thread] INFO  c.e.g.d.i.g.biz.core.segment.SegmentIDGenImpl - update cache from db
2026-01-27 13:53:29.309 [check-idCache-thread] INFO  org.perf4j.TimingLogger - start[1769543609307] time[1] tag[updateCacheFromDb]
2026-01-27 13:54:29.312 [check-idCache-thread] INFO  c.e.g.d.i.g.biz.core.segment.SegmentIDGenImpl - update cache from db
2026-01-27 13:54:29.314 [check-idCache-thread] INFO  org.perf4j.TimingLogger - start[1769543669312] time[1] tag[updateCacheFromDb]
2026-01-27 13:55:29.321 [check-idCache-thread] INFO  c.e.g.d.i.g.biz.core.segment.SegmentIDGenImpl - update cache from db
2026-01-27 13:55:29.322 [check-idCache-thread] INFO  org.perf4j.TimingLogger - start[1769543729321] time[1] tag[updateCacheFromDb]
2026-01-27 13:56:29.334 [check-idCache-thread] INFO  c.e.g.d.i.g.biz.core.segment.SegmentIDGenImpl - update cache from db
2026-01-27 13:56:29.340 [check-idCache-thread] INFO  org.perf4j.TimingLogger - start[1769543789334] time[5] tag[updateCacheFromDb]
2026-01-27 13:57:29.346 [check-idCache-thread] INFO  c.e.g.d.i.g.biz.core.segment.SegmentIDGenImpl - update cache from db
2026-01-27 13:57:29.348 [check-idCache-thread] INFO  org.perf4j.TimingLogger - start[1769543849346] time[2] tag[updateCacheFromDb]
2026-01-27 13:58:29.360 [check-idCache-thread] INFO  c.e.g.d.i.g.biz.core.segment.SegmentIDGenImpl - update cache from db
2026-01-27 13:58:29.363 [check-idCache-thread] INFO  org.perf4j.TimingLogger - start[1769543909360] time[2] tag[updateCacheFromDb]
2026-01-27 13:59:29.369 [check-idCache-thread] INFO  c.e.g.d.i.g.biz.core.segment.SegmentIDGenImpl - update cache from db
2026-01-27 13:59:29.370 [check-idCache-thread] INFO  org.perf4j.TimingLogger - start[1769543969369] time[1] tag[updateCacheFromDb]
2026-01-27 14:00:29.385 [check-idCache-thread] INFO  c.e.g.d.i.g.biz.core.segment.SegmentIDGenImpl - update cache from db
2026-01-27 14:00:29.386 [check-idCache-thread] INFO  org.perf4j.TimingLogger - start[1769544029385] time[1] tag[updateCacheFromDb]
2026-01-27 14:01:29.398 [check-idCache-thread] INFO  c.e.g.d.i.g.biz.core.segment.SegmentIDGenImpl - update cache from db
2026-01-27 14:01:29.400 [check-idCache-thread] INFO  org.perf4j.TimingLogger - start[1769544089398] time[1] tag[updateCacheFromDb]
2026-01-27 14:02:29.414 [check-idCache-thread] INFO  c.e.g.d.i.g.biz.core.segment.SegmentIDGenImpl - update cache from db
2026-01-27 14:02:29.416 [check-idCache-thread] INFO  org.perf4j.TimingLogger - start[1769544149414] time[2] tag[updateCacheFromDb]
2026-01-27 14:03:29.416 [check-idCache-thread] INFO  c.e.g.d.i.g.biz.core.segment.SegmentIDGenImpl - update cache from db
2026-01-27 14:03:29.419 [check-idCache-thread] INFO  org.perf4j.TimingLogger - start[1769544209416] time[2] tag[updateCacheFromDb]
2026-01-27 14:04:29.420 [check-idCache-thread] INFO  c.e.g.d.i.g.biz.core.segment.SegmentIDGenImpl - update cache from db
2026-01-27 14:04:29.422 [check-idCache-thread] INFO  org.perf4j.TimingLogger - start[1769544269420] time[1] tag[updateCacheFromDb]
2026-01-27 14:04:56.274 [main-SendThread(127.0.0.1:2181)] WARN  org.apache.zookeeper.ClientCnxn - Session 0x100023d1fee0000 for sever kubernetes.docker.internal/127.0.0.1:2181, Closing socket connection. Attempting reconnect except it is a SessionExpiredException.
org.apache.zookeeper.ClientCnxn$EndOfStreamException: Unable to read additional data from server sessionid 0x100023d1fee0000, likely server has closed socket
	at org.apache.zookeeper.ClientCnxnSocketNIO.doIO(ClientCnxnSocketNIO.java:75)
	at org.apache.zookeeper.ClientCnxnSocketNIO.doTransport(ClientCnxnSocketNIO.java:348)
	at org.apache.zookeeper.ClientCnxn$SendThread.run(ClientCnxn.java:1262)
2026-01-27 14:04:56.389 [main-EventThread] INFO  o.a.curator.framework.state.ConnectionStateManager - State change: SUSPENDED
2026-01-27 14:04:58.350 [main-SendThread(127.0.0.1:2181)] INFO  org.apache.zookeeper.ClientCnxn - Opening socket connection to server kubernetes.docker.internal/127.0.0.1:2181.
2026-01-27 14:04:58.350 [main-SendThread(127.0.0.1:2181)] INFO  org.apache.zookeeper.ClientCnxn - SASL config status: Will not attempt to authenticate using SASL (unknown error)
2026-01-27 14:04:58.352 [main-SendThread(127.0.0.1:2181)] WARN  org.apache.zookeeper.ClientCnxn - Session 0x100023d1fee0000 for sever kubernetes.docker.internal/127.0.0.1:2181, Closing socket connection. Attempting reconnect except it is a SessionExpiredException.
java.net.ConnectException: Connection refused: no further information
	at java.base/sun.nio.ch.Net.pollConnect(Native Method)
	at java.base/sun.nio.ch.Net.pollConnectNow(Net.java:672)
	at java.base/sun.nio.ch.SocketChannelImpl.finishConnect(SocketChannelImpl.java:946)
	at org.apache.zookeeper.ClientCnxnSocketNIO.doTransport(ClientCnxnSocketNIO.java:342)
	at org.apache.zookeeper.ClientCnxn$SendThread.run(ClientCnxn.java:1262)
2026-01-27 14:04:59.708 [main-SendThread(127.0.0.1:2181)] INFO  org.apache.zookeeper.ClientCnxn - Opening socket connection to server kubernetes.docker.internal/127.0.0.1:2181.
2026-01-27 14:04:59.708 [main-SendThread(127.0.0.1:2181)] INFO  org.apache.zookeeper.ClientCnxn - SASL config status: Will not attempt to authenticate using SASL (unknown error)
2026-01-27 14:04:59.709 [main-SendThread(127.0.0.1:2181)] WARN  org.apache.zookeeper.ClientCnxn - Session 0x100023d1fee0000 for sever kubernetes.docker.internal/127.0.0.1:2181, Closing socket connection. Attempting reconnect except it is a SessionExpiredException.
java.net.ConnectException: Connection refused: no further information
	at java.base/sun.nio.ch.Net.pollConnect(Native Method)
	at java.base/sun.nio.ch.Net.pollConnectNow(Net.java:672)
	at java.base/sun.nio.ch.SocketChannelImpl.finishConnect(SocketChannelImpl.java:946)
	at org.apache.zookeeper.ClientCnxnSocketNIO.doTransport(ClientCnxnSocketNIO.java:342)
	at org.apache.zookeeper.ClientCnxn$SendThread.run(ClientCnxn.java:1262)
2026-01-27 14:05:01.240 [main-SendThread(127.0.0.1:2181)] INFO  org.apache.zookeeper.ClientCnxn - Opening socket connection to server kubernetes.docker.internal/127.0.0.1:2181.
2026-01-27 14:05:01.240 [main-SendThread(127.0.0.1:2181)] INFO  org.apache.zookeeper.ClientCnxn - SASL config status: Will not attempt to authenticate using SASL (unknown error)
2026-01-27 14:05:01.241 [main-SendThread(127.0.0.1:2181)] WARN  org.apache.zookeeper.ClientCnxn - Session 0x100023d1fee0000 for sever kubernetes.docker.internal/127.0.0.1:2181, Closing socket connection. Attempting reconnect except it is a SessionExpiredException.
java.net.ConnectException: Connection refused: no further information
	at java.base/sun.nio.ch.Net.pollConnect(Native Method)
	at java.base/sun.nio.ch.Net.pollConnectNow(Net.java:672)
	at java.base/sun.nio.ch.SocketChannelImpl.finishConnect(SocketChannelImpl.java:946)
	at org.apache.zookeeper.ClientCnxnSocketNIO.doTransport(ClientCnxnSocketNIO.java:342)
	at org.apache.zookeeper.ClientCnxn$SendThread.run(ClientCnxn.java:1262)
2026-01-27 14:05:02.397 [Curator-ConnectionStateManager-0] WARN  o.a.curator.framework.state.ConnectionStateManager - Session timeout has elapsed while SUSPENDED. Injecting a session expiration. Elapsed ms: 6008. Adjusted session timeout ms: 6000
2026-01-27 14:05:02.401 [Curator-ConnectionStateManager-0] INFO  org.apache.zookeeper.ZooKeeperTestable - injectSessionExpiration() called
2026-01-27 14:05:02.401 [main-EventThread] WARN  org.apache.curator.ConnectionState - Session expired event received
2026-01-27 14:05:02.402 [main-EventThread] INFO  org.apache.zookeeper.ZooKeeper - Initiating client connection, connectString=127.0.0.1:2181 sessionTimeout=6000 watcher=org.apache.curator.ConnectionState@632383b9
2026-01-27 14:05:02.405 [main-EventThread] INFO  org.apache.zookeeper.ClientCnxnSocket - jute.maxbuffer value is 1048575 Bytes
2026-01-27 14:05:02.405 [main-EventThread] INFO  org.apache.zookeeper.ClientCnxn - zookeeper.request.timeout value is 0. feature enabled=false
2026-01-27 14:05:02.405 [main-EventThread] INFO  o.a.curator.framework.state.ConnectionStateManager - State change: LOST
2026-01-27 14:05:02.405 [main-EventThread] INFO  org.apache.zookeeper.ClientCnxn - EventThread shut down for session: 0x100023d1fee0000
2026-01-27 14:05:02.405 [main-SendThread(127.0.0.1:2181)] INFO  org.apache.zookeeper.ClientCnxn - Opening socket connection to server kubernetes.docker.internal/127.0.0.1:2181.
2026-01-27 14:05:02.405 [main-SendThread(127.0.0.1:2181)] INFO  org.apache.zookeeper.ClientCnxn - SASL config status: Will not attempt to authenticate using SASL (unknown error)
2026-01-27 14:05:02.406 [main-SendThread(127.0.0.1:2181)] WARN  org.apache.zookeeper.ClientCnxn - Session 0x0 for sever kubernetes.docker.internal/127.0.0.1:2181, Closing socket connection. Attempting reconnect except it is a SessionExpiredException.
java.net.ConnectException: Connection refused: no further information
	at java.base/sun.nio.ch.Net.pollConnect(Native Method)
	at java.base/sun.nio.ch.Net.pollConnectNow(Net.java:672)
	at java.base/sun.nio.ch.SocketChannelImpl.finishConnect(SocketChannelImpl.java:946)
	at org.apache.zookeeper.ClientCnxnSocketNIO.doTransport(ClientCnxnSocketNIO.java:342)
	at org.apache.zookeeper.ClientCnxn$SendThread.run(ClientCnxn.java:1262)
2026-01-27 14:05:03.014 [main-SendThread(127.0.0.1:2181)] INFO  org.apache.zookeeper.ClientCnxn - Opening socket connection to server kubernetes.docker.internal/127.0.0.1:2181.
2026-01-27 14:05:03.014 [main-SendThread(127.0.0.1:2181)] INFO  org.apache.zookeeper.ClientCnxn - SASL config status: Will not attempt to authenticate using SASL (unknown error)
2026-01-27 14:05:03.015 [main-SendThread(127.0.0.1:2181)] WARN  org.apache.zookeeper.ClientCnxn - Session 0x100023d1fee0000 for sever kubernetes.docker.internal/127.0.0.1:2181, Closing socket connection. Attempting reconnect except it is a SessionExpiredException.
java.net.ConnectException: Connection refused: no further information
	at java.base/sun.nio.ch.Net.pollConnect(Native Method)
	at java.base/sun.nio.ch.Net.pollConnectNow(Net.java:672)
	at java.base/sun.nio.ch.SocketChannelImpl.finishConnect(SocketChannelImpl.java:946)
	at org.apache.zookeeper.ClientCnxnSocketNIO.doTransport(ClientCnxnSocketNIO.java:342)
	at org.apache.zookeeper.ClientCnxn$SendThread.run(ClientCnxn.java:1262)
2026-01-27 14:05:03.508 [main-SendThread(127.0.0.1:2181)] INFO  org.apache.zookeeper.ClientCnxn - Opening socket connection to server kubernetes.docker.internal/127.0.0.1:2181.
2026-01-27 14:05:03.510 [main-SendThread(127.0.0.1:2181)] INFO  org.apache.zookeeper.ClientCnxn - SASL config status: Will not attempt to authenticate using SASL (unknown error)
2026-01-27 14:05:03.511 [main-SendThread(127.0.0.1:2181)] WARN  org.apache.zookeeper.ClientCnxn - Session 0x0 for sever kubernetes.docker.internal/127.0.0.1:2181, Closing socket connection. Attempting reconnect except it is a SessionExpiredException.
java.net.ConnectException: Connection refused: no further information
	at java.base/sun.nio.ch.Net.pollConnect(Native Method)
	at java.base/sun.nio.ch.Net.pollConnectNow(Net.java:672)
	at java.base/sun.nio.ch.SocketChannelImpl.finishConnect(SocketChannelImpl.java:946)
	at org.apache.zookeeper.ClientCnxnSocketNIO.doTransport(ClientCnxnSocketNIO.java:342)
	at org.apache.zookeeper.ClientCnxn$SendThread.run(ClientCnxn.java:1262)
2026-01-27 14:05:04.311 [main-SendThread(127.0.0.1:2181)] INFO  org.apache.zookeeper.ClientCnxn - Opening socket connection to server kubernetes.docker.internal/127.0.0.1:2181.
2026-01-27 14:05:04.311 [main-SendThread(127.0.0.1:2181)] INFO  org.apache.zookeeper.ClientCnxn - SASL config status: Will not attempt to authenticate using SASL (unknown error)
2026-01-27 14:05:04.312 [main-SendThread(127.0.0.1:2181)] WARN  org.apache.zookeeper.ClientCnxn - Session 0x100023d1fee0000 for sever kubernetes.docker.internal/127.0.0.1:2181, Closing socket connection. Attempting reconnect except it is a SessionExpiredException.
java.net.ConnectException: Connection refused: no further information
	at java.base/sun.nio.ch.Net.pollConnect(Native Method)
	at java.base/sun.nio.ch.Net.pollConnectNow(Net.java:672)
	at java.base/sun.nio.ch.SocketChannelImpl.finishConnect(SocketChannelImpl.java:946)
	at org.apache.zookeeper.ClientCnxnSocketNIO.doTransport(ClientCnxnSocketNIO.java:342)
	at org.apache.zookeeper.ClientCnxn$SendThread.run(ClientCnxn.java:1262)
2026-01-27 14:05:04.635 [main-SendThread(127.0.0.1:2181)] INFO  org.apache.zookeeper.ClientCnxn - Opening socket connection to server kubernetes.docker.internal/127.0.0.1:2181.
2026-01-27 14:05:04.635 [main-SendThread(127.0.0.1:2181)] INFO  org.apache.zookeeper.ClientCnxn - SASL config status: Will not attempt to authenticate using SASL (unknown error)
2026-01-27 14:05:04.636 [main-SendThread(127.0.0.1:2181)] WARN  org.apache.zookeeper.ClientCnxn - Session 0x0 for sever kubernetes.docker.internal/127.0.0.1:2181, Closing socket connection. Attempting reconnect except it is a SessionExpiredException.
java.net.ConnectException: Connection refused: no further information
	at java.base/sun.nio.ch.Net.pollConnect(Native Method)
	at java.base/sun.nio.ch.Net.pollConnectNow(Net.java:672)
	at java.base/sun.nio.ch.SocketChannelImpl.finishConnect(SocketChannelImpl.java:946)
	at org.apache.zookeeper.ClientCnxnSocketNIO.doTransport(ClientCnxnSocketNIO.java:342)
	at org.apache.zookeeper.ClientCnxn$SendThread.run(ClientCnxn.java:1262)
2026-01-27 14:05:05.760 [main-SendThread(127.0.0.1:2181)] INFO  org.apache.zookeeper.ClientCnxn - Opening socket connection to server kubernetes.docker.internal/127.0.0.1:2181.
2026-01-27 14:05:05.760 [main-SendThread(127.0.0.1:2181)] INFO  org.apache.zookeeper.ClientCnxn - SASL config status: Will not attempt to authenticate using SASL (unknown error)
2026-01-27 14:05:05.760 [main-SendThread(127.0.0.1:2181)] WARN  org.apache.zookeeper.ClientCnxn - Session 0x0 for sever kubernetes.docker.internal/127.0.0.1:2181, Closing socket connection. Attempting reconnect except it is a SessionExpiredException.
java.net.ConnectException: Connection refused: no further information
	at java.base/sun.nio.ch.Net.pollConnect(Native Method)
	at java.base/sun.nio.ch.Net.pollConnectNow(Net.java:672)
	at java.base/sun.nio.ch.SocketChannelImpl.finishConnect(SocketChannelImpl.java:946)
	at org.apache.zookeeper.ClientCnxnSocketNIO.doTransport(ClientCnxnSocketNIO.java:342)
	at org.apache.zookeeper.ClientCnxn$SendThread.run(ClientCnxn.java:1262)
2026-01-27 14:05:05.814 [main-SendThread(127.0.0.1:2181)] INFO  org.apache.zookeeper.ClientCnxn - Opening socket connection to server kubernetes.docker.internal/127.0.0.1:2181.
2026-01-27 14:05:05.814 [main-SendThread(127.0.0.1:2181)] INFO  org.apache.zookeeper.ClientCnxn - SASL config status: Will not attempt to authenticate using SASL (unknown error)
2026-01-27 14:05:05.815 [main-SendThread(127.0.0.1:2181)] WARN  org.apache.zookeeper.ClientCnxn - Session 0x100023d1fee0000 for sever kubernetes.docker.internal/127.0.0.1:2181, Closing socket connection. Attempting reconnect except it is a SessionExpiredException.
java.net.ConnectException: Connection refused: no further information
	at java.base/sun.nio.ch.Net.pollConnect(Native Method)
	at java.base/sun.nio.ch.Net.pollConnectNow(Net.java:672)
	at java.base/sun.nio.ch.SocketChannelImpl.finishConnect(SocketChannelImpl.java:946)
	at org.apache.zookeeper.ClientCnxnSocketNIO.doTransport(ClientCnxnSocketNIO.java:342)
	at org.apache.zookeeper.ClientCnxn$SendThread.run(ClientCnxn.java:1262)
2026-01-27 14:05:06.567 [Thread-8] WARN  com.alibaba.nacos.common.notify.NotifyCenter - [NotifyCenter] Start destroying Publisher
2026-01-27 14:05:06.567 [Thread-8] WARN  com.alibaba.nacos.common.notify.NotifyCenter - [NotifyCenter] Destruction of the end
2026-01-27 14:05:06.567 [Thread-11] WARN  c.alibaba.nacos.common.http.HttpClientBeanHolder - [HttpClientBeanHolder] Start destroying common HttpClient
2026-01-27 14:05:06.569 [Thread-11] WARN  c.alibaba.nacos.common.http.HttpClientBeanHolder - [HttpClientBeanHolder] Destruction of the end
2026-01-27 14:05:06.659 [SpringApplicationShutdownHook] INFO  c.a.cloud.nacos.registry.NacosServiceRegistry - De-registering from Nacos Server now...
2026-01-27 14:05:06.659 [SpringApplicationShutdownHook] INFO  com.alibaba.nacos.client.naming - [DEREGISTER-SERVICE] greennote deregistering service GreenNote-distributed-id-generator with instance: Instance{instanceId='null', ip='10.140.144.126', port=8085, weight=1.0, healthy=true, enabled=true, ephemeral=true, clusterName='DEFAULT', serviceName='null', metadata={}}
2026-01-27 14:05:06.664 [SpringApplicationShutdownHook] INFO  c.a.cloud.nacos.registry.NacosServiceRegistry - De-registration finished.
2026-01-27 14:05:06.664 [SpringApplicationShutdownHook] INFO  com.alibaba.nacos.client.naming - com.alibaba.nacos.client.naming.cache.ServiceInfoHolder do shutdown begin
2026-01-27 14:05:06.664 [SpringApplicationShutdownHook] INFO  com.alibaba.nacos.client.naming - com.alibaba.nacos.client.naming.backups.FailoverReactor do shutdown begin
2026-01-27 14:05:06.665 [SpringApplicationShutdownHook] INFO  com.alibaba.nacos.client.naming - com.alibaba.nacos.client.naming.backups.FailoverReactor do shutdown stop
2026-01-27 14:05:06.665 [SpringApplicationShutdownHook] INFO  com.alibaba.nacos.client.naming - com.alibaba.nacos.client.naming.cache.ServiceInfoHolder do shutdown stop
2026-01-27 14:05:06.665 [SpringApplicationShutdownHook] INFO  com.alibaba.nacos.client.naming - com.alibaba.nacos.client.naming.remote.NamingClientProxyDelegate do shutdown begin
2026-01-27 14:05:06.665 [SpringApplicationShutdownHook] INFO  com.alibaba.nacos.client.naming - com.alibaba.nacos.client.naming.core.ServiceInfoUpdateService do shutdown begin
2026-01-27 14:05:06.665 [SpringApplicationShutdownHook] INFO  com.alibaba.nacos.client.naming - com.alibaba.nacos.client.naming.core.ServiceInfoUpdateService do shutdown stop
2026-01-27 14:05:06.665 [SpringApplicationShutdownHook] INFO  com.alibaba.nacos.client.naming - com.alibaba.nacos.client.naming.core.ServerListManager do shutdown begin
2026-01-27 14:05:06.665 [SpringApplicationShutdownHook] WARN  com.alibaba.nacos.client.naming - [NamingHttpClientManager] Start destroying NacosRestTemplate
2026-01-27 14:05:06.665 [SpringApplicationShutdownHook] WARN  com.alibaba.nacos.client.naming - [NamingHttpClientManager] Destruction of the end
2026-01-27 14:05:06.665 [SpringApplicationShutdownHook] INFO  com.alibaba.nacos.client.naming - com.alibaba.nacos.client.naming.core.ServerListManager do shutdown stop
2026-01-27 14:05:06.665 [SpringApplicationShutdownHook] INFO  com.alibaba.nacos.client.naming - com.alibaba.nacos.client.naming.remote.http.NamingHttpClientProxy do shutdown begin
2026-01-27 14:05:06.665 [SpringApplicationShutdownHook] WARN  com.alibaba.nacos.client.naming - [NamingHttpClientManager] Start destroying NacosRestTemplate
2026-01-27 14:05:06.665 [SpringApplicationShutdownHook] WARN  com.alibaba.nacos.client.naming - [NamingHttpClientManager] Destruction of the end
2026-01-27 14:05:06.665 [SpringApplicationShutdownHook] INFO  com.alibaba.nacos.client.naming - com.alibaba.nacos.client.naming.remote.http.NamingHttpClientProxy do shutdown stop
2026-01-27 14:05:06.665 [SpringApplicationShutdownHook] INFO  com.alibaba.nacos.common.remote.client - Shutdown rpc client, set status to shutdown
2026-01-27 14:05:06.665 [SpringApplicationShutdownHook] INFO  com.alibaba.nacos.common.remote.client - Shutdown client event executor java.util.concurrent.ScheduledThreadPoolExecutor@770f9c45[Running, pool size = 2, active threads = 2, queued tasks = 0, completed tasks = 0]
2026-01-27 14:05:06.665 [SpringApplicationShutdownHook] INFO  com.alibaba.nacos.common.remote.client - Close current connection 1769540670700_127.0.0.1_3581
2026-01-27 14:05:06.669 [SpringApplicationShutdownHook] INFO  c.a.nacos.common.remote.client.grpc.GrpcClient - Shutdown grpc executor java.util.concurrent.ThreadPoolExecutor@7e26c13f[Running, pool size = 3, active threads = 0, queued tasks = 0, completed tasks = 756]
2026-01-27 14:05:06.669 [SpringApplicationShutdownHook] INFO  com.alibaba.nacos.client.naming - Shutdown grpc redo service executor java.util.concurrent.ScheduledThreadPoolExecutor@45e76d0d[Running, pool size = 1, active threads = 0, queued tasks = 1, completed tasks = 1208]
2026-01-27 14:05:06.669 [SpringApplicationShutdownHook] INFO  c.a.n.client.auth.ram.identify.CredentialWatcher - [null] CredentialWatcher is stopped
2026-01-27 14:05:06.669 [SpringApplicationShutdownHook] INFO  c.a.n.client.auth.ram.identify.CredentialService - [null] CredentialService is freed
2026-01-27 14:05:06.669 [SpringApplicationShutdownHook] INFO  com.alibaba.nacos.client.naming - com.alibaba.nacos.client.naming.remote.NamingClientProxyDelegate do shutdown stop
