2026-01-30 22:04:24.932 [main] WARN  com.alibaba.nacos.client.logging.NacosLogging - Load Logback Configuration of Nacos fail, message: Could not initialize Logback Nacos logging from classpath:nacos-logback.xml
2026-01-30 22:04:25.008 [main] WARN  com.alibaba.nacos.client.logging.NacosLogging - Load Logback Configuration of Nacos fail, message: Could not initialize Logback Nacos logging from classpath:nacos-logback.xml
2026-01-30 22:04:25.440 [main] WARN  com.alibaba.nacos.client.logging.NacosLogging - Load Logback Configuration of Nacos fail, message: Could not initialize Logback Nacos logging from classpath:nacos-logback.xml
2026-01-30 22:04:25.454 [main] WARN  com.alibaba.nacos.client.logging.NacosLogging - Load Logback Configuration of Nacos fail, message: Could not initialize Logback Nacos logging from classpath:nacos-logback.xml
2026-01-30 22:04:25.455 [main] INFO  c.e.g.d.i.g.b.GreenNoteDistributedGeneratorBizApplication - The following 1 profile is active: "dev"
2026-01-30 22:04:25.972 [main] INFO  o.springframework.cloud.context.scope.GenericScope - BeanFactory id=ab990966-1602-3d9b-9f95-30e029a827d5
2026-01-30 22:04:26.206 [main] INFO  o.s.boot.web.embedded.tomcat.TomcatWebServer - Tomcat initialized with port(s): 8085 (http)
2026-01-30 22:04:26.218 [main] INFO  org.apache.catalina.core.StandardService - Starting service [Tomcat]
2026-01-30 22:04:26.218 [main] INFO  org.apache.catalina.core.StandardEngine - Starting Servlet engine: [Apache Tomcat/10.1.5]
2026-01-30 22:04:26.307 [main] INFO  o.a.c.core.ContainerBase.[Tomcat].[localhost].[/] - Initializing Spring embedded WebApplicationContext
2026-01-30 22:04:26.307 [main] INFO  o.s.b.w.s.c.ServletWebServerApplicationContext - Root WebApplicationContext: initialization completed in 841 ms
2026-01-30 22:04:26.437 [main] INFO  com.alibaba.druid.pool.DruidDataSource - {dataSource-1} inited
2026-01-30 22:04:26.501 [main] INFO  c.e.g.d.i.g.biz.core.segment.SegmentIDGenImpl - Init ...
2026-01-30 22:04:26.501 [main] INFO  c.e.g.d.i.g.biz.core.segment.SegmentIDGenImpl - update cache from db
2026-01-30 22:04:26.831 [main] INFO  c.e.g.d.i.g.biz.core.segment.SegmentIDGenImpl - Add tag leaf-segment-test from db to IdCache, SegmentBuffer SegmentBuffer{key='leaf-segment-test', segments=[Segment(value:0,max:0,step:0), Segment(value:0,max:0,step:0)], currentPos=0, nextReady=false, initOk=false, threadRunning=false, step=0, minStep=0, updateTimestamp=0}
2026-01-30 22:04:26.831 [main] INFO  c.e.g.d.i.g.biz.core.segment.SegmentIDGenImpl - Add tag leaf-segment-greennote-id from db to IdCache, SegmentBuffer SegmentBuffer{key='leaf-segment-greennote-id', segments=[Segment(value:0,max:0,step:0), Segment(value:0,max:0,step:0)], currentPos=0, nextReady=false, initOk=false, threadRunning=false, step=0, minStep=0, updateTimestamp=0}
2026-01-30 22:04:26.831 [main] INFO  c.e.g.d.i.g.biz.core.segment.SegmentIDGenImpl - Add tag leaf-segment-user-id from db to IdCache, SegmentBuffer SegmentBuffer{key='leaf-segment-user-id', segments=[Segment(value:0,max:0,step:0), Segment(value:0,max:0,step:0)], currentPos=0, nextReady=false, initOk=false, threadRunning=false, step=0, minStep=0, updateTimestamp=0}
2026-01-30 22:04:26.831 [main] INFO  org.perf4j.TimingLogger - start[1769832266502] time[328] tag[updateCacheFromDb]
2026-01-30 22:04:26.832 [main] INFO  c.e.g.d.id.generator.biz.service.SegmentService - Segment Service Init Successfully
2026-01-30 22:04:26.847 [main] INFO  c.e.g.d.i.g.biz.core.snowflake.SnowflakeIDGenImpl - twepoch:1288834974657 ,ip:10.141.154.27 ,zkAddress:127.0.0.1:2181 port:2222
2026-01-30 22:04:26.959 [main] WARN  org.apache.curator.CuratorZookeeperClient - session timeout [6000] is less than connection timeout [10000]
2026-01-30 22:04:26.985 [main] INFO  o.a.curator.framework.imps.CuratorFrameworkImpl - Starting
2026-01-30 22:04:26.998 [main] INFO  org.apache.zookeeper.ZooKeeper - Client environment:zookeeper.version=3.6.0--b4c89dc7f6083829e18fae6e446907ae0b1f22d7, built on 02/25/2020 14:38 GMT
2026-01-30 22:04:26.998 [main] INFO  org.apache.zookeeper.ZooKeeper - Client environment:host.name=10.141.154.27
2026-01-30 22:04:26.998 [main] INFO  org.apache.zookeeper.ZooKeeper - Client environment:java.version=17.0.16
2026-01-30 22:04:26.998 [main] INFO  org.apache.zookeeper.ZooKeeper - Client environment:java.vendor=Oracle Corporation
2026-01-30 22:04:26.998 [main] INFO  org.apache.zookeeper.ZooKeeper - Client environment:java.home=C:\Program Files\Java\jdk-17
2026-01-30 22:04:26.998 [main] INFO  org.apache.zookeeper.ZooKeeper - Client environment:java.class.path=C:\Users\12482\IdeaProjects\GreenNote\GreenNote-distributed-id-generator\GreenNote-distributed-id-generator-biz\target\classes;C:\Users\12482\IdeaProjects\GreenNote\GreenNote-framework\GreenNote-common\target\classes;C:\Maven\repository\org\projectlombok\lombok\1.18.30\lombok-1.18.30.jar;C:\Maven\repository\com\fasterxml\jackson\core\jackson-databind\2.16.1\jackson-databind-2.16.1.jar;C:\Maven\repository\com\fasterxml\jackson\core\jackson-annotations\2.14.1\jackson-annotations-2.14.1.jar;C:\Maven\repository\com\fasterxml\jackson\core\jackson-core\2.16.1\jackson-core-2.16.1.jar;C:\Maven\repository\com\fasterxml\jackson\datatype\jackson-datatype-jsr310\2.14.1\jackson-datatype-jsr310-2.14.1.jar;C:\Maven\repository\jakarta\validation\jakarta.validation-api\3.0.2\jakarta.validation-api-3.0.2.jar;C:\Maven\repository\org\hibernate\validator\hibernate-validator\8.0.0.Final\hibernate-validator-8.0.0.Final.jar;C:\Maven\repository\org\jboss\logging\jboss-logging\3.5.0.Final\jboss-logging-3.5.0.Final.jar;C:\Maven\repository\com\fasterxml\classmate\1.5.1\classmate-1.5.1.jar;C:\Maven\repository\com\google\guava\guava\33.0.0-jre\guava-33.0.0-jre.jar;C:\Maven\repository\com\google\guava\failureaccess\1.0.2\failureaccess-1.0.2.jar;C:\Maven\repository\com\google\guava\listenablefuture\9999.0-empty-to-avoid-conflict-with-guava\listenablefuture-9999.0-empty-to-avoid-conflict-with-guava.jar;C:\Maven\repository\com\google\code\findbugs\jsr305\3.0.2\jsr305-3.0.2.jar;C:\Maven\repository\org\checkerframework\checker-qual\3.41.0\checker-qual-3.41.0.jar;C:\Maven\repository\com\google\errorprone\error_prone_annotations\2.23.0\error_prone_annotations-2.23.0.jar;C:\Maven\repository\com\google\j2objc\j2objc-annotations\2.8\j2objc-annotations-2.8.jar;C:\Maven\repository\cn\hutool\hutool-all\5.8.26\hutool-all-5.8.26.jar;C:\Maven\repository\org\apache\commons\commons-lang3\3.12.0\commons-lang3-3.12.0.jar;C:\Maven\repository\org\springframework\boot\spring-boot-starter-web\3.0.2\spring-boot-starter-web-3.0.2.jar;C:\Maven\repository\org\springframework\boot\spring-boot-starter\3.0.2\spring-boot-starter-3.0.2.jar;C:\Maven\repository\org\springframework\boot\spring-boot\3.0.2\spring-boot-3.0.2.jar;C:\Maven\repository\org\springframework\boot\spring-boot-autoconfigure\3.0.2\spring-boot-autoconfigure-3.0.2.jar;C:\Maven\repository\org\springframework\boot\spring-boot-starter-logging\3.0.2\spring-boot-starter-logging-3.0.2.jar;C:\Maven\repository\ch\qos\logback\logback-classic\1.4.5\logback-classic-1.4.5.jar;C:\Maven\repository\ch\qos\logback\logback-core\1.4.5\logback-core-1.4.5.jar;C:\Maven\repository\org\apache\logging\log4j\log4j-to-slf4j\2.19.0\log4j-to-slf4j-2.19.0.jar;C:\Maven\repository\org\apache\logging\log4j\log4j-api\2.19.0\log4j-api-2.19.0.jar;C:\Maven\repository\org\slf4j\jul-to-slf4j\2.0.6\jul-to-slf4j-2.0.6.jar;C:\Maven\repository\jakarta\annotation\jakarta.annotation-api\2.1.1\jakarta.annotation-api-2.1.1.jar;C:\Maven\repository\org\yaml\snakeyaml\1.33\snakeyaml-1.33.jar;C:\Maven\repository\org\springframework\boot\spring-boot-starter-json\3.0.2\spring-boot-starter-json-3.0.2.jar;C:\Maven\repository\com\fasterxml\jackson\datatype\jackson-datatype-jdk8\2.14.1\jackson-datatype-jdk8-2.14.1.jar;C:\Maven\repository\com\fasterxml\jackson\module\jackson-module-parameter-names\2.14.1\jackson-module-parameter-names-2.14.1.jar;C:\Maven\repository\org\springframework\boot\spring-boot-starter-tomcat\3.0.2\spring-boot-starter-tomcat-3.0.2.jar;C:\Maven\repository\org\apache\tomcat\embed\tomcat-embed-core\10.1.5\tomcat-embed-core-10.1.5.jar;C:\Maven\repository\org\apache\tomcat\embed\tomcat-embed-el\10.1.5\tomcat-embed-el-10.1.5.jar;C:\Maven\repository\org\apache\tomcat\embed\tomcat-embed-websocket\10.1.5\tomcat-embed-websocket-10.1.5.jar;C:\Maven\repository\org\springframework\spring-web\6.0.4\spring-web-6.0.4.jar;C:\Maven\repository\org\springframework\spring-beans\6.0.4\spring-beans-6.0.4.jar;C:\Maven\repository\io\micrometer\micrometer-observation\1.10.3\micrometer-observation-1.10.3.jar;C:\Maven\repository\io\micrometer\micrometer-commons\1.10.3\micrometer-commons-1.10.3.jar;C:\Maven\repository\org\springframework\spring-webmvc\6.0.4\spring-webmvc-6.0.4.jar;C:\Maven\repository\org\springframework\spring-aop\6.0.4\spring-aop-6.0.4.jar;C:\Maven\repository\org\springframework\spring-context\6.0.4\spring-context-6.0.4.jar;C:\Maven\repository\org\springframework\spring-expression\6.0.4\spring-expression-6.0.4.jar;C:\Maven\repository\org\slf4j\slf4j-api\2.0.6\slf4j-api-2.0.6.jar;C:\Maven\repository\org\springframework\spring-core\6.0.4\spring-core-6.0.4.jar;C:\Maven\repository\org\springframework\spring-jcl\6.0.4\spring-jcl-6.0.4.jar;C:\Maven\repository\org\springframework\cloud\spring-cloud-starter-bootstrap\4.0.0\spring-cloud-starter-bootstrap-4.0.0.jar;C:\Maven\repository\org\springframework\cloud\spring-cloud-starter\4.0.0\spring-cloud-starter-4.0.0.jar;C:\Maven\repository\org\springframework\security\spring-security-rsa\1.0.11.RELEASE\spring-security-rsa-1.0.11.RELEASE.jar;C:\Maven\repository\org\bouncycastle\bcpkix-jdk15on\1.69\bcpkix-jdk15on-1.69.jar;C:\Maven\repository\org\bouncycastle\bcprov-jdk15on\1.69\bcprov-jdk15on-1.69.jar;C:\Maven\repository\org\bouncycastle\bcutil-jdk15on\1.69\bcutil-jdk15on-1.69.jar;C:\Maven\repository\com\alibaba\cloud\spring-cloud-starter-alibaba-nacos-discovery\2022.0.0.0\spring-cloud-starter-alibaba-nacos-discovery-2022.0.0.0.jar;C:\Maven\repository\com\alibaba\cloud\spring-cloud-alibaba-commons\2022.0.0.0\spring-cloud-alibaba-commons-2022.0.0.0.jar;C:\Maven\repository\com\alibaba\nacos\nacos-client\2.2.1\nacos-client-2.2.1.jar;C:\Maven\repository\com\alibaba\nacos\nacos-auth-plugin\2.2.1\nacos-auth-plugin-2.2.1.jar;C:\Maven\repository\com\alibaba\nacos\nacos-encryption-plugin\2.2.1\nacos-encryption-plugin-2.2.1.jar;C:\Maven\repository\commons-codec\commons-codec\1.15\commons-codec-1.15.jar;C:\Maven\repository\org\apache\httpcomponents\httpasyncclient\4.1.5\httpasyncclient-4.1.5.jar;C:\Maven\repository\org\apache\httpcomponents\httpcore\4.4.16\httpcore-4.4.16.jar;C:\Maven\repository\org\apache\httpcomponents\httpcore-nio\4.4.16\httpcore-nio-4.4.16.jar;C:\Maven\repository\org\apache\httpcomponents\httpclient\4.5.14\httpclient-4.5.14.jar;C:\Maven\repository\io\prometheus\simpleclient\0.16.0\simpleclient-0.16.0.jar;C:\Maven\repository\io\prometheus\simpleclient_tracer_otel\0.16.0\simpleclient_tracer_otel-0.16.0.jar;C:\Maven\repository\io\prometheus\simpleclient_tracer_common\0.16.0\simpleclient_tracer_common-0.16.0.jar;C:\Maven\repository\io\prometheus\simpleclient_tracer_otel_agent\0.16.0\simpleclient_tracer_otel_agent-0.16.0.jar;C:\Maven\repository\com\alibaba\spring\spring-context-support\1.0.11\spring-context-support-1.0.11.jar;C:\Maven\repository\org\springframework\cloud\spring-cloud-commons\4.0.0\spring-cloud-commons-4.0.0.jar;C:\Maven\repository\org\springframework\security\spring-security-crypto\6.0.1\spring-security-crypto-6.0.1.jar;C:\Maven\repository\org\springframework\cloud\spring-cloud-context\4.0.0\spring-cloud-context-4.0.0.jar;C:\Maven\repository\commons-io\commons-io\2.4\commons-io-2.4.jar;C:\Maven\repository\org\perf4j\perf4j\0.9.16\perf4j-0.9.16.jar;C:\Maven\repository\mysql\mysql-connector-java\8.0.29\mysql-connector-java-8.0.29.jar;C:\Maven\repository\com\google\protobuf\protobuf-java\3.19.4\protobuf-java-3.19.4.jar;C:\Maven\repository\com\alibaba\druid\1.0.18\druid-1.0.18.jar;C:\Maven\repository\org\mybatis\mybatis\3.3.0\mybatis-3.3.0.jar;C:\Maven\repository\org\apache\curator\curator-recipes\2.6.0\curator-recipes-2.6.0.jar;C:\Maven\repository\org\apache\curator\curator-framework\5.1.0\curator-framework-5.1.0.jar;C:\Maven\repository\org\apache\curator\curator-client\5.1.0\curator-client-5.1.0.jar;C:\Maven\repository\org\apache\zookeeper\zookeeper\3.6.0\zookeeper-3.6.0.jar;C:\Maven\repository\commons-lang\commons-lang\2.6\commons-lang-2.6.jar;C:\Maven\repository\org\apache\zookeeper\zookeeper-jute\3.6.0\zookeeper-jute-3.6.0.jar;C:\Maven\repository\org\apache\yetus\audience-annotations\0.5.0\audience-annotations-0.5.0.jar;C:\Maven\repository\io\netty\netty-handler\4.1.87.Final\netty-handler-4.1.87.Final.jar;C:\Maven\repository\io\netty\netty-common\4.1.87.Final\netty-common-4.1.87.Final.jar;C:\Maven\repository\io\netty\netty-resolver\4.1.87.Final\netty-resolver-4.1.87.Final.jar;C:\Maven\repository\io\netty\netty-buffer\4.1.87.Final\netty-buffer-4.1.87.Final.jar;C:\Maven\repository\io\netty\netty-transport\4.1.87.Final\netty-transport-4.1.87.Final.jar;C:\Maven\repository\io\netty\netty-transport-native-unix-common\4.1.87.Final\netty-transport-native-unix-common-4.1.87.Final.jar;C:\Maven\repository\io\netty\netty-codec\4.1.87.Final\netty-codec-4.1.87.Final.jar;C:\Maven\repository\io\netty\netty-transport-native-epoll\4.1.87.Final\netty-transport-native-epoll-4.1.87.Final.jar;C:\Maven\repository\io\netty\netty-transport-classes-epoll\4.1.87.Final\netty-transport-classes-epoll-4.1.87.Final.jar
2026-01-30 22:04:26.998 [main] INFO  org.apache.zookeeper.ZooKeeper - Client environment:java.library.path=C:\Program Files\Java\jdk-17\bin;C:\WINDOWS\Sun\Java\bin;C:\WINDOWS\system32;C:\WINDOWS;C:\Python314\Scripts\;C:\Python314\;C:\Program Files\Eclipse Adoptium\jdk-17.0.16.8-hotspot\bin;C:\Users\12482\AppData\Local\Programs\Python\Python313\Scripts\;C:\Users\12482\AppData\Local\Programs\Python\Python313\;C:\Program Files (x86)\Common Files\Oracle\Java\javapath;C:\WINDOWS\system32;C:\WINDOWS;C:\WINDOWS\System32\Wbem;C:\WINDOWS\System32\WindowsPowerShell\v1.0\;C:\WINDOWS\System32\OpenSSH\;C:\Program Files (x86)\NVIDIA Corporation\PhysX\Common;C:\Program Files\NVIDIA Corporation\NVIDIA NvDLISR;C:\Users\12482\jdk-24\bin;C:\Users\12482\jdk-24\bin;C:\Program Files\Git\cmd;C:\Program Files\dotnet\;C:\Program Files (x86)\cloudflared\;C:\Program Files\Docker\Docker\resources\bin;C:\Maven\apache-maven-3.9.11\bin;C:\ProgramData\chocolatey\bin;C:\Program Files\nodejs\;c:\Users\12482\AppData\Local\Programs\cursor\resources\app\codeBin;C:\Users\12482\AppData\Local\Programs\Python\Python313\Scripts\;C:\Users\12482\AppData\Local\Programs\Python\Python313\;C:\Users\12482\AppData\Local\Programs\Python\Python39\Scripts\;C:\Users\12482\AppData\Local\Programs\Python\Python39\;C:\Users\12482\AppData\Local\Microsoft\WindowsApps;;C:\Users\12482\AppData\Local\Programs\Fiddler;C:\Program Files\JetBrains\IntelliJ IDEA 2025.2.1\bin;C:\Users\12482\AppData\Local\Programs\Microsoft VS Code\bin;C:\Users\12482\AppData\Local\Microsoft\WindowsApps;C:\Users\12482\AppData\Local\Programs\cursor\resources\app\bin;C:\Program Files\JetBrains\PyCharm 2025.2.2\bin;C:\Program Files\JetBrains\GoLand 2025.2.4\bin;C:\Users\12482\AppData\Roaming\npm;C:\Users\12482\AppData\Local\Programs\Kiro\bin;C:\Users\12482\AppData\Local\Programs\Antigravity\bin;.
2026-01-30 22:04:26.998 [main] INFO  org.apache.zookeeper.ZooKeeper - Client environment:java.io.tmpdir=C:\Users\12482\AppData\Local\Temp\
2026-01-30 22:04:26.998 [main] INFO  org.apache.zookeeper.ZooKeeper - Client environment:java.compiler=<NA>
2026-01-30 22:04:26.998 [main] INFO  org.apache.zookeeper.ZooKeeper - Client environment:os.name=Windows 11
2026-01-30 22:04:26.998 [main] INFO  org.apache.zookeeper.ZooKeeper - Client environment:os.arch=amd64
2026-01-30 22:04:26.998 [main] INFO  org.apache.zookeeper.ZooKeeper - Client environment:os.version=10.0
2026-01-30 22:04:26.998 [main] INFO  org.apache.zookeeper.ZooKeeper - Client environment:user.name=12482
2026-01-30 22:04:26.999 [main] INFO  org.apache.zookeeper.ZooKeeper - Client environment:user.home=C:\Users\12482
2026-01-30 22:04:26.999 [main] INFO  org.apache.zookeeper.ZooKeeper - Client environment:user.dir=C:\Users\12482\IdeaProjects\GreenNote
2026-01-30 22:04:26.999 [main] INFO  org.apache.zookeeper.ZooKeeper - Client environment:os.memory.free=54MB
2026-01-30 22:04:26.999 [main] INFO  org.apache.zookeeper.ZooKeeper - Client environment:os.memory.max=8012MB
2026-01-30 22:04:26.999 [main] INFO  org.apache.zookeeper.ZooKeeper - Client environment:os.memory.total=80MB
2026-01-30 22:04:27.004 [main] INFO  org.apache.zookeeper.ZooKeeper - Initiating client connection, connectString=127.0.0.1:2181 sessionTimeout=6000 watcher=org.apache.curator.ConnectionState@6f930e0
2026-01-30 22:04:27.016 [main] INFO  org.apache.zookeeper.common.X509Util - Setting -D jdk.tls.rejectClientInitiatedRenegotiation=true to disable client-initiated TLS renegotiation
2026-01-30 22:04:27.037 [main] INFO  org.apache.zookeeper.ClientCnxnSocket - jute.maxbuffer value is 1048575 Bytes
2026-01-30 22:04:27.047 [main] INFO  org.apache.zookeeper.ClientCnxn - zookeeper.request.timeout value is 0. feature enabled=false
2026-01-30 22:04:27.056 [main-SendThread(127.0.0.1:2181)] INFO  org.apache.zookeeper.ClientCnxn - Opening socket connection to server kubernetes.docker.internal/127.0.0.1:2181.
2026-01-30 22:04:27.056 [main-SendThread(127.0.0.1:2181)] INFO  org.apache.zookeeper.ClientCnxn - SASL config status: Will not attempt to authenticate using SASL (unknown error)
2026-01-30 22:04:27.060 [main-SendThread(127.0.0.1:2181)] INFO  org.apache.zookeeper.ClientCnxn - Socket connection established, initiating session, client: /127.0.0.1:36339, server: kubernetes.docker.internal/127.0.0.1:2181
2026-01-30 22:04:27.061 [main] INFO  o.a.curator.framework.imps.CuratorFrameworkImpl - Default schema
2026-01-30 22:04:27.099 [main-SendThread(127.0.0.1:2181)] INFO  org.apache.zookeeper.ClientCnxn - Session establishment complete on server kubernetes.docker.internal/127.0.0.1:2181, session id = 0x10007f1ace90000, negotiated timeout = 6000
2026-01-30 22:04:27.106 [main-EventThread] INFO  o.a.curator.framework.state.ConnectionStateManager - State change: CONNECTED
2026-01-30 22:04:27.141 [main-EventThread] INFO  org.apache.curator.framework.imps.EnsembleTracker - New config event received: {}
2026-01-30 22:04:27.141 [main-EventThread] INFO  org.apache.curator.framework.imps.EnsembleTracker - New config event received: {}
2026-01-30 22:04:27.218 [main] INFO  c.e.g.d.i.g.b.c.snowflake.SnowflakeZookeeperHolder - file exists status is false
2026-01-30 22:04:27.219 [main] INFO  c.e.g.d.i.g.b.c.snowflake.SnowflakeZookeeperHolder - init local file cache create parent dis status is false, worker id is 8
2026-01-30 22:04:27.219 [main] WARN  c.e.g.d.i.g.b.c.snowflake.SnowflakeZookeeperHolder - create parent dir error===
2026-01-30 22:04:27.219 [main] INFO  c.e.g.d.i.g.b.c.snowflake.SnowflakeZookeeperHolder - [New NODE]can not find node on forever node that endpoint ip-10.141.154.27 port-2222 workid-8,create own node on forever node and start SUCCESS 
2026-01-30 22:04:27.219 [main] INFO  c.e.g.d.i.g.biz.core.snowflake.SnowflakeIDGenImpl - START SUCCESS USE ZK WORKERID-8
2026-01-30 22:04:27.219 [main] INFO  c.e.g.d.id.generator.biz.service.SnowflakeService - Snowflake Service Init Successfully
2026-01-30 22:04:28.043 [main] INFO  o.s.boot.web.embedded.tomcat.TomcatWebServer - Tomcat started on port(s): 8085 (http) with context path ''
2026-01-30 22:04:28.057 [main] WARN  com.alibaba.nacos.client.logging.NacosLogging - Load Logback Configuration of Nacos fail, message: Could not initialize Logback Nacos logging from classpath:nacos-logback.xml
2026-01-30 22:04:28.057 [main] INFO  com.alibaba.nacos.client.naming - initializer namespace from ans.namespace attribute : null
2026-01-30 22:04:28.058 [main] INFO  com.alibaba.nacos.client.naming - initializer namespace from ALIBABA_ALIWARE_NAMESPACE attribute :null
2026-01-30 22:04:28.059 [main] INFO  com.alibaba.nacos.client.naming - initializer namespace from namespace attribute :null
2026-01-30 22:04:28.098 [main] INFO  com.alibaba.nacos.client.utils.ParamUtil - [settings] [req-serv] nacos-server port:8848
2026-01-30 22:04:28.099 [main] INFO  com.alibaba.nacos.client.utils.ParamUtil - [settings] [http-client] connect timeout:1000
2026-01-30 22:04:28.100 [main] INFO  com.alibaba.nacos.client.utils.ParamUtil - PER_TASK_CONFIG_SIZE: 3000.0
2026-01-30 22:04:28.107 [main] INFO  c.a.n.p.auth.spi.client.ClientAuthPluginManager - [ClientAuthPluginManager] Load ClientAuthService com.alibaba.nacos.client.auth.impl.NacosClientAuthServiceImpl success.
2026-01-30 22:04:28.107 [main] INFO  c.a.n.p.auth.spi.client.ClientAuthPluginManager - [ClientAuthPluginManager] Load ClientAuthService com.alibaba.nacos.client.auth.ram.RamClientAuthServiceImpl success.
2026-01-30 22:04:28.112 [main] INFO  c.a.n.client.auth.ram.identify.CredentialWatcher - null No credential found
2026-01-30 22:04:28.129 [main] INFO  com.alibaba.nacos.common.remote.client - [RpcClientFactory] create a new rpc client of 86778259-6843-44b8-b945-6a02be3bf5e1
2026-01-30 22:04:28.156 [main] INFO  com.alibaba.nacos.common.remote.client - [86778259-6843-44b8-b945-6a02be3bf5e1] RpcClient init, ServerListFactory = com.alibaba.nacos.client.naming.core.ServerListManager
2026-01-30 22:04:28.156 [main] INFO  com.alibaba.nacos.common.remote.client - [86778259-6843-44b8-b945-6a02be3bf5e1] Registry connection listener to current client:com.alibaba.nacos.client.naming.remote.gprc.redo.NamingGrpcRedoService
2026-01-30 22:04:28.157 [main] INFO  com.alibaba.nacos.common.remote.client - [86778259-6843-44b8-b945-6a02be3bf5e1] Register server push request handler:com.alibaba.nacos.client.naming.remote.gprc.NamingPushRequestHandler
2026-01-30 22:04:28.161 [main] INFO  com.alibaba.nacos.common.remote.client - [86778259-6843-44b8-b945-6a02be3bf5e1] Try to connect to server on start up, server: {serverIp = '127.0.0.1', server main port = 8848}
2026-01-30 22:04:28.165 [main] INFO  c.a.nacos.common.remote.client.grpc.GrpcClient - grpc client connection server:127.0.0.1 ip,serverPort:9848,grpcTslConfig:{"sslProvider":"OPENSSL","enableTls":false,"mutualAuthEnable":false,"trustAll":false}
2026-01-30 22:04:29.409 [main] INFO  com.alibaba.nacos.common.remote.client - [86778259-6843-44b8-b945-6a02be3bf5e1] Success to connect to server [127.0.0.1:8848] on start up, connectionId = 1769832269115_127.0.0.1_43418
2026-01-30 22:04:29.411 [com.alibaba.nacos.client.remote.worker] INFO  com.alibaba.nacos.common.remote.client - [86778259-6843-44b8-b945-6a02be3bf5e1] Notify connected event to listeners.
2026-01-30 22:04:29.412 [com.alibaba.nacos.client.remote.worker] INFO  com.alibaba.nacos.client.naming - Grpc connection connect
2026-01-30 22:04:29.412 [main] INFO  com.alibaba.nacos.common.remote.client - [86778259-6843-44b8-b945-6a02be3bf5e1] Register server push request handler:com.alibaba.nacos.common.remote.client.RpcClient$ConnectResetRequestHandler
2026-01-30 22:04:29.413 [main] INFO  com.alibaba.nacos.common.remote.client - [86778259-6843-44b8-b945-6a02be3bf5e1] Register server push request handler:com.alibaba.nacos.common.remote.client.RpcClient$$Lambda$966/0x000001aeb8742bc8
2026-01-30 22:04:29.414 [main] INFO  com.alibaba.nacos.client.naming - [REGISTER-SERVICE] greennote registering service GreenNote-distributed-id-generator with instance Instance{instanceId='null', ip='10.141.154.27', port=8085, weight=1.0, healthy=true, enabled=true, ephemeral=true, clusterName='DEFAULT', serviceName='null', metadata={IPv6=null, preserved.register.source=SPRING_CLOUD}}
2026-01-30 22:04:29.448 [main] INFO  c.a.cloud.nacos.registry.NacosServiceRegistry - nacos registry, DEFAULT_GROUP GreenNote-distributed-id-generator 10.141.154.27:8085 register finished
2026-01-30 22:04:29.625 [main] INFO  c.e.g.d.i.g.b.GreenNoteDistributedGeneratorBizApplication - Started GreenNoteDistributedGeneratorBizApplication in 5.327 seconds (process running for 11.401)
2026-01-30 22:05:26.844 [check-idCache-thread] INFO  c.e.g.d.i.g.biz.core.segment.SegmentIDGenImpl - update cache from db
2026-01-30 22:05:26.849 [check-idCache-thread] INFO  org.perf4j.TimingLogger - start[1769832326844] time[5] tag[updateCacheFromDb]
2026-01-30 22:06:26.853 [check-idCache-thread] INFO  c.e.g.d.i.g.biz.core.segment.SegmentIDGenImpl - update cache from db
2026-01-30 22:06:26.857 [check-idCache-thread] INFO  org.perf4j.TimingLogger - start[1769832386853] time[3] tag[updateCacheFromDb]
2026-01-30 22:07:26.863 [check-idCache-thread] INFO  c.e.g.d.i.g.biz.core.segment.SegmentIDGenImpl - update cache from db
2026-01-30 22:07:26.866 [check-idCache-thread] INFO  org.perf4j.TimingLogger - start[1769832446863] time[2] tag[updateCacheFromDb]
2026-01-30 22:08:26.877 [check-idCache-thread] INFO  c.e.g.d.i.g.biz.core.segment.SegmentIDGenImpl - update cache from db
2026-01-30 22:08:26.879 [check-idCache-thread] INFO  org.perf4j.TimingLogger - start[1769832506877] time[2] tag[updateCacheFromDb]
2026-01-30 22:09:26.883 [check-idCache-thread] INFO  c.e.g.d.i.g.biz.core.segment.SegmentIDGenImpl - update cache from db
2026-01-30 22:09:26.886 [check-idCache-thread] INFO  org.perf4j.TimingLogger - start[1769832566884] time[2] tag[updateCacheFromDb]
2026-01-30 22:10:26.890 [check-idCache-thread] INFO  c.e.g.d.i.g.biz.core.segment.SegmentIDGenImpl - update cache from db
2026-01-30 22:10:26.892 [check-idCache-thread] INFO  org.perf4j.TimingLogger - start[1769832626891] time[2] tag[updateCacheFromDb]
2026-01-30 22:11:26.905 [check-idCache-thread] INFO  c.e.g.d.i.g.biz.core.segment.SegmentIDGenImpl - update cache from db
2026-01-30 22:11:26.907 [check-idCache-thread] INFO  org.perf4j.TimingLogger - start[1769832686905] time[2] tag[updateCacheFromDb]
2026-01-30 22:12:26.914 [check-idCache-thread] INFO  c.e.g.d.i.g.biz.core.segment.SegmentIDGenImpl - update cache from db
2026-01-30 22:12:26.916 [check-idCache-thread] INFO  org.perf4j.TimingLogger - start[1769832746914] time[1] tag[updateCacheFromDb]
2026-01-30 22:13:26.923 [check-idCache-thread] INFO  c.e.g.d.i.g.biz.core.segment.SegmentIDGenImpl - update cache from db
2026-01-30 22:13:26.924 [check-idCache-thread] INFO  org.perf4j.TimingLogger - start[1769832806923] time[1] tag[updateCacheFromDb]
2026-01-30 22:14:26.926 [check-idCache-thread] INFO  c.e.g.d.i.g.biz.core.segment.SegmentIDGenImpl - update cache from db
2026-01-30 22:14:26.927 [check-idCache-thread] INFO  org.perf4j.TimingLogger - start[1769832866926] time[1] tag[updateCacheFromDb]
2026-01-30 22:15:26.936 [check-idCache-thread] INFO  c.e.g.d.i.g.biz.core.segment.SegmentIDGenImpl - update cache from db
2026-01-30 22:15:26.937 [check-idCache-thread] INFO  org.perf4j.TimingLogger - start[1769832926936] time[1] tag[updateCacheFromDb]
2026-01-30 22:16:26.952 [check-idCache-thread] INFO  c.e.g.d.i.g.biz.core.segment.SegmentIDGenImpl - update cache from db
2026-01-30 22:16:26.954 [check-idCache-thread] INFO  org.perf4j.TimingLogger - start[1769832986952] time[1] tag[updateCacheFromDb]
2026-01-30 22:17:26.969 [check-idCache-thread] INFO  c.e.g.d.i.g.biz.core.segment.SegmentIDGenImpl - update cache from db
2026-01-30 22:17:26.970 [check-idCache-thread] INFO  org.perf4j.TimingLogger - start[1769833046969] time[1] tag[updateCacheFromDb]
2026-01-30 22:18:26.980 [check-idCache-thread] INFO  c.e.g.d.i.g.biz.core.segment.SegmentIDGenImpl - update cache from db
2026-01-30 22:18:26.983 [check-idCache-thread] INFO  org.perf4j.TimingLogger - start[1769833106980] time[2] tag[updateCacheFromDb]
2026-01-30 22:19:26.987 [check-idCache-thread] INFO  c.e.g.d.i.g.biz.core.segment.SegmentIDGenImpl - update cache from db
2026-01-30 22:19:26.989 [check-idCache-thread] INFO  org.perf4j.TimingLogger - start[1769833166987] time[2] tag[updateCacheFromDb]
2026-01-30 22:20:26.993 [check-idCache-thread] INFO  c.e.g.d.i.g.biz.core.segment.SegmentIDGenImpl - update cache from db
2026-01-30 22:20:26.995 [check-idCache-thread] INFO  c.e.g.d.i.g.biz.core.segment.SegmentIDGenImpl - Add tag leaf-segment-comment-id from db to IdCache, SegmentBuffer SegmentBuffer{key='leaf-segment-comment-id', segments=[Segment(value:0,max:0,step:0), Segment(value:0,max:0,step:0)], currentPos=0, nextReady=false, initOk=false, threadRunning=false, step=0, minStep=0, updateTimestamp=0}
2026-01-30 22:20:26.995 [check-idCache-thread] INFO  org.perf4j.TimingLogger - start[1769833226993] time[1] tag[updateCacheFromDb]
2026-01-30 22:21:27.005 [check-idCache-thread] INFO  c.e.g.d.i.g.biz.core.segment.SegmentIDGenImpl - update cache from db
2026-01-30 22:21:27.006 [check-idCache-thread] INFO  org.perf4j.TimingLogger - start[1769833287005] time[1] tag[updateCacheFromDb]
2026-01-30 22:22:27.009 [check-idCache-thread] INFO  c.e.g.d.i.g.biz.core.segment.SegmentIDGenImpl - update cache from db
2026-01-30 22:22:27.012 [check-idCache-thread] INFO  org.perf4j.TimingLogger - start[1769833347010] time[2] tag[updateCacheFromDb]
2026-01-30 22:23:27.017 [check-idCache-thread] INFO  c.e.g.d.i.g.biz.core.segment.SegmentIDGenImpl - update cache from db
2026-01-30 22:23:27.018 [check-idCache-thread] INFO  org.perf4j.TimingLogger - start[1769833407017] time[2] tag[updateCacheFromDb]
2026-01-30 22:24:27.025 [check-idCache-thread] INFO  c.e.g.d.i.g.biz.core.segment.SegmentIDGenImpl - update cache from db
2026-01-30 22:24:27.026 [check-idCache-thread] INFO  org.perf4j.TimingLogger - start[1769833467025] time[2] tag[updateCacheFromDb]
2026-01-30 22:25:27.033 [check-idCache-thread] INFO  c.e.g.d.i.g.biz.core.segment.SegmentIDGenImpl - update cache from db
2026-01-30 22:25:27.035 [check-idCache-thread] INFO  org.perf4j.TimingLogger - start[1769833527034] time[1] tag[updateCacheFromDb]
2026-01-30 22:26:27.050 [check-idCache-thread] INFO  c.e.g.d.i.g.biz.core.segment.SegmentIDGenImpl - update cache from db
2026-01-30 22:26:27.051 [check-idCache-thread] INFO  org.perf4j.TimingLogger - start[1769833587050] time[1] tag[updateCacheFromDb]
2026-01-30 22:27:27.058 [check-idCache-thread] INFO  c.e.g.d.i.g.biz.core.segment.SegmentIDGenImpl - update cache from db
2026-01-30 22:27:27.061 [check-idCache-thread] INFO  org.perf4j.TimingLogger - start[1769833647058] time[2] tag[updateCacheFromDb]
2026-01-30 22:28:27.062 [check-idCache-thread] INFO  c.e.g.d.i.g.biz.core.segment.SegmentIDGenImpl - update cache from db
2026-01-30 22:28:27.065 [check-idCache-thread] INFO  org.perf4j.TimingLogger - start[1769833707062] time[2] tag[updateCacheFromDb]
2026-01-30 22:29:27.067 [check-idCache-thread] INFO  c.e.g.d.i.g.biz.core.segment.SegmentIDGenImpl - update cache from db
2026-01-30 22:29:27.069 [check-idCache-thread] INFO  org.perf4j.TimingLogger - start[1769833767067] time[1] tag[updateCacheFromDb]
2026-01-30 22:30:27.075 [check-idCache-thread] INFO  c.e.g.d.i.g.biz.core.segment.SegmentIDGenImpl - update cache from db
2026-01-30 22:30:27.077 [check-idCache-thread] INFO  org.perf4j.TimingLogger - start[1769833827075] time[1] tag[updateCacheFromDb]
2026-01-30 22:31:27.088 [check-idCache-thread] INFO  c.e.g.d.i.g.biz.core.segment.SegmentIDGenImpl - update cache from db
2026-01-30 22:31:27.090 [check-idCache-thread] INFO  org.perf4j.TimingLogger - start[1769833887088] time[1] tag[updateCacheFromDb]
2026-01-30 22:32:27.103 [check-idCache-thread] INFO  c.e.g.d.i.g.biz.core.segment.SegmentIDGenImpl - update cache from db
2026-01-30 22:32:27.105 [check-idCache-thread] INFO  org.perf4j.TimingLogger - start[1769833947103] time[1] tag[updateCacheFromDb]
2026-01-30 22:33:27.118 [check-idCache-thread] INFO  c.e.g.d.i.g.biz.core.segment.SegmentIDGenImpl - update cache from db
2026-01-30 22:33:27.121 [check-idCache-thread] INFO  org.perf4j.TimingLogger - start[1769834007118] time[2] tag[updateCacheFromDb]
2026-01-30 22:34:27.123 [check-idCache-thread] INFO  c.e.g.d.i.g.biz.core.segment.SegmentIDGenImpl - update cache from db
2026-01-30 22:34:27.125 [check-idCache-thread] INFO  org.perf4j.TimingLogger - start[1769834067123] time[2] tag[updateCacheFromDb]
2026-01-30 22:35:27.132 [check-idCache-thread] INFO  c.e.g.d.i.g.biz.core.segment.SegmentIDGenImpl - update cache from db
2026-01-30 22:35:27.134 [check-idCache-thread] INFO  org.perf4j.TimingLogger - start[1769834127132] time[2] tag[updateCacheFromDb]
2026-01-30 22:36:27.136 [check-idCache-thread] INFO  c.e.g.d.i.g.biz.core.segment.SegmentIDGenImpl - update cache from db
2026-01-30 22:36:27.138 [check-idCache-thread] INFO  org.perf4j.TimingLogger - start[1769834187136] time[1] tag[updateCacheFromDb]
2026-01-30 22:37:27.145 [check-idCache-thread] INFO  c.e.g.d.i.g.biz.core.segment.SegmentIDGenImpl - update cache from db
2026-01-30 22:37:27.147 [check-idCache-thread] INFO  org.perf4j.TimingLogger - start[1769834247145] time[2] tag[updateCacheFromDb]
2026-01-30 22:38:27.150 [check-idCache-thread] INFO  c.e.g.d.i.g.biz.core.segment.SegmentIDGenImpl - update cache from db
2026-01-30 22:38:27.153 [check-idCache-thread] INFO  org.perf4j.TimingLogger - start[1769834307150] time[2] tag[updateCacheFromDb]
2026-01-30 22:39:27.160 [check-idCache-thread] INFO  c.e.g.d.i.g.biz.core.segment.SegmentIDGenImpl - update cache from db
2026-01-30 22:39:27.162 [check-idCache-thread] INFO  org.perf4j.TimingLogger - start[1769834367160] time[2] tag[updateCacheFromDb]
2026-01-30 22:39:55.954 [http-nio-8085-exec-1] INFO  o.a.c.core.ContainerBase.[Tomcat].[localhost].[/] - Initializing Spring DispatcherServlet 'dispatcherServlet'
2026-01-30 22:39:55.954 [http-nio-8085-exec-1] INFO  org.springframework.web.servlet.DispatcherServlet - Initializing Servlet 'dispatcherServlet'
2026-01-30 22:39:55.957 [http-nio-8085-exec-1] INFO  org.springframework.web.servlet.DispatcherServlet - Completed initialization in 3 ms
2026-01-30 22:39:56.005 [http-nio-8085-exec-1] INFO  org.perf4j.TimingLogger - start[1769834395987] time[18] tag[updateSegmentFromDb] message[leaf-segment-comment-id Segment(value:1,max:2001,step:2000)]
2026-01-30 22:39:56.005 [http-nio-8085-exec-1] INFO  c.e.g.d.i.g.biz.core.segment.SegmentIDGenImpl - Init buffer. Update leafkey leaf-segment-comment-id Segment(value:1,max:2001,step:2000) from db
2026-01-30 22:40:27.175 [check-idCache-thread] INFO  c.e.g.d.i.g.biz.core.segment.SegmentIDGenImpl - update cache from db
2026-01-30 22:40:27.176 [check-idCache-thread] INFO  org.perf4j.TimingLogger - start[1769834427175] time[1] tag[updateCacheFromDb]
2026-01-30 22:41:27.179 [check-idCache-thread] INFO  c.e.g.d.i.g.biz.core.segment.SegmentIDGenImpl - update cache from db
2026-01-30 22:41:27.180 [check-idCache-thread] INFO  org.perf4j.TimingLogger - start[1769834487179] time[1] tag[updateCacheFromDb]
2026-01-30 22:42:27.184 [check-idCache-thread] INFO  c.e.g.d.i.g.biz.core.segment.SegmentIDGenImpl - update cache from db
2026-01-30 22:42:27.186 [check-idCache-thread] INFO  org.perf4j.TimingLogger - start[1769834547184] time[2] tag[updateCacheFromDb]
2026-01-30 22:43:27.190 [check-idCache-thread] INFO  c.e.g.d.i.g.biz.core.segment.SegmentIDGenImpl - update cache from db
2026-01-30 22:43:27.192 [check-idCache-thread] INFO  org.perf4j.TimingLogger - start[1769834607190] time[1] tag[updateCacheFromDb]
2026-01-30 22:44:27.204 [check-idCache-thread] INFO  c.e.g.d.i.g.biz.core.segment.SegmentIDGenImpl - update cache from db
2026-01-30 22:44:27.206 [check-idCache-thread] INFO  org.perf4j.TimingLogger - start[1769834667204] time[1] tag[updateCacheFromDb]
2026-01-30 22:45:27.221 [check-idCache-thread] INFO  c.e.g.d.i.g.biz.core.segment.SegmentIDGenImpl - update cache from db
2026-01-30 22:45:27.224 [check-idCache-thread] INFO  org.perf4j.TimingLogger - start[1769834727221] time[2] tag[updateCacheFromDb]
2026-01-30 22:46:27.234 [check-idCache-thread] INFO  c.e.g.d.i.g.biz.core.segment.SegmentIDGenImpl - update cache from db
2026-01-30 22:46:27.243 [check-idCache-thread] INFO  org.perf4j.TimingLogger - start[1769834787234] time[9] tag[updateCacheFromDb]
2026-01-30 22:47:27.246 [check-idCache-thread] INFO  c.e.g.d.i.g.biz.core.segment.SegmentIDGenImpl - update cache from db
2026-01-30 22:47:27.248 [check-idCache-thread] INFO  org.perf4j.TimingLogger - start[1769834847246] time[1] tag[updateCacheFromDb]
2026-01-30 22:48:27.261 [check-idCache-thread] INFO  c.e.g.d.i.g.biz.core.segment.SegmentIDGenImpl - update cache from db
2026-01-30 22:48:27.262 [check-idCache-thread] INFO  org.perf4j.TimingLogger - start[1769834907261] time[1] tag[updateCacheFromDb]
2026-01-30 22:49:27.265 [check-idCache-thread] INFO  c.e.g.d.i.g.biz.core.segment.SegmentIDGenImpl - update cache from db
2026-01-30 22:49:27.267 [check-idCache-thread] INFO  org.perf4j.TimingLogger - start[1769834967265] time[2] tag[updateCacheFromDb]
2026-01-30 22:50:27.275 [check-idCache-thread] INFO  c.e.g.d.i.g.biz.core.segment.SegmentIDGenImpl - update cache from db
2026-01-30 22:50:27.277 [check-idCache-thread] INFO  org.perf4j.TimingLogger - start[1769835027275] time[1] tag[updateCacheFromDb]
2026-01-30 22:51:27.281 [check-idCache-thread] INFO  c.e.g.d.i.g.biz.core.segment.SegmentIDGenImpl - update cache from db
2026-01-30 22:51:27.283 [check-idCache-thread] INFO  org.perf4j.TimingLogger - start[1769835087281] time[1] tag[updateCacheFromDb]
2026-01-30 22:52:27.286 [check-idCache-thread] INFO  c.e.g.d.i.g.biz.core.segment.SegmentIDGenImpl - update cache from db
2026-01-30 22:52:27.288 [check-idCache-thread] INFO  org.perf4j.TimingLogger - start[1769835147286] time[2] tag[updateCacheFromDb]
2026-01-30 22:53:27.302 [check-idCache-thread] INFO  c.e.g.d.i.g.biz.core.segment.SegmentIDGenImpl - update cache from db
2026-01-30 22:53:27.303 [check-idCache-thread] INFO  org.perf4j.TimingLogger - start[1769835207302] time[2] tag[updateCacheFromDb]
2026-01-30 22:54:27.314 [check-idCache-thread] INFO  c.e.g.d.i.g.biz.core.segment.SegmentIDGenImpl - update cache from db
2026-01-30 22:54:27.315 [check-idCache-thread] INFO  org.perf4j.TimingLogger - start[1769835267314] time[1] tag[updateCacheFromDb]
2026-01-30 22:55:27.330 [check-idCache-thread] INFO  c.e.g.d.i.g.biz.core.segment.SegmentIDGenImpl - update cache from db
2026-01-30 22:55:27.331 [check-idCache-thread] INFO  org.perf4j.TimingLogger - start[1769835327330] time[1] tag[updateCacheFromDb]
2026-01-30 22:56:27.342 [check-idCache-thread] INFO  c.e.g.d.i.g.biz.core.segment.SegmentIDGenImpl - update cache from db
2026-01-30 22:56:27.344 [check-idCache-thread] INFO  org.perf4j.TimingLogger - start[1769835387342] time[1] tag[updateCacheFromDb]
2026-01-30 22:57:27.354 [check-idCache-thread] INFO  c.e.g.d.i.g.biz.core.segment.SegmentIDGenImpl - update cache from db
2026-01-30 22:57:27.356 [check-idCache-thread] INFO  org.perf4j.TimingLogger - start[1769835447354] time[1] tag[updateCacheFromDb]
2026-01-30 22:58:27.360 [check-idCache-thread] INFO  c.e.g.d.i.g.biz.core.segment.SegmentIDGenImpl - update cache from db
2026-01-30 22:58:27.362 [check-idCache-thread] INFO  org.perf4j.TimingLogger - start[1769835507360] time[1] tag[updateCacheFromDb]
2026-01-30 22:59:27.376 [check-idCache-thread] INFO  c.e.g.d.i.g.biz.core.segment.SegmentIDGenImpl - update cache from db
2026-01-30 22:59:27.378 [check-idCache-thread] INFO  org.perf4j.TimingLogger - start[1769835567376] time[1] tag[updateCacheFromDb]
2026-01-30 23:00:27.392 [check-idCache-thread] INFO  c.e.g.d.i.g.biz.core.segment.SegmentIDGenImpl - update cache from db
2026-01-30 23:00:27.394 [check-idCache-thread] INFO  org.perf4j.TimingLogger - start[1769835627392] time[1] tag[updateCacheFromDb]
2026-01-30 23:01:27.409 [check-idCache-thread] INFO  c.e.g.d.i.g.biz.core.segment.SegmentIDGenImpl - update cache from db
2026-01-30 23:01:27.411 [check-idCache-thread] INFO  org.perf4j.TimingLogger - start[1769835687409] time[2] tag[updateCacheFromDb]
2026-01-30 23:02:27.421 [check-idCache-thread] INFO  c.e.g.d.i.g.biz.core.segment.SegmentIDGenImpl - update cache from db
2026-01-30 23:02:27.423 [check-idCache-thread] INFO  org.perf4j.TimingLogger - start[1769835747421] time[1] tag[updateCacheFromDb]
2026-01-30 23:03:27.439 [check-idCache-thread] INFO  c.e.g.d.i.g.biz.core.segment.SegmentIDGenImpl - update cache from db
2026-01-30 23:03:27.441 [check-idCache-thread] INFO  org.perf4j.TimingLogger - start[1769835807439] time[1] tag[updateCacheFromDb]
2026-01-30 23:04:27.444 [check-idCache-thread] INFO  c.e.g.d.i.g.biz.core.segment.SegmentIDGenImpl - update cache from db
2026-01-30 23:04:27.446 [check-idCache-thread] INFO  org.perf4j.TimingLogger - start[1769835867444] time[1] tag[updateCacheFromDb]
2026-01-30 23:05:27.460 [check-idCache-thread] INFO  c.e.g.d.i.g.biz.core.segment.SegmentIDGenImpl - update cache from db
2026-01-30 23:05:27.463 [check-idCache-thread] INFO  org.perf4j.TimingLogger - start[1769835927460] time[3] tag[updateCacheFromDb]
2026-01-30 23:06:27.478 [check-idCache-thread] INFO  c.e.g.d.i.g.biz.core.segment.SegmentIDGenImpl - update cache from db
2026-01-30 23:06:27.480 [check-idCache-thread] INFO  org.perf4j.TimingLogger - start[1769835987478] time[2] tag[updateCacheFromDb]
2026-01-30 23:07:27.491 [check-idCache-thread] INFO  c.e.g.d.i.g.biz.core.segment.SegmentIDGenImpl - update cache from db
2026-01-30 23:07:27.494 [check-idCache-thread] INFO  org.perf4j.TimingLogger - start[1769836047491] time[3] tag[updateCacheFromDb]
2026-01-30 23:08:27.500 [check-idCache-thread] INFO  c.e.g.d.i.g.biz.core.segment.SegmentIDGenImpl - update cache from db
2026-01-30 23:08:27.501 [check-idCache-thread] INFO  org.perf4j.TimingLogger - start[1769836107500] time[1] tag[updateCacheFromDb]
2026-01-30 23:09:27.504 [check-idCache-thread] INFO  c.e.g.d.i.g.biz.core.segment.SegmentIDGenImpl - update cache from db
2026-01-30 23:09:27.507 [check-idCache-thread] INFO  org.perf4j.TimingLogger - start[1769836167505] time[1] tag[updateCacheFromDb]
2026-01-30 23:10:27.514 [check-idCache-thread] INFO  c.e.g.d.i.g.biz.core.segment.SegmentIDGenImpl - update cache from db
2026-01-30 23:10:27.516 [check-idCache-thread] INFO  org.perf4j.TimingLogger - start[1769836227514] time[1] tag[updateCacheFromDb]
2026-01-30 23:11:27.529 [check-idCache-thread] INFO  c.e.g.d.i.g.biz.core.segment.SegmentIDGenImpl - update cache from db
2026-01-30 23:11:27.532 [check-idCache-thread] INFO  org.perf4j.TimingLogger - start[1769836287529] time[2] tag[updateCacheFromDb]
2026-01-30 23:12:27.539 [check-idCache-thread] INFO  c.e.g.d.i.g.biz.core.segment.SegmentIDGenImpl - update cache from db
2026-01-30 23:12:27.541 [check-idCache-thread] INFO  org.perf4j.TimingLogger - start[1769836347539] time[1] tag[updateCacheFromDb]
2026-01-30 23:13:27.550 [check-idCache-thread] INFO  c.e.g.d.i.g.biz.core.segment.SegmentIDGenImpl - update cache from db
2026-01-30 23:13:27.552 [check-idCache-thread] INFO  org.perf4j.TimingLogger - start[1769836407550] time[1] tag[updateCacheFromDb]
2026-01-30 23:14:27.554 [check-idCache-thread] INFO  c.e.g.d.i.g.biz.core.segment.SegmentIDGenImpl - update cache from db
2026-01-30 23:14:27.555 [check-idCache-thread] INFO  org.perf4j.TimingLogger - start[1769836467554] time[1] tag[updateCacheFromDb]
2026-01-30 23:15:27.569 [check-idCache-thread] INFO  c.e.g.d.i.g.biz.core.segment.SegmentIDGenImpl - update cache from db
2026-01-30 23:15:27.569 [check-idCache-thread] INFO  org.perf4j.TimingLogger - start[1769836527569] time[1] tag[updateCacheFromDb]
2026-01-30 23:16:27.578 [check-idCache-thread] INFO  c.e.g.d.i.g.biz.core.segment.SegmentIDGenImpl - update cache from db
2026-01-30 23:16:27.580 [check-idCache-thread] INFO  org.perf4j.TimingLogger - start[1769836587578] time[1] tag[updateCacheFromDb]
2026-01-30 23:17:27.585 [check-idCache-thread] INFO  c.e.g.d.i.g.biz.core.segment.SegmentIDGenImpl - update cache from db
2026-01-30 23:17:27.586 [check-idCache-thread] INFO  org.perf4j.TimingLogger - start[1769836647585] time[1] tag[updateCacheFromDb]
2026-01-30 23:18:27.588 [check-idCache-thread] INFO  c.e.g.d.i.g.biz.core.segment.SegmentIDGenImpl - update cache from db
2026-01-30 23:18:27.591 [check-idCache-thread] INFO  org.perf4j.TimingLogger - start[1769836707588] time[2] tag[updateCacheFromDb]
2026-01-30 23:19:27.606 [check-idCache-thread] INFO  c.e.g.d.i.g.biz.core.segment.SegmentIDGenImpl - update cache from db
2026-01-30 23:19:27.607 [check-idCache-thread] INFO  org.perf4j.TimingLogger - start[1769836767606] time[1] tag[updateCacheFromDb]
2026-01-30 23:20:27.620 [check-idCache-thread] INFO  c.e.g.d.i.g.biz.core.segment.SegmentIDGenImpl - update cache from db
2026-01-30 23:20:27.622 [check-idCache-thread] INFO  org.perf4j.TimingLogger - start[1769836827620] time[2] tag[updateCacheFromDb]
2026-01-30 23:21:27.637 [check-idCache-thread] INFO  c.e.g.d.i.g.biz.core.segment.SegmentIDGenImpl - update cache from db
2026-01-30 23:21:27.638 [check-idCache-thread] INFO  org.perf4j.TimingLogger - start[1769836887637] time[1] tag[updateCacheFromDb]
2026-01-30 23:22:27.646 [check-idCache-thread] INFO  c.e.g.d.i.g.biz.core.segment.SegmentIDGenImpl - update cache from db
2026-01-30 23:22:27.649 [check-idCache-thread] INFO  org.perf4j.TimingLogger - start[1769836947646] time[2] tag[updateCacheFromDb]
2026-01-30 23:23:27.662 [check-idCache-thread] INFO  c.e.g.d.i.g.biz.core.segment.SegmentIDGenImpl - update cache from db
2026-01-30 23:23:27.665 [check-idCache-thread] INFO  org.perf4j.TimingLogger - start[1769837007662] time[2] tag[updateCacheFromDb]
2026-01-30 23:24:27.669 [check-idCache-thread] INFO  c.e.g.d.i.g.biz.core.segment.SegmentIDGenImpl - update cache from db
2026-01-30 23:24:27.674 [check-idCache-thread] INFO  org.perf4j.TimingLogger - start[1769837067671] time[2] tag[updateCacheFromDb]
2026-01-30 23:25:27.688 [check-idCache-thread] INFO  c.e.g.d.i.g.biz.core.segment.SegmentIDGenImpl - update cache from db
2026-01-30 23:25:27.690 [check-idCache-thread] INFO  org.perf4j.TimingLogger - start[1769837127688] time[1] tag[updateCacheFromDb]
2026-01-30 23:26:27.704 [check-idCache-thread] INFO  c.e.g.d.i.g.biz.core.segment.SegmentIDGenImpl - update cache from db
2026-01-30 23:26:27.705 [check-idCache-thread] INFO  org.perf4j.TimingLogger - start[1769837187704] time[1] tag[updateCacheFromDb]
2026-01-30 23:27:27.716 [check-idCache-thread] INFO  c.e.g.d.i.g.biz.core.segment.SegmentIDGenImpl - update cache from db
2026-01-30 23:27:27.718 [check-idCache-thread] INFO  org.perf4j.TimingLogger - start[1769837247716] time[2] tag[updateCacheFromDb]
2026-01-30 23:28:27.731 [check-idCache-thread] INFO  c.e.g.d.i.g.biz.core.segment.SegmentIDGenImpl - update cache from db
2026-01-30 23:28:27.733 [check-idCache-thread] INFO  org.perf4j.TimingLogger - start[1769837307731] time[1] tag[updateCacheFromDb]
2026-01-30 23:29:27.739 [check-idCache-thread] INFO  c.e.g.d.i.g.biz.core.segment.SegmentIDGenImpl - update cache from db
2026-01-30 23:29:27.742 [check-idCache-thread] INFO  org.perf4j.TimingLogger - start[1769837367740] time[2] tag[updateCacheFromDb]
2026-01-30 23:30:27.758 [check-idCache-thread] INFO  c.e.g.d.i.g.biz.core.segment.SegmentIDGenImpl - update cache from db
2026-01-30 23:30:27.761 [check-idCache-thread] INFO  org.perf4j.TimingLogger - start[1769837427758] time[2] tag[updateCacheFromDb]
2026-01-30 23:31:27.775 [check-idCache-thread] INFO  c.e.g.d.i.g.biz.core.segment.SegmentIDGenImpl - update cache from db
2026-01-30 23:31:27.778 [check-idCache-thread] INFO  org.perf4j.TimingLogger - start[1769837487775] time[3] tag[updateCacheFromDb]
2026-01-30 23:32:27.788 [check-idCache-thread] INFO  c.e.g.d.i.g.biz.core.segment.SegmentIDGenImpl - update cache from db
2026-01-30 23:32:27.791 [check-idCache-thread] INFO  org.perf4j.TimingLogger - start[1769837547788] time[2] tag[updateCacheFromDb]
2026-01-30 23:33:27.791 [check-idCache-thread] INFO  c.e.g.d.i.g.biz.core.segment.SegmentIDGenImpl - update cache from db
2026-01-30 23:33:27.793 [check-idCache-thread] INFO  org.perf4j.TimingLogger - start[1769837607792] time[1] tag[updateCacheFromDb]
2026-01-30 23:34:27.796 [check-idCache-thread] INFO  c.e.g.d.i.g.biz.core.segment.SegmentIDGenImpl - update cache from db
2026-01-30 23:34:27.798 [check-idCache-thread] INFO  org.perf4j.TimingLogger - start[1769837667796] time[1] tag[updateCacheFromDb]
2026-01-30 23:35:27.810 [check-idCache-thread] INFO  c.e.g.d.i.g.biz.core.segment.SegmentIDGenImpl - update cache from db
2026-01-30 23:35:27.811 [check-idCache-thread] INFO  org.perf4j.TimingLogger - start[1769837727810] time[1] tag[updateCacheFromDb]
2026-01-30 23:36:27.814 [check-idCache-thread] INFO  c.e.g.d.i.g.biz.core.segment.SegmentIDGenImpl - update cache from db
2026-01-30 23:36:27.816 [check-idCache-thread] INFO  org.perf4j.TimingLogger - start[1769837787814] time[1] tag[updateCacheFromDb]
2026-01-30 23:37:27.825 [check-idCache-thread] INFO  c.e.g.d.i.g.biz.core.segment.SegmentIDGenImpl - update cache from db
2026-01-30 23:37:27.827 [check-idCache-thread] INFO  org.perf4j.TimingLogger - start[1769837847825] time[1] tag[updateCacheFromDb]
2026-01-30 23:38:27.836 [check-idCache-thread] INFO  c.e.g.d.i.g.biz.core.segment.SegmentIDGenImpl - update cache from db
2026-01-30 23:38:27.843 [check-idCache-thread] INFO  org.perf4j.TimingLogger - start[1769837907836] time[6] tag[updateCacheFromDb]
2026-01-30 23:39:27.857 [check-idCache-thread] INFO  c.e.g.d.i.g.biz.core.segment.SegmentIDGenImpl - update cache from db
2026-01-30 23:39:27.859 [check-idCache-thread] INFO  org.perf4j.TimingLogger - start[1769837967857] time[2] tag[updateCacheFromDb]
2026-01-30 23:40:27.873 [check-idCache-thread] INFO  c.e.g.d.i.g.biz.core.segment.SegmentIDGenImpl - update cache from db
2026-01-30 23:40:27.875 [check-idCache-thread] INFO  org.perf4j.TimingLogger - start[1769838027873] time[1] tag[updateCacheFromDb]
2026-01-30 23:41:27.876 [check-idCache-thread] INFO  c.e.g.d.i.g.biz.core.segment.SegmentIDGenImpl - update cache from db
2026-01-30 23:41:27.877 [check-idCache-thread] INFO  org.perf4j.TimingLogger - start[1769838087876] time[1] tag[updateCacheFromDb]
2026-01-30 23:42:27.886 [check-idCache-thread] INFO  c.e.g.d.i.g.biz.core.segment.SegmentIDGenImpl - update cache from db
2026-01-30 23:42:27.888 [check-idCache-thread] INFO  org.perf4j.TimingLogger - start[1769838147886] time[1] tag[updateCacheFromDb]
2026-01-30 23:43:27.896 [check-idCache-thread] INFO  c.e.g.d.i.g.biz.core.segment.SegmentIDGenImpl - update cache from db
2026-01-30 23:43:27.898 [check-idCache-thread] INFO  org.perf4j.TimingLogger - start[1769838207896] time[1] tag[updateCacheFromDb]
2026-01-30 23:44:27.903 [check-idCache-thread] INFO  c.e.g.d.i.g.biz.core.segment.SegmentIDGenImpl - update cache from db
2026-01-30 23:44:27.905 [check-idCache-thread] INFO  org.perf4j.TimingLogger - start[1769838267903] time[1] tag[updateCacheFromDb]
2026-01-30 23:45:27.910 [check-idCache-thread] INFO  c.e.g.d.i.g.biz.core.segment.SegmentIDGenImpl - update cache from db
2026-01-30 23:45:27.912 [check-idCache-thread] INFO  org.perf4j.TimingLogger - start[1769838327910] time[1] tag[updateCacheFromDb]
2026-01-30 23:46:27.925 [check-idCache-thread] INFO  c.e.g.d.i.g.biz.core.segment.SegmentIDGenImpl - update cache from db
2026-01-30 23:46:27.927 [check-idCache-thread] INFO  org.perf4j.TimingLogger - start[1769838387925] time[2] tag[updateCacheFromDb]
2026-01-30 23:47:27.935 [check-idCache-thread] INFO  c.e.g.d.i.g.biz.core.segment.SegmentIDGenImpl - update cache from db
2026-01-30 23:47:27.939 [check-idCache-thread] INFO  org.perf4j.TimingLogger - start[1769838447935] time[3] tag[updateCacheFromDb]
2026-01-30 23:48:27.941 [check-idCache-thread] INFO  c.e.g.d.i.g.biz.core.segment.SegmentIDGenImpl - update cache from db
2026-01-30 23:48:27.942 [check-idCache-thread] INFO  org.perf4j.TimingLogger - start[1769838507941] time[2] tag[updateCacheFromDb]
2026-01-30 23:49:27.951 [check-idCache-thread] INFO  c.e.g.d.i.g.biz.core.segment.SegmentIDGenImpl - update cache from db
2026-01-30 23:49:27.954 [check-idCache-thread] INFO  org.perf4j.TimingLogger - start[1769838567951] time[3] tag[updateCacheFromDb]
2026-01-30 23:50:27.961 [check-idCache-thread] INFO  c.e.g.d.i.g.biz.core.segment.SegmentIDGenImpl - update cache from db
2026-01-30 23:50:27.963 [check-idCache-thread] INFO  org.perf4j.TimingLogger - start[1769838627961] time[1] tag[updateCacheFromDb]
2026-01-30 23:51:27.968 [check-idCache-thread] INFO  c.e.g.d.i.g.biz.core.segment.SegmentIDGenImpl - update cache from db
2026-01-30 23:51:27.970 [check-idCache-thread] INFO  org.perf4j.TimingLogger - start[1769838687968] time[1] tag[updateCacheFromDb]
2026-01-30 23:52:27.977 [check-idCache-thread] INFO  c.e.g.d.i.g.biz.core.segment.SegmentIDGenImpl - update cache from db
2026-01-30 23:52:27.978 [check-idCache-thread] INFO  org.perf4j.TimingLogger - start[1769838747977] time[1] tag[updateCacheFromDb]
2026-01-30 23:53:27.994 [check-idCache-thread] INFO  c.e.g.d.i.g.biz.core.segment.SegmentIDGenImpl - update cache from db
2026-01-30 23:53:27.996 [check-idCache-thread] INFO  org.perf4j.TimingLogger - start[1769838807994] time[1] tag[updateCacheFromDb]
2026-01-30 23:54:28.000 [check-idCache-thread] INFO  c.e.g.d.i.g.biz.core.segment.SegmentIDGenImpl - update cache from db
2026-01-30 23:54:28.001 [check-idCache-thread] INFO  org.perf4j.TimingLogger - start[1769838868000] time[1] tag[updateCacheFromDb]
2026-01-30 23:55:28.012 [check-idCache-thread] INFO  c.e.g.d.i.g.biz.core.segment.SegmentIDGenImpl - update cache from db
2026-01-30 23:55:28.013 [check-idCache-thread] INFO  org.perf4j.TimingLogger - start[1769838928012] time[1] tag[updateCacheFromDb]
2026-01-30 23:56:28.019 [check-idCache-thread] INFO  c.e.g.d.i.g.biz.core.segment.SegmentIDGenImpl - update cache from db
2026-01-30 23:56:28.020 [check-idCache-thread] INFO  org.perf4j.TimingLogger - start[1769838988019] time[1] tag[updateCacheFromDb]
2026-01-30 23:57:28.022 [check-idCache-thread] INFO  c.e.g.d.i.g.biz.core.segment.SegmentIDGenImpl - update cache from db
2026-01-30 23:57:28.023 [check-idCache-thread] INFO  org.perf4j.TimingLogger - start[1769839048022] time[1] tag[updateCacheFromDb]
2026-01-30 23:58:28.035 [check-idCache-thread] INFO  c.e.g.d.i.g.biz.core.segment.SegmentIDGenImpl - update cache from db
2026-01-30 23:58:28.036 [check-idCache-thread] INFO  org.perf4j.TimingLogger - start[1769839108035] time[2] tag[updateCacheFromDb]
2026-01-30 23:59:28.051 [check-idCache-thread] INFO  c.e.g.d.i.g.biz.core.segment.SegmentIDGenImpl - update cache from db
2026-01-30 23:59:28.053 [check-idCache-thread] INFO  org.perf4j.TimingLogger - start[1769839168051] time[1] tag[updateCacheFromDb]
