2025-11-20 13:53:08.227 [main] WARN  com.alibaba.nacos.client.logging.NacosLogging - Load Logback Configuration of Nacos fail, message: Could not initialize Logback Nacos logging from classpath:nacos-logback.xml
2025-11-20 13:53:08.340 [main] WARN  com.alibaba.nacos.client.logging.NacosLogging - Load Logback Configuration of Nacos fail, message: Could not initialize Logback Nacos logging from classpath:nacos-logback.xml
2025-11-20 13:53:09.193 [main] WARN  com.alibaba.nacos.client.logging.NacosLogging - Load Logback Configuration of Nacos fail, message: Could not initialize Logback Nacos logging from classpath:nacos-logback.xml
2025-11-20 13:53:09.216 [main] WARN  com.alibaba.nacos.client.logging.NacosLogging - Load Logback Configuration of Nacos fail, message: Could not initialize Logback Nacos logging from classpath:nacos-logback.xml
2025-11-20 13:53:09.218 [main] INFO  c.e.g.d.i.g.b.GreenNoteDistributedGeneratorBizApplication - The following 1 profile is active: "dev"
2025-11-20 13:53:10.079 [main] INFO  o.springframework.cloud.context.scope.GenericScope - BeanFactory id=ab990966-1602-3d9b-9f95-30e029a827d5
2025-11-20 13:53:10.450 [main] INFO  o.s.boot.web.embedded.tomcat.TomcatWebServer - Tomcat initialized with port(s): 8085 (http)
2025-11-20 13:53:10.466 [main] INFO  org.apache.catalina.core.StandardService - Starting service [Tomcat]
2025-11-20 13:53:10.467 [main] INFO  org.apache.catalina.core.StandardEngine - Starting Servlet engine: [Apache Tomcat/10.1.5]
2025-11-20 13:53:10.626 [main] INFO  o.a.c.core.ContainerBase.[Tomcat].[localhost].[/] - Initializing Spring embedded WebApplicationContext
2025-11-20 13:53:10.627 [main] INFO  o.s.b.w.s.c.ServletWebServerApplicationContext - Root WebApplicationContext: initialization completed in 1387 ms
2025-11-20 13:53:10.875 [main] INFO  com.alibaba.druid.pool.DruidDataSource - {dataSource-1} inited
2025-11-20 13:53:11.006 [main] INFO  c.e.g.d.i.g.biz.core.segment.SegmentIDGenImpl - Init ...
2025-11-20 13:53:11.007 [main] INFO  c.e.g.d.i.g.biz.core.segment.SegmentIDGenImpl - update cache from db
2025-11-20 13:53:11.369 [main] INFO  c.e.g.d.i.g.biz.core.segment.SegmentIDGenImpl - Add tag leaf-segment-test from db to IdCache, SegmentBuffer SegmentBuffer{key='leaf-segment-test', segments=[Segment(value:0,max:0,step:0), Segment(value:0,max:0,step:0)], currentPos=0, nextReady=false, initOk=false, threadRunning=false, step=0, minStep=0, updateTimestamp=0}
2025-11-20 13:53:11.369 [main] INFO  c.e.g.d.i.g.biz.core.segment.SegmentIDGenImpl - Add tag leaf-segment-greennote-id from db to IdCache, SegmentBuffer SegmentBuffer{key='leaf-segment-greennote-id', segments=[Segment(value:0,max:0,step:0), Segment(value:0,max:0,step:0)], currentPos=0, nextReady=false, initOk=false, threadRunning=false, step=0, minStep=0, updateTimestamp=0}
2025-11-20 13:53:11.369 [main] INFO  c.e.g.d.i.g.biz.core.segment.SegmentIDGenImpl - Add tag leaf-segment-user-id from db to IdCache, SegmentBuffer SegmentBuffer{key='leaf-segment-user-id', segments=[Segment(value:0,max:0,step:0), Segment(value:0,max:0,step:0)], currentPos=0, nextReady=false, initOk=false, threadRunning=false, step=0, minStep=0, updateTimestamp=0}
2025-11-20 13:53:11.369 [main] INFO  org.perf4j.TimingLogger - start[1763617991008] time[361] tag[updateCacheFromDb]
2025-11-20 13:53:11.371 [main] INFO  c.e.g.d.id.generator.biz.service.SegmentService - Segment Service Init Successfully
2025-11-20 13:53:11.397 [main] INFO  c.e.g.d.i.g.biz.core.snowflake.SnowflakeIDGenImpl - twepoch:1288834974657 ,ip:10.8.115.255 ,zkAddress:127.0.0.1:2181 port:2222
2025-11-20 13:53:11.538 [main] WARN  org.apache.curator.CuratorZookeeperClient - session timeout [6000] is less than connection timeout [10000]
2025-11-20 13:53:11.566 [main] INFO  o.a.curator.framework.imps.CuratorFrameworkImpl - Starting
2025-11-20 13:53:11.578 [main] INFO  org.apache.zookeeper.ZooKeeper - Client environment:zookeeper.version=3.6.0--b4c89dc7f6083829e18fae6e446907ae0b1f22d7, built on 02/25/2020 14:38 GMT
2025-11-20 13:53:11.579 [main] INFO  org.apache.zookeeper.ZooKeeper - Client environment:host.name=LAPTOP-M8MN7LA9
2025-11-20 13:53:11.579 [main] INFO  org.apache.zookeeper.ZooKeeper - Client environment:java.version=17.0.16
2025-11-20 13:53:11.579 [main] INFO  org.apache.zookeeper.ZooKeeper - Client environment:java.vendor=Oracle Corporation
2025-11-20 13:53:11.579 [main] INFO  org.apache.zookeeper.ZooKeeper - Client environment:java.home=C:\Program Files\Java\jdk-17
2025-11-20 13:53:11.579 [main] INFO  org.apache.zookeeper.ZooKeeper - Client environment:java.class.path=C:\Users\12482\IdeaProjects\GreenNote\GreenNote-disreibuted-id-generator\GreenNote-distributed-id-generator-biz\target\classes;C:\Users\12482\IdeaProjects\GreenNote\GreenNote-framework\GreenNote-common\target\classes;C:\Maven\repository\org\projectlombok\lombok\1.18.30\lombok-1.18.30.jar;C:\Maven\repository\com\fasterxml\jackson\core\jackson-databind\2.16.1\jackson-databind-2.16.1.jar;C:\Maven\repository\com\fasterxml\jackson\core\jackson-annotations\2.14.1\jackson-annotations-2.14.1.jar;C:\Maven\repository\com\fasterxml\jackson\core\jackson-core\2.16.1\jackson-core-2.16.1.jar;C:\Maven\repository\com\fasterxml\jackson\datatype\jackson-datatype-jsr310\2.14.1\jackson-datatype-jsr310-2.14.1.jar;C:\Maven\repository\jakarta\validation\jakarta.validation-api\3.0.2\jakarta.validation-api-3.0.2.jar;C:\Maven\repository\org\hibernate\validator\hibernate-validator\8.0.0.Final\hibernate-validator-8.0.0.Final.jar;C:\Maven\repository\org\jboss\logging\jboss-logging\3.5.0.Final\jboss-logging-3.5.0.Final.jar;C:\Maven\repository\com\fasterxml\classmate\1.5.1\classmate-1.5.1.jar;C:\Maven\repository\com\google\guava\guava\33.0.0-jre\guava-33.0.0-jre.jar;C:\Maven\repository\com\google\guava\failureaccess\1.0.2\failureaccess-1.0.2.jar;C:\Maven\repository\com\google\guava\listenablefuture\9999.0-empty-to-avoid-conflict-with-guava\listenablefuture-9999.0-empty-to-avoid-conflict-with-guava.jar;C:\Maven\repository\com\google\code\findbugs\jsr305\3.0.2\jsr305-3.0.2.jar;C:\Maven\repository\org\checkerframework\checker-qual\3.41.0\checker-qual-3.41.0.jar;C:\Maven\repository\com\google\errorprone\error_prone_annotations\2.23.0\error_prone_annotations-2.23.0.jar;C:\Maven\repository\com\google\j2objc\j2objc-annotations\2.8\j2objc-annotations-2.8.jar;C:\Maven\repository\cn\hutool\hutool-all\5.8.26\hutool-all-5.8.26.jar;C:\Maven\repository\org\apache\commons\commons-lang3\3.12.0\commons-lang3-3.12.0.jar;C:\Maven\repository\org\springframework\boot\spring-boot-starter-web\3.0.2\spring-boot-starter-web-3.0.2.jar;C:\Maven\repository\org\springframework\boot\spring-boot-starter\3.0.2\spring-boot-starter-3.0.2.jar;C:\Maven\repository\org\springframework\boot\spring-boot\3.0.2\spring-boot-3.0.2.jar;C:\Maven\repository\org\springframework\boot\spring-boot-autoconfigure\3.0.2\spring-boot-autoconfigure-3.0.2.jar;C:\Maven\repository\org\springframework\boot\spring-boot-starter-logging\3.0.2\spring-boot-starter-logging-3.0.2.jar;C:\Maven\repository\ch\qos\logback\logback-classic\1.4.5\logback-classic-1.4.5.jar;C:\Maven\repository\ch\qos\logback\logback-core\1.4.5\logback-core-1.4.5.jar;C:\Maven\repository\org\apache\logging\log4j\log4j-to-slf4j\2.19.0\log4j-to-slf4j-2.19.0.jar;C:\Maven\repository\org\apache\logging\log4j\log4j-api\2.19.0\log4j-api-2.19.0.jar;C:\Maven\repository\org\slf4j\jul-to-slf4j\2.0.6\jul-to-slf4j-2.0.6.jar;C:\Maven\repository\jakarta\annotation\jakarta.annotation-api\2.1.1\jakarta.annotation-api-2.1.1.jar;C:\Maven\repository\org\yaml\snakeyaml\1.33\snakeyaml-1.33.jar;C:\Maven\repository\org\springframework\boot\spring-boot-starter-json\3.0.2\spring-boot-starter-json-3.0.2.jar;C:\Maven\repository\com\fasterxml\jackson\datatype\jackson-datatype-jdk8\2.14.1\jackson-datatype-jdk8-2.14.1.jar;C:\Maven\repository\com\fasterxml\jackson\module\jackson-module-parameter-names\2.14.1\jackson-module-parameter-names-2.14.1.jar;C:\Maven\repository\org\springframework\boot\spring-boot-starter-tomcat\3.0.2\spring-boot-starter-tomcat-3.0.2.jar;C:\Maven\repository\org\apache\tomcat\embed\tomcat-embed-core\10.1.5\tomcat-embed-core-10.1.5.jar;C:\Maven\repository\org\apache\tomcat\embed\tomcat-embed-el\10.1.5\tomcat-embed-el-10.1.5.jar;C:\Maven\repository\org\apache\tomcat\embed\tomcat-embed-websocket\10.1.5\tomcat-embed-websocket-10.1.5.jar;C:\Maven\repository\org\springframework\spring-web\6.0.4\spring-web-6.0.4.jar;C:\Maven\repository\org\springframework\spring-beans\6.0.4\spring-beans-6.0.4.jar;C:\Maven\repository\io\micrometer\micrometer-observation\1.10.3\micrometer-observation-1.10.3.jar;C:\Maven\repository\io\micrometer\micrometer-commons\1.10.3\micrometer-commons-1.10.3.jar;C:\Maven\repository\org\springframework\spring-webmvc\6.0.4\spring-webmvc-6.0.4.jar;C:\Maven\repository\org\springframework\spring-aop\6.0.4\spring-aop-6.0.4.jar;C:\Maven\repository\org\springframework\spring-context\6.0.4\spring-context-6.0.4.jar;C:\Maven\repository\org\springframework\spring-expression\6.0.4\spring-expression-6.0.4.jar;C:\Maven\repository\org\slf4j\slf4j-api\2.0.6\slf4j-api-2.0.6.jar;C:\Maven\repository\org\springframework\spring-core\6.0.4\spring-core-6.0.4.jar;C:\Maven\repository\org\springframework\spring-jcl\6.0.4\spring-jcl-6.0.4.jar;C:\Maven\repository\org\springframework\cloud\spring-cloud-starter-bootstrap\4.0.0\spring-cloud-starter-bootstrap-4.0.0.jar;C:\Maven\repository\org\springframework\cloud\spring-cloud-starter\4.0.0\spring-cloud-starter-4.0.0.jar;C:\Maven\repository\org\springframework\security\spring-security-rsa\1.0.11.RELEASE\spring-security-rsa-1.0.11.RELEASE.jar;C:\Maven\repository\org\bouncycastle\bcpkix-jdk15on\1.69\bcpkix-jdk15on-1.69.jar;C:\Maven\repository\org\bouncycastle\bcprov-jdk15on\1.69\bcprov-jdk15on-1.69.jar;C:\Maven\repository\org\bouncycastle\bcutil-jdk15on\1.69\bcutil-jdk15on-1.69.jar;C:\Maven\repository\com\alibaba\cloud\spring-cloud-starter-alibaba-nacos-discovery\2022.0.0.0\spring-cloud-starter-alibaba-nacos-discovery-2022.0.0.0.jar;C:\Maven\repository\com\alibaba\cloud\spring-cloud-alibaba-commons\2022.0.0.0\spring-cloud-alibaba-commons-2022.0.0.0.jar;C:\Maven\repository\com\alibaba\nacos\nacos-client\2.2.1\nacos-client-2.2.1.jar;C:\Maven\repository\com\alibaba\nacos\nacos-auth-plugin\2.2.1\nacos-auth-plugin-2.2.1.jar;C:\Maven\repository\com\alibaba\nacos\nacos-encryption-plugin\2.2.1\nacos-encryption-plugin-2.2.1.jar;C:\Maven\repository\commons-codec\commons-codec\1.15\commons-codec-1.15.jar;C:\Maven\repository\org\apache\httpcomponents\httpasyncclient\4.1.5\httpasyncclient-4.1.5.jar;C:\Maven\repository\org\apache\httpcomponents\httpcore\4.4.16\httpcore-4.4.16.jar;C:\Maven\repository\org\apache\httpcomponents\httpcore-nio\4.4.16\httpcore-nio-4.4.16.jar;C:\Maven\repository\org\apache\httpcomponents\httpclient\4.5.14\httpclient-4.5.14.jar;C:\Maven\repository\io\prometheus\simpleclient\0.16.0\simpleclient-0.16.0.jar;C:\Maven\repository\io\prometheus\simpleclient_tracer_otel\0.16.0\simpleclient_tracer_otel-0.16.0.jar;C:\Maven\repository\io\prometheus\simpleclient_tracer_common\0.16.0\simpleclient_tracer_common-0.16.0.jar;C:\Maven\repository\io\prometheus\simpleclient_tracer_otel_agent\0.16.0\simpleclient_tracer_otel_agent-0.16.0.jar;C:\Maven\repository\com\alibaba\spring\spring-context-support\1.0.11\spring-context-support-1.0.11.jar;C:\Maven\repository\org\springframework\cloud\spring-cloud-commons\4.0.0\spring-cloud-commons-4.0.0.jar;C:\Maven\repository\org\springframework\security\spring-security-crypto\6.0.1\spring-security-crypto-6.0.1.jar;C:\Maven\repository\org\springframework\cloud\spring-cloud-context\4.0.0\spring-cloud-context-4.0.0.jar;C:\Maven\repository\commons-io\commons-io\2.4\commons-io-2.4.jar;C:\Maven\repository\org\perf4j\perf4j\0.9.16\perf4j-0.9.16.jar;C:\Maven\repository\mysql\mysql-connector-java\8.0.29\mysql-connector-java-8.0.29.jar;C:\Maven\repository\com\google\protobuf\protobuf-java\3.19.4\protobuf-java-3.19.4.jar;C:\Maven\repository\com\alibaba\druid\1.0.18\druid-1.0.18.jar;C:\Maven\repository\org\mybatis\mybatis\3.3.0\mybatis-3.3.0.jar;C:\Maven\repository\org\apache\curator\curator-recipes\2.6.0\curator-recipes-2.6.0.jar;C:\Maven\repository\org\apache\curator\curator-framework\5.1.0\curator-framework-5.1.0.jar;C:\Maven\repository\org\apache\curator\curator-client\5.1.0\curator-client-5.1.0.jar;C:\Maven\repository\org\apache\zookeeper\zookeeper\3.6.0\zookeeper-3.6.0.jar;C:\Maven\repository\commons-lang\commons-lang\2.6\commons-lang-2.6.jar;C:\Maven\repository\org\apache\zookeeper\zookeeper-jute\3.6.0\zookeeper-jute-3.6.0.jar;C:\Maven\repository\org\apache\yetus\audience-annotations\0.5.0\audience-annotations-0.5.0.jar;C:\Maven\repository\io\netty\netty-handler\4.1.87.Final\netty-handler-4.1.87.Final.jar;C:\Maven\repository\io\netty\netty-common\4.1.87.Final\netty-common-4.1.87.Final.jar;C:\Maven\repository\io\netty\netty-resolver\4.1.87.Final\netty-resolver-4.1.87.Final.jar;C:\Maven\repository\io\netty\netty-buffer\4.1.87.Final\netty-buffer-4.1.87.Final.jar;C:\Maven\repository\io\netty\netty-transport\4.1.87.Final\netty-transport-4.1.87.Final.jar;C:\Maven\repository\io\netty\netty-transport-native-unix-common\4.1.87.Final\netty-transport-native-unix-common-4.1.87.Final.jar;C:\Maven\repository\io\netty\netty-codec\4.1.87.Final\netty-codec-4.1.87.Final.jar;C:\Maven\repository\io\netty\netty-transport-native-epoll\4.1.87.Final\netty-transport-native-epoll-4.1.87.Final.jar;C:\Maven\repository\io\netty\netty-transport-classes-epoll\4.1.87.Final\netty-transport-classes-epoll-4.1.87.Final.jar
2025-11-20 13:53:11.579 [main] INFO  org.apache.zookeeper.ZooKeeper - Client environment:java.library.path=C:\Program Files\Java\jdk-17\bin;C:\WINDOWS\Sun\Java\bin;C:\WINDOWS\system32;C:\WINDOWS;C:\Program Files\Eclipse Adoptium\jdk-17.0.16.8-hotspot\bin;C:\Users\12482\AppData\Local\Programs\Python\Python313\Scripts\;C:\Users\12482\AppData\Local\Programs\Python\Python313\;C:\Program Files (x86)\Common Files\Oracle\Java\javapath;C:\WINDOWS\system32;C:\WINDOWS;C:\WINDOWS\System32\Wbem;C:\WINDOWS\System32\WindowsPowerShell\v1.0\;C:\WINDOWS\System32\OpenSSH\;C:\Program Files (x86)\NVIDIA Corporation\PhysX\Common;C:\Program Files\NVIDIA Corporation\NVIDIA NvDLISR;C:\Users\12482\jdk-24\bin;C:\Users\12482\jdk-24\bin;C:\Program Files\Git\cmd;C:\Program Files\dotnet\;C:\Program Files (x86)\cloudflared\;C:\Program Files\Docker\Docker\resources\bin;C:\Maven\apache-maven-3.9.11\bin;C:\Program Files\nodejs\;C:\ProgramData\chocolatey\bin;c:\Users\12482\AppData\Local\Programs\cursor\resources\app\codeBin;C:\Users\12482\AppData\Local\Programs\Python\Python313\Scripts\;C:\Users\12482\AppData\Local\Programs\Python\Python313\;C:\Users\12482\AppData\Local\Programs\Python\Python39\Scripts\;C:\Users\12482\AppData\Local\Programs\Python\Python39\;C:\Users\12482\AppData\Local\Microsoft\WindowsApps;;C:\Users\12482\AppData\Local\Programs\Fiddler;C:\Program Files\JetBrains\IntelliJ IDEA 2025.2.1\bin;C:\Users\12482\AppData\Local\Programs\Microsoft VS Code\bin;C:\Users\12482\AppData\Local\Microsoft\WindowsApps;C:\Users\12482\AppData\Local\Programs\cursor\resources\app\bin;C:\Users\12482\AppData\Roaming\npm;C:\Program Files\JetBrains\PyCharm 2025.2.2\bin;.
2025-11-20 13:53:11.579 [main] INFO  org.apache.zookeeper.ZooKeeper - Client environment:java.io.tmpdir=C:\Users\12482\AppData\Local\Temp\
2025-11-20 13:53:11.579 [main] INFO  org.apache.zookeeper.ZooKeeper - Client environment:java.compiler=<NA>
2025-11-20 13:53:11.580 [main] INFO  org.apache.zookeeper.ZooKeeper - Client environment:os.name=Windows 11
2025-11-20 13:53:11.580 [main] INFO  org.apache.zookeeper.ZooKeeper - Client environment:os.arch=amd64
2025-11-20 13:53:11.580 [main] INFO  org.apache.zookeeper.ZooKeeper - Client environment:os.version=10.0
2025-11-20 13:53:11.580 [main] INFO  org.apache.zookeeper.ZooKeeper - Client environment:user.name=12482
2025-11-20 13:53:11.580 [main] INFO  org.apache.zookeeper.ZooKeeper - Client environment:user.home=C:\Users\12482
2025-11-20 13:53:11.580 [main] INFO  org.apache.zookeeper.ZooKeeper - Client environment:user.dir=C:\Users\12482\IdeaProjects\GreenNote
2025-11-20 13:53:11.580 [main] INFO  org.apache.zookeeper.ZooKeeper - Client environment:os.memory.free=54MB
2025-11-20 13:53:11.580 [main] INFO  org.apache.zookeeper.ZooKeeper - Client environment:os.memory.max=8012MB
2025-11-20 13:53:11.580 [main] INFO  org.apache.zookeeper.ZooKeeper - Client environment:os.memory.total=80MB
2025-11-20 13:53:11.587 [main] INFO  org.apache.zookeeper.ZooKeeper - Initiating client connection, connectString=127.0.0.1:2181 sessionTimeout=6000 watcher=org.apache.curator.ConnectionState@740a0d5e
2025-11-20 13:53:11.596 [main] INFO  org.apache.zookeeper.common.X509Util - Setting -D jdk.tls.rejectClientInitiatedRenegotiation=true to disable client-initiated TLS renegotiation
2025-11-20 13:53:11.619 [main] INFO  org.apache.zookeeper.ClientCnxnSocket - jute.maxbuffer value is 1048575 Bytes
2025-11-20 13:53:11.630 [main] INFO  org.apache.zookeeper.ClientCnxn - zookeeper.request.timeout value is 0. feature enabled=false
2025-11-20 13:53:11.642 [main-SendThread(127.0.0.1:2181)] INFO  org.apache.zookeeper.ClientCnxn - Opening socket connection to server kubernetes.docker.internal/127.0.0.1:2181.
2025-11-20 13:53:11.642 [main-SendThread(127.0.0.1:2181)] INFO  org.apache.zookeeper.ClientCnxn - SASL config status: Will not attempt to authenticate using SASL (unknown error)
2025-11-20 13:53:11.647 [main-SendThread(127.0.0.1:2181)] INFO  org.apache.zookeeper.ClientCnxn - Socket connection established, initiating session, client: /127.0.0.1:1028, server: kubernetes.docker.internal/127.0.0.1:2181
2025-11-20 13:53:11.648 [main] INFO  o.a.curator.framework.imps.CuratorFrameworkImpl - Default schema
2025-11-20 13:53:11.841 [main-SendThread(127.0.0.1:2181)] INFO  org.apache.zookeeper.ClientCnxn - Session establishment complete on server kubernetes.docker.internal/127.0.0.1:2181, session id = 0x100000492890026, negotiated timeout = 6000
2025-11-20 13:53:11.850 [main-EventThread] INFO  o.a.curator.framework.state.ConnectionStateManager - State change: CONNECTED
2025-11-20 13:53:11.887 [main-EventThread] INFO  org.apache.curator.framework.imps.EnsembleTracker - New config event received: {}
2025-11-20 13:53:11.887 [main-EventThread] INFO  org.apache.curator.framework.imps.EnsembleTracker - New config event received: {}
2025-11-20 13:53:12.003 [main] INFO  c.e.g.d.i.g.b.c.snowflake.SnowflakeZookeeperHolder - file exists status is false
2025-11-20 13:53:12.004 [main] INFO  c.e.g.d.i.g.b.c.snowflake.SnowflakeZookeeperHolder - init local file cache create parent dis status is false, worker id is 1
2025-11-20 13:53:12.004 [main] WARN  c.e.g.d.i.g.b.c.snowflake.SnowflakeZookeeperHolder - create parent dir error===
2025-11-20 13:53:12.004 [main] INFO  c.e.g.d.i.g.b.c.snowflake.SnowflakeZookeeperHolder - [Old NODE]find forever node have this endpoint ip-10.8.115.255 port-2222 workid-1 childnode and start SUCCESS
2025-11-20 13:53:12.004 [main] INFO  c.e.g.d.i.g.biz.core.snowflake.SnowflakeIDGenImpl - START SUCCESS USE ZK WORKERID-1
2025-11-20 13:53:12.004 [main] INFO  c.e.g.d.id.generator.biz.service.SnowflakeService - Snowflake Service Init Successfully
2025-11-20 13:53:13.478 [main] INFO  o.s.boot.web.embedded.tomcat.TomcatWebServer - Tomcat started on port(s): 8085 (http) with context path ''
2025-11-20 13:53:13.488 [main] WARN  com.alibaba.nacos.client.logging.NacosLogging - Load Logback Configuration of Nacos fail, message: Could not initialize Logback Nacos logging from classpath:nacos-logback.xml
2025-11-20 13:53:13.488 [main] INFO  com.alibaba.nacos.client.naming - initializer namespace from ans.namespace attribute : null
2025-11-20 13:53:13.489 [main] INFO  com.alibaba.nacos.client.naming - initializer namespace from ALIBABA_ALIWARE_NAMESPACE attribute :null
2025-11-20 13:53:13.490 [main] INFO  com.alibaba.nacos.client.naming - initializer namespace from namespace attribute :null
2025-11-20 13:53:13.532 [main] INFO  com.alibaba.nacos.client.utils.ParamUtil - [settings] [req-serv] nacos-server port:8848
2025-11-20 13:53:13.532 [main] INFO  com.alibaba.nacos.client.utils.ParamUtil - [settings] [http-client] connect timeout:1000
2025-11-20 13:53:13.533 [main] INFO  com.alibaba.nacos.client.utils.ParamUtil - PER_TASK_CONFIG_SIZE: 3000.0
2025-11-20 13:53:13.541 [main] INFO  c.a.n.p.auth.spi.client.ClientAuthPluginManager - [ClientAuthPluginManager] Load ClientAuthService com.alibaba.nacos.client.auth.impl.NacosClientAuthServiceImpl success.
2025-11-20 13:53:13.541 [main] INFO  c.a.n.p.auth.spi.client.ClientAuthPluginManager - [ClientAuthPluginManager] Load ClientAuthService com.alibaba.nacos.client.auth.ram.RamClientAuthServiceImpl success.
2025-11-20 13:53:13.546 [main] INFO  c.a.n.client.auth.ram.identify.CredentialWatcher - null No credential found
2025-11-20 13:53:13.560 [main] INFO  com.alibaba.nacos.common.remote.client - [RpcClientFactory] create a new rpc client of e87f816c-c446-4dc4-910c-332c30c268fd
2025-11-20 13:53:13.603 [main] INFO  com.alibaba.nacos.common.remote.client - [e87f816c-c446-4dc4-910c-332c30c268fd] RpcClient init, ServerListFactory = com.alibaba.nacos.client.naming.core.ServerListManager
2025-11-20 13:53:13.603 [main] INFO  com.alibaba.nacos.common.remote.client - [e87f816c-c446-4dc4-910c-332c30c268fd] Registry connection listener to current client:com.alibaba.nacos.client.naming.remote.gprc.redo.NamingGrpcRedoService
2025-11-20 13:53:13.604 [main] INFO  com.alibaba.nacos.common.remote.client - [e87f816c-c446-4dc4-910c-332c30c268fd] Register server push request handler:com.alibaba.nacos.client.naming.remote.gprc.NamingPushRequestHandler
2025-11-20 13:53:13.608 [main] INFO  com.alibaba.nacos.common.remote.client - [e87f816c-c446-4dc4-910c-332c30c268fd] Try to connect to server on start up, server: {serverIp = '127.0.0.1', server main port = 8848}
2025-11-20 13:53:13.614 [main] INFO  c.a.nacos.common.remote.client.grpc.GrpcClient - grpc client connection server:127.0.0.1 ip,serverPort:9848,grpcTslConfig:{"sslProvider":"OPENSSL","enableTls":false,"mutualAuthEnable":false,"trustAll":false}
2025-11-20 13:53:15.354 [main] INFO  com.alibaba.nacos.common.remote.client - [e87f816c-c446-4dc4-910c-332c30c268fd] Success to connect to server [127.0.0.1:8848] on start up, connectionId = 1763617995076_127.0.0.1_1040
2025-11-20 13:53:15.357 [com.alibaba.nacos.client.remote.worker] INFO  com.alibaba.nacos.common.remote.client - [e87f816c-c446-4dc4-910c-332c30c268fd] Notify connected event to listeners.
2025-11-20 13:53:15.357 [com.alibaba.nacos.client.remote.worker] INFO  com.alibaba.nacos.client.naming - Grpc connection connect
2025-11-20 13:53:15.357 [main] INFO  com.alibaba.nacos.common.remote.client - [e87f816c-c446-4dc4-910c-332c30c268fd] Register server push request handler:com.alibaba.nacos.common.remote.client.RpcClient$ConnectResetRequestHandler
2025-11-20 13:53:15.358 [main] INFO  com.alibaba.nacos.common.remote.client - [e87f816c-c446-4dc4-910c-332c30c268fd] Register server push request handler:com.alibaba.nacos.common.remote.client.RpcClient$$Lambda$965/0x000002401771fa40
2025-11-20 13:53:15.360 [main] INFO  com.alibaba.nacos.client.naming - [REGISTER-SERVICE] greennote registering service GreenNote-distributed-id-generator with instance Instance{instanceId='null', ip='10.8.115.255', port=8085, weight=1.0, healthy=true, enabled=true, ephemeral=true, clusterName='DEFAULT', serviceName='null', metadata={IPv6=null, preserved.register.source=SPRING_CLOUD}}
2025-11-20 13:53:15.383 [main] INFO  c.a.cloud.nacos.registry.NacosServiceRegistry - nacos registry, DEFAULT_GROUP GreenNote-distributed-id-generator 10.8.115.255:8085 register finished
2025-11-20 13:53:15.659 [main] INFO  c.e.g.d.i.g.b.GreenNoteDistributedGeneratorBizApplication - Started GreenNoteDistributedGeneratorBizApplication in 8.695 seconds (process running for 10.296)
2025-11-20 13:54:11.380 [check-idCache-thread] INFO  c.e.g.d.i.g.biz.core.segment.SegmentIDGenImpl - update cache from db
2025-11-20 13:54:11.388 [check-idCache-thread] INFO  org.perf4j.TimingLogger - start[1763618051381] time[7] tag[updateCacheFromDb]
2025-11-20 13:55:11.400 [check-idCache-thread] INFO  c.e.g.d.i.g.biz.core.segment.SegmentIDGenImpl - update cache from db
2025-11-20 13:55:11.404 [check-idCache-thread] INFO  org.perf4j.TimingLogger - start[1763618111401] time[3] tag[updateCacheFromDb]
2025-11-20 13:55:26.738 [http-nio-8085-exec-1] INFO  o.a.c.core.ContainerBase.[Tomcat].[localhost].[/] - Initializing Spring DispatcherServlet 'dispatcherServlet'
2025-11-20 13:55:26.738 [http-nio-8085-exec-1] INFO  org.springframework.web.servlet.DispatcherServlet - Initializing Servlet 'dispatcherServlet'
2025-11-20 13:55:26.751 [http-nio-8085-exec-1] INFO  org.springframework.web.servlet.DispatcherServlet - Completed initialization in 10 ms
2025-11-20 13:56:11.405 [check-idCache-thread] INFO  c.e.g.d.i.g.biz.core.segment.SegmentIDGenImpl - update cache from db
2025-11-20 13:56:11.409 [check-idCache-thread] INFO  org.perf4j.TimingLogger - start[1763618171405] time[3] tag[updateCacheFromDb]
2025-11-20 13:57:11.412 [check-idCache-thread] INFO  c.e.g.d.i.g.biz.core.segment.SegmentIDGenImpl - update cache from db
2025-11-20 13:57:11.416 [check-idCache-thread] INFO  org.perf4j.TimingLogger - start[1763618231412] time[3] tag[updateCacheFromDb]
2025-11-20 13:58:11.424 [check-idCache-thread] INFO  c.e.g.d.i.g.biz.core.segment.SegmentIDGenImpl - update cache from db
2025-11-20 13:58:11.427 [check-idCache-thread] INFO  org.perf4j.TimingLogger - start[1763618291424] time[2] tag[updateCacheFromDb]
2025-11-20 13:59:11.436 [check-idCache-thread] INFO  c.e.g.d.i.g.biz.core.segment.SegmentIDGenImpl - update cache from db
2025-11-20 13:59:11.439 [check-idCache-thread] INFO  org.perf4j.TimingLogger - start[1763618351436] time[3] tag[updateCacheFromDb]
2025-11-20 14:00:11.446 [check-idCache-thread] INFO  c.e.g.d.i.g.biz.core.segment.SegmentIDGenImpl - update cache from db
2025-11-20 14:00:11.451 [check-idCache-thread] INFO  org.perf4j.TimingLogger - start[1763618411447] time[3] tag[updateCacheFromDb]
2025-11-20 14:01:11.464 [check-idCache-thread] INFO  c.e.g.d.i.g.biz.core.segment.SegmentIDGenImpl - update cache from db
2025-11-20 14:01:11.468 [check-idCache-thread] INFO  org.perf4j.TimingLogger - start[1763618471464] time[3] tag[updateCacheFromDb]
2025-11-20 14:02:11.472 [check-idCache-thread] INFO  c.e.g.d.i.g.biz.core.segment.SegmentIDGenImpl - update cache from db
2025-11-20 14:02:11.476 [check-idCache-thread] INFO  org.perf4j.TimingLogger - start[1763618531473] time[3] tag[updateCacheFromDb]
2025-11-20 14:03:11.481 [check-idCache-thread] INFO  c.e.g.d.i.g.biz.core.segment.SegmentIDGenImpl - update cache from db
2025-11-20 14:03:11.485 [check-idCache-thread] INFO  org.perf4j.TimingLogger - start[1763618591481] time[3] tag[updateCacheFromDb]
2025-11-20 14:04:11.497 [check-idCache-thread] INFO  c.e.g.d.i.g.biz.core.segment.SegmentIDGenImpl - update cache from db
2025-11-20 14:04:11.502 [check-idCache-thread] INFO  org.perf4j.TimingLogger - start[1763618651497] time[4] tag[updateCacheFromDb]
2025-11-20 14:05:11.517 [check-idCache-thread] INFO  c.e.g.d.i.g.biz.core.segment.SegmentIDGenImpl - update cache from db
2025-11-20 14:05:11.522 [check-idCache-thread] INFO  org.perf4j.TimingLogger - start[1763618711518] time[4] tag[updateCacheFromDb]
2025-11-20 14:06:11.535 [check-idCache-thread] INFO  c.e.g.d.i.g.biz.core.segment.SegmentIDGenImpl - update cache from db
2025-11-20 14:06:11.541 [check-idCache-thread] INFO  org.perf4j.TimingLogger - start[1763618771536] time[5] tag[updateCacheFromDb]
2025-11-20 14:07:11.543 [check-idCache-thread] INFO  c.e.g.d.i.g.biz.core.segment.SegmentIDGenImpl - update cache from db
2025-11-20 14:07:11.547 [check-idCache-thread] INFO  org.perf4j.TimingLogger - start[1763618831544] time[4] tag[updateCacheFromDb]
2025-11-20 14:08:11.557 [check-idCache-thread] INFO  c.e.g.d.i.g.biz.core.segment.SegmentIDGenImpl - update cache from db
2025-11-20 14:08:11.563 [check-idCache-thread] INFO  org.perf4j.TimingLogger - start[1763618891558] time[4] tag[updateCacheFromDb]
2025-11-20 14:09:11.566 [check-idCache-thread] INFO  c.e.g.d.i.g.biz.core.segment.SegmentIDGenImpl - update cache from db
2025-11-20 14:09:11.572 [check-idCache-thread] INFO  org.perf4j.TimingLogger - start[1763618951567] time[4] tag[updateCacheFromDb]
2025-11-20 14:10:11.587 [check-idCache-thread] INFO  c.e.g.d.i.g.biz.core.segment.SegmentIDGenImpl - update cache from db
2025-11-20 14:10:11.592 [check-idCache-thread] INFO  org.perf4j.TimingLogger - start[1763619011589] time[3] tag[updateCacheFromDb]
2025-11-20 14:11:11.600 [check-idCache-thread] INFO  c.e.g.d.i.g.biz.core.segment.SegmentIDGenImpl - update cache from db
2025-11-20 14:11:11.604 [check-idCache-thread] INFO  org.perf4j.TimingLogger - start[1763619071601] time[3] tag[updateCacheFromDb]
2025-11-20 14:12:11.619 [check-idCache-thread] INFO  c.e.g.d.i.g.biz.core.segment.SegmentIDGenImpl - update cache from db
2025-11-20 14:12:11.622 [check-idCache-thread] INFO  org.perf4j.TimingLogger - start[1763619131620] time[2] tag[updateCacheFromDb]
2025-11-20 14:13:11.631 [check-idCache-thread] INFO  c.e.g.d.i.g.biz.core.segment.SegmentIDGenImpl - update cache from db
2025-11-20 14:13:11.635 [check-idCache-thread] INFO  org.perf4j.TimingLogger - start[1763619191631] time[3] tag[updateCacheFromDb]
2025-11-20 14:14:11.642 [check-idCache-thread] INFO  c.e.g.d.i.g.biz.core.segment.SegmentIDGenImpl - update cache from db
2025-11-20 14:14:11.646 [check-idCache-thread] INFO  org.perf4j.TimingLogger - start[1763619251642] time[4] tag[updateCacheFromDb]
2025-11-20 14:15:11.655 [check-idCache-thread] INFO  c.e.g.d.i.g.biz.core.segment.SegmentIDGenImpl - update cache from db
2025-11-20 14:15:11.658 [check-idCache-thread] INFO  org.perf4j.TimingLogger - start[1763619311655] time[3] tag[updateCacheFromDb]
2025-11-20 14:16:11.671 [check-idCache-thread] INFO  c.e.g.d.i.g.biz.core.segment.SegmentIDGenImpl - update cache from db
2025-11-20 14:16:11.674 [check-idCache-thread] INFO  org.perf4j.TimingLogger - start[1763619371671] time[2] tag[updateCacheFromDb]
2025-11-20 14:16:20.276 [Thread-8] WARN  com.alibaba.nacos.common.notify.NotifyCenter - [NotifyCenter] Start destroying Publisher
2025-11-20 14:16:20.276 [Thread-11] WARN  c.alibaba.nacos.common.http.HttpClientBeanHolder - [HttpClientBeanHolder] Start destroying common HttpClient
2025-11-20 14:16:20.276 [Thread-8] WARN  com.alibaba.nacos.common.notify.NotifyCenter - [NotifyCenter] Destruction of the end
2025-11-20 14:16:20.277 [Thread-11] WARN  c.alibaba.nacos.common.http.HttpClientBeanHolder - [HttpClientBeanHolder] Destruction of the end
2025-11-20 14:16:20.572 [SpringApplicationShutdownHook] INFO  c.a.cloud.nacos.registry.NacosServiceRegistry - De-registering from Nacos Server now...
2025-11-20 14:16:20.572 [SpringApplicationShutdownHook] INFO  com.alibaba.nacos.client.naming - [DEREGISTER-SERVICE] greennote deregistering service GreenNote-distributed-id-generator with instance: Instance{instanceId='null', ip='10.8.115.255', port=8085, weight=1.0, healthy=true, enabled=true, ephemeral=true, clusterName='DEFAULT', serviceName='null', metadata={}}
2025-11-20 14:16:20.577 [SpringApplicationShutdownHook] INFO  c.a.cloud.nacos.registry.NacosServiceRegistry - De-registration finished.
2025-11-20 14:16:20.578 [SpringApplicationShutdownHook] INFO  com.alibaba.nacos.client.naming - com.alibaba.nacos.client.naming.cache.ServiceInfoHolder do shutdown begin
2025-11-20 14:16:20.578 [SpringApplicationShutdownHook] INFO  com.alibaba.nacos.client.naming - com.alibaba.nacos.client.naming.backups.FailoverReactor do shutdown begin
2025-11-20 14:16:20.578 [SpringApplicationShutdownHook] INFO  com.alibaba.nacos.client.naming - com.alibaba.nacos.client.naming.backups.FailoverReactor do shutdown stop
2025-11-20 14:16:20.578 [SpringApplicationShutdownHook] INFO  com.alibaba.nacos.client.naming - com.alibaba.nacos.client.naming.cache.ServiceInfoHolder do shutdown stop
2025-11-20 14:16:20.578 [SpringApplicationShutdownHook] INFO  com.alibaba.nacos.client.naming - com.alibaba.nacos.client.naming.remote.NamingClientProxyDelegate do shutdown begin
2025-11-20 14:16:20.578 [SpringApplicationShutdownHook] INFO  com.alibaba.nacos.client.naming - com.alibaba.nacos.client.naming.core.ServiceInfoUpdateService do shutdown begin
2025-11-20 14:16:20.578 [SpringApplicationShutdownHook] INFO  com.alibaba.nacos.client.naming - com.alibaba.nacos.client.naming.core.ServiceInfoUpdateService do shutdown stop
2025-11-20 14:16:20.578 [SpringApplicationShutdownHook] INFO  com.alibaba.nacos.client.naming - com.alibaba.nacos.client.naming.core.ServerListManager do shutdown begin
2025-11-20 14:16:20.578 [SpringApplicationShutdownHook] WARN  com.alibaba.nacos.client.naming - [NamingHttpClientManager] Start destroying NacosRestTemplate
2025-11-20 14:16:20.578 [SpringApplicationShutdownHook] WARN  com.alibaba.nacos.client.naming - [NamingHttpClientManager] Destruction of the end
2025-11-20 14:16:20.578 [SpringApplicationShutdownHook] INFO  com.alibaba.nacos.client.naming - com.alibaba.nacos.client.naming.core.ServerListManager do shutdown stop
2025-11-20 14:16:20.578 [SpringApplicationShutdownHook] INFO  com.alibaba.nacos.client.naming - com.alibaba.nacos.client.naming.remote.http.NamingHttpClientProxy do shutdown begin
2025-11-20 14:16:20.578 [SpringApplicationShutdownHook] WARN  com.alibaba.nacos.client.naming - [NamingHttpClientManager] Start destroying NacosRestTemplate
2025-11-20 14:16:20.579 [SpringApplicationShutdownHook] WARN  com.alibaba.nacos.client.naming - [NamingHttpClientManager] Destruction of the end
2025-11-20 14:16:20.579 [SpringApplicationShutdownHook] INFO  com.alibaba.nacos.client.naming - com.alibaba.nacos.client.naming.remote.http.NamingHttpClientProxy do shutdown stop
2025-11-20 14:16:20.579 [SpringApplicationShutdownHook] INFO  com.alibaba.nacos.common.remote.client - Shutdown rpc client, set status to shutdown
2025-11-20 14:16:20.579 [SpringApplicationShutdownHook] INFO  com.alibaba.nacos.common.remote.client - Shutdown client event executor java.util.concurrent.ScheduledThreadPoolExecutor@3968b0af[Running, pool size = 2, active threads = 2, queued tasks = 0, completed tasks = 0]
2025-11-20 14:16:20.579 [SpringApplicationShutdownHook] INFO  com.alibaba.nacos.common.remote.client - Close current connection 1763617995076_127.0.0.1_1040
2025-11-20 14:16:20.590 [SpringApplicationShutdownHook] INFO  c.a.nacos.common.remote.client.grpc.GrpcClient - Shutdown grpc executor java.util.concurrent.ThreadPoolExecutor@60ff940b[Running, pool size = 4, active threads = 1, queued tasks = 0, completed tasks = 306]
2025-11-20 14:16:20.590 [SpringApplicationShutdownHook] INFO  com.alibaba.nacos.client.naming - Shutdown grpc redo service executor java.util.concurrent.ScheduledThreadPoolExecutor@2e285ed0[Running, pool size = 1, active threads = 0, queued tasks = 1, completed tasks = 461]
2025-11-20 14:16:20.590 [SpringApplicationShutdownHook] INFO  c.a.n.client.auth.ram.identify.CredentialWatcher - [null] CredentialWatcher is stopped
2025-11-20 14:16:20.590 [SpringApplicationShutdownHook] INFO  c.a.n.client.auth.ram.identify.CredentialService - [null] CredentialService is freed
2025-11-20 14:16:20.592 [SpringApplicationShutdownHook] INFO  com.alibaba.nacos.client.naming - com.alibaba.nacos.client.naming.remote.NamingClientProxyDelegate do shutdown stop
2025-11-20 14:16:26.000 [main] WARN  com.alibaba.nacos.client.logging.NacosLogging - Load Logback Configuration of Nacos fail, message: Could not initialize Logback Nacos logging from classpath:nacos-logback.xml
2025-11-20 14:16:26.101 [main] WARN  com.alibaba.nacos.client.logging.NacosLogging - Load Logback Configuration of Nacos fail, message: Could not initialize Logback Nacos logging from classpath:nacos-logback.xml
2025-11-20 14:16:27.332 [main] WARN  com.alibaba.nacos.client.logging.NacosLogging - Load Logback Configuration of Nacos fail, message: Could not initialize Logback Nacos logging from classpath:nacos-logback.xml
2025-11-20 14:16:27.353 [main] WARN  com.alibaba.nacos.client.logging.NacosLogging - Load Logback Configuration of Nacos fail, message: Could not initialize Logback Nacos logging from classpath:nacos-logback.xml
2025-11-20 14:16:27.354 [main] INFO  c.e.g.d.i.g.b.GreenNoteDistributedGeneratorBizApplication - The following 1 profile is active: "dev"
2025-11-20 14:16:28.228 [main] INFO  o.springframework.cloud.context.scope.GenericScope - BeanFactory id=ab990966-1602-3d9b-9f95-30e029a827d5
2025-11-20 14:16:28.656 [main] INFO  o.s.boot.web.embedded.tomcat.TomcatWebServer - Tomcat initialized with port(s): 8085 (http)
2025-11-20 14:16:28.674 [main] INFO  org.apache.catalina.core.StandardService - Starting service [Tomcat]
2025-11-20 14:16:28.675 [main] INFO  org.apache.catalina.core.StandardEngine - Starting Servlet engine: [Apache Tomcat/10.1.5]
2025-11-20 14:16:28.842 [main] INFO  o.a.c.core.ContainerBase.[Tomcat].[localhost].[/] - Initializing Spring embedded WebApplicationContext
2025-11-20 14:16:28.842 [main] INFO  o.s.b.w.s.c.ServletWebServerApplicationContext - Root WebApplicationContext: initialization completed in 1468 ms
2025-11-20 14:16:29.051 [main] INFO  com.alibaba.druid.pool.DruidDataSource - {dataSource-1} inited
2025-11-20 14:16:29.152 [main] INFO  c.e.g.d.i.g.biz.core.segment.SegmentIDGenImpl - Init ...
2025-11-20 14:16:29.153 [main] INFO  c.e.g.d.i.g.biz.core.segment.SegmentIDGenImpl - update cache from db
2025-11-20 14:16:29.496 [main] INFO  c.e.g.d.i.g.biz.core.segment.SegmentIDGenImpl - Add tag leaf-segment-test from db to IdCache, SegmentBuffer SegmentBuffer{key='leaf-segment-test', segments=[Segment(value:0,max:0,step:0), Segment(value:0,max:0,step:0)], currentPos=0, nextReady=false, initOk=false, threadRunning=false, step=0, minStep=0, updateTimestamp=0}
2025-11-20 14:16:29.497 [main] INFO  c.e.g.d.i.g.biz.core.segment.SegmentIDGenImpl - Add tag leaf-segment-greennote-id from db to IdCache, SegmentBuffer SegmentBuffer{key='leaf-segment-greennote-id', segments=[Segment(value:0,max:0,step:0), Segment(value:0,max:0,step:0)], currentPos=0, nextReady=false, initOk=false, threadRunning=false, step=0, minStep=0, updateTimestamp=0}
2025-11-20 14:16:29.497 [main] INFO  c.e.g.d.i.g.biz.core.segment.SegmentIDGenImpl - Add tag leaf-segment-user-id from db to IdCache, SegmentBuffer SegmentBuffer{key='leaf-segment-user-id', segments=[Segment(value:0,max:0,step:0), Segment(value:0,max:0,step:0)], currentPos=0, nextReady=false, initOk=false, threadRunning=false, step=0, minStep=0, updateTimestamp=0}
2025-11-20 14:16:29.497 [main] INFO  org.perf4j.TimingLogger - start[1763619389154] time[344] tag[updateCacheFromDb]
2025-11-20 14:16:29.498 [main] INFO  c.e.g.d.id.generator.biz.service.SegmentService - Segment Service Init Successfully
2025-11-20 14:16:29.538 [main] INFO  c.e.g.d.i.g.biz.core.snowflake.SnowflakeIDGenImpl - twepoch:1288834974657 ,ip:10.8.115.255 ,zkAddress:127.0.0.1:2181 port:2222
2025-11-20 14:16:29.685 [main] WARN  org.apache.curator.CuratorZookeeperClient - session timeout [6000] is less than connection timeout [10000]
2025-11-20 14:16:29.718 [main] INFO  o.a.curator.framework.imps.CuratorFrameworkImpl - Starting
2025-11-20 14:16:29.733 [main] INFO  org.apache.zookeeper.ZooKeeper - Client environment:zookeeper.version=3.6.0--b4c89dc7f6083829e18fae6e446907ae0b1f22d7, built on 02/25/2020 14:38 GMT
2025-11-20 14:16:29.734 [main] INFO  org.apache.zookeeper.ZooKeeper - Client environment:host.name=LAPTOP-M8MN7LA9
2025-11-20 14:16:29.734 [main] INFO  org.apache.zookeeper.ZooKeeper - Client environment:java.version=17.0.16
2025-11-20 14:16:29.734 [main] INFO  org.apache.zookeeper.ZooKeeper - Client environment:java.vendor=Oracle Corporation
2025-11-20 14:16:29.734 [main] INFO  org.apache.zookeeper.ZooKeeper - Client environment:java.home=C:\Program Files\Java\jdk-17
2025-11-20 14:16:29.734 [main] INFO  org.apache.zookeeper.ZooKeeper - Client environment:java.class.path=C:\Users\12482\IdeaProjects\GreenNote\GreenNote-disreibuted-id-generator\GreenNote-distributed-id-generator-biz\target\classes;C:\Users\12482\IdeaProjects\GreenNote\GreenNote-framework\GreenNote-common\target\classes;C:\Maven\repository\org\projectlombok\lombok\1.18.30\lombok-1.18.30.jar;C:\Maven\repository\com\fasterxml\jackson\core\jackson-databind\2.16.1\jackson-databind-2.16.1.jar;C:\Maven\repository\com\fasterxml\jackson\core\jackson-annotations\2.14.1\jackson-annotations-2.14.1.jar;C:\Maven\repository\com\fasterxml\jackson\core\jackson-core\2.16.1\jackson-core-2.16.1.jar;C:\Maven\repository\com\fasterxml\jackson\datatype\jackson-datatype-jsr310\2.14.1\jackson-datatype-jsr310-2.14.1.jar;C:\Maven\repository\jakarta\validation\jakarta.validation-api\3.0.2\jakarta.validation-api-3.0.2.jar;C:\Maven\repository\org\hibernate\validator\hibernate-validator\8.0.0.Final\hibernate-validator-8.0.0.Final.jar;C:\Maven\repository\org\jboss\logging\jboss-logging\3.5.0.Final\jboss-logging-3.5.0.Final.jar;C:\Maven\repository\com\fasterxml\classmate\1.5.1\classmate-1.5.1.jar;C:\Maven\repository\com\google\guava\guava\33.0.0-jre\guava-33.0.0-jre.jar;C:\Maven\repository\com\google\guava\failureaccess\1.0.2\failureaccess-1.0.2.jar;C:\Maven\repository\com\google\guava\listenablefuture\9999.0-empty-to-avoid-conflict-with-guava\listenablefuture-9999.0-empty-to-avoid-conflict-with-guava.jar;C:\Maven\repository\com\google\code\findbugs\jsr305\3.0.2\jsr305-3.0.2.jar;C:\Maven\repository\org\checkerframework\checker-qual\3.41.0\checker-qual-3.41.0.jar;C:\Maven\repository\com\google\errorprone\error_prone_annotations\2.23.0\error_prone_annotations-2.23.0.jar;C:\Maven\repository\com\google\j2objc\j2objc-annotations\2.8\j2objc-annotations-2.8.jar;C:\Maven\repository\cn\hutool\hutool-all\5.8.26\hutool-all-5.8.26.jar;C:\Maven\repository\org\apache\commons\commons-lang3\3.12.0\commons-lang3-3.12.0.jar;C:\Maven\repository\org\springframework\boot\spring-boot-starter-web\3.0.2\spring-boot-starter-web-3.0.2.jar;C:\Maven\repository\org\springframework\boot\spring-boot-starter\3.0.2\spring-boot-starter-3.0.2.jar;C:\Maven\repository\org\springframework\boot\spring-boot\3.0.2\spring-boot-3.0.2.jar;C:\Maven\repository\org\springframework\boot\spring-boot-autoconfigure\3.0.2\spring-boot-autoconfigure-3.0.2.jar;C:\Maven\repository\org\springframework\boot\spring-boot-starter-logging\3.0.2\spring-boot-starter-logging-3.0.2.jar;C:\Maven\repository\ch\qos\logback\logback-classic\1.4.5\logback-classic-1.4.5.jar;C:\Maven\repository\ch\qos\logback\logback-core\1.4.5\logback-core-1.4.5.jar;C:\Maven\repository\org\apache\logging\log4j\log4j-to-slf4j\2.19.0\log4j-to-slf4j-2.19.0.jar;C:\Maven\repository\org\apache\logging\log4j\log4j-api\2.19.0\log4j-api-2.19.0.jar;C:\Maven\repository\org\slf4j\jul-to-slf4j\2.0.6\jul-to-slf4j-2.0.6.jar;C:\Maven\repository\jakarta\annotation\jakarta.annotation-api\2.1.1\jakarta.annotation-api-2.1.1.jar;C:\Maven\repository\org\yaml\snakeyaml\1.33\snakeyaml-1.33.jar;C:\Maven\repository\org\springframework\boot\spring-boot-starter-json\3.0.2\spring-boot-starter-json-3.0.2.jar;C:\Maven\repository\com\fasterxml\jackson\datatype\jackson-datatype-jdk8\2.14.1\jackson-datatype-jdk8-2.14.1.jar;C:\Maven\repository\com\fasterxml\jackson\module\jackson-module-parameter-names\2.14.1\jackson-module-parameter-names-2.14.1.jar;C:\Maven\repository\org\springframework\boot\spring-boot-starter-tomcat\3.0.2\spring-boot-starter-tomcat-3.0.2.jar;C:\Maven\repository\org\apache\tomcat\embed\tomcat-embed-core\10.1.5\tomcat-embed-core-10.1.5.jar;C:\Maven\repository\org\apache\tomcat\embed\tomcat-embed-el\10.1.5\tomcat-embed-el-10.1.5.jar;C:\Maven\repository\org\apache\tomcat\embed\tomcat-embed-websocket\10.1.5\tomcat-embed-websocket-10.1.5.jar;C:\Maven\repository\org\springframework\spring-web\6.0.4\spring-web-6.0.4.jar;C:\Maven\repository\org\springframework\spring-beans\6.0.4\spring-beans-6.0.4.jar;C:\Maven\repository\io\micrometer\micrometer-observation\1.10.3\micrometer-observation-1.10.3.jar;C:\Maven\repository\io\micrometer\micrometer-commons\1.10.3\micrometer-commons-1.10.3.jar;C:\Maven\repository\org\springframework\spring-webmvc\6.0.4\spring-webmvc-6.0.4.jar;C:\Maven\repository\org\springframework\spring-aop\6.0.4\spring-aop-6.0.4.jar;C:\Maven\repository\org\springframework\spring-context\6.0.4\spring-context-6.0.4.jar;C:\Maven\repository\org\springframework\spring-expression\6.0.4\spring-expression-6.0.4.jar;C:\Maven\repository\org\slf4j\slf4j-api\2.0.6\slf4j-api-2.0.6.jar;C:\Maven\repository\org\springframework\spring-core\6.0.4\spring-core-6.0.4.jar;C:\Maven\repository\org\springframework\spring-jcl\6.0.4\spring-jcl-6.0.4.jar;C:\Maven\repository\org\springframework\cloud\spring-cloud-starter-bootstrap\4.0.0\spring-cloud-starter-bootstrap-4.0.0.jar;C:\Maven\repository\org\springframework\cloud\spring-cloud-starter\4.0.0\spring-cloud-starter-4.0.0.jar;C:\Maven\repository\org\springframework\security\spring-security-rsa\1.0.11.RELEASE\spring-security-rsa-1.0.11.RELEASE.jar;C:\Maven\repository\org\bouncycastle\bcpkix-jdk15on\1.69\bcpkix-jdk15on-1.69.jar;C:\Maven\repository\org\bouncycastle\bcprov-jdk15on\1.69\bcprov-jdk15on-1.69.jar;C:\Maven\repository\org\bouncycastle\bcutil-jdk15on\1.69\bcutil-jdk15on-1.69.jar;C:\Maven\repository\com\alibaba\cloud\spring-cloud-starter-alibaba-nacos-discovery\2022.0.0.0\spring-cloud-starter-alibaba-nacos-discovery-2022.0.0.0.jar;C:\Maven\repository\com\alibaba\cloud\spring-cloud-alibaba-commons\2022.0.0.0\spring-cloud-alibaba-commons-2022.0.0.0.jar;C:\Maven\repository\com\alibaba\nacos\nacos-client\2.2.1\nacos-client-2.2.1.jar;C:\Maven\repository\com\alibaba\nacos\nacos-auth-plugin\2.2.1\nacos-auth-plugin-2.2.1.jar;C:\Maven\repository\com\alibaba\nacos\nacos-encryption-plugin\2.2.1\nacos-encryption-plugin-2.2.1.jar;C:\Maven\repository\commons-codec\commons-codec\1.15\commons-codec-1.15.jar;C:\Maven\repository\org\apache\httpcomponents\httpasyncclient\4.1.5\httpasyncclient-4.1.5.jar;C:\Maven\repository\org\apache\httpcomponents\httpcore\4.4.16\httpcore-4.4.16.jar;C:\Maven\repository\org\apache\httpcomponents\httpcore-nio\4.4.16\httpcore-nio-4.4.16.jar;C:\Maven\repository\org\apache\httpcomponents\httpclient\4.5.14\httpclient-4.5.14.jar;C:\Maven\repository\io\prometheus\simpleclient\0.16.0\simpleclient-0.16.0.jar;C:\Maven\repository\io\prometheus\simpleclient_tracer_otel\0.16.0\simpleclient_tracer_otel-0.16.0.jar;C:\Maven\repository\io\prometheus\simpleclient_tracer_common\0.16.0\simpleclient_tracer_common-0.16.0.jar;C:\Maven\repository\io\prometheus\simpleclient_tracer_otel_agent\0.16.0\simpleclient_tracer_otel_agent-0.16.0.jar;C:\Maven\repository\com\alibaba\spring\spring-context-support\1.0.11\spring-context-support-1.0.11.jar;C:\Maven\repository\org\springframework\cloud\spring-cloud-commons\4.0.0\spring-cloud-commons-4.0.0.jar;C:\Maven\repository\org\springframework\security\spring-security-crypto\6.0.1\spring-security-crypto-6.0.1.jar;C:\Maven\repository\org\springframework\cloud\spring-cloud-context\4.0.0\spring-cloud-context-4.0.0.jar;C:\Maven\repository\commons-io\commons-io\2.4\commons-io-2.4.jar;C:\Maven\repository\org\perf4j\perf4j\0.9.16\perf4j-0.9.16.jar;C:\Maven\repository\mysql\mysql-connector-java\8.0.29\mysql-connector-java-8.0.29.jar;C:\Maven\repository\com\google\protobuf\protobuf-java\3.19.4\protobuf-java-3.19.4.jar;C:\Maven\repository\com\alibaba\druid\1.0.18\druid-1.0.18.jar;C:\Maven\repository\org\mybatis\mybatis\3.3.0\mybatis-3.3.0.jar;C:\Maven\repository\org\apache\curator\curator-recipes\2.6.0\curator-recipes-2.6.0.jar;C:\Maven\repository\org\apache\curator\curator-framework\5.1.0\curator-framework-5.1.0.jar;C:\Maven\repository\org\apache\curator\curator-client\5.1.0\curator-client-5.1.0.jar;C:\Maven\repository\org\apache\zookeeper\zookeeper\3.6.0\zookeeper-3.6.0.jar;C:\Maven\repository\commons-lang\commons-lang\2.6\commons-lang-2.6.jar;C:\Maven\repository\org\apache\zookeeper\zookeeper-jute\3.6.0\zookeeper-jute-3.6.0.jar;C:\Maven\repository\org\apache\yetus\audience-annotations\0.5.0\audience-annotations-0.5.0.jar;C:\Maven\repository\io\netty\netty-handler\4.1.87.Final\netty-handler-4.1.87.Final.jar;C:\Maven\repository\io\netty\netty-common\4.1.87.Final\netty-common-4.1.87.Final.jar;C:\Maven\repository\io\netty\netty-resolver\4.1.87.Final\netty-resolver-4.1.87.Final.jar;C:\Maven\repository\io\netty\netty-buffer\4.1.87.Final\netty-buffer-4.1.87.Final.jar;C:\Maven\repository\io\netty\netty-transport\4.1.87.Final\netty-transport-4.1.87.Final.jar;C:\Maven\repository\io\netty\netty-transport-native-unix-common\4.1.87.Final\netty-transport-native-unix-common-4.1.87.Final.jar;C:\Maven\repository\io\netty\netty-codec\4.1.87.Final\netty-codec-4.1.87.Final.jar;C:\Maven\repository\io\netty\netty-transport-native-epoll\4.1.87.Final\netty-transport-native-epoll-4.1.87.Final.jar;C:\Maven\repository\io\netty\netty-transport-classes-epoll\4.1.87.Final\netty-transport-classes-epoll-4.1.87.Final.jar
2025-11-20 14:16:29.734 [main] INFO  org.apache.zookeeper.ZooKeeper - Client environment:java.library.path=C:\Program Files\Java\jdk-17\bin;C:\WINDOWS\Sun\Java\bin;C:\WINDOWS\system32;C:\WINDOWS;C:\Program Files\Eclipse Adoptium\jdk-17.0.16.8-hotspot\bin;C:\Users\12482\AppData\Local\Programs\Python\Python313\Scripts\;C:\Users\12482\AppData\Local\Programs\Python\Python313\;C:\Program Files (x86)\Common Files\Oracle\Java\javapath;C:\WINDOWS\system32;C:\WINDOWS;C:\WINDOWS\System32\Wbem;C:\WINDOWS\System32\WindowsPowerShell\v1.0\;C:\WINDOWS\System32\OpenSSH\;C:\Program Files (x86)\NVIDIA Corporation\PhysX\Common;C:\Program Files\NVIDIA Corporation\NVIDIA NvDLISR;C:\Users\12482\jdk-24\bin;C:\Users\12482\jdk-24\bin;C:\Program Files\Git\cmd;C:\Program Files\dotnet\;C:\Program Files (x86)\cloudflared\;C:\Program Files\Docker\Docker\resources\bin;C:\Maven\apache-maven-3.9.11\bin;C:\Program Files\nodejs\;C:\ProgramData\chocolatey\bin;c:\Users\12482\AppData\Local\Programs\cursor\resources\app\codeBin;C:\Users\12482\AppData\Local\Programs\Python\Python313\Scripts\;C:\Users\12482\AppData\Local\Programs\Python\Python313\;C:\Users\12482\AppData\Local\Programs\Python\Python39\Scripts\;C:\Users\12482\AppData\Local\Programs\Python\Python39\;C:\Users\12482\AppData\Local\Microsoft\WindowsApps;;C:\Users\12482\AppData\Local\Programs\Fiddler;C:\Program Files\JetBrains\IntelliJ IDEA 2025.2.1\bin;C:\Users\12482\AppData\Local\Programs\Microsoft VS Code\bin;C:\Users\12482\AppData\Local\Microsoft\WindowsApps;C:\Users\12482\AppData\Local\Programs\cursor\resources\app\bin;C:\Users\12482\AppData\Roaming\npm;C:\Program Files\JetBrains\PyCharm 2025.2.2\bin;.
2025-11-20 14:16:29.735 [main] INFO  org.apache.zookeeper.ZooKeeper - Client environment:java.io.tmpdir=C:\Users\12482\AppData\Local\Temp\
2025-11-20 14:16:29.735 [main] INFO  org.apache.zookeeper.ZooKeeper - Client environment:java.compiler=<NA>
2025-11-20 14:16:29.735 [main] INFO  org.apache.zookeeper.ZooKeeper - Client environment:os.name=Windows 11
2025-11-20 14:16:29.735 [main] INFO  org.apache.zookeeper.ZooKeeper - Client environment:os.arch=amd64
2025-11-20 14:16:29.735 [main] INFO  org.apache.zookeeper.ZooKeeper - Client environment:os.version=10.0
2025-11-20 14:16:29.735 [main] INFO  org.apache.zookeeper.ZooKeeper - Client environment:user.name=12482
2025-11-20 14:16:29.735 [main] INFO  org.apache.zookeeper.ZooKeeper - Client environment:user.home=C:\Users\12482
2025-11-20 14:16:29.735 [main] INFO  org.apache.zookeeper.ZooKeeper - Client environment:user.dir=C:\Users\12482\IdeaProjects\GreenNote
2025-11-20 14:16:29.735 [main] INFO  org.apache.zookeeper.ZooKeeper - Client environment:os.memory.free=51MB
2025-11-20 14:16:29.736 [main] INFO  org.apache.zookeeper.ZooKeeper - Client environment:os.memory.max=8012MB
2025-11-20 14:16:29.736 [main] INFO  org.apache.zookeeper.ZooKeeper - Client environment:os.memory.total=80MB
2025-11-20 14:16:29.741 [main] INFO  org.apache.zookeeper.ZooKeeper - Initiating client connection, connectString=127.0.0.1:2181 sessionTimeout=6000 watcher=org.apache.curator.ConnectionState@57bd6a8f
2025-11-20 14:16:29.750 [main] INFO  org.apache.zookeeper.common.X509Util - Setting -D jdk.tls.rejectClientInitiatedRenegotiation=true to disable client-initiated TLS renegotiation
2025-11-20 14:16:29.771 [main] INFO  org.apache.zookeeper.ClientCnxnSocket - jute.maxbuffer value is 1048575 Bytes
2025-11-20 14:16:29.782 [main] INFO  org.apache.zookeeper.ClientCnxn - zookeeper.request.timeout value is 0. feature enabled=false
2025-11-20 14:16:29.791 [main-SendThread(127.0.0.1:2181)] INFO  org.apache.zookeeper.ClientCnxn - Opening socket connection to server kubernetes.docker.internal/127.0.0.1:2181.
2025-11-20 14:16:29.791 [main-SendThread(127.0.0.1:2181)] INFO  org.apache.zookeeper.ClientCnxn - SASL config status: Will not attempt to authenticate using SASL (unknown error)
2025-11-20 14:16:29.797 [main-SendThread(127.0.0.1:2181)] INFO  org.apache.zookeeper.ClientCnxn - Socket connection established, initiating session, client: /127.0.0.1:36667, server: kubernetes.docker.internal/127.0.0.1:2181
2025-11-20 14:16:29.797 [main] INFO  o.a.curator.framework.imps.CuratorFrameworkImpl - Default schema
2025-11-20 14:16:29.814 [main-SendThread(127.0.0.1:2181)] INFO  org.apache.zookeeper.ClientCnxn - Session establishment complete on server kubernetes.docker.internal/127.0.0.1:2181, session id = 0x100000492890027, negotiated timeout = 6000
2025-11-20 14:16:29.826 [main-EventThread] INFO  o.a.curator.framework.state.ConnectionStateManager - State change: CONNECTED
2025-11-20 14:16:29.841 [main-EventThread] INFO  org.apache.curator.framework.imps.EnsembleTracker - New config event received: {}
2025-11-20 14:16:29.842 [main-EventThread] INFO  org.apache.curator.framework.imps.EnsembleTracker - New config event received: {}
2025-11-20 14:16:29.963 [main] INFO  c.e.g.d.i.g.b.c.snowflake.SnowflakeZookeeperHolder - file exists status is false
2025-11-20 14:16:29.964 [main] INFO  c.e.g.d.i.g.b.c.snowflake.SnowflakeZookeeperHolder - init local file cache create parent dis status is false, worker id is 1
2025-11-20 14:16:29.964 [main] WARN  c.e.g.d.i.g.b.c.snowflake.SnowflakeZookeeperHolder - create parent dir error===
2025-11-20 14:16:29.964 [main] INFO  c.e.g.d.i.g.b.c.snowflake.SnowflakeZookeeperHolder - [Old NODE]find forever node have this endpoint ip-10.8.115.255 port-2222 workid-1 childnode and start SUCCESS
2025-11-20 14:16:29.964 [main] INFO  c.e.g.d.i.g.biz.core.snowflake.SnowflakeIDGenImpl - START SUCCESS USE ZK WORKERID-1
2025-11-20 14:16:29.964 [main] INFO  c.e.g.d.id.generator.biz.service.SnowflakeService - Snowflake Service Init Successfully
2025-11-20 14:16:31.424 [main] INFO  o.s.boot.web.embedded.tomcat.TomcatWebServer - Tomcat started on port(s): 8085 (http) with context path ''
2025-11-20 14:16:31.438 [main] WARN  com.alibaba.nacos.client.logging.NacosLogging - Load Logback Configuration of Nacos fail, message: Could not initialize Logback Nacos logging from classpath:nacos-logback.xml
2025-11-20 14:16:31.438 [main] INFO  com.alibaba.nacos.client.naming - initializer namespace from ans.namespace attribute : null
2025-11-20 14:16:31.439 [main] INFO  com.alibaba.nacos.client.naming - initializer namespace from ALIBABA_ALIWARE_NAMESPACE attribute :null
2025-11-20 14:16:31.440 [main] INFO  com.alibaba.nacos.client.naming - initializer namespace from namespace attribute :null
2025-11-20 14:16:31.495 [main] INFO  com.alibaba.nacos.client.utils.ParamUtil - [settings] [req-serv] nacos-server port:8848
2025-11-20 14:16:31.495 [main] INFO  com.alibaba.nacos.client.utils.ParamUtil - [settings] [http-client] connect timeout:1000
2025-11-20 14:16:31.498 [main] INFO  com.alibaba.nacos.client.utils.ParamUtil - PER_TASK_CONFIG_SIZE: 3000.0
2025-11-20 14:16:31.507 [main] INFO  c.a.n.p.auth.spi.client.ClientAuthPluginManager - [ClientAuthPluginManager] Load ClientAuthService com.alibaba.nacos.client.auth.impl.NacosClientAuthServiceImpl success.
2025-11-20 14:16:31.507 [main] INFO  c.a.n.p.auth.spi.client.ClientAuthPluginManager - [ClientAuthPluginManager] Load ClientAuthService com.alibaba.nacos.client.auth.ram.RamClientAuthServiceImpl success.
2025-11-20 14:16:31.513 [main] INFO  c.a.n.client.auth.ram.identify.CredentialWatcher - null No credential found
2025-11-20 14:16:31.535 [main] INFO  com.alibaba.nacos.common.remote.client - [RpcClientFactory] create a new rpc client of f1cfb473-b898-4f4f-9ddd-6ac2dc8c80d2
2025-11-20 14:16:31.576 [main] INFO  com.alibaba.nacos.common.remote.client - [f1cfb473-b898-4f4f-9ddd-6ac2dc8c80d2] RpcClient init, ServerListFactory = com.alibaba.nacos.client.naming.core.ServerListManager
2025-11-20 14:16:31.577 [main] INFO  com.alibaba.nacos.common.remote.client - [f1cfb473-b898-4f4f-9ddd-6ac2dc8c80d2] Registry connection listener to current client:com.alibaba.nacos.client.naming.remote.gprc.redo.NamingGrpcRedoService
2025-11-20 14:16:31.577 [main] INFO  com.alibaba.nacos.common.remote.client - [f1cfb473-b898-4f4f-9ddd-6ac2dc8c80d2] Register server push request handler:com.alibaba.nacos.client.naming.remote.gprc.NamingPushRequestHandler
2025-11-20 14:16:31.582 [main] INFO  com.alibaba.nacos.common.remote.client - [f1cfb473-b898-4f4f-9ddd-6ac2dc8c80d2] Try to connect to server on start up, server: {serverIp = '127.0.0.1', server main port = 8848}
2025-11-20 14:16:31.591 [main] INFO  c.a.nacos.common.remote.client.grpc.GrpcClient - grpc client connection server:127.0.0.1 ip,serverPort:9848,grpcTslConfig:{"sslProvider":"OPENSSL","enableTls":false,"mutualAuthEnable":false,"trustAll":false}
2025-11-20 14:16:33.310 [main] INFO  com.alibaba.nacos.common.remote.client - [f1cfb473-b898-4f4f-9ddd-6ac2dc8c80d2] Success to connect to server [127.0.0.1:8848] on start up, connectionId = 1763619393069_127.0.0.1_8875
2025-11-20 14:16:33.311 [com.alibaba.nacos.client.remote.worker] INFO  com.alibaba.nacos.common.remote.client - [f1cfb473-b898-4f4f-9ddd-6ac2dc8c80d2] Notify connected event to listeners.
2025-11-20 14:16:33.312 [com.alibaba.nacos.client.remote.worker] INFO  com.alibaba.nacos.client.naming - Grpc connection connect
2025-11-20 14:16:33.312 [main] INFO  com.alibaba.nacos.common.remote.client - [f1cfb473-b898-4f4f-9ddd-6ac2dc8c80d2] Register server push request handler:com.alibaba.nacos.common.remote.client.RpcClient$ConnectResetRequestHandler
2025-11-20 14:16:33.313 [main] INFO  com.alibaba.nacos.common.remote.client - [f1cfb473-b898-4f4f-9ddd-6ac2dc8c80d2] Register server push request handler:com.alibaba.nacos.common.remote.client.RpcClient$$Lambda$978/0x0000016481728000
2025-11-20 14:16:33.315 [main] INFO  com.alibaba.nacos.client.naming - [REGISTER-SERVICE] greennote registering service GreenNote-distributed-id-generator with instance Instance{instanceId='null', ip='10.8.115.255', port=8085, weight=1.0, healthy=true, enabled=true, ephemeral=true, clusterName='DEFAULT', serviceName='null', metadata={IPv6=null, preserved.register.source=SPRING_CLOUD}}
2025-11-20 14:16:33.340 [main] INFO  c.a.cloud.nacos.registry.NacosServiceRegistry - nacos registry, DEFAULT_GROUP GreenNote-distributed-id-generator 10.8.115.255:8085 register finished
2025-11-20 14:16:33.621 [main] INFO  c.e.g.d.i.g.b.GreenNoteDistributedGeneratorBizApplication - Started GreenNoteDistributedGeneratorBizApplication in 9.186 seconds (process running for 10.59)
2025-11-20 14:17:29.506 [check-idCache-thread] INFO  c.e.g.d.i.g.biz.core.segment.SegmentIDGenImpl - update cache from db
2025-11-20 14:17:29.514 [check-idCache-thread] INFO  org.perf4j.TimingLogger - start[1763619449506] time[7] tag[updateCacheFromDb]
2025-11-20 14:18:29.528 [check-idCache-thread] INFO  c.e.g.d.i.g.biz.core.segment.SegmentIDGenImpl - update cache from db
2025-11-20 14:18:29.532 [check-idCache-thread] INFO  org.perf4j.TimingLogger - start[1763619509528] time[3] tag[updateCacheFromDb]
2025-11-20 14:19:29.538 [check-idCache-thread] INFO  c.e.g.d.i.g.biz.core.segment.SegmentIDGenImpl - update cache from db
2025-11-20 14:19:29.542 [check-idCache-thread] INFO  org.perf4j.TimingLogger - start[1763619569538] time[3] tag[updateCacheFromDb]
2025-11-20 14:20:29.554 [check-idCache-thread] INFO  c.e.g.d.i.g.biz.core.segment.SegmentIDGenImpl - update cache from db
2025-11-20 14:20:29.557 [check-idCache-thread] INFO  org.perf4j.TimingLogger - start[1763619629554] time[3] tag[updateCacheFromDb]
2025-11-20 14:21:29.568 [check-idCache-thread] INFO  c.e.g.d.i.g.biz.core.segment.SegmentIDGenImpl - update cache from db
2025-11-20 14:21:29.572 [check-idCache-thread] INFO  org.perf4j.TimingLogger - start[1763619689569] time[3] tag[updateCacheFromDb]
2025-11-20 14:22:29.573 [check-idCache-thread] INFO  c.e.g.d.i.g.biz.core.segment.SegmentIDGenImpl - update cache from db
2025-11-20 14:22:29.575 [check-idCache-thread] INFO  org.perf4j.TimingLogger - start[1763619749573] time[2] tag[updateCacheFromDb]
2025-11-20 14:23:29.590 [check-idCache-thread] INFO  c.e.g.d.i.g.biz.core.segment.SegmentIDGenImpl - update cache from db
2025-11-20 14:23:29.596 [check-idCache-thread] INFO  org.perf4j.TimingLogger - start[1763619809591] time[4] tag[updateCacheFromDb]
2025-11-20 14:24:29.607 [check-idCache-thread] INFO  c.e.g.d.i.g.biz.core.segment.SegmentIDGenImpl - update cache from db
2025-11-20 14:24:29.613 [check-idCache-thread] INFO  org.perf4j.TimingLogger - start[1763619869608] time[5] tag[updateCacheFromDb]
2025-11-20 14:25:29.622 [check-idCache-thread] INFO  c.e.g.d.i.g.biz.core.segment.SegmentIDGenImpl - update cache from db
2025-11-20 14:25:29.626 [check-idCache-thread] INFO  org.perf4j.TimingLogger - start[1763619929623] time[2] tag[updateCacheFromDb]
2025-11-20 14:26:29.638 [check-idCache-thread] INFO  c.e.g.d.i.g.biz.core.segment.SegmentIDGenImpl - update cache from db
2025-11-20 14:26:29.641 [check-idCache-thread] INFO  org.perf4j.TimingLogger - start[1763619989638] time[3] tag[updateCacheFromDb]
2025-11-20 14:27:29.654 [check-idCache-thread] INFO  c.e.g.d.i.g.biz.core.segment.SegmentIDGenImpl - update cache from db
2025-11-20 14:27:29.657 [check-idCache-thread] INFO  org.perf4j.TimingLogger - start[1763620049654] time[2] tag[updateCacheFromDb]
2025-11-20 14:28:29.665 [check-idCache-thread] INFO  c.e.g.d.i.g.biz.core.segment.SegmentIDGenImpl - update cache from db
2025-11-20 14:28:29.668 [check-idCache-thread] INFO  org.perf4j.TimingLogger - start[1763620109665] time[2] tag[updateCacheFromDb]
2025-11-20 14:29:29.681 [check-idCache-thread] INFO  c.e.g.d.i.g.biz.core.segment.SegmentIDGenImpl - update cache from db
2025-11-20 14:29:29.685 [check-idCache-thread] INFO  org.perf4j.TimingLogger - start[1763620169681] time[3] tag[updateCacheFromDb]
2025-11-20 14:30:29.686 [check-idCache-thread] INFO  c.e.g.d.i.g.biz.core.segment.SegmentIDGenImpl - update cache from db
2025-11-20 14:30:29.690 [check-idCache-thread] INFO  org.perf4j.TimingLogger - start[1763620229686] time[4] tag[updateCacheFromDb]
2025-11-20 14:31:29.693 [check-idCache-thread] INFO  c.e.g.d.i.g.biz.core.segment.SegmentIDGenImpl - update cache from db
2025-11-20 14:31:29.697 [check-idCache-thread] INFO  org.perf4j.TimingLogger - start[1763620289693] time[2] tag[updateCacheFromDb]
2025-11-20 14:32:29.705 [check-idCache-thread] INFO  c.e.g.d.i.g.biz.core.segment.SegmentIDGenImpl - update cache from db
2025-11-20 14:32:29.708 [check-idCache-thread] INFO  org.perf4j.TimingLogger - start[1763620349706] time[2] tag[updateCacheFromDb]
2025-11-20 14:33:29.716 [check-idCache-thread] INFO  c.e.g.d.i.g.biz.core.segment.SegmentIDGenImpl - update cache from db
2025-11-20 14:33:29.720 [check-idCache-thread] INFO  org.perf4j.TimingLogger - start[1763620409716] time[3] tag[updateCacheFromDb]
2025-11-20 14:34:29.731 [check-idCache-thread] INFO  c.e.g.d.i.g.biz.core.segment.SegmentIDGenImpl - update cache from db
2025-11-20 14:34:29.735 [check-idCache-thread] INFO  org.perf4j.TimingLogger - start[1763620469731] time[3] tag[updateCacheFromDb]
2025-11-20 14:35:29.748 [check-idCache-thread] INFO  c.e.g.d.i.g.biz.core.segment.SegmentIDGenImpl - update cache from db
2025-11-20 14:35:29.753 [check-idCache-thread] INFO  org.perf4j.TimingLogger - start[1763620529749] time[4] tag[updateCacheFromDb]
2025-11-20 14:36:29.767 [check-idCache-thread] INFO  c.e.g.d.i.g.biz.core.segment.SegmentIDGenImpl - update cache from db
2025-11-20 14:36:29.771 [check-idCache-thread] INFO  org.perf4j.TimingLogger - start[1763620589767] time[3] tag[updateCacheFromDb]
2025-11-20 14:37:29.782 [check-idCache-thread] INFO  c.e.g.d.i.g.biz.core.segment.SegmentIDGenImpl - update cache from db
2025-11-20 14:37:29.791 [check-idCache-thread] INFO  org.perf4j.TimingLogger - start[1763620649783] time[8] tag[updateCacheFromDb]
2025-11-20 14:38:29.806 [check-idCache-thread] INFO  c.e.g.d.i.g.biz.core.segment.SegmentIDGenImpl - update cache from db
2025-11-20 14:38:29.811 [check-idCache-thread] INFO  org.perf4j.TimingLogger - start[1763620709806] time[4] tag[updateCacheFromDb]
2025-11-20 14:39:29.818 [check-idCache-thread] INFO  c.e.g.d.i.g.biz.core.segment.SegmentIDGenImpl - update cache from db
2025-11-20 14:39:29.821 [check-idCache-thread] INFO  org.perf4j.TimingLogger - start[1763620769818] time[2] tag[updateCacheFromDb]
2025-11-20 14:40:29.828 [check-idCache-thread] INFO  c.e.g.d.i.g.biz.core.segment.SegmentIDGenImpl - update cache from db
2025-11-20 14:40:29.831 [check-idCache-thread] INFO  org.perf4j.TimingLogger - start[1763620829828] time[2] tag[updateCacheFromDb]
2025-11-20 14:41:29.842 [check-idCache-thread] INFO  c.e.g.d.i.g.biz.core.segment.SegmentIDGenImpl - update cache from db
2025-11-20 14:41:29.847 [check-idCache-thread] INFO  org.perf4j.TimingLogger - start[1763620889842] time[5] tag[updateCacheFromDb]
2025-11-20 14:42:29.860 [check-idCache-thread] INFO  c.e.g.d.i.g.biz.core.segment.SegmentIDGenImpl - update cache from db
2025-11-20 14:42:29.862 [check-idCache-thread] INFO  org.perf4j.TimingLogger - start[1763620949860] time[2] tag[updateCacheFromDb]
2025-11-20 14:43:29.871 [check-idCache-thread] INFO  c.e.g.d.i.g.biz.core.segment.SegmentIDGenImpl - update cache from db
2025-11-20 14:43:29.874 [check-idCache-thread] INFO  org.perf4j.TimingLogger - start[1763621009871] time[2] tag[updateCacheFromDb]
2025-11-20 14:44:29.878 [check-idCache-thread] INFO  c.e.g.d.i.g.biz.core.segment.SegmentIDGenImpl - update cache from db
2025-11-20 14:44:29.882 [check-idCache-thread] INFO  org.perf4j.TimingLogger - start[1763621069878] time[3] tag[updateCacheFromDb]
2025-11-20 14:45:29.889 [check-idCache-thread] INFO  c.e.g.d.i.g.biz.core.segment.SegmentIDGenImpl - update cache from db
2025-11-20 14:45:29.892 [check-idCache-thread] INFO  org.perf4j.TimingLogger - start[1763621129889] time[2] tag[updateCacheFromDb]
2025-11-20 14:46:29.908 [check-idCache-thread] INFO  c.e.g.d.i.g.biz.core.segment.SegmentIDGenImpl - update cache from db
2025-11-20 14:46:29.911 [check-idCache-thread] INFO  org.perf4j.TimingLogger - start[1763621189909] time[2] tag[updateCacheFromDb]
2025-11-20 14:47:29.914 [check-idCache-thread] INFO  c.e.g.d.i.g.biz.core.segment.SegmentIDGenImpl - update cache from db
2025-11-20 14:47:29.917 [check-idCache-thread] INFO  org.perf4j.TimingLogger - start[1763621249914] time[2] tag[updateCacheFromDb]
2025-11-20 14:48:29.927 [check-idCache-thread] INFO  c.e.g.d.i.g.biz.core.segment.SegmentIDGenImpl - update cache from db
2025-11-20 14:48:29.930 [check-idCache-thread] INFO  org.perf4j.TimingLogger - start[1763621309927] time[2] tag[updateCacheFromDb]
2025-11-20 14:49:29.936 [check-idCache-thread] INFO  c.e.g.d.i.g.biz.core.segment.SegmentIDGenImpl - update cache from db
2025-11-20 14:49:29.940 [check-idCache-thread] INFO  org.perf4j.TimingLogger - start[1763621369936] time[2] tag[updateCacheFromDb]
2025-11-20 14:50:29.949 [check-idCache-thread] INFO  c.e.g.d.i.g.biz.core.segment.SegmentIDGenImpl - update cache from db
2025-11-20 14:50:29.952 [check-idCache-thread] INFO  org.perf4j.TimingLogger - start[1763621429949] time[2] tag[updateCacheFromDb]
2025-11-20 14:51:29.962 [check-idCache-thread] INFO  c.e.g.d.i.g.biz.core.segment.SegmentIDGenImpl - update cache from db
2025-11-20 14:51:29.964 [check-idCache-thread] INFO  org.perf4j.TimingLogger - start[1763621489962] time[2] tag[updateCacheFromDb]
2025-11-20 14:52:29.976 [check-idCache-thread] INFO  c.e.g.d.i.g.biz.core.segment.SegmentIDGenImpl - update cache from db
2025-11-20 14:52:29.979 [check-idCache-thread] INFO  org.perf4j.TimingLogger - start[1763621549976] time[3] tag[updateCacheFromDb]
2025-11-20 14:53:29.990 [check-idCache-thread] INFO  c.e.g.d.i.g.biz.core.segment.SegmentIDGenImpl - update cache from db
2025-11-20 14:53:29.993 [check-idCache-thread] INFO  org.perf4j.TimingLogger - start[1763621609990] time[2] tag[updateCacheFromDb]
2025-11-20 14:54:30.003 [check-idCache-thread] INFO  c.e.g.d.i.g.biz.core.segment.SegmentIDGenImpl - update cache from db
2025-11-20 14:54:30.008 [check-idCache-thread] INFO  org.perf4j.TimingLogger - start[1763621670004] time[4] tag[updateCacheFromDb]
2025-11-20 14:55:30.020 [check-idCache-thread] INFO  c.e.g.d.i.g.biz.core.segment.SegmentIDGenImpl - update cache from db
2025-11-20 14:55:30.022 [check-idCache-thread] INFO  org.perf4j.TimingLogger - start[1763621730021] time[2] tag[updateCacheFromDb]
2025-11-20 14:56:18.033 [main-SendThread(127.0.0.1:2181)] WARN  org.apache.zookeeper.ClientCnxn - Client session timed out, have not heard from server in 16041ms for session id 0x100000492890027
2025-11-20 14:56:18.033 [main-SendThread(127.0.0.1:2181)] WARN  org.apache.zookeeper.ClientCnxn - Session 0x100000492890027 for sever kubernetes.docker.internal/127.0.0.1:2181, Closing socket connection. Attempting reconnect except it is a SessionExpiredException.
org.apache.zookeeper.ClientCnxn$SessionTimeoutException: Client session timed out, have not heard from server in 16041ms for session id 0x100000492890027
	at org.apache.zookeeper.ClientCnxn$SendThread.run(ClientCnxn.java:1230)
2025-11-20 14:56:18.206 [main-EventThread] INFO  o.a.curator.framework.state.ConnectionStateManager - State change: SUSPENDED
2025-11-20 14:56:18.246 [schedule-upload-time] INFO  c.e.g.d.i.g.b.c.snowflake.SnowflakeZookeeperHolder - update init data error path is /snowflake/com.sankuai.leaf.opensource.test/forever/10.8.115.255:2222-0000000001 error is {}
org.apache.zookeeper.KeeperException$ConnectionLossException: KeeperErrorCode = ConnectionLoss for /snowflake/com.sankuai.leaf.opensource.test/forever/10.8.115.255:2222-0000000001
	at org.apache.zookeeper.KeeperException.create(KeeperException.java:102)
	at org.apache.zookeeper.KeeperException.create(KeeperException.java:54)
	at org.apache.zookeeper.ZooKeeper.setData(ZooKeeper.java:2551)
	at org.apache.curator.framework.imps.SetDataBuilderImpl$4.call(SetDataBuilderImpl.java:291)
	at org.apache.curator.framework.imps.SetDataBuilderImpl$4.call(SetDataBuilderImpl.java:287)
	at org.apache.curator.RetryLoop.callWithRetry(RetryLoop.java:93)
	at org.apache.curator.framework.imps.SetDataBuilderImpl.pathInForeground(SetDataBuilderImpl.java:284)
	at org.apache.curator.framework.imps.SetDataBuilderImpl.forPath(SetDataBuilderImpl.java:270)
	at org.apache.curator.framework.imps.SetDataBuilderImpl.forPath(SetDataBuilderImpl.java:33)
	at com.evan.greennote.distributed.id.generator.biz.core.snowflake.SnowflakeZookeeperHolder.updateNewData(SnowflakeZookeeperHolder.java:158)
	at com.evan.greennote.distributed.id.generator.biz.core.snowflake.SnowflakeZookeeperHolder$1.run(SnowflakeZookeeperHolder.java:124)
	at java.base/java.util.concurrent.Executors$RunnableAdapter.call(Executors.java:539)
	at java.base/java.util.concurrent.FutureTask.runAndReset(FutureTask.java:305)
	at java.base/java.util.concurrent.ScheduledThreadPoolExecutor$ScheduledFutureTask.run(ScheduledThreadPoolExecutor.java:305)
	at java.base/java.util.concurrent.ThreadPoolExecutor.runWorker(ThreadPoolExecutor.java:1136)
	at java.base/java.util.concurrent.ThreadPoolExecutor$Worker.run(ThreadPoolExecutor.java:635)
	at java.base/java.lang.Thread.run(Thread.java:842)
2025-11-20 14:56:19.791 [main-SendThread(127.0.0.1:2181)] INFO  org.apache.zookeeper.ClientCnxn - Opening socket connection to server kubernetes.docker.internal/127.0.0.1:2181.
2025-11-20 14:56:19.791 [main-SendThread(127.0.0.1:2181)] INFO  org.apache.zookeeper.ClientCnxn - SASL config status: Will not attempt to authenticate using SASL (unknown error)
2025-11-20 14:56:19.793 [main-SendThread(127.0.0.1:2181)] INFO  org.apache.zookeeper.ClientCnxn - Socket connection established, initiating session, client: /127.0.0.1:10407, server: kubernetes.docker.internal/127.0.0.1:2181
2025-11-20 14:56:19.815 [main-SendThread(127.0.0.1:2181)] WARN  org.apache.zookeeper.ClientCnxn - Unable to reconnect to ZooKeeper service, session 0x100000492890027 has expired
2025-11-20 14:56:19.815 [main-EventThread] WARN  org.apache.curator.ConnectionState - Session expired event received
2025-11-20 14:56:19.815 [main-SendThread(127.0.0.1:2181)] WARN  org.apache.zookeeper.ClientCnxn - Session 0x100000492890027 for sever kubernetes.docker.internal/127.0.0.1:2181, Closing socket connection. Attempting reconnect except it is a SessionExpiredException.
org.apache.zookeeper.ClientCnxn$SessionExpiredException: Unable to reconnect to ZooKeeper service, session 0x100000492890027 has expired
	at org.apache.zookeeper.ClientCnxn$SendThread.onConnected(ClientCnxn.java:1406)
	at org.apache.zookeeper.ClientCnxnSocket.readConnectResult(ClientCnxnSocket.java:154)
	at org.apache.zookeeper.ClientCnxnSocketNIO.doIO(ClientCnxnSocketNIO.java:84)
	at org.apache.zookeeper.ClientCnxnSocketNIO.doTransport(ClientCnxnSocketNIO.java:348)
	at org.apache.zookeeper.ClientCnxn$SendThread.run(ClientCnxn.java:1262)
2025-11-20 14:56:19.818 [main-EventThread] INFO  org.apache.zookeeper.ZooKeeper - Initiating client connection, connectString=127.0.0.1:2181 sessionTimeout=6000 watcher=org.apache.curator.ConnectionState@57bd6a8f
2025-11-20 14:56:19.822 [main-EventThread] INFO  org.apache.zookeeper.ClientCnxnSocket - jute.maxbuffer value is 1048575 Bytes
2025-11-20 14:56:19.822 [main-EventThread] INFO  org.apache.zookeeper.ClientCnxn - zookeeper.request.timeout value is 0. feature enabled=false
2025-11-20 14:56:19.823 [main-EventThread] INFO  o.a.curator.framework.state.ConnectionStateManager - State change: LOST
2025-11-20 14:56:19.823 [main-EventThread] INFO  org.apache.zookeeper.ClientCnxn - EventThread shut down for session: 0x100000492890027
2025-11-20 14:56:19.824 [main-SendThread(127.0.0.1:2181)] INFO  org.apache.zookeeper.ClientCnxn - Opening socket connection to server kubernetes.docker.internal/127.0.0.1:2181.
2025-11-20 14:56:19.824 [main-SendThread(127.0.0.1:2181)] INFO  org.apache.zookeeper.ClientCnxn - SASL config status: Will not attempt to authenticate using SASL (unknown error)
2025-11-20 14:56:19.825 [main-SendThread(127.0.0.1:2181)] INFO  org.apache.zookeeper.ClientCnxn - Socket connection established, initiating session, client: /127.0.0.1:10408, server: kubernetes.docker.internal/127.0.0.1:2181
2025-11-20 14:56:19.841 [main-SendThread(127.0.0.1:2181)] INFO  org.apache.zookeeper.ClientCnxn - Session establishment complete on server kubernetes.docker.internal/127.0.0.1:2181, session id = 0x100000492890028, negotiated timeout = 6000
2025-11-20 14:56:19.842 [main-EventThread] INFO  o.a.curator.framework.state.ConnectionStateManager - State change: RECONNECTED
2025-11-20 14:56:19.847 [main-EventThread] INFO  org.apache.curator.framework.imps.EnsembleTracker - New config event received: {}
2025-11-20 14:56:23.860 [main-SendThread(127.0.0.1:2181)] WARN  org.apache.zookeeper.ClientCnxn - Client session timed out, have not heard from server in 4013ms for session id 0x100000492890028
2025-11-20 14:56:23.860 [main-SendThread(127.0.0.1:2181)] WARN  org.apache.zookeeper.ClientCnxn - Session 0x100000492890028 for sever kubernetes.docker.internal/127.0.0.1:2181, Closing socket connection. Attempting reconnect except it is a SessionExpiredException.
org.apache.zookeeper.ClientCnxn$SessionTimeoutException: Client session timed out, have not heard from server in 4013ms for session id 0x100000492890028
	at org.apache.zookeeper.ClientCnxn$SendThread.run(ClientCnxn.java:1230)
2025-11-20 14:56:23.970 [main-EventThread] INFO  o.a.curator.framework.state.ConnectionStateManager - State change: SUSPENDED
2025-11-20 14:56:23.985 [schedule-upload-time] INFO  c.e.g.d.i.g.b.c.snowflake.SnowflakeZookeeperHolder - update init data error path is /snowflake/com.sankuai.leaf.opensource.test/forever/10.8.115.255:2222-0000000001 error is {}
org.apache.zookeeper.KeeperException$ConnectionLossException: KeeperErrorCode = ConnectionLoss for /snowflake/com.sankuai.leaf.opensource.test/forever/10.8.115.255:2222-0000000001
	at org.apache.zookeeper.KeeperException.create(KeeperException.java:102)
	at org.apache.zookeeper.KeeperException.create(KeeperException.java:54)
	at org.apache.zookeeper.ZooKeeper.setData(ZooKeeper.java:2551)
	at org.apache.curator.framework.imps.SetDataBuilderImpl$4.call(SetDataBuilderImpl.java:291)
	at org.apache.curator.framework.imps.SetDataBuilderImpl$4.call(SetDataBuilderImpl.java:287)
	at org.apache.curator.RetryLoop.callWithRetry(RetryLoop.java:93)
	at org.apache.curator.framework.imps.SetDataBuilderImpl.pathInForeground(SetDataBuilderImpl.java:284)
	at org.apache.curator.framework.imps.SetDataBuilderImpl.forPath(SetDataBuilderImpl.java:270)
	at org.apache.curator.framework.imps.SetDataBuilderImpl.forPath(SetDataBuilderImpl.java:33)
	at com.evan.greennote.distributed.id.generator.biz.core.snowflake.SnowflakeZookeeperHolder.updateNewData(SnowflakeZookeeperHolder.java:158)
	at com.evan.greennote.distributed.id.generator.biz.core.snowflake.SnowflakeZookeeperHolder$1.run(SnowflakeZookeeperHolder.java:124)
	at java.base/java.util.concurrent.Executors$RunnableAdapter.call(Executors.java:539)
	at java.base/java.util.concurrent.FutureTask.runAndReset(FutureTask.java:305)
	at java.base/java.util.concurrent.ScheduledThreadPoolExecutor$ScheduledFutureTask.run(ScheduledThreadPoolExecutor.java:305)
	at java.base/java.util.concurrent.ThreadPoolExecutor.runWorker(ThreadPoolExecutor.java:1136)
	at java.base/java.util.concurrent.ThreadPoolExecutor$Worker.run(ThreadPoolExecutor.java:635)
	at java.base/java.lang.Thread.run(Thread.java:842)
2025-11-20 15:45:35.950 [main-SendThread(127.0.0.1:2181)] INFO  org.apache.zookeeper.ClientCnxn - Opening socket connection to server kubernetes.docker.internal/127.0.0.1:2181.
2025-11-20 15:45:35.951 [main-SendThread(127.0.0.1:2181)] INFO  org.apache.zookeeper.ClientCnxn - SASL config status: Will not attempt to authenticate using SASL (unknown error)
2025-11-20 15:45:35.953 [main-SendThread(127.0.0.1:2181)] INFO  org.apache.zookeeper.ClientCnxn - Socket connection established, initiating session, client: /127.0.0.1:52240, server: kubernetes.docker.internal/127.0.0.1:2181
2025-11-20 15:45:36.520 [main-SendThread(127.0.0.1:2181)] INFO  org.apache.zookeeper.ClientCnxn - Session establishment complete on server kubernetes.docker.internal/127.0.0.1:2181, session id = 0x100000492890028, negotiated timeout = 6000
2025-11-20 15:45:36.521 [main-EventThread] INFO  o.a.curator.framework.state.ConnectionStateManager - State change: RECONNECTED
2025-11-20 15:45:37.067 [main-EventThread] INFO  org.apache.curator.framework.imps.EnsembleTracker - New config event received: {}
2025-11-20 15:45:53.648 [check-idCache-thread] INFO  c.e.g.d.i.g.biz.core.segment.SegmentIDGenImpl - update cache from db
2025-11-20 15:45:53.687 [check-idCache-thread] INFO  org.perf4j.TimingLogger - start[1763624753649] time[37] tag[updateCacheFromDb]
2025-11-20 15:46:53.694 [check-idCache-thread] INFO  c.e.g.d.i.g.biz.core.segment.SegmentIDGenImpl - update cache from db
2025-11-20 15:46:53.696 [check-idCache-thread] INFO  org.perf4j.TimingLogger - start[1763624813694] time[2] tag[updateCacheFromDb]
2025-11-20 15:47:53.711 [check-idCache-thread] INFO  c.e.g.d.i.g.biz.core.segment.SegmentIDGenImpl - update cache from db
2025-11-20 15:47:53.714 [check-idCache-thread] INFO  org.perf4j.TimingLogger - start[1763624873711] time[3] tag[updateCacheFromDb]
2025-11-20 15:48:53.725 [check-idCache-thread] INFO  c.e.g.d.i.g.biz.core.segment.SegmentIDGenImpl - update cache from db
2025-11-20 15:48:53.729 [check-idCache-thread] INFO  org.perf4j.TimingLogger - start[1763624933725] time[3] tag[updateCacheFromDb]
2025-11-20 15:49:53.738 [check-idCache-thread] INFO  c.e.g.d.i.g.biz.core.segment.SegmentIDGenImpl - update cache from db
2025-11-20 15:49:53.741 [check-idCache-thread] INFO  org.perf4j.TimingLogger - start[1763624993738] time[2] tag[updateCacheFromDb]
2025-11-20 15:50:53.744 [check-idCache-thread] INFO  c.e.g.d.i.g.biz.core.segment.SegmentIDGenImpl - update cache from db
2025-11-20 15:50:53.748 [check-idCache-thread] INFO  org.perf4j.TimingLogger - start[1763625053745] time[3] tag[updateCacheFromDb]
2025-11-20 15:51:53.762 [check-idCache-thread] INFO  c.e.g.d.i.g.biz.core.segment.SegmentIDGenImpl - update cache from db
2025-11-20 15:51:53.765 [check-idCache-thread] INFO  org.perf4j.TimingLogger - start[1763625113762] time[3] tag[updateCacheFromDb]
2025-11-20 15:52:53.773 [check-idCache-thread] INFO  c.e.g.d.i.g.biz.core.segment.SegmentIDGenImpl - update cache from db
2025-11-20 15:52:53.776 [check-idCache-thread] INFO  org.perf4j.TimingLogger - start[1763625173773] time[2] tag[updateCacheFromDb]
2025-11-20 15:53:53.785 [check-idCache-thread] INFO  c.e.g.d.i.g.biz.core.segment.SegmentIDGenImpl - update cache from db
2025-11-20 15:53:53.787 [check-idCache-thread] INFO  org.perf4j.TimingLogger - start[1763625233785] time[2] tag[updateCacheFromDb]
2025-11-20 15:54:53.798 [check-idCache-thread] INFO  c.e.g.d.i.g.biz.core.segment.SegmentIDGenImpl - update cache from db
2025-11-20 15:54:53.803 [check-idCache-thread] INFO  org.perf4j.TimingLogger - start[1763625293799] time[4] tag[updateCacheFromDb]
2025-11-20 15:55:53.805 [check-idCache-thread] INFO  c.e.g.d.i.g.biz.core.segment.SegmentIDGenImpl - update cache from db
2025-11-20 15:55:53.807 [check-idCache-thread] INFO  org.perf4j.TimingLogger - start[1763625353805] time[2] tag[updateCacheFromDb]
2025-11-20 15:56:53.812 [check-idCache-thread] INFO  c.e.g.d.i.g.biz.core.segment.SegmentIDGenImpl - update cache from db
2025-11-20 15:56:53.815 [check-idCache-thread] INFO  org.perf4j.TimingLogger - start[1763625413812] time[2] tag[updateCacheFromDb]
2025-11-20 15:57:53.830 [check-idCache-thread] INFO  c.e.g.d.i.g.biz.core.segment.SegmentIDGenImpl - update cache from db
2025-11-20 15:57:53.834 [check-idCache-thread] INFO  org.perf4j.TimingLogger - start[1763625473830] time[3] tag[updateCacheFromDb]
2025-11-20 15:58:53.836 [check-idCache-thread] INFO  c.e.g.d.i.g.biz.core.segment.SegmentIDGenImpl - update cache from db
2025-11-20 15:58:53.839 [check-idCache-thread] INFO  org.perf4j.TimingLogger - start[1763625533836] time[2] tag[updateCacheFromDb]
2025-11-20 15:59:13.329 [main-SendThread(127.0.0.1:2181)] WARN  org.apache.zookeeper.ClientCnxn - Client session timed out, have not heard from server in 4004ms for session id 0x100000492890028
2025-11-20 15:59:13.329 [main-SendThread(127.0.0.1:2181)] WARN  org.apache.zookeeper.ClientCnxn - Session 0x100000492890028 for sever kubernetes.docker.internal/127.0.0.1:2181, Closing socket connection. Attempting reconnect except it is a SessionExpiredException.
org.apache.zookeeper.ClientCnxn$SessionTimeoutException: Client session timed out, have not heard from server in 4004ms for session id 0x100000492890028
	at org.apache.zookeeper.ClientCnxn$SendThread.run(ClientCnxn.java:1230)
2025-11-20 15:59:13.438 [main-EventThread] INFO  o.a.curator.framework.state.ConnectionStateManager - State change: SUSPENDED
2025-11-20 15:59:13.453 [schedule-upload-time] INFO  c.e.g.d.i.g.b.c.snowflake.SnowflakeZookeeperHolder - update init data error path is /snowflake/com.sankuai.leaf.opensource.test/forever/10.8.115.255:2222-0000000001 error is {}
org.apache.zookeeper.KeeperException$ConnectionLossException: KeeperErrorCode = ConnectionLoss for /snowflake/com.sankuai.leaf.opensource.test/forever/10.8.115.255:2222-0000000001
	at org.apache.zookeeper.KeeperException.create(KeeperException.java:102)
	at org.apache.zookeeper.KeeperException.create(KeeperException.java:54)
	at org.apache.zookeeper.ZooKeeper.setData(ZooKeeper.java:2551)
	at org.apache.curator.framework.imps.SetDataBuilderImpl$4.call(SetDataBuilderImpl.java:291)
	at org.apache.curator.framework.imps.SetDataBuilderImpl$4.call(SetDataBuilderImpl.java:287)
	at org.apache.curator.RetryLoop.callWithRetry(RetryLoop.java:93)
	at org.apache.curator.framework.imps.SetDataBuilderImpl.pathInForeground(SetDataBuilderImpl.java:284)
	at org.apache.curator.framework.imps.SetDataBuilderImpl.forPath(SetDataBuilderImpl.java:270)
	at org.apache.curator.framework.imps.SetDataBuilderImpl.forPath(SetDataBuilderImpl.java:33)
	at com.evan.greennote.distributed.id.generator.biz.core.snowflake.SnowflakeZookeeperHolder.updateNewData(SnowflakeZookeeperHolder.java:158)
	at com.evan.greennote.distributed.id.generator.biz.core.snowflake.SnowflakeZookeeperHolder$1.run(SnowflakeZookeeperHolder.java:124)
	at java.base/java.util.concurrent.Executors$RunnableAdapter.call(Executors.java:539)
	at java.base/java.util.concurrent.FutureTask.runAndReset(FutureTask.java:305)
	at java.base/java.util.concurrent.ScheduledThreadPoolExecutor$ScheduledFutureTask.run(ScheduledThreadPoolExecutor.java:305)
	at java.base/java.util.concurrent.ThreadPoolExecutor.runWorker(ThreadPoolExecutor.java:1136)
	at java.base/java.util.concurrent.ThreadPoolExecutor$Worker.run(ThreadPoolExecutor.java:635)
	at java.base/java.lang.Thread.run(Thread.java:842)
2025-11-20 16:04:19.941 [main-SendThread(127.0.0.1:2181)] INFO  org.apache.zookeeper.ClientCnxn - Opening socket connection to server kubernetes.docker.internal/127.0.0.1:2181.
2025-11-20 16:04:19.944 [main-SendThread(127.0.0.1:2181)] INFO  org.apache.zookeeper.ClientCnxn - SASL config status: Will not attempt to authenticate using SASL (unknown error)
2025-11-20 16:04:19.948 [main-SendThread(127.0.0.1:2181)] INFO  org.apache.zookeeper.ClientCnxn - Socket connection established, initiating session, client: /127.0.0.1:37240, server: kubernetes.docker.internal/127.0.0.1:2181
2025-11-20 16:04:19.989 [main-SendThread(127.0.0.1:2181)] INFO  org.apache.zookeeper.ClientCnxn - Session establishment complete on server kubernetes.docker.internal/127.0.0.1:2181, session id = 0x100000492890028, negotiated timeout = 6000
2025-11-20 16:04:19.989 [main-EventThread] INFO  o.a.curator.framework.state.ConnectionStateManager - State change: RECONNECTED
2025-11-20 16:04:20.032 [main-EventThread] INFO  org.apache.curator.framework.imps.EnsembleTracker - New config event received: {}
2025-11-20 16:04:46.872 [main-SendThread(127.0.0.1:2181)] WARN  org.apache.zookeeper.ClientCnxn - Client session timed out, have not heard from server in 4005ms for session id 0x100000492890028
2025-11-20 16:04:46.872 [main-SendThread(127.0.0.1:2181)] WARN  org.apache.zookeeper.ClientCnxn - Session 0x100000492890028 for sever kubernetes.docker.internal/127.0.0.1:2181, Closing socket connection. Attempting reconnect except it is a SessionExpiredException.
org.apache.zookeeper.ClientCnxn$SessionTimeoutException: Client session timed out, have not heard from server in 4005ms for session id 0x100000492890028
	at org.apache.zookeeper.ClientCnxn$SendThread.run(ClientCnxn.java:1230)
2025-11-20 16:04:46.979 [main-EventThread] INFO  o.a.curator.framework.state.ConnectionStateManager - State change: SUSPENDED
2025-11-20 16:04:46.996 [schedule-upload-time] INFO  c.e.g.d.i.g.b.c.snowflake.SnowflakeZookeeperHolder - update init data error path is /snowflake/com.sankuai.leaf.opensource.test/forever/10.8.115.255:2222-0000000001 error is {}
org.apache.zookeeper.KeeperException$ConnectionLossException: KeeperErrorCode = ConnectionLoss for /snowflake/com.sankuai.leaf.opensource.test/forever/10.8.115.255:2222-0000000001
	at org.apache.zookeeper.KeeperException.create(KeeperException.java:102)
	at org.apache.zookeeper.KeeperException.create(KeeperException.java:54)
	at org.apache.zookeeper.ZooKeeper.setData(ZooKeeper.java:2551)
	at org.apache.curator.framework.imps.SetDataBuilderImpl$4.call(SetDataBuilderImpl.java:291)
	at org.apache.curator.framework.imps.SetDataBuilderImpl$4.call(SetDataBuilderImpl.java:287)
	at org.apache.curator.RetryLoop.callWithRetry(RetryLoop.java:93)
	at org.apache.curator.framework.imps.SetDataBuilderImpl.pathInForeground(SetDataBuilderImpl.java:284)
	at org.apache.curator.framework.imps.SetDataBuilderImpl.forPath(SetDataBuilderImpl.java:270)
	at org.apache.curator.framework.imps.SetDataBuilderImpl.forPath(SetDataBuilderImpl.java:33)
	at com.evan.greennote.distributed.id.generator.biz.core.snowflake.SnowflakeZookeeperHolder.updateNewData(SnowflakeZookeeperHolder.java:158)
	at com.evan.greennote.distributed.id.generator.biz.core.snowflake.SnowflakeZookeeperHolder$1.run(SnowflakeZookeeperHolder.java:124)
	at java.base/java.util.concurrent.Executors$RunnableAdapter.call(Executors.java:539)
	at java.base/java.util.concurrent.FutureTask.runAndReset(FutureTask.java:305)
	at java.base/java.util.concurrent.ScheduledThreadPoolExecutor$ScheduledFutureTask.run(ScheduledThreadPoolExecutor.java:305)
	at java.base/java.util.concurrent.ThreadPoolExecutor.runWorker(ThreadPoolExecutor.java:1136)
	at java.base/java.util.concurrent.ThreadPoolExecutor$Worker.run(ThreadPoolExecutor.java:635)
	at java.base/java.lang.Thread.run(Thread.java:842)
2025-11-20 16:04:48.516 [main-SendThread(127.0.0.1:2181)] INFO  org.apache.zookeeper.ClientCnxn - Opening socket connection to server kubernetes.docker.internal/127.0.0.1:2181.
2025-11-20 16:04:48.516 [main-SendThread(127.0.0.1:2181)] INFO  org.apache.zookeeper.ClientCnxn - SASL config status: Will not attempt to authenticate using SASL (unknown error)
2025-11-20 16:04:48.518 [main-SendThread(127.0.0.1:2181)] INFO  org.apache.zookeeper.ClientCnxn - Socket connection established, initiating session, client: /127.0.0.1:29452, server: kubernetes.docker.internal/127.0.0.1:2181
2025-11-20 16:36:33.519 [main-SendThread(127.0.0.1:2181)] WARN  org.apache.zookeeper.ClientCnxn - Client session timed out, have not heard from server in 1905001ms for session id 0x100000492890028
2025-11-20 16:36:33.519 [main-SendThread(127.0.0.1:2181)] WARN  org.apache.zookeeper.ClientCnxn - Session 0x100000492890028 for sever kubernetes.docker.internal/127.0.0.1:2181, Closing socket connection. Attempting reconnect except it is a SessionExpiredException.
org.apache.zookeeper.ClientCnxn$SessionTimeoutException: Client session timed out, have not heard from server in 1905001ms for session id 0x100000492890028
	at org.apache.zookeeper.ClientCnxn$SendThread.run(ClientCnxn.java:1230)
2025-11-20 16:36:34.889 [main-SendThread(127.0.0.1:2181)] INFO  org.apache.zookeeper.ClientCnxn - Opening socket connection to server kubernetes.docker.internal/127.0.0.1:2181.
2025-11-20 16:36:34.889 [main-SendThread(127.0.0.1:2181)] INFO  org.apache.zookeeper.ClientCnxn - SASL config status: Will not attempt to authenticate using SASL (unknown error)
2025-11-20 16:36:34.891 [main-SendThread(127.0.0.1:2181)] INFO  org.apache.zookeeper.ClientCnxn - Socket connection established, initiating session, client: /127.0.0.1:38937, server: kubernetes.docker.internal/127.0.0.1:2181
2025-11-20 16:36:34.913 [main-SendThread(127.0.0.1:2181)] INFO  org.apache.zookeeper.ClientCnxn - Session establishment complete on server kubernetes.docker.internal/127.0.0.1:2181, session id = 0x100000492890028, negotiated timeout = 6000
2025-11-20 16:36:34.913 [main-EventThread] INFO  o.a.curator.framework.state.ConnectionStateManager - State change: RECONNECTED
2025-11-20 16:36:34.932 [main-EventThread] INFO  org.apache.curator.framework.imps.EnsembleTracker - New config event received: {}
2025-11-20 16:36:38.942 [main-SendThread(127.0.0.1:2181)] WARN  org.apache.zookeeper.ClientCnxn - Client session timed out, have not heard from server in 4001ms for session id 0x100000492890028
2025-11-20 16:36:38.942 [main-SendThread(127.0.0.1:2181)] WARN  org.apache.zookeeper.ClientCnxn - Session 0x100000492890028 for sever kubernetes.docker.internal/127.0.0.1:2181, Closing socket connection. Attempting reconnect except it is a SessionExpiredException.
org.apache.zookeeper.ClientCnxn$SessionTimeoutException: Client session timed out, have not heard from server in 4001ms for session id 0x100000492890028
	at org.apache.zookeeper.ClientCnxn$SendThread.run(ClientCnxn.java:1230)
2025-11-20 16:36:39.050 [main-EventThread] INFO  o.a.curator.framework.state.ConnectionStateManager - State change: SUSPENDED
2025-11-20 16:36:39.065 [schedule-upload-time] INFO  c.e.g.d.i.g.b.c.snowflake.SnowflakeZookeeperHolder - update init data error path is /snowflake/com.sankuai.leaf.opensource.test/forever/10.8.115.255:2222-0000000001 error is {}
org.apache.zookeeper.KeeperException$ConnectionLossException: KeeperErrorCode = ConnectionLoss for /snowflake/com.sankuai.leaf.opensource.test/forever/10.8.115.255:2222-0000000001
	at org.apache.zookeeper.KeeperException.create(KeeperException.java:102)
	at org.apache.zookeeper.KeeperException.create(KeeperException.java:54)
	at org.apache.zookeeper.ZooKeeper.setData(ZooKeeper.java:2551)
	at org.apache.curator.framework.imps.SetDataBuilderImpl$4.call(SetDataBuilderImpl.java:291)
	at org.apache.curator.framework.imps.SetDataBuilderImpl$4.call(SetDataBuilderImpl.java:287)
	at org.apache.curator.RetryLoop.callWithRetry(RetryLoop.java:93)
	at org.apache.curator.framework.imps.SetDataBuilderImpl.pathInForeground(SetDataBuilderImpl.java:284)
	at org.apache.curator.framework.imps.SetDataBuilderImpl.forPath(SetDataBuilderImpl.java:270)
	at org.apache.curator.framework.imps.SetDataBuilderImpl.forPath(SetDataBuilderImpl.java:33)
	at com.evan.greennote.distributed.id.generator.biz.core.snowflake.SnowflakeZookeeperHolder.updateNewData(SnowflakeZookeeperHolder.java:158)
	at com.evan.greennote.distributed.id.generator.biz.core.snowflake.SnowflakeZookeeperHolder$1.run(SnowflakeZookeeperHolder.java:124)
	at java.base/java.util.concurrent.Executors$RunnableAdapter.call(Executors.java:539)
	at java.base/java.util.concurrent.FutureTask.runAndReset(FutureTask.java:305)
	at java.base/java.util.concurrent.ScheduledThreadPoolExecutor$ScheduledFutureTask.run(ScheduledThreadPoolExecutor.java:305)
	at java.base/java.util.concurrent.ThreadPoolExecutor.runWorker(ThreadPoolExecutor.java:1136)
	at java.base/java.util.concurrent.ThreadPoolExecutor$Worker.run(ThreadPoolExecutor.java:635)
	at java.base/java.lang.Thread.run(Thread.java:842)
2025-11-20 16:36:40.162 [main-SendThread(127.0.0.1:2181)] INFO  org.apache.zookeeper.ClientCnxn - Opening socket connection to server kubernetes.docker.internal/127.0.0.1:2181.
2025-11-20 16:36:40.162 [main-SendThread(127.0.0.1:2181)] INFO  org.apache.zookeeper.ClientCnxn - SASL config status: Will not attempt to authenticate using SASL (unknown error)
2025-11-20 16:36:40.163 [main-SendThread(127.0.0.1:2181)] INFO  org.apache.zookeeper.ClientCnxn - Socket connection established, initiating session, client: /127.0.0.1:51658, server: kubernetes.docker.internal/127.0.0.1:2181
2025-11-20 22:04:47.580 [main-SendThread(127.0.0.1:2181)] WARN  org.apache.zookeeper.ClientCnxn - Client session timed out, have not heard from server in 19687417ms for session id 0x100000492890028
2025-11-20 22:04:47.582 [main-SendThread(127.0.0.1:2181)] WARN  org.apache.zookeeper.ClientCnxn - Session 0x100000492890028 for sever kubernetes.docker.internal/127.0.0.1:2181, Closing socket connection. Attempting reconnect except it is a SessionExpiredException.
org.apache.zookeeper.ClientCnxn$SessionTimeoutException: Client session timed out, have not heard from server in 19687417ms for session id 0x100000492890028
	at org.apache.zookeeper.ClientCnxn$SendThread.run(ClientCnxn.java:1230)
2025-11-20 22:04:49.670 [main-SendThread(127.0.0.1:2181)] INFO  org.apache.zookeeper.ClientCnxn - Opening socket connection to server kubernetes.docker.internal/127.0.0.1:2181.
2025-11-20 22:04:49.670 [main-SendThread(127.0.0.1:2181)] INFO  org.apache.zookeeper.ClientCnxn - SASL config status: Will not attempt to authenticate using SASL (unknown error)
2025-11-20 22:04:49.673 [main-SendThread(127.0.0.1:2181)] INFO  org.apache.zookeeper.ClientCnxn - Socket connection established, initiating session, client: /127.0.0.1:24577, server: kubernetes.docker.internal/127.0.0.1:2181
2025-11-20 22:04:49.687 [main-SendThread(127.0.0.1:2181)] INFO  org.apache.zookeeper.ClientCnxn - Session establishment complete on server kubernetes.docker.internal/127.0.0.1:2181, session id = 0x100000492890028, negotiated timeout = 6000
2025-11-20 22:04:49.688 [main-EventThread] INFO  o.a.curator.framework.state.ConnectionStateManager - State change: RECONNECTED
2025-11-20 22:04:49.722 [main-EventThread] INFO  org.apache.curator.framework.imps.EnsembleTracker - New config event received: {}
2025-11-20 22:04:50.259 [check-idCache-thread] INFO  c.e.g.d.i.g.biz.core.segment.SegmentIDGenImpl - update cache from db
2025-11-20 22:04:50.275 [check-idCache-thread] INFO  org.perf4j.TimingLogger - start[1763647490259] time[15] tag[updateCacheFromDb]
2025-11-20 22:05:06.836 [main-SendThread(127.0.0.1:2181)] WARN  org.apache.zookeeper.ClientCnxn - Client session timed out, have not heard from server in 20259ms for session id 0x100000492890028
2025-11-20 22:05:06.836 [main-SendThread(127.0.0.1:2181)] WARN  org.apache.zookeeper.ClientCnxn - Session 0x100000492890028 for sever kubernetes.docker.internal/127.0.0.1:2181, Closing socket connection. Attempting reconnect except it is a SessionExpiredException.
org.apache.zookeeper.ClientCnxn$SessionTimeoutException: Client session timed out, have not heard from server in 20259ms for session id 0x100000492890028
	at org.apache.zookeeper.ClientCnxn$SendThread.run(ClientCnxn.java:1230)
