2025-11-25 12:58:23.135 [main] WARN  com.alibaba.nacos.client.logging.NacosLogging - Load Logback Configuration of Nacos fail, message: Could not initialize Logback Nacos logging from classpath:nacos-logback.xml
2025-11-25 12:58:23.257 [main] WARN  com.alibaba.nacos.client.logging.NacosLogging - Load Logback Configuration of Nacos fail, message: Could not initialize Logback Nacos logging from classpath:nacos-logback.xml
2025-11-25 12:58:24.277 [main] WARN  com.alibaba.nacos.client.logging.NacosLogging - Load Logback Configuration of Nacos fail, message: Could not initialize Logback Nacos logging from classpath:nacos-logback.xml
2025-11-25 12:58:24.302 [main] WARN  com.alibaba.nacos.client.logging.NacosLogging - Load Logback Configuration of Nacos fail, message: Could not initialize Logback Nacos logging from classpath:nacos-logback.xml
2025-11-25 12:58:24.305 [main] INFO  c.evan.greennote.kv.biz.GreenNoteKVBizApplication - The following 1 profile is active: "dev"
2025-11-25 12:58:25.156 [main] INFO  o.s.d.r.config.RepositoryConfigurationDelegate - Bootstrapping Spring Data Reactive Cassandra repositories in DEFAULT mode.
2025-11-25 12:58:25.425 [main] INFO  o.s.d.r.config.RepositoryConfigurationDelegate - Finished Spring Data repository scanning in 260 ms. Found 0 Reactive Cassandra repository interfaces.
2025-11-25 12:58:25.432 [main] INFO  o.s.d.r.config.RepositoryConfigurationDelegate - Bootstrapping Spring Data Cassandra repositories in DEFAULT mode.
2025-11-25 12:58:25.466 [main] INFO  o.s.d.r.config.RepositoryConfigurationDelegate - Finished Spring Data repository scanning in 33 ms. Found 1 Cassandra repository interfaces.
2025-11-25 12:58:25.788 [main] INFO  o.springframework.cloud.context.scope.GenericScope - BeanFactory id=477abb53-46d8-3523-8077-9b2b6b31a0e9
2025-11-25 12:58:26.263 [main] INFO  o.s.boot.web.embedded.tomcat.TomcatWebServer - Tomcat initialized with port(s): 8084 (http)
2025-11-25 12:58:26.279 [main] INFO  org.apache.catalina.core.StandardService - Starting service [Tomcat]
2025-11-25 12:58:26.280 [main] INFO  org.apache.catalina.core.StandardEngine - Starting Servlet engine: [Apache Tomcat/10.1.5]
2025-11-25 12:58:26.453 [main] INFO  o.a.c.core.ContainerBase.[Tomcat].[localhost].[/] - Initializing Spring embedded WebApplicationContext
2025-11-25 12:58:26.454 [main] INFO  o.s.b.w.s.c.ServletWebServerApplicationContext - Root WebApplicationContext: initialization completed in 2128 ms
2025-11-25 12:58:27.022 [main] INFO  c.d.o.driver.internal.core.DefaultMavenCoordinates - DataStax Java driver for Apache Cassandra(R) (com.datastax.oss:java-driver-core) version 4.15.0
2025-11-25 12:58:27.700 [s0-admin-0] INFO  com.datastax.oss.driver.internal.core.time.Clock - Using native clock for microsecond precision
2025-11-25 12:58:28.862 [s1-admin-0] INFO  com.datastax.oss.driver.internal.core.time.Clock - Using native clock for microsecond precision
2025-11-25 12:58:30.674 [main] WARN  o.s.c.l.c.LoadBalancerCacheAutoConfiguration$LoadBalancerCaffeineWarnLogger - Spring Cloud LoadBalancer is currently working with the default cache. While this cache implementation is useful for development and tests, it's recommended to use Caffeine cache in production.You can switch to using Caffeine cache, by adding it and org.springframework.cache.caffeine.CaffeineCacheManager to the classpath.
2025-11-25 12:58:30.808 [main] INFO  o.s.boot.web.embedded.tomcat.TomcatWebServer - Tomcat started on port(s): 8084 (http) with context path ''
2025-11-25 12:58:30.819 [main] WARN  com.alibaba.nacos.client.logging.NacosLogging - Load Logback Configuration of Nacos fail, message: Could not initialize Logback Nacos logging from classpath:nacos-logback.xml
2025-11-25 12:58:30.819 [main] INFO  com.alibaba.nacos.client.naming - initializer namespace from ans.namespace attribute : null
2025-11-25 12:58:30.820 [main] INFO  com.alibaba.nacos.client.naming - initializer namespace from ALIBABA_ALIWARE_NAMESPACE attribute :null
2025-11-25 12:58:30.821 [main] INFO  com.alibaba.nacos.client.naming - initializer namespace from namespace attribute :null
2025-11-25 12:58:30.863 [main] INFO  com.alibaba.nacos.client.utils.ParamUtil - [settings] [req-serv] nacos-server port:8848
2025-11-25 12:58:30.863 [main] INFO  com.alibaba.nacos.client.utils.ParamUtil - [settings] [http-client] connect timeout:1000
2025-11-25 12:58:30.865 [main] INFO  com.alibaba.nacos.client.utils.ParamUtil - PER_TASK_CONFIG_SIZE: 3000.0
2025-11-25 12:58:30.872 [main] INFO  c.a.n.p.auth.spi.client.ClientAuthPluginManager - [ClientAuthPluginManager] Load ClientAuthService com.alibaba.nacos.client.auth.impl.NacosClientAuthServiceImpl success.
2025-11-25 12:58:30.872 [main] INFO  c.a.n.p.auth.spi.client.ClientAuthPluginManager - [ClientAuthPluginManager] Load ClientAuthService com.alibaba.nacos.client.auth.ram.RamClientAuthServiceImpl success.
2025-11-25 12:58:30.877 [main] INFO  c.a.n.client.auth.ram.identify.CredentialWatcher - null No credential found
2025-11-25 12:58:30.893 [main] INFO  com.alibaba.nacos.common.remote.client - [RpcClientFactory] create a new rpc client of c63d757f-acf2-46cb-9484-086cf87d4cdb
2025-11-25 12:58:30.929 [main] INFO  com.alibaba.nacos.common.remote.client - [c63d757f-acf2-46cb-9484-086cf87d4cdb] RpcClient init, ServerListFactory = com.alibaba.nacos.client.naming.core.ServerListManager
2025-11-25 12:58:30.932 [main] INFO  com.alibaba.nacos.common.remote.client - [c63d757f-acf2-46cb-9484-086cf87d4cdb] Registry connection listener to current client:com.alibaba.nacos.client.naming.remote.gprc.redo.NamingGrpcRedoService
2025-11-25 12:58:30.932 [main] INFO  com.alibaba.nacos.common.remote.client - [c63d757f-acf2-46cb-9484-086cf87d4cdb] Register server push request handler:com.alibaba.nacos.client.naming.remote.gprc.NamingPushRequestHandler
2025-11-25 12:58:30.937 [main] INFO  com.alibaba.nacos.common.remote.client - [c63d757f-acf2-46cb-9484-086cf87d4cdb] Try to connect to server on start up, server: {serverIp = '127.0.0.1', server main port = 8848}
2025-11-25 12:58:30.998 [main] INFO  c.a.nacos.common.remote.client.grpc.GrpcClient - grpc client connection server:127.0.0.1 ip,serverPort:9848,grpcTslConfig:{"sslProvider":"OPENSSL","enableTls":false,"mutualAuthEnable":false,"trustAll":false}
2025-11-25 12:58:32.534 [main] INFO  com.alibaba.nacos.common.remote.client - [c63d757f-acf2-46cb-9484-086cf87d4cdb] Success to connect to server [127.0.0.1:8848] on start up, connectionId = 1764046712248_127.0.0.1_32561
2025-11-25 12:58:32.536 [com.alibaba.nacos.client.remote.worker] INFO  com.alibaba.nacos.common.remote.client - [c63d757f-acf2-46cb-9484-086cf87d4cdb] Notify connected event to listeners.
2025-11-25 12:58:32.536 [com.alibaba.nacos.client.remote.worker] INFO  com.alibaba.nacos.client.naming - Grpc connection connect
2025-11-25 12:58:32.536 [main] INFO  com.alibaba.nacos.common.remote.client - [c63d757f-acf2-46cb-9484-086cf87d4cdb] Register server push request handler:com.alibaba.nacos.common.remote.client.RpcClient$ConnectResetRequestHandler
2025-11-25 12:58:32.537 [main] INFO  com.alibaba.nacos.common.remote.client - [c63d757f-acf2-46cb-9484-086cf87d4cdb] Register server push request handler:com.alibaba.nacos.common.remote.client.RpcClient$$Lambda$1488/0x00000227818b0228
2025-11-25 12:58:32.538 [main] INFO  com.alibaba.nacos.client.naming - [REGISTER-SERVICE] greennote registering service GreenNote-kv with instance Instance{instanceId='null', ip='10.36.15.120', port=8084, weight=1.0, healthy=true, enabled=true, ephemeral=true, clusterName='DEFAULT', serviceName='null', metadata={IPv6=null, preserved.register.source=SPRING_CLOUD}}
2025-11-25 12:58:32.566 [main] INFO  c.a.cloud.nacos.registry.NacosServiceRegistry - nacos registry, DEFAULT_GROUP GreenNote-kv 10.36.15.120:8084 register finished
2025-11-25 12:58:32.852 [main] INFO  c.evan.greennote.kv.biz.GreenNoteKVBizApplication - Started GreenNoteKVBizApplication in 10.97 seconds (process running for 13.653)
2025-11-25 13:00:27.418 [Thread-21] WARN  com.alibaba.nacos.common.notify.NotifyCenter - [NotifyCenter] Start destroying Publisher
2025-11-25 13:00:27.418 [Thread-21] WARN  com.alibaba.nacos.common.notify.NotifyCenter - [NotifyCenter] Destruction of the end
2025-11-25 13:00:27.421 [Thread-24] WARN  c.alibaba.nacos.common.http.HttpClientBeanHolder - [HttpClientBeanHolder] Start destroying common HttpClient
2025-11-25 13:00:27.422 [Thread-24] WARN  c.alibaba.nacos.common.http.HttpClientBeanHolder - [HttpClientBeanHolder] Destruction of the end
2025-11-25 13:00:29.590 [SpringApplicationShutdownHook] INFO  c.a.cloud.nacos.registry.NacosServiceRegistry - De-registering from Nacos Server now...
2025-11-25 13:00:29.590 [SpringApplicationShutdownHook] INFO  com.alibaba.nacos.client.naming - [DEREGISTER-SERVICE] greennote deregistering service GreenNote-kv with instance: Instance{instanceId='null', ip='10.36.15.120', port=8084, weight=1.0, healthy=true, enabled=true, ephemeral=true, clusterName='DEFAULT', serviceName='null', metadata={}}
2025-11-25 13:00:29.597 [SpringApplicationShutdownHook] INFO  c.a.cloud.nacos.registry.NacosServiceRegistry - De-registration finished.
2025-11-25 13:00:29.599 [SpringApplicationShutdownHook] INFO  com.alibaba.nacos.client.naming - com.alibaba.nacos.client.naming.cache.ServiceInfoHolder do shutdown begin
2025-11-25 13:00:29.599 [SpringApplicationShutdownHook] INFO  com.alibaba.nacos.client.naming - com.alibaba.nacos.client.naming.backups.FailoverReactor do shutdown begin
2025-11-25 13:00:29.599 [SpringApplicationShutdownHook] INFO  com.alibaba.nacos.client.naming - com.alibaba.nacos.client.naming.backups.FailoverReactor do shutdown stop
2025-11-25 13:00:29.599 [SpringApplicationShutdownHook] INFO  com.alibaba.nacos.client.naming - com.alibaba.nacos.client.naming.cache.ServiceInfoHolder do shutdown stop
2025-11-25 13:00:29.599 [SpringApplicationShutdownHook] INFO  com.alibaba.nacos.client.naming - com.alibaba.nacos.client.naming.remote.NamingClientProxyDelegate do shutdown begin
2025-11-25 13:00:29.600 [SpringApplicationShutdownHook] INFO  com.alibaba.nacos.client.naming - com.alibaba.nacos.client.naming.core.ServiceInfoUpdateService do shutdown begin
2025-11-25 13:00:29.600 [SpringApplicationShutdownHook] INFO  com.alibaba.nacos.client.naming - com.alibaba.nacos.client.naming.core.ServiceInfoUpdateService do shutdown stop
2025-11-25 13:00:29.600 [SpringApplicationShutdownHook] INFO  com.alibaba.nacos.client.naming - com.alibaba.nacos.client.naming.core.ServerListManager do shutdown begin
2025-11-25 13:00:29.600 [SpringApplicationShutdownHook] WARN  com.alibaba.nacos.client.naming - [NamingHttpClientManager] Start destroying NacosRestTemplate
2025-11-25 13:00:29.600 [SpringApplicationShutdownHook] WARN  com.alibaba.nacos.client.naming - [NamingHttpClientManager] Destruction of the end
2025-11-25 13:00:29.600 [SpringApplicationShutdownHook] INFO  com.alibaba.nacos.client.naming - com.alibaba.nacos.client.naming.core.ServerListManager do shutdown stop
2025-11-25 13:00:29.601 [SpringApplicationShutdownHook] INFO  com.alibaba.nacos.client.naming - com.alibaba.nacos.client.naming.remote.http.NamingHttpClientProxy do shutdown begin
2025-11-25 13:00:29.601 [SpringApplicationShutdownHook] WARN  com.alibaba.nacos.client.naming - [NamingHttpClientManager] Start destroying NacosRestTemplate
2025-11-25 13:00:29.601 [SpringApplicationShutdownHook] WARN  com.alibaba.nacos.client.naming - [NamingHttpClientManager] Destruction of the end
2025-11-25 13:00:29.601 [SpringApplicationShutdownHook] INFO  com.alibaba.nacos.client.naming - com.alibaba.nacos.client.naming.remote.http.NamingHttpClientProxy do shutdown stop
2025-11-25 13:00:29.601 [SpringApplicationShutdownHook] INFO  com.alibaba.nacos.common.remote.client - Shutdown rpc client, set status to shutdown
2025-11-25 13:00:29.601 [SpringApplicationShutdownHook] INFO  com.alibaba.nacos.common.remote.client - Shutdown client event executor java.util.concurrent.ScheduledThreadPoolExecutor@6f323ee7[Running, pool size = 2, active threads = 2, queued tasks = 0, completed tasks = 0]
2025-11-25 13:00:29.601 [SpringApplicationShutdownHook] INFO  com.alibaba.nacos.common.remote.client - Close current connection 1764046712248_127.0.0.1_32561
2025-11-25 13:00:29.603 [SpringApplicationShutdownHook] INFO  c.a.nacos.common.remote.client.grpc.GrpcClient - Shutdown grpc executor java.util.concurrent.ThreadPoolExecutor@619fbcaa[Running, pool size = 4, active threads = 0, queued tasks = 0, completed tasks = 40]
2025-11-25 13:00:29.604 [SpringApplicationShutdownHook] INFO  com.alibaba.nacos.client.naming - Shutdown grpc redo service executor java.util.concurrent.ScheduledThreadPoolExecutor@3ea65755[Running, pool size = 1, active threads = 0, queued tasks = 1, completed tasks = 39]
2025-11-25 13:00:29.604 [SpringApplicationShutdownHook] INFO  c.a.n.client.auth.ram.identify.CredentialWatcher - [null] CredentialWatcher is stopped
2025-11-25 13:00:29.604 [SpringApplicationShutdownHook] INFO  c.a.n.client.auth.ram.identify.CredentialService - [null] CredentialService is freed
2025-11-25 13:00:29.604 [SpringApplicationShutdownHook] INFO  com.alibaba.nacos.client.naming - com.alibaba.nacos.client.naming.remote.NamingClientProxyDelegate do shutdown stop
2025-11-25 13:00:56.641 [main] WARN  com.alibaba.nacos.client.logging.NacosLogging - Load Logback Configuration of Nacos fail, message: Could not initialize Logback Nacos logging from classpath:nacos-logback.xml
2025-11-25 13:00:56.757 [main] WARN  com.alibaba.nacos.client.logging.NacosLogging - Load Logback Configuration of Nacos fail, message: Could not initialize Logback Nacos logging from classpath:nacos-logback.xml
2025-11-25 13:00:57.668 [main] WARN  com.alibaba.nacos.client.logging.NacosLogging - Load Logback Configuration of Nacos fail, message: Could not initialize Logback Nacos logging from classpath:nacos-logback.xml
2025-11-25 13:00:57.691 [main] WARN  com.alibaba.nacos.client.logging.NacosLogging - Load Logback Configuration of Nacos fail, message: Could not initialize Logback Nacos logging from classpath:nacos-logback.xml
2025-11-25 13:00:57.692 [main] INFO  c.evan.greennote.kv.biz.GreenNoteKVBizApplication - The following 1 profile is active: "dev"
2025-11-25 13:00:58.643 [main] INFO  o.s.d.r.config.RepositoryConfigurationDelegate - Bootstrapping Spring Data Reactive Cassandra repositories in DEFAULT mode.
2025-11-25 13:00:58.923 [main] INFO  o.s.d.r.config.RepositoryConfigurationDelegate - Finished Spring Data repository scanning in 271 ms. Found 0 Reactive Cassandra repository interfaces.
2025-11-25 13:00:58.931 [main] INFO  o.s.d.r.config.RepositoryConfigurationDelegate - Bootstrapping Spring Data Cassandra repositories in DEFAULT mode.
2025-11-25 13:00:58.958 [main] INFO  o.s.d.r.config.RepositoryConfigurationDelegate - Finished Spring Data repository scanning in 27 ms. Found 1 Cassandra repository interfaces.
2025-11-25 13:00:59.263 [main] INFO  o.springframework.cloud.context.scope.GenericScope - BeanFactory id=477abb53-46d8-3523-8077-9b2b6b31a0e9
2025-11-25 13:00:59.819 [main] INFO  o.s.boot.web.embedded.tomcat.TomcatWebServer - Tomcat initialized with port(s): 8084 (http)
2025-11-25 13:00:59.845 [main] INFO  org.apache.catalina.core.StandardService - Starting service [Tomcat]
2025-11-25 13:00:59.845 [main] INFO  org.apache.catalina.core.StandardEngine - Starting Servlet engine: [Apache Tomcat/10.1.5]
2025-11-25 13:01:00.134 [main] INFO  o.a.c.core.ContainerBase.[Tomcat].[localhost].[/] - Initializing Spring embedded WebApplicationContext
2025-11-25 13:01:00.134 [main] INFO  o.s.b.w.s.c.ServletWebServerApplicationContext - Root WebApplicationContext: initialization completed in 2419 ms
2025-11-25 13:01:00.758 [main] INFO  c.d.o.driver.internal.core.DefaultMavenCoordinates - DataStax Java driver for Apache Cassandra(R) (com.datastax.oss:java-driver-core) version 4.15.0
2025-11-25 13:01:01.552 [s0-admin-0] INFO  com.datastax.oss.driver.internal.core.time.Clock - Using native clock for microsecond precision
2025-11-25 13:01:02.266 [s1-admin-0] INFO  com.datastax.oss.driver.internal.core.time.Clock - Using native clock for microsecond precision
2025-11-25 13:01:04.334 [main] WARN  o.s.c.l.c.LoadBalancerCacheAutoConfiguration$LoadBalancerCaffeineWarnLogger - Spring Cloud LoadBalancer is currently working with the default cache. While this cache implementation is useful for development and tests, it's recommended to use Caffeine cache in production.You can switch to using Caffeine cache, by adding it and org.springframework.cache.caffeine.CaffeineCacheManager to the classpath.
2025-11-25 13:01:04.461 [main] INFO  o.s.boot.web.embedded.tomcat.TomcatWebServer - Tomcat started on port(s): 8084 (http) with context path ''
2025-11-25 13:01:04.473 [main] WARN  com.alibaba.nacos.client.logging.NacosLogging - Load Logback Configuration of Nacos fail, message: Could not initialize Logback Nacos logging from classpath:nacos-logback.xml
2025-11-25 13:01:04.475 [main] INFO  com.alibaba.nacos.client.naming - initializer namespace from ans.namespace attribute : null
2025-11-25 13:01:04.476 [main] INFO  com.alibaba.nacos.client.naming - initializer namespace from ALIBABA_ALIWARE_NAMESPACE attribute :null
2025-11-25 13:01:04.477 [main] INFO  com.alibaba.nacos.client.naming - initializer namespace from namespace attribute :null
2025-11-25 13:01:04.521 [main] INFO  com.alibaba.nacos.client.utils.ParamUtil - [settings] [req-serv] nacos-server port:8848
2025-11-25 13:01:04.521 [main] INFO  com.alibaba.nacos.client.utils.ParamUtil - [settings] [http-client] connect timeout:1000
2025-11-25 13:01:04.522 [main] INFO  com.alibaba.nacos.client.utils.ParamUtil - PER_TASK_CONFIG_SIZE: 3000.0
2025-11-25 13:01:04.532 [main] INFO  c.a.n.p.auth.spi.client.ClientAuthPluginManager - [ClientAuthPluginManager] Load ClientAuthService com.alibaba.nacos.client.auth.impl.NacosClientAuthServiceImpl success.
2025-11-25 13:01:04.532 [main] INFO  c.a.n.p.auth.spi.client.ClientAuthPluginManager - [ClientAuthPluginManager] Load ClientAuthService com.alibaba.nacos.client.auth.ram.RamClientAuthServiceImpl success.
2025-11-25 13:01:04.537 [main] INFO  c.a.n.client.auth.ram.identify.CredentialWatcher - null No credential found
2025-11-25 13:01:04.553 [main] INFO  com.alibaba.nacos.common.remote.client - [RpcClientFactory] create a new rpc client of 931cfacd-14bc-490d-9a58-95f84daa5210
2025-11-25 13:01:04.592 [main] INFO  com.alibaba.nacos.common.remote.client - [931cfacd-14bc-490d-9a58-95f84daa5210] RpcClient init, ServerListFactory = com.alibaba.nacos.client.naming.core.ServerListManager
2025-11-25 13:01:04.592 [main] INFO  com.alibaba.nacos.common.remote.client - [931cfacd-14bc-490d-9a58-95f84daa5210] Registry connection listener to current client:com.alibaba.nacos.client.naming.remote.gprc.redo.NamingGrpcRedoService
2025-11-25 13:01:04.594 [main] INFO  com.alibaba.nacos.common.remote.client - [931cfacd-14bc-490d-9a58-95f84daa5210] Register server push request handler:com.alibaba.nacos.client.naming.remote.gprc.NamingPushRequestHandler
2025-11-25 13:01:04.598 [main] INFO  com.alibaba.nacos.common.remote.client - [931cfacd-14bc-490d-9a58-95f84daa5210] Try to connect to server on start up, server: {serverIp = '127.0.0.1', server main port = 8848}
2025-11-25 13:01:04.669 [main] INFO  c.a.nacos.common.remote.client.grpc.GrpcClient - grpc client connection server:127.0.0.1 ip,serverPort:9848,grpcTslConfig:{"sslProvider":"OPENSSL","enableTls":false,"mutualAuthEnable":false,"trustAll":false}
2025-11-25 13:01:06.315 [main] INFO  com.alibaba.nacos.common.remote.client - [931cfacd-14bc-490d-9a58-95f84daa5210] Success to connect to server [127.0.0.1:8848] on start up, connectionId = 1764046866045_127.0.0.1_14748
2025-11-25 13:01:06.316 [com.alibaba.nacos.client.remote.worker] INFO  com.alibaba.nacos.common.remote.client - [931cfacd-14bc-490d-9a58-95f84daa5210] Notify connected event to listeners.
2025-11-25 13:01:06.317 [com.alibaba.nacos.client.remote.worker] INFO  com.alibaba.nacos.client.naming - Grpc connection connect
2025-11-25 13:01:06.317 [main] INFO  com.alibaba.nacos.common.remote.client - [931cfacd-14bc-490d-9a58-95f84daa5210] Register server push request handler:com.alibaba.nacos.common.remote.client.RpcClient$ConnectResetRequestHandler
2025-11-25 13:01:06.318 [main] INFO  com.alibaba.nacos.common.remote.client - [931cfacd-14bc-490d-9a58-95f84daa5210] Register server push request handler:com.alibaba.nacos.common.remote.client.RpcClient$$Lambda$1499/0x00000286578f0440
2025-11-25 13:01:06.319 [main] INFO  com.alibaba.nacos.client.naming - [REGISTER-SERVICE] greennote registering service GreenNote-kv with instance Instance{instanceId='null', ip='10.36.15.120', port=8084, weight=1.0, healthy=true, enabled=true, ephemeral=true, clusterName='DEFAULT', serviceName='null', metadata={IPv6=null, preserved.register.source=SPRING_CLOUD}}
2025-11-25 13:01:06.341 [main] INFO  c.a.cloud.nacos.registry.NacosServiceRegistry - nacos registry, DEFAULT_GROUP GreenNote-kv 10.36.15.120:8084 register finished
2025-11-25 13:01:06.678 [main] INFO  c.evan.greennote.kv.biz.GreenNoteKVBizApplication - Started GreenNoteKVBizApplication in 11.348 seconds (process running for 12.259)
2025-11-25 13:07:32.734 [Thread-21] WARN  com.alibaba.nacos.common.notify.NotifyCenter - [NotifyCenter] Start destroying Publisher
2025-11-25 13:07:32.735 [Thread-24] WARN  c.alibaba.nacos.common.http.HttpClientBeanHolder - [HttpClientBeanHolder] Start destroying common HttpClient
2025-11-25 13:07:32.735 [Thread-21] WARN  com.alibaba.nacos.common.notify.NotifyCenter - [NotifyCenter] Destruction of the end
2025-11-25 13:07:32.736 [Thread-24] WARN  c.alibaba.nacos.common.http.HttpClientBeanHolder - [HttpClientBeanHolder] Destruction of the end
2025-11-25 13:07:34.940 [SpringApplicationShutdownHook] INFO  c.a.cloud.nacos.registry.NacosServiceRegistry - De-registering from Nacos Server now...
2025-11-25 13:07:34.941 [SpringApplicationShutdownHook] INFO  com.alibaba.nacos.client.naming - [DEREGISTER-SERVICE] greennote deregistering service GreenNote-kv with instance: Instance{instanceId='null', ip='10.36.15.120', port=8084, weight=1.0, healthy=true, enabled=true, ephemeral=true, clusterName='DEFAULT', serviceName='null', metadata={}}
2025-11-25 13:07:34.947 [SpringApplicationShutdownHook] INFO  c.a.cloud.nacos.registry.NacosServiceRegistry - De-registration finished.
2025-11-25 13:07:34.947 [SpringApplicationShutdownHook] INFO  com.alibaba.nacos.client.naming - com.alibaba.nacos.client.naming.cache.ServiceInfoHolder do shutdown begin
2025-11-25 13:07:34.948 [SpringApplicationShutdownHook] INFO  com.alibaba.nacos.client.naming - com.alibaba.nacos.client.naming.backups.FailoverReactor do shutdown begin
2025-11-25 13:07:34.948 [SpringApplicationShutdownHook] INFO  com.alibaba.nacos.client.naming - com.alibaba.nacos.client.naming.backups.FailoverReactor do shutdown stop
2025-11-25 13:07:34.948 [SpringApplicationShutdownHook] INFO  com.alibaba.nacos.client.naming - com.alibaba.nacos.client.naming.cache.ServiceInfoHolder do shutdown stop
2025-11-25 13:07:34.948 [SpringApplicationShutdownHook] INFO  com.alibaba.nacos.client.naming - com.alibaba.nacos.client.naming.remote.NamingClientProxyDelegate do shutdown begin
2025-11-25 13:07:34.948 [SpringApplicationShutdownHook] INFO  com.alibaba.nacos.client.naming - com.alibaba.nacos.client.naming.core.ServiceInfoUpdateService do shutdown begin
2025-11-25 13:07:34.949 [SpringApplicationShutdownHook] INFO  com.alibaba.nacos.client.naming - com.alibaba.nacos.client.naming.core.ServiceInfoUpdateService do shutdown stop
2025-11-25 13:07:34.949 [SpringApplicationShutdownHook] INFO  com.alibaba.nacos.client.naming - com.alibaba.nacos.client.naming.core.ServerListManager do shutdown begin
2025-11-25 13:07:34.949 [SpringApplicationShutdownHook] WARN  com.alibaba.nacos.client.naming - [NamingHttpClientManager] Start destroying NacosRestTemplate
2025-11-25 13:07:34.949 [SpringApplicationShutdownHook] WARN  com.alibaba.nacos.client.naming - [NamingHttpClientManager] Destruction of the end
2025-11-25 13:07:34.949 [SpringApplicationShutdownHook] INFO  com.alibaba.nacos.client.naming - com.alibaba.nacos.client.naming.core.ServerListManager do shutdown stop
2025-11-25 13:07:34.949 [SpringApplicationShutdownHook] INFO  com.alibaba.nacos.client.naming - com.alibaba.nacos.client.naming.remote.http.NamingHttpClientProxy do shutdown begin
2025-11-25 13:07:34.949 [SpringApplicationShutdownHook] WARN  com.alibaba.nacos.client.naming - [NamingHttpClientManager] Start destroying NacosRestTemplate
2025-11-25 13:07:34.949 [SpringApplicationShutdownHook] WARN  com.alibaba.nacos.client.naming - [NamingHttpClientManager] Destruction of the end
2025-11-25 13:07:34.949 [SpringApplicationShutdownHook] INFO  com.alibaba.nacos.client.naming - com.alibaba.nacos.client.naming.remote.http.NamingHttpClientProxy do shutdown stop
2025-11-25 13:07:34.949 [SpringApplicationShutdownHook] INFO  com.alibaba.nacos.common.remote.client - Shutdown rpc client, set status to shutdown
2025-11-25 13:07:34.949 [SpringApplicationShutdownHook] INFO  com.alibaba.nacos.common.remote.client - Shutdown client event executor java.util.concurrent.ScheduledThreadPoolExecutor@48e8200e[Running, pool size = 2, active threads = 2, queued tasks = 0, completed tasks = 0]
2025-11-25 13:07:34.949 [SpringApplicationShutdownHook] INFO  com.alibaba.nacos.common.remote.client - Close current connection 1764046866045_127.0.0.1_14748
2025-11-25 13:07:34.951 [SpringApplicationShutdownHook] INFO  c.a.nacos.common.remote.client.grpc.GrpcClient - Shutdown grpc executor java.util.concurrent.ThreadPoolExecutor@820fc4e[Running, pool size = 4, active threads = 0, queued tasks = 0, completed tasks = 100]
2025-11-25 13:07:34.951 [SpringApplicationShutdownHook] INFO  com.alibaba.nacos.client.naming - Shutdown grpc redo service executor java.util.concurrent.ScheduledThreadPoolExecutor@1d249b32[Running, pool size = 1, active threads = 0, queued tasks = 1, completed tasks = 129]
2025-11-25 13:07:34.951 [SpringApplicationShutdownHook] INFO  c.a.n.client.auth.ram.identify.CredentialWatcher - [null] CredentialWatcher is stopped
2025-11-25 13:07:34.951 [SpringApplicationShutdownHook] INFO  c.a.n.client.auth.ram.identify.CredentialService - [null] CredentialService is freed
2025-11-25 13:07:34.952 [SpringApplicationShutdownHook] INFO  com.alibaba.nacos.client.naming - com.alibaba.nacos.client.naming.remote.NamingClientProxyDelegate do shutdown stop
2025-11-25 13:08:06.985 [main] WARN  com.alibaba.nacos.client.logging.NacosLogging - Load Logback Configuration of Nacos fail, message: Could not initialize Logback Nacos logging from classpath:nacos-logback.xml
2025-11-25 13:08:07.090 [main] WARN  com.alibaba.nacos.client.logging.NacosLogging - Load Logback Configuration of Nacos fail, message: Could not initialize Logback Nacos logging from classpath:nacos-logback.xml
2025-11-25 13:08:08.102 [main] WARN  com.alibaba.nacos.client.logging.NacosLogging - Load Logback Configuration of Nacos fail, message: Could not initialize Logback Nacos logging from classpath:nacos-logback.xml
2025-11-25 13:08:08.129 [main] WARN  com.alibaba.nacos.client.logging.NacosLogging - Load Logback Configuration of Nacos fail, message: Could not initialize Logback Nacos logging from classpath:nacos-logback.xml
2025-11-25 13:08:08.134 [main] INFO  c.evan.greennote.kv.biz.GreenNoteKVBizApplication - The following 1 profile is active: "dev"
2025-11-25 13:08:09.207 [main] INFO  o.s.d.r.config.RepositoryConfigurationDelegate - Bootstrapping Spring Data Reactive Cassandra repositories in DEFAULT mode.
2025-11-25 13:08:09.430 [main] INFO  o.s.d.r.config.RepositoryConfigurationDelegate - Finished Spring Data repository scanning in 216 ms. Found 0 Reactive Cassandra repository interfaces.
2025-11-25 13:08:09.436 [main] INFO  o.s.d.r.config.RepositoryConfigurationDelegate - Bootstrapping Spring Data Cassandra repositories in DEFAULT mode.
2025-11-25 13:08:09.462 [main] INFO  o.s.d.r.config.RepositoryConfigurationDelegate - Finished Spring Data repository scanning in 25 ms. Found 1 Cassandra repository interfaces.
2025-11-25 13:08:09.810 [main] INFO  o.springframework.cloud.context.scope.GenericScope - BeanFactory id=477abb53-46d8-3523-8077-9b2b6b31a0e9
2025-11-25 13:08:10.551 [main] INFO  o.s.boot.web.embedded.tomcat.TomcatWebServer - Tomcat initialized with port(s): 8084 (http)
2025-11-25 13:08:10.583 [main] INFO  org.apache.catalina.core.StandardService - Starting service [Tomcat]
2025-11-25 13:08:10.584 [main] INFO  org.apache.catalina.core.StandardEngine - Starting Servlet engine: [Apache Tomcat/10.1.5]
2025-11-25 13:08:10.883 [main] INFO  o.a.c.core.ContainerBase.[Tomcat].[localhost].[/] - Initializing Spring embedded WebApplicationContext
2025-11-25 13:08:10.884 [main] INFO  o.s.b.w.s.c.ServletWebServerApplicationContext - Root WebApplicationContext: initialization completed in 2721 ms
2025-11-25 13:08:11.553 [main] INFO  c.d.o.driver.internal.core.DefaultMavenCoordinates - DataStax Java driver for Apache Cassandra(R) (com.datastax.oss:java-driver-core) version 4.15.0
2025-11-25 13:08:12.369 [s0-admin-0] INFO  com.datastax.oss.driver.internal.core.time.Clock - Using native clock for microsecond precision
2025-11-25 13:08:13.203 [s1-admin-0] INFO  com.datastax.oss.driver.internal.core.time.Clock - Using native clock for microsecond precision
2025-11-25 13:08:15.349 [main] WARN  o.s.c.l.c.LoadBalancerCacheAutoConfiguration$LoadBalancerCaffeineWarnLogger - Spring Cloud LoadBalancer is currently working with the default cache. While this cache implementation is useful for development and tests, it's recommended to use Caffeine cache in production.You can switch to using Caffeine cache, by adding it and org.springframework.cache.caffeine.CaffeineCacheManager to the classpath.
2025-11-25 13:08:15.448 [main] INFO  o.s.boot.web.embedded.tomcat.TomcatWebServer - Tomcat started on port(s): 8084 (http) with context path ''
2025-11-25 13:08:15.460 [main] WARN  com.alibaba.nacos.client.logging.NacosLogging - Load Logback Configuration of Nacos fail, message: Could not initialize Logback Nacos logging from classpath:nacos-logback.xml
2025-11-25 13:08:15.460 [main] INFO  com.alibaba.nacos.client.naming - initializer namespace from ans.namespace attribute : null
2025-11-25 13:08:15.461 [main] INFO  com.alibaba.nacos.client.naming - initializer namespace from ALIBABA_ALIWARE_NAMESPACE attribute :null
2025-11-25 13:08:15.462 [main] INFO  com.alibaba.nacos.client.naming - initializer namespace from namespace attribute :null
2025-11-25 13:08:15.500 [main] INFO  com.alibaba.nacos.client.utils.ParamUtil - [settings] [req-serv] nacos-server port:8848
2025-11-25 13:08:15.500 [main] INFO  com.alibaba.nacos.client.utils.ParamUtil - [settings] [http-client] connect timeout:1000
2025-11-25 13:08:15.502 [main] INFO  com.alibaba.nacos.client.utils.ParamUtil - PER_TASK_CONFIG_SIZE: 3000.0
2025-11-25 13:08:15.509 [main] INFO  c.a.n.p.auth.spi.client.ClientAuthPluginManager - [ClientAuthPluginManager] Load ClientAuthService com.alibaba.nacos.client.auth.impl.NacosClientAuthServiceImpl success.
2025-11-25 13:08:15.509 [main] INFO  c.a.n.p.auth.spi.client.ClientAuthPluginManager - [ClientAuthPluginManager] Load ClientAuthService com.alibaba.nacos.client.auth.ram.RamClientAuthServiceImpl success.
2025-11-25 13:08:15.513 [main] INFO  c.a.n.client.auth.ram.identify.CredentialWatcher - null No credential found
2025-11-25 13:08:15.527 [main] INFO  com.alibaba.nacos.common.remote.client - [RpcClientFactory] create a new rpc client of eb5f7edc-5604-40e7-b025-532b88c29c84
2025-11-25 13:08:15.560 [main] INFO  com.alibaba.nacos.common.remote.client - [eb5f7edc-5604-40e7-b025-532b88c29c84] RpcClient init, ServerListFactory = com.alibaba.nacos.client.naming.core.ServerListManager
2025-11-25 13:08:15.560 [main] INFO  com.alibaba.nacos.common.remote.client - [eb5f7edc-5604-40e7-b025-532b88c29c84] Registry connection listener to current client:com.alibaba.nacos.client.naming.remote.gprc.redo.NamingGrpcRedoService
2025-11-25 13:08:15.561 [main] INFO  com.alibaba.nacos.common.remote.client - [eb5f7edc-5604-40e7-b025-532b88c29c84] Register server push request handler:com.alibaba.nacos.client.naming.remote.gprc.NamingPushRequestHandler
2025-11-25 13:08:15.565 [main] INFO  com.alibaba.nacos.common.remote.client - [eb5f7edc-5604-40e7-b025-532b88c29c84] Try to connect to server on start up, server: {serverIp = '127.0.0.1', server main port = 8848}
2025-11-25 13:08:15.624 [main] INFO  c.a.nacos.common.remote.client.grpc.GrpcClient - grpc client connection server:127.0.0.1 ip,serverPort:9848,grpcTslConfig:{"sslProvider":"OPENSSL","enableTls":false,"mutualAuthEnable":false,"trustAll":false}
2025-11-25 13:08:17.105 [main] INFO  com.alibaba.nacos.common.remote.client - [eb5f7edc-5604-40e7-b025-532b88c29c84] Success to connect to server [127.0.0.1:8848] on start up, connectionId = 1764047296822_127.0.0.1_46257
2025-11-25 13:08:17.107 [com.alibaba.nacos.client.remote.worker] INFO  com.alibaba.nacos.common.remote.client - [eb5f7edc-5604-40e7-b025-532b88c29c84] Notify connected event to listeners.
2025-11-25 13:08:17.107 [com.alibaba.nacos.client.remote.worker] INFO  com.alibaba.nacos.client.naming - Grpc connection connect
2025-11-25 13:08:17.107 [main] INFO  com.alibaba.nacos.common.remote.client - [eb5f7edc-5604-40e7-b025-532b88c29c84] Register server push request handler:com.alibaba.nacos.common.remote.client.RpcClient$ConnectResetRequestHandler
2025-11-25 13:08:17.108 [main] INFO  com.alibaba.nacos.common.remote.client - [eb5f7edc-5604-40e7-b025-532b88c29c84] Register server push request handler:com.alibaba.nacos.common.remote.client.RpcClient$$Lambda$1500/0x000001cf558f2110
2025-11-25 13:08:17.109 [main] INFO  com.alibaba.nacos.client.naming - [REGISTER-SERVICE] greennote registering service GreenNote-kv with instance Instance{instanceId='null', ip='10.36.15.120', port=8084, weight=1.0, healthy=true, enabled=true, ephemeral=true, clusterName='DEFAULT', serviceName='null', metadata={IPv6=null, preserved.register.source=SPRING_CLOUD}}
2025-11-25 13:08:17.133 [main] INFO  c.a.cloud.nacos.registry.NacosServiceRegistry - nacos registry, DEFAULT_GROUP GreenNote-kv 10.36.15.120:8084 register finished
2025-11-25 13:08:17.375 [main] INFO  c.evan.greennote.kv.biz.GreenNoteKVBizApplication - Started GreenNoteKVBizApplication in 11.772 seconds (process running for 12.908)
2025-11-25 13:12:31.581 [Thread-21] WARN  com.alibaba.nacos.common.notify.NotifyCenter - [NotifyCenter] Start destroying Publisher
2025-11-25 13:12:31.584 [Thread-21] WARN  com.alibaba.nacos.common.notify.NotifyCenter - [NotifyCenter] Destruction of the end
2025-11-25 13:12:31.618 [Thread-24] WARN  c.alibaba.nacos.common.http.HttpClientBeanHolder - [HttpClientBeanHolder] Start destroying common HttpClient
2025-11-25 13:12:31.619 [Thread-24] WARN  c.alibaba.nacos.common.http.HttpClientBeanHolder - [HttpClientBeanHolder] Destruction of the end
2025-11-25 13:12:33.757 [SpringApplicationShutdownHook] INFO  c.a.cloud.nacos.registry.NacosServiceRegistry - De-registering from Nacos Server now...
2025-11-25 13:12:33.757 [SpringApplicationShutdownHook] INFO  com.alibaba.nacos.client.naming - [DEREGISTER-SERVICE] greennote deregistering service GreenNote-kv with instance: Instance{instanceId='null', ip='10.36.15.120', port=8084, weight=1.0, healthy=true, enabled=true, ephemeral=true, clusterName='DEFAULT', serviceName='null', metadata={}}
2025-11-25 13:12:33.764 [SpringApplicationShutdownHook] INFO  c.a.cloud.nacos.registry.NacosServiceRegistry - De-registration finished.
2025-11-25 13:12:33.765 [SpringApplicationShutdownHook] INFO  com.alibaba.nacos.client.naming - com.alibaba.nacos.client.naming.cache.ServiceInfoHolder do shutdown begin
2025-11-25 13:12:33.765 [SpringApplicationShutdownHook] INFO  com.alibaba.nacos.client.naming - com.alibaba.nacos.client.naming.backups.FailoverReactor do shutdown begin
2025-11-25 13:12:33.765 [SpringApplicationShutdownHook] INFO  com.alibaba.nacos.client.naming - com.alibaba.nacos.client.naming.backups.FailoverReactor do shutdown stop
2025-11-25 13:12:33.765 [SpringApplicationShutdownHook] INFO  com.alibaba.nacos.client.naming - com.alibaba.nacos.client.naming.cache.ServiceInfoHolder do shutdown stop
2025-11-25 13:12:33.765 [SpringApplicationShutdownHook] INFO  com.alibaba.nacos.client.naming - com.alibaba.nacos.client.naming.remote.NamingClientProxyDelegate do shutdown begin
2025-11-25 13:12:33.765 [SpringApplicationShutdownHook] INFO  com.alibaba.nacos.client.naming - com.alibaba.nacos.client.naming.core.ServiceInfoUpdateService do shutdown begin
2025-11-25 13:12:33.765 [SpringApplicationShutdownHook] INFO  com.alibaba.nacos.client.naming - com.alibaba.nacos.client.naming.core.ServiceInfoUpdateService do shutdown stop
2025-11-25 13:12:33.766 [SpringApplicationShutdownHook] INFO  com.alibaba.nacos.client.naming - com.alibaba.nacos.client.naming.core.ServerListManager do shutdown begin
2025-11-25 13:12:33.766 [SpringApplicationShutdownHook] WARN  com.alibaba.nacos.client.naming - [NamingHttpClientManager] Start destroying NacosRestTemplate
2025-11-25 13:12:33.766 [SpringApplicationShutdownHook] WARN  com.alibaba.nacos.client.naming - [NamingHttpClientManager] Destruction of the end
2025-11-25 13:12:33.766 [SpringApplicationShutdownHook] INFO  com.alibaba.nacos.client.naming - com.alibaba.nacos.client.naming.core.ServerListManager do shutdown stop
2025-11-25 13:12:33.766 [SpringApplicationShutdownHook] INFO  com.alibaba.nacos.client.naming - com.alibaba.nacos.client.naming.remote.http.NamingHttpClientProxy do shutdown begin
2025-11-25 13:12:33.766 [SpringApplicationShutdownHook] WARN  com.alibaba.nacos.client.naming - [NamingHttpClientManager] Start destroying NacosRestTemplate
2025-11-25 13:12:33.766 [SpringApplicationShutdownHook] WARN  com.alibaba.nacos.client.naming - [NamingHttpClientManager] Destruction of the end
2025-11-25 13:12:33.766 [SpringApplicationShutdownHook] INFO  com.alibaba.nacos.client.naming - com.alibaba.nacos.client.naming.remote.http.NamingHttpClientProxy do shutdown stop
2025-11-25 13:12:33.766 [SpringApplicationShutdownHook] INFO  com.alibaba.nacos.common.remote.client - Shutdown rpc client, set status to shutdown
2025-11-25 13:12:33.766 [SpringApplicationShutdownHook] INFO  com.alibaba.nacos.common.remote.client - Shutdown client event executor java.util.concurrent.ScheduledThreadPoolExecutor@4d0f03a2[Running, pool size = 2, active threads = 2, queued tasks = 0, completed tasks = 0]
2025-11-25 13:12:33.766 [SpringApplicationShutdownHook] INFO  com.alibaba.nacos.common.remote.client - Close current connection 1764047296822_127.0.0.1_46257
2025-11-25 13:12:33.770 [nacos-grpc-client-executor-127.0.0.1-67] INFO  c.a.nacos.common.remote.client.grpc.GrpcClient - [1764047296822_127.0.0.1_46257]Ignore complete event,isRunning:false,isAbandon=false
2025-11-25 13:12:33.771 [SpringApplicationShutdownHook] INFO  c.a.nacos.common.remote.client.grpc.GrpcClient - Shutdown grpc executor java.util.concurrent.ThreadPoolExecutor@240f293b[Running, pool size = 5, active threads = 0, queued tasks = 0, completed tasks = 68]
2025-11-25 13:12:33.771 [SpringApplicationShutdownHook] INFO  com.alibaba.nacos.client.naming - Shutdown grpc redo service executor java.util.concurrent.ScheduledThreadPoolExecutor@a48206c[Running, pool size = 1, active threads = 0, queued tasks = 1, completed tasks = 85]
2025-11-25 13:12:33.773 [SpringApplicationShutdownHook] INFO  c.a.n.client.auth.ram.identify.CredentialWatcher - [null] CredentialWatcher is stopped
2025-11-25 13:12:33.773 [SpringApplicationShutdownHook] INFO  c.a.n.client.auth.ram.identify.CredentialService - [null] CredentialService is freed
2025-11-25 13:12:33.773 [SpringApplicationShutdownHook] INFO  com.alibaba.nacos.client.naming - com.alibaba.nacos.client.naming.remote.NamingClientProxyDelegate do shutdown stop
2025-11-25 13:12:44.926 [main] WARN  com.alibaba.nacos.client.logging.NacosLogging - Load Logback Configuration of Nacos fail, message: Could not initialize Logback Nacos logging from classpath:nacos-logback.xml
2025-11-25 13:12:45.040 [main] WARN  com.alibaba.nacos.client.logging.NacosLogging - Load Logback Configuration of Nacos fail, message: Could not initialize Logback Nacos logging from classpath:nacos-logback.xml
2025-11-25 13:12:46.022 [main] WARN  com.alibaba.nacos.client.logging.NacosLogging - Load Logback Configuration of Nacos fail, message: Could not initialize Logback Nacos logging from classpath:nacos-logback.xml
2025-11-25 13:12:46.045 [main] WARN  com.alibaba.nacos.client.logging.NacosLogging - Load Logback Configuration of Nacos fail, message: Could not initialize Logback Nacos logging from classpath:nacos-logback.xml
2025-11-25 13:12:46.047 [main] INFO  c.evan.greennote.kv.biz.GreenNoteKVBizApplication - The following 1 profile is active: "dev"
2025-11-25 13:12:46.993 [main] INFO  o.s.d.r.config.RepositoryConfigurationDelegate - Bootstrapping Spring Data Reactive Cassandra repositories in DEFAULT mode.
2025-11-25 13:12:47.311 [main] INFO  o.s.d.r.config.RepositoryConfigurationDelegate - Finished Spring Data repository scanning in 310 ms. Found 0 Reactive Cassandra repository interfaces.
2025-11-25 13:12:47.321 [main] INFO  o.s.d.r.config.RepositoryConfigurationDelegate - Bootstrapping Spring Data Cassandra repositories in DEFAULT mode.
2025-11-25 13:12:47.356 [main] INFO  o.s.d.r.config.RepositoryConfigurationDelegate - Finished Spring Data repository scanning in 34 ms. Found 1 Cassandra repository interfaces.
2025-11-25 13:12:47.723 [main] INFO  o.springframework.cloud.context.scope.GenericScope - BeanFactory id=477abb53-46d8-3523-8077-9b2b6b31a0e9
2025-11-25 13:12:48.375 [main] INFO  o.s.boot.web.embedded.tomcat.TomcatWebServer - Tomcat initialized with port(s): 8084 (http)
2025-11-25 13:12:48.397 [main] INFO  org.apache.catalina.core.StandardService - Starting service [Tomcat]
2025-11-25 13:12:48.398 [main] INFO  org.apache.catalina.core.StandardEngine - Starting Servlet engine: [Apache Tomcat/10.1.5]
2025-11-25 13:12:48.624 [main] INFO  o.a.c.core.ContainerBase.[Tomcat].[localhost].[/] - Initializing Spring embedded WebApplicationContext
2025-11-25 13:12:48.625 [main] INFO  o.s.b.w.s.c.ServletWebServerApplicationContext - Root WebApplicationContext: initialization completed in 2557 ms
2025-11-25 13:12:49.357 [main] INFO  c.d.o.driver.internal.core.DefaultMavenCoordinates - DataStax Java driver for Apache Cassandra(R) (com.datastax.oss:java-driver-core) version 4.15.0
2025-11-25 13:12:50.202 [s0-admin-0] INFO  com.datastax.oss.driver.internal.core.time.Clock - Using native clock for microsecond precision
2025-11-25 13:12:51.100 [s1-admin-0] INFO  com.datastax.oss.driver.internal.core.time.Clock - Using native clock for microsecond precision
2025-11-25 13:12:53.520 [main] WARN  o.s.c.l.c.LoadBalancerCacheAutoConfiguration$LoadBalancerCaffeineWarnLogger - Spring Cloud LoadBalancer is currently working with the default cache. While this cache implementation is useful for development and tests, it's recommended to use Caffeine cache in production.You can switch to using Caffeine cache, by adding it and org.springframework.cache.caffeine.CaffeineCacheManager to the classpath.
2025-11-25 13:12:53.657 [main] INFO  o.s.boot.web.embedded.tomcat.TomcatWebServer - Tomcat started on port(s): 8084 (http) with context path ''
2025-11-25 13:12:53.671 [main] WARN  com.alibaba.nacos.client.logging.NacosLogging - Load Logback Configuration of Nacos fail, message: Could not initialize Logback Nacos logging from classpath:nacos-logback.xml
2025-11-25 13:12:53.672 [main] INFO  com.alibaba.nacos.client.naming - initializer namespace from ans.namespace attribute : null
2025-11-25 13:12:53.673 [main] INFO  com.alibaba.nacos.client.naming - initializer namespace from ALIBABA_ALIWARE_NAMESPACE attribute :null
2025-11-25 13:12:53.674 [main] INFO  com.alibaba.nacos.client.naming - initializer namespace from namespace attribute :null
2025-11-25 13:12:53.734 [main] INFO  com.alibaba.nacos.client.utils.ParamUtil - [settings] [req-serv] nacos-server port:8848
2025-11-25 13:12:53.734 [main] INFO  com.alibaba.nacos.client.utils.ParamUtil - [settings] [http-client] connect timeout:1000
2025-11-25 13:12:53.738 [main] INFO  com.alibaba.nacos.client.utils.ParamUtil - PER_TASK_CONFIG_SIZE: 3000.0
2025-11-25 13:12:53.748 [main] INFO  c.a.n.p.auth.spi.client.ClientAuthPluginManager - [ClientAuthPluginManager] Load ClientAuthService com.alibaba.nacos.client.auth.impl.NacosClientAuthServiceImpl success.
2025-11-25 13:12:53.748 [main] INFO  c.a.n.p.auth.spi.client.ClientAuthPluginManager - [ClientAuthPluginManager] Load ClientAuthService com.alibaba.nacos.client.auth.ram.RamClientAuthServiceImpl success.
2025-11-25 13:12:53.755 [main] INFO  c.a.n.client.auth.ram.identify.CredentialWatcher - null No credential found
2025-11-25 13:12:53.775 [main] INFO  com.alibaba.nacos.common.remote.client - [RpcClientFactory] create a new rpc client of b0c2d871-5207-4c02-8e4c-993e1a9c2b2d
2025-11-25 13:12:53.822 [main] INFO  com.alibaba.nacos.common.remote.client - [b0c2d871-5207-4c02-8e4c-993e1a9c2b2d] RpcClient init, ServerListFactory = com.alibaba.nacos.client.naming.core.ServerListManager
2025-11-25 13:12:53.822 [main] INFO  com.alibaba.nacos.common.remote.client - [b0c2d871-5207-4c02-8e4c-993e1a9c2b2d] Registry connection listener to current client:com.alibaba.nacos.client.naming.remote.gprc.redo.NamingGrpcRedoService
2025-11-25 13:12:53.823 [main] INFO  com.alibaba.nacos.common.remote.client - [b0c2d871-5207-4c02-8e4c-993e1a9c2b2d] Register server push request handler:com.alibaba.nacos.client.naming.remote.gprc.NamingPushRequestHandler
2025-11-25 13:12:53.828 [main] INFO  com.alibaba.nacos.common.remote.client - [b0c2d871-5207-4c02-8e4c-993e1a9c2b2d] Try to connect to server on start up, server: {serverIp = '127.0.0.1', server main port = 8848}
2025-11-25 13:12:53.911 [main] INFO  c.a.nacos.common.remote.client.grpc.GrpcClient - grpc client connection server:127.0.0.1 ip,serverPort:9848,grpcTslConfig:{"sslProvider":"OPENSSL","enableTls":false,"mutualAuthEnable":false,"trustAll":false}
2025-11-25 13:12:56.296 [main] INFO  com.alibaba.nacos.common.remote.client - [b0c2d871-5207-4c02-8e4c-993e1a9c2b2d] Success to connect to server [127.0.0.1:8848] on start up, connectionId = 1764047575912_127.0.0.1_41380
2025-11-25 13:12:56.298 [com.alibaba.nacos.client.remote.worker] INFO  com.alibaba.nacos.common.remote.client - [b0c2d871-5207-4c02-8e4c-993e1a9c2b2d] Notify connected event to listeners.
2025-11-25 13:12:56.298 [com.alibaba.nacos.client.remote.worker] INFO  com.alibaba.nacos.client.naming - Grpc connection connect
2025-11-25 13:12:56.298 [main] INFO  com.alibaba.nacos.common.remote.client - [b0c2d871-5207-4c02-8e4c-993e1a9c2b2d] Register server push request handler:com.alibaba.nacos.common.remote.client.RpcClient$ConnectResetRequestHandler
2025-11-25 13:12:56.299 [main] INFO  com.alibaba.nacos.common.remote.client - [b0c2d871-5207-4c02-8e4c-993e1a9c2b2d] Register server push request handler:com.alibaba.nacos.common.remote.client.RpcClient$$Lambda$1510/0x000001c45e8f3e98
2025-11-25 13:12:56.301 [main] INFO  com.alibaba.nacos.client.naming - [REGISTER-SERVICE] greennote registering service GreenNote-kv with instance Instance{instanceId='null', ip='10.36.15.120', port=8084, weight=1.0, healthy=true, enabled=true, ephemeral=true, clusterName='DEFAULT', serviceName='null', metadata={IPv6=null, preserved.register.source=SPRING_CLOUD}}
2025-11-25 13:12:56.338 [main] INFO  c.a.cloud.nacos.registry.NacosServiceRegistry - nacos registry, DEFAULT_GROUP GreenNote-kv 10.36.15.120:8084 register finished
2025-11-25 13:12:56.695 [main] INFO  c.evan.greennote.kv.biz.GreenNoteKVBizApplication - Started GreenNoteKVBizApplication in 12.933 seconds (process running for 13.841)
2025-11-25 13:15:19.488 [Thread-24] WARN  c.alibaba.nacos.common.http.HttpClientBeanHolder - [HttpClientBeanHolder] Start destroying common HttpClient
2025-11-25 13:15:19.488 [Thread-21] WARN  com.alibaba.nacos.common.notify.NotifyCenter - [NotifyCenter] Start destroying Publisher
2025-11-25 13:15:19.489 [Thread-21] WARN  com.alibaba.nacos.common.notify.NotifyCenter - [NotifyCenter] Destruction of the end
2025-11-25 13:15:19.490 [Thread-24] WARN  c.alibaba.nacos.common.http.HttpClientBeanHolder - [HttpClientBeanHolder] Destruction of the end
2025-11-25 13:15:21.693 [SpringApplicationShutdownHook] INFO  c.a.cloud.nacos.registry.NacosServiceRegistry - De-registering from Nacos Server now...
2025-11-25 13:15:21.693 [SpringApplicationShutdownHook] INFO  com.alibaba.nacos.client.naming - [DEREGISTER-SERVICE] greennote deregistering service GreenNote-kv with instance: Instance{instanceId='null', ip='10.36.15.120', port=8084, weight=1.0, healthy=true, enabled=true, ephemeral=true, clusterName='DEFAULT', serviceName='null', metadata={}}
2025-11-25 13:15:21.699 [SpringApplicationShutdownHook] INFO  c.a.cloud.nacos.registry.NacosServiceRegistry - De-registration finished.
2025-11-25 13:15:21.699 [SpringApplicationShutdownHook] INFO  com.alibaba.nacos.client.naming - com.alibaba.nacos.client.naming.cache.ServiceInfoHolder do shutdown begin
2025-11-25 13:15:21.700 [SpringApplicationShutdownHook] INFO  com.alibaba.nacos.client.naming - com.alibaba.nacos.client.naming.backups.FailoverReactor do shutdown begin
2025-11-25 13:15:21.700 [SpringApplicationShutdownHook] INFO  com.alibaba.nacos.client.naming - com.alibaba.nacos.client.naming.backups.FailoverReactor do shutdown stop
2025-11-25 13:15:21.700 [SpringApplicationShutdownHook] INFO  com.alibaba.nacos.client.naming - com.alibaba.nacos.client.naming.cache.ServiceInfoHolder do shutdown stop
2025-11-25 13:15:21.701 [SpringApplicationShutdownHook] INFO  com.alibaba.nacos.client.naming - com.alibaba.nacos.client.naming.remote.NamingClientProxyDelegate do shutdown begin
2025-11-25 13:15:21.701 [SpringApplicationShutdownHook] INFO  com.alibaba.nacos.client.naming - com.alibaba.nacos.client.naming.core.ServiceInfoUpdateService do shutdown begin
2025-11-25 13:15:21.701 [SpringApplicationShutdownHook] INFO  com.alibaba.nacos.client.naming - com.alibaba.nacos.client.naming.core.ServiceInfoUpdateService do shutdown stop
2025-11-25 13:15:21.701 [SpringApplicationShutdownHook] INFO  com.alibaba.nacos.client.naming - com.alibaba.nacos.client.naming.core.ServerListManager do shutdown begin
2025-11-25 13:15:21.702 [SpringApplicationShutdownHook] WARN  com.alibaba.nacos.client.naming - [NamingHttpClientManager] Start destroying NacosRestTemplate
2025-11-25 13:15:21.702 [SpringApplicationShutdownHook] WARN  com.alibaba.nacos.client.naming - [NamingHttpClientManager] Destruction of the end
2025-11-25 13:15:21.702 [SpringApplicationShutdownHook] INFO  com.alibaba.nacos.client.naming - com.alibaba.nacos.client.naming.core.ServerListManager do shutdown stop
2025-11-25 13:15:21.702 [SpringApplicationShutdownHook] INFO  com.alibaba.nacos.client.naming - com.alibaba.nacos.client.naming.remote.http.NamingHttpClientProxy do shutdown begin
2025-11-25 13:15:21.702 [SpringApplicationShutdownHook] WARN  com.alibaba.nacos.client.naming - [NamingHttpClientManager] Start destroying NacosRestTemplate
2025-11-25 13:15:21.702 [SpringApplicationShutdownHook] WARN  com.alibaba.nacos.client.naming - [NamingHttpClientManager] Destruction of the end
2025-11-25 13:15:21.702 [SpringApplicationShutdownHook] INFO  com.alibaba.nacos.client.naming - com.alibaba.nacos.client.naming.remote.http.NamingHttpClientProxy do shutdown stop
2025-11-25 13:15:21.702 [SpringApplicationShutdownHook] INFO  com.alibaba.nacos.common.remote.client - Shutdown rpc client, set status to shutdown
2025-11-25 13:15:21.702 [SpringApplicationShutdownHook] INFO  com.alibaba.nacos.common.remote.client - Shutdown client event executor java.util.concurrent.ScheduledThreadPoolExecutor@3eb13d1b[Running, pool size = 2, active threads = 2, queued tasks = 0, completed tasks = 0]
2025-11-25 13:15:21.702 [SpringApplicationShutdownHook] INFO  com.alibaba.nacos.common.remote.client - Close current connection 1764047575912_127.0.0.1_41380
2025-11-25 13:15:21.705 [SpringApplicationShutdownHook] INFO  c.a.nacos.common.remote.client.grpc.GrpcClient - Shutdown grpc executor java.util.concurrent.ThreadPoolExecutor@122babc1[Running, pool size = 4, active threads = 0, queued tasks = 0, completed tasks = 41]
2025-11-25 13:15:21.705 [SpringApplicationShutdownHook] INFO  com.alibaba.nacos.client.naming - Shutdown grpc redo service executor java.util.concurrent.ScheduledThreadPoolExecutor@b7d3d60[Running, pool size = 1, active threads = 0, queued tasks = 1, completed tasks = 49]
2025-11-25 13:15:21.706 [SpringApplicationShutdownHook] INFO  c.a.n.client.auth.ram.identify.CredentialWatcher - [null] CredentialWatcher is stopped
2025-11-25 13:15:21.706 [SpringApplicationShutdownHook] INFO  c.a.n.client.auth.ram.identify.CredentialService - [null] CredentialService is freed
2025-11-25 13:15:21.706 [SpringApplicationShutdownHook] INFO  com.alibaba.nacos.client.naming - com.alibaba.nacos.client.naming.remote.NamingClientProxyDelegate do shutdown stop
2025-11-25 13:15:42.352 [main] WARN  com.alibaba.nacos.client.logging.NacosLogging - Load Logback Configuration of Nacos fail, message: Could not initialize Logback Nacos logging from classpath:nacos-logback.xml
2025-11-25 13:15:42.456 [main] WARN  com.alibaba.nacos.client.logging.NacosLogging - Load Logback Configuration of Nacos fail, message: Could not initialize Logback Nacos logging from classpath:nacos-logback.xml
2025-11-25 13:15:43.380 [main] WARN  com.alibaba.nacos.client.logging.NacosLogging - Load Logback Configuration of Nacos fail, message: Could not initialize Logback Nacos logging from classpath:nacos-logback.xml
2025-11-25 13:15:43.407 [main] WARN  com.alibaba.nacos.client.logging.NacosLogging - Load Logback Configuration of Nacos fail, message: Could not initialize Logback Nacos logging from classpath:nacos-logback.xml
2025-11-25 13:15:43.408 [main] INFO  c.evan.greennote.kv.biz.GreenNoteKVBizApplication - The following 1 profile is active: "dev"
2025-11-25 13:15:44.333 [main] INFO  o.s.d.r.config.RepositoryConfigurationDelegate - Bootstrapping Spring Data Reactive Cassandra repositories in DEFAULT mode.
2025-11-25 13:15:44.560 [main] INFO  o.s.d.r.config.RepositoryConfigurationDelegate - Finished Spring Data repository scanning in 219 ms. Found 0 Reactive Cassandra repository interfaces.
2025-11-25 13:15:44.567 [main] INFO  o.s.d.r.config.RepositoryConfigurationDelegate - Bootstrapping Spring Data Cassandra repositories in DEFAULT mode.
2025-11-25 13:15:44.597 [main] INFO  o.s.d.r.config.RepositoryConfigurationDelegate - Finished Spring Data repository scanning in 29 ms. Found 1 Cassandra repository interfaces.
2025-11-25 13:15:44.904 [main] INFO  o.springframework.cloud.context.scope.GenericScope - BeanFactory id=477abb53-46d8-3523-8077-9b2b6b31a0e9
2025-11-25 13:15:45.412 [main] INFO  o.s.boot.web.embedded.tomcat.TomcatWebServer - Tomcat initialized with port(s): 8084 (http)
2025-11-25 13:15:45.431 [main] INFO  org.apache.catalina.core.StandardService - Starting service [Tomcat]
2025-11-25 13:15:45.431 [main] INFO  org.apache.catalina.core.StandardEngine - Starting Servlet engine: [Apache Tomcat/10.1.5]
2025-11-25 13:15:45.593 [main] INFO  o.a.c.core.ContainerBase.[Tomcat].[localhost].[/] - Initializing Spring embedded WebApplicationContext
2025-11-25 13:15:45.594 [main] INFO  o.s.b.w.s.c.ServletWebServerApplicationContext - Root WebApplicationContext: initialization completed in 2162 ms
2025-11-25 13:15:46.194 [main] INFO  c.d.o.driver.internal.core.DefaultMavenCoordinates - DataStax Java driver for Apache Cassandra(R) (com.datastax.oss:java-driver-core) version 4.15.0
2025-11-25 13:15:47.103 [s0-admin-0] INFO  com.datastax.oss.driver.internal.core.time.Clock - Using native clock for microsecond precision
2025-11-25 13:15:47.802 [s1-admin-0] INFO  com.datastax.oss.driver.internal.core.time.Clock - Using native clock for microsecond precision
2025-11-25 13:15:49.841 [main] WARN  o.s.c.l.c.LoadBalancerCacheAutoConfiguration$LoadBalancerCaffeineWarnLogger - Spring Cloud LoadBalancer is currently working with the default cache. While this cache implementation is useful for development and tests, it's recommended to use Caffeine cache in production.You can switch to using Caffeine cache, by adding it and org.springframework.cache.caffeine.CaffeineCacheManager to the classpath.
2025-11-25 13:15:49.969 [main] INFO  o.s.boot.web.embedded.tomcat.TomcatWebServer - Tomcat started on port(s): 8084 (http) with context path ''
2025-11-25 13:15:49.979 [main] WARN  com.alibaba.nacos.client.logging.NacosLogging - Load Logback Configuration of Nacos fail, message: Could not initialize Logback Nacos logging from classpath:nacos-logback.xml
2025-11-25 13:15:49.980 [main] INFO  com.alibaba.nacos.client.naming - initializer namespace from ans.namespace attribute : null
2025-11-25 13:15:49.981 [main] INFO  com.alibaba.nacos.client.naming - initializer namespace from ALIBABA_ALIWARE_NAMESPACE attribute :null
2025-11-25 13:15:49.983 [main] INFO  com.alibaba.nacos.client.naming - initializer namespace from namespace attribute :null
2025-11-25 13:15:50.026 [main] INFO  com.alibaba.nacos.client.utils.ParamUtil - [settings] [req-serv] nacos-server port:8848
2025-11-25 13:15:50.026 [main] INFO  com.alibaba.nacos.client.utils.ParamUtil - [settings] [http-client] connect timeout:1000
2025-11-25 13:15:50.027 [main] INFO  com.alibaba.nacos.client.utils.ParamUtil - PER_TASK_CONFIG_SIZE: 3000.0
2025-11-25 13:15:50.035 [main] INFO  c.a.n.p.auth.spi.client.ClientAuthPluginManager - [ClientAuthPluginManager] Load ClientAuthService com.alibaba.nacos.client.auth.impl.NacosClientAuthServiceImpl success.
2025-11-25 13:15:50.035 [main] INFO  c.a.n.p.auth.spi.client.ClientAuthPluginManager - [ClientAuthPluginManager] Load ClientAuthService com.alibaba.nacos.client.auth.ram.RamClientAuthServiceImpl success.
2025-11-25 13:15:50.040 [main] INFO  c.a.n.client.auth.ram.identify.CredentialWatcher - null No credential found
2025-11-25 13:15:50.056 [main] INFO  com.alibaba.nacos.common.remote.client - [RpcClientFactory] create a new rpc client of 5c76c7c1-9434-4b65-ba92-2743a546fa85
2025-11-25 13:15:50.091 [main] INFO  com.alibaba.nacos.common.remote.client - [5c76c7c1-9434-4b65-ba92-2743a546fa85] RpcClient init, ServerListFactory = com.alibaba.nacos.client.naming.core.ServerListManager
2025-11-25 13:15:50.092 [main] INFO  com.alibaba.nacos.common.remote.client - [5c76c7c1-9434-4b65-ba92-2743a546fa85] Registry connection listener to current client:com.alibaba.nacos.client.naming.remote.gprc.redo.NamingGrpcRedoService
2025-11-25 13:15:50.092 [main] INFO  com.alibaba.nacos.common.remote.client - [5c76c7c1-9434-4b65-ba92-2743a546fa85] Register server push request handler:com.alibaba.nacos.client.naming.remote.gprc.NamingPushRequestHandler
2025-11-25 13:15:50.096 [main] INFO  com.alibaba.nacos.common.remote.client - [5c76c7c1-9434-4b65-ba92-2743a546fa85] Try to connect to server on start up, server: {serverIp = '127.0.0.1', server main port = 8848}
2025-11-25 13:15:50.160 [main] INFO  c.a.nacos.common.remote.client.grpc.GrpcClient - grpc client connection server:127.0.0.1 ip,serverPort:9848,grpcTslConfig:{"sslProvider":"OPENSSL","enableTls":false,"mutualAuthEnable":false,"trustAll":false}
2025-11-25 13:15:51.963 [main] INFO  com.alibaba.nacos.common.remote.client - [5c76c7c1-9434-4b65-ba92-2743a546fa85] Success to connect to server [127.0.0.1:8848] on start up, connectionId = 1764047751659_127.0.0.1_46602
2025-11-25 13:15:51.965 [com.alibaba.nacos.client.remote.worker] INFO  com.alibaba.nacos.common.remote.client - [5c76c7c1-9434-4b65-ba92-2743a546fa85] Notify connected event to listeners.
2025-11-25 13:15:51.965 [com.alibaba.nacos.client.remote.worker] INFO  com.alibaba.nacos.client.naming - Grpc connection connect
2025-11-25 13:15:51.966 [main] INFO  com.alibaba.nacos.common.remote.client - [5c76c7c1-9434-4b65-ba92-2743a546fa85] Register server push request handler:com.alibaba.nacos.common.remote.client.RpcClient$ConnectResetRequestHandler
2025-11-25 13:15:51.967 [main] INFO  com.alibaba.nacos.common.remote.client - [5c76c7c1-9434-4b65-ba92-2743a546fa85] Register server push request handler:com.alibaba.nacos.common.remote.client.RpcClient$$Lambda$1506/0x00000239118d2110
2025-11-25 13:15:51.969 [main] INFO  com.alibaba.nacos.client.naming - [REGISTER-SERVICE] greennote registering service GreenNote-kv with instance Instance{instanceId='null', ip='10.36.15.120', port=8084, weight=1.0, healthy=true, enabled=true, ephemeral=true, clusterName='DEFAULT', serviceName='null', metadata={IPv6=null, preserved.register.source=SPRING_CLOUD}}
2025-11-25 13:15:51.995 [main] INFO  c.a.cloud.nacos.registry.NacosServiceRegistry - nacos registry, DEFAULT_GROUP GreenNote-kv 10.36.15.120:8084 register finished
2025-11-25 13:15:52.327 [main] INFO  c.evan.greennote.kv.biz.GreenNoteKVBizApplication - Started GreenNoteKVBizApplication in 11.409 seconds (process running for 12.538)
2025-11-25 13:20:30.897 [Thread-24] WARN  c.alibaba.nacos.common.http.HttpClientBeanHolder - [HttpClientBeanHolder] Start destroying common HttpClient
2025-11-25 13:20:30.897 [Thread-21] WARN  com.alibaba.nacos.common.notify.NotifyCenter - [NotifyCenter] Start destroying Publisher
2025-11-25 13:20:30.898 [Thread-21] WARN  com.alibaba.nacos.common.notify.NotifyCenter - [NotifyCenter] Destruction of the end
2025-11-25 13:20:30.899 [Thread-24] WARN  c.alibaba.nacos.common.http.HttpClientBeanHolder - [HttpClientBeanHolder] Destruction of the end
2025-11-25 13:20:33.025 [SpringApplicationShutdownHook] INFO  c.a.cloud.nacos.registry.NacosServiceRegistry - De-registering from Nacos Server now...
2025-11-25 13:20:33.026 [SpringApplicationShutdownHook] INFO  com.alibaba.nacos.client.naming - [DEREGISTER-SERVICE] greennote deregistering service GreenNote-kv with instance: Instance{instanceId='null', ip='10.36.15.120', port=8084, weight=1.0, healthy=true, enabled=true, ephemeral=true, clusterName='DEFAULT', serviceName='null', metadata={}}
2025-11-25 13:20:33.034 [SpringApplicationShutdownHook] INFO  c.a.cloud.nacos.registry.NacosServiceRegistry - De-registration finished.
2025-11-25 13:20:33.035 [SpringApplicationShutdownHook] INFO  com.alibaba.nacos.client.naming - com.alibaba.nacos.client.naming.cache.ServiceInfoHolder do shutdown begin
2025-11-25 13:20:33.035 [SpringApplicationShutdownHook] INFO  com.alibaba.nacos.client.naming - com.alibaba.nacos.client.naming.backups.FailoverReactor do shutdown begin
2025-11-25 13:20:33.035 [SpringApplicationShutdownHook] INFO  com.alibaba.nacos.client.naming - com.alibaba.nacos.client.naming.backups.FailoverReactor do shutdown stop
2025-11-25 13:20:33.035 [SpringApplicationShutdownHook] INFO  com.alibaba.nacos.client.naming - com.alibaba.nacos.client.naming.cache.ServiceInfoHolder do shutdown stop
2025-11-25 13:20:33.035 [SpringApplicationShutdownHook] INFO  com.alibaba.nacos.client.naming - com.alibaba.nacos.client.naming.remote.NamingClientProxyDelegate do shutdown begin
2025-11-25 13:20:33.035 [SpringApplicationShutdownHook] INFO  com.alibaba.nacos.client.naming - com.alibaba.nacos.client.naming.core.ServiceInfoUpdateService do shutdown begin
2025-11-25 13:20:33.035 [SpringApplicationShutdownHook] INFO  com.alibaba.nacos.client.naming - com.alibaba.nacos.client.naming.core.ServiceInfoUpdateService do shutdown stop
2025-11-25 13:20:33.035 [SpringApplicationShutdownHook] INFO  com.alibaba.nacos.client.naming - com.alibaba.nacos.client.naming.core.ServerListManager do shutdown begin
2025-11-25 13:20:33.035 [SpringApplicationShutdownHook] WARN  com.alibaba.nacos.client.naming - [NamingHttpClientManager] Start destroying NacosRestTemplate
2025-11-25 13:20:33.036 [SpringApplicationShutdownHook] WARN  com.alibaba.nacos.client.naming - [NamingHttpClientManager] Destruction of the end
2025-11-25 13:20:33.036 [SpringApplicationShutdownHook] INFO  com.alibaba.nacos.client.naming - com.alibaba.nacos.client.naming.core.ServerListManager do shutdown stop
2025-11-25 13:20:33.036 [SpringApplicationShutdownHook] INFO  com.alibaba.nacos.client.naming - com.alibaba.nacos.client.naming.remote.http.NamingHttpClientProxy do shutdown begin
2025-11-25 13:20:33.036 [SpringApplicationShutdownHook] WARN  com.alibaba.nacos.client.naming - [NamingHttpClientManager] Start destroying NacosRestTemplate
2025-11-25 13:20:33.036 [SpringApplicationShutdownHook] WARN  com.alibaba.nacos.client.naming - [NamingHttpClientManager] Destruction of the end
2025-11-25 13:20:33.036 [SpringApplicationShutdownHook] INFO  com.alibaba.nacos.client.naming - com.alibaba.nacos.client.naming.remote.http.NamingHttpClientProxy do shutdown stop
2025-11-25 13:20:33.036 [SpringApplicationShutdownHook] INFO  com.alibaba.nacos.common.remote.client - Shutdown rpc client, set status to shutdown
2025-11-25 13:20:33.036 [SpringApplicationShutdownHook] INFO  com.alibaba.nacos.common.remote.client - Shutdown client event executor java.util.concurrent.ScheduledThreadPoolExecutor@6603e4d7[Running, pool size = 2, active threads = 2, queued tasks = 0, completed tasks = 0]
2025-11-25 13:20:33.036 [SpringApplicationShutdownHook] INFO  com.alibaba.nacos.common.remote.client - Close current connection 1764047751659_127.0.0.1_46602
2025-11-25 13:20:33.041 [nacos-grpc-client-executor-127.0.0.1-77] INFO  c.a.nacos.common.remote.client.grpc.GrpcClient - [1764047751659_127.0.0.1_46602]Ignore complete event,isRunning:false,isAbandon=false
2025-11-25 13:20:33.044 [SpringApplicationShutdownHook] INFO  c.a.nacos.common.remote.client.grpc.GrpcClient - Shutdown grpc executor java.util.concurrent.ThreadPoolExecutor@7ca8e39[Running, pool size = 4, active threads = 0, queued tasks = 0, completed tasks = 78]
2025-11-25 13:20:33.044 [SpringApplicationShutdownHook] INFO  com.alibaba.nacos.client.naming - Shutdown grpc redo service executor java.util.concurrent.ScheduledThreadPoolExecutor@6712bae9[Running, pool size = 1, active threads = 0, queued tasks = 1, completed tasks = 94]
2025-11-25 13:20:33.044 [SpringApplicationShutdownHook] INFO  c.a.n.client.auth.ram.identify.CredentialWatcher - [null] CredentialWatcher is stopped
2025-11-25 13:20:33.044 [SpringApplicationShutdownHook] INFO  c.a.n.client.auth.ram.identify.CredentialService - [null] CredentialService is freed
2025-11-25 13:20:33.045 [SpringApplicationShutdownHook] INFO  com.alibaba.nacos.client.naming - com.alibaba.nacos.client.naming.remote.NamingClientProxyDelegate do shutdown stop
2025-11-25 13:20:55.166 [main] WARN  com.alibaba.nacos.client.logging.NacosLogging - Load Logback Configuration of Nacos fail, message: Could not initialize Logback Nacos logging from classpath:nacos-logback.xml
2025-11-25 13:20:55.273 [main] WARN  com.alibaba.nacos.client.logging.NacosLogging - Load Logback Configuration of Nacos fail, message: Could not initialize Logback Nacos logging from classpath:nacos-logback.xml
2025-11-25 13:20:56.093 [main] WARN  com.alibaba.nacos.client.logging.NacosLogging - Load Logback Configuration of Nacos fail, message: Could not initialize Logback Nacos logging from classpath:nacos-logback.xml
2025-11-25 13:20:56.116 [main] WARN  com.alibaba.nacos.client.logging.NacosLogging - Load Logback Configuration of Nacos fail, message: Could not initialize Logback Nacos logging from classpath:nacos-logback.xml
2025-11-25 13:20:56.118 [main] INFO  c.evan.greennote.kv.biz.GreenNoteKVBizApplication - The following 1 profile is active: "dev"
2025-11-25 13:20:56.945 [main] INFO  o.s.d.r.config.RepositoryConfigurationDelegate - Bootstrapping Spring Data Reactive Cassandra repositories in DEFAULT mode.
2025-11-25 13:20:57.182 [main] INFO  o.s.d.r.config.RepositoryConfigurationDelegate - Finished Spring Data repository scanning in 228 ms. Found 0 Reactive Cassandra repository interfaces.
2025-11-25 13:20:57.186 [main] INFO  o.s.d.r.config.RepositoryConfigurationDelegate - Bootstrapping Spring Data Cassandra repositories in DEFAULT mode.
2025-11-25 13:20:57.212 [main] INFO  o.s.d.r.config.RepositoryConfigurationDelegate - Finished Spring Data repository scanning in 24 ms. Found 1 Cassandra repository interfaces.
2025-11-25 13:20:57.509 [main] INFO  o.springframework.cloud.context.scope.GenericScope - BeanFactory id=477abb53-46d8-3523-8077-9b2b6b31a0e9
2025-11-25 13:20:58.036 [main] INFO  o.s.boot.web.embedded.tomcat.TomcatWebServer - Tomcat initialized with port(s): 8084 (http)
2025-11-25 13:20:58.054 [main] INFO  org.apache.catalina.core.StandardService - Starting service [Tomcat]
2025-11-25 13:20:58.056 [main] INFO  org.apache.catalina.core.StandardEngine - Starting Servlet engine: [Apache Tomcat/10.1.5]
2025-11-25 13:20:58.249 [main] INFO  o.a.c.core.ContainerBase.[Tomcat].[localhost].[/] - Initializing Spring embedded WebApplicationContext
2025-11-25 13:20:58.251 [main] INFO  o.s.b.w.s.c.ServletWebServerApplicationContext - Root WebApplicationContext: initialization completed in 2113 ms
2025-11-25 13:20:58.794 [main] INFO  c.d.o.driver.internal.core.DefaultMavenCoordinates - DataStax Java driver for Apache Cassandra(R) (com.datastax.oss:java-driver-core) version 4.15.0
2025-11-25 13:20:59.540 [s0-admin-0] INFO  com.datastax.oss.driver.internal.core.time.Clock - Using native clock for microsecond precision
2025-11-25 13:21:00.276 [s1-admin-0] INFO  com.datastax.oss.driver.internal.core.time.Clock - Using native clock for microsecond precision
2025-11-25 13:21:02.664 [main] WARN  o.s.c.l.c.LoadBalancerCacheAutoConfiguration$LoadBalancerCaffeineWarnLogger - Spring Cloud LoadBalancer is currently working with the default cache. While this cache implementation is useful for development and tests, it's recommended to use Caffeine cache in production.You can switch to using Caffeine cache, by adding it and org.springframework.cache.caffeine.CaffeineCacheManager to the classpath.
2025-11-25 13:21:02.827 [main] INFO  o.s.boot.web.embedded.tomcat.TomcatWebServer - Tomcat started on port(s): 8084 (http) with context path ''
2025-11-25 13:21:02.845 [main] WARN  com.alibaba.nacos.client.logging.NacosLogging - Load Logback Configuration of Nacos fail, message: Could not initialize Logback Nacos logging from classpath:nacos-logback.xml
2025-11-25 13:21:02.845 [main] INFO  com.alibaba.nacos.client.naming - initializer namespace from ans.namespace attribute : null
2025-11-25 13:21:02.847 [main] INFO  com.alibaba.nacos.client.naming - initializer namespace from ALIBABA_ALIWARE_NAMESPACE attribute :null
2025-11-25 13:21:02.847 [main] INFO  com.alibaba.nacos.client.naming - initializer namespace from namespace attribute :null
2025-11-25 13:21:02.904 [main] INFO  com.alibaba.nacos.client.utils.ParamUtil - [settings] [req-serv] nacos-server port:8848
2025-11-25 13:21:02.904 [main] INFO  com.alibaba.nacos.client.utils.ParamUtil - [settings] [http-client] connect timeout:1000
2025-11-25 13:21:02.907 [main] INFO  com.alibaba.nacos.client.utils.ParamUtil - PER_TASK_CONFIG_SIZE: 3000.0
2025-11-25 13:21:02.917 [main] INFO  c.a.n.p.auth.spi.client.ClientAuthPluginManager - [ClientAuthPluginManager] Load ClientAuthService com.alibaba.nacos.client.auth.impl.NacosClientAuthServiceImpl success.
2025-11-25 13:21:02.917 [main] INFO  c.a.n.p.auth.spi.client.ClientAuthPluginManager - [ClientAuthPluginManager] Load ClientAuthService com.alibaba.nacos.client.auth.ram.RamClientAuthServiceImpl success.
2025-11-25 13:21:02.924 [main] INFO  c.a.n.client.auth.ram.identify.CredentialWatcher - null No credential found
2025-11-25 13:21:02.943 [main] INFO  com.alibaba.nacos.common.remote.client - [RpcClientFactory] create a new rpc client of af79404e-105e-4fc9-b913-2b5409690e01
2025-11-25 13:21:02.992 [main] INFO  com.alibaba.nacos.common.remote.client - [af79404e-105e-4fc9-b913-2b5409690e01] RpcClient init, ServerListFactory = com.alibaba.nacos.client.naming.core.ServerListManager
2025-11-25 13:21:02.992 [main] INFO  com.alibaba.nacos.common.remote.client - [af79404e-105e-4fc9-b913-2b5409690e01] Registry connection listener to current client:com.alibaba.nacos.client.naming.remote.gprc.redo.NamingGrpcRedoService
2025-11-25 13:21:02.993 [main] INFO  com.alibaba.nacos.common.remote.client - [af79404e-105e-4fc9-b913-2b5409690e01] Register server push request handler:com.alibaba.nacos.client.naming.remote.gprc.NamingPushRequestHandler
2025-11-25 13:21:02.997 [main] INFO  com.alibaba.nacos.common.remote.client - [af79404e-105e-4fc9-b913-2b5409690e01] Try to connect to server on start up, server: {serverIp = '127.0.0.1', server main port = 8848}
2025-11-25 13:21:03.065 [main] INFO  c.a.nacos.common.remote.client.grpc.GrpcClient - grpc client connection server:127.0.0.1 ip,serverPort:9848,grpcTslConfig:{"sslProvider":"OPENSSL","enableTls":false,"mutualAuthEnable":false,"trustAll":false}
2025-11-25 13:21:04.608 [main] INFO  com.alibaba.nacos.common.remote.client - [af79404e-105e-4fc9-b913-2b5409690e01] Success to connect to server [127.0.0.1:8848] on start up, connectionId = 1764048064329_127.0.0.1_23695
2025-11-25 13:21:04.609 [com.alibaba.nacos.client.remote.worker] INFO  com.alibaba.nacos.common.remote.client - [af79404e-105e-4fc9-b913-2b5409690e01] Notify connected event to listeners.
2025-11-25 13:21:04.609 [main] INFO  com.alibaba.nacos.common.remote.client - [af79404e-105e-4fc9-b913-2b5409690e01] Register server push request handler:com.alibaba.nacos.common.remote.client.RpcClient$ConnectResetRequestHandler
2025-11-25 13:21:04.609 [com.alibaba.nacos.client.remote.worker] INFO  com.alibaba.nacos.client.naming - Grpc connection connect
2025-11-25 13:21:04.610 [main] INFO  com.alibaba.nacos.common.remote.client - [af79404e-105e-4fc9-b913-2b5409690e01] Register server push request handler:com.alibaba.nacos.common.remote.client.RpcClient$$Lambda$1499/0x000001ef418f16c8
2025-11-25 13:21:04.612 [main] INFO  com.alibaba.nacos.client.naming - [REGISTER-SERVICE] greennote registering service GreenNote-kv with instance Instance{instanceId='null', ip='10.36.15.120', port=8084, weight=1.0, healthy=true, enabled=true, ephemeral=true, clusterName='DEFAULT', serviceName='null', metadata={IPv6=null, preserved.register.source=SPRING_CLOUD}}
2025-11-25 13:21:04.634 [main] INFO  c.a.cloud.nacos.registry.NacosServiceRegistry - nacos registry, DEFAULT_GROUP GreenNote-kv 10.36.15.120:8084 register finished
2025-11-25 13:21:04.917 [main] INFO  c.evan.greennote.kv.biz.GreenNoteKVBizApplication - Started GreenNoteKVBizApplication in 10.96 seconds (process running for 11.856)
2025-11-25 13:48:39.988 [Thread-21] WARN  com.alibaba.nacos.common.notify.NotifyCenter - [NotifyCenter] Start destroying Publisher
2025-11-25 13:48:39.989 [Thread-21] WARN  com.alibaba.nacos.common.notify.NotifyCenter - [NotifyCenter] Destruction of the end
2025-11-25 13:48:39.990 [Thread-24] WARN  c.alibaba.nacos.common.http.HttpClientBeanHolder - [HttpClientBeanHolder] Start destroying common HttpClient
2025-11-25 13:48:39.991 [Thread-24] WARN  c.alibaba.nacos.common.http.HttpClientBeanHolder - [HttpClientBeanHolder] Destruction of the end
2025-11-25 13:48:42.198 [SpringApplicationShutdownHook] INFO  c.a.cloud.nacos.registry.NacosServiceRegistry - De-registering from Nacos Server now...
2025-11-25 13:48:42.198 [SpringApplicationShutdownHook] INFO  com.alibaba.nacos.client.naming - [DEREGISTER-SERVICE] greennote deregistering service GreenNote-kv with instance: Instance{instanceId='null', ip='10.36.15.120', port=8084, weight=1.0, healthy=true, enabled=true, ephemeral=true, clusterName='DEFAULT', serviceName='null', metadata={}}
2025-11-25 13:48:42.202 [SpringApplicationShutdownHook] INFO  c.a.cloud.nacos.registry.NacosServiceRegistry - De-registration finished.
2025-11-25 13:48:42.203 [SpringApplicationShutdownHook] INFO  com.alibaba.nacos.client.naming - com.alibaba.nacos.client.naming.cache.ServiceInfoHolder do shutdown begin
2025-11-25 13:48:42.203 [SpringApplicationShutdownHook] INFO  com.alibaba.nacos.client.naming - com.alibaba.nacos.client.naming.backups.FailoverReactor do shutdown begin
2025-11-25 13:48:42.204 [SpringApplicationShutdownHook] INFO  com.alibaba.nacos.client.naming - com.alibaba.nacos.client.naming.backups.FailoverReactor do shutdown stop
2025-11-25 13:48:42.204 [SpringApplicationShutdownHook] INFO  com.alibaba.nacos.client.naming - com.alibaba.nacos.client.naming.cache.ServiceInfoHolder do shutdown stop
2025-11-25 13:48:42.204 [SpringApplicationShutdownHook] INFO  com.alibaba.nacos.client.naming - com.alibaba.nacos.client.naming.remote.NamingClientProxyDelegate do shutdown begin
2025-11-25 13:48:42.204 [SpringApplicationShutdownHook] INFO  com.alibaba.nacos.client.naming - com.alibaba.nacos.client.naming.core.ServiceInfoUpdateService do shutdown begin
2025-11-25 13:48:42.204 [SpringApplicationShutdownHook] INFO  com.alibaba.nacos.client.naming - com.alibaba.nacos.client.naming.core.ServiceInfoUpdateService do shutdown stop
2025-11-25 13:48:42.204 [SpringApplicationShutdownHook] INFO  com.alibaba.nacos.client.naming - com.alibaba.nacos.client.naming.core.ServerListManager do shutdown begin
2025-11-25 13:48:42.204 [SpringApplicationShutdownHook] WARN  com.alibaba.nacos.client.naming - [NamingHttpClientManager] Start destroying NacosRestTemplate
2025-11-25 13:48:42.204 [SpringApplicationShutdownHook] WARN  com.alibaba.nacos.client.naming - [NamingHttpClientManager] Destruction of the end
2025-11-25 13:48:42.204 [SpringApplicationShutdownHook] INFO  com.alibaba.nacos.client.naming - com.alibaba.nacos.client.naming.core.ServerListManager do shutdown stop
2025-11-25 13:48:42.204 [SpringApplicationShutdownHook] INFO  com.alibaba.nacos.client.naming - com.alibaba.nacos.client.naming.remote.http.NamingHttpClientProxy do shutdown begin
2025-11-25 13:48:42.205 [SpringApplicationShutdownHook] WARN  com.alibaba.nacos.client.naming - [NamingHttpClientManager] Start destroying NacosRestTemplate
2025-11-25 13:48:42.205 [SpringApplicationShutdownHook] WARN  com.alibaba.nacos.client.naming - [NamingHttpClientManager] Destruction of the end
2025-11-25 13:48:42.205 [SpringApplicationShutdownHook] INFO  com.alibaba.nacos.client.naming - com.alibaba.nacos.client.naming.remote.http.NamingHttpClientProxy do shutdown stop
2025-11-25 13:48:42.205 [SpringApplicationShutdownHook] INFO  com.alibaba.nacos.common.remote.client - Shutdown rpc client, set status to shutdown
2025-11-25 13:48:42.205 [SpringApplicationShutdownHook] INFO  com.alibaba.nacos.common.remote.client - Shutdown client event executor java.util.concurrent.ScheduledThreadPoolExecutor@1fd07e5[Running, pool size = 2, active threads = 2, queued tasks = 0, completed tasks = 0]
2025-11-25 13:48:42.205 [SpringApplicationShutdownHook] INFO  com.alibaba.nacos.common.remote.client - Close current connection 1764048064329_127.0.0.1_23695
2025-11-25 13:48:42.207 [nacos-grpc-client-executor-127.0.0.1-358] INFO  c.a.nacos.common.remote.client.grpc.GrpcClient - [1764048064329_127.0.0.1_23695]Ignore complete event,isRunning:false,isAbandon=false
2025-11-25 13:48:42.210 [SpringApplicationShutdownHook] INFO  c.a.nacos.common.remote.client.grpc.GrpcClient - Shutdown grpc executor java.util.concurrent.ThreadPoolExecutor@526198e9[Running, pool size = 4, active threads = 0, queued tasks = 0, completed tasks = 359]
2025-11-25 13:48:42.211 [SpringApplicationShutdownHook] INFO  com.alibaba.nacos.client.naming - Shutdown grpc redo service executor java.util.concurrent.ScheduledThreadPoolExecutor@287cedb6[Running, pool size = 1, active threads = 0, queued tasks = 1, completed tasks = 552]
2025-11-25 13:48:42.211 [SpringApplicationShutdownHook] INFO  c.a.n.client.auth.ram.identify.CredentialWatcher - [null] CredentialWatcher is stopped
2025-11-25 13:48:42.211 [SpringApplicationShutdownHook] INFO  c.a.n.client.auth.ram.identify.CredentialService - [null] CredentialService is freed
2025-11-25 13:48:42.211 [SpringApplicationShutdownHook] INFO  com.alibaba.nacos.client.naming - com.alibaba.nacos.client.naming.remote.NamingClientProxyDelegate do shutdown stop
2025-11-25 13:49:09.276 [main] WARN  com.alibaba.nacos.client.logging.NacosLogging - Load Logback Configuration of Nacos fail, message: Could not initialize Logback Nacos logging from classpath:nacos-logback.xml
2025-11-25 13:49:09.376 [main] WARN  com.alibaba.nacos.client.logging.NacosLogging - Load Logback Configuration of Nacos fail, message: Could not initialize Logback Nacos logging from classpath:nacos-logback.xml
2025-11-25 13:49:10.207 [main] WARN  com.alibaba.nacos.client.logging.NacosLogging - Load Logback Configuration of Nacos fail, message: Could not initialize Logback Nacos logging from classpath:nacos-logback.xml
2025-11-25 13:49:10.231 [main] WARN  com.alibaba.nacos.client.logging.NacosLogging - Load Logback Configuration of Nacos fail, message: Could not initialize Logback Nacos logging from classpath:nacos-logback.xml
2025-11-25 13:49:10.233 [main] INFO  c.evan.greennote.kv.biz.GreenNoteKVBizApplication - The following 1 profile is active: "dev"
2025-11-25 13:49:11.347 [main] INFO  o.s.d.r.config.RepositoryConfigurationDelegate - Bootstrapping Spring Data Reactive Cassandra repositories in DEFAULT mode.
2025-11-25 13:49:11.622 [main] INFO  o.s.d.r.config.RepositoryConfigurationDelegate - Finished Spring Data repository scanning in 267 ms. Found 0 Reactive Cassandra repository interfaces.
2025-11-25 13:49:11.629 [main] INFO  o.s.d.r.config.RepositoryConfigurationDelegate - Bootstrapping Spring Data Cassandra repositories in DEFAULT mode.
2025-11-25 13:49:11.656 [main] INFO  o.s.d.r.config.RepositoryConfigurationDelegate - Finished Spring Data repository scanning in 26 ms. Found 1 Cassandra repository interfaces.
2025-11-25 13:49:11.983 [main] INFO  o.springframework.cloud.context.scope.GenericScope - BeanFactory id=477abb53-46d8-3523-8077-9b2b6b31a0e9
2025-11-25 13:49:12.538 [main] INFO  o.s.boot.web.embedded.tomcat.TomcatWebServer - Tomcat initialized with port(s): 8084 (http)
2025-11-25 13:49:12.559 [main] INFO  org.apache.catalina.core.StandardService - Starting service [Tomcat]
2025-11-25 13:49:12.559 [main] INFO  org.apache.catalina.core.StandardEngine - Starting Servlet engine: [Apache Tomcat/10.1.5]
2025-11-25 13:49:12.758 [main] INFO  o.a.c.core.ContainerBase.[Tomcat].[localhost].[/] - Initializing Spring embedded WebApplicationContext
2025-11-25 13:49:12.758 [main] INFO  o.s.b.w.s.c.ServletWebServerApplicationContext - Root WebApplicationContext: initialization completed in 2503 ms
2025-11-25 13:49:13.309 [main] INFO  c.d.o.driver.internal.core.DefaultMavenCoordinates - DataStax Java driver for Apache Cassandra(R) (com.datastax.oss:java-driver-core) version 4.15.0
2025-11-25 13:49:14.025 [s0-admin-0] INFO  com.datastax.oss.driver.internal.core.time.Clock - Using native clock for microsecond precision
2025-11-25 13:49:14.781 [s1-admin-0] INFO  com.datastax.oss.driver.internal.core.time.Clock - Using native clock for microsecond precision
2025-11-25 13:49:16.870 [main] WARN  o.s.c.l.c.LoadBalancerCacheAutoConfiguration$LoadBalancerCaffeineWarnLogger - Spring Cloud LoadBalancer is currently working with the default cache. While this cache implementation is useful for development and tests, it's recommended to use Caffeine cache in production.You can switch to using Caffeine cache, by adding it and org.springframework.cache.caffeine.CaffeineCacheManager to the classpath.
2025-11-25 13:49:17.007 [main] INFO  o.s.boot.web.embedded.tomcat.TomcatWebServer - Tomcat started on port(s): 8084 (http) with context path ''
2025-11-25 13:49:17.018 [main] WARN  com.alibaba.nacos.client.logging.NacosLogging - Load Logback Configuration of Nacos fail, message: Could not initialize Logback Nacos logging from classpath:nacos-logback.xml
2025-11-25 13:49:17.018 [main] INFO  com.alibaba.nacos.client.naming - initializer namespace from ans.namespace attribute : null
2025-11-25 13:49:17.020 [main] INFO  com.alibaba.nacos.client.naming - initializer namespace from ALIBABA_ALIWARE_NAMESPACE attribute :null
2025-11-25 13:49:17.021 [main] INFO  com.alibaba.nacos.client.naming - initializer namespace from namespace attribute :null
2025-11-25 13:49:17.067 [main] INFO  com.alibaba.nacos.client.utils.ParamUtil - [settings] [req-serv] nacos-server port:8848
2025-11-25 13:49:17.067 [main] INFO  com.alibaba.nacos.client.utils.ParamUtil - [settings] [http-client] connect timeout:1000
2025-11-25 13:49:17.068 [main] INFO  com.alibaba.nacos.client.utils.ParamUtil - PER_TASK_CONFIG_SIZE: 3000.0
2025-11-25 13:49:17.076 [main] INFO  c.a.n.p.auth.spi.client.ClientAuthPluginManager - [ClientAuthPluginManager] Load ClientAuthService com.alibaba.nacos.client.auth.impl.NacosClientAuthServiceImpl success.
2025-11-25 13:49:17.076 [main] INFO  c.a.n.p.auth.spi.client.ClientAuthPluginManager - [ClientAuthPluginManager] Load ClientAuthService com.alibaba.nacos.client.auth.ram.RamClientAuthServiceImpl success.
2025-11-25 13:49:17.082 [main] INFO  c.a.n.client.auth.ram.identify.CredentialWatcher - null No credential found
2025-11-25 13:49:17.101 [main] INFO  com.alibaba.nacos.common.remote.client - [RpcClientFactory] create a new rpc client of b26dee6b-17f1-491a-bcd2-26ccc56899b7
2025-11-25 13:49:17.142 [main] INFO  com.alibaba.nacos.common.remote.client - [b26dee6b-17f1-491a-bcd2-26ccc56899b7] RpcClient init, ServerListFactory = com.alibaba.nacos.client.naming.core.ServerListManager
2025-11-25 13:49:17.142 [main] INFO  com.alibaba.nacos.common.remote.client - [b26dee6b-17f1-491a-bcd2-26ccc56899b7] Registry connection listener to current client:com.alibaba.nacos.client.naming.remote.gprc.redo.NamingGrpcRedoService
2025-11-25 13:49:17.143 [main] INFO  com.alibaba.nacos.common.remote.client - [b26dee6b-17f1-491a-bcd2-26ccc56899b7] Register server push request handler:com.alibaba.nacos.client.naming.remote.gprc.NamingPushRequestHandler
2025-11-25 13:49:17.147 [main] INFO  com.alibaba.nacos.common.remote.client - [b26dee6b-17f1-491a-bcd2-26ccc56899b7] Try to connect to server on start up, server: {serverIp = '127.0.0.1', server main port = 8848}
2025-11-25 13:49:17.218 [main] INFO  c.a.nacos.common.remote.client.grpc.GrpcClient - grpc client connection server:127.0.0.1 ip,serverPort:9848,grpcTslConfig:{"sslProvider":"OPENSSL","enableTls":false,"mutualAuthEnable":false,"trustAll":false}
2025-11-25 13:49:18.784 [main] INFO  com.alibaba.nacos.common.remote.client - [b26dee6b-17f1-491a-bcd2-26ccc56899b7] Success to connect to server [127.0.0.1:8848] on start up, connectionId = 1764049758513_127.0.0.1_59262
2025-11-25 13:49:18.785 [com.alibaba.nacos.client.remote.worker] INFO  com.alibaba.nacos.common.remote.client - [b26dee6b-17f1-491a-bcd2-26ccc56899b7] Notify connected event to listeners.
2025-11-25 13:49:18.785 [com.alibaba.nacos.client.remote.worker] INFO  com.alibaba.nacos.client.naming - Grpc connection connect
2025-11-25 13:49:18.785 [main] INFO  com.alibaba.nacos.common.remote.client - [b26dee6b-17f1-491a-bcd2-26ccc56899b7] Register server push request handler:com.alibaba.nacos.common.remote.client.RpcClient$ConnectResetRequestHandler
2025-11-25 13:49:18.786 [main] INFO  com.alibaba.nacos.common.remote.client - [b26dee6b-17f1-491a-bcd2-26ccc56899b7] Register server push request handler:com.alibaba.nacos.common.remote.client.RpcClient$$Lambda$1508/0x000001ef1e8f2018
2025-11-25 13:49:18.788 [main] INFO  com.alibaba.nacos.client.naming - [REGISTER-SERVICE] greennote registering service GreenNote-kv with instance Instance{instanceId='null', ip='10.36.15.120', port=8084, weight=1.0, healthy=true, enabled=true, ephemeral=true, clusterName='DEFAULT', serviceName='null', metadata={IPv6=null, preserved.register.source=SPRING_CLOUD}}
2025-11-25 13:49:18.812 [main] INFO  c.a.cloud.nacos.registry.NacosServiceRegistry - nacos registry, DEFAULT_GROUP GreenNote-kv 10.36.15.120:8084 register finished
2025-11-25 13:49:19.103 [main] INFO  c.evan.greennote.kv.biz.GreenNoteKVBizApplication - Started GreenNoteKVBizApplication in 10.958 seconds (process running for 11.878)
