2026-01-31 00:40:12.845 [http-nio-8084-exec-1] INFO  c.e.f.b.operationlog.aspect.ApiOperationLogAspect - ====== 请求开始: [批量存储评论内容], 入参: {"comments":[{"noteId":1862482047415615528,"yearMonth":"2026-01","contentId":"a93f4cf7-ef3a-4c42-9f73-037cc64d540d","content":"这是一条测试评论"}]}, 请求类: com.evan.greennote.kv.biz.controller.CommentContentController, 请求方法: batchAddCommentContent =======
2026-01-31 00:40:12.894 [http-nio-8084-exec-1] INFO  c.e.f.b.operationlog.aspect.ApiOperationLogAspect - ====== 请求结束: [批量存储评论内容], 耗时: 53ms, 出参: {"success":true,"message":null,"errorCode":null,"data":null}======
2026-01-31 01:07:14.203 [Thread-24] WARN  c.alibaba.nacos.common.http.HttpClientBeanHolder - [HttpClientBeanHolder] Start destroying common HttpClient
2026-01-31 01:07:14.204 [Thread-21] WARN  com.alibaba.nacos.common.notify.NotifyCenter - [NotifyCenter] Start destroying Publisher
2026-01-31 01:07:14.205 [Thread-21] WARN  com.alibaba.nacos.common.notify.NotifyCenter - [NotifyCenter] Destruction of the end
2026-01-31 01:07:14.216 [Thread-24] WARN  c.alibaba.nacos.common.http.HttpClientBeanHolder - [HttpClientBeanHolder] Destruction of the end
2026-01-31 01:07:16.459 [SpringApplicationShutdownHook] INFO  c.a.cloud.nacos.registry.NacosServiceRegistry - De-registering from Nacos Server now...
2026-01-31 01:07:16.461 [SpringApplicationShutdownHook] INFO  com.alibaba.nacos.client.naming - [DEREGISTER-SERVICE] greennote deregistering service GreenNote-kv with instance: Instance{instanceId='null', ip='10.141.154.27', port=8084, weight=1.0, healthy=true, enabled=true, ephemeral=true, clusterName='DEFAULT', serviceName='null', metadata={}}
2026-01-31 01:07:16.468 [SpringApplicationShutdownHook] INFO  c.a.cloud.nacos.registry.NacosServiceRegistry - De-registration finished.
2026-01-31 01:07:16.469 [SpringApplicationShutdownHook] INFO  com.alibaba.nacos.client.naming - com.alibaba.nacos.client.naming.cache.ServiceInfoHolder do shutdown begin
2026-01-31 01:07:16.469 [SpringApplicationShutdownHook] INFO  com.alibaba.nacos.client.naming - com.alibaba.nacos.client.naming.backups.FailoverReactor do shutdown begin
2026-01-31 01:07:16.469 [SpringApplicationShutdownHook] INFO  com.alibaba.nacos.client.naming - com.alibaba.nacos.client.naming.backups.FailoverReactor do shutdown stop
2026-01-31 01:07:16.469 [SpringApplicationShutdownHook] INFO  com.alibaba.nacos.client.naming - com.alibaba.nacos.client.naming.cache.ServiceInfoHolder do shutdown stop
2026-01-31 01:07:16.469 [SpringApplicationShutdownHook] INFO  com.alibaba.nacos.client.naming - com.alibaba.nacos.client.naming.remote.NamingClientProxyDelegate do shutdown begin
2026-01-31 01:07:16.469 [SpringApplicationShutdownHook] INFO  com.alibaba.nacos.client.naming - com.alibaba.nacos.client.naming.core.ServiceInfoUpdateService do shutdown begin
2026-01-31 01:07:16.469 [SpringApplicationShutdownHook] INFO  com.alibaba.nacos.client.naming - com.alibaba.nacos.client.naming.core.ServiceInfoUpdateService do shutdown stop
2026-01-31 01:07:16.469 [SpringApplicationShutdownHook] INFO  com.alibaba.nacos.client.naming - com.alibaba.nacos.client.naming.core.ServerListManager do shutdown begin
2026-01-31 01:07:16.469 [SpringApplicationShutdownHook] WARN  com.alibaba.nacos.client.naming - [NamingHttpClientManager] Start destroying NacosRestTemplate
2026-01-31 01:07:16.469 [SpringApplicationShutdownHook] WARN  com.alibaba.nacos.client.naming - [NamingHttpClientManager] Destruction of the end
2026-01-31 01:07:16.469 [SpringApplicationShutdownHook] INFO  com.alibaba.nacos.client.naming - com.alibaba.nacos.client.naming.core.ServerListManager do shutdown stop
2026-01-31 01:07:16.469 [SpringApplicationShutdownHook] INFO  com.alibaba.nacos.client.naming - com.alibaba.nacos.client.naming.remote.http.NamingHttpClientProxy do shutdown begin
2026-01-31 01:07:16.469 [SpringApplicationShutdownHook] WARN  com.alibaba.nacos.client.naming - [NamingHttpClientManager] Start destroying NacosRestTemplate
2026-01-31 01:07:16.469 [SpringApplicationShutdownHook] WARN  com.alibaba.nacos.client.naming - [NamingHttpClientManager] Destruction of the end
2026-01-31 01:07:16.469 [SpringApplicationShutdownHook] INFO  com.alibaba.nacos.client.naming - com.alibaba.nacos.client.naming.remote.http.NamingHttpClientProxy do shutdown stop
2026-01-31 01:07:16.469 [SpringApplicationShutdownHook] INFO  com.alibaba.nacos.common.remote.client - Shutdown rpc client, set status to shutdown
2026-01-31 01:07:16.469 [SpringApplicationShutdownHook] INFO  com.alibaba.nacos.common.remote.client - Shutdown client event executor java.util.concurrent.ScheduledThreadPoolExecutor@4f4fd658[Running, pool size = 2, active threads = 2, queued tasks = 0, completed tasks = 0]
2026-01-31 01:07:16.470 [SpringApplicationShutdownHook] INFO  com.alibaba.nacos.common.remote.client - Close current connection 1769832293791_127.0.0.1_34047
2026-01-31 01:07:16.475 [SpringApplicationShutdownHook] INFO  c.a.nacos.common.remote.client.grpc.GrpcClient - Shutdown grpc executor java.util.concurrent.ThreadPoolExecutor@581c4e55[Running, pool size = 4, active threads = 1, queued tasks = 0, completed tasks = 2220]
2026-01-31 01:07:16.475 [nacos-grpc-client-executor-127.0.0.1-2220] INFO  c.a.nacos.common.remote.client.grpc.GrpcClient - [1769832293791_127.0.0.1_34047]Ignore complete event,isRunning:false,isAbandon=false
2026-01-31 01:07:16.475 [SpringApplicationShutdownHook] INFO  com.alibaba.nacos.client.naming - Shutdown grpc redo service executor java.util.concurrent.ScheduledThreadPoolExecutor@4e6e852e[Running, pool size = 1, active threads = 0, queued tasks = 1, completed tasks = 3637]
2026-01-31 01:07:16.475 [SpringApplicationShutdownHook] INFO  c.a.n.client.auth.ram.identify.CredentialWatcher - [null] CredentialWatcher is stopped
2026-01-31 01:07:16.475 [SpringApplicationShutdownHook] INFO  c.a.n.client.auth.ram.identify.CredentialService - [null] CredentialService is freed
2026-01-31 01:07:16.476 [SpringApplicationShutdownHook] INFO  com.alibaba.nacos.client.naming - com.alibaba.nacos.client.naming.remote.NamingClientProxyDelegate do shutdown stop
2026-01-31 13:02:14.221 [main] WARN  com.alibaba.nacos.client.logging.NacosLogging - Load Logback Configuration of Nacos fail, message: Could not initialize Logback Nacos logging from classpath:nacos-logback.xml
2026-01-31 13:02:14.298 [main] WARN  com.alibaba.nacos.client.logging.NacosLogging - Load Logback Configuration of Nacos fail, message: Could not initialize Logback Nacos logging from classpath:nacos-logback.xml
2026-01-31 13:02:14.863 [main] WARN  com.alibaba.nacos.client.logging.NacosLogging - Load Logback Configuration of Nacos fail, message: Could not initialize Logback Nacos logging from classpath:nacos-logback.xml
2026-01-31 13:02:14.878 [main] WARN  com.alibaba.nacos.client.logging.NacosLogging - Load Logback Configuration of Nacos fail, message: Could not initialize Logback Nacos logging from classpath:nacos-logback.xml
2026-01-31 13:02:14.879 [main] INFO  c.evan.greennote.kv.biz.GreenNoteKVBizApplication - The following 1 profile is active: "dev"
2026-01-31 13:02:15.556 [main] INFO  o.s.d.r.config.RepositoryConfigurationDelegate - Bootstrapping Spring Data Reactive Cassandra repositories in DEFAULT mode.
2026-01-31 13:02:15.728 [main] INFO  o.s.d.r.config.RepositoryConfigurationDelegate - Finished Spring Data repository scanning in 167 ms. Found 0 Reactive Cassandra repository interfaces.
2026-01-31 13:02:15.734 [main] INFO  o.s.d.r.config.RepositoryConfigurationDelegate - Bootstrapping Spring Data Cassandra repositories in DEFAULT mode.
2026-01-31 13:02:15.757 [main] INFO  o.s.d.r.config.RepositoryConfigurationDelegate - Finished Spring Data repository scanning in 22 ms. Found 1 Cassandra repository interfaces.
2026-01-31 13:02:16.009 [main] INFO  o.springframework.cloud.context.scope.GenericScope - BeanFactory id=5e742bb3-aebb-36fb-b55d-900eaf09a3bc
2026-01-31 13:02:16.565 [main] INFO  o.s.boot.web.embedded.tomcat.TomcatWebServer - Tomcat initialized with port(s): 8084 (http)
2026-01-31 13:02:16.577 [main] INFO  org.apache.catalina.core.StandardService - Starting service [Tomcat]
2026-01-31 13:02:16.578 [main] INFO  org.apache.catalina.core.StandardEngine - Starting Servlet engine: [Apache Tomcat/10.1.5]
2026-01-31 13:02:16.711 [main] INFO  o.a.c.core.ContainerBase.[Tomcat].[localhost].[/] - Initializing Spring embedded WebApplicationContext
2026-01-31 13:02:16.712 [main] INFO  o.s.b.w.s.c.ServletWebServerApplicationContext - Root WebApplicationContext: initialization completed in 1818 ms
2026-01-31 13:02:17.196 [main] INFO  c.d.o.driver.internal.core.DefaultMavenCoordinates - DataStax Java driver for Apache Cassandra(R) (com.datastax.oss:java-driver-core) version 4.15.0
2026-01-31 13:02:17.774 [s0-admin-0] INFO  com.datastax.oss.driver.internal.core.time.Clock - Using native clock for microsecond precision
2026-01-31 13:02:18.459 [s1-admin-0] INFO  com.datastax.oss.driver.internal.core.time.Clock - Using native clock for microsecond precision
2026-01-31 13:02:20.257 [main] WARN  o.s.c.l.c.LoadBalancerCacheAutoConfiguration$LoadBalancerCaffeineWarnLogger - Spring Cloud LoadBalancer is currently working with the default cache. While this cache implementation is useful for development and tests, it's recommended to use Caffeine cache in production.You can switch to using Caffeine cache, by adding it and org.springframework.cache.caffeine.CaffeineCacheManager to the classpath.
2026-01-31 13:02:20.395 [main] INFO  o.s.boot.web.embedded.tomcat.TomcatWebServer - Tomcat started on port(s): 8084 (http) with context path ''
2026-01-31 13:02:20.407 [main] WARN  com.alibaba.nacos.client.logging.NacosLogging - Load Logback Configuration of Nacos fail, message: Could not initialize Logback Nacos logging from classpath:nacos-logback.xml
2026-01-31 13:02:20.407 [main] INFO  com.alibaba.nacos.client.naming - initializer namespace from ans.namespace attribute : null
2026-01-31 13:02:20.411 [main] INFO  com.alibaba.nacos.client.naming - initializer namespace from ALIBABA_ALIWARE_NAMESPACE attribute :null
2026-01-31 13:02:20.413 [main] INFO  com.alibaba.nacos.client.naming - initializer namespace from namespace attribute :null
2026-01-31 13:02:20.471 [main] INFO  com.alibaba.nacos.client.utils.ParamUtil - [settings] [req-serv] nacos-server port:8848
2026-01-31 13:02:20.471 [main] INFO  com.alibaba.nacos.client.utils.ParamUtil - [settings] [http-client] connect timeout:1000
2026-01-31 13:02:20.473 [main] INFO  com.alibaba.nacos.client.utils.ParamUtil - PER_TASK_CONFIG_SIZE: 3000.0
2026-01-31 13:02:20.481 [main] INFO  c.a.n.p.auth.spi.client.ClientAuthPluginManager - [ClientAuthPluginManager] Load ClientAuthService com.alibaba.nacos.client.auth.impl.NacosClientAuthServiceImpl success.
2026-01-31 13:02:20.481 [main] INFO  c.a.n.p.auth.spi.client.ClientAuthPluginManager - [ClientAuthPluginManager] Load ClientAuthService com.alibaba.nacos.client.auth.ram.RamClientAuthServiceImpl success.
2026-01-31 13:02:20.488 [main] INFO  c.a.n.client.auth.ram.identify.CredentialWatcher - null No credential found
2026-01-31 13:02:20.507 [main] INFO  com.alibaba.nacos.common.remote.client - [RpcClientFactory] create a new rpc client of 8714938a-e43f-4fa1-9165-04574fe5ef51
2026-01-31 13:02:20.566 [main] INFO  com.alibaba.nacos.common.remote.client - [8714938a-e43f-4fa1-9165-04574fe5ef51] RpcClient init, ServerListFactory = com.alibaba.nacos.client.naming.core.ServerListManager
2026-01-31 13:02:20.566 [main] INFO  com.alibaba.nacos.common.remote.client - [8714938a-e43f-4fa1-9165-04574fe5ef51] Registry connection listener to current client:com.alibaba.nacos.client.naming.remote.gprc.redo.NamingGrpcRedoService
2026-01-31 13:02:20.567 [main] INFO  com.alibaba.nacos.common.remote.client - [8714938a-e43f-4fa1-9165-04574fe5ef51] Register server push request handler:com.alibaba.nacos.client.naming.remote.gprc.NamingPushRequestHandler
2026-01-31 13:02:20.574 [main] INFO  com.alibaba.nacos.common.remote.client - [8714938a-e43f-4fa1-9165-04574fe5ef51] Try to connect to server on start up, server: {serverIp = '127.0.0.1', server main port = 8848}
2026-01-31 13:02:20.673 [main] INFO  c.a.nacos.common.remote.client.grpc.GrpcClient - grpc client connection server:127.0.0.1 ip,serverPort:9848,grpcTslConfig:{"sslProvider":"OPENSSL","enableTls":false,"mutualAuthEnable":false,"trustAll":false}
2026-01-31 13:02:21.930 [main] INFO  com.alibaba.nacos.common.remote.client - [8714938a-e43f-4fa1-9165-04574fe5ef51] Success to connect to server [127.0.0.1:8848] on start up, connectionId = 1769886141679_127.0.0.1_50275
2026-01-31 13:02:21.931 [com.alibaba.nacos.client.remote.worker] INFO  com.alibaba.nacos.common.remote.client - [8714938a-e43f-4fa1-9165-04574fe5ef51] Notify connected event to listeners.
2026-01-31 13:02:21.931 [com.alibaba.nacos.client.remote.worker] INFO  com.alibaba.nacos.client.naming - Grpc connection connect
2026-01-31 13:02:21.931 [main] INFO  com.alibaba.nacos.common.remote.client - [8714938a-e43f-4fa1-9165-04574fe5ef51] Register server push request handler:com.alibaba.nacos.common.remote.client.RpcClient$ConnectResetRequestHandler
2026-01-31 13:02:21.931 [main] INFO  com.alibaba.nacos.common.remote.client - [8714938a-e43f-4fa1-9165-04574fe5ef51] Register server push request handler:com.alibaba.nacos.common.remote.client.RpcClient$$Lambda$1486/0x000001e835912110
2026-01-31 13:02:21.933 [main] INFO  com.alibaba.nacos.client.naming - [REGISTER-SERVICE] greennote registering service GreenNote-kv with instance Instance{instanceId='null', ip='10.141.50.251', port=8084, weight=1.0, healthy=true, enabled=true, ephemeral=true, clusterName='DEFAULT', serviceName='null', metadata={IPv6=null, preserved.register.source=SPRING_CLOUD}}
2026-01-31 13:02:21.956 [main] INFO  c.a.cloud.nacos.registry.NacosServiceRegistry - nacos registry, DEFAULT_GROUP GreenNote-kv 10.141.50.251:8084 register finished
2026-01-31 13:02:22.136 [main] INFO  c.evan.greennote.kv.biz.GreenNoteKVBizApplication - Started GreenNoteKVBizApplication in 8.669 seconds (process running for 10.488)
2026-01-31 13:02:58.219 [http-nio-8084-exec-1] INFO  o.a.c.core.ContainerBase.[Tomcat].[localhost].[/] - Initializing Spring DispatcherServlet 'dispatcherServlet'
2026-01-31 13:02:58.219 [http-nio-8084-exec-1] INFO  org.springframework.web.servlet.DispatcherServlet - Initializing Servlet 'dispatcherServlet'
2026-01-31 13:02:58.220 [http-nio-8084-exec-1] INFO  org.springframework.web.servlet.DispatcherServlet - Completed initialization in 1 ms
2026-01-31 13:02:58.333 [http-nio-8084-exec-1] INFO  c.e.f.b.operationlog.aspect.ApiOperationLogAspect - ====== 请求开始: [批量存储评论内容], 入参: {"comments":[{"noteId":1862482047415615529,"yearMonth":"2026-01","contentId":"9eabc954-9a06-47bd-bcc6-dce71dcac1f8","content":"这是一条测试二级评论"}]}, 请求类: com.evan.greennote.kv.biz.controller.CommentContentController, 请求方法: batchAddCommentContent =======
2026-01-31 13:02:58.504 [http-nio-8084-exec-1] INFO  c.e.f.b.operationlog.aspect.ApiOperationLogAspect - ====== 请求结束: [批量存储评论内容], 耗时: 172ms, 出参: {"success":true,"message":null,"errorCode":null,"data":null}======
2026-01-31 13:18:03.511 [http-nio-8084-exec-3] INFO  c.e.f.b.operationlog.aspect.ApiOperationLogAspect - ====== 请求开始: [批量存储评论内容], 入参: {"comments":[{"noteId":1862482047415615520,"yearMonth":"2026-01","contentId":"09ddb0cb-5598-4a8a-bfcc-55071165c15d","content":"这是一条测试二级评论1"}]}, 请求类: com.evan.greennote.kv.biz.controller.CommentContentController, 请求方法: batchAddCommentContent =======
2026-01-31 13:18:03.518 [http-nio-8084-exec-3] INFO  c.e.f.b.operationlog.aspect.ApiOperationLogAspect - ====== 请求结束: [批量存储评论内容], 耗时: 7ms, 出参: {"success":true,"message":null,"errorCode":null,"data":null}======
2026-01-31 13:18:11.370 [http-nio-8084-exec-4] INFO  c.e.f.b.operationlog.aspect.ApiOperationLogAspect - ====== 请求开始: [批量存储评论内容], 入参: {"comments":[{"noteId":1862482047415615521,"yearMonth":"2026-01","contentId":"4719b44a-13f9-4186-8695-cd0e4266f832","content":"这是一条测试二级评论2"}]}, 请求类: com.evan.greennote.kv.biz.controller.CommentContentController, 请求方法: batchAddCommentContent =======
2026-01-31 13:18:11.376 [http-nio-8084-exec-4] INFO  c.e.f.b.operationlog.aspect.ApiOperationLogAspect - ====== 请求结束: [批量存储评论内容], 耗时: 6ms, 出参: {"success":true,"message":null,"errorCode":null,"data":null}======
2026-01-31 13:18:18.142 [http-nio-8084-exec-5] INFO  c.e.f.b.operationlog.aspect.ApiOperationLogAspect - ====== 请求开始: [批量存储评论内容], 入参: {"comments":[{"noteId":1862482047415615522,"yearMonth":"2026-01","contentId":"ec5775bd-77e3-48c2-b429-f289bff95bfa","content":"这是一条测试二级评论3"}]}, 请求类: com.evan.greennote.kv.biz.controller.CommentContentController, 请求方法: batchAddCommentContent =======
2026-01-31 13:18:18.147 [http-nio-8084-exec-5] INFO  c.e.f.b.operationlog.aspect.ApiOperationLogAspect - ====== 请求结束: [批量存储评论内容], 耗时: 4ms, 出参: {"success":true,"message":null,"errorCode":null,"data":null}======
2026-01-31 13:18:44.513 [http-nio-8084-exec-8] INFO  c.e.f.b.operationlog.aspect.ApiOperationLogAspect - ====== 请求开始: [批量存储评论内容], 入参: {"comments":[{"noteId":1862482047415615522,"yearMonth":"2026-01","contentId":"2355118e-48a7-4d96-b384-a3cfb2cd0901","content":"这是一条测试二级评论3"}]}, 请求类: com.evan.greennote.kv.biz.controller.CommentContentController, 请求方法: batchAddCommentContent =======
2026-01-31 13:18:44.520 [http-nio-8084-exec-8] INFO  c.e.f.b.operationlog.aspect.ApiOperationLogAspect - ====== 请求结束: [批量存储评论内容], 耗时: 6ms, 出参: {"success":true,"message":null,"errorCode":null,"data":null}======
2026-01-31 13:19:13.790 [http-nio-8084-exec-10] INFO  c.e.f.b.operationlog.aspect.ApiOperationLogAspect - ====== 请求开始: [批量存储评论内容], 入参: {"comments":[{"noteId":1862482047415615522,"yearMonth":"2026-01","contentId":"3e3c7bbe-3b36-4205-84b5-ef2b99d394a7","content":"这是一条测试二级评论a"}]}, 请求类: com.evan.greennote.kv.biz.controller.CommentContentController, 请求方法: batchAddCommentContent =======
2026-01-31 13:19:13.796 [http-nio-8084-exec-10] INFO  c.e.f.b.operationlog.aspect.ApiOperationLogAspect - ====== 请求结束: [批量存储评论内容], 耗时: 6ms, 出参: {"success":true,"message":null,"errorCode":null,"data":null}======
2026-01-31 13:19:17.334 [http-nio-8084-exec-9] INFO  c.e.f.b.operationlog.aspect.ApiOperationLogAspect - ====== 请求开始: [批量存储评论内容], 入参: {"comments":[{"noteId":1862482047415615522,"yearMonth":"2026-01","contentId":"639b0c28-f1ff-408e-9570-7589f1ae3dff","content":"这是一条测试二级评论b"}]}, 请求类: com.evan.greennote.kv.biz.controller.CommentContentController, 请求方法: batchAddCommentContent =======
2026-01-31 13:19:17.340 [http-nio-8084-exec-9] INFO  c.e.f.b.operationlog.aspect.ApiOperationLogAspect - ====== 请求结束: [批量存储评论内容], 耗时: 6ms, 出参: {"success":true,"message":null,"errorCode":null,"data":null}======
2026-01-31 13:19:20.998 [http-nio-8084-exec-6] INFO  c.e.f.b.operationlog.aspect.ApiOperationLogAspect - ====== 请求开始: [批量存储评论内容], 入参: {"comments":[{"noteId":1862482047415615522,"yearMonth":"2026-01","contentId":"0cb2f8f0-76f9-471e-9de9-fffe3ab97c8a","content":"这是一条测试二级评论c"}]}, 请求类: com.evan.greennote.kv.biz.controller.CommentContentController, 请求方法: batchAddCommentContent =======
2026-01-31 13:19:21.003 [http-nio-8084-exec-6] INFO  c.e.f.b.operationlog.aspect.ApiOperationLogAspect - ====== 请求结束: [批量存储评论内容], 耗时: 5ms, 出参: {"success":true,"message":null,"errorCode":null,"data":null}======
2026-01-31 13:20:05.305 [http-nio-8084-exec-7] INFO  c.e.f.b.operationlog.aspect.ApiOperationLogAspect - ====== 请求开始: [批量存储评论内容], 入参: {"comments":[{"noteId":1862482047415615522,"yearMonth":"2026-01","contentId":"b0308810-2790-4c58-b3a3-bc1916a22c9b","content":"这是一条测试二级评论x"}]}, 请求类: com.evan.greennote.kv.biz.controller.CommentContentController, 请求方法: batchAddCommentContent =======
2026-01-31 13:20:05.310 [http-nio-8084-exec-7] INFO  c.e.f.b.operationlog.aspect.ApiOperationLogAspect - ====== 请求结束: [批量存储评论内容], 耗时: 5ms, 出参: {"success":true,"message":null,"errorCode":null,"data":null}======
2026-01-31 13:20:08.845 [http-nio-8084-exec-1] INFO  c.e.f.b.operationlog.aspect.ApiOperationLogAspect - ====== 请求开始: [批量存储评论内容], 入参: {"comments":[{"noteId":1862482047415615522,"yearMonth":"2026-01","contentId":"7a1a6875-eeb4-4f2f-b5f2-d5cded730b42","content":"这是一条测试二级评论y"}]}, 请求类: com.evan.greennote.kv.biz.controller.CommentContentController, 请求方法: batchAddCommentContent =======
2026-01-31 13:20:08.849 [http-nio-8084-exec-1] INFO  c.e.f.b.operationlog.aspect.ApiOperationLogAspect - ====== 请求结束: [批量存储评论内容], 耗时: 5ms, 出参: {"success":true,"message":null,"errorCode":null,"data":null}======
2026-01-31 13:20:11.747 [http-nio-8084-exec-2] INFO  c.e.f.b.operationlog.aspect.ApiOperationLogAspect - ====== 请求开始: [批量存储评论内容], 入参: {"comments":[{"noteId":1862482047415615522,"yearMonth":"2026-01","contentId":"94901657-86e0-4e02-aee2-3d76f0fa8bad","content":"这是一条测试二级评论z"}]}, 请求类: com.evan.greennote.kv.biz.controller.CommentContentController, 请求方法: batchAddCommentContent =======
2026-01-31 13:20:11.752 [http-nio-8084-exec-2] INFO  c.e.f.b.operationlog.aspect.ApiOperationLogAspect - ====== 请求结束: [批量存储评论内容], 耗时: 5ms, 出参: {"success":true,"message":null,"errorCode":null,"data":null}======
2026-01-31 13:26:08.188 [http-nio-8084-exec-4] INFO  c.e.f.b.operationlog.aspect.ApiOperationLogAspect - ====== 请求开始: [批量存储评论内容], 入参: {"comments":[{"noteId":1862482047415615525,"yearMonth":"2026-01","contentId":"9fefba74-513c-473b-ae06-7d8efcfdacde","content":"这是一条测试二级评论z"}]}, 请求类: com.evan.greennote.kv.biz.controller.CommentContentController, 请求方法: batchAddCommentContent =======
2026-01-31 13:26:08.194 [http-nio-8084-exec-4] INFO  c.e.f.b.operationlog.aspect.ApiOperationLogAspect - ====== 请求结束: [批量存储评论内容], 耗时: 6ms, 出参: {"success":true,"message":null,"errorCode":null,"data":null}======
2026-01-31 13:26:11.330 [http-nio-8084-exec-5] INFO  c.e.f.b.operationlog.aspect.ApiOperationLogAspect - ====== 请求开始: [批量存储评论内容], 入参: {"comments":[{"noteId":1862482047415615526,"yearMonth":"2026-01","contentId":"535bc83c-3105-486f-a3ad-83b22f3eeac3","content":"这是一条测试二级评论z"}]}, 请求类: com.evan.greennote.kv.biz.controller.CommentContentController, 请求方法: batchAddCommentContent =======
2026-01-31 13:26:11.335 [http-nio-8084-exec-5] INFO  c.e.f.b.operationlog.aspect.ApiOperationLogAspect - ====== 请求结束: [批量存储评论内容], 耗时: 5ms, 出参: {"success":true,"message":null,"errorCode":null,"data":null}======
2026-01-31 13:26:15.236 [http-nio-8084-exec-8] INFO  c.e.f.b.operationlog.aspect.ApiOperationLogAspect - ====== 请求开始: [批量存储评论内容], 入参: {"comments":[{"noteId":1862482047415615527,"yearMonth":"2026-01","contentId":"a22d8238-3bb3-4d75-a99c-71c14844a11b","content":"这是一条测试二级评论z"}]}, 请求类: com.evan.greennote.kv.biz.controller.CommentContentController, 请求方法: batchAddCommentContent =======
2026-01-31 13:26:15.241 [http-nio-8084-exec-8] INFO  c.e.f.b.operationlog.aspect.ApiOperationLogAspect - ====== 请求结束: [批量存储评论内容], 耗时: 5ms, 出参: {"success":true,"message":null,"errorCode":null,"data":null}======
2026-01-31 13:31:44.992 [http-nio-8084-exec-9] INFO  c.e.f.b.operationlog.aspect.ApiOperationLogAspect - ====== 请求开始: [批量存储评论内容], 入参: {"comments":[{"noteId":1862482047415615510,"yearMonth":"2026-01","contentId":"96d3ee7a-ba70-4dc2-8d4a-166d9f401d5f","content":"这是一条测试二级评论z"}]}, 请求类: com.evan.greennote.kv.biz.controller.CommentContentController, 请求方法: batchAddCommentContent =======
2026-01-31 13:31:44.998 [http-nio-8084-exec-9] INFO  c.e.f.b.operationlog.aspect.ApiOperationLogAspect - ====== 请求结束: [批量存储评论内容], 耗时: 6ms, 出参: {"success":true,"message":null,"errorCode":null,"data":null}======
2026-01-31 13:31:47.579 [http-nio-8084-exec-6] INFO  c.e.f.b.operationlog.aspect.ApiOperationLogAspect - ====== 请求开始: [批量存储评论内容], 入参: {"comments":[{"noteId":1862482047415615511,"yearMonth":"2026-01","contentId":"ef69cfbd-7018-4af4-9535-7f76564db47e","content":"这是一条测试二级评论z"}]}, 请求类: com.evan.greennote.kv.biz.controller.CommentContentController, 请求方法: batchAddCommentContent =======
2026-01-31 13:31:47.584 [http-nio-8084-exec-6] INFO  c.e.f.b.operationlog.aspect.ApiOperationLogAspect - ====== 请求结束: [批量存储评论内容], 耗时: 5ms, 出参: {"success":true,"message":null,"errorCode":null,"data":null}======
2026-01-31 13:31:50.887 [http-nio-8084-exec-7] INFO  c.e.f.b.operationlog.aspect.ApiOperationLogAspect - ====== 请求开始: [批量存储评论内容], 入参: {"comments":[{"noteId":1862482047415615512,"yearMonth":"2026-01","contentId":"e7c5efe2-2f57-40cb-9c5d-7b0dd34e730c","content":"这是一条测试二级评论z"}]}, 请求类: com.evan.greennote.kv.biz.controller.CommentContentController, 请求方法: batchAddCommentContent =======
2026-01-31 13:31:50.893 [http-nio-8084-exec-7] INFO  c.e.f.b.operationlog.aspect.ApiOperationLogAspect - ====== 请求结束: [批量存储评论内容], 耗时: 6ms, 出参: {"success":true,"message":null,"errorCode":null,"data":null}======
2026-01-31 13:31:53.740 [http-nio-8084-exec-1] INFO  c.e.f.b.operationlog.aspect.ApiOperationLogAspect - ====== 请求开始: [批量存储评论内容], 入参: {"comments":[{"noteId":1862482047415615513,"yearMonth":"2026-01","contentId":"9db9b8dd-c63f-4a18-b356-450673c74e9d","content":"这是一条测试二级评论z"}]}, 请求类: com.evan.greennote.kv.biz.controller.CommentContentController, 请求方法: batchAddCommentContent =======
2026-01-31 13:31:53.745 [http-nio-8084-exec-1] INFO  c.e.f.b.operationlog.aspect.ApiOperationLogAspect - ====== 请求结束: [批量存储评论内容], 耗时: 4ms, 出参: {"success":true,"message":null,"errorCode":null,"data":null}======
2026-01-31 13:31:56.666 [http-nio-8084-exec-2] INFO  c.e.f.b.operationlog.aspect.ApiOperationLogAspect - ====== 请求开始: [批量存储评论内容], 入参: {"comments":[{"noteId":1862482047415615514,"yearMonth":"2026-01","contentId":"ab402508-0a04-40d4-9d32-1b6ac4217dc6","content":"这是一条测试二级评论z"}]}, 请求类: com.evan.greennote.kv.biz.controller.CommentContentController, 请求方法: batchAddCommentContent =======
2026-01-31 13:31:56.671 [http-nio-8084-exec-2] INFO  c.e.f.b.operationlog.aspect.ApiOperationLogAspect - ====== 请求结束: [批量存储评论内容], 耗时: 5ms, 出参: {"success":true,"message":null,"errorCode":null,"data":null}======
2026-01-31 14:01:32.671 [http-nio-8084-exec-4] INFO  c.e.f.b.operationlog.aspect.ApiOperationLogAspect - ====== 请求开始: [批量存储评论内容], 入参: {"comments":[{"noteId":1862482047415615566,"yearMonth":"2026-01","contentId":"b236b06b-ee85-471f-9180-0b492db1a4ee","content":"这是一条测试二级评论HEAT!"}]}, 请求类: com.evan.greennote.kv.biz.controller.CommentContentController, 请求方法: batchAddCommentContent =======
2026-01-31 14:01:32.682 [http-nio-8084-exec-4] INFO  c.e.f.b.operationlog.aspect.ApiOperationLogAspect - ====== 请求结束: [批量存储评论内容], 耗时: 11ms, 出参: {"success":true,"message":null,"errorCode":null,"data":null}======
2026-01-31 14:58:01.810 [http-nio-8084-exec-8] INFO  c.e.f.b.operationlog.aspect.ApiOperationLogAspect - ====== 请求开始: [批量存储评论内容], 入参: {"comments":[{"noteId":1862482047415615566,"yearMonth":"2026-01","contentId":"c8efa5e8-87ac-4fcc-9391-8f9a14608ca7","content":"这是一条测试二级评论EARLY"}]}, 请求类: com.evan.greennote.kv.biz.controller.CommentContentController, 请求方法: batchAddCommentContent =======
2026-01-31 14:58:01.832 [http-nio-8084-exec-8] INFO  c.e.f.b.operationlog.aspect.ApiOperationLogAspect - ====== 请求结束: [批量存储评论内容], 耗时: 22ms, 出参: {"success":true,"message":null,"errorCode":null,"data":null}======
2026-01-31 16:03:09.213 [Thread-21] WARN  com.alibaba.nacos.common.notify.NotifyCenter - [NotifyCenter] Start destroying Publisher
2026-01-31 16:03:09.213 [Thread-24] WARN  c.alibaba.nacos.common.http.HttpClientBeanHolder - [HttpClientBeanHolder] Start destroying common HttpClient
2026-01-31 16:03:09.214 [Thread-21] WARN  com.alibaba.nacos.common.notify.NotifyCenter - [NotifyCenter] Destruction of the end
2026-01-31 16:03:09.216 [Thread-24] WARN  c.alibaba.nacos.common.http.HttpClientBeanHolder - [HttpClientBeanHolder] Destruction of the end
2026-01-31 16:03:11.388 [SpringApplicationShutdownHook] INFO  c.a.cloud.nacos.registry.NacosServiceRegistry - De-registering from Nacos Server now...
2026-01-31 16:03:11.389 [SpringApplicationShutdownHook] INFO  com.alibaba.nacos.client.naming - [DEREGISTER-SERVICE] greennote deregistering service GreenNote-kv with instance: Instance{instanceId='null', ip='10.141.50.251', port=8084, weight=1.0, healthy=true, enabled=true, ephemeral=true, clusterName='DEFAULT', serviceName='null', metadata={}}
2026-01-31 16:03:11.392 [SpringApplicationShutdownHook] INFO  c.a.cloud.nacos.registry.NacosServiceRegistry - De-registration finished.
2026-01-31 16:03:11.393 [SpringApplicationShutdownHook] INFO  com.alibaba.nacos.client.naming - com.alibaba.nacos.client.naming.cache.ServiceInfoHolder do shutdown begin
2026-01-31 16:03:11.393 [SpringApplicationShutdownHook] INFO  com.alibaba.nacos.client.naming - com.alibaba.nacos.client.naming.backups.FailoverReactor do shutdown begin
2026-01-31 16:03:11.393 [SpringApplicationShutdownHook] INFO  com.alibaba.nacos.client.naming - com.alibaba.nacos.client.naming.backups.FailoverReactor do shutdown stop
2026-01-31 16:03:11.393 [SpringApplicationShutdownHook] INFO  com.alibaba.nacos.client.naming - com.alibaba.nacos.client.naming.cache.ServiceInfoHolder do shutdown stop
2026-01-31 16:03:11.393 [SpringApplicationShutdownHook] INFO  com.alibaba.nacos.client.naming - com.alibaba.nacos.client.naming.remote.NamingClientProxyDelegate do shutdown begin
2026-01-31 16:03:11.394 [SpringApplicationShutdownHook] INFO  com.alibaba.nacos.client.naming - com.alibaba.nacos.client.naming.core.ServiceInfoUpdateService do shutdown begin
2026-01-31 16:03:11.394 [SpringApplicationShutdownHook] INFO  com.alibaba.nacos.client.naming - com.alibaba.nacos.client.naming.core.ServiceInfoUpdateService do shutdown stop
2026-01-31 16:03:11.394 [SpringApplicationShutdownHook] INFO  com.alibaba.nacos.client.naming - com.alibaba.nacos.client.naming.core.ServerListManager do shutdown begin
2026-01-31 16:03:11.394 [SpringApplicationShutdownHook] WARN  com.alibaba.nacos.client.naming - [NamingHttpClientManager] Start destroying NacosRestTemplate
2026-01-31 16:03:11.394 [SpringApplicationShutdownHook] WARN  com.alibaba.nacos.client.naming - [NamingHttpClientManager] Destruction of the end
2026-01-31 16:03:11.394 [SpringApplicationShutdownHook] INFO  com.alibaba.nacos.client.naming - com.alibaba.nacos.client.naming.core.ServerListManager do shutdown stop
2026-01-31 16:03:11.394 [SpringApplicationShutdownHook] INFO  com.alibaba.nacos.client.naming - com.alibaba.nacos.client.naming.remote.http.NamingHttpClientProxy do shutdown begin
2026-01-31 16:03:11.394 [SpringApplicationShutdownHook] WARN  com.alibaba.nacos.client.naming - [NamingHttpClientManager] Start destroying NacosRestTemplate
2026-01-31 16:03:11.394 [SpringApplicationShutdownHook] WARN  com.alibaba.nacos.client.naming - [NamingHttpClientManager] Destruction of the end
2026-01-31 16:03:11.394 [SpringApplicationShutdownHook] INFO  com.alibaba.nacos.client.naming - com.alibaba.nacos.client.naming.remote.http.NamingHttpClientProxy do shutdown stop
2026-01-31 16:03:11.394 [SpringApplicationShutdownHook] INFO  com.alibaba.nacos.common.remote.client - Shutdown rpc client, set status to shutdown
2026-01-31 16:03:11.394 [SpringApplicationShutdownHook] INFO  com.alibaba.nacos.common.remote.client - Shutdown client event executor java.util.concurrent.ScheduledThreadPoolExecutor@22cfa76[Running, pool size = 2, active threads = 2, queued tasks = 0, completed tasks = 0]
2026-01-31 16:03:11.394 [SpringApplicationShutdownHook] INFO  com.alibaba.nacos.common.remote.client - Close current connection 1769886141679_127.0.0.1_50275
2026-01-31 16:03:11.397 [nacos-grpc-client-executor-127.0.0.1-2203] INFO  c.a.nacos.common.remote.client.grpc.GrpcClient - [1769886141679_127.0.0.1_50275]Ignore complete event,isRunning:false,isAbandon=false
2026-01-31 16:03:11.401 [SpringApplicationShutdownHook] INFO  c.a.nacos.common.remote.client.grpc.GrpcClient - Shutdown grpc executor java.util.concurrent.ThreadPoolExecutor@64cd98e1[Running, pool size = 4, active threads = 0, queued tasks = 0, completed tasks = 2204]
2026-01-31 16:03:11.401 [SpringApplicationShutdownHook] INFO  com.alibaba.nacos.client.naming - Shutdown grpc redo service executor java.util.concurrent.ScheduledThreadPoolExecutor@7ada4200[Running, pool size = 1, active threads = 0, queued tasks = 1, completed tasks = 3608]
2026-01-31 16:03:11.402 [SpringApplicationShutdownHook] INFO  c.a.n.client.auth.ram.identify.CredentialWatcher - [null] CredentialWatcher is stopped
2026-01-31 16:03:11.402 [SpringApplicationShutdownHook] INFO  c.a.n.client.auth.ram.identify.CredentialService - [null] CredentialService is freed
2026-01-31 16:03:11.402 [SpringApplicationShutdownHook] INFO  com.alibaba.nacos.client.naming - com.alibaba.nacos.client.naming.remote.NamingClientProxyDelegate do shutdown stop
2026-01-31 16:03:17.636 [main] WARN  com.alibaba.nacos.client.logging.NacosLogging - Load Logback Configuration of Nacos fail, message: Could not initialize Logback Nacos logging from classpath:nacos-logback.xml
2026-01-31 16:03:17.707 [main] WARN  com.alibaba.nacos.client.logging.NacosLogging - Load Logback Configuration of Nacos fail, message: Could not initialize Logback Nacos logging from classpath:nacos-logback.xml
2026-01-31 16:03:18.322 [main] WARN  com.alibaba.nacos.client.logging.NacosLogging - Load Logback Configuration of Nacos fail, message: Could not initialize Logback Nacos logging from classpath:nacos-logback.xml
2026-01-31 16:03:18.338 [main] WARN  com.alibaba.nacos.client.logging.NacosLogging - Load Logback Configuration of Nacos fail, message: Could not initialize Logback Nacos logging from classpath:nacos-logback.xml
2026-01-31 16:03:18.339 [main] INFO  c.evan.greennote.kv.biz.GreenNoteKVBizApplication - The following 1 profile is active: "dev"
2026-01-31 16:03:18.929 [main] INFO  o.s.d.r.config.RepositoryConfigurationDelegate - Bootstrapping Spring Data Reactive Cassandra repositories in DEFAULT mode.
2026-01-31 16:03:19.047 [main] INFO  o.s.d.r.config.RepositoryConfigurationDelegate - Finished Spring Data repository scanning in 115 ms. Found 0 Reactive Cassandra repository interfaces.
2026-01-31 16:03:19.051 [main] INFO  o.s.d.r.config.RepositoryConfigurationDelegate - Bootstrapping Spring Data Cassandra repositories in DEFAULT mode.
2026-01-31 16:03:19.070 [main] INFO  o.s.d.r.config.RepositoryConfigurationDelegate - Finished Spring Data repository scanning in 18 ms. Found 2 Cassandra repository interfaces.
2026-01-31 16:03:19.240 [main] INFO  o.springframework.cloud.context.scope.GenericScope - BeanFactory id=2d99f936-07fb-3b52-96ed-7c39ab486a42
2026-01-31 16:03:19.703 [main] INFO  o.s.boot.web.embedded.tomcat.TomcatWebServer - Tomcat initialized with port(s): 8084 (http)
2026-01-31 16:03:19.715 [main] INFO  org.apache.catalina.core.StandardService - Starting service [Tomcat]
2026-01-31 16:03:19.716 [main] INFO  org.apache.catalina.core.StandardEngine - Starting Servlet engine: [Apache Tomcat/10.1.5]
2026-01-31 16:03:19.814 [main] INFO  o.a.c.core.ContainerBase.[Tomcat].[localhost].[/] - Initializing Spring embedded WebApplicationContext
2026-01-31 16:03:19.815 [main] INFO  o.s.b.w.s.c.ServletWebServerApplicationContext - Root WebApplicationContext: initialization completed in 1456 ms
2026-01-31 16:03:20.133 [main] INFO  c.d.o.driver.internal.core.DefaultMavenCoordinates - DataStax Java driver for Apache Cassandra(R) (com.datastax.oss:java-driver-core) version 4.15.0
2026-01-31 16:03:20.454 [s0-admin-0] INFO  com.datastax.oss.driver.internal.core.time.Clock - Using native clock for microsecond precision
2026-01-31 16:03:20.871 [s1-admin-0] INFO  com.datastax.oss.driver.internal.core.time.Clock - Using native clock for microsecond precision
2026-01-31 16:03:21.212 [main] WARN  o.s.core.LocalVariableTableParameterNameDiscoverer - Using deprecated '-debug' fallback for parameter name resolution. Compile the affected code with '-parameters' instead or avoid its introspection: com.evan.greennote.kv.biz.domain.repository.CommentContentRepository
2026-01-31 16:03:21.804 [main] WARN  o.s.c.l.c.LoadBalancerCacheAutoConfiguration$LoadBalancerCaffeineWarnLogger - Spring Cloud LoadBalancer is currently working with the default cache. While this cache implementation is useful for development and tests, it's recommended to use Caffeine cache in production.You can switch to using Caffeine cache, by adding it and org.springframework.cache.caffeine.CaffeineCacheManager to the classpath.
2026-01-31 16:03:21.864 [main] INFO  o.s.boot.web.embedded.tomcat.TomcatWebServer - Tomcat started on port(s): 8084 (http) with context path ''
2026-01-31 16:03:21.870 [main] WARN  com.alibaba.nacos.client.logging.NacosLogging - Load Logback Configuration of Nacos fail, message: Could not initialize Logback Nacos logging from classpath:nacos-logback.xml
2026-01-31 16:03:21.870 [main] INFO  com.alibaba.nacos.client.naming - initializer namespace from ans.namespace attribute : null
2026-01-31 16:03:21.871 [main] INFO  com.alibaba.nacos.client.naming - initializer namespace from ALIBABA_ALIWARE_NAMESPACE attribute :null
2026-01-31 16:03:21.871 [main] INFO  com.alibaba.nacos.client.naming - initializer namespace from namespace attribute :null
2026-01-31 16:03:21.888 [main] INFO  com.alibaba.nacos.client.utils.ParamUtil - [settings] [req-serv] nacos-server port:8848
2026-01-31 16:03:21.888 [main] INFO  com.alibaba.nacos.client.utils.ParamUtil - [settings] [http-client] connect timeout:1000
2026-01-31 16:03:21.888 [main] INFO  com.alibaba.nacos.client.utils.ParamUtil - PER_TASK_CONFIG_SIZE: 3000.0
2026-01-31 16:03:21.892 [main] INFO  c.a.n.p.auth.spi.client.ClientAuthPluginManager - [ClientAuthPluginManager] Load ClientAuthService com.alibaba.nacos.client.auth.impl.NacosClientAuthServiceImpl success.
2026-01-31 16:03:21.892 [main] INFO  c.a.n.p.auth.spi.client.ClientAuthPluginManager - [ClientAuthPluginManager] Load ClientAuthService com.alibaba.nacos.client.auth.ram.RamClientAuthServiceImpl success.
2026-01-31 16:03:21.894 [main] INFO  c.a.n.client.auth.ram.identify.CredentialWatcher - null No credential found
2026-01-31 16:03:21.901 [main] INFO  com.alibaba.nacos.common.remote.client - [RpcClientFactory] create a new rpc client of d3b70e4b-5106-47ce-8306-0347668f02f8
2026-01-31 16:03:21.914 [main] INFO  com.alibaba.nacos.common.remote.client - [d3b70e4b-5106-47ce-8306-0347668f02f8] RpcClient init, ServerListFactory = com.alibaba.nacos.client.naming.core.ServerListManager
2026-01-31 16:03:21.914 [main] INFO  com.alibaba.nacos.common.remote.client - [d3b70e4b-5106-47ce-8306-0347668f02f8] Registry connection listener to current client:com.alibaba.nacos.client.naming.remote.gprc.redo.NamingGrpcRedoService
2026-01-31 16:03:21.914 [main] INFO  com.alibaba.nacos.common.remote.client - [d3b70e4b-5106-47ce-8306-0347668f02f8] Register server push request handler:com.alibaba.nacos.client.naming.remote.gprc.NamingPushRequestHandler
2026-01-31 16:03:21.916 [main] INFO  com.alibaba.nacos.common.remote.client - [d3b70e4b-5106-47ce-8306-0347668f02f8] Try to connect to server on start up, server: {serverIp = '127.0.0.1', server main port = 8848}
2026-01-31 16:03:21.944 [main] INFO  c.a.nacos.common.remote.client.grpc.GrpcClient - grpc client connection server:127.0.0.1 ip,serverPort:9848,grpcTslConfig:{"sslProvider":"OPENSSL","enableTls":false,"mutualAuthEnable":false,"trustAll":false}
2026-01-31 16:03:22.590 [main] INFO  com.alibaba.nacos.common.remote.client - [d3b70e4b-5106-47ce-8306-0347668f02f8] Success to connect to server [127.0.0.1:8848] on start up, connectionId = 1769897002409_127.0.0.1_1297
2026-01-31 16:03:22.591 [com.alibaba.nacos.client.remote.worker] INFO  com.alibaba.nacos.common.remote.client - [d3b70e4b-5106-47ce-8306-0347668f02f8] Notify connected event to listeners.
2026-01-31 16:03:22.591 [com.alibaba.nacos.client.remote.worker] INFO  com.alibaba.nacos.client.naming - Grpc connection connect
2026-01-31 16:03:22.591 [main] INFO  com.alibaba.nacos.common.remote.client - [d3b70e4b-5106-47ce-8306-0347668f02f8] Register server push request handler:com.alibaba.nacos.common.remote.client.RpcClient$ConnectResetRequestHandler
2026-01-31 16:03:22.592 [main] INFO  com.alibaba.nacos.common.remote.client - [d3b70e4b-5106-47ce-8306-0347668f02f8] Register server push request handler:com.alibaba.nacos.common.remote.client.RpcClient$$Lambda$1529/0x0000027d28924810
2026-01-31 16:03:22.592 [main] INFO  com.alibaba.nacos.client.naming - [REGISTER-SERVICE] greennote registering service GreenNote-kv with instance Instance{instanceId='null', ip='10.141.50.251', port=8084, weight=1.0, healthy=true, enabled=true, ephemeral=true, clusterName='DEFAULT', serviceName='null', metadata={IPv6=null, preserved.register.source=SPRING_CLOUD}}
2026-01-31 16:03:22.602 [main] INFO  c.a.cloud.nacos.registry.NacosServiceRegistry - nacos registry, DEFAULT_GROUP GreenNote-kv 10.141.50.251:8084 register finished
2026-01-31 16:03:22.697 [main] INFO  c.evan.greennote.kv.biz.GreenNoteKVBizApplication - Started GreenNoteKVBizApplication in 5.719 seconds (process running for 6.148)
2026-01-31 16:03:54.085 [http-nio-8084-exec-1] INFO  o.a.c.core.ContainerBase.[Tomcat].[localhost].[/] - Initializing Spring DispatcherServlet 'dispatcherServlet'
2026-01-31 16:03:54.085 [http-nio-8084-exec-1] INFO  org.springframework.web.servlet.DispatcherServlet - Initializing Servlet 'dispatcherServlet'
2026-01-31 16:03:54.086 [http-nio-8084-exec-1] INFO  org.springframework.web.servlet.DispatcherServlet - Completed initialization in 1 ms
2026-01-31 16:03:54.193 [http-nio-8084-exec-1] INFO  c.e.f.b.operationlog.aspect.ApiOperationLogAspect - ====== 请求开始: [批量查询评论内容], 入参: {"noteId":1862482047415615529,"commentContentKeys":[{"yearMonth":"2026-01","contentId":"9eabc954-9a06-47bd-bcc6-dce71dcac1f8"},{"yearMonth":"2026-01","contentId":"96d3ee7a-ba70-4dc2-8d4a-166d9f401d5f"}]}, 请求类: com.evan.greennote.kv.biz.controller.CommentContentController, 请求方法: batchFindCommentContent =======
2026-01-31 16:03:54.388 [http-nio-8084-exec-1] INFO  c.e.f.b.operationlog.aspect.ApiOperationLogAspect - ====== 请求结束: [批量查询评论内容], 耗时: 195ms, 出参: {"success":true,"message":null,"errorCode":null,"data":[{"contentId":"9eabc954-9a06-47bd-bcc6-dce71dcac1f8","content":"这是一条测试二级评论"}]}======
2026-01-31 16:42:43.686 [Thread-24] WARN  c.alibaba.nacos.common.http.HttpClientBeanHolder - [HttpClientBeanHolder] Start destroying common HttpClient
2026-01-31 16:42:43.686 [Thread-21] WARN  com.alibaba.nacos.common.notify.NotifyCenter - [NotifyCenter] Start destroying Publisher
2026-01-31 16:42:43.686 [Thread-21] WARN  com.alibaba.nacos.common.notify.NotifyCenter - [NotifyCenter] Destruction of the end
2026-01-31 16:42:43.687 [Thread-24] WARN  c.alibaba.nacos.common.http.HttpClientBeanHolder - [HttpClientBeanHolder] Destruction of the end
2026-01-31 16:42:45.792 [SpringApplicationShutdownHook] INFO  c.a.cloud.nacos.registry.NacosServiceRegistry - De-registering from Nacos Server now...
2026-01-31 16:42:45.792 [SpringApplicationShutdownHook] INFO  com.alibaba.nacos.client.naming - [DEREGISTER-SERVICE] greennote deregistering service GreenNote-kv with instance: Instance{instanceId='null', ip='10.141.50.251', port=8084, weight=1.0, healthy=true, enabled=true, ephemeral=true, clusterName='DEFAULT', serviceName='null', metadata={}}
2026-01-31 16:42:45.794 [SpringApplicationShutdownHook] INFO  c.a.cloud.nacos.registry.NacosServiceRegistry - De-registration finished.
2026-01-31 16:42:45.794 [SpringApplicationShutdownHook] INFO  com.alibaba.nacos.client.naming - com.alibaba.nacos.client.naming.cache.ServiceInfoHolder do shutdown begin
2026-01-31 16:42:45.794 [SpringApplicationShutdownHook] INFO  com.alibaba.nacos.client.naming - com.alibaba.nacos.client.naming.backups.FailoverReactor do shutdown begin
2026-01-31 16:42:45.795 [SpringApplicationShutdownHook] INFO  com.alibaba.nacos.client.naming - com.alibaba.nacos.client.naming.backups.FailoverReactor do shutdown stop
2026-01-31 16:42:45.795 [SpringApplicationShutdownHook] INFO  com.alibaba.nacos.client.naming - com.alibaba.nacos.client.naming.cache.ServiceInfoHolder do shutdown stop
2026-01-31 16:42:45.795 [SpringApplicationShutdownHook] INFO  com.alibaba.nacos.client.naming - com.alibaba.nacos.client.naming.remote.NamingClientProxyDelegate do shutdown begin
2026-01-31 16:42:45.795 [SpringApplicationShutdownHook] INFO  com.alibaba.nacos.client.naming - com.alibaba.nacos.client.naming.core.ServiceInfoUpdateService do shutdown begin
2026-01-31 16:42:45.795 [SpringApplicationShutdownHook] INFO  com.alibaba.nacos.client.naming - com.alibaba.nacos.client.naming.core.ServiceInfoUpdateService do shutdown stop
2026-01-31 16:42:45.795 [SpringApplicationShutdownHook] INFO  com.alibaba.nacos.client.naming - com.alibaba.nacos.client.naming.core.ServerListManager do shutdown begin
2026-01-31 16:42:45.795 [SpringApplicationShutdownHook] WARN  com.alibaba.nacos.client.naming - [NamingHttpClientManager] Start destroying NacosRestTemplate
2026-01-31 16:42:45.795 [SpringApplicationShutdownHook] WARN  com.alibaba.nacos.client.naming - [NamingHttpClientManager] Destruction of the end
2026-01-31 16:42:45.795 [SpringApplicationShutdownHook] INFO  com.alibaba.nacos.client.naming - com.alibaba.nacos.client.naming.core.ServerListManager do shutdown stop
2026-01-31 16:42:45.795 [SpringApplicationShutdownHook] INFO  com.alibaba.nacos.client.naming - com.alibaba.nacos.client.naming.remote.http.NamingHttpClientProxy do shutdown begin
2026-01-31 16:42:45.795 [SpringApplicationShutdownHook] WARN  com.alibaba.nacos.client.naming - [NamingHttpClientManager] Start destroying NacosRestTemplate
2026-01-31 16:42:45.795 [SpringApplicationShutdownHook] WARN  com.alibaba.nacos.client.naming - [NamingHttpClientManager] Destruction of the end
2026-01-31 16:42:45.795 [SpringApplicationShutdownHook] INFO  com.alibaba.nacos.client.naming - com.alibaba.nacos.client.naming.remote.http.NamingHttpClientProxy do shutdown stop
2026-01-31 16:42:45.795 [SpringApplicationShutdownHook] INFO  com.alibaba.nacos.common.remote.client - Shutdown rpc client, set status to shutdown
2026-01-31 16:42:45.795 [SpringApplicationShutdownHook] INFO  com.alibaba.nacos.common.remote.client - Shutdown client event executor java.util.concurrent.ScheduledThreadPoolExecutor@4a33553e[Running, pool size = 2, active threads = 2, queued tasks = 0, completed tasks = 0]
2026-01-31 16:42:45.795 [SpringApplicationShutdownHook] INFO  com.alibaba.nacos.common.remote.client - Close current connection 1769897002409_127.0.0.1_1297
2026-01-31 16:42:45.796 [nacos-grpc-client-executor-127.0.0.1-497] INFO  c.a.nacos.common.remote.client.grpc.GrpcClient - [1769897002409_127.0.0.1_1297]Ignore complete event,isRunning:false,isAbandon=false
2026-01-31 16:42:45.798 [SpringApplicationShutdownHook] INFO  c.a.nacos.common.remote.client.grpc.GrpcClient - Shutdown grpc executor java.util.concurrent.ThreadPoolExecutor@7834ec4d[Running, pool size = 4, active threads = 0, queued tasks = 0, completed tasks = 498]
2026-01-31 16:42:45.798 [SpringApplicationShutdownHook] INFO  com.alibaba.nacos.client.naming - Shutdown grpc redo service executor java.util.concurrent.ScheduledThreadPoolExecutor@68ae1a90[Running, pool size = 1, active threads = 0, queued tasks = 1, completed tasks = 786]
2026-01-31 16:42:45.798 [SpringApplicationShutdownHook] INFO  c.a.n.client.auth.ram.identify.CredentialWatcher - [null] CredentialWatcher is stopped
2026-01-31 16:42:45.798 [SpringApplicationShutdownHook] INFO  c.a.n.client.auth.ram.identify.CredentialService - [null] CredentialService is freed
2026-01-31 16:42:45.798 [SpringApplicationShutdownHook] INFO  com.alibaba.nacos.client.naming - com.alibaba.nacos.client.naming.remote.NamingClientProxyDelegate do shutdown stop
2026-01-31 16:42:50.160 [main] WARN  com.alibaba.nacos.client.logging.NacosLogging - Load Logback Configuration of Nacos fail, message: Could not initialize Logback Nacos logging from classpath:nacos-logback.xml
2026-01-31 16:42:50.221 [main] WARN  com.alibaba.nacos.client.logging.NacosLogging - Load Logback Configuration of Nacos fail, message: Could not initialize Logback Nacos logging from classpath:nacos-logback.xml
2026-01-31 16:42:50.606 [main] WARN  com.alibaba.nacos.client.logging.NacosLogging - Load Logback Configuration of Nacos fail, message: Could not initialize Logback Nacos logging from classpath:nacos-logback.xml
2026-01-31 16:42:50.616 [main] WARN  com.alibaba.nacos.client.logging.NacosLogging - Load Logback Configuration of Nacos fail, message: Could not initialize Logback Nacos logging from classpath:nacos-logback.xml
2026-01-31 16:42:50.617 [main] INFO  c.evan.greennote.kv.biz.GreenNoteKVBizApplication - The following 1 profile is active: "dev"
2026-01-31 16:42:51.070 [main] INFO  o.s.d.r.config.RepositoryConfigurationDelegate - Bootstrapping Spring Data Reactive Cassandra repositories in DEFAULT mode.
2026-01-31 16:42:51.163 [main] INFO  o.s.d.r.config.RepositoryConfigurationDelegate - Finished Spring Data repository scanning in 90 ms. Found 0 Reactive Cassandra repository interfaces.
2026-01-31 16:42:51.167 [main] INFO  o.s.d.r.config.RepositoryConfigurationDelegate - Bootstrapping Spring Data Cassandra repositories in DEFAULT mode.
2026-01-31 16:42:51.183 [main] INFO  o.s.d.r.config.RepositoryConfigurationDelegate - Finished Spring Data repository scanning in 15 ms. Found 2 Cassandra repository interfaces.
2026-01-31 16:42:51.314 [main] INFO  o.springframework.cloud.context.scope.GenericScope - BeanFactory id=2d99f936-07fb-3b52-96ed-7c39ab486a42
2026-01-31 16:42:51.654 [main] INFO  o.s.boot.web.embedded.tomcat.TomcatWebServer - Tomcat initialized with port(s): 8084 (http)
2026-01-31 16:42:51.663 [main] INFO  org.apache.catalina.core.StandardService - Starting service [Tomcat]
2026-01-31 16:42:51.663 [main] INFO  org.apache.catalina.core.StandardEngine - Starting Servlet engine: [Apache Tomcat/10.1.5]
2026-01-31 16:42:51.746 [main] INFO  o.a.c.core.ContainerBase.[Tomcat].[localhost].[/] - Initializing Spring embedded WebApplicationContext
2026-01-31 16:42:51.747 [main] INFO  o.s.b.w.s.c.ServletWebServerApplicationContext - Root WebApplicationContext: initialization completed in 1120 ms
2026-01-31 16:42:52.030 [main] INFO  c.d.o.driver.internal.core.DefaultMavenCoordinates - DataStax Java driver for Apache Cassandra(R) (com.datastax.oss:java-driver-core) version 4.15.0
2026-01-31 16:42:52.371 [s0-admin-0] INFO  com.datastax.oss.driver.internal.core.time.Clock - Using native clock for microsecond precision
2026-01-31 16:42:52.756 [s1-admin-0] INFO  com.datastax.oss.driver.internal.core.time.Clock - Using native clock for microsecond precision
2026-01-31 16:42:53.093 [main] WARN  o.s.core.LocalVariableTableParameterNameDiscoverer - Using deprecated '-debug' fallback for parameter name resolution. Compile the affected code with '-parameters' instead or avoid its introspection: com.evan.greennote.kv.biz.domain.repository.CommentContentRepository
2026-01-31 16:42:53.690 [main] WARN  o.s.c.l.c.LoadBalancerCacheAutoConfiguration$LoadBalancerCaffeineWarnLogger - Spring Cloud LoadBalancer is currently working with the default cache. While this cache implementation is useful for development and tests, it's recommended to use Caffeine cache in production.You can switch to using Caffeine cache, by adding it and org.springframework.cache.caffeine.CaffeineCacheManager to the classpath.
2026-01-31 16:42:53.746 [main] INFO  o.s.boot.web.embedded.tomcat.TomcatWebServer - Tomcat started on port(s): 8084 (http) with context path ''
2026-01-31 16:42:53.751 [main] WARN  com.alibaba.nacos.client.logging.NacosLogging - Load Logback Configuration of Nacos fail, message: Could not initialize Logback Nacos logging from classpath:nacos-logback.xml
2026-01-31 16:42:53.752 [main] INFO  com.alibaba.nacos.client.naming - initializer namespace from ans.namespace attribute : null
2026-01-31 16:42:53.752 [main] INFO  com.alibaba.nacos.client.naming - initializer namespace from ALIBABA_ALIWARE_NAMESPACE attribute :null
2026-01-31 16:42:53.752 [main] INFO  com.alibaba.nacos.client.naming - initializer namespace from namespace attribute :null
2026-01-31 16:42:53.774 [main] INFO  com.alibaba.nacos.client.utils.ParamUtil - [settings] [req-serv] nacos-server port:8848
2026-01-31 16:42:53.774 [main] INFO  com.alibaba.nacos.client.utils.ParamUtil - [settings] [http-client] connect timeout:1000
2026-01-31 16:42:53.775 [main] INFO  com.alibaba.nacos.client.utils.ParamUtil - PER_TASK_CONFIG_SIZE: 3000.0
2026-01-31 16:42:53.778 [main] INFO  c.a.n.p.auth.spi.client.ClientAuthPluginManager - [ClientAuthPluginManager] Load ClientAuthService com.alibaba.nacos.client.auth.impl.NacosClientAuthServiceImpl success.
2026-01-31 16:42:53.778 [main] INFO  c.a.n.p.auth.spi.client.ClientAuthPluginManager - [ClientAuthPluginManager] Load ClientAuthService com.alibaba.nacos.client.auth.ram.RamClientAuthServiceImpl success.
2026-01-31 16:42:53.780 [main] INFO  c.a.n.client.auth.ram.identify.CredentialWatcher - null No credential found
2026-01-31 16:42:53.789 [main] INFO  com.alibaba.nacos.common.remote.client - [RpcClientFactory] create a new rpc client of 077a9f97-5d66-4427-8499-12484f317caf
2026-01-31 16:42:53.806 [main] INFO  com.alibaba.nacos.common.remote.client - [077a9f97-5d66-4427-8499-12484f317caf] RpcClient init, ServerListFactory = com.alibaba.nacos.client.naming.core.ServerListManager
2026-01-31 16:42:53.807 [main] INFO  com.alibaba.nacos.common.remote.client - [077a9f97-5d66-4427-8499-12484f317caf] Registry connection listener to current client:com.alibaba.nacos.client.naming.remote.gprc.redo.NamingGrpcRedoService
2026-01-31 16:42:53.807 [main] INFO  com.alibaba.nacos.common.remote.client - [077a9f97-5d66-4427-8499-12484f317caf] Register server push request handler:com.alibaba.nacos.client.naming.remote.gprc.NamingPushRequestHandler
2026-01-31 16:42:53.808 [main] INFO  com.alibaba.nacos.common.remote.client - [077a9f97-5d66-4427-8499-12484f317caf] Try to connect to server on start up, server: {serverIp = '127.0.0.1', server main port = 8848}
2026-01-31 16:42:53.842 [main] INFO  c.a.nacos.common.remote.client.grpc.GrpcClient - grpc client connection server:127.0.0.1 ip,serverPort:9848,grpcTslConfig:{"sslProvider":"OPENSSL","enableTls":false,"mutualAuthEnable":false,"trustAll":false}
2026-01-31 16:42:54.516 [main] INFO  com.alibaba.nacos.common.remote.client - [077a9f97-5d66-4427-8499-12484f317caf] Success to connect to server [127.0.0.1:8848] on start up, connectionId = 1769899374341_127.0.0.1_36754
2026-01-31 16:42:54.518 [com.alibaba.nacos.client.remote.worker] INFO  com.alibaba.nacos.common.remote.client - [077a9f97-5d66-4427-8499-12484f317caf] Notify connected event to listeners.
2026-01-31 16:42:54.518 [com.alibaba.nacos.client.remote.worker] INFO  com.alibaba.nacos.client.naming - Grpc connection connect
2026-01-31 16:42:54.518 [main] INFO  com.alibaba.nacos.common.remote.client - [077a9f97-5d66-4427-8499-12484f317caf] Register server push request handler:com.alibaba.nacos.common.remote.client.RpcClient$ConnectResetRequestHandler
2026-01-31 16:42:54.518 [main] INFO  com.alibaba.nacos.common.remote.client - [077a9f97-5d66-4427-8499-12484f317caf] Register server push request handler:com.alibaba.nacos.common.remote.client.RpcClient$$Lambda$1545/0x00000165319270a0
2026-01-31 16:42:54.519 [main] INFO  com.alibaba.nacos.client.naming - [REGISTER-SERVICE] greennote registering service GreenNote-kv with instance Instance{instanceId='null', ip='10.141.50.251', port=8084, weight=1.0, healthy=true, enabled=true, ephemeral=true, clusterName='DEFAULT', serviceName='null', metadata={IPv6=null, preserved.register.source=SPRING_CLOUD}}
2026-01-31 16:42:54.529 [main] INFO  c.a.cloud.nacos.registry.NacosServiceRegistry - nacos registry, DEFAULT_GROUP GreenNote-kv 10.141.50.251:8084 register finished
2026-01-31 16:42:54.617 [main] INFO  c.evan.greennote.kv.biz.GreenNoteKVBizApplication - Started GreenNoteKVBizApplication in 5.082 seconds (process running for 5.635)
2026-01-31 16:44:30.417 [http-nio-8084-exec-1] INFO  o.a.c.core.ContainerBase.[Tomcat].[localhost].[/] - Initializing Spring DispatcherServlet 'dispatcherServlet'
2026-01-31 16:44:30.417 [http-nio-8084-exec-1] INFO  org.springframework.web.servlet.DispatcherServlet - Initializing Servlet 'dispatcherServlet'
2026-01-31 16:44:30.418 [http-nio-8084-exec-1] INFO  org.springframework.web.servlet.DispatcherServlet - Completed initialization in 1 ms
2026-01-31 16:44:30.539 [http-nio-8084-exec-1] INFO  c.e.f.b.operationlog.aspect.ApiOperationLogAspect - ====== 请求开始: [批量查询评论内容], 入参: {"noteId":1862482047415615529,"commentContentKeys":[{"yearMonth":"2026-01","contentId":"9eabc954-9a06-47bd-bcc6-dce71dcac1f8"},{"yearMonth":"2026-01","contentId":"96d3ee7a-ba70-4dc2-8d4a-166d9f401d5f"}]}, 请求类: com.evan.greennote.kv.biz.controller.CommentContentController, 请求方法: batchFindCommentContent =======
2026-01-31 16:44:30.656 [http-nio-8084-exec-1] INFO  c.e.f.b.operationlog.aspect.ApiOperationLogAspect - ====== 请求结束: [批量查询评论内容], 耗时: 117ms, 出参: {"success":true,"message":null,"errorCode":null,"data":[{"contentId":"9eabc954-9a06-47bd-bcc6-dce71dcac1f8","content":"这是一条测试二级评论"}]}======
2026-01-31 17:27:38.142 [http-nio-8084-exec-3] INFO  c.e.f.b.operationlog.aspect.ApiOperationLogAspect - ====== 请求开始: [批量存储评论内容], 入参: {"comments":[{"noteId":1862482047415615588,"yearMonth":"2026-01","contentId":"b7d6804e-f65b-45ff-932e-2d2f864a6c51","content":"这是一条测试1级评论111"}]}, 请求类: com.evan.greennote.kv.biz.controller.CommentContentController, 请求方法: batchAddCommentContent =======
2026-01-31 17:27:38.202 [http-nio-8084-exec-3] INFO  c.e.f.b.operationlog.aspect.ApiOperationLogAspect - ====== 请求结束: [批量存储评论内容], 耗时: 62ms, 出参: {"success":true,"message":null,"errorCode":null,"data":null}======
2026-01-31 17:33:06.720 [http-nio-8084-exec-5] INFO  c.e.f.b.operationlog.aspect.ApiOperationLogAspect - ====== 请求开始: [批量存储评论内容], 入参: {"comments":[{"noteId":1862482047415615599,"yearMonth":"2026-01","contentId":"10474b66-6c3e-4190-b176-5d7f0b44f07a","content":"这是一条测试2级评论222"}]}, 请求类: com.evan.greennote.kv.biz.controller.CommentContentController, 请求方法: batchAddCommentContent =======
2026-01-31 17:33:06.731 [http-nio-8084-exec-5] INFO  c.e.f.b.operationlog.aspect.ApiOperationLogAspect - ====== 请求结束: [批量存储评论内容], 耗时: 11ms, 出参: {"success":true,"message":null,"errorCode":null,"data":null}======
