2026-02-01 12:53:41.109 [main] WARN  com.alibaba.nacos.client.logging.NacosLogging - Load Logback Configuration of Nacos fail, message: Could not initialize Logback Nacos logging from classpath:nacos-logback.xml
2026-02-01 12:53:41.208 [main] WARN  com.alibaba.nacos.client.logging.NacosLogging - Load Logback Configuration of Nacos fail, message: Could not initialize Logback Nacos logging from classpath:nacos-logback.xml
2026-02-01 12:53:41.879 [main] WARN  com.alibaba.nacos.client.logging.NacosLogging - Load Logback Configuration of Nacos fail, message: Could not initialize Logback Nacos logging from classpath:nacos-logback.xml
2026-02-01 12:53:41.899 [main] WARN  com.alibaba.nacos.client.logging.NacosLogging - Load Logback Configuration of Nacos fail, message: Could not initialize Logback Nacos logging from classpath:nacos-logback.xml
2026-02-01 12:53:41.900 [main] INFO  c.evan.greennote.kv.biz.GreenNoteKVBizApplication - The following 1 profile is active: "dev"
2026-02-01 12:53:43.013 [main] INFO  o.s.d.r.config.RepositoryConfigurationDelegate - Bootstrapping Spring Data Reactive Cassandra repositories in DEFAULT mode.
2026-02-01 12:53:43.249 [main] INFO  o.s.d.r.config.RepositoryConfigurationDelegate - Finished Spring Data repository scanning in 228 ms. Found 0 Reactive Cassandra repository interfaces.
2026-02-01 12:53:43.255 [main] INFO  o.s.d.r.config.RepositoryConfigurationDelegate - Bootstrapping Spring Data Cassandra repositories in DEFAULT mode.
2026-02-01 12:53:43.293 [main] INFO  o.s.d.r.config.RepositoryConfigurationDelegate - Finished Spring Data repository scanning in 39 ms. Found 2 Cassandra repository interfaces.
2026-02-01 12:53:43.580 [main] INFO  o.springframework.cloud.context.scope.GenericScope - BeanFactory id=2d99f936-07fb-3b52-96ed-7c39ab486a42
2026-02-01 12:53:44.255 [main] INFO  o.s.boot.web.embedded.tomcat.TomcatWebServer - Tomcat initialized with port(s): 8084 (http)
2026-02-01 12:53:44.273 [main] INFO  org.apache.catalina.core.StandardService - Starting service [Tomcat]
2026-02-01 12:53:44.273 [main] INFO  org.apache.catalina.core.StandardEngine - Starting Servlet engine: [Apache Tomcat/10.1.5]
2026-02-01 12:53:44.424 [main] INFO  o.a.c.core.ContainerBase.[Tomcat].[localhost].[/] - Initializing Spring embedded WebApplicationContext
2026-02-01 12:53:44.424 [main] INFO  o.s.b.w.s.c.ServletWebServerApplicationContext - Root WebApplicationContext: initialization completed in 2504 ms
2026-02-01 12:53:46.162 [main] INFO  c.d.o.driver.internal.core.DefaultMavenCoordinates - DataStax Java driver for Apache Cassandra(R) (com.datastax.oss:java-driver-core) version 4.15.0
2026-02-01 12:53:47.833 [s0-admin-0] INFO  com.datastax.oss.driver.internal.core.time.Clock - Using native clock for microsecond precision
2026-02-01 12:53:48.927 [s1-admin-0] INFO  com.datastax.oss.driver.internal.core.time.Clock - Using native clock for microsecond precision
2026-02-01 12:53:49.777 [main] WARN  o.s.core.LocalVariableTableParameterNameDiscoverer - Using deprecated '-debug' fallback for parameter name resolution. Compile the affected code with '-parameters' instead or avoid its introspection: com.evan.greennote.kv.biz.domain.repository.CommentContentRepository
2026-02-01 12:53:50.775 [main] WARN  o.s.c.l.c.LoadBalancerCacheAutoConfiguration$LoadBalancerCaffeineWarnLogger - Spring Cloud LoadBalancer is currently working with the default cache. While this cache implementation is useful for development and tests, it's recommended to use Caffeine cache in production.You can switch to using Caffeine cache, by adding it and org.springframework.cache.caffeine.CaffeineCacheManager to the classpath.
2026-02-01 12:53:50.849 [main] INFO  o.s.boot.web.embedded.tomcat.TomcatWebServer - Tomcat started on port(s): 8084 (http) with context path ''
2026-02-01 12:53:50.855 [main] WARN  com.alibaba.nacos.client.logging.NacosLogging - Load Logback Configuration of Nacos fail, message: Could not initialize Logback Nacos logging from classpath:nacos-logback.xml
2026-02-01 12:53:50.855 [main] INFO  com.alibaba.nacos.client.naming - initializer namespace from ans.namespace attribute : null
2026-02-01 12:53:50.856 [main] INFO  com.alibaba.nacos.client.naming - initializer namespace from ALIBABA_ALIWARE_NAMESPACE attribute :null
2026-02-01 12:53:50.857 [main] INFO  com.alibaba.nacos.client.naming - initializer namespace from namespace attribute :null
2026-02-01 12:53:50.883 [main] INFO  com.alibaba.nacos.client.utils.ParamUtil - [settings] [req-serv] nacos-server port:8848
2026-02-01 12:53:50.883 [main] INFO  com.alibaba.nacos.client.utils.ParamUtil - [settings] [http-client] connect timeout:1000
2026-02-01 12:53:50.884 [main] INFO  com.alibaba.nacos.client.utils.ParamUtil - PER_TASK_CONFIG_SIZE: 3000.0
2026-02-01 12:53:50.889 [main] INFO  c.a.n.p.auth.spi.client.ClientAuthPluginManager - [ClientAuthPluginManager] Load ClientAuthService com.alibaba.nacos.client.auth.impl.NacosClientAuthServiceImpl success.
2026-02-01 12:53:50.890 [main] INFO  c.a.n.p.auth.spi.client.ClientAuthPluginManager - [ClientAuthPluginManager] Load ClientAuthService com.alibaba.nacos.client.auth.ram.RamClientAuthServiceImpl success.
2026-02-01 12:53:50.894 [main] INFO  c.a.n.client.auth.ram.identify.CredentialWatcher - null No credential found
2026-02-01 12:53:50.903 [main] INFO  com.alibaba.nacos.common.remote.client - [RpcClientFactory] create a new rpc client of 1fa6bfb3-e19c-4a14-bf44-14f1313f1e52
2026-02-01 12:53:50.923 [main] INFO  com.alibaba.nacos.common.remote.client - [1fa6bfb3-e19c-4a14-bf44-14f1313f1e52] RpcClient init, ServerListFactory = com.alibaba.nacos.client.naming.core.ServerListManager
2026-02-01 12:53:50.923 [main] INFO  com.alibaba.nacos.common.remote.client - [1fa6bfb3-e19c-4a14-bf44-14f1313f1e52] Registry connection listener to current client:com.alibaba.nacos.client.naming.remote.gprc.redo.NamingGrpcRedoService
2026-02-01 12:53:50.923 [main] INFO  com.alibaba.nacos.common.remote.client - [1fa6bfb3-e19c-4a14-bf44-14f1313f1e52] Register server push request handler:com.alibaba.nacos.client.naming.remote.gprc.NamingPushRequestHandler
2026-02-01 12:53:50.925 [main] INFO  com.alibaba.nacos.common.remote.client - [1fa6bfb3-e19c-4a14-bf44-14f1313f1e52] Try to connect to server on start up, server: {serverIp = '127.0.0.1', server main port = 8848}
2026-02-01 12:53:50.972 [main] INFO  c.a.nacos.common.remote.client.grpc.GrpcClient - grpc client connection server:127.0.0.1 ip,serverPort:9848,grpcTslConfig:{"sslProvider":"OPENSSL","enableTls":false,"mutualAuthEnable":false,"trustAll":false}
2026-02-01 12:53:51.834 [main] INFO  com.alibaba.nacos.common.remote.client - [1fa6bfb3-e19c-4a14-bf44-14f1313f1e52] Success to connect to server [127.0.0.1:8848] on start up, connectionId = 1769972031612_127.0.0.1_1297
2026-02-01 12:53:51.835 [com.alibaba.nacos.client.remote.worker] INFO  com.alibaba.nacos.common.remote.client - [1fa6bfb3-e19c-4a14-bf44-14f1313f1e52] Notify connected event to listeners.
2026-02-01 12:53:51.835 [com.alibaba.nacos.client.remote.worker] INFO  com.alibaba.nacos.client.naming - Grpc connection connect
2026-02-01 12:53:51.835 [main] INFO  com.alibaba.nacos.common.remote.client - [1fa6bfb3-e19c-4a14-bf44-14f1313f1e52] Register server push request handler:com.alibaba.nacos.common.remote.client.RpcClient$ConnectResetRequestHandler
2026-02-01 12:53:51.835 [main] INFO  com.alibaba.nacos.common.remote.client - [1fa6bfb3-e19c-4a14-bf44-14f1313f1e52] Register server push request handler:com.alibaba.nacos.common.remote.client.RpcClient$$Lambda$1532/0x00000188429239d8
2026-02-01 12:53:51.836 [main] INFO  com.alibaba.nacos.client.naming - [REGISTER-SERVICE] greennote registering service GreenNote-kv with instance Instance{instanceId='null', ip='10.140.64.238', port=8084, weight=1.0, healthy=true, enabled=true, ephemeral=true, clusterName='DEFAULT', serviceName='null', metadata={IPv6=null, preserved.register.source=SPRING_CLOUD}}
2026-02-01 12:53:51.941 [main] INFO  c.a.cloud.nacos.registry.NacosServiceRegistry - nacos registry, DEFAULT_GROUP GreenNote-kv 10.140.64.238:8084 register finished
2026-02-01 12:53:52.057 [main] INFO  c.evan.greennote.kv.biz.GreenNoteKVBizApplication - Started GreenNoteKVBizApplication in 11.832 seconds (process running for 13.896)
2026-02-01 12:54:28.454 [http-nio-8084-exec-1] INFO  o.a.c.core.ContainerBase.[Tomcat].[localhost].[/] - Initializing Spring DispatcherServlet 'dispatcherServlet'
2026-02-01 12:54:28.454 [http-nio-8084-exec-1] INFO  org.springframework.web.servlet.DispatcherServlet - Initializing Servlet 'dispatcherServlet'
2026-02-01 12:54:28.455 [http-nio-8084-exec-1] INFO  org.springframework.web.servlet.DispatcherServlet - Completed initialization in 1 ms
2026-02-01 12:54:28.603 [http-nio-8084-exec-1] INFO  c.e.f.b.operationlog.aspect.ApiOperationLogAspect - ====== 请求开始: [批量查询评论内容], 入参: {"noteId":1862482047415615566,"commentContentKeys":[{"yearMonth":"2026-01","contentId":"ef69cfbd-7018-4af4-9535-7f76564db47e"},{"yearMonth":"2026-01","contentId":"e7c5efe2-2f57-40cb-9c5d-7b0dd34e730c"},{"yearMonth":"2026-01","contentId":"9db9b8dd-c63f-4a18-b356-450673c74e9d"},{"yearMonth":"2026-01","contentId":"ab402508-0a04-40d4-9d32-1b6ac4217dc6"},{"yearMonth":"2026-01","contentId":"b236b06b-ee85-471f-9180-0b492db1a4ee"},{"yearMonth":"2026-01","contentId":"c8efa5e8-87ac-4fcc-9391-8f9a14608ca7"}]}, 请求类: com.evan.greennote.kv.biz.controller.CommentContentController, 请求方法: batchFindCommentContent =======
2026-02-01 12:54:28.751 [http-nio-8084-exec-1] INFO  c.e.f.b.operationlog.aspect.ApiOperationLogAspect - ====== 请求结束: [批量查询评论内容], 耗时: 148ms, 出参: {"success":true,"message":null,"errorCode":null,"data":[{"contentId":"b236b06b-ee85-471f-9180-0b492db1a4ee","content":"这是一条测试二级评论HEAT!"},{"contentId":"c8efa5e8-87ac-4fcc-9391-8f9a14608ca7","content":"这是一条测试二级评论EARLY"}]}======
2026-02-01 13:33:45.995 [http-nio-8084-exec-3] INFO  c.e.f.b.operationlog.aspect.ApiOperationLogAspect - ====== 请求开始: [批量查询评论内容], 入参: {"noteId":1862482047415615529,"commentContentKeys":[{"yearMonth":"2026-01","contentId":"9eabc954-9a06-47bd-bcc6-dce71dcac1f8"},{"yearMonth":"2026-01","contentId":"96d3ee7a-ba70-4dc2-8d4a-166d9f401d5f"}]}, 请求类: com.evan.greennote.kv.biz.controller.CommentContentController, 请求方法: batchFindCommentContent =======
2026-02-01 13:33:46.046 [http-nio-8084-exec-3] INFO  c.e.f.b.operationlog.aspect.ApiOperationLogAspect - ====== 请求结束: [批量查询评论内容], 耗时: 52ms, 出参: {"success":true,"message":null,"errorCode":null,"data":[{"contentId":"9eabc954-9a06-47bd-bcc6-dce71dcac1f8","content":"这是一条测试二级评论"}]}======
2026-02-01 15:32:30.873 [Thread-24] WARN  c.alibaba.nacos.common.http.HttpClientBeanHolder - [HttpClientBeanHolder] Start destroying common HttpClient
2026-02-01 15:32:30.873 [Thread-21] WARN  com.alibaba.nacos.common.notify.NotifyCenter - [NotifyCenter] Start destroying Publisher
2026-02-01 15:32:30.875 [Thread-21] WARN  com.alibaba.nacos.common.notify.NotifyCenter - [NotifyCenter] Destruction of the end
2026-02-01 15:32:30.876 [Thread-24] WARN  c.alibaba.nacos.common.http.HttpClientBeanHolder - [HttpClientBeanHolder] Destruction of the end
2026-02-01 15:32:33.079 [SpringApplicationShutdownHook] INFO  c.a.cloud.nacos.registry.NacosServiceRegistry - De-registering from Nacos Server now...
2026-02-01 15:32:33.079 [SpringApplicationShutdownHook] INFO  com.alibaba.nacos.client.naming - [DEREGISTER-SERVICE] greennote deregistering service GreenNote-kv with instance: Instance{instanceId='null', ip='10.140.64.238', port=8084, weight=1.0, healthy=true, enabled=true, ephemeral=true, clusterName='DEFAULT', serviceName='null', metadata={}}
2026-02-01 15:32:33.084 [SpringApplicationShutdownHook] INFO  c.a.cloud.nacos.registry.NacosServiceRegistry - De-registration finished.
2026-02-01 15:32:33.084 [SpringApplicationShutdownHook] INFO  com.alibaba.nacos.client.naming - com.alibaba.nacos.client.naming.cache.ServiceInfoHolder do shutdown begin
2026-02-01 15:32:33.084 [SpringApplicationShutdownHook] INFO  com.alibaba.nacos.client.naming - com.alibaba.nacos.client.naming.backups.FailoverReactor do shutdown begin
2026-02-01 15:32:33.085 [SpringApplicationShutdownHook] INFO  com.alibaba.nacos.client.naming - com.alibaba.nacos.client.naming.backups.FailoverReactor do shutdown stop
2026-02-01 15:32:33.085 [SpringApplicationShutdownHook] INFO  com.alibaba.nacos.client.naming - com.alibaba.nacos.client.naming.cache.ServiceInfoHolder do shutdown stop
2026-02-01 15:32:33.085 [SpringApplicationShutdownHook] INFO  com.alibaba.nacos.client.naming - com.alibaba.nacos.client.naming.remote.NamingClientProxyDelegate do shutdown begin
2026-02-01 15:32:33.085 [SpringApplicationShutdownHook] INFO  com.alibaba.nacos.client.naming - com.alibaba.nacos.client.naming.core.ServiceInfoUpdateService do shutdown begin
2026-02-01 15:32:33.085 [SpringApplicationShutdownHook] INFO  com.alibaba.nacos.client.naming - com.alibaba.nacos.client.naming.core.ServiceInfoUpdateService do shutdown stop
2026-02-01 15:32:33.085 [SpringApplicationShutdownHook] INFO  com.alibaba.nacos.client.naming - com.alibaba.nacos.client.naming.core.ServerListManager do shutdown begin
2026-02-01 15:32:33.085 [SpringApplicationShutdownHook] WARN  com.alibaba.nacos.client.naming - [NamingHttpClientManager] Start destroying NacosRestTemplate
2026-02-01 15:32:33.085 [SpringApplicationShutdownHook] WARN  com.alibaba.nacos.client.naming - [NamingHttpClientManager] Destruction of the end
2026-02-01 15:32:33.085 [SpringApplicationShutdownHook] INFO  com.alibaba.nacos.client.naming - com.alibaba.nacos.client.naming.core.ServerListManager do shutdown stop
2026-02-01 15:32:33.085 [SpringApplicationShutdownHook] INFO  com.alibaba.nacos.client.naming - com.alibaba.nacos.client.naming.remote.http.NamingHttpClientProxy do shutdown begin
2026-02-01 15:32:33.085 [SpringApplicationShutdownHook] WARN  com.alibaba.nacos.client.naming - [NamingHttpClientManager] Start destroying NacosRestTemplate
2026-02-01 15:32:33.085 [SpringApplicationShutdownHook] WARN  com.alibaba.nacos.client.naming - [NamingHttpClientManager] Destruction of the end
2026-02-01 15:32:33.085 [SpringApplicationShutdownHook] INFO  com.alibaba.nacos.client.naming - com.alibaba.nacos.client.naming.remote.http.NamingHttpClientProxy do shutdown stop
2026-02-01 15:32:33.085 [SpringApplicationShutdownHook] INFO  com.alibaba.nacos.common.remote.client - Shutdown rpc client, set status to shutdown
2026-02-01 15:32:33.085 [SpringApplicationShutdownHook] INFO  com.alibaba.nacos.common.remote.client - Shutdown client event executor java.util.concurrent.ScheduledThreadPoolExecutor@1c862148[Running, pool size = 2, active threads = 2, queued tasks = 0, completed tasks = 0]
2026-02-01 15:32:33.085 [SpringApplicationShutdownHook] INFO  com.alibaba.nacos.common.remote.client - Close current connection 1769972031612_127.0.0.1_1297
2026-02-01 15:32:33.088 [nacos-grpc-client-executor-127.0.0.1-1929] INFO  c.a.nacos.common.remote.client.grpc.GrpcClient - [1769972031612_127.0.0.1_1297]Ignore complete event,isRunning:false,isAbandon=false
2026-02-01 15:32:33.092 [SpringApplicationShutdownHook] INFO  c.a.nacos.common.remote.client.grpc.GrpcClient - Shutdown grpc executor java.util.concurrent.ThreadPoolExecutor@75f9c0bc[Running, pool size = 4, active threads = 0, queued tasks = 0, completed tasks = 1930]
2026-02-01 15:32:33.092 [SpringApplicationShutdownHook] INFO  com.alibaba.nacos.client.naming - Shutdown grpc redo service executor java.util.concurrent.ScheduledThreadPoolExecutor@24df82a8[Running, pool size = 1, active threads = 0, queued tasks = 1, completed tasks = 3166]
2026-02-01 15:32:33.092 [SpringApplicationShutdownHook] INFO  c.a.n.client.auth.ram.identify.CredentialWatcher - [null] CredentialWatcher is stopped
2026-02-01 15:32:33.092 [SpringApplicationShutdownHook] INFO  c.a.n.client.auth.ram.identify.CredentialService - [null] CredentialService is freed
2026-02-01 15:32:33.092 [SpringApplicationShutdownHook] INFO  com.alibaba.nacos.client.naming - com.alibaba.nacos.client.naming.remote.NamingClientProxyDelegate do shutdown stop
2026-02-01 15:32:39.791 [main] WARN  com.alibaba.nacos.client.logging.NacosLogging - Load Logback Configuration of Nacos fail, message: Could not initialize Logback Nacos logging from classpath:nacos-logback.xml
2026-02-01 15:32:39.844 [main] WARN  com.alibaba.nacos.client.logging.NacosLogging - Load Logback Configuration of Nacos fail, message: Could not initialize Logback Nacos logging from classpath:nacos-logback.xml
2026-02-01 15:32:40.263 [main] WARN  com.alibaba.nacos.client.logging.NacosLogging - Load Logback Configuration of Nacos fail, message: Could not initialize Logback Nacos logging from classpath:nacos-logback.xml
2026-02-01 15:32:40.274 [main] WARN  com.alibaba.nacos.client.logging.NacosLogging - Load Logback Configuration of Nacos fail, message: Could not initialize Logback Nacos logging from classpath:nacos-logback.xml
2026-02-01 15:32:40.274 [main] INFO  c.evan.greennote.kv.biz.GreenNoteKVBizApplication - The following 1 profile is active: "dev"
2026-02-01 15:32:40.680 [main] INFO  o.s.d.r.config.RepositoryConfigurationDelegate - Bootstrapping Spring Data Reactive Cassandra repositories in DEFAULT mode.
2026-02-01 15:32:40.820 [main] INFO  o.s.d.r.config.RepositoryConfigurationDelegate - Finished Spring Data repository scanning in 136 ms. Found 0 Reactive Cassandra repository interfaces.
2026-02-01 15:32:40.824 [main] INFO  o.s.d.r.config.RepositoryConfigurationDelegate - Bootstrapping Spring Data Cassandra repositories in DEFAULT mode.
2026-02-01 15:32:40.839 [main] INFO  o.s.d.r.config.RepositoryConfigurationDelegate - Finished Spring Data repository scanning in 15 ms. Found 2 Cassandra repository interfaces.
2026-02-01 15:32:40.969 [main] INFO  o.springframework.cloud.context.scope.GenericScope - BeanFactory id=2d99f936-07fb-3b52-96ed-7c39ab486a42
2026-02-01 15:32:41.330 [main] INFO  o.s.boot.web.embedded.tomcat.TomcatWebServer - Tomcat initialized with port(s): 8084 (http)
2026-02-01 15:32:41.340 [main] INFO  org.apache.catalina.core.StandardService - Starting service [Tomcat]
2026-02-01 15:32:41.340 [main] INFO  org.apache.catalina.core.StandardEngine - Starting Servlet engine: [Apache Tomcat/10.1.5]
2026-02-01 15:32:41.429 [main] INFO  o.a.c.core.ContainerBase.[Tomcat].[localhost].[/] - Initializing Spring embedded WebApplicationContext
2026-02-01 15:32:41.430 [main] INFO  o.s.b.w.s.c.ServletWebServerApplicationContext - Root WebApplicationContext: initialization completed in 1142 ms
2026-02-01 15:32:41.707 [main] INFO  c.d.o.driver.internal.core.DefaultMavenCoordinates - DataStax Java driver for Apache Cassandra(R) (com.datastax.oss:java-driver-core) version 4.15.0
2026-02-01 15:32:42.034 [s0-admin-0] INFO  com.datastax.oss.driver.internal.core.time.Clock - Using native clock for microsecond precision
2026-02-01 15:32:42.438 [s1-admin-0] INFO  com.datastax.oss.driver.internal.core.time.Clock - Using native clock for microsecond precision
2026-02-01 15:32:42.758 [main] WARN  o.s.core.LocalVariableTableParameterNameDiscoverer - Using deprecated '-debug' fallback for parameter name resolution. Compile the affected code with '-parameters' instead or avoid its introspection: com.evan.greennote.kv.biz.domain.repository.CommentContentRepository
2026-02-01 15:32:43.338 [main] WARN  o.s.c.l.c.LoadBalancerCacheAutoConfiguration$LoadBalancerCaffeineWarnLogger - Spring Cloud LoadBalancer is currently working with the default cache. While this cache implementation is useful for development and tests, it's recommended to use Caffeine cache in production.You can switch to using Caffeine cache, by adding it and org.springframework.cache.caffeine.CaffeineCacheManager to the classpath.
2026-02-01 15:32:43.391 [main] INFO  o.s.boot.web.embedded.tomcat.TomcatWebServer - Tomcat started on port(s): 8084 (http) with context path ''
2026-02-01 15:32:43.396 [main] WARN  com.alibaba.nacos.client.logging.NacosLogging - Load Logback Configuration of Nacos fail, message: Could not initialize Logback Nacos logging from classpath:nacos-logback.xml
2026-02-01 15:32:43.396 [main] INFO  com.alibaba.nacos.client.naming - initializer namespace from ans.namespace attribute : null
2026-02-01 15:32:43.396 [main] INFO  com.alibaba.nacos.client.naming - initializer namespace from ALIBABA_ALIWARE_NAMESPACE attribute :null
2026-02-01 15:32:43.397 [main] INFO  com.alibaba.nacos.client.naming - initializer namespace from namespace attribute :null
2026-02-01 15:32:43.414 [main] INFO  com.alibaba.nacos.client.utils.ParamUtil - [settings] [req-serv] nacos-server port:8848
2026-02-01 15:32:43.414 [main] INFO  com.alibaba.nacos.client.utils.ParamUtil - [settings] [http-client] connect timeout:1000
2026-02-01 15:32:43.414 [main] INFO  com.alibaba.nacos.client.utils.ParamUtil - PER_TASK_CONFIG_SIZE: 3000.0
2026-02-01 15:32:43.417 [main] INFO  c.a.n.p.auth.spi.client.ClientAuthPluginManager - [ClientAuthPluginManager] Load ClientAuthService com.alibaba.nacos.client.auth.impl.NacosClientAuthServiceImpl success.
2026-02-01 15:32:43.417 [main] INFO  c.a.n.p.auth.spi.client.ClientAuthPluginManager - [ClientAuthPluginManager] Load ClientAuthService com.alibaba.nacos.client.auth.ram.RamClientAuthServiceImpl success.
2026-02-01 15:32:43.419 [main] INFO  c.a.n.client.auth.ram.identify.CredentialWatcher - null No credential found
2026-02-01 15:32:43.426 [main] INFO  com.alibaba.nacos.common.remote.client - [RpcClientFactory] create a new rpc client of 55db40ca-d0d0-4e90-8866-2d2fb747c51e
2026-02-01 15:32:43.441 [main] INFO  com.alibaba.nacos.common.remote.client - [55db40ca-d0d0-4e90-8866-2d2fb747c51e] RpcClient init, ServerListFactory = com.alibaba.nacos.client.naming.core.ServerListManager
2026-02-01 15:32:43.441 [main] INFO  com.alibaba.nacos.common.remote.client - [55db40ca-d0d0-4e90-8866-2d2fb747c51e] Registry connection listener to current client:com.alibaba.nacos.client.naming.remote.gprc.redo.NamingGrpcRedoService
2026-02-01 15:32:43.442 [main] INFO  com.alibaba.nacos.common.remote.client - [55db40ca-d0d0-4e90-8866-2d2fb747c51e] Register server push request handler:com.alibaba.nacos.client.naming.remote.gprc.NamingPushRequestHandler
2026-02-01 15:32:43.443 [main] INFO  com.alibaba.nacos.common.remote.client - [55db40ca-d0d0-4e90-8866-2d2fb747c51e] Try to connect to server on start up, server: {serverIp = '127.0.0.1', server main port = 8848}
2026-02-01 15:32:43.472 [main] INFO  c.a.nacos.common.remote.client.grpc.GrpcClient - grpc client connection server:127.0.0.1 ip,serverPort:9848,grpcTslConfig:{"sslProvider":"OPENSSL","enableTls":false,"mutualAuthEnable":false,"trustAll":false}
2026-02-01 15:32:44.088 [main] INFO  com.alibaba.nacos.common.remote.client - [55db40ca-d0d0-4e90-8866-2d2fb747c51e] Success to connect to server [127.0.0.1:8848] on start up, connectionId = 1769981563922_127.0.0.1_39190
2026-02-01 15:32:44.089 [com.alibaba.nacos.client.remote.worker] INFO  com.alibaba.nacos.common.remote.client - [55db40ca-d0d0-4e90-8866-2d2fb747c51e] Notify connected event to listeners.
2026-02-01 15:32:44.089 [com.alibaba.nacos.client.remote.worker] INFO  com.alibaba.nacos.client.naming - Grpc connection connect
2026-02-01 15:32:44.089 [main] INFO  com.alibaba.nacos.common.remote.client - [55db40ca-d0d0-4e90-8866-2d2fb747c51e] Register server push request handler:com.alibaba.nacos.common.remote.client.RpcClient$ConnectResetRequestHandler
2026-02-01 15:32:44.090 [main] INFO  com.alibaba.nacos.common.remote.client - [55db40ca-d0d0-4e90-8866-2d2fb747c51e] Register server push request handler:com.alibaba.nacos.common.remote.client.RpcClient$$Lambda$1539/0x000001a91b928228
2026-02-01 15:32:44.091 [main] INFO  com.alibaba.nacos.client.naming - [REGISTER-SERVICE] greennote registering service GreenNote-kv with instance Instance{instanceId='null', ip='10.140.64.238', port=8084, weight=1.0, healthy=true, enabled=true, ephemeral=true, clusterName='DEFAULT', serviceName='null', metadata={IPv6=null, preserved.register.source=SPRING_CLOUD}}
2026-02-01 15:32:44.101 [main] INFO  c.a.cloud.nacos.registry.NacosServiceRegistry - nacos registry, DEFAULT_GROUP GreenNote-kv 10.140.64.238:8084 register finished
2026-02-01 15:32:44.188 [main] INFO  c.evan.greennote.kv.biz.GreenNoteKVBizApplication - Started GreenNoteKVBizApplication in 5.002 seconds (process running for 5.469)
2026-02-01 15:36:23.962 [http-nio-8084-exec-2] INFO  o.a.c.core.ContainerBase.[Tomcat].[localhost].[/] - Initializing Spring DispatcherServlet 'dispatcherServlet'
2026-02-01 15:36:23.962 [http-nio-8084-exec-2] INFO  org.springframework.web.servlet.DispatcherServlet - Initializing Servlet 'dispatcherServlet'
2026-02-01 15:36:23.964 [http-nio-8084-exec-2] INFO  org.springframework.web.servlet.DispatcherServlet - Completed initialization in 1 ms
2026-02-01 15:36:24.040 [http-nio-8084-exec-2] INFO  c.e.f.b.operationlog.aspect.ApiOperationLogAspect - ====== 请求开始: [删除评论内容], 入参: {"noteId":1862482047415615500,"yearMonth":"2026-01","contentId":"16640855-5dae-482d-a0dd-745240f04665"}, 请求类: com.evan.greennote.kv.biz.controller.CommentContentController, 请求方法: deleteCommentContent =======
2026-02-01 15:36:24.275 [http-nio-8084-exec-2] INFO  c.e.f.b.operationlog.aspect.ApiOperationLogAspect - ====== 请求结束: [删除评论内容], 耗时: 235ms, 出参: {"success":true,"message":null,"errorCode":null,"data":null}======
2026-02-01 15:43:50.191 [http-nio-8084-exec-5] INFO  c.e.f.b.operationlog.aspect.ApiOperationLogAspect - ====== 请求开始: [删除评论内容], 入参: {"noteId":1862482047415615599,"yearMonth":"2026-01","contentId":"10474b66-6c3e-4190-b176-5d7f0b44f07a"}, 请求类: com.evan.greennote.kv.biz.controller.CommentContentController, 请求方法: deleteCommentContent =======
2026-02-01 15:43:50.198 [http-nio-8084-exec-5] INFO  c.e.f.b.operationlog.aspect.ApiOperationLogAspect - ====== 请求结束: [删除评论内容], 耗时: 6ms, 出参: {"success":true,"message":null,"errorCode":null,"data":null}======
2026-02-01 15:43:52.562 [http-nio-8084-exec-6] INFO  c.e.f.b.operationlog.aspect.ApiOperationLogAspect - ====== 请求开始: [删除评论内容], 入参: {"noteId":1862482047415615599,"yearMonth":"2026-01","contentId":"10474b66-6c3e-4190-b176-5d7f0b44f07a"}, 请求类: com.evan.greennote.kv.biz.controller.CommentContentController, 请求方法: deleteCommentContent =======
2026-02-01 15:43:52.568 [http-nio-8084-exec-6] INFO  c.e.f.b.operationlog.aspect.ApiOperationLogAspect - ====== 请求结束: [删除评论内容], 耗时: 6ms, 出参: {"success":true,"message":null,"errorCode":null,"data":null}======
2026-02-01 16:11:00.697 [Thread-24] WARN  c.alibaba.nacos.common.http.HttpClientBeanHolder - [HttpClientBeanHolder] Start destroying common HttpClient
2026-02-01 16:11:00.697 [Thread-21] WARN  com.alibaba.nacos.common.notify.NotifyCenter - [NotifyCenter] Start destroying Publisher
2026-02-01 16:11:00.697 [Thread-21] WARN  com.alibaba.nacos.common.notify.NotifyCenter - [NotifyCenter] Destruction of the end
2026-02-01 16:11:00.698 [Thread-24] WARN  c.alibaba.nacos.common.http.HttpClientBeanHolder - [HttpClientBeanHolder] Destruction of the end
2026-02-01 16:11:02.833 [SpringApplicationShutdownHook] INFO  c.a.cloud.nacos.registry.NacosServiceRegistry - De-registering from Nacos Server now...
2026-02-01 16:11:02.834 [SpringApplicationShutdownHook] INFO  com.alibaba.nacos.client.naming - [DEREGISTER-SERVICE] greennote deregistering service GreenNote-kv with instance: Instance{instanceId='null', ip='10.140.64.238', port=8084, weight=1.0, healthy=true, enabled=true, ephemeral=true, clusterName='DEFAULT', serviceName='null', metadata={}}
2026-02-01 16:11:02.836 [SpringApplicationShutdownHook] INFO  c.a.cloud.nacos.registry.NacosServiceRegistry - De-registration finished.
2026-02-01 16:11:02.836 [SpringApplicationShutdownHook] INFO  com.alibaba.nacos.client.naming - com.alibaba.nacos.client.naming.cache.ServiceInfoHolder do shutdown begin
2026-02-01 16:11:02.837 [SpringApplicationShutdownHook] INFO  com.alibaba.nacos.client.naming - com.alibaba.nacos.client.naming.backups.FailoverReactor do shutdown begin
2026-02-01 16:11:02.837 [SpringApplicationShutdownHook] INFO  com.alibaba.nacos.client.naming - com.alibaba.nacos.client.naming.backups.FailoverReactor do shutdown stop
2026-02-01 16:11:02.837 [SpringApplicationShutdownHook] INFO  com.alibaba.nacos.client.naming - com.alibaba.nacos.client.naming.cache.ServiceInfoHolder do shutdown stop
2026-02-01 16:11:02.837 [SpringApplicationShutdownHook] INFO  com.alibaba.nacos.client.naming - com.alibaba.nacos.client.naming.remote.NamingClientProxyDelegate do shutdown begin
2026-02-01 16:11:02.837 [SpringApplicationShutdownHook] INFO  com.alibaba.nacos.client.naming - com.alibaba.nacos.client.naming.core.ServiceInfoUpdateService do shutdown begin
2026-02-01 16:11:02.837 [SpringApplicationShutdownHook] INFO  com.alibaba.nacos.client.naming - com.alibaba.nacos.client.naming.core.ServiceInfoUpdateService do shutdown stop
2026-02-01 16:11:02.837 [SpringApplicationShutdownHook] INFO  com.alibaba.nacos.client.naming - com.alibaba.nacos.client.naming.core.ServerListManager do shutdown begin
2026-02-01 16:11:02.837 [SpringApplicationShutdownHook] WARN  com.alibaba.nacos.client.naming - [NamingHttpClientManager] Start destroying NacosRestTemplate
2026-02-01 16:11:02.837 [SpringApplicationShutdownHook] WARN  com.alibaba.nacos.client.naming - [NamingHttpClientManager] Destruction of the end
2026-02-01 16:11:02.837 [SpringApplicationShutdownHook] INFO  com.alibaba.nacos.client.naming - com.alibaba.nacos.client.naming.core.ServerListManager do shutdown stop
2026-02-01 16:11:02.837 [SpringApplicationShutdownHook] INFO  com.alibaba.nacos.client.naming - com.alibaba.nacos.client.naming.remote.http.NamingHttpClientProxy do shutdown begin
2026-02-01 16:11:02.837 [SpringApplicationShutdownHook] WARN  com.alibaba.nacos.client.naming - [NamingHttpClientManager] Start destroying NacosRestTemplate
2026-02-01 16:11:02.837 [SpringApplicationShutdownHook] WARN  com.alibaba.nacos.client.naming - [NamingHttpClientManager] Destruction of the end
2026-02-01 16:11:02.837 [SpringApplicationShutdownHook] INFO  com.alibaba.nacos.client.naming - com.alibaba.nacos.client.naming.remote.http.NamingHttpClientProxy do shutdown stop
2026-02-01 16:11:02.837 [SpringApplicationShutdownHook] INFO  com.alibaba.nacos.common.remote.client - Shutdown rpc client, set status to shutdown
2026-02-01 16:11:02.837 [SpringApplicationShutdownHook] INFO  com.alibaba.nacos.common.remote.client - Shutdown client event executor java.util.concurrent.ScheduledThreadPoolExecutor@28325376[Running, pool size = 2, active threads = 2, queued tasks = 0, completed tasks = 0]
2026-02-01 16:11:02.837 [SpringApplicationShutdownHook] INFO  com.alibaba.nacos.common.remote.client - Close current connection 1769981563922_127.0.0.1_39190
2026-02-01 16:11:02.841 [nacos-grpc-client-executor-127.0.0.1-482] INFO  c.a.nacos.common.remote.client.grpc.GrpcClient - [1769981563922_127.0.0.1_39190]Ignore complete event,isRunning:false,isAbandon=false
2026-02-01 16:11:02.844 [SpringApplicationShutdownHook] INFO  c.a.nacos.common.remote.client.grpc.GrpcClient - Shutdown grpc executor java.util.concurrent.ThreadPoolExecutor@772c0ad8[Running, pool size = 4, active threads = 0, queued tasks = 0, completed tasks = 483]
2026-02-01 16:11:02.844 [SpringApplicationShutdownHook] INFO  com.alibaba.nacos.client.naming - Shutdown grpc redo service executor java.util.concurrent.ScheduledThreadPoolExecutor@2fa776[Running, pool size = 1, active threads = 0, queued tasks = 1, completed tasks = 764]
2026-02-01 16:11:02.844 [SpringApplicationShutdownHook] INFO  c.a.n.client.auth.ram.identify.CredentialWatcher - [null] CredentialWatcher is stopped
2026-02-01 16:11:02.844 [SpringApplicationShutdownHook] INFO  c.a.n.client.auth.ram.identify.CredentialService - [null] CredentialService is freed
2026-02-01 16:11:02.844 [SpringApplicationShutdownHook] INFO  com.alibaba.nacos.client.naming - com.alibaba.nacos.client.naming.remote.NamingClientProxyDelegate do shutdown stop
2026-02-01 16:11:25.838 [main] WARN  com.alibaba.nacos.client.logging.NacosLogging - Load Logback Configuration of Nacos fail, message: Could not initialize Logback Nacos logging from classpath:nacos-logback.xml
2026-02-01 16:11:25.922 [main] WARN  com.alibaba.nacos.client.logging.NacosLogging - Load Logback Configuration of Nacos fail, message: Could not initialize Logback Nacos logging from classpath:nacos-logback.xml
2026-02-01 16:11:26.501 [main] WARN  com.alibaba.nacos.client.logging.NacosLogging - Load Logback Configuration of Nacos fail, message: Could not initialize Logback Nacos logging from classpath:nacos-logback.xml
2026-02-01 16:11:26.520 [main] WARN  com.alibaba.nacos.client.logging.NacosLogging - Load Logback Configuration of Nacos fail, message: Could not initialize Logback Nacos logging from classpath:nacos-logback.xml
2026-02-01 16:11:26.520 [main] INFO  c.evan.greennote.kv.biz.GreenNoteKVBizApplication - The following 1 profile is active: "dev"
2026-02-01 16:11:27.256 [main] INFO  o.s.d.r.config.RepositoryConfigurationDelegate - Bootstrapping Spring Data Reactive Cassandra repositories in DEFAULT mode.
2026-02-01 16:11:27.393 [main] INFO  o.s.d.r.config.RepositoryConfigurationDelegate - Finished Spring Data repository scanning in 131 ms. Found 0 Reactive Cassandra repository interfaces.
2026-02-01 16:11:27.400 [main] INFO  o.s.d.r.config.RepositoryConfigurationDelegate - Bootstrapping Spring Data Cassandra repositories in DEFAULT mode.
2026-02-01 16:11:27.429 [main] INFO  o.s.d.r.config.RepositoryConfigurationDelegate - Finished Spring Data repository scanning in 29 ms. Found 2 Cassandra repository interfaces.
2026-02-01 16:11:27.650 [main] INFO  o.springframework.cloud.context.scope.GenericScope - BeanFactory id=2d99f936-07fb-3b52-96ed-7c39ab486a42
2026-02-01 16:11:28.229 [main] INFO  o.s.boot.web.embedded.tomcat.TomcatWebServer - Tomcat initialized with port(s): 8084 (http)
2026-02-01 16:11:28.243 [main] INFO  org.apache.catalina.core.StandardService - Starting service [Tomcat]
2026-02-01 16:11:28.243 [main] INFO  org.apache.catalina.core.StandardEngine - Starting Servlet engine: [Apache Tomcat/10.1.5]
2026-02-01 16:11:28.388 [main] INFO  o.a.c.core.ContainerBase.[Tomcat].[localhost].[/] - Initializing Spring embedded WebApplicationContext
2026-02-01 16:11:28.388 [main] INFO  o.s.b.w.s.c.ServletWebServerApplicationContext - Root WebApplicationContext: initialization completed in 1850 ms
2026-02-01 16:11:28.692 [main] INFO  c.d.o.driver.internal.core.DefaultMavenCoordinates - DataStax Java driver for Apache Cassandra(R) (com.datastax.oss:java-driver-core) version 4.15.0
2026-02-01 16:11:29.155 [s0-admin-0] INFO  com.datastax.oss.driver.internal.core.time.Clock - Using native clock for microsecond precision
2026-02-01 16:11:29.627 [s1-admin-0] INFO  com.datastax.oss.driver.internal.core.time.Clock - Using native clock for microsecond precision
2026-02-01 16:11:30.142 [main] WARN  o.s.core.LocalVariableTableParameterNameDiscoverer - Using deprecated '-debug' fallback for parameter name resolution. Compile the affected code with '-parameters' instead or avoid its introspection: com.evan.greennote.kv.biz.domain.repository.CommentContentRepository
2026-02-01 16:11:31.054 [main] WARN  o.s.c.l.c.LoadBalancerCacheAutoConfiguration$LoadBalancerCaffeineWarnLogger - Spring Cloud LoadBalancer is currently working with the default cache. While this cache implementation is useful for development and tests, it's recommended to use Caffeine cache in production.You can switch to using Caffeine cache, by adding it and org.springframework.cache.caffeine.CaffeineCacheManager to the classpath.
2026-02-01 16:11:31.146 [main] INFO  o.s.boot.web.embedded.tomcat.TomcatWebServer - Tomcat started on port(s): 8084 (http) with context path ''
2026-02-01 16:11:31.154 [main] WARN  com.alibaba.nacos.client.logging.NacosLogging - Load Logback Configuration of Nacos fail, message: Could not initialize Logback Nacos logging from classpath:nacos-logback.xml
2026-02-01 16:11:31.154 [main] INFO  com.alibaba.nacos.client.naming - initializer namespace from ans.namespace attribute : null
2026-02-01 16:11:31.155 [main] INFO  com.alibaba.nacos.client.naming - initializer namespace from ALIBABA_ALIWARE_NAMESPACE attribute :null
2026-02-01 16:11:31.156 [main] INFO  com.alibaba.nacos.client.naming - initializer namespace from namespace attribute :null
2026-02-01 16:11:31.193 [main] INFO  com.alibaba.nacos.client.utils.ParamUtil - [settings] [req-serv] nacos-server port:8848
2026-02-01 16:11:31.193 [main] INFO  com.alibaba.nacos.client.utils.ParamUtil - [settings] [http-client] connect timeout:1000
2026-02-01 16:11:31.195 [main] INFO  com.alibaba.nacos.client.utils.ParamUtil - PER_TASK_CONFIG_SIZE: 3000.0
2026-02-01 16:11:31.203 [main] INFO  c.a.n.p.auth.spi.client.ClientAuthPluginManager - [ClientAuthPluginManager] Load ClientAuthService com.alibaba.nacos.client.auth.impl.NacosClientAuthServiceImpl success.
2026-02-01 16:11:31.203 [main] INFO  c.a.n.p.auth.spi.client.ClientAuthPluginManager - [ClientAuthPluginManager] Load ClientAuthService com.alibaba.nacos.client.auth.ram.RamClientAuthServiceImpl success.
2026-02-01 16:11:31.207 [main] INFO  c.a.n.client.auth.ram.identify.CredentialWatcher - null No credential found
2026-02-01 16:11:31.222 [main] INFO  com.alibaba.nacos.common.remote.client - [RpcClientFactory] create a new rpc client of 244970d2-c927-4dec-b083-be7b72090a24
2026-02-01 16:11:31.253 [main] INFO  com.alibaba.nacos.common.remote.client - [244970d2-c927-4dec-b083-be7b72090a24] RpcClient init, ServerListFactory = com.alibaba.nacos.client.naming.core.ServerListManager
2026-02-01 16:11:31.253 [main] INFO  com.alibaba.nacos.common.remote.client - [244970d2-c927-4dec-b083-be7b72090a24] Registry connection listener to current client:com.alibaba.nacos.client.naming.remote.gprc.redo.NamingGrpcRedoService
2026-02-01 16:11:31.254 [main] INFO  com.alibaba.nacos.common.remote.client - [244970d2-c927-4dec-b083-be7b72090a24] Register server push request handler:com.alibaba.nacos.client.naming.remote.gprc.NamingPushRequestHandler
2026-02-01 16:11:31.257 [main] INFO  com.alibaba.nacos.common.remote.client - [244970d2-c927-4dec-b083-be7b72090a24] Try to connect to server on start up, server: {serverIp = '127.0.0.1', server main port = 8848}
2026-02-01 16:11:31.306 [main] INFO  c.a.nacos.common.remote.client.grpc.GrpcClient - grpc client connection server:127.0.0.1 ip,serverPort:9848,grpcTslConfig:{"sslProvider":"OPENSSL","enableTls":false,"mutualAuthEnable":false,"trustAll":false}
2026-02-01 16:11:32.388 [main] INFO  com.alibaba.nacos.common.remote.client - [244970d2-c927-4dec-b083-be7b72090a24] Success to connect to server [127.0.0.1:8848] on start up, connectionId = 1769983892147_127.0.0.1_14276
2026-02-01 16:11:32.389 [com.alibaba.nacos.client.remote.worker] INFO  com.alibaba.nacos.common.remote.client - [244970d2-c927-4dec-b083-be7b72090a24] Notify connected event to listeners.
2026-02-01 16:11:32.389 [com.alibaba.nacos.client.remote.worker] INFO  com.alibaba.nacos.client.naming - Grpc connection connect
2026-02-01 16:11:32.389 [main] INFO  com.alibaba.nacos.common.remote.client - [244970d2-c927-4dec-b083-be7b72090a24] Register server push request handler:com.alibaba.nacos.common.remote.client.RpcClient$ConnectResetRequestHandler
2026-02-01 16:11:32.389 [main] INFO  com.alibaba.nacos.common.remote.client - [244970d2-c927-4dec-b083-be7b72090a24] Register server push request handler:com.alibaba.nacos.common.remote.client.RpcClient$$Lambda$1524/0x0000027081922110
2026-02-01 16:11:32.391 [main] INFO  com.alibaba.nacos.client.naming - [REGISTER-SERVICE] greennote registering service GreenNote-kv with instance Instance{instanceId='null', ip='10.140.64.238', port=8084, weight=1.0, healthy=true, enabled=true, ephemeral=true, clusterName='DEFAULT', serviceName='null', metadata={IPv6=null, preserved.register.source=SPRING_CLOUD}}
2026-02-01 16:11:32.409 [main] INFO  c.a.cloud.nacos.registry.NacosServiceRegistry - nacos registry, DEFAULT_GROUP GreenNote-kv 10.140.64.238:8084 register finished
2026-02-01 16:11:32.606 [main] INFO  c.evan.greennote.kv.biz.GreenNoteKVBizApplication - Started GreenNoteKVBizApplication in 7.523 seconds (process running for 9.143)
2026-02-01 16:13:25.338 [http-nio-8084-exec-1] INFO  o.a.c.core.ContainerBase.[Tomcat].[localhost].[/] - Initializing Spring DispatcherServlet 'dispatcherServlet'
2026-02-01 16:13:25.339 [http-nio-8084-exec-1] INFO  org.springframework.web.servlet.DispatcherServlet - Initializing Servlet 'dispatcherServlet'
2026-02-01 16:13:25.339 [http-nio-8084-exec-1] INFO  org.springframework.web.servlet.DispatcherServlet - Completed initialization in 0 ms
2026-02-01 16:13:25.442 [http-nio-8084-exec-1] INFO  c.e.f.b.operationlog.aspect.ApiOperationLogAspect - ====== 请求开始: [批量存储评论内容], 入参: {"comments":[{"noteId":1862482047415615578,"yearMonth":"2026-02","contentId":"150c3d8a-70f6-4a1c-9591-8c8dcf567dd8","content":"这是一条测试2级评论HHH"}]}, 请求类: com.evan.greennote.kv.biz.controller.CommentContentController, 请求方法: batchAddCommentContent =======
2026-02-01 16:13:25.535 [http-nio-8084-exec-1] INFO  c.e.f.b.operationlog.aspect.ApiOperationLogAspect - ====== 请求结束: [批量存储评论内容], 耗时: 94ms, 出参: {"success":true,"message":null,"errorCode":null,"data":null}======
2026-02-01 16:23:14.668 [http-nio-8084-exec-3] INFO  c.e.f.b.operationlog.aspect.ApiOperationLogAspect - ====== 请求开始: [删除评论内容], 入参: {"noteId":1862482047415615578,"yearMonth":"2026-02","contentId":"150c3d8a-70f6-4a1c-9591-8c8dcf567dd8"}, 请求类: com.evan.greennote.kv.biz.controller.CommentContentController, 请求方法: deleteCommentContent =======
2026-02-01 16:23:14.730 [http-nio-8084-exec-3] INFO  c.e.f.b.operationlog.aspect.ApiOperationLogAspect - ====== 请求结束: [删除评论内容], 耗时: 62ms, 出参: {"success":true,"message":null,"errorCode":null,"data":null}======
2026-02-01 16:36:34.663 [http-nio-8084-exec-5] INFO  c.e.f.b.operationlog.aspect.ApiOperationLogAspect - ====== 请求开始: [删除评论内容], 入参: {"noteId":1862482047415615500,"yearMonth":"2026-01","contentId":"16640855-5dae-482d-a0dd-745240f04665"}, 请求类: com.evan.greennote.kv.biz.controller.CommentContentController, 请求方法: deleteCommentContent =======
2026-02-01 16:36:34.675 [http-nio-8084-exec-5] INFO  c.e.f.b.operationlog.aspect.ApiOperationLogAspect - ====== 请求结束: [删除评论内容], 耗时: 12ms, 出参: {"success":true,"message":null,"errorCode":null,"data":null}======
2026-02-01 16:37:11.611 [http-nio-8084-exec-6] INFO  c.e.f.b.operationlog.aspect.ApiOperationLogAspect - ====== 请求开始: [删除评论内容], 入参: {"noteId":1862482047415615529,"yearMonth":"2026-01","contentId":"9eabc954-9a06-47bd-bcc6-dce71dcac1f8"}, 请求类: com.evan.greennote.kv.biz.controller.CommentContentController, 请求方法: deleteCommentContent =======
2026-02-01 16:37:11.615 [http-nio-8084-exec-6] INFO  c.e.f.b.operationlog.aspect.ApiOperationLogAspect - ====== 请求结束: [删除评论内容], 耗时: 5ms, 出参: {"success":true,"message":null,"errorCode":null,"data":null}======
2026-02-01 17:06:34.047 [http-nio-8084-exec-8] INFO  c.e.f.b.operationlog.aspect.ApiOperationLogAspect - ====== 请求开始: [删除评论内容], 入参: {"noteId":1862482047415615522,"yearMonth":"2026-01","contentId":"0cb2f8f0-76f9-471e-9de9-fffe3ab97c8a"}, 请求类: com.evan.greennote.kv.biz.controller.CommentContentController, 请求方法: deleteCommentContent =======
2026-02-01 17:06:34.059 [http-nio-8084-exec-8] INFO  c.e.f.b.operationlog.aspect.ApiOperationLogAspect - ====== 请求结束: [删除评论内容], 耗时: 12ms, 出参: {"success":true,"message":null,"errorCode":null,"data":null}======
2026-02-01 17:11:09.899 [Thread-24] WARN  c.alibaba.nacos.common.http.HttpClientBeanHolder - [HttpClientBeanHolder] Start destroying common HttpClient
2026-02-01 17:11:09.899 [Thread-21] WARN  com.alibaba.nacos.common.notify.NotifyCenter - [NotifyCenter] Start destroying Publisher
2026-02-01 17:11:09.900 [Thread-21] WARN  com.alibaba.nacos.common.notify.NotifyCenter - [NotifyCenter] Destruction of the end
2026-02-01 17:11:09.900 [Thread-24] WARN  c.alibaba.nacos.common.http.HttpClientBeanHolder - [HttpClientBeanHolder] Destruction of the end
2026-02-01 17:11:12.049 [SpringApplicationShutdownHook] INFO  c.a.cloud.nacos.registry.NacosServiceRegistry - De-registering from Nacos Server now...
2026-02-01 17:11:12.049 [SpringApplicationShutdownHook] INFO  com.alibaba.nacos.client.naming - [DEREGISTER-SERVICE] greennote deregistering service GreenNote-kv with instance: Instance{instanceId='null', ip='10.140.64.238', port=8084, weight=1.0, healthy=true, enabled=true, ephemeral=true, clusterName='DEFAULT', serviceName='null', metadata={}}
2026-02-01 17:11:12.053 [SpringApplicationShutdownHook] INFO  c.a.cloud.nacos.registry.NacosServiceRegistry - De-registration finished.
2026-02-01 17:11:12.053 [SpringApplicationShutdownHook] INFO  com.alibaba.nacos.client.naming - com.alibaba.nacos.client.naming.cache.ServiceInfoHolder do shutdown begin
2026-02-01 17:11:12.053 [SpringApplicationShutdownHook] INFO  com.alibaba.nacos.client.naming - com.alibaba.nacos.client.naming.backups.FailoverReactor do shutdown begin
2026-02-01 17:11:12.054 [SpringApplicationShutdownHook] INFO  com.alibaba.nacos.client.naming - com.alibaba.nacos.client.naming.backups.FailoverReactor do shutdown stop
2026-02-01 17:11:12.054 [SpringApplicationShutdownHook] INFO  com.alibaba.nacos.client.naming - com.alibaba.nacos.client.naming.cache.ServiceInfoHolder do shutdown stop
2026-02-01 17:11:12.054 [SpringApplicationShutdownHook] INFO  com.alibaba.nacos.client.naming - com.alibaba.nacos.client.naming.remote.NamingClientProxyDelegate do shutdown begin
2026-02-01 17:11:12.054 [SpringApplicationShutdownHook] INFO  com.alibaba.nacos.client.naming - com.alibaba.nacos.client.naming.core.ServiceInfoUpdateService do shutdown begin
2026-02-01 17:11:12.054 [SpringApplicationShutdownHook] INFO  com.alibaba.nacos.client.naming - com.alibaba.nacos.client.naming.core.ServiceInfoUpdateService do shutdown stop
2026-02-01 17:11:12.054 [SpringApplicationShutdownHook] INFO  com.alibaba.nacos.client.naming - com.alibaba.nacos.client.naming.core.ServerListManager do shutdown begin
2026-02-01 17:11:12.054 [SpringApplicationShutdownHook] WARN  com.alibaba.nacos.client.naming - [NamingHttpClientManager] Start destroying NacosRestTemplate
2026-02-01 17:11:12.054 [SpringApplicationShutdownHook] WARN  com.alibaba.nacos.client.naming - [NamingHttpClientManager] Destruction of the end
2026-02-01 17:11:12.054 [SpringApplicationShutdownHook] INFO  com.alibaba.nacos.client.naming - com.alibaba.nacos.client.naming.core.ServerListManager do shutdown stop
2026-02-01 17:11:12.054 [SpringApplicationShutdownHook] INFO  com.alibaba.nacos.client.naming - com.alibaba.nacos.client.naming.remote.http.NamingHttpClientProxy do shutdown begin
2026-02-01 17:11:12.054 [SpringApplicationShutdownHook] WARN  com.alibaba.nacos.client.naming - [NamingHttpClientManager] Start destroying NacosRestTemplate
2026-02-01 17:11:12.054 [SpringApplicationShutdownHook] WARN  com.alibaba.nacos.client.naming - [NamingHttpClientManager] Destruction of the end
2026-02-01 17:11:12.054 [SpringApplicationShutdownHook] INFO  com.alibaba.nacos.client.naming - com.alibaba.nacos.client.naming.remote.http.NamingHttpClientProxy do shutdown stop
2026-02-01 17:11:12.054 [SpringApplicationShutdownHook] INFO  com.alibaba.nacos.common.remote.client - Shutdown rpc client, set status to shutdown
2026-02-01 17:11:12.054 [SpringApplicationShutdownHook] INFO  com.alibaba.nacos.common.remote.client - Shutdown client event executor java.util.concurrent.ScheduledThreadPoolExecutor@3f158f30[Running, pool size = 2, active threads = 2, queued tasks = 0, completed tasks = 0]
2026-02-01 17:11:12.054 [SpringApplicationShutdownHook] INFO  com.alibaba.nacos.common.remote.client - Close current connection 1769983892147_127.0.0.1_14276
2026-02-01 17:11:12.055 [SpringApplicationShutdownHook] INFO  c.a.nacos.common.remote.client.grpc.GrpcClient - Shutdown grpc executor java.util.concurrent.ThreadPoolExecutor@48ef1ba7[Running, pool size = 3, active threads = 0, queued tasks = 0, completed tasks = 737]
2026-02-01 17:11:12.055 [SpringApplicationShutdownHook] INFO  com.alibaba.nacos.client.naming - Shutdown grpc redo service executor java.util.concurrent.ScheduledThreadPoolExecutor@36183b29[Running, pool size = 1, active threads = 0, queued tasks = 1, completed tasks = 1190]
2026-02-01 17:11:12.055 [SpringApplicationShutdownHook] INFO  c.a.n.client.auth.ram.identify.CredentialWatcher - [null] CredentialWatcher is stopped
2026-02-01 17:11:12.055 [SpringApplicationShutdownHook] INFO  c.a.n.client.auth.ram.identify.CredentialService - [null] CredentialService is freed
2026-02-01 17:11:12.055 [SpringApplicationShutdownHook] INFO  com.alibaba.nacos.client.naming - com.alibaba.nacos.client.naming.remote.NamingClientProxyDelegate do shutdown stop
