2026-01-30 22:04:49.021 [main] WARN  com.alibaba.nacos.client.logging.NacosLogging - Load Logback Configuration of Nacos fail, message: Could not initialize Logback Nacos logging from classpath:nacos-logback.xml
2026-01-30 22:04:49.087 [main] WARN  com.alibaba.nacos.client.logging.NacosLogging - Load Logback Configuration of Nacos fail, message: Could not initialize Logback Nacos logging from classpath:nacos-logback.xml
2026-01-30 22:04:49.572 [main] WARN  com.alibaba.nacos.client.logging.NacosLogging - Load Logback Configuration of Nacos fail, message: Could not initialize Logback Nacos logging from classpath:nacos-logback.xml
2026-01-30 22:04:49.589 [main] WARN  com.alibaba.nacos.client.logging.NacosLogging - Load Logback Configuration of Nacos fail, message: Could not initialize Logback Nacos logging from classpath:nacos-logback.xml
2026-01-30 22:04:49.590 [main] INFO  c.evan.greennote.kv.biz.GreenNoteKVBizApplication - The following 1 profile is active: "dev"
2026-01-30 22:04:50.177 [main] INFO  o.s.d.r.config.RepositoryConfigurationDelegate - Bootstrapping Spring Data Reactive Cassandra repositories in DEFAULT mode.
2026-01-30 22:04:50.282 [main] INFO  o.s.d.r.config.RepositoryConfigurationDelegate - Finished Spring Data repository scanning in 100 ms. Found 0 Reactive Cassandra repository interfaces.
2026-01-30 22:04:50.285 [main] INFO  o.s.d.r.config.RepositoryConfigurationDelegate - Bootstrapping Spring Data Cassandra repositories in DEFAULT mode.
2026-01-30 22:04:50.300 [main] INFO  o.s.d.r.config.RepositoryConfigurationDelegate - Finished Spring Data repository scanning in 14 ms. Found 1 Cassandra repository interfaces.
2026-01-30 22:04:50.466 [main] INFO  o.springframework.cloud.context.scope.GenericScope - BeanFactory id=5e742bb3-aebb-36fb-b55d-900eaf09a3bc
2026-01-30 22:04:50.995 [main] INFO  o.s.boot.web.embedded.tomcat.TomcatWebServer - Tomcat initialized with port(s): 8084 (http)
2026-01-30 22:04:51.006 [main] INFO  org.apache.catalina.core.StandardService - Starting service [Tomcat]
2026-01-30 22:04:51.008 [main] INFO  org.apache.catalina.core.StandardEngine - Starting Servlet engine: [Apache Tomcat/10.1.5]
2026-01-30 22:04:51.107 [main] INFO  o.a.c.core.ContainerBase.[Tomcat].[localhost].[/] - Initializing Spring embedded WebApplicationContext
2026-01-30 22:04:51.107 [main] INFO  o.s.b.w.s.c.ServletWebServerApplicationContext - Root WebApplicationContext: initialization completed in 1500 ms
2026-01-30 22:04:51.454 [main] INFO  c.d.o.driver.internal.core.DefaultMavenCoordinates - DataStax Java driver for Apache Cassandra(R) (com.datastax.oss:java-driver-core) version 4.15.0
2026-01-30 22:04:51.840 [s0-admin-0] INFO  com.datastax.oss.driver.internal.core.time.Clock - Using native clock for microsecond precision
2026-01-30 22:04:52.253 [s1-admin-0] INFO  com.datastax.oss.driver.internal.core.time.Clock - Using native clock for microsecond precision
2026-01-30 22:04:53.203 [main] WARN  o.s.c.l.c.LoadBalancerCacheAutoConfiguration$LoadBalancerCaffeineWarnLogger - Spring Cloud LoadBalancer is currently working with the default cache. While this cache implementation is useful for development and tests, it's recommended to use Caffeine cache in production.You can switch to using Caffeine cache, by adding it and org.springframework.cache.caffeine.CaffeineCacheManager to the classpath.
2026-01-30 22:04:53.254 [main] INFO  o.s.boot.web.embedded.tomcat.TomcatWebServer - Tomcat started on port(s): 8084 (http) with context path ''
2026-01-30 22:04:53.259 [main] WARN  com.alibaba.nacos.client.logging.NacosLogging - Load Logback Configuration of Nacos fail, message: Could not initialize Logback Nacos logging from classpath:nacos-logback.xml
2026-01-30 22:04:53.259 [main] INFO  com.alibaba.nacos.client.naming - initializer namespace from ans.namespace attribute : null
2026-01-30 22:04:53.260 [main] INFO  com.alibaba.nacos.client.naming - initializer namespace from ALIBABA_ALIWARE_NAMESPACE attribute :null
2026-01-30 22:04:53.260 [main] INFO  com.alibaba.nacos.client.naming - initializer namespace from namespace attribute :null
2026-01-30 22:04:53.278 [main] INFO  com.alibaba.nacos.client.utils.ParamUtil - [settings] [req-serv] nacos-server port:8848
2026-01-30 22:04:53.278 [main] INFO  com.alibaba.nacos.client.utils.ParamUtil - [settings] [http-client] connect timeout:1000
2026-01-30 22:04:53.279 [main] INFO  com.alibaba.nacos.client.utils.ParamUtil - PER_TASK_CONFIG_SIZE: 3000.0
2026-01-30 22:04:53.285 [main] INFO  c.a.n.p.auth.spi.client.ClientAuthPluginManager - [ClientAuthPluginManager] Load ClientAuthService com.alibaba.nacos.client.auth.impl.NacosClientAuthServiceImpl success.
2026-01-30 22:04:53.285 [main] INFO  c.a.n.p.auth.spi.client.ClientAuthPluginManager - [ClientAuthPluginManager] Load ClientAuthService com.alibaba.nacos.client.auth.ram.RamClientAuthServiceImpl success.
2026-01-30 22:04:53.287 [main] INFO  c.a.n.client.auth.ram.identify.CredentialWatcher - null No credential found
2026-01-30 22:04:53.294 [main] INFO  com.alibaba.nacos.common.remote.client - [RpcClientFactory] create a new rpc client of 6044d69f-71e4-4b59-b993-6d76ea1486a8
2026-01-30 22:04:53.310 [main] INFO  com.alibaba.nacos.common.remote.client - [6044d69f-71e4-4b59-b993-6d76ea1486a8] RpcClient init, ServerListFactory = com.alibaba.nacos.client.naming.core.ServerListManager
2026-01-30 22:04:53.310 [main] INFO  com.alibaba.nacos.common.remote.client - [6044d69f-71e4-4b59-b993-6d76ea1486a8] Registry connection listener to current client:com.alibaba.nacos.client.naming.remote.gprc.redo.NamingGrpcRedoService
2026-01-30 22:04:53.311 [main] INFO  com.alibaba.nacos.common.remote.client - [6044d69f-71e4-4b59-b993-6d76ea1486a8] Register server push request handler:com.alibaba.nacos.client.naming.remote.gprc.NamingPushRequestHandler
2026-01-30 22:04:53.312 [main] INFO  com.alibaba.nacos.common.remote.client - [6044d69f-71e4-4b59-b993-6d76ea1486a8] Try to connect to server on start up, server: {serverIp = '127.0.0.1', server main port = 8848}
2026-01-30 22:04:53.342 [main] INFO  c.a.nacos.common.remote.client.grpc.GrpcClient - grpc client connection server:127.0.0.1 ip,serverPort:9848,grpcTslConfig:{"sslProvider":"OPENSSL","enableTls":false,"mutualAuthEnable":false,"trustAll":false}
2026-01-30 22:04:53.965 [main] INFO  com.alibaba.nacos.common.remote.client - [6044d69f-71e4-4b59-b993-6d76ea1486a8] Success to connect to server [127.0.0.1:8848] on start up, connectionId = 1769832293791_127.0.0.1_34047
2026-01-30 22:04:53.966 [com.alibaba.nacos.client.remote.worker] INFO  com.alibaba.nacos.common.remote.client - [6044d69f-71e4-4b59-b993-6d76ea1486a8] Notify connected event to listeners.
2026-01-30 22:04:53.966 [com.alibaba.nacos.client.remote.worker] INFO  com.alibaba.nacos.client.naming - Grpc connection connect
2026-01-30 22:04:53.966 [main] INFO  com.alibaba.nacos.common.remote.client - [6044d69f-71e4-4b59-b993-6d76ea1486a8] Register server push request handler:com.alibaba.nacos.common.remote.client.RpcClient$ConnectResetRequestHandler
2026-01-30 22:04:53.966 [main] INFO  com.alibaba.nacos.common.remote.client - [6044d69f-71e4-4b59-b993-6d76ea1486a8] Register server push request handler:com.alibaba.nacos.common.remote.client.RpcClient$$Lambda$1513/0x000002cfa1916e60
2026-01-30 22:04:53.968 [main] INFO  com.alibaba.nacos.client.naming - [REGISTER-SERVICE] greennote registering service GreenNote-kv with instance Instance{instanceId='null', ip='10.141.154.27', port=8084, weight=1.0, healthy=true, enabled=true, ephemeral=true, clusterName='DEFAULT', serviceName='null', metadata={IPv6=null, preserved.register.source=SPRING_CLOUD}}
2026-01-30 22:04:53.982 [main] INFO  c.a.cloud.nacos.registry.NacosServiceRegistry - nacos registry, DEFAULT_GROUP GreenNote-kv 10.141.154.27:8084 register finished
2026-01-30 22:04:54.077 [main] INFO  c.evan.greennote.kv.biz.GreenNoteKVBizApplication - Started GreenNoteKVBizApplication in 5.663 seconds (process running for 6.172)
2026-01-30 22:09:57.059 [http-nio-8084-exec-5] INFO  o.a.c.core.ContainerBase.[Tomcat].[localhost].[/] - Initializing Spring DispatcherServlet 'dispatcherServlet'
2026-01-30 22:09:57.059 [http-nio-8084-exec-5] INFO  org.springframework.web.servlet.DispatcherServlet - Initializing Servlet 'dispatcherServlet'
2026-01-30 22:09:57.060 [http-nio-8084-exec-5] INFO  org.springframework.web.servlet.DispatcherServlet - Completed initialization in 1 ms
2026-01-30 22:09:57.222 [http-nio-8084-exec-5] INFO  c.e.f.b.operationlog.aspect.ApiOperationLogAspect - ====== 请求开始: [批量存储评论内容], 入参: {"comments":[{"noteId":18624819544949554,"yearMonth":"2026-1","contentId":"95a8af89-997c-4b14-939c-f848aabdad6d","content":"这是1条评论内容1"},{"noteId":18624815824102539,"yearMonth":"2026-1","contentId":"db0a339c-beba-4a95-9182-c51c2588ae05","content":"这是1条评论内容2"},{"noteId":18624820474156528,"yearMonth":"2026-1","contentId":"de81def6-313c-469a-a77d-57d71ba18194","content":"这是1条评论内容3"}]}, 请求类: com.evan.greennote.kv.biz.controller.CommentContentController, 请求方法: batchAddCommentContent =======
2026-01-30 22:09:57.315 [http-nio-8084-exec-5] INFO  c.e.f.b.operationlog.aspect.ApiOperationLogAspect - ====== 请求结束: [批量存储评论内容], 耗时: 96ms, 出参: {"success":true,"message":null,"errorCode":null,"data":null}======
2026-01-30 22:11:23.284 [http-nio-8084-exec-2] INFO  c.e.f.b.operationlog.aspect.ApiOperationLogAspect - ====== 请求开始: [批量存储评论内容], 入参: {"comments":[{"noteId":18624819544949554,"yearMonth":"2026-1","contentId":"95a8af89-997c-4b14-939c-f848aabdad6d","content":"这是1条评论内容1"},{"noteId":18624815824102539,"yearMonth":"2026-1","contentId":"db0a339c-beba-4a95-9182-c51c2588ae05","content":"这是1条评论内容2"},{"noteId":18624820474156528,"yearMonth":"2026-1","contentId":"de81def6-313c-469a-a77d-57d71ba18194","content":"这是1条评论内容3"}]}, 请求类: com.evan.greennote.kv.biz.controller.CommentContentController, 请求方法: batchAddCommentContent =======
2026-01-30 22:11:23.296 [http-nio-8084-exec-2] INFO  c.e.f.b.operationlog.aspect.ApiOperationLogAspect - ====== 请求结束: [批量存储评论内容], 耗时: 11ms, 出参: {"success":true,"message":null,"errorCode":null,"data":null}======
2026-01-30 22:11:32.628 [http-nio-8084-exec-6] INFO  c.e.f.b.operationlog.aspect.ApiOperationLogAspect - ====== 请求开始: [批量存储评论内容], 入参: {"comments":[{"noteId":18624819544949554,"yearMonth":"2026-1","contentId":"95a8af89-997c-4b14-939c-f848aabdad6d","content":"这是1条评论内容1"},{"noteId":18624815824102539,"yearMonth":"2026-1","contentId":"db0a339c-beba-4a95-9182-c51c2588ae05","content":"这是1条评论内容2"},{"noteId":18624820474156528,"yearMonth":"2026-1","contentId":"de81def6-313c-469a-a77d-57d71ba18194","content":"这是1条评论内容3"}]}, 请求类: com.evan.greennote.kv.biz.controller.CommentContentController, 请求方法: batchAddCommentContent =======
2026-01-30 22:11:32.636 [http-nio-8084-exec-6] INFO  c.e.f.b.operationlog.aspect.ApiOperationLogAspect - ====== 请求结束: [批量存储评论内容], 耗时: 8ms, 出参: {"success":true,"message":null,"errorCode":null,"data":null}======
2026-01-30 22:30:11.856 [http-nio-8084-exec-9] INFO  c.e.f.b.operationlog.aspect.ApiOperationLogAspect - ====== 请求开始: [批量存储评论内容], 入参: {"comments":[{"noteId":18624819544949550,"yearMonth":"2026-2","contentId":"95a8af89-997c-4b14-939c-f848aabdad6d","content":"这是1条评论内容4"},{"noteId":18624815824102531,"yearMonth":"2026-3","contentId":"db0a339c-beba-4a95-9182-c51c2588ae05","content":"这是1条评论内容5"},{"noteId":18624820474156522,"yearMonth":"2026-4","contentId":"de81def6-313c-469a-a77d-57d71ba18194","content":"这是1条评论内容6"}]}, 请求类: com.evan.greennote.kv.biz.controller.CommentContentController, 请求方法: batchAddCommentContent =======
2026-01-30 22:30:11.866 [http-nio-8084-exec-9] INFO  c.e.f.b.operationlog.aspect.ApiOperationLogAspect - ====== 请求结束: [批量存储评论内容], 耗时: 11ms, 出参: {"success":true,"message":null,"errorCode":null,"data":null}======
