2026-01-31 01:07:14.266 [Thread-2] WARN  c.alibaba.nacos.common.http.HttpClientBeanHolder - [HttpClientBeanHolder] Start destroying common HttpClient
2026-01-31 01:07:14.266 [Thread-9] WARN  com.alibaba.nacos.common.notify.NotifyCenter - [NotifyCenter] Start destroying Publisher
2026-01-31 01:07:14.316 [Thread-9] WARN  com.alibaba.nacos.common.notify.NotifyCenter - [NotifyCenter] Destruction of the end
2026-01-31 01:07:14.327 [Thread-2] WARN  c.alibaba.nacos.common.http.HttpClientBeanHolder - [HttpClientBeanHolder] Destruction of the end
2026-01-31 01:07:14.548 [SpringApplicationShutdownHook] INFO  c.a.cloud.nacos.registry.NacosServiceRegistry - De-registering from Nacos Server now...
2026-01-31 01:07:14.550 [SpringApplicationShutdownHook] INFO  com.alibaba.nacos.client.naming - [DEREGISTER-SERVICE] greennote deregistering service GreenNote-oss with instance: Instance{instanceId='null', ip='10.141.154.27', port=8081, weight=1.0, healthy=true, enabled=true, ephemeral=true, clusterName='DEFAULT', serviceName='null', metadata={}}
2026-01-31 01:07:14.559 [SpringApplicationShutdownHook] INFO  c.a.cloud.nacos.registry.NacosServiceRegistry - De-registration finished.
2026-01-31 01:07:14.560 [SpringApplicationShutdownHook] INFO  com.alibaba.nacos.client.naming - com.alibaba.nacos.client.naming.cache.ServiceInfoHolder do shutdown begin
2026-01-31 01:07:14.560 [SpringApplicationShutdownHook] INFO  com.alibaba.nacos.client.naming - com.alibaba.nacos.client.naming.backups.FailoverReactor do shutdown begin
2026-01-31 01:07:14.560 [SpringApplicationShutdownHook] INFO  com.alibaba.nacos.client.naming - com.alibaba.nacos.client.naming.backups.FailoverReactor do shutdown stop
2026-01-31 01:07:14.560 [SpringApplicationShutdownHook] INFO  com.alibaba.nacos.client.naming - com.alibaba.nacos.client.naming.cache.ServiceInfoHolder do shutdown stop
2026-01-31 01:07:14.560 [SpringApplicationShutdownHook] INFO  com.alibaba.nacos.client.naming - com.alibaba.nacos.client.naming.remote.NamingClientProxyDelegate do shutdown begin
2026-01-31 01:07:14.561 [SpringApplicationShutdownHook] INFO  com.alibaba.nacos.client.naming - com.alibaba.nacos.client.naming.core.ServiceInfoUpdateService do shutdown begin
2026-01-31 01:07:14.561 [SpringApplicationShutdownHook] INFO  com.alibaba.nacos.client.naming - com.alibaba.nacos.client.naming.core.ServiceInfoUpdateService do shutdown stop
2026-01-31 01:07:14.561 [SpringApplicationShutdownHook] INFO  com.alibaba.nacos.client.naming - com.alibaba.nacos.client.naming.core.ServerListManager do shutdown begin
2026-01-31 01:07:14.561 [SpringApplicationShutdownHook] WARN  com.alibaba.nacos.client.naming - [NamingHttpClientManager] Start destroying NacosRestTemplate
2026-01-31 01:07:14.561 [SpringApplicationShutdownHook] WARN  com.alibaba.nacos.client.naming - [NamingHttpClientManager] Destruction of the end
2026-01-31 01:07:14.561 [SpringApplicationShutdownHook] INFO  com.alibaba.nacos.client.naming - com.alibaba.nacos.client.naming.core.ServerListManager do shutdown stop
2026-01-31 01:07:14.561 [SpringApplicationShutdownHook] INFO  com.alibaba.nacos.client.naming - com.alibaba.nacos.client.naming.remote.http.NamingHttpClientProxy do shutdown begin
2026-01-31 01:07:14.561 [SpringApplicationShutdownHook] WARN  com.alibaba.nacos.client.naming - [NamingHttpClientManager] Start destroying NacosRestTemplate
2026-01-31 01:07:14.561 [SpringApplicationShutdownHook] WARN  com.alibaba.nacos.client.naming - [NamingHttpClientManager] Destruction of the end
2026-01-31 01:07:14.561 [SpringApplicationShutdownHook] INFO  com.alibaba.nacos.client.naming - com.alibaba.nacos.client.naming.remote.http.NamingHttpClientProxy do shutdown stop
2026-01-31 01:07:14.561 [SpringApplicationShutdownHook] INFO  com.alibaba.nacos.common.remote.client - Shutdown rpc client, set status to shutdown
2026-01-31 01:07:14.561 [SpringApplicationShutdownHook] INFO  com.alibaba.nacos.common.remote.client - Shutdown client event executor java.util.concurrent.ScheduledThreadPoolExecutor@32e07d39[Running, pool size = 2, active threads = 2, queued tasks = 0, completed tasks = 0]
2026-01-31 01:07:14.562 [SpringApplicationShutdownHook] INFO  com.alibaba.nacos.common.remote.client - Close current connection 1769832280743_127.0.0.1_5984
2026-01-31 01:07:14.567 [nacos-grpc-client-executor-127.0.0.1-2220] INFO  c.a.nacos.common.remote.client.grpc.GrpcClient - [1769832280743_127.0.0.1_5984]Ignore complete event,isRunning:false,isAbandon=false
2026-01-31 01:07:14.574 [SpringApplicationShutdownHook] INFO  c.a.nacos.common.remote.client.grpc.GrpcClient - Shutdown grpc executor java.util.concurrent.ThreadPoolExecutor@3c8c369[Running, pool size = 4, active threads = 0, queued tasks = 0, completed tasks = 2221]
2026-01-31 01:07:14.575 [SpringApplicationShutdownHook] INFO  com.alibaba.nacos.client.naming - Shutdown grpc redo service executor java.util.concurrent.ScheduledThreadPoolExecutor@7ab9d5fd[Running, pool size = 1, active threads = 0, queued tasks = 1, completed tasks = 3641]
2026-01-31 01:07:14.575 [SpringApplicationShutdownHook] INFO  c.a.n.client.auth.ram.identify.CredentialWatcher - [null] CredentialWatcher is stopped
2026-01-31 01:07:14.575 [SpringApplicationShutdownHook] INFO  c.a.n.client.auth.ram.identify.CredentialService - [null] CredentialService is freed
2026-01-31 01:07:14.575 [SpringApplicationShutdownHook] INFO  com.alibaba.nacos.client.naming - com.alibaba.nacos.client.naming.remote.NamingClientProxyDelegate do shutdown stop
2026-01-31 13:01:58.427 [main] WARN  com.alibaba.nacos.client.logging.NacosLogging - Load Logback Configuration of Nacos fail, message: Could not initialize Logback Nacos logging from classpath:nacos-logback.xml
2026-01-31 13:01:58.493 [main] WARN  com.alibaba.nacos.client.logging.NacosLogging - Load Logback Configuration of Nacos fail, message: Could not initialize Logback Nacos logging from classpath:nacos-logback.xml
2026-01-31 13:01:58.759 [main] WARN  com.alibaba.nacos.client.logging.NacosLogging - Load Logback Configuration of Nacos fail, message: Could not initialize Logback Nacos logging from classpath:nacos-logback.xml
2026-01-31 13:01:58.761 [main] INFO  com.alibaba.nacos.client.utils.ParamUtil - [settings] [req-serv] nacos-server port:8848
2026-01-31 13:01:58.762 [main] INFO  com.alibaba.nacos.client.utils.ParamUtil - [settings] [http-client] connect timeout:1000
2026-01-31 13:01:58.763 [main] INFO  com.alibaba.nacos.client.utils.ParamUtil - PER_TASK_CONFIG_SIZE: 3000.0
2026-01-31 13:01:58.798 [main] INFO  c.a.n.p.auth.spi.client.ClientAuthPluginManager - [ClientAuthPluginManager] Load ClientAuthService com.alibaba.nacos.client.auth.impl.NacosClientAuthServiceImpl success.
2026-01-31 13:01:58.798 [main] INFO  c.a.n.p.auth.spi.client.ClientAuthPluginManager - [ClientAuthPluginManager] Load ClientAuthService com.alibaba.nacos.client.auth.ram.RamClientAuthServiceImpl success.
2026-01-31 13:01:58.802 [main] INFO  c.a.n.client.auth.ram.identify.CredentialWatcher - null No credential found
2026-01-31 13:01:59.170 [main] WARN  com.alibaba.nacos.client.logging.NacosLogging - Load Logback Configuration of Nacos fail, message: Could not initialize Logback Nacos logging from classpath:nacos-logback.xml
2026-01-31 13:01:59.188 [main] INFO  c.a.n.client.config.impl.LocalConfigInfoProcessor - LOCAL_SNAPSHOT_PATH:C:\Users\12482\nacos\config
2026-01-31 13:01:59.194 [main] INFO  com.alibaba.nacos.common.remote.client - [RpcClientFactory] create a new rpc client of 8dad2b59-45d1-40a3-8445-540ef70b679d_config-0
2026-01-31 13:01:59.217 [main] INFO  com.alibaba.nacos.common.remote.client - [8dad2b59-45d1-40a3-8445-540ef70b679d_config-0] Register server push request handler:com.alibaba.nacos.client.config.impl.ClientWorker$ConfigRpcTransportClient$$Lambda$577/0x000002160b368a90
2026-01-31 13:01:59.217 [main] INFO  com.alibaba.nacos.common.remote.client - [8dad2b59-45d1-40a3-8445-540ef70b679d_config-0] Register server push request handler:com.alibaba.nacos.client.config.impl.ClientWorker$ConfigRpcTransportClient$$Lambda$578/0x000002160b368eb0
2026-01-31 13:01:59.218 [main] INFO  com.alibaba.nacos.common.remote.client - [8dad2b59-45d1-40a3-8445-540ef70b679d_config-0] Registry connection listener to current client:com.alibaba.nacos.client.config.impl.ClientWorker$ConfigRpcTransportClient$1
2026-01-31 13:01:59.218 [main] INFO  com.alibaba.nacos.common.remote.client - [8dad2b59-45d1-40a3-8445-540ef70b679d_config-0] RpcClient init, ServerListFactory = com.alibaba.nacos.client.config.impl.ClientWorker$ConfigRpcTransportClient$2
2026-01-31 13:01:59.230 [main] INFO  com.alibaba.nacos.common.remote.client - [8dad2b59-45d1-40a3-8445-540ef70b679d_config-0] Try to connect to server on start up, server: {serverIp = '127.0.0.1', server main port = 8848}
2026-01-31 13:01:59.277 [main] INFO  c.a.nacos.common.remote.client.grpc.GrpcClient - grpc client connection server:127.0.0.1 ip,serverPort:9848,grpcTslConfig:{"sslProvider":"OPENSSL","enableTls":false,"mutualAuthEnable":false,"trustAll":false}
2026-01-31 13:02:00.314 [main] INFO  com.alibaba.nacos.common.remote.client - [8dad2b59-45d1-40a3-8445-540ef70b679d_config-0] Success to connect to server [127.0.0.1:8848] on start up, connectionId = 1769886120104_127.0.0.1_50148
2026-01-31 13:02:00.314 [com.alibaba.nacos.client.remote.worker] INFO  com.alibaba.nacos.common.remote.client - [8dad2b59-45d1-40a3-8445-540ef70b679d_config-0] Notify connected event to listeners.
2026-01-31 13:02:00.314 [com.alibaba.nacos.client.remote.worker] INFO  com.alibaba.nacos.client.config.impl.ClientWorker - [8dad2b59-45d1-40a3-8445-540ef70b679d_config-0] Connected,notify listen context...
2026-01-31 13:02:00.314 [main] INFO  com.alibaba.nacos.common.remote.client - [8dad2b59-45d1-40a3-8445-540ef70b679d_config-0] Register server push request handler:com.alibaba.nacos.common.remote.client.RpcClient$ConnectResetRequestHandler
2026-01-31 13:02:00.314 [main] INFO  com.alibaba.nacos.common.remote.client - [8dad2b59-45d1-40a3-8445-540ef70b679d_config-0] Register server push request handler:com.alibaba.nacos.common.remote.client.RpcClient$$Lambda$598/0x000002160b4d0228
2026-01-31 13:02:00.364 [main] INFO  com.alibaba.nacos.client.config.impl.Limiter - limitTime:5.0
2026-01-31 13:02:00.381 [main] WARN  c.a.cloud.nacos.client.NacosPropertySourceBuilder - Ignore the empty nacos configuration and get it based on dataId[GreenNote-oss] & group[DEFAULT_GROUP]
2026-01-31 13:02:00.390 [main] WARN  c.a.cloud.nacos.client.NacosPropertySourceBuilder - Ignore the empty nacos configuration and get it based on dataId[GreenNote-oss.yaml] & group[DEFAULT_GROUP]
2026-01-31 13:02:00.398 [main] WARN  c.a.cloud.nacos.client.NacosPropertySourceBuilder - Ignore the empty nacos configuration and get it based on dataId[GreenNote-oss-dev.yaml] & group[DEFAULT_GROUP]
2026-01-31 13:02:00.399 [main] INFO  o.s.c.b.c.PropertySourceBootstrapConfiguration - Located property source: [BootstrapPropertySource {name='bootstrapProperties-GreenNote-oss-dev.yaml,DEFAULT_GROUP'}, BootstrapPropertySource {name='bootstrapProperties-GreenNote-oss.yaml,DEFAULT_GROUP'}, BootstrapPropertySource {name='bootstrapProperties-GreenNote-oss,DEFAULT_GROUP'}]
2026-01-31 13:02:00.404 [main] WARN  com.alibaba.nacos.client.logging.NacosLogging - Load Logback Configuration of Nacos fail, message: Could not initialize Logback Nacos logging from classpath:nacos-logback.xml
2026-01-31 13:02:00.405 [main] INFO  c.e.g.search.biz.GreenNoteOssBizApplication - The following 1 profile is active: "dev"
2026-01-31 13:02:01.113 [main] INFO  o.springframework.cloud.context.scope.GenericScope - BeanFactory id=9336411e-a514-3c66-a3ff-45e25e22725e
2026-01-31 13:02:01.730 [main] INFO  o.s.boot.web.embedded.tomcat.TomcatWebServer - Tomcat initialized with port(s): 8081 (http)
2026-01-31 13:02:01.752 [main] INFO  org.apache.catalina.core.StandardService - Starting service [Tomcat]
2026-01-31 13:02:01.752 [main] INFO  org.apache.catalina.core.StandardEngine - Starting Servlet engine: [Apache Tomcat/10.1.5]
2026-01-31 13:02:01.883 [main] INFO  o.a.c.core.ContainerBase.[Tomcat].[localhost].[/] - Initializing Spring embedded WebApplicationContext
2026-01-31 13:02:01.884 [main] INFO  o.s.b.w.s.c.ServletWebServerApplicationContext - Root WebApplicationContext: initialization completed in 1457 ms
2026-01-31 13:02:03.486 [main] INFO  o.s.boot.web.embedded.tomcat.TomcatWebServer - Tomcat started on port(s): 8081 (http) with context path ''
2026-01-31 13:02:03.492 [main] INFO  com.alibaba.nacos.client.naming - initializer namespace from ans.namespace attribute : null
2026-01-31 13:02:03.492 [main] INFO  com.alibaba.nacos.client.naming - initializer namespace from ALIBABA_ALIWARE_NAMESPACE attribute :null
2026-01-31 13:02:03.493 [main] INFO  com.alibaba.nacos.client.naming - initializer namespace from namespace attribute :null
2026-01-31 13:02:03.504 [main] INFO  c.a.n.p.auth.spi.client.ClientAuthPluginManager - [ClientAuthPluginManager] Load ClientAuthService com.alibaba.nacos.client.auth.impl.NacosClientAuthServiceImpl success.
2026-01-31 13:02:03.504 [main] INFO  c.a.n.p.auth.spi.client.ClientAuthPluginManager - [ClientAuthPluginManager] Load ClientAuthService com.alibaba.nacos.client.auth.ram.RamClientAuthServiceImpl success.
2026-01-31 13:02:03.509 [main] INFO  com.alibaba.nacos.common.remote.client - [RpcClientFactory] create a new rpc client of 0a95979c-0ec9-4d33-b769-d7d3d230dd1d
2026-01-31 13:02:03.512 [main] INFO  com.alibaba.nacos.common.remote.client - [0a95979c-0ec9-4d33-b769-d7d3d230dd1d] RpcClient init, ServerListFactory = com.alibaba.nacos.client.naming.core.ServerListManager
2026-01-31 13:02:03.512 [main] INFO  com.alibaba.nacos.common.remote.client - [0a95979c-0ec9-4d33-b769-d7d3d230dd1d] Registry connection listener to current client:com.alibaba.nacos.client.naming.remote.gprc.redo.NamingGrpcRedoService
2026-01-31 13:02:03.512 [main] INFO  com.alibaba.nacos.common.remote.client - [0a95979c-0ec9-4d33-b769-d7d3d230dd1d] Register server push request handler:com.alibaba.nacos.client.naming.remote.gprc.NamingPushRequestHandler
2026-01-31 13:02:03.513 [main] INFO  com.alibaba.nacos.common.remote.client - [0a95979c-0ec9-4d33-b769-d7d3d230dd1d] Try to connect to server on start up, server: {serverIp = '127.0.0.1', server main port = 8848}
2026-01-31 13:02:03.513 [main] INFO  c.a.nacos.common.remote.client.grpc.GrpcClient - grpc client connection server:127.0.0.1 ip,serverPort:9848,grpcTslConfig:{"sslProvider":"OPENSSL","enableTls":false,"mutualAuthEnable":false,"trustAll":false}
2026-01-31 13:02:03.629 [main] INFO  com.alibaba.nacos.common.remote.client - [0a95979c-0ec9-4d33-b769-d7d3d230dd1d] Success to connect to server [127.0.0.1:8848] on start up, connectionId = 1769886123521_127.0.0.1_50164
2026-01-31 13:02:03.629 [main] INFO  com.alibaba.nacos.common.remote.client - [0a95979c-0ec9-4d33-b769-d7d3d230dd1d] Register server push request handler:com.alibaba.nacos.common.remote.client.RpcClient$ConnectResetRequestHandler
2026-01-31 13:02:03.629 [main] INFO  com.alibaba.nacos.common.remote.client - [0a95979c-0ec9-4d33-b769-d7d3d230dd1d] Register server push request handler:com.alibaba.nacos.common.remote.client.RpcClient$$Lambda$598/0x000002160b4d0228
2026-01-31 13:02:03.629 [com.alibaba.nacos.client.remote.worker] INFO  com.alibaba.nacos.common.remote.client - [0a95979c-0ec9-4d33-b769-d7d3d230dd1d] Notify connected event to listeners.
2026-01-31 13:02:03.630 [com.alibaba.nacos.client.remote.worker] INFO  com.alibaba.nacos.client.naming - Grpc connection connect
2026-01-31 13:02:03.631 [main] INFO  com.alibaba.nacos.client.naming - [REGISTER-SERVICE] greennote registering service GreenNote-oss with instance Instance{instanceId='null', ip='10.141.50.251', port=8081, weight=1.0, healthy=true, enabled=true, ephemeral=true, clusterName='DEFAULT', serviceName='null', metadata={IPv6=null, preserved.register.source=SPRING_CLOUD}}
2026-01-31 13:02:03.708 [main] INFO  c.a.cloud.nacos.registry.NacosServiceRegistry - nacos registry, DEFAULT_GROUP GreenNote-oss 10.141.50.251:8081 register finished
2026-01-31 13:02:03.899 [main] INFO  c.e.g.search.biz.GreenNoteOssBizApplication - Started GreenNoteOssBizApplication in 6.191 seconds (process running for 8.516)
2026-01-31 13:02:03.904 [main] INFO  com.alibaba.nacos.client.config.impl.CacheData - nacos.cache.data.init.snapshot = true 
2026-01-31 13:02:03.905 [main] INFO  com.alibaba.nacos.client.config.impl.ClientWorker - [fixed-greennote-127.0.0.1_8848] [subscribe] GreenNote-oss-dev.yaml+DEFAULT_GROUP+greennote
2026-01-31 13:02:03.917 [main] INFO  com.alibaba.nacos.client.config.impl.CacheData - [fixed-greennote-127.0.0.1_8848] [add-listener] ok, tenant=greennote, dataId=GreenNote-oss-dev.yaml, group=DEFAULT_GROUP, cnt=1
2026-01-31 13:02:03.917 [main] INFO  c.a.cloud.nacos.refresh.NacosContextRefresher - [Nacos Config] Listening config: dataId=GreenNote-oss-dev.yaml, group=DEFAULT_GROUP
2026-01-31 13:02:03.917 [main] INFO  com.alibaba.nacos.client.config.impl.ClientWorker - [fixed-greennote-127.0.0.1_8848] [subscribe] GreenNote-oss+DEFAULT_GROUP+greennote
2026-01-31 13:02:03.917 [main] INFO  com.alibaba.nacos.client.config.impl.CacheData - [fixed-greennote-127.0.0.1_8848] [add-listener] ok, tenant=greennote, dataId=GreenNote-oss, group=DEFAULT_GROUP, cnt=1
2026-01-31 13:02:03.918 [main] INFO  c.a.cloud.nacos.refresh.NacosContextRefresher - [Nacos Config] Listening config: dataId=GreenNote-oss, group=DEFAULT_GROUP
2026-01-31 13:02:03.918 [main] INFO  com.alibaba.nacos.client.config.impl.ClientWorker - [fixed-greennote-127.0.0.1_8848] [subscribe] GreenNote-oss.yaml+DEFAULT_GROUP+greennote
2026-01-31 13:02:03.918 [main] INFO  com.alibaba.nacos.client.config.impl.CacheData - [fixed-greennote-127.0.0.1_8848] [add-listener] ok, tenant=greennote, dataId=GreenNote-oss.yaml, group=DEFAULT_GROUP, cnt=1
2026-01-31 13:02:03.918 [main] INFO  c.a.cloud.nacos.refresh.NacosContextRefresher - [Nacos Config] Listening config: dataId=GreenNote-oss.yaml, group=DEFAULT_GROUP
2026-01-31 17:43:55.751 [Thread-9] WARN  com.alibaba.nacos.common.notify.NotifyCenter - [NotifyCenter] Start destroying Publisher
2026-01-31 17:43:55.751 [Thread-2] WARN  c.alibaba.nacos.common.http.HttpClientBeanHolder - [HttpClientBeanHolder] Start destroying common HttpClient
2026-01-31 17:43:55.836 [Thread-9] WARN  com.alibaba.nacos.common.notify.NotifyCenter - [NotifyCenter] Destruction of the end
2026-01-31 17:43:55.872 [Thread-2] WARN  c.alibaba.nacos.common.http.HttpClientBeanHolder - [HttpClientBeanHolder] Destruction of the end
2026-01-31 17:43:56.532 [SpringApplicationShutdownHook] INFO  c.a.cloud.nacos.registry.NacosServiceRegistry - De-registering from Nacos Server now...
2026-01-31 17:43:56.535 [SpringApplicationShutdownHook] INFO  com.alibaba.nacos.client.naming - [DEREGISTER-SERVICE] greennote deregistering service GreenNote-oss with instance: Instance{instanceId='null', ip='10.141.50.251', port=8081, weight=1.0, healthy=true, enabled=true, ephemeral=true, clusterName='DEFAULT', serviceName='null', metadata={}}
2026-01-31 17:43:56.551 [SpringApplicationShutdownHook] INFO  c.a.cloud.nacos.registry.NacosServiceRegistry - De-registration finished.
2026-01-31 17:43:56.552 [SpringApplicationShutdownHook] INFO  com.alibaba.nacos.client.naming - com.alibaba.nacos.client.naming.cache.ServiceInfoHolder do shutdown begin
2026-01-31 17:43:56.552 [SpringApplicationShutdownHook] INFO  com.alibaba.nacos.client.naming - com.alibaba.nacos.client.naming.backups.FailoverReactor do shutdown begin
2026-01-31 17:43:56.553 [SpringApplicationShutdownHook] INFO  com.alibaba.nacos.client.naming - com.alibaba.nacos.client.naming.backups.FailoverReactor do shutdown stop
2026-01-31 17:43:56.553 [SpringApplicationShutdownHook] INFO  com.alibaba.nacos.client.naming - com.alibaba.nacos.client.naming.cache.ServiceInfoHolder do shutdown stop
2026-01-31 17:43:56.553 [SpringApplicationShutdownHook] INFO  com.alibaba.nacos.client.naming - com.alibaba.nacos.client.naming.remote.NamingClientProxyDelegate do shutdown begin
2026-01-31 17:43:56.554 [SpringApplicationShutdownHook] INFO  com.alibaba.nacos.client.naming - com.alibaba.nacos.client.naming.core.ServiceInfoUpdateService do shutdown begin
2026-01-31 17:43:56.554 [SpringApplicationShutdownHook] INFO  com.alibaba.nacos.client.naming - com.alibaba.nacos.client.naming.core.ServiceInfoUpdateService do shutdown stop
2026-01-31 17:43:56.554 [SpringApplicationShutdownHook] INFO  com.alibaba.nacos.client.naming - com.alibaba.nacos.client.naming.core.ServerListManager do shutdown begin
2026-01-31 17:43:56.554 [SpringApplicationShutdownHook] WARN  com.alibaba.nacos.client.naming - [NamingHttpClientManager] Start destroying NacosRestTemplate
2026-01-31 17:43:56.555 [SpringApplicationShutdownHook] WARN  com.alibaba.nacos.client.naming - [NamingHttpClientManager] Destruction of the end
2026-01-31 17:43:56.555 [SpringApplicationShutdownHook] INFO  com.alibaba.nacos.client.naming - com.alibaba.nacos.client.naming.core.ServerListManager do shutdown stop
2026-01-31 17:43:56.555 [SpringApplicationShutdownHook] INFO  com.alibaba.nacos.client.naming - com.alibaba.nacos.client.naming.remote.http.NamingHttpClientProxy do shutdown begin
2026-01-31 17:43:56.555 [SpringApplicationShutdownHook] WARN  com.alibaba.nacos.client.naming - [NamingHttpClientManager] Start destroying NacosRestTemplate
2026-01-31 17:43:56.555 [SpringApplicationShutdownHook] WARN  com.alibaba.nacos.client.naming - [NamingHttpClientManager] Destruction of the end
2026-01-31 17:43:56.556 [SpringApplicationShutdownHook] INFO  com.alibaba.nacos.client.naming - com.alibaba.nacos.client.naming.remote.http.NamingHttpClientProxy do shutdown stop
2026-01-31 17:43:56.556 [SpringApplicationShutdownHook] INFO  com.alibaba.nacos.common.remote.client - Shutdown rpc client, set status to shutdown
2026-01-31 17:43:56.557 [SpringApplicationShutdownHook] INFO  com.alibaba.nacos.common.remote.client - Shutdown client event executor java.util.concurrent.ScheduledThreadPoolExecutor@394fd54f[Running, pool size = 2, active threads = 2, queued tasks = 0, completed tasks = 0]
2026-01-31 17:43:56.558 [SpringApplicationShutdownHook] INFO  com.alibaba.nacos.common.remote.client - Close current connection 1769886123521_127.0.0.1_50164
2026-01-31 17:43:56.566 [nacos-grpc-client-executor-127.0.0.1-3399] INFO  c.a.nacos.common.remote.client.grpc.GrpcClient - [1769886123521_127.0.0.1_50164]Ignore complete event,isRunning:false,isAbandon=false
2026-01-31 17:43:56.575 [SpringApplicationShutdownHook] INFO  c.a.nacos.common.remote.client.grpc.GrpcClient - Shutdown grpc executor java.util.concurrent.ThreadPoolExecutor@77fcde82[Running, pool size = 4, active threads = 0, queued tasks = 0, completed tasks = 3400]
2026-01-31 17:43:56.577 [SpringApplicationShutdownHook] INFO  com.alibaba.nacos.client.naming - Shutdown grpc redo service executor java.util.concurrent.ScheduledThreadPoolExecutor@50b1bba9[Running, pool size = 1, active threads = 0, queued tasks = 1, completed tasks = 5623]
2026-01-31 17:43:56.577 [SpringApplicationShutdownHook] INFO  c.a.n.client.auth.ram.identify.CredentialWatcher - [null] CredentialWatcher is stopped
2026-01-31 17:43:56.577 [SpringApplicationShutdownHook] INFO  c.a.n.client.auth.ram.identify.CredentialService - [null] CredentialService is freed
2026-01-31 17:43:56.578 [SpringApplicationShutdownHook] INFO  com.alibaba.nacos.client.naming - com.alibaba.nacos.client.naming.remote.NamingClientProxyDelegate do shutdown stop
2026-01-31 19:39:10.975 [main] WARN  com.alibaba.nacos.client.logging.NacosLogging - Load Logback Configuration of Nacos fail, message: Could not initialize Logback Nacos logging from classpath:nacos-logback.xml
2026-01-31 19:39:11.056 [main] WARN  com.alibaba.nacos.client.logging.NacosLogging - Load Logback Configuration of Nacos fail, message: Could not initialize Logback Nacos logging from classpath:nacos-logback.xml
2026-01-31 19:39:11.352 [main] WARN  com.alibaba.nacos.client.logging.NacosLogging - Load Logback Configuration of Nacos fail, message: Could not initialize Logback Nacos logging from classpath:nacos-logback.xml
2026-01-31 19:39:11.354 [main] INFO  com.alibaba.nacos.client.utils.ParamUtil - [settings] [req-serv] nacos-server port:8848
2026-01-31 19:39:11.355 [main] INFO  com.alibaba.nacos.client.utils.ParamUtil - [settings] [http-client] connect timeout:1000
2026-01-31 19:39:11.356 [main] INFO  com.alibaba.nacos.client.utils.ParamUtil - PER_TASK_CONFIG_SIZE: 3000.0
2026-01-31 19:39:11.391 [main] INFO  c.a.n.p.auth.spi.client.ClientAuthPluginManager - [ClientAuthPluginManager] Load ClientAuthService com.alibaba.nacos.client.auth.impl.NacosClientAuthServiceImpl success.
2026-01-31 19:39:11.392 [main] INFO  c.a.n.p.auth.spi.client.ClientAuthPluginManager - [ClientAuthPluginManager] Load ClientAuthService com.alibaba.nacos.client.auth.ram.RamClientAuthServiceImpl success.
2026-01-31 19:39:11.395 [main] INFO  c.a.n.client.auth.ram.identify.CredentialWatcher - null No credential found
2026-01-31 19:39:11.704 [main] WARN  com.alibaba.nacos.client.logging.NacosLogging - Load Logback Configuration of Nacos fail, message: Could not initialize Logback Nacos logging from classpath:nacos-logback.xml
2026-01-31 19:39:11.725 [main] INFO  c.a.n.client.config.impl.LocalConfigInfoProcessor - LOCAL_SNAPSHOT_PATH:C:\Users\12482\nacos\config
2026-01-31 19:39:11.730 [main] INFO  com.alibaba.nacos.common.remote.client - [RpcClientFactory] create a new rpc client of 8db92110-5d72-4d26-b5cb-5e76b724f6a8_config-0
2026-01-31 19:39:11.758 [main] INFO  com.alibaba.nacos.common.remote.client - [8db92110-5d72-4d26-b5cb-5e76b724f6a8_config-0] Register server push request handler:com.alibaba.nacos.client.config.impl.ClientWorker$ConfigRpcTransportClient$$Lambda$577/0x0000020fe5367400
2026-01-31 19:39:11.758 [main] INFO  com.alibaba.nacos.common.remote.client - [8db92110-5d72-4d26-b5cb-5e76b724f6a8_config-0] Register server push request handler:com.alibaba.nacos.client.config.impl.ClientWorker$ConfigRpcTransportClient$$Lambda$578/0x0000020fe5367820
2026-01-31 19:39:11.759 [main] INFO  com.alibaba.nacos.common.remote.client - [8db92110-5d72-4d26-b5cb-5e76b724f6a8_config-0] Registry connection listener to current client:com.alibaba.nacos.client.config.impl.ClientWorker$ConfigRpcTransportClient$1
2026-01-31 19:39:11.759 [main] INFO  com.alibaba.nacos.common.remote.client - [8db92110-5d72-4d26-b5cb-5e76b724f6a8_config-0] RpcClient init, ServerListFactory = com.alibaba.nacos.client.config.impl.ClientWorker$ConfigRpcTransportClient$2
2026-01-31 19:39:11.769 [main] INFO  com.alibaba.nacos.common.remote.client - [8db92110-5d72-4d26-b5cb-5e76b724f6a8_config-0] Try to connect to server on start up, server: {serverIp = '127.0.0.1', server main port = 8848}
2026-01-31 19:39:11.818 [main] INFO  c.a.nacos.common.remote.client.grpc.GrpcClient - grpc client connection server:127.0.0.1 ip,serverPort:9848,grpcTslConfig:{"sslProvider":"OPENSSL","enableTls":false,"mutualAuthEnable":false,"trustAll":false}
2026-01-31 19:39:12.885 [main] INFO  com.alibaba.nacos.common.remote.client - [8db92110-5d72-4d26-b5cb-5e76b724f6a8_config-0] Success to connect to server [127.0.0.1:8848] on start up, connectionId = 1769909952659_127.0.0.1_13354
2026-01-31 19:39:12.886 [com.alibaba.nacos.client.remote.worker] INFO  com.alibaba.nacos.common.remote.client - [8db92110-5d72-4d26-b5cb-5e76b724f6a8_config-0] Notify connected event to listeners.
2026-01-31 19:39:12.886 [com.alibaba.nacos.client.remote.worker] INFO  com.alibaba.nacos.client.config.impl.ClientWorker - [8db92110-5d72-4d26-b5cb-5e76b724f6a8_config-0] Connected,notify listen context...
2026-01-31 19:39:12.886 [main] INFO  com.alibaba.nacos.common.remote.client - [8db92110-5d72-4d26-b5cb-5e76b724f6a8_config-0] Register server push request handler:com.alibaba.nacos.common.remote.client.RpcClient$ConnectResetRequestHandler
2026-01-31 19:39:12.887 [main] INFO  com.alibaba.nacos.common.remote.client - [8db92110-5d72-4d26-b5cb-5e76b724f6a8_config-0] Register server push request handler:com.alibaba.nacos.common.remote.client.RpcClient$$Lambda$598/0x0000020fe54cf140
2026-01-31 19:39:12.938 [main] INFO  com.alibaba.nacos.client.config.impl.Limiter - limitTime:5.0
2026-01-31 19:39:12.964 [main] WARN  c.a.cloud.nacos.client.NacosPropertySourceBuilder - Ignore the empty nacos configuration and get it based on dataId[GreenNote-oss] & group[DEFAULT_GROUP]
2026-01-31 19:39:12.974 [main] WARN  c.a.cloud.nacos.client.NacosPropertySourceBuilder - Ignore the empty nacos configuration and get it based on dataId[GreenNote-oss.yaml] & group[DEFAULT_GROUP]
2026-01-31 19:39:12.982 [main] WARN  c.a.cloud.nacos.client.NacosPropertySourceBuilder - Ignore the empty nacos configuration and get it based on dataId[GreenNote-oss-dev.yaml] & group[DEFAULT_GROUP]
2026-01-31 19:39:12.983 [main] INFO  o.s.c.b.c.PropertySourceBootstrapConfiguration - Located property source: [BootstrapPropertySource {name='bootstrapProperties-GreenNote-oss-dev.yaml,DEFAULT_GROUP'}, BootstrapPropertySource {name='bootstrapProperties-GreenNote-oss.yaml,DEFAULT_GROUP'}, BootstrapPropertySource {name='bootstrapProperties-GreenNote-oss,DEFAULT_GROUP'}]
2026-01-31 19:39:12.991 [main] WARN  com.alibaba.nacos.client.logging.NacosLogging - Load Logback Configuration of Nacos fail, message: Could not initialize Logback Nacos logging from classpath:nacos-logback.xml
2026-01-31 19:39:12.992 [main] INFO  c.e.g.search.biz.GreenNoteOssBizApplication - The following 1 profile is active: "dev"
2026-01-31 19:39:13.629 [main] INFO  o.springframework.cloud.context.scope.GenericScope - BeanFactory id=9336411e-a514-3c66-a3ff-45e25e22725e
2026-01-31 19:39:14.221 [main] INFO  o.s.boot.web.embedded.tomcat.TomcatWebServer - Tomcat initialized with port(s): 8081 (http)
2026-01-31 19:39:14.236 [main] INFO  org.apache.catalina.core.StandardService - Starting service [Tomcat]
2026-01-31 19:39:14.236 [main] INFO  org.apache.catalina.core.StandardEngine - Starting Servlet engine: [Apache Tomcat/10.1.5]
2026-01-31 19:39:14.349 [main] INFO  o.a.c.core.ContainerBase.[Tomcat].[localhost].[/] - Initializing Spring embedded WebApplicationContext
2026-01-31 19:39:14.350 [main] INFO  o.s.b.w.s.c.ServletWebServerApplicationContext - Root WebApplicationContext: initialization completed in 1336 ms
2026-01-31 19:39:16.264 [main] INFO  o.s.boot.web.embedded.tomcat.TomcatWebServer - Tomcat started on port(s): 8081 (http) with context path ''
2026-01-31 19:39:16.268 [main] INFO  com.alibaba.nacos.client.naming - initializer namespace from ans.namespace attribute : null
2026-01-31 19:39:16.269 [main] INFO  com.alibaba.nacos.client.naming - initializer namespace from ALIBABA_ALIWARE_NAMESPACE attribute :null
2026-01-31 19:39:16.269 [main] INFO  com.alibaba.nacos.client.naming - initializer namespace from namespace attribute :null
2026-01-31 19:39:16.279 [main] INFO  c.a.n.p.auth.spi.client.ClientAuthPluginManager - [ClientAuthPluginManager] Load ClientAuthService com.alibaba.nacos.client.auth.impl.NacosClientAuthServiceImpl success.
2026-01-31 19:39:16.279 [main] INFO  c.a.n.p.auth.spi.client.ClientAuthPluginManager - [ClientAuthPluginManager] Load ClientAuthService com.alibaba.nacos.client.auth.ram.RamClientAuthServiceImpl success.
2026-01-31 19:39:16.283 [main] INFO  com.alibaba.nacos.common.remote.client - [RpcClientFactory] create a new rpc client of e3a862e4-63e3-4b3f-ab61-a424018fcda5
2026-01-31 19:39:16.285 [main] INFO  com.alibaba.nacos.common.remote.client - [e3a862e4-63e3-4b3f-ab61-a424018fcda5] RpcClient init, ServerListFactory = com.alibaba.nacos.client.naming.core.ServerListManager
2026-01-31 19:39:16.285 [main] INFO  com.alibaba.nacos.common.remote.client - [e3a862e4-63e3-4b3f-ab61-a424018fcda5] Registry connection listener to current client:com.alibaba.nacos.client.naming.remote.gprc.redo.NamingGrpcRedoService
2026-01-31 19:39:16.286 [main] INFO  com.alibaba.nacos.common.remote.client - [e3a862e4-63e3-4b3f-ab61-a424018fcda5] Register server push request handler:com.alibaba.nacos.client.naming.remote.gprc.NamingPushRequestHandler
2026-01-31 19:39:16.286 [main] INFO  com.alibaba.nacos.common.remote.client - [e3a862e4-63e3-4b3f-ab61-a424018fcda5] Try to connect to server on start up, server: {serverIp = '127.0.0.1', server main port = 8848}
2026-01-31 19:39:16.287 [main] INFO  c.a.nacos.common.remote.client.grpc.GrpcClient - grpc client connection server:127.0.0.1 ip,serverPort:9848,grpcTslConfig:{"sslProvider":"OPENSSL","enableTls":false,"mutualAuthEnable":false,"trustAll":false}
2026-01-31 19:39:16.406 [main] INFO  com.alibaba.nacos.common.remote.client - [e3a862e4-63e3-4b3f-ab61-a424018fcda5] Success to connect to server [127.0.0.1:8848] on start up, connectionId = 1769909956292_127.0.0.1_47227
2026-01-31 19:39:16.406 [main] INFO  com.alibaba.nacos.common.remote.client - [e3a862e4-63e3-4b3f-ab61-a424018fcda5] Register server push request handler:com.alibaba.nacos.common.remote.client.RpcClient$ConnectResetRequestHandler
2026-01-31 19:39:16.406 [com.alibaba.nacos.client.remote.worker] INFO  com.alibaba.nacos.common.remote.client - [e3a862e4-63e3-4b3f-ab61-a424018fcda5] Notify connected event to listeners.
2026-01-31 19:39:16.406 [main] INFO  com.alibaba.nacos.common.remote.client - [e3a862e4-63e3-4b3f-ab61-a424018fcda5] Register server push request handler:com.alibaba.nacos.common.remote.client.RpcClient$$Lambda$598/0x0000020fe54cf140
2026-01-31 19:39:16.406 [com.alibaba.nacos.client.remote.worker] INFO  com.alibaba.nacos.client.naming - Grpc connection connect
2026-01-31 19:39:16.408 [main] INFO  com.alibaba.nacos.client.naming - [REGISTER-SERVICE] greennote registering service GreenNote-oss with instance Instance{instanceId='null', ip='10.141.50.251', port=8081, weight=1.0, healthy=true, enabled=true, ephemeral=true, clusterName='DEFAULT', serviceName='null', metadata={IPv6=null, preserved.register.source=SPRING_CLOUD}}
2026-01-31 19:39:16.423 [main] INFO  c.a.cloud.nacos.registry.NacosServiceRegistry - nacos registry, DEFAULT_GROUP GreenNote-oss 10.141.50.251:8081 register finished
2026-01-31 19:39:16.580 [main] INFO  c.e.g.search.biz.GreenNoteOssBizApplication - Started GreenNoteOssBizApplication in 6.532 seconds (process running for 9.079)
2026-01-31 19:39:16.584 [main] INFO  com.alibaba.nacos.client.config.impl.CacheData - nacos.cache.data.init.snapshot = true 
2026-01-31 19:39:16.585 [main] INFO  com.alibaba.nacos.client.config.impl.ClientWorker - [fixed-greennote-127.0.0.1_8848] [subscribe] GreenNote-oss-dev.yaml+DEFAULT_GROUP+greennote
2026-01-31 19:39:16.593 [main] INFO  com.alibaba.nacos.client.config.impl.CacheData - [fixed-greennote-127.0.0.1_8848] [add-listener] ok, tenant=greennote, dataId=GreenNote-oss-dev.yaml, group=DEFAULT_GROUP, cnt=1
2026-01-31 19:39:16.593 [main] INFO  c.a.cloud.nacos.refresh.NacosContextRefresher - [Nacos Config] Listening config: dataId=GreenNote-oss-dev.yaml, group=DEFAULT_GROUP
2026-01-31 19:39:16.593 [main] INFO  com.alibaba.nacos.client.config.impl.ClientWorker - [fixed-greennote-127.0.0.1_8848] [subscribe] GreenNote-oss+DEFAULT_GROUP+greennote
2026-01-31 19:39:16.593 [main] INFO  com.alibaba.nacos.client.config.impl.CacheData - [fixed-greennote-127.0.0.1_8848] [add-listener] ok, tenant=greennote, dataId=GreenNote-oss, group=DEFAULT_GROUP, cnt=1
2026-01-31 19:39:16.593 [main] INFO  c.a.cloud.nacos.refresh.NacosContextRefresher - [Nacos Config] Listening config: dataId=GreenNote-oss, group=DEFAULT_GROUP
2026-01-31 19:39:16.594 [main] INFO  com.alibaba.nacos.client.config.impl.ClientWorker - [fixed-greennote-127.0.0.1_8848] [subscribe] GreenNote-oss.yaml+DEFAULT_GROUP+greennote
2026-01-31 19:39:16.594 [main] INFO  com.alibaba.nacos.client.config.impl.CacheData - [fixed-greennote-127.0.0.1_8848] [add-listener] ok, tenant=greennote, dataId=GreenNote-oss.yaml, group=DEFAULT_GROUP, cnt=1
2026-01-31 19:39:16.594 [main] INFO  c.a.cloud.nacos.refresh.NacosContextRefresher - [Nacos Config] Listening config: dataId=GreenNote-oss.yaml, group=DEFAULT_GROUP
2026-01-31 20:03:42.034 [Thread-2] WARN  c.alibaba.nacos.common.http.HttpClientBeanHolder - [HttpClientBeanHolder] Start destroying common HttpClient
2026-01-31 20:03:42.034 [Thread-9] WARN  com.alibaba.nacos.common.notify.NotifyCenter - [NotifyCenter] Start destroying Publisher
2026-01-31 20:03:42.035 [Thread-9] WARN  com.alibaba.nacos.common.notify.NotifyCenter - [NotifyCenter] Destruction of the end
2026-01-31 20:03:42.038 [Thread-2] WARN  c.alibaba.nacos.common.http.HttpClientBeanHolder - [HttpClientBeanHolder] Destruction of the end
2026-01-31 20:03:42.092 [SpringApplicationShutdownHook] INFO  c.a.cloud.nacos.registry.NacosServiceRegistry - De-registering from Nacos Server now...
2026-01-31 20:03:42.092 [SpringApplicationShutdownHook] INFO  com.alibaba.nacos.client.naming - [DEREGISTER-SERVICE] greennote deregistering service GreenNote-oss with instance: Instance{instanceId='null', ip='10.141.50.251', port=8081, weight=1.0, healthy=true, enabled=true, ephemeral=true, clusterName='DEFAULT', serviceName='null', metadata={}}
2026-01-31 20:03:42.096 [SpringApplicationShutdownHook] INFO  c.a.cloud.nacos.registry.NacosServiceRegistry - De-registration finished.
2026-01-31 20:03:42.098 [SpringApplicationShutdownHook] INFO  com.alibaba.nacos.client.naming - com.alibaba.nacos.client.naming.cache.ServiceInfoHolder do shutdown begin
2026-01-31 20:03:42.098 [SpringApplicationShutdownHook] INFO  com.alibaba.nacos.client.naming - com.alibaba.nacos.client.naming.backups.FailoverReactor do shutdown begin
2026-01-31 20:03:42.098 [SpringApplicationShutdownHook] INFO  com.alibaba.nacos.client.naming - com.alibaba.nacos.client.naming.backups.FailoverReactor do shutdown stop
2026-01-31 20:03:42.098 [SpringApplicationShutdownHook] INFO  com.alibaba.nacos.client.naming - com.alibaba.nacos.client.naming.cache.ServiceInfoHolder do shutdown stop
2026-01-31 20:03:42.098 [SpringApplicationShutdownHook] INFO  com.alibaba.nacos.client.naming - com.alibaba.nacos.client.naming.remote.NamingClientProxyDelegate do shutdown begin
2026-01-31 20:03:42.098 [SpringApplicationShutdownHook] INFO  com.alibaba.nacos.client.naming - com.alibaba.nacos.client.naming.core.ServiceInfoUpdateService do shutdown begin
2026-01-31 20:03:42.098 [SpringApplicationShutdownHook] INFO  com.alibaba.nacos.client.naming - com.alibaba.nacos.client.naming.core.ServiceInfoUpdateService do shutdown stop
2026-01-31 20:03:42.098 [SpringApplicationShutdownHook] INFO  com.alibaba.nacos.client.naming - com.alibaba.nacos.client.naming.core.ServerListManager do shutdown begin
2026-01-31 20:03:42.098 [SpringApplicationShutdownHook] WARN  com.alibaba.nacos.client.naming - [NamingHttpClientManager] Start destroying NacosRestTemplate
2026-01-31 20:03:42.098 [SpringApplicationShutdownHook] WARN  com.alibaba.nacos.client.naming - [NamingHttpClientManager] Destruction of the end
2026-01-31 20:03:42.098 [SpringApplicationShutdownHook] INFO  com.alibaba.nacos.client.naming - com.alibaba.nacos.client.naming.core.ServerListManager do shutdown stop
2026-01-31 20:03:42.099 [SpringApplicationShutdownHook] INFO  com.alibaba.nacos.client.naming - com.alibaba.nacos.client.naming.remote.http.NamingHttpClientProxy do shutdown begin
2026-01-31 20:03:42.099 [SpringApplicationShutdownHook] WARN  com.alibaba.nacos.client.naming - [NamingHttpClientManager] Start destroying NacosRestTemplate
2026-01-31 20:03:42.099 [SpringApplicationShutdownHook] WARN  com.alibaba.nacos.client.naming - [NamingHttpClientManager] Destruction of the end
2026-01-31 20:03:42.099 [SpringApplicationShutdownHook] INFO  com.alibaba.nacos.client.naming - com.alibaba.nacos.client.naming.remote.http.NamingHttpClientProxy do shutdown stop
2026-01-31 20:03:42.099 [SpringApplicationShutdownHook] INFO  com.alibaba.nacos.common.remote.client - Shutdown rpc client, set status to shutdown
2026-01-31 20:03:42.099 [SpringApplicationShutdownHook] INFO  com.alibaba.nacos.common.remote.client - Shutdown client event executor java.util.concurrent.ScheduledThreadPoolExecutor@43d95fcb[Running, pool size = 2, active threads = 2, queued tasks = 0, completed tasks = 0]
2026-01-31 20:03:42.099 [SpringApplicationShutdownHook] INFO  com.alibaba.nacos.common.remote.client - Close current connection 1769909956292_127.0.0.1_47227
2026-01-31 20:03:42.101 [nacos-grpc-client-executor-127.0.0.1-316] INFO  c.a.nacos.common.remote.client.grpc.GrpcClient - [1769909956292_127.0.0.1_47227]Ignore complete event,isRunning:false,isAbandon=false
2026-01-31 20:03:42.103 [SpringApplicationShutdownHook] INFO  c.a.nacos.common.remote.client.grpc.GrpcClient - Shutdown grpc executor java.util.concurrent.ThreadPoolExecutor@719035c9[Running, pool size = 4, active threads = 0, queued tasks = 0, completed tasks = 317]
2026-01-31 20:03:42.103 [SpringApplicationShutdownHook] INFO  com.alibaba.nacos.client.naming - Shutdown grpc redo service executor java.util.concurrent.ScheduledThreadPoolExecutor@118f5499[Running, pool size = 1, active threads = 0, queued tasks = 1, completed tasks = 487]
2026-01-31 20:03:42.103 [SpringApplicationShutdownHook] INFO  c.a.n.client.auth.ram.identify.CredentialWatcher - [null] CredentialWatcher is stopped
2026-01-31 20:03:42.104 [SpringApplicationShutdownHook] INFO  c.a.n.client.auth.ram.identify.CredentialService - [null] CredentialService is freed
2026-01-31 20:03:42.104 [SpringApplicationShutdownHook] INFO  com.alibaba.nacos.client.naming - com.alibaba.nacos.client.naming.remote.NamingClientProxyDelegate do shutdown stop
2026-01-31 23:36:55.459 [main] WARN  com.alibaba.nacos.client.logging.NacosLogging - Load Logback Configuration of Nacos fail, message: Could not initialize Logback Nacos logging from classpath:nacos-logback.xml
2026-01-31 23:36:55.536 [main] WARN  com.alibaba.nacos.client.logging.NacosLogging - Load Logback Configuration of Nacos fail, message: Could not initialize Logback Nacos logging from classpath:nacos-logback.xml
2026-01-31 23:36:55.813 [main] WARN  com.alibaba.nacos.client.logging.NacosLogging - Load Logback Configuration of Nacos fail, message: Could not initialize Logback Nacos logging from classpath:nacos-logback.xml
2026-01-31 23:36:55.816 [main] INFO  com.alibaba.nacos.client.utils.ParamUtil - [settings] [req-serv] nacos-server port:8848
2026-01-31 23:36:55.816 [main] INFO  com.alibaba.nacos.client.utils.ParamUtil - [settings] [http-client] connect timeout:1000
2026-01-31 23:36:55.817 [main] INFO  com.alibaba.nacos.client.utils.ParamUtil - PER_TASK_CONFIG_SIZE: 3000.0
2026-01-31 23:36:55.852 [main] INFO  c.a.n.p.auth.spi.client.ClientAuthPluginManager - [ClientAuthPluginManager] Load ClientAuthService com.alibaba.nacos.client.auth.impl.NacosClientAuthServiceImpl success.
2026-01-31 23:36:55.852 [main] INFO  c.a.n.p.auth.spi.client.ClientAuthPluginManager - [ClientAuthPluginManager] Load ClientAuthService com.alibaba.nacos.client.auth.ram.RamClientAuthServiceImpl success.
2026-01-31 23:36:55.856 [main] INFO  c.a.n.client.auth.ram.identify.CredentialWatcher - null No credential found
2026-01-31 23:36:56.191 [main] WARN  com.alibaba.nacos.client.logging.NacosLogging - Load Logback Configuration of Nacos fail, message: Could not initialize Logback Nacos logging from classpath:nacos-logback.xml
2026-01-31 23:36:56.207 [main] INFO  c.a.n.client.config.impl.LocalConfigInfoProcessor - LOCAL_SNAPSHOT_PATH:C:\Users\12482\nacos\config
2026-01-31 23:36:56.211 [main] INFO  com.alibaba.nacos.common.remote.client - [RpcClientFactory] create a new rpc client of 9da79c15-4ad6-404b-9092-4b5b9e82cec6_config-0
2026-01-31 23:36:56.234 [main] INFO  com.alibaba.nacos.common.remote.client - [9da79c15-4ad6-404b-9092-4b5b9e82cec6_config-0] Register server push request handler:com.alibaba.nacos.client.config.impl.ClientWorker$ConfigRpcTransportClient$$Lambda$589/0x0000022abb390658
2026-01-31 23:36:56.234 [main] INFO  com.alibaba.nacos.common.remote.client - [9da79c15-4ad6-404b-9092-4b5b9e82cec6_config-0] Register server push request handler:com.alibaba.nacos.client.config.impl.ClientWorker$ConfigRpcTransportClient$$Lambda$590/0x0000022abb390a78
2026-01-31 23:36:56.235 [main] INFO  com.alibaba.nacos.common.remote.client - [9da79c15-4ad6-404b-9092-4b5b9e82cec6_config-0] Registry connection listener to current client:com.alibaba.nacos.client.config.impl.ClientWorker$ConfigRpcTransportClient$1
2026-01-31 23:36:56.235 [main] INFO  com.alibaba.nacos.common.remote.client - [9da79c15-4ad6-404b-9092-4b5b9e82cec6_config-0] RpcClient init, ServerListFactory = com.alibaba.nacos.client.config.impl.ClientWorker$ConfigRpcTransportClient$2
2026-01-31 23:36:56.244 [main] INFO  com.alibaba.nacos.common.remote.client - [9da79c15-4ad6-404b-9092-4b5b9e82cec6_config-0] Try to connect to server on start up, server: {serverIp = '127.0.0.1', server main port = 8848}
2026-01-31 23:36:56.326 [main] INFO  c.a.nacos.common.remote.client.grpc.GrpcClient - grpc client connection server:127.0.0.1 ip,serverPort:9848,grpcTslConfig:{"sslProvider":"OPENSSL","enableTls":false,"mutualAuthEnable":false,"trustAll":false}
2026-01-31 23:36:57.446 [main] INFO  com.alibaba.nacos.common.remote.client - [9da79c15-4ad6-404b-9092-4b5b9e82cec6_config-0] Success to connect to server [127.0.0.1:8848] on start up, connectionId = 1769924217228_127.0.0.1_20507
2026-01-31 23:36:57.446 [com.alibaba.nacos.client.remote.worker] INFO  com.alibaba.nacos.common.remote.client - [9da79c15-4ad6-404b-9092-4b5b9e82cec6_config-0] Notify connected event to listeners.
2026-01-31 23:36:57.446 [com.alibaba.nacos.client.remote.worker] INFO  com.alibaba.nacos.client.config.impl.ClientWorker - [9da79c15-4ad6-404b-9092-4b5b9e82cec6_config-0] Connected,notify listen context...
2026-01-31 23:36:57.446 [main] INFO  com.alibaba.nacos.common.remote.client - [9da79c15-4ad6-404b-9092-4b5b9e82cec6_config-0] Register server push request handler:com.alibaba.nacos.common.remote.client.RpcClient$ConnectResetRequestHandler
2026-01-31 23:36:57.447 [main] INFO  com.alibaba.nacos.common.remote.client - [9da79c15-4ad6-404b-9092-4b5b9e82cec6_config-0] Register server push request handler:com.alibaba.nacos.common.remote.client.RpcClient$$Lambda$610/0x0000022abb4d8890
2026-01-31 23:36:57.506 [main] INFO  com.alibaba.nacos.client.config.impl.Limiter - limitTime:5.0
2026-01-31 23:36:57.620 [main] WARN  c.a.cloud.nacos.client.NacosPropertySourceBuilder - Ignore the empty nacos configuration and get it based on dataId[GreenNote-oss] & group[DEFAULT_GROUP]
2026-01-31 23:36:57.699 [main] WARN  c.a.cloud.nacos.client.NacosPropertySourceBuilder - Ignore the empty nacos configuration and get it based on dataId[GreenNote-oss.yaml] & group[DEFAULT_GROUP]
2026-01-31 23:36:57.739 [main] WARN  c.a.cloud.nacos.client.NacosPropertySourceBuilder - Ignore the empty nacos configuration and get it based on dataId[GreenNote-oss-dev.yaml] & group[DEFAULT_GROUP]
2026-01-31 23:36:57.741 [main] INFO  o.s.c.b.c.PropertySourceBootstrapConfiguration - Located property source: [BootstrapPropertySource {name='bootstrapProperties-GreenNote-oss-dev.yaml,DEFAULT_GROUP'}, BootstrapPropertySource {name='bootstrapProperties-GreenNote-oss.yaml,DEFAULT_GROUP'}, BootstrapPropertySource {name='bootstrapProperties-GreenNote-oss,DEFAULT_GROUP'}]
2026-01-31 23:36:57.749 [main] WARN  com.alibaba.nacos.client.logging.NacosLogging - Load Logback Configuration of Nacos fail, message: Could not initialize Logback Nacos logging from classpath:nacos-logback.xml
2026-01-31 23:36:57.749 [main] INFO  c.e.g.search.biz.GreenNoteOssBizApplication - The following 1 profile is active: "dev"
2026-01-31 23:36:58.522 [main] INFO  o.springframework.cloud.context.scope.GenericScope - BeanFactory id=9336411e-a514-3c66-a3ff-45e25e22725e
2026-01-31 23:36:58.998 [main] INFO  o.s.boot.web.embedded.tomcat.TomcatWebServer - Tomcat initialized with port(s): 8081 (http)
2026-01-31 23:36:59.006 [main] INFO  org.apache.catalina.core.StandardService - Starting service [Tomcat]
2026-01-31 23:36:59.006 [main] INFO  org.apache.catalina.core.StandardEngine - Starting Servlet engine: [Apache Tomcat/10.1.5]
2026-01-31 23:36:59.107 [main] INFO  o.a.c.core.ContainerBase.[Tomcat].[localhost].[/] - Initializing Spring embedded WebApplicationContext
2026-01-31 23:36:59.108 [main] INFO  o.s.b.w.s.c.ServletWebServerApplicationContext - Root WebApplicationContext: initialization completed in 1334 ms
2026-01-31 23:37:00.786 [main] INFO  o.s.boot.web.embedded.tomcat.TomcatWebServer - Tomcat started on port(s): 8081 (http) with context path ''
2026-01-31 23:37:00.792 [main] INFO  com.alibaba.nacos.client.naming - initializer namespace from ans.namespace attribute : null
2026-01-31 23:37:00.792 [main] INFO  com.alibaba.nacos.client.naming - initializer namespace from ALIBABA_ALIWARE_NAMESPACE attribute :null
2026-01-31 23:37:00.793 [main] INFO  com.alibaba.nacos.client.naming - initializer namespace from namespace attribute :null
2026-01-31 23:37:00.805 [main] INFO  c.a.n.p.auth.spi.client.ClientAuthPluginManager - [ClientAuthPluginManager] Load ClientAuthService com.alibaba.nacos.client.auth.impl.NacosClientAuthServiceImpl success.
2026-01-31 23:37:00.806 [main] INFO  c.a.n.p.auth.spi.client.ClientAuthPluginManager - [ClientAuthPluginManager] Load ClientAuthService com.alibaba.nacos.client.auth.ram.RamClientAuthServiceImpl success.
2026-01-31 23:37:00.811 [main] INFO  com.alibaba.nacos.common.remote.client - [RpcClientFactory] create a new rpc client of 47343d5a-3282-4f76-9651-7120bda50107
2026-01-31 23:37:00.814 [main] INFO  com.alibaba.nacos.common.remote.client - [47343d5a-3282-4f76-9651-7120bda50107] RpcClient init, ServerListFactory = com.alibaba.nacos.client.naming.core.ServerListManager
2026-01-31 23:37:00.814 [main] INFO  com.alibaba.nacos.common.remote.client - [47343d5a-3282-4f76-9651-7120bda50107] Registry connection listener to current client:com.alibaba.nacos.client.naming.remote.gprc.redo.NamingGrpcRedoService
2026-01-31 23:37:00.815 [main] INFO  com.alibaba.nacos.common.remote.client - [47343d5a-3282-4f76-9651-7120bda50107] Register server push request handler:com.alibaba.nacos.client.naming.remote.gprc.NamingPushRequestHandler
2026-01-31 23:37:00.815 [main] INFO  com.alibaba.nacos.common.remote.client - [47343d5a-3282-4f76-9651-7120bda50107] Try to connect to server on start up, server: {serverIp = '127.0.0.1', server main port = 8848}
2026-01-31 23:37:00.816 [main] INFO  c.a.nacos.common.remote.client.grpc.GrpcClient - grpc client connection server:127.0.0.1 ip,serverPort:9848,grpcTslConfig:{"sslProvider":"OPENSSL","enableTls":false,"mutualAuthEnable":false,"trustAll":false}
2026-01-31 23:37:00.949 [main] INFO  com.alibaba.nacos.common.remote.client - [47343d5a-3282-4f76-9651-7120bda50107] Success to connect to server [127.0.0.1:8848] on start up, connectionId = 1769924220831_127.0.0.1_36026
2026-01-31 23:37:00.949 [main] INFO  com.alibaba.nacos.common.remote.client - [47343d5a-3282-4f76-9651-7120bda50107] Register server push request handler:com.alibaba.nacos.common.remote.client.RpcClient$ConnectResetRequestHandler
2026-01-31 23:37:00.949 [com.alibaba.nacos.client.remote.worker] INFO  com.alibaba.nacos.common.remote.client - [47343d5a-3282-4f76-9651-7120bda50107] Notify connected event to listeners.
2026-01-31 23:37:00.949 [main] INFO  com.alibaba.nacos.common.remote.client - [47343d5a-3282-4f76-9651-7120bda50107] Register server push request handler:com.alibaba.nacos.common.remote.client.RpcClient$$Lambda$610/0x0000022abb4d8890
2026-01-31 23:37:00.949 [com.alibaba.nacos.client.remote.worker] INFO  com.alibaba.nacos.client.naming - Grpc connection connect
2026-01-31 23:37:00.950 [main] INFO  com.alibaba.nacos.client.naming - [REGISTER-SERVICE] greennote registering service GreenNote-oss with instance Instance{instanceId='null', ip='10.141.50.251', port=8081, weight=1.0, healthy=true, enabled=true, ephemeral=true, clusterName='DEFAULT', serviceName='null', metadata={IPv6=null, preserved.register.source=SPRING_CLOUD}}
2026-01-31 23:37:00.964 [main] INFO  c.a.cloud.nacos.registry.NacosServiceRegistry - nacos registry, DEFAULT_GROUP GreenNote-oss 10.141.50.251:8081 register finished
2026-01-31 23:37:01.148 [main] INFO  c.e.g.search.biz.GreenNoteOssBizApplication - Started GreenNoteOssBizApplication in 6.536 seconds (process running for 7.279)
2026-01-31 23:37:01.153 [main] INFO  com.alibaba.nacos.client.config.impl.CacheData - nacos.cache.data.init.snapshot = true 
2026-01-31 23:37:01.154 [main] INFO  com.alibaba.nacos.client.config.impl.ClientWorker - [fixed-greennote-127.0.0.1_8848] [subscribe] GreenNote-oss-dev.yaml+DEFAULT_GROUP+greennote
2026-01-31 23:37:01.163 [main] INFO  com.alibaba.nacos.client.config.impl.CacheData - [fixed-greennote-127.0.0.1_8848] [add-listener] ok, tenant=greennote, dataId=GreenNote-oss-dev.yaml, group=DEFAULT_GROUP, cnt=1
2026-01-31 23:37:01.163 [main] INFO  c.a.cloud.nacos.refresh.NacosContextRefresher - [Nacos Config] Listening config: dataId=GreenNote-oss-dev.yaml, group=DEFAULT_GROUP
2026-01-31 23:37:01.164 [main] INFO  com.alibaba.nacos.client.config.impl.ClientWorker - [fixed-greennote-127.0.0.1_8848] [subscribe] GreenNote-oss+DEFAULT_GROUP+greennote
2026-01-31 23:37:01.164 [main] INFO  com.alibaba.nacos.client.config.impl.CacheData - [fixed-greennote-127.0.0.1_8848] [add-listener] ok, tenant=greennote, dataId=GreenNote-oss, group=DEFAULT_GROUP, cnt=1
2026-01-31 23:37:01.164 [main] INFO  c.a.cloud.nacos.refresh.NacosContextRefresher - [Nacos Config] Listening config: dataId=GreenNote-oss, group=DEFAULT_GROUP
2026-01-31 23:37:01.164 [main] INFO  com.alibaba.nacos.client.config.impl.ClientWorker - [fixed-greennote-127.0.0.1_8848] [subscribe] GreenNote-oss.yaml+DEFAULT_GROUP+greennote
2026-01-31 23:37:01.164 [main] INFO  com.alibaba.nacos.client.config.impl.CacheData - [fixed-greennote-127.0.0.1_8848] [add-listener] ok, tenant=greennote, dataId=GreenNote-oss.yaml, group=DEFAULT_GROUP, cnt=1
2026-01-31 23:37:01.165 [main] INFO  c.a.cloud.nacos.refresh.NacosContextRefresher - [Nacos Config] Listening config: dataId=GreenNote-oss.yaml, group=DEFAULT_GROUP
2026-01-31 23:38:34.000 [Thread-9] WARN  com.alibaba.nacos.common.notify.NotifyCenter - [NotifyCenter] Start destroying Publisher
2026-01-31 23:38:34.000 [Thread-2] WARN  c.alibaba.nacos.common.http.HttpClientBeanHolder - [HttpClientBeanHolder] Start destroying common HttpClient
2026-01-31 23:38:34.000 [Thread-9] WARN  com.alibaba.nacos.common.notify.NotifyCenter - [NotifyCenter] Destruction of the end
2026-01-31 23:38:34.000 [Thread-2] WARN  c.alibaba.nacos.common.http.HttpClientBeanHolder - [HttpClientBeanHolder] Destruction of the end
2026-01-31 23:38:34.046 [SpringApplicationShutdownHook] INFO  c.a.cloud.nacos.registry.NacosServiceRegistry - De-registering from Nacos Server now...
2026-01-31 23:38:34.046 [SpringApplicationShutdownHook] INFO  com.alibaba.nacos.client.naming - [DEREGISTER-SERVICE] greennote deregistering service GreenNote-oss with instance: Instance{instanceId='null', ip='10.141.50.251', port=8081, weight=1.0, healthy=true, enabled=true, ephemeral=true, clusterName='DEFAULT', serviceName='null', metadata={}}
2026-01-31 23:38:34.050 [SpringApplicationShutdownHook] INFO  c.a.cloud.nacos.registry.NacosServiceRegistry - De-registration finished.
2026-01-31 23:38:34.051 [SpringApplicationShutdownHook] INFO  com.alibaba.nacos.client.naming - com.alibaba.nacos.client.naming.cache.ServiceInfoHolder do shutdown begin
2026-01-31 23:38:34.051 [SpringApplicationShutdownHook] INFO  com.alibaba.nacos.client.naming - com.alibaba.nacos.client.naming.backups.FailoverReactor do shutdown begin
2026-01-31 23:38:34.051 [SpringApplicationShutdownHook] INFO  com.alibaba.nacos.client.naming - com.alibaba.nacos.client.naming.backups.FailoverReactor do shutdown stop
2026-01-31 23:38:34.051 [SpringApplicationShutdownHook] INFO  com.alibaba.nacos.client.naming - com.alibaba.nacos.client.naming.cache.ServiceInfoHolder do shutdown stop
2026-01-31 23:38:34.051 [SpringApplicationShutdownHook] INFO  com.alibaba.nacos.client.naming - com.alibaba.nacos.client.naming.remote.NamingClientProxyDelegate do shutdown begin
2026-01-31 23:38:34.051 [SpringApplicationShutdownHook] INFO  com.alibaba.nacos.client.naming - com.alibaba.nacos.client.naming.core.ServiceInfoUpdateService do shutdown begin
2026-01-31 23:38:34.051 [SpringApplicationShutdownHook] INFO  com.alibaba.nacos.client.naming - com.alibaba.nacos.client.naming.core.ServiceInfoUpdateService do shutdown stop
2026-01-31 23:38:34.051 [SpringApplicationShutdownHook] INFO  com.alibaba.nacos.client.naming - com.alibaba.nacos.client.naming.core.ServerListManager do shutdown begin
2026-01-31 23:38:34.052 [SpringApplicationShutdownHook] WARN  com.alibaba.nacos.client.naming - [NamingHttpClientManager] Start destroying NacosRestTemplate
2026-01-31 23:38:34.052 [SpringApplicationShutdownHook] WARN  com.alibaba.nacos.client.naming - [NamingHttpClientManager] Destruction of the end
2026-01-31 23:38:34.052 [SpringApplicationShutdownHook] INFO  com.alibaba.nacos.client.naming - com.alibaba.nacos.client.naming.core.ServerListManager do shutdown stop
2026-01-31 23:38:34.052 [SpringApplicationShutdownHook] INFO  com.alibaba.nacos.client.naming - com.alibaba.nacos.client.naming.remote.http.NamingHttpClientProxy do shutdown begin
2026-01-31 23:38:34.052 [SpringApplicationShutdownHook] WARN  com.alibaba.nacos.client.naming - [NamingHttpClientManager] Start destroying NacosRestTemplate
2026-01-31 23:38:34.052 [SpringApplicationShutdownHook] WARN  com.alibaba.nacos.client.naming - [NamingHttpClientManager] Destruction of the end
2026-01-31 23:38:34.052 [SpringApplicationShutdownHook] INFO  com.alibaba.nacos.client.naming - com.alibaba.nacos.client.naming.remote.http.NamingHttpClientProxy do shutdown stop
2026-01-31 23:38:34.052 [SpringApplicationShutdownHook] INFO  com.alibaba.nacos.common.remote.client - Shutdown rpc client, set status to shutdown
2026-01-31 23:38:34.052 [SpringApplicationShutdownHook] INFO  com.alibaba.nacos.common.remote.client - Shutdown client event executor java.util.concurrent.ScheduledThreadPoolExecutor@2039926d[Running, pool size = 2, active threads = 2, queued tasks = 0, completed tasks = 0]
2026-01-31 23:38:34.052 [SpringApplicationShutdownHook] INFO  com.alibaba.nacos.common.remote.client - Close current connection 1769924220831_127.0.0.1_36026
2026-01-31 23:38:34.058 [com.alibaba.nacos.client.naming.grpc.redo.0] INFO  com.alibaba.nacos.client.naming - Redo instance operation REMOVE for DEFAULT_GROUP@@GreenNote-oss
2026-01-31 23:38:34.060 [nacos-grpc-client-executor-127.0.0.1-33] INFO  c.a.nacos.common.remote.client.grpc.GrpcClient - [1769924220831_127.0.0.1_36026]Ignore complete event,isRunning:false,isAbandon=false
2026-01-31 23:38:34.061 [SpringApplicationShutdownHook] INFO  c.a.nacos.common.remote.client.grpc.GrpcClient - Shutdown grpc executor java.util.concurrent.ThreadPoolExecutor@bb668b8[Running, pool size = 5, active threads = 1, queued tasks = 0, completed tasks = 33]
2026-01-31 23:38:34.061 [SpringApplicationShutdownHook] INFO  com.alibaba.nacos.client.naming - Shutdown grpc redo service executor java.util.concurrent.ScheduledThreadPoolExecutor@5a738bda[Running, pool size = 1, active threads = 0, queued tasks = 1, completed tasks = 31]
2026-01-31 23:38:34.061 [SpringApplicationShutdownHook] INFO  c.a.n.client.auth.ram.identify.CredentialWatcher - [null] CredentialWatcher is stopped
2026-01-31 23:38:34.061 [SpringApplicationShutdownHook] INFO  c.a.n.client.auth.ram.identify.CredentialService - [null] CredentialService is freed
2026-01-31 23:38:34.062 [SpringApplicationShutdownHook] INFO  com.alibaba.nacos.client.naming - com.alibaba.nacos.client.naming.remote.NamingClientProxyDelegate do shutdown stop
