2025-11-24 17:05:23.170 [main] WARN  com.alibaba.nacos.client.logging.NacosLogging - Load Logback Configuration of Nacos fail, message: Could not initialize Logback Nacos logging from classpath:nacos-logback.xml
2025-11-24 17:05:23.265 [main] WARN  com.alibaba.nacos.client.logging.NacosLogging - Load Logback Configuration of Nacos fail, message: Could not initialize Logback Nacos logging from classpath:nacos-logback.xml
2025-11-24 17:05:23.636 [main] WARN  com.alibaba.nacos.client.logging.NacosLogging - Load Logback Configuration of Nacos fail, message: Could not initialize Logback Nacos logging from classpath:nacos-logback.xml
2025-11-24 17:05:23.638 [main] INFO  com.alibaba.nacos.client.utils.ParamUtil - [settings] [req-serv] nacos-server port:8848
2025-11-24 17:05:23.640 [main] INFO  com.alibaba.nacos.client.utils.ParamUtil - [settings] [http-client] connect timeout:1000
2025-11-24 17:05:23.641 [main] INFO  com.alibaba.nacos.client.utils.ParamUtil - PER_TASK_CONFIG_SIZE: 3000.0
2025-11-24 17:05:23.693 [main] INFO  c.a.n.p.auth.spi.client.ClientAuthPluginManager - [ClientAuthPluginManager] Load ClientAuthService com.alibaba.nacos.client.auth.impl.NacosClientAuthServiceImpl success.
2025-11-24 17:05:23.694 [main] INFO  c.a.n.p.auth.spi.client.ClientAuthPluginManager - [ClientAuthPluginManager] Load ClientAuthService com.alibaba.nacos.client.auth.ram.RamClientAuthServiceImpl success.
2025-11-24 17:05:23.698 [main] INFO  c.a.n.client.auth.ram.identify.CredentialWatcher - null No credential found
2025-11-24 17:05:24.156 [main] WARN  com.alibaba.nacos.client.logging.NacosLogging - Load Logback Configuration of Nacos fail, message: Could not initialize Logback Nacos logging from classpath:nacos-logback.xml
2025-11-24 17:05:24.182 [main] INFO  c.a.n.client.config.impl.LocalConfigInfoProcessor - LOCAL_SNAPSHOT_PATH:C:\Users\12482\nacos\config
2025-11-24 17:05:24.190 [main] INFO  com.alibaba.nacos.common.remote.client - [RpcClientFactory] create a new rpc client of 2d8077ce-c58a-4649-a62a-71119e8f7801_config-0
2025-11-24 17:05:24.232 [main] INFO  com.alibaba.nacos.common.remote.client - [2d8077ce-c58a-4649-a62a-71119e8f7801_config-0] Register server push request handler:com.alibaba.nacos.client.config.impl.ClientWorker$ConfigRpcTransportClient$$Lambda$588/0x0000022c1138f7f8
2025-11-24 17:05:24.233 [main] INFO  com.alibaba.nacos.common.remote.client - [2d8077ce-c58a-4649-a62a-71119e8f7801_config-0] Register server push request handler:com.alibaba.nacos.client.config.impl.ClientWorker$ConfigRpcTransportClient$$Lambda$589/0x0000022c1138fc18
2025-11-24 17:05:24.234 [main] INFO  com.alibaba.nacos.common.remote.client - [2d8077ce-c58a-4649-a62a-71119e8f7801_config-0] Registry connection listener to current client:com.alibaba.nacos.client.config.impl.ClientWorker$ConfigRpcTransportClient$1
2025-11-24 17:05:24.235 [main] INFO  com.alibaba.nacos.common.remote.client - [2d8077ce-c58a-4649-a62a-71119e8f7801_config-0] RpcClient init, ServerListFactory = com.alibaba.nacos.client.config.impl.ClientWorker$ConfigRpcTransportClient$2
2025-11-24 17:05:24.258 [main] INFO  com.alibaba.nacos.common.remote.client - [2d8077ce-c58a-4649-a62a-71119e8f7801_config-0] Try to connect to server on start up, server: {serverIp = '127.0.0.1', server main port = 8848}
2025-11-24 17:05:24.335 [main] INFO  c.a.nacos.common.remote.client.grpc.GrpcClient - grpc client connection server:127.0.0.1 ip,serverPort:9848,grpcTslConfig:{"sslProvider":"OPENSSL","enableTls":false,"mutualAuthEnable":false,"trustAll":false}
2025-11-24 17:05:25.824 [main] INFO  com.alibaba.nacos.common.remote.client - [2d8077ce-c58a-4649-a62a-71119e8f7801_config-0] Success to connect to server [127.0.0.1:8848] on start up, connectionId = 1763975125555_127.0.0.1_57110
2025-11-24 17:05:25.825 [com.alibaba.nacos.client.remote.worker] INFO  com.alibaba.nacos.common.remote.client - [2d8077ce-c58a-4649-a62a-71119e8f7801_config-0] Notify connected event to listeners.
2025-11-24 17:05:25.825 [com.alibaba.nacos.client.remote.worker] INFO  com.alibaba.nacos.client.config.impl.ClientWorker - [2d8077ce-c58a-4649-a62a-71119e8f7801_config-0] Connected,notify listen context...
2025-11-24 17:05:25.826 [main] INFO  com.alibaba.nacos.common.remote.client - [2d8077ce-c58a-4649-a62a-71119e8f7801_config-0] Register server push request handler:com.alibaba.nacos.common.remote.client.RpcClient$ConnectResetRequestHandler
2025-11-24 17:05:25.827 [main] INFO  com.alibaba.nacos.common.remote.client - [2d8077ce-c58a-4649-a62a-71119e8f7801_config-0] Register server push request handler:com.alibaba.nacos.common.remote.client.RpcClient$$Lambda$609/0x0000022c114d7070
2025-11-24 17:05:25.907 [main] INFO  com.alibaba.nacos.client.config.impl.Limiter - limitTime:5.0
2025-11-24 17:05:25.934 [main] WARN  c.a.cloud.nacos.client.NacosPropertySourceBuilder - Ignore the empty nacos configuration and get it based on dataId[GreenNote-oss] & group[DEFAULT_GROUP]
2025-11-24 17:05:25.947 [main] WARN  c.a.cloud.nacos.client.NacosPropertySourceBuilder - Ignore the empty nacos configuration and get it based on dataId[GreenNote-oss.yaml] & group[DEFAULT_GROUP]
2025-11-24 17:05:25.957 [main] WARN  c.a.cloud.nacos.client.NacosPropertySourceBuilder - Ignore the empty nacos configuration and get it based on dataId[GreenNote-oss-dev.yaml] & group[DEFAULT_GROUP]
2025-11-24 17:05:25.959 [main] INFO  o.s.c.b.c.PropertySourceBootstrapConfiguration - Located property source: [BootstrapPropertySource {name='bootstrapProperties-GreenNote-oss-dev.yaml,DEFAULT_GROUP'}, BootstrapPropertySource {name='bootstrapProperties-GreenNote-oss.yaml,DEFAULT_GROUP'}, BootstrapPropertySource {name='bootstrapProperties-GreenNote-oss,DEFAULT_GROUP'}]
2025-11-24 17:05:25.967 [main] WARN  com.alibaba.nacos.client.logging.NacosLogging - Load Logback Configuration of Nacos fail, message: Could not initialize Logback Nacos logging from classpath:nacos-logback.xml
2025-11-24 17:05:25.968 [main] INFO  c.e.greennote.oss.biz.GreenNoteOssBizApplication - The following 1 profile is active: "dev"
2025-11-24 17:05:26.958 [main] INFO  o.springframework.cloud.context.scope.GenericScope - BeanFactory id=9336411e-a514-3c66-a3ff-45e25e22725e
2025-11-24 17:05:27.743 [main] INFO  o.s.boot.web.embedded.tomcat.TomcatWebServer - Tomcat initialized with port(s): 8081 (http)
2025-11-24 17:05:27.762 [main] INFO  org.apache.catalina.core.StandardService - Starting service [Tomcat]
2025-11-24 17:05:27.763 [main] INFO  org.apache.catalina.core.StandardEngine - Starting Servlet engine: [Apache Tomcat/10.1.5]
2025-11-24 17:05:27.927 [main] INFO  o.a.c.core.ContainerBase.[Tomcat].[localhost].[/] - Initializing Spring embedded WebApplicationContext
2025-11-24 17:05:27.927 [main] INFO  o.s.b.w.s.c.ServletWebServerApplicationContext - Root WebApplicationContext: initialization completed in 1938 ms
2025-11-24 17:05:30.170 [main] INFO  o.s.boot.web.embedded.tomcat.TomcatWebServer - Tomcat started on port(s): 8081 (http) with context path ''
2025-11-24 17:05:30.178 [main] INFO  com.alibaba.nacos.client.naming - initializer namespace from ans.namespace attribute : null
2025-11-24 17:05:30.178 [main] INFO  com.alibaba.nacos.client.naming - initializer namespace from ALIBABA_ALIWARE_NAMESPACE attribute :null
2025-11-24 17:05:30.179 [main] INFO  com.alibaba.nacos.client.naming - initializer namespace from namespace attribute :null
2025-11-24 17:05:30.192 [main] INFO  c.a.n.p.auth.spi.client.ClientAuthPluginManager - [ClientAuthPluginManager] Load ClientAuthService com.alibaba.nacos.client.auth.impl.NacosClientAuthServiceImpl success.
2025-11-24 17:05:30.193 [main] INFO  c.a.n.p.auth.spi.client.ClientAuthPluginManager - [ClientAuthPluginManager] Load ClientAuthService com.alibaba.nacos.client.auth.ram.RamClientAuthServiceImpl success.
2025-11-24 17:05:30.197 [main] INFO  com.alibaba.nacos.common.remote.client - [RpcClientFactory] create a new rpc client of f4aaaed4-f057-430c-b296-3576961cb06b
2025-11-24 17:05:30.201 [main] INFO  com.alibaba.nacos.common.remote.client - [f4aaaed4-f057-430c-b296-3576961cb06b] RpcClient init, ServerListFactory = com.alibaba.nacos.client.naming.core.ServerListManager
2025-11-24 17:05:30.201 [main] INFO  com.alibaba.nacos.common.remote.client - [f4aaaed4-f057-430c-b296-3576961cb06b] Registry connection listener to current client:com.alibaba.nacos.client.naming.remote.gprc.redo.NamingGrpcRedoService
2025-11-24 17:05:30.203 [main] INFO  com.alibaba.nacos.common.remote.client - [f4aaaed4-f057-430c-b296-3576961cb06b] Register server push request handler:com.alibaba.nacos.client.naming.remote.gprc.NamingPushRequestHandler
2025-11-24 17:05:30.203 [main] INFO  com.alibaba.nacos.common.remote.client - [f4aaaed4-f057-430c-b296-3576961cb06b] Try to connect to server on start up, server: {serverIp = '127.0.0.1', server main port = 8848}
2025-11-24 17:05:30.204 [main] INFO  c.a.nacos.common.remote.client.grpc.GrpcClient - grpc client connection server:127.0.0.1 ip,serverPort:9848,grpcTslConfig:{"sslProvider":"OPENSSL","enableTls":false,"mutualAuthEnable":false,"trustAll":false}
2025-11-24 17:05:30.330 [main] INFO  com.alibaba.nacos.common.remote.client - [f4aaaed4-f057-430c-b296-3576961cb06b] Success to connect to server [127.0.0.1:8848] on start up, connectionId = 1763975130214_127.0.0.1_57118
2025-11-24 17:05:30.330 [main] INFO  com.alibaba.nacos.common.remote.client - [f4aaaed4-f057-430c-b296-3576961cb06b] Register server push request handler:com.alibaba.nacos.common.remote.client.RpcClient$ConnectResetRequestHandler
2025-11-24 17:05:30.330 [com.alibaba.nacos.client.remote.worker] INFO  com.alibaba.nacos.common.remote.client - [f4aaaed4-f057-430c-b296-3576961cb06b] Notify connected event to listeners.
2025-11-24 17:05:30.330 [main] INFO  com.alibaba.nacos.common.remote.client - [f4aaaed4-f057-430c-b296-3576961cb06b] Register server push request handler:com.alibaba.nacos.common.remote.client.RpcClient$$Lambda$609/0x0000022c114d7070
2025-11-24 17:05:30.331 [com.alibaba.nacos.client.remote.worker] INFO  com.alibaba.nacos.client.naming - Grpc connection connect
2025-11-24 17:05:30.332 [main] INFO  com.alibaba.nacos.client.naming - [REGISTER-SERVICE] greennote registering service GreenNote-oss with instance Instance{instanceId='null', ip='10.36.15.120', port=8081, weight=1.0, healthy=true, enabled=true, ephemeral=true, clusterName='DEFAULT', serviceName='null', metadata={IPv6=null, preserved.register.source=SPRING_CLOUD}}
2025-11-24 17:05:30.349 [main] INFO  c.a.cloud.nacos.registry.NacosServiceRegistry - nacos registry, DEFAULT_GROUP GreenNote-oss 10.36.15.120:8081 register finished
2025-11-24 17:05:30.632 [main] INFO  c.e.greennote.oss.biz.GreenNoteOssBizApplication - Started GreenNoteOssBizApplication in 8.608 seconds (process running for 9.46)
2025-11-24 17:05:30.639 [main] INFO  com.alibaba.nacos.client.config.impl.CacheData - nacos.cache.data.init.snapshot = true 
2025-11-24 17:05:30.640 [main] INFO  com.alibaba.nacos.client.config.impl.ClientWorker - [fixed-greennote-127.0.0.1_8848] [subscribe] GreenNote-oss-dev.yaml+DEFAULT_GROUP+greennote
2025-11-24 17:05:30.652 [main] INFO  com.alibaba.nacos.client.config.impl.CacheData - [fixed-greennote-127.0.0.1_8848] [add-listener] ok, tenant=greennote, dataId=GreenNote-oss-dev.yaml, group=DEFAULT_GROUP, cnt=1
2025-11-24 17:05:30.652 [main] INFO  c.a.cloud.nacos.refresh.NacosContextRefresher - [Nacos Config] Listening config: dataId=GreenNote-oss-dev.yaml, group=DEFAULT_GROUP
2025-11-24 17:05:30.653 [main] INFO  com.alibaba.nacos.client.config.impl.ClientWorker - [fixed-greennote-127.0.0.1_8848] [subscribe] GreenNote-oss+DEFAULT_GROUP+greennote
2025-11-24 17:05:30.653 [main] INFO  com.alibaba.nacos.client.config.impl.CacheData - [fixed-greennote-127.0.0.1_8848] [add-listener] ok, tenant=greennote, dataId=GreenNote-oss, group=DEFAULT_GROUP, cnt=1
2025-11-24 17:05:30.653 [main] INFO  c.a.cloud.nacos.refresh.NacosContextRefresher - [Nacos Config] Listening config: dataId=GreenNote-oss, group=DEFAULT_GROUP
2025-11-24 17:05:30.653 [main] INFO  com.alibaba.nacos.client.config.impl.ClientWorker - [fixed-greennote-127.0.0.1_8848] [subscribe] GreenNote-oss.yaml+DEFAULT_GROUP+greennote
2025-11-24 17:05:30.653 [main] INFO  com.alibaba.nacos.client.config.impl.CacheData - [fixed-greennote-127.0.0.1_8848] [add-listener] ok, tenant=greennote, dataId=GreenNote-oss.yaml, group=DEFAULT_GROUP, cnt=1
2025-11-24 17:05:30.653 [main] INFO  c.a.cloud.nacos.refresh.NacosContextRefresher - [Nacos Config] Listening config: dataId=GreenNote-oss.yaml, group=DEFAULT_GROUP
2025-11-24 17:15:36.861 [Thread-2] WARN  c.alibaba.nacos.common.http.HttpClientBeanHolder - [HttpClientBeanHolder] Start destroying common HttpClient
2025-11-24 17:15:36.862 [Thread-2] WARN  c.alibaba.nacos.common.http.HttpClientBeanHolder - [HttpClientBeanHolder] Destruction of the end
2025-11-24 17:15:36.864 [Thread-9] WARN  com.alibaba.nacos.common.notify.NotifyCenter - [NotifyCenter] Start destroying Publisher
2025-11-24 17:15:36.864 [Thread-9] WARN  com.alibaba.nacos.common.notify.NotifyCenter - [NotifyCenter] Destruction of the end
2025-11-24 17:15:36.943 [SpringApplicationShutdownHook] INFO  c.a.cloud.nacos.registry.NacosServiceRegistry - De-registering from Nacos Server now...
2025-11-24 17:15:36.943 [SpringApplicationShutdownHook] INFO  com.alibaba.nacos.client.naming - [DEREGISTER-SERVICE] greennote deregistering service GreenNote-oss with instance: Instance{instanceId='null', ip='10.36.15.120', port=8081, weight=1.0, healthy=true, enabled=true, ephemeral=true, clusterName='DEFAULT', serviceName='null', metadata={}}
2025-11-24 17:15:36.957 [SpringApplicationShutdownHook] INFO  c.a.cloud.nacos.registry.NacosServiceRegistry - De-registration finished.
2025-11-24 17:15:36.958 [SpringApplicationShutdownHook] INFO  com.alibaba.nacos.client.naming - com.alibaba.nacos.client.naming.cache.ServiceInfoHolder do shutdown begin
2025-11-24 17:15:36.959 [SpringApplicationShutdownHook] INFO  com.alibaba.nacos.client.naming - com.alibaba.nacos.client.naming.backups.FailoverReactor do shutdown begin
2025-11-24 17:15:36.960 [SpringApplicationShutdownHook] INFO  com.alibaba.nacos.client.naming - com.alibaba.nacos.client.naming.backups.FailoverReactor do shutdown stop
2025-11-24 17:15:36.960 [SpringApplicationShutdownHook] INFO  com.alibaba.nacos.client.naming - com.alibaba.nacos.client.naming.cache.ServiceInfoHolder do shutdown stop
2025-11-24 17:15:36.960 [SpringApplicationShutdownHook] INFO  com.alibaba.nacos.client.naming - com.alibaba.nacos.client.naming.remote.NamingClientProxyDelegate do shutdown begin
2025-11-24 17:15:36.960 [SpringApplicationShutdownHook] INFO  com.alibaba.nacos.client.naming - com.alibaba.nacos.client.naming.core.ServiceInfoUpdateService do shutdown begin
2025-11-24 17:15:36.960 [SpringApplicationShutdownHook] INFO  com.alibaba.nacos.client.naming - com.alibaba.nacos.client.naming.core.ServiceInfoUpdateService do shutdown stop
2025-11-24 17:15:36.960 [SpringApplicationShutdownHook] INFO  com.alibaba.nacos.client.naming - com.alibaba.nacos.client.naming.core.ServerListManager do shutdown begin
2025-11-24 17:15:36.960 [SpringApplicationShutdownHook] WARN  com.alibaba.nacos.client.naming - [NamingHttpClientManager] Start destroying NacosRestTemplate
2025-11-24 17:15:36.960 [SpringApplicationShutdownHook] WARN  com.alibaba.nacos.client.naming - [NamingHttpClientManager] Destruction of the end
2025-11-24 17:15:36.960 [SpringApplicationShutdownHook] INFO  com.alibaba.nacos.client.naming - com.alibaba.nacos.client.naming.core.ServerListManager do shutdown stop
2025-11-24 17:15:36.960 [SpringApplicationShutdownHook] INFO  com.alibaba.nacos.client.naming - com.alibaba.nacos.client.naming.remote.http.NamingHttpClientProxy do shutdown begin
2025-11-24 17:15:36.960 [SpringApplicationShutdownHook] WARN  com.alibaba.nacos.client.naming - [NamingHttpClientManager] Start destroying NacosRestTemplate
2025-11-24 17:15:36.960 [SpringApplicationShutdownHook] WARN  com.alibaba.nacos.client.naming - [NamingHttpClientManager] Destruction of the end
2025-11-24 17:15:36.960 [SpringApplicationShutdownHook] INFO  com.alibaba.nacos.client.naming - com.alibaba.nacos.client.naming.remote.http.NamingHttpClientProxy do shutdown stop
2025-11-24 17:15:36.960 [SpringApplicationShutdownHook] INFO  com.alibaba.nacos.common.remote.client - Shutdown rpc client, set status to shutdown
2025-11-24 17:15:36.960 [SpringApplicationShutdownHook] INFO  com.alibaba.nacos.common.remote.client - Shutdown client event executor java.util.concurrent.ScheduledThreadPoolExecutor@502fe1ee[Running, pool size = 2, active threads = 2, queued tasks = 0, completed tasks = 0]
2025-11-24 17:15:36.960 [SpringApplicationShutdownHook] INFO  com.alibaba.nacos.common.remote.client - Close current connection 1763975130214_127.0.0.1_57118
2025-11-24 17:15:36.966 [SpringApplicationShutdownHook] INFO  c.a.nacos.common.remote.client.grpc.GrpcClient - Shutdown grpc executor java.util.concurrent.ThreadPoolExecutor@143374c9[Running, pool size = 3, active threads = 0, queued tasks = 0, completed tasks = 135]
2025-11-24 17:15:36.966 [SpringApplicationShutdownHook] INFO  com.alibaba.nacos.client.naming - Shutdown grpc redo service executor java.util.concurrent.ScheduledThreadPoolExecutor@5549a5e2[Running, pool size = 1, active threads = 0, queued tasks = 1, completed tasks = 201]
2025-11-24 17:15:36.966 [SpringApplicationShutdownHook] INFO  c.a.n.client.auth.ram.identify.CredentialWatcher - [null] CredentialWatcher is stopped
2025-11-24 17:15:36.966 [SpringApplicationShutdownHook] INFO  c.a.n.client.auth.ram.identify.CredentialService - [null] CredentialService is freed
2025-11-24 17:15:36.967 [SpringApplicationShutdownHook] INFO  com.alibaba.nacos.client.naming - com.alibaba.nacos.client.naming.remote.NamingClientProxyDelegate do shutdown stop
2025-11-24 19:38:19.350 [main] WARN  com.alibaba.nacos.client.logging.NacosLogging - Load Logback Configuration of Nacos fail, message: Could not initialize Logback Nacos logging from classpath:nacos-logback.xml
2025-11-24 19:38:19.525 [main] WARN  com.alibaba.nacos.client.logging.NacosLogging - Load Logback Configuration of Nacos fail, message: Could not initialize Logback Nacos logging from classpath:nacos-logback.xml
2025-11-24 19:38:20.012 [main] WARN  com.alibaba.nacos.client.logging.NacosLogging - Load Logback Configuration of Nacos fail, message: Could not initialize Logback Nacos logging from classpath:nacos-logback.xml
2025-11-24 19:38:20.015 [main] INFO  com.alibaba.nacos.client.utils.ParamUtil - [settings] [req-serv] nacos-server port:8848
2025-11-24 19:38:20.015 [main] INFO  com.alibaba.nacos.client.utils.ParamUtil - [settings] [http-client] connect timeout:1000
2025-11-24 19:38:20.017 [main] INFO  com.alibaba.nacos.client.utils.ParamUtil - PER_TASK_CONFIG_SIZE: 3000.0
2025-11-24 19:38:20.084 [main] INFO  c.a.n.p.auth.spi.client.ClientAuthPluginManager - [ClientAuthPluginManager] Load ClientAuthService com.alibaba.nacos.client.auth.impl.NacosClientAuthServiceImpl success.
2025-11-24 19:38:20.084 [main] INFO  c.a.n.p.auth.spi.client.ClientAuthPluginManager - [ClientAuthPluginManager] Load ClientAuthService com.alibaba.nacos.client.auth.ram.RamClientAuthServiceImpl success.
2025-11-24 19:38:20.092 [main] INFO  c.a.n.client.auth.ram.identify.CredentialWatcher - null No credential found
2025-11-24 19:38:20.536 [main] WARN  com.alibaba.nacos.client.logging.NacosLogging - Load Logback Configuration of Nacos fail, message: Could not initialize Logback Nacos logging from classpath:nacos-logback.xml
2025-11-24 19:38:20.574 [main] INFO  c.a.n.client.config.impl.LocalConfigInfoProcessor - LOCAL_SNAPSHOT_PATH:C:\Users\12482\nacos\config
2025-11-24 19:38:20.583 [main] INFO  com.alibaba.nacos.common.remote.client - [RpcClientFactory] create a new rpc client of a42e6a28-8554-4ccb-ab69-329a4f0dca2e_config-0
2025-11-24 19:38:20.623 [main] INFO  com.alibaba.nacos.common.remote.client - [a42e6a28-8554-4ccb-ab69-329a4f0dca2e_config-0] Register server push request handler:com.alibaba.nacos.client.config.impl.ClientWorker$ConfigRpcTransportClient$$Lambda$576/0x0000023516367600
2025-11-24 19:38:20.624 [main] INFO  com.alibaba.nacos.common.remote.client - [a42e6a28-8554-4ccb-ab69-329a4f0dca2e_config-0] Register server push request handler:com.alibaba.nacos.client.config.impl.ClientWorker$ConfigRpcTransportClient$$Lambda$577/0x0000023516367a20
2025-11-24 19:38:20.625 [main] INFO  com.alibaba.nacos.common.remote.client - [a42e6a28-8554-4ccb-ab69-329a4f0dca2e_config-0] Registry connection listener to current client:com.alibaba.nacos.client.config.impl.ClientWorker$ConfigRpcTransportClient$1
2025-11-24 19:38:20.625 [main] INFO  com.alibaba.nacos.common.remote.client - [a42e6a28-8554-4ccb-ab69-329a4f0dca2e_config-0] RpcClient init, ServerListFactory = com.alibaba.nacos.client.config.impl.ClientWorker$ConfigRpcTransportClient$2
2025-11-24 19:38:20.642 [main] INFO  com.alibaba.nacos.common.remote.client - [a42e6a28-8554-4ccb-ab69-329a4f0dca2e_config-0] Try to connect to server on start up, server: {serverIp = '127.0.0.1', server main port = 8848}
2025-11-24 19:38:20.717 [main] INFO  c.a.nacos.common.remote.client.grpc.GrpcClient - grpc client connection server:127.0.0.1 ip,serverPort:9848,grpcTslConfig:{"sslProvider":"OPENSSL","enableTls":false,"mutualAuthEnable":false,"trustAll":false}
2025-11-24 19:38:22.444 [main] INFO  com.alibaba.nacos.common.remote.client - [a42e6a28-8554-4ccb-ab69-329a4f0dca2e_config-0] Success to connect to server [127.0.0.1:8848] on start up, connectionId = 1763984302158_127.0.0.1_4789
2025-11-24 19:38:22.445 [com.alibaba.nacos.client.remote.worker] INFO  com.alibaba.nacos.common.remote.client - [a42e6a28-8554-4ccb-ab69-329a4f0dca2e_config-0] Notify connected event to listeners.
2025-11-24 19:38:22.446 [main] INFO  com.alibaba.nacos.common.remote.client - [a42e6a28-8554-4ccb-ab69-329a4f0dca2e_config-0] Register server push request handler:com.alibaba.nacos.common.remote.client.RpcClient$ConnectResetRequestHandler
2025-11-24 19:38:22.446 [com.alibaba.nacos.client.remote.worker] INFO  com.alibaba.nacos.client.config.impl.ClientWorker - [a42e6a28-8554-4ccb-ab69-329a4f0dca2e_config-0] Connected,notify listen context...
2025-11-24 19:38:22.446 [main] INFO  com.alibaba.nacos.common.remote.client - [a42e6a28-8554-4ccb-ab69-329a4f0dca2e_config-0] Register server push request handler:com.alibaba.nacos.common.remote.client.RpcClient$$Lambda$597/0x00000235164ef080
2025-11-24 19:38:22.538 [main] INFO  com.alibaba.nacos.client.config.impl.Limiter - limitTime:5.0
2025-11-24 19:38:22.579 [main] WARN  c.a.cloud.nacos.client.NacosPropertySourceBuilder - Ignore the empty nacos configuration and get it based on dataId[GreenNote-oss] & group[DEFAULT_GROUP]
2025-11-24 19:38:22.590 [main] WARN  c.a.cloud.nacos.client.NacosPropertySourceBuilder - Ignore the empty nacos configuration and get it based on dataId[GreenNote-oss.yaml] & group[DEFAULT_GROUP]
2025-11-24 19:38:22.602 [main] WARN  c.a.cloud.nacos.client.NacosPropertySourceBuilder - Ignore the empty nacos configuration and get it based on dataId[GreenNote-oss-dev.yaml] & group[DEFAULT_GROUP]
2025-11-24 19:38:22.603 [main] INFO  o.s.c.b.c.PropertySourceBootstrapConfiguration - Located property source: [BootstrapPropertySource {name='bootstrapProperties-GreenNote-oss-dev.yaml,DEFAULT_GROUP'}, BootstrapPropertySource {name='bootstrapProperties-GreenNote-oss.yaml,DEFAULT_GROUP'}, BootstrapPropertySource {name='bootstrapProperties-GreenNote-oss,DEFAULT_GROUP'}]
2025-11-24 19:38:22.612 [main] WARN  com.alibaba.nacos.client.logging.NacosLogging - Load Logback Configuration of Nacos fail, message: Could not initialize Logback Nacos logging from classpath:nacos-logback.xml
2025-11-24 19:38:22.614 [main] INFO  c.e.greennote.oss.biz.GreenNoteOssBizApplication - The following 1 profile is active: "dev"
2025-11-24 19:38:23.891 [main] INFO  o.springframework.cloud.context.scope.GenericScope - BeanFactory id=9336411e-a514-3c66-a3ff-45e25e22725e
2025-11-24 19:38:24.674 [main] INFO  o.s.boot.web.embedded.tomcat.TomcatWebServer - Tomcat initialized with port(s): 8081 (http)
2025-11-24 19:38:24.694 [main] INFO  org.apache.catalina.core.StandardService - Starting service [Tomcat]
2025-11-24 19:38:24.695 [main] INFO  org.apache.catalina.core.StandardEngine - Starting Servlet engine: [Apache Tomcat/10.1.5]
2025-11-24 19:38:24.887 [main] INFO  o.a.c.core.ContainerBase.[Tomcat].[localhost].[/] - Initializing Spring embedded WebApplicationContext
2025-11-24 19:38:24.888 [main] INFO  o.s.b.w.s.c.ServletWebServerApplicationContext - Root WebApplicationContext: initialization completed in 2251 ms
2025-11-24 19:38:27.891 [main] INFO  o.s.boot.web.embedded.tomcat.TomcatWebServer - Tomcat started on port(s): 8081 (http) with context path ''
2025-11-24 19:38:27.903 [main] INFO  com.alibaba.nacos.client.naming - initializer namespace from ans.namespace attribute : null
2025-11-24 19:38:27.904 [main] INFO  com.alibaba.nacos.client.naming - initializer namespace from ALIBABA_ALIWARE_NAMESPACE attribute :null
2025-11-24 19:38:27.905 [main] INFO  com.alibaba.nacos.client.naming - initializer namespace from namespace attribute :null
2025-11-24 19:38:27.926 [main] INFO  c.a.n.p.auth.spi.client.ClientAuthPluginManager - [ClientAuthPluginManager] Load ClientAuthService com.alibaba.nacos.client.auth.impl.NacosClientAuthServiceImpl success.
2025-11-24 19:38:27.927 [main] INFO  c.a.n.p.auth.spi.client.ClientAuthPluginManager - [ClientAuthPluginManager] Load ClientAuthService com.alibaba.nacos.client.auth.ram.RamClientAuthServiceImpl success.
2025-11-24 19:38:27.940 [main] INFO  com.alibaba.nacos.common.remote.client - [RpcClientFactory] create a new rpc client of 0ba97349-532b-44fa-97e3-590285f1dc3b
2025-11-24 19:38:27.947 [main] INFO  com.alibaba.nacos.common.remote.client - [0ba97349-532b-44fa-97e3-590285f1dc3b] RpcClient init, ServerListFactory = com.alibaba.nacos.client.naming.core.ServerListManager
2025-11-24 19:38:27.948 [main] INFO  com.alibaba.nacos.common.remote.client - [0ba97349-532b-44fa-97e3-590285f1dc3b] Registry connection listener to current client:com.alibaba.nacos.client.naming.remote.gprc.redo.NamingGrpcRedoService
2025-11-24 19:38:27.949 [main] INFO  com.alibaba.nacos.common.remote.client - [0ba97349-532b-44fa-97e3-590285f1dc3b] Register server push request handler:com.alibaba.nacos.client.naming.remote.gprc.NamingPushRequestHandler
2025-11-24 19:38:27.950 [main] INFO  com.alibaba.nacos.common.remote.client - [0ba97349-532b-44fa-97e3-590285f1dc3b] Try to connect to server on start up, server: {serverIp = '127.0.0.1', server main port = 8848}
2025-11-24 19:38:27.951 [main] INFO  c.a.nacos.common.remote.client.grpc.GrpcClient - grpc client connection server:127.0.0.1 ip,serverPort:9848,grpcTslConfig:{"sslProvider":"OPENSSL","enableTls":false,"mutualAuthEnable":false,"trustAll":false}
2025-11-24 19:38:28.096 [main] INFO  com.alibaba.nacos.common.remote.client - [0ba97349-532b-44fa-97e3-590285f1dc3b] Success to connect to server [127.0.0.1:8848] on start up, connectionId = 1763984307970_127.0.0.1_1026
2025-11-24 19:38:28.097 [main] INFO  com.alibaba.nacos.common.remote.client - [0ba97349-532b-44fa-97e3-590285f1dc3b] Register server push request handler:com.alibaba.nacos.common.remote.client.RpcClient$ConnectResetRequestHandler
2025-11-24 19:38:28.097 [com.alibaba.nacos.client.remote.worker] INFO  com.alibaba.nacos.common.remote.client - [0ba97349-532b-44fa-97e3-590285f1dc3b] Notify connected event to listeners.
2025-11-24 19:38:28.097 [com.alibaba.nacos.client.remote.worker] INFO  com.alibaba.nacos.client.naming - Grpc connection connect
2025-11-24 19:38:28.097 [main] INFO  com.alibaba.nacos.common.remote.client - [0ba97349-532b-44fa-97e3-590285f1dc3b] Register server push request handler:com.alibaba.nacos.common.remote.client.RpcClient$$Lambda$597/0x00000235164ef080
2025-11-24 19:38:28.100 [main] INFO  com.alibaba.nacos.client.naming - [REGISTER-SERVICE] greennote registering service GreenNote-oss with instance Instance{instanceId='null', ip='10.36.15.120', port=8081, weight=1.0, healthy=true, enabled=true, ephemeral=true, clusterName='DEFAULT', serviceName='null', metadata={IPv6=null, preserved.register.source=SPRING_CLOUD}}
2025-11-24 19:38:28.131 [main] INFO  c.a.cloud.nacos.registry.NacosServiceRegistry - nacos registry, DEFAULT_GROUP GreenNote-oss 10.36.15.120:8081 register finished
2025-11-24 19:38:28.526 [main] INFO  c.e.greennote.oss.biz.GreenNoteOssBizApplication - Started GreenNoteOssBizApplication in 10.545 seconds (process running for 19.031)
2025-11-24 19:38:28.533 [main] INFO  com.alibaba.nacos.client.config.impl.CacheData - nacos.cache.data.init.snapshot = true 
2025-11-24 19:38:28.533 [main] INFO  com.alibaba.nacos.client.config.impl.ClientWorker - [fixed-greennote-127.0.0.1_8848] [subscribe] GreenNote-oss-dev.yaml+DEFAULT_GROUP+greennote
2025-11-24 19:38:28.551 [main] INFO  com.alibaba.nacos.client.config.impl.CacheData - [fixed-greennote-127.0.0.1_8848] [add-listener] ok, tenant=greennote, dataId=GreenNote-oss-dev.yaml, group=DEFAULT_GROUP, cnt=1
2025-11-24 19:38:28.552 [main] INFO  c.a.cloud.nacos.refresh.NacosContextRefresher - [Nacos Config] Listening config: dataId=GreenNote-oss-dev.yaml, group=DEFAULT_GROUP
2025-11-24 19:38:28.552 [main] INFO  com.alibaba.nacos.client.config.impl.ClientWorker - [fixed-greennote-127.0.0.1_8848] [subscribe] GreenNote-oss+DEFAULT_GROUP+greennote
2025-11-24 19:38:28.553 [main] INFO  com.alibaba.nacos.client.config.impl.CacheData - [fixed-greennote-127.0.0.1_8848] [add-listener] ok, tenant=greennote, dataId=GreenNote-oss, group=DEFAULT_GROUP, cnt=1
2025-11-24 19:38:28.553 [main] INFO  c.a.cloud.nacos.refresh.NacosContextRefresher - [Nacos Config] Listening config: dataId=GreenNote-oss, group=DEFAULT_GROUP
2025-11-24 19:38:28.553 [main] INFO  com.alibaba.nacos.client.config.impl.ClientWorker - [fixed-greennote-127.0.0.1_8848] [subscribe] GreenNote-oss.yaml+DEFAULT_GROUP+greennote
2025-11-24 19:38:28.553 [main] INFO  com.alibaba.nacos.client.config.impl.CacheData - [fixed-greennote-127.0.0.1_8848] [add-listener] ok, tenant=greennote, dataId=GreenNote-oss.yaml, group=DEFAULT_GROUP, cnt=1
2025-11-24 19:38:28.553 [main] INFO  c.a.cloud.nacos.refresh.NacosContextRefresher - [Nacos Config] Listening config: dataId=GreenNote-oss.yaml, group=DEFAULT_GROUP
2025-11-24 19:55:32.868 [Thread-9] WARN  com.alibaba.nacos.common.notify.NotifyCenter - [NotifyCenter] Start destroying Publisher
2025-11-24 19:55:32.868 [Thread-2] WARN  c.alibaba.nacos.common.http.HttpClientBeanHolder - [HttpClientBeanHolder] Start destroying common HttpClient
2025-11-24 19:55:32.869 [Thread-9] WARN  com.alibaba.nacos.common.notify.NotifyCenter - [NotifyCenter] Destruction of the end
2025-11-24 19:55:32.869 [Thread-2] WARN  c.alibaba.nacos.common.http.HttpClientBeanHolder - [HttpClientBeanHolder] Destruction of the end
2025-11-24 19:55:32.950 [SpringApplicationShutdownHook] INFO  c.a.cloud.nacos.registry.NacosServiceRegistry - De-registering from Nacos Server now...
2025-11-24 19:55:32.950 [SpringApplicationShutdownHook] INFO  com.alibaba.nacos.client.naming - [DEREGISTER-SERVICE] greennote deregistering service GreenNote-oss with instance: Instance{instanceId='null', ip='10.36.15.120', port=8081, weight=1.0, healthy=true, enabled=true, ephemeral=true, clusterName='DEFAULT', serviceName='null', metadata={}}
2025-11-24 19:55:32.954 [SpringApplicationShutdownHook] INFO  c.a.cloud.nacos.registry.NacosServiceRegistry - De-registration finished.
2025-11-24 19:55:32.955 [SpringApplicationShutdownHook] INFO  com.alibaba.nacos.client.naming - com.alibaba.nacos.client.naming.cache.ServiceInfoHolder do shutdown begin
2025-11-24 19:55:32.955 [SpringApplicationShutdownHook] INFO  com.alibaba.nacos.client.naming - com.alibaba.nacos.client.naming.backups.FailoverReactor do shutdown begin
2025-11-24 19:55:32.956 [SpringApplicationShutdownHook] INFO  com.alibaba.nacos.client.naming - com.alibaba.nacos.client.naming.backups.FailoverReactor do shutdown stop
2025-11-24 19:55:32.956 [SpringApplicationShutdownHook] INFO  com.alibaba.nacos.client.naming - com.alibaba.nacos.client.naming.cache.ServiceInfoHolder do shutdown stop
2025-11-24 19:55:32.956 [SpringApplicationShutdownHook] INFO  com.alibaba.nacos.client.naming - com.alibaba.nacos.client.naming.remote.NamingClientProxyDelegate do shutdown begin
2025-11-24 19:55:32.956 [SpringApplicationShutdownHook] INFO  com.alibaba.nacos.client.naming - com.alibaba.nacos.client.naming.core.ServiceInfoUpdateService do shutdown begin
2025-11-24 19:55:32.956 [SpringApplicationShutdownHook] INFO  com.alibaba.nacos.client.naming - com.alibaba.nacos.client.naming.core.ServiceInfoUpdateService do shutdown stop
2025-11-24 19:55:32.956 [SpringApplicationShutdownHook] INFO  com.alibaba.nacos.client.naming - com.alibaba.nacos.client.naming.core.ServerListManager do shutdown begin
2025-11-24 19:55:32.956 [SpringApplicationShutdownHook] WARN  com.alibaba.nacos.client.naming - [NamingHttpClientManager] Start destroying NacosRestTemplate
2025-11-24 19:55:32.956 [SpringApplicationShutdownHook] WARN  com.alibaba.nacos.client.naming - [NamingHttpClientManager] Destruction of the end
2025-11-24 19:55:32.957 [SpringApplicationShutdownHook] INFO  com.alibaba.nacos.client.naming - com.alibaba.nacos.client.naming.core.ServerListManager do shutdown stop
2025-11-24 19:55:32.957 [SpringApplicationShutdownHook] INFO  com.alibaba.nacos.client.naming - com.alibaba.nacos.client.naming.remote.http.NamingHttpClientProxy do shutdown begin
2025-11-24 19:55:32.957 [SpringApplicationShutdownHook] WARN  com.alibaba.nacos.client.naming - [NamingHttpClientManager] Start destroying NacosRestTemplate
2025-11-24 19:55:32.957 [SpringApplicationShutdownHook] WARN  com.alibaba.nacos.client.naming - [NamingHttpClientManager] Destruction of the end
2025-11-24 19:55:32.957 [SpringApplicationShutdownHook] INFO  com.alibaba.nacos.client.naming - com.alibaba.nacos.client.naming.remote.http.NamingHttpClientProxy do shutdown stop
2025-11-24 19:55:32.957 [SpringApplicationShutdownHook] INFO  com.alibaba.nacos.common.remote.client - Shutdown rpc client, set status to shutdown
2025-11-24 19:55:32.957 [SpringApplicationShutdownHook] INFO  com.alibaba.nacos.common.remote.client - Shutdown client event executor java.util.concurrent.ScheduledThreadPoolExecutor@420d8107[Running, pool size = 2, active threads = 2, queued tasks = 0, completed tasks = 0]
2025-11-24 19:55:32.957 [SpringApplicationShutdownHook] INFO  com.alibaba.nacos.common.remote.client - Close current connection 1763984307970_127.0.0.1_1026
2025-11-24 19:55:32.964 [SpringApplicationShutdownHook] INFO  c.a.nacos.common.remote.client.grpc.GrpcClient - Shutdown grpc executor java.util.concurrent.ThreadPoolExecutor@301f3cb7[Running, pool size = 4, active threads = 1, queued tasks = 0, completed tasks = 224]
2025-11-24 19:55:32.964 [SpringApplicationShutdownHook] INFO  com.alibaba.nacos.client.naming - Shutdown grpc redo service executor java.util.concurrent.ScheduledThreadPoolExecutor@1981b7b6[Running, pool size = 1, active threads = 0, queued tasks = 1, completed tasks = 340]
2025-11-24 19:55:32.965 [SpringApplicationShutdownHook] INFO  c.a.n.client.auth.ram.identify.CredentialWatcher - [null] CredentialWatcher is stopped
2025-11-24 19:55:32.965 [SpringApplicationShutdownHook] INFO  c.a.n.client.auth.ram.identify.CredentialService - [null] CredentialService is freed
2025-11-24 19:55:32.968 [SpringApplicationShutdownHook] INFO  com.alibaba.nacos.client.naming - com.alibaba.nacos.client.naming.remote.NamingClientProxyDelegate do shutdown stop
2025-11-24 19:55:32.968 [nacos-grpc-client-executor-127.0.0.1-224] INFO  c.a.nacos.common.remote.client.grpc.GrpcClient - [1763984307970_127.0.0.1_1026]Ignore complete event,isRunning:false,isAbandon=false
2025-11-24 19:56:06.759 [main] WARN  com.alibaba.nacos.client.logging.NacosLogging - Load Logback Configuration of Nacos fail, message: Could not initialize Logback Nacos logging from classpath:nacos-logback.xml
2025-11-24 19:56:06.899 [main] WARN  com.alibaba.nacos.client.logging.NacosLogging - Load Logback Configuration of Nacos fail, message: Could not initialize Logback Nacos logging from classpath:nacos-logback.xml
2025-11-24 19:56:07.334 [main] WARN  com.alibaba.nacos.client.logging.NacosLogging - Load Logback Configuration of Nacos fail, message: Could not initialize Logback Nacos logging from classpath:nacos-logback.xml
2025-11-24 19:56:07.337 [main] INFO  com.alibaba.nacos.client.utils.ParamUtil - [settings] [req-serv] nacos-server port:8848
2025-11-24 19:56:07.337 [main] INFO  com.alibaba.nacos.client.utils.ParamUtil - [settings] [http-client] connect timeout:1000
2025-11-24 19:56:07.339 [main] INFO  com.alibaba.nacos.client.utils.ParamUtil - PER_TASK_CONFIG_SIZE: 3000.0
2025-11-24 19:56:07.387 [main] INFO  c.a.n.p.auth.spi.client.ClientAuthPluginManager - [ClientAuthPluginManager] Load ClientAuthService com.alibaba.nacos.client.auth.impl.NacosClientAuthServiceImpl success.
2025-11-24 19:56:07.387 [main] INFO  c.a.n.p.auth.spi.client.ClientAuthPluginManager - [ClientAuthPluginManager] Load ClientAuthService com.alibaba.nacos.client.auth.ram.RamClientAuthServiceImpl success.
2025-11-24 19:56:07.392 [main] INFO  c.a.n.client.auth.ram.identify.CredentialWatcher - null No credential found
2025-11-24 19:56:07.762 [main] WARN  com.alibaba.nacos.client.logging.NacosLogging - Load Logback Configuration of Nacos fail, message: Could not initialize Logback Nacos logging from classpath:nacos-logback.xml
2025-11-24 19:56:07.786 [main] INFO  c.a.n.client.config.impl.LocalConfigInfoProcessor - LOCAL_SNAPSHOT_PATH:C:\Users\12482\nacos\config
2025-11-24 19:56:07.792 [main] INFO  com.alibaba.nacos.common.remote.client - [RpcClientFactory] create a new rpc client of 31c5acfe-9c5e-468d-b7ba-2824cba3545f_config-0
2025-11-24 19:56:07.818 [main] INFO  com.alibaba.nacos.common.remote.client - [31c5acfe-9c5e-468d-b7ba-2824cba3545f_config-0] Register server push request handler:com.alibaba.nacos.client.config.impl.ClientWorker$ConfigRpcTransportClient$$Lambda$588/0x0000017c8938f600
2025-11-24 19:56:07.819 [main] INFO  com.alibaba.nacos.common.remote.client - [31c5acfe-9c5e-468d-b7ba-2824cba3545f_config-0] Register server push request handler:com.alibaba.nacos.client.config.impl.ClientWorker$ConfigRpcTransportClient$$Lambda$589/0x0000017c8938fa20
2025-11-24 19:56:07.820 [main] INFO  com.alibaba.nacos.common.remote.client - [31c5acfe-9c5e-468d-b7ba-2824cba3545f_config-0] Registry connection listener to current client:com.alibaba.nacos.client.config.impl.ClientWorker$ConfigRpcTransportClient$1
2025-11-24 19:56:07.821 [main] INFO  com.alibaba.nacos.common.remote.client - [31c5acfe-9c5e-468d-b7ba-2824cba3545f_config-0] RpcClient init, ServerListFactory = com.alibaba.nacos.client.config.impl.ClientWorker$ConfigRpcTransportClient$2
2025-11-24 19:56:07.832 [main] INFO  com.alibaba.nacos.common.remote.client - [31c5acfe-9c5e-468d-b7ba-2824cba3545f_config-0] Try to connect to server on start up, server: {serverIp = '127.0.0.1', server main port = 8848}
2025-11-24 19:56:07.894 [main] INFO  c.a.nacos.common.remote.client.grpc.GrpcClient - grpc client connection server:127.0.0.1 ip,serverPort:9848,grpcTslConfig:{"sslProvider":"OPENSSL","enableTls":false,"mutualAuthEnable":false,"trustAll":false}
2025-11-24 19:56:09.202 [main] INFO  com.alibaba.nacos.common.remote.client - [31c5acfe-9c5e-468d-b7ba-2824cba3545f_config-0] Success to connect to server [127.0.0.1:8848] on start up, connectionId = 1763985368959_127.0.0.1_50574
2025-11-24 19:56:09.204 [com.alibaba.nacos.client.remote.worker] INFO  com.alibaba.nacos.common.remote.client - [31c5acfe-9c5e-468d-b7ba-2824cba3545f_config-0] Notify connected event to listeners.
2025-11-24 19:56:09.204 [com.alibaba.nacos.client.remote.worker] INFO  com.alibaba.nacos.client.config.impl.ClientWorker - [31c5acfe-9c5e-468d-b7ba-2824cba3545f_config-0] Connected,notify listen context...
2025-11-24 19:56:09.205 [main] INFO  com.alibaba.nacos.common.remote.client - [31c5acfe-9c5e-468d-b7ba-2824cba3545f_config-0] Register server push request handler:com.alibaba.nacos.common.remote.client.RpcClient$ConnectResetRequestHandler
2025-11-24 19:56:09.206 [main] INFO  com.alibaba.nacos.common.remote.client - [31c5acfe-9c5e-468d-b7ba-2824cba3545f_config-0] Register server push request handler:com.alibaba.nacos.common.remote.client.RpcClient$$Lambda$609/0x0000017c894d7158
2025-11-24 19:56:09.326 [main] INFO  com.alibaba.nacos.client.config.impl.Limiter - limitTime:5.0
2025-11-24 19:56:09.367 [main] WARN  c.a.cloud.nacos.client.NacosPropertySourceBuilder - Ignore the empty nacos configuration and get it based on dataId[GreenNote-oss] & group[DEFAULT_GROUP]
2025-11-24 19:56:09.383 [main] WARN  c.a.cloud.nacos.client.NacosPropertySourceBuilder - Ignore the empty nacos configuration and get it based on dataId[GreenNote-oss.yaml] & group[DEFAULT_GROUP]
2025-11-24 19:56:09.393 [main] WARN  c.a.cloud.nacos.client.NacosPropertySourceBuilder - Ignore the empty nacos configuration and get it based on dataId[GreenNote-oss-dev.yaml] & group[DEFAULT_GROUP]
2025-11-24 19:56:09.395 [main] INFO  o.s.c.b.c.PropertySourceBootstrapConfiguration - Located property source: [BootstrapPropertySource {name='bootstrapProperties-GreenNote-oss-dev.yaml,DEFAULT_GROUP'}, BootstrapPropertySource {name='bootstrapProperties-GreenNote-oss.yaml,DEFAULT_GROUP'}, BootstrapPropertySource {name='bootstrapProperties-GreenNote-oss,DEFAULT_GROUP'}]
2025-11-24 19:56:09.408 [main] WARN  com.alibaba.nacos.client.logging.NacosLogging - Load Logback Configuration of Nacos fail, message: Could not initialize Logback Nacos logging from classpath:nacos-logback.xml
2025-11-24 19:56:09.409 [main] INFO  c.e.greennote.oss.biz.GreenNoteOssBizApplication - The following 1 profile is active: "dev"
2025-11-24 19:56:10.243 [main] INFO  o.springframework.cloud.context.scope.GenericScope - BeanFactory id=9336411e-a514-3c66-a3ff-45e25e22725e
2025-11-24 19:56:10.901 [main] INFO  o.s.boot.web.embedded.tomcat.TomcatWebServer - Tomcat initialized with port(s): 8081 (http)
2025-11-24 19:56:10.917 [main] INFO  org.apache.catalina.core.StandardService - Starting service [Tomcat]
2025-11-24 19:56:10.917 [main] INFO  org.apache.catalina.core.StandardEngine - Starting Servlet engine: [Apache Tomcat/10.1.5]
2025-11-24 19:56:11.047 [main] INFO  o.a.c.core.ContainerBase.[Tomcat].[localhost].[/] - Initializing Spring embedded WebApplicationContext
2025-11-24 19:56:11.047 [main] INFO  o.s.b.w.s.c.ServletWebServerApplicationContext - Root WebApplicationContext: initialization completed in 1602 ms
2025-11-24 19:56:12.949 [main] INFO  o.s.boot.web.embedded.tomcat.TomcatWebServer - Tomcat started on port(s): 8081 (http) with context path ''
2025-11-24 19:56:12.956 [main] INFO  com.alibaba.nacos.client.naming - initializer namespace from ans.namespace attribute : null
2025-11-24 19:56:12.956 [main] INFO  com.alibaba.nacos.client.naming - initializer namespace from ALIBABA_ALIWARE_NAMESPACE attribute :null
2025-11-24 19:56:12.957 [main] INFO  com.alibaba.nacos.client.naming - initializer namespace from namespace attribute :null
2025-11-24 19:56:12.974 [main] INFO  c.a.n.p.auth.spi.client.ClientAuthPluginManager - [ClientAuthPluginManager] Load ClientAuthService com.alibaba.nacos.client.auth.impl.NacosClientAuthServiceImpl success.
2025-11-24 19:56:12.974 [main] INFO  c.a.n.p.auth.spi.client.ClientAuthPluginManager - [ClientAuthPluginManager] Load ClientAuthService com.alibaba.nacos.client.auth.ram.RamClientAuthServiceImpl success.
2025-11-24 19:56:12.979 [main] INFO  com.alibaba.nacos.common.remote.client - [RpcClientFactory] create a new rpc client of bbf73903-8fc8-49c4-ad6c-7e902eacf9de
2025-11-24 19:56:12.982 [main] INFO  com.alibaba.nacos.common.remote.client - [bbf73903-8fc8-49c4-ad6c-7e902eacf9de] RpcClient init, ServerListFactory = com.alibaba.nacos.client.naming.core.ServerListManager
2025-11-24 19:56:12.983 [main] INFO  com.alibaba.nacos.common.remote.client - [bbf73903-8fc8-49c4-ad6c-7e902eacf9de] Registry connection listener to current client:com.alibaba.nacos.client.naming.remote.gprc.redo.NamingGrpcRedoService
2025-11-24 19:56:12.984 [main] INFO  com.alibaba.nacos.common.remote.client - [bbf73903-8fc8-49c4-ad6c-7e902eacf9de] Register server push request handler:com.alibaba.nacos.client.naming.remote.gprc.NamingPushRequestHandler
2025-11-24 19:56:12.984 [main] INFO  com.alibaba.nacos.common.remote.client - [bbf73903-8fc8-49c4-ad6c-7e902eacf9de] Try to connect to server on start up, server: {serverIp = '127.0.0.1', server main port = 8848}
2025-11-24 19:56:12.986 [main] INFO  c.a.nacos.common.remote.client.grpc.GrpcClient - grpc client connection server:127.0.0.1 ip,serverPort:9848,grpcTslConfig:{"sslProvider":"OPENSSL","enableTls":false,"mutualAuthEnable":false,"trustAll":false}
2025-11-24 19:56:13.116 [main] INFO  com.alibaba.nacos.common.remote.client - [bbf73903-8fc8-49c4-ad6c-7e902eacf9de] Success to connect to server [127.0.0.1:8848] on start up, connectionId = 1763985372996_127.0.0.1_50598
2025-11-24 19:56:13.116 [main] INFO  com.alibaba.nacos.common.remote.client - [bbf73903-8fc8-49c4-ad6c-7e902eacf9de] Register server push request handler:com.alibaba.nacos.common.remote.client.RpcClient$ConnectResetRequestHandler
2025-11-24 19:56:13.116 [main] INFO  com.alibaba.nacos.common.remote.client - [bbf73903-8fc8-49c4-ad6c-7e902eacf9de] Register server push request handler:com.alibaba.nacos.common.remote.client.RpcClient$$Lambda$609/0x0000017c894d7158
2025-11-24 19:56:13.116 [com.alibaba.nacos.client.remote.worker] INFO  com.alibaba.nacos.common.remote.client - [bbf73903-8fc8-49c4-ad6c-7e902eacf9de] Notify connected event to listeners.
2025-11-24 19:56:13.116 [com.alibaba.nacos.client.remote.worker] INFO  com.alibaba.nacos.client.naming - Grpc connection connect
2025-11-24 19:56:13.119 [main] INFO  com.alibaba.nacos.client.naming - [REGISTER-SERVICE] greennote registering service GreenNote-oss with instance Instance{instanceId='null', ip='10.36.15.120', port=8081, weight=1.0, healthy=true, enabled=true, ephemeral=true, clusterName='DEFAULT', serviceName='null', metadata={IPv6=null, preserved.register.source=SPRING_CLOUD}}
2025-11-24 19:56:13.137 [main] INFO  c.a.cloud.nacos.registry.NacosServiceRegistry - nacos registry, DEFAULT_GROUP GreenNote-oss 10.36.15.120:8081 register finished
2025-11-24 19:56:13.368 [main] INFO  c.e.greennote.oss.biz.GreenNoteOssBizApplication - Started GreenNoteOssBizApplication in 7.835 seconds (process running for 8.677)
2025-11-24 19:56:13.371 [main] INFO  com.alibaba.nacos.client.config.impl.CacheData - nacos.cache.data.init.snapshot = true 
2025-11-24 19:56:13.372 [main] INFO  com.alibaba.nacos.client.config.impl.ClientWorker - [fixed-greennote-127.0.0.1_8848] [subscribe] GreenNote-oss-dev.yaml+DEFAULT_GROUP+greennote
2025-11-24 19:56:13.385 [main] INFO  com.alibaba.nacos.client.config.impl.CacheData - [fixed-greennote-127.0.0.1_8848] [add-listener] ok, tenant=greennote, dataId=GreenNote-oss-dev.yaml, group=DEFAULT_GROUP, cnt=1
2025-11-24 19:56:13.385 [main] INFO  c.a.cloud.nacos.refresh.NacosContextRefresher - [Nacos Config] Listening config: dataId=GreenNote-oss-dev.yaml, group=DEFAULT_GROUP
2025-11-24 19:56:13.386 [main] INFO  com.alibaba.nacos.client.config.impl.ClientWorker - [fixed-greennote-127.0.0.1_8848] [subscribe] GreenNote-oss+DEFAULT_GROUP+greennote
2025-11-24 19:56:13.386 [main] INFO  com.alibaba.nacos.client.config.impl.CacheData - [fixed-greennote-127.0.0.1_8848] [add-listener] ok, tenant=greennote, dataId=GreenNote-oss, group=DEFAULT_GROUP, cnt=1
2025-11-24 19:56:13.386 [main] INFO  c.a.cloud.nacos.refresh.NacosContextRefresher - [Nacos Config] Listening config: dataId=GreenNote-oss, group=DEFAULT_GROUP
2025-11-24 19:56:13.386 [main] INFO  com.alibaba.nacos.client.config.impl.ClientWorker - [fixed-greennote-127.0.0.1_8848] [subscribe] GreenNote-oss.yaml+DEFAULT_GROUP+greennote
2025-11-24 19:56:13.386 [main] INFO  com.alibaba.nacos.client.config.impl.CacheData - [fixed-greennote-127.0.0.1_8848] [add-listener] ok, tenant=greennote, dataId=GreenNote-oss.yaml, group=DEFAULT_GROUP, cnt=1
2025-11-24 19:56:13.386 [main] INFO  c.a.cloud.nacos.refresh.NacosContextRefresher - [Nacos Config] Listening config: dataId=GreenNote-oss.yaml, group=DEFAULT_GROUP
2025-11-24 21:07:20.759 [Thread-9] WARN  com.alibaba.nacos.common.notify.NotifyCenter - [NotifyCenter] Start destroying Publisher
2025-11-24 21:07:20.764 [Thread-9] WARN  com.alibaba.nacos.common.notify.NotifyCenter - [NotifyCenter] Destruction of the end
2025-11-24 21:07:20.760 [Thread-2] WARN  c.alibaba.nacos.common.http.HttpClientBeanHolder - [HttpClientBeanHolder] Start destroying common HttpClient
2025-11-24 21:07:20.769 [Thread-2] WARN  c.alibaba.nacos.common.http.HttpClientBeanHolder - [HttpClientBeanHolder] Destruction of the end
2025-11-24 21:07:20.884 [SpringApplicationShutdownHook] INFO  c.a.cloud.nacos.registry.NacosServiceRegistry - De-registering from Nacos Server now...
2025-11-24 21:07:20.885 [SpringApplicationShutdownHook] INFO  com.alibaba.nacos.client.naming - [DEREGISTER-SERVICE] greennote deregistering service GreenNote-oss with instance: Instance{instanceId='null', ip='10.36.15.120', port=8081, weight=1.0, healthy=true, enabled=true, ephemeral=true, clusterName='DEFAULT', serviceName='null', metadata={}}
2025-11-24 21:07:20.895 [SpringApplicationShutdownHook] INFO  c.a.cloud.nacos.registry.NacosServiceRegistry - De-registration finished.
2025-11-24 21:07:20.896 [SpringApplicationShutdownHook] INFO  com.alibaba.nacos.client.naming - com.alibaba.nacos.client.naming.cache.ServiceInfoHolder do shutdown begin
2025-11-24 21:07:20.896 [SpringApplicationShutdownHook] INFO  com.alibaba.nacos.client.naming - com.alibaba.nacos.client.naming.backups.FailoverReactor do shutdown begin
2025-11-24 21:07:20.897 [SpringApplicationShutdownHook] INFO  com.alibaba.nacos.client.naming - com.alibaba.nacos.client.naming.backups.FailoverReactor do shutdown stop
2025-11-24 21:07:20.897 [SpringApplicationShutdownHook] INFO  com.alibaba.nacos.client.naming - com.alibaba.nacos.client.naming.cache.ServiceInfoHolder do shutdown stop
2025-11-24 21:07:20.897 [SpringApplicationShutdownHook] INFO  com.alibaba.nacos.client.naming - com.alibaba.nacos.client.naming.remote.NamingClientProxyDelegate do shutdown begin
2025-11-24 21:07:20.897 [SpringApplicationShutdownHook] INFO  com.alibaba.nacos.client.naming - com.alibaba.nacos.client.naming.core.ServiceInfoUpdateService do shutdown begin
2025-11-24 21:07:20.897 [SpringApplicationShutdownHook] INFO  com.alibaba.nacos.client.naming - com.alibaba.nacos.client.naming.core.ServiceInfoUpdateService do shutdown stop
2025-11-24 21:07:20.897 [SpringApplicationShutdownHook] INFO  com.alibaba.nacos.client.naming - com.alibaba.nacos.client.naming.core.ServerListManager do shutdown begin
2025-11-24 21:07:20.898 [SpringApplicationShutdownHook] WARN  com.alibaba.nacos.client.naming - [NamingHttpClientManager] Start destroying NacosRestTemplate
2025-11-24 21:07:20.898 [SpringApplicationShutdownHook] WARN  com.alibaba.nacos.client.naming - [NamingHttpClientManager] Destruction of the end
2025-11-24 21:07:20.898 [SpringApplicationShutdownHook] INFO  com.alibaba.nacos.client.naming - com.alibaba.nacos.client.naming.core.ServerListManager do shutdown stop
2025-11-24 21:07:20.898 [SpringApplicationShutdownHook] INFO  com.alibaba.nacos.client.naming - com.alibaba.nacos.client.naming.remote.http.NamingHttpClientProxy do shutdown begin
2025-11-24 21:07:20.898 [SpringApplicationShutdownHook] WARN  com.alibaba.nacos.client.naming - [NamingHttpClientManager] Start destroying NacosRestTemplate
2025-11-24 21:07:20.898 [SpringApplicationShutdownHook] WARN  com.alibaba.nacos.client.naming - [NamingHttpClientManager] Destruction of the end
2025-11-24 21:07:20.898 [SpringApplicationShutdownHook] INFO  com.alibaba.nacos.client.naming - com.alibaba.nacos.client.naming.remote.http.NamingHttpClientProxy do shutdown stop
2025-11-24 21:07:20.899 [SpringApplicationShutdownHook] INFO  com.alibaba.nacos.common.remote.client - Shutdown rpc client, set status to shutdown
2025-11-24 21:07:20.899 [SpringApplicationShutdownHook] INFO  com.alibaba.nacos.common.remote.client - Shutdown client event executor java.util.concurrent.ScheduledThreadPoolExecutor@1af507b2[Running, pool size = 2, active threads = 2, queued tasks = 0, completed tasks = 0]
2025-11-24 21:07:20.899 [SpringApplicationShutdownHook] INFO  com.alibaba.nacos.common.remote.client - Close current connection 1763985372996_127.0.0.1_50598
2025-11-24 21:07:20.902 [nacos-grpc-client-executor-127.0.0.1-782] INFO  c.a.nacos.common.remote.client.grpc.GrpcClient - [1763985372996_127.0.0.1_50598]Ignore complete event,isRunning:false,isAbandon=false
2025-11-24 21:07:20.912 [SpringApplicationShutdownHook] INFO  c.a.nacos.common.remote.client.grpc.GrpcClient - Shutdown grpc executor java.util.concurrent.ThreadPoolExecutor@1c215b7b[Running, pool size = 4, active threads = 0, queued tasks = 0, completed tasks = 783]
2025-11-24 21:07:20.912 [SpringApplicationShutdownHook] INFO  com.alibaba.nacos.client.naming - Shutdown grpc redo service executor java.util.concurrent.ScheduledThreadPoolExecutor@e362adc[Running, pool size = 1, active threads = 0, queued tasks = 1, completed tasks = 1272]
2025-11-24 21:07:20.912 [SpringApplicationShutdownHook] INFO  c.a.n.client.auth.ram.identify.CredentialWatcher - [null] CredentialWatcher is stopped
2025-11-24 21:07:20.913 [SpringApplicationShutdownHook] INFO  c.a.n.client.auth.ram.identify.CredentialService - [null] CredentialService is freed
2025-11-24 21:07:20.915 [SpringApplicationShutdownHook] INFO  com.alibaba.nacos.client.naming - com.alibaba.nacos.client.naming.remote.NamingClientProxyDelegate do shutdown stop
2025-11-24 21:07:59.155 [main] WARN  com.alibaba.nacos.client.logging.NacosLogging - Load Logback Configuration of Nacos fail, message: Could not initialize Logback Nacos logging from classpath:nacos-logback.xml
2025-11-24 21:07:59.293 [main] WARN  com.alibaba.nacos.client.logging.NacosLogging - Load Logback Configuration of Nacos fail, message: Could not initialize Logback Nacos logging from classpath:nacos-logback.xml
2025-11-24 21:07:59.826 [main] WARN  com.alibaba.nacos.client.logging.NacosLogging - Load Logback Configuration of Nacos fail, message: Could not initialize Logback Nacos logging from classpath:nacos-logback.xml
2025-11-24 21:07:59.828 [main] INFO  com.alibaba.nacos.client.utils.ParamUtil - [settings] [req-serv] nacos-server port:8848
2025-11-24 21:07:59.828 [main] INFO  com.alibaba.nacos.client.utils.ParamUtil - [settings] [http-client] connect timeout:1000
2025-11-24 21:07:59.829 [main] INFO  com.alibaba.nacos.client.utils.ParamUtil - PER_TASK_CONFIG_SIZE: 3000.0
2025-11-24 21:07:59.878 [main] INFO  c.a.n.p.auth.spi.client.ClientAuthPluginManager - [ClientAuthPluginManager] Load ClientAuthService com.alibaba.nacos.client.auth.impl.NacosClientAuthServiceImpl success.
2025-11-24 21:07:59.879 [main] INFO  c.a.n.p.auth.spi.client.ClientAuthPluginManager - [ClientAuthPluginManager] Load ClientAuthService com.alibaba.nacos.client.auth.ram.RamClientAuthServiceImpl success.
2025-11-24 21:07:59.884 [main] INFO  c.a.n.client.auth.ram.identify.CredentialWatcher - null No credential found
2025-11-24 21:08:00.434 [main] WARN  com.alibaba.nacos.client.logging.NacosLogging - Load Logback Configuration of Nacos fail, message: Could not initialize Logback Nacos logging from classpath:nacos-logback.xml
2025-11-24 21:08:00.461 [main] INFO  c.a.n.client.config.impl.LocalConfigInfoProcessor - LOCAL_SNAPSHOT_PATH:C:\Users\12482\nacos\config
2025-11-24 21:08:00.467 [main] INFO  com.alibaba.nacos.common.remote.client - [RpcClientFactory] create a new rpc client of ae47f1d9-4fe6-4f78-88df-0517b241695a_config-0
2025-11-24 21:08:00.501 [main] INFO  com.alibaba.nacos.common.remote.client - [ae47f1d9-4fe6-4f78-88df-0517b241695a_config-0] Register server push request handler:com.alibaba.nacos.client.config.impl.ClientWorker$ConfigRpcTransportClient$$Lambda$588/0x0000020c0138fb38
2025-11-24 21:08:00.502 [main] INFO  com.alibaba.nacos.common.remote.client - [ae47f1d9-4fe6-4f78-88df-0517b241695a_config-0] Register server push request handler:com.alibaba.nacos.client.config.impl.ClientWorker$ConfigRpcTransportClient$$Lambda$589/0x0000020c01390000
2025-11-24 21:08:00.502 [main] INFO  com.alibaba.nacos.common.remote.client - [ae47f1d9-4fe6-4f78-88df-0517b241695a_config-0] Registry connection listener to current client:com.alibaba.nacos.client.config.impl.ClientWorker$ConfigRpcTransportClient$1
2025-11-24 21:08:00.503 [main] INFO  com.alibaba.nacos.common.remote.client - [ae47f1d9-4fe6-4f78-88df-0517b241695a_config-0] RpcClient init, ServerListFactory = com.alibaba.nacos.client.config.impl.ClientWorker$ConfigRpcTransportClient$2
2025-11-24 21:08:00.522 [main] INFO  com.alibaba.nacos.common.remote.client - [ae47f1d9-4fe6-4f78-88df-0517b241695a_config-0] Try to connect to server on start up, server: {serverIp = '127.0.0.1', server main port = 8848}
2025-11-24 21:08:00.599 [main] INFO  c.a.nacos.common.remote.client.grpc.GrpcClient - grpc client connection server:127.0.0.1 ip,serverPort:9848,grpcTslConfig:{"sslProvider":"OPENSSL","enableTls":false,"mutualAuthEnable":false,"trustAll":false}
2025-11-24 21:08:02.263 [main] INFO  com.alibaba.nacos.common.remote.client - [ae47f1d9-4fe6-4f78-88df-0517b241695a_config-0] Success to connect to server [127.0.0.1:8848] on start up, connectionId = 1763989681992_127.0.0.1_15624
2025-11-24 21:08:02.271 [com.alibaba.nacos.client.remote.worker] INFO  com.alibaba.nacos.common.remote.client - [ae47f1d9-4fe6-4f78-88df-0517b241695a_config-0] Notify connected event to listeners.
2025-11-24 21:08:02.271 [com.alibaba.nacos.client.remote.worker] INFO  com.alibaba.nacos.client.config.impl.ClientWorker - [ae47f1d9-4fe6-4f78-88df-0517b241695a_config-0] Connected,notify listen context...
2025-11-24 21:08:02.272 [main] INFO  com.alibaba.nacos.common.remote.client - [ae47f1d9-4fe6-4f78-88df-0517b241695a_config-0] Register server push request handler:com.alibaba.nacos.common.remote.client.RpcClient$ConnectResetRequestHandler
2025-11-24 21:08:02.273 [main] INFO  com.alibaba.nacos.common.remote.client - [ae47f1d9-4fe6-4f78-88df-0517b241695a_config-0] Register server push request handler:com.alibaba.nacos.common.remote.client.RpcClient$$Lambda$609/0x0000020c014d76d0
2025-11-24 21:08:02.356 [main] INFO  com.alibaba.nacos.client.config.impl.Limiter - limitTime:5.0
2025-11-24 21:08:02.381 [main] WARN  c.a.cloud.nacos.client.NacosPropertySourceBuilder - Ignore the empty nacos configuration and get it based on dataId[GreenNote-oss] & group[DEFAULT_GROUP]
2025-11-24 21:08:02.390 [main] WARN  c.a.cloud.nacos.client.NacosPropertySourceBuilder - Ignore the empty nacos configuration and get it based on dataId[GreenNote-oss.yaml] & group[DEFAULT_GROUP]
2025-11-24 21:08:02.398 [main] WARN  c.a.cloud.nacos.client.NacosPropertySourceBuilder - Ignore the empty nacos configuration and get it based on dataId[GreenNote-oss-dev.yaml] & group[DEFAULT_GROUP]
2025-11-24 21:08:02.400 [main] INFO  o.s.c.b.c.PropertySourceBootstrapConfiguration - Located property source: [BootstrapPropertySource {name='bootstrapProperties-GreenNote-oss-dev.yaml,DEFAULT_GROUP'}, BootstrapPropertySource {name='bootstrapProperties-GreenNote-oss.yaml,DEFAULT_GROUP'}, BootstrapPropertySource {name='bootstrapProperties-GreenNote-oss,DEFAULT_GROUP'}]
2025-11-24 21:08:02.409 [main] WARN  com.alibaba.nacos.client.logging.NacosLogging - Load Logback Configuration of Nacos fail, message: Could not initialize Logback Nacos logging from classpath:nacos-logback.xml
2025-11-24 21:08:02.410 [main] INFO  c.e.greennote.oss.biz.GreenNoteOssBizApplication - The following 1 profile is active: "dev"
2025-11-24 21:08:03.387 [main] INFO  o.springframework.cloud.context.scope.GenericScope - BeanFactory id=9336411e-a514-3c66-a3ff-45e25e22725e
2025-11-24 21:08:04.191 [main] INFO  o.s.boot.web.embedded.tomcat.TomcatWebServer - Tomcat initialized with port(s): 8081 (http)
2025-11-24 21:08:04.209 [main] INFO  org.apache.catalina.core.StandardService - Starting service [Tomcat]
2025-11-24 21:08:04.210 [main] INFO  org.apache.catalina.core.StandardEngine - Starting Servlet engine: [Apache Tomcat/10.1.5]
2025-11-24 21:08:04.331 [main] INFO  o.a.c.core.ContainerBase.[Tomcat].[localhost].[/] - Initializing Spring embedded WebApplicationContext
2025-11-24 21:08:04.332 [main] INFO  o.s.b.w.s.c.ServletWebServerApplicationContext - Root WebApplicationContext: initialization completed in 1903 ms
2025-11-24 21:08:07.009 [main] INFO  o.s.boot.web.embedded.tomcat.TomcatWebServer - Tomcat started on port(s): 8081 (http) with context path ''
2025-11-24 21:08:07.019 [main] INFO  com.alibaba.nacos.client.naming - initializer namespace from ans.namespace attribute : null
2025-11-24 21:08:07.020 [main] INFO  com.alibaba.nacos.client.naming - initializer namespace from ALIBABA_ALIWARE_NAMESPACE attribute :null
2025-11-24 21:08:07.021 [main] INFO  com.alibaba.nacos.client.naming - initializer namespace from namespace attribute :null
2025-11-24 21:08:07.040 [main] INFO  c.a.n.p.auth.spi.client.ClientAuthPluginManager - [ClientAuthPluginManager] Load ClientAuthService com.alibaba.nacos.client.auth.impl.NacosClientAuthServiceImpl success.
2025-11-24 21:08:07.040 [main] INFO  c.a.n.p.auth.spi.client.ClientAuthPluginManager - [ClientAuthPluginManager] Load ClientAuthService com.alibaba.nacos.client.auth.ram.RamClientAuthServiceImpl success.
2025-11-24 21:08:07.048 [main] INFO  com.alibaba.nacos.common.remote.client - [RpcClientFactory] create a new rpc client of 523cc6e0-3304-4770-a0fd-0e3af2167c35
2025-11-24 21:08:07.053 [main] INFO  com.alibaba.nacos.common.remote.client - [523cc6e0-3304-4770-a0fd-0e3af2167c35] RpcClient init, ServerListFactory = com.alibaba.nacos.client.naming.core.ServerListManager
2025-11-24 21:08:07.053 [main] INFO  com.alibaba.nacos.common.remote.client - [523cc6e0-3304-4770-a0fd-0e3af2167c35] Registry connection listener to current client:com.alibaba.nacos.client.naming.remote.gprc.redo.NamingGrpcRedoService
2025-11-24 21:08:07.053 [main] INFO  com.alibaba.nacos.common.remote.client - [523cc6e0-3304-4770-a0fd-0e3af2167c35] Register server push request handler:com.alibaba.nacos.client.naming.remote.gprc.NamingPushRequestHandler
2025-11-24 21:08:07.055 [main] INFO  com.alibaba.nacos.common.remote.client - [523cc6e0-3304-4770-a0fd-0e3af2167c35] Try to connect to server on start up, server: {serverIp = '127.0.0.1', server main port = 8848}
2025-11-24 21:08:07.055 [main] INFO  c.a.nacos.common.remote.client.grpc.GrpcClient - grpc client connection server:127.0.0.1 ip,serverPort:9848,grpcTslConfig:{"sslProvider":"OPENSSL","enableTls":false,"mutualAuthEnable":false,"trustAll":false}
2025-11-24 21:08:07.176 [main] INFO  com.alibaba.nacos.common.remote.client - [523cc6e0-3304-4770-a0fd-0e3af2167c35] Success to connect to server [127.0.0.1:8848] on start up, connectionId = 1763989687065_127.0.0.1_8310
2025-11-24 21:08:07.176 [main] INFO  com.alibaba.nacos.common.remote.client - [523cc6e0-3304-4770-a0fd-0e3af2167c35] Register server push request handler:com.alibaba.nacos.common.remote.client.RpcClient$ConnectResetRequestHandler
2025-11-24 21:08:07.176 [main] INFO  com.alibaba.nacos.common.remote.client - [523cc6e0-3304-4770-a0fd-0e3af2167c35] Register server push request handler:com.alibaba.nacos.common.remote.client.RpcClient$$Lambda$609/0x0000020c014d76d0
2025-11-24 21:08:07.176 [com.alibaba.nacos.client.remote.worker] INFO  com.alibaba.nacos.common.remote.client - [523cc6e0-3304-4770-a0fd-0e3af2167c35] Notify connected event to listeners.
2025-11-24 21:08:07.177 [com.alibaba.nacos.client.remote.worker] INFO  com.alibaba.nacos.client.naming - Grpc connection connect
2025-11-24 21:08:07.179 [main] INFO  com.alibaba.nacos.client.naming - [REGISTER-SERVICE] greennote registering service GreenNote-oss with instance Instance{instanceId='null', ip='10.36.15.120', port=8081, weight=1.0, healthy=true, enabled=true, ephemeral=true, clusterName='DEFAULT', serviceName='null', metadata={IPv6=null, preserved.register.source=SPRING_CLOUD}}
2025-11-24 21:08:07.196 [main] INFO  c.a.cloud.nacos.registry.NacosServiceRegistry - nacos registry, DEFAULT_GROUP GreenNote-oss 10.36.15.120:8081 register finished
2025-11-24 21:08:07.484 [main] INFO  c.e.greennote.oss.biz.GreenNoteOssBizApplication - Started GreenNoteOssBizApplication in 9.68 seconds (process running for 10.604)
2025-11-24 21:08:07.491 [main] INFO  com.alibaba.nacos.client.config.impl.CacheData - nacos.cache.data.init.snapshot = true 
2025-11-24 21:08:07.493 [main] INFO  com.alibaba.nacos.client.config.impl.ClientWorker - [fixed-greennote-127.0.0.1_8848] [subscribe] GreenNote-oss-dev.yaml+DEFAULT_GROUP+greennote
2025-11-24 21:08:07.508 [main] INFO  com.alibaba.nacos.client.config.impl.CacheData - [fixed-greennote-127.0.0.1_8848] [add-listener] ok, tenant=greennote, dataId=GreenNote-oss-dev.yaml, group=DEFAULT_GROUP, cnt=1
2025-11-24 21:08:07.508 [main] INFO  c.a.cloud.nacos.refresh.NacosContextRefresher - [Nacos Config] Listening config: dataId=GreenNote-oss-dev.yaml, group=DEFAULT_GROUP
2025-11-24 21:08:07.508 [main] INFO  com.alibaba.nacos.client.config.impl.ClientWorker - [fixed-greennote-127.0.0.1_8848] [subscribe] GreenNote-oss+DEFAULT_GROUP+greennote
2025-11-24 21:08:07.508 [main] INFO  com.alibaba.nacos.client.config.impl.CacheData - [fixed-greennote-127.0.0.1_8848] [add-listener] ok, tenant=greennote, dataId=GreenNote-oss, group=DEFAULT_GROUP, cnt=1
2025-11-24 21:08:07.508 [main] INFO  c.a.cloud.nacos.refresh.NacosContextRefresher - [Nacos Config] Listening config: dataId=GreenNote-oss, group=DEFAULT_GROUP
2025-11-24 21:08:07.509 [main] INFO  com.alibaba.nacos.client.config.impl.ClientWorker - [fixed-greennote-127.0.0.1_8848] [subscribe] GreenNote-oss.yaml+DEFAULT_GROUP+greennote
2025-11-24 21:08:07.509 [main] INFO  com.alibaba.nacos.client.config.impl.CacheData - [fixed-greennote-127.0.0.1_8848] [add-listener] ok, tenant=greennote, dataId=GreenNote-oss.yaml, group=DEFAULT_GROUP, cnt=1
2025-11-24 21:08:07.509 [main] INFO  c.a.cloud.nacos.refresh.NacosContextRefresher - [Nacos Config] Listening config: dataId=GreenNote-oss.yaml, group=DEFAULT_GROUP
