2026-02-03 11:46:09.400 [main] WARN  com.alibaba.nacos.client.logging.NacosLogging - Load Logback Configuration of Nacos fail, message: Could not initialize Logback Nacos logging from classpath:nacos-logback.xml
2026-02-03 11:46:09.559 [main] WARN  com.alibaba.nacos.client.logging.NacosLogging - Load Logback Configuration of Nacos fail, message: Could not initialize Logback Nacos logging from classpath:nacos-logback.xml
2026-02-03 11:46:10.044 [main] WARN  com.alibaba.nacos.client.logging.NacosLogging - Load Logback Configuration of Nacos fail, message: Could not initialize Logback Nacos logging from classpath:nacos-logback.xml
2026-02-03 11:46:10.047 [main] INFO  com.alibaba.nacos.client.utils.ParamUtil - [settings] [req-serv] nacos-server port:8848
2026-02-03 11:46:10.048 [main] INFO  com.alibaba.nacos.client.utils.ParamUtil - [settings] [http-client] connect timeout:1000
2026-02-03 11:46:10.049 [main] INFO  com.alibaba.nacos.client.utils.ParamUtil - PER_TASK_CONFIG_SIZE: 3000.0
2026-02-03 11:46:10.185 [main] INFO  c.a.n.p.auth.spi.client.ClientAuthPluginManager - [ClientAuthPluginManager] Load ClientAuthService com.alibaba.nacos.client.auth.impl.NacosClientAuthServiceImpl success.
2026-02-03 11:46:10.185 [main] INFO  c.a.n.p.auth.spi.client.ClientAuthPluginManager - [ClientAuthPluginManager] Load ClientAuthService com.alibaba.nacos.client.auth.ram.RamClientAuthServiceImpl success.
2026-02-03 11:46:10.195 [main] INFO  c.a.n.client.auth.ram.identify.CredentialWatcher - null No credential found
2026-02-03 11:46:10.656 [main] WARN  com.alibaba.nacos.client.logging.NacosLogging - Load Logback Configuration of Nacos fail, message: Could not initialize Logback Nacos logging from classpath:nacos-logback.xml
2026-02-03 11:46:10.689 [main] INFO  c.a.n.client.config.impl.LocalConfigInfoProcessor - LOCAL_SNAPSHOT_PATH:C:\Users\12482\nacos\config
2026-02-03 11:46:10.695 [main] INFO  com.alibaba.nacos.common.remote.client - [RpcClientFactory] create a new rpc client of 90990b20-f60e-43e5-9960-4ed73d8e2d7a_config-0
2026-02-03 11:46:10.734 [main] INFO  com.alibaba.nacos.common.remote.client - [90990b20-f60e-43e5-9960-4ed73d8e2d7a_config-0] Register server push request handler:com.alibaba.nacos.client.config.impl.ClientWorker$ConfigRpcTransportClient$$Lambda$577/0x00000233cf368848
2026-02-03 11:46:10.734 [main] INFO  com.alibaba.nacos.common.remote.client - [90990b20-f60e-43e5-9960-4ed73d8e2d7a_config-0] Register server push request handler:com.alibaba.nacos.client.config.impl.ClientWorker$ConfigRpcTransportClient$$Lambda$578/0x00000233cf368c68
2026-02-03 11:46:10.735 [main] INFO  com.alibaba.nacos.common.remote.client - [90990b20-f60e-43e5-9960-4ed73d8e2d7a_config-0] Registry connection listener to current client:com.alibaba.nacos.client.config.impl.ClientWorker$ConfigRpcTransportClient$1
2026-02-03 11:46:10.735 [main] INFO  com.alibaba.nacos.common.remote.client - [90990b20-f60e-43e5-9960-4ed73d8e2d7a_config-0] RpcClient init, ServerListFactory = com.alibaba.nacos.client.config.impl.ClientWorker$ConfigRpcTransportClient$2
2026-02-03 11:46:10.748 [main] INFO  com.alibaba.nacos.common.remote.client - [90990b20-f60e-43e5-9960-4ed73d8e2d7a_config-0] Try to connect to server on start up, server: {serverIp = '127.0.0.1', server main port = 8848}
2026-02-03 11:46:10.823 [main] INFO  c.a.nacos.common.remote.client.grpc.GrpcClient - grpc client connection server:127.0.0.1 ip,serverPort:9848,grpcTslConfig:{"sslProvider":"OPENSSL","enableTls":false,"mutualAuthEnable":false,"trustAll":false}
2026-02-03 11:46:13.002 [main] INFO  com.alibaba.nacos.common.remote.client - [90990b20-f60e-43e5-9960-4ed73d8e2d7a_config-0] Success to connect to server [127.0.0.1:8848] on start up, connectionId = 1770140772578_127.0.0.1_48363
2026-02-03 11:46:13.004 [com.alibaba.nacos.client.remote.worker] INFO  com.alibaba.nacos.common.remote.client - [90990b20-f60e-43e5-9960-4ed73d8e2d7a_config-0] Notify connected event to listeners.
2026-02-03 11:46:13.004 [com.alibaba.nacos.client.remote.worker] INFO  com.alibaba.nacos.client.config.impl.ClientWorker - [90990b20-f60e-43e5-9960-4ed73d8e2d7a_config-0] Connected,notify listen context...
2026-02-03 11:46:13.004 [main] INFO  com.alibaba.nacos.common.remote.client - [90990b20-f60e-43e5-9960-4ed73d8e2d7a_config-0] Register server push request handler:com.alibaba.nacos.common.remote.client.RpcClient$ConnectResetRequestHandler
2026-02-03 11:46:13.005 [main] INFO  com.alibaba.nacos.common.remote.client - [90990b20-f60e-43e5-9960-4ed73d8e2d7a_config-0] Register server push request handler:com.alibaba.nacos.common.remote.client.RpcClient$$Lambda$598/0x00000233cf4d0a88
2026-02-03 11:46:13.124 [main] INFO  com.alibaba.nacos.client.config.impl.Limiter - limitTime:5.0
2026-02-03 11:46:13.265 [main] WARN  c.a.cloud.nacos.client.NacosPropertySourceBuilder - Ignore the empty nacos configuration and get it based on dataId[GreenNote-oss] & group[DEFAULT_GROUP]
2026-02-03 11:46:13.283 [main] WARN  c.a.cloud.nacos.client.NacosPropertySourceBuilder - Ignore the empty nacos configuration and get it based on dataId[GreenNote-oss.yaml] & group[DEFAULT_GROUP]
2026-02-03 11:46:13.303 [main] WARN  c.a.cloud.nacos.client.NacosPropertySourceBuilder - Ignore the empty nacos configuration and get it based on dataId[GreenNote-oss-dev.yaml] & group[DEFAULT_GROUP]
2026-02-03 11:46:13.305 [main] INFO  o.s.c.b.c.PropertySourceBootstrapConfiguration - Located property source: [BootstrapPropertySource {name='bootstrapProperties-GreenNote-oss-dev.yaml,DEFAULT_GROUP'}, BootstrapPropertySource {name='bootstrapProperties-GreenNote-oss.yaml,DEFAULT_GROUP'}, BootstrapPropertySource {name='bootstrapProperties-GreenNote-oss,DEFAULT_GROUP'}]
2026-02-03 11:46:13.320 [main] WARN  com.alibaba.nacos.client.logging.NacosLogging - Load Logback Configuration of Nacos fail, message: Could not initialize Logback Nacos logging from classpath:nacos-logback.xml
2026-02-03 11:46:13.321 [main] INFO  c.e.g.search.biz.GreenNoteOssBizApplication - The following 1 profile is active: "dev"
2026-02-03 11:46:14.510 [main] INFO  o.springframework.cloud.context.scope.GenericScope - BeanFactory id=9336411e-a514-3c66-a3ff-45e25e22725e
2026-02-03 11:46:15.632 [main] INFO  o.s.boot.web.embedded.tomcat.TomcatWebServer - Tomcat initialized with port(s): 8081 (http)
2026-02-03 11:46:15.658 [main] INFO  org.apache.catalina.core.StandardService - Starting service [Tomcat]
2026-02-03 11:46:15.659 [main] INFO  org.apache.catalina.core.StandardEngine - Starting Servlet engine: [Apache Tomcat/10.1.5]
2026-02-03 11:46:15.861 [main] INFO  o.a.c.core.ContainerBase.[Tomcat].[localhost].[/] - Initializing Spring embedded WebApplicationContext
2026-02-03 11:46:15.861 [main] INFO  o.s.b.w.s.c.ServletWebServerApplicationContext - Root WebApplicationContext: initialization completed in 2515 ms
2026-02-03 11:46:20.580 [main] WARN  o.s.b.w.s.c.AnnotationConfigServletWebServerApplicationContext - Exception encountered during context initialization - cancelling refresh attempt: org.springframework.context.ApplicationContextException: Failed to start bean 'webServerStartStop'
2026-02-03 11:46:20.585 [main] INFO  org.apache.catalina.core.StandardService - Stopping service [Tomcat]
2026-02-03 11:46:20.614 [main] INFO  o.s.b.a.logging.ConditionEvaluationReportLogger - 

Error starting ApplicationContext. To display the condition evaluation report re-run your application with 'debug' enabled.
2026-02-03 11:46:20.672 [main] ERROR o.s.b.diagnostics.LoggingFailureAnalysisReporter - 

***************************
APPLICATION FAILED TO START
***************************

Description:

Web server failed to start. Port 8081 was already in use.

Action:

Identify and stop the process that's listening on port 8081 or configure this application to listen on another port.

2026-02-03 11:46:20.675 [Thread-9] WARN  com.alibaba.nacos.common.notify.NotifyCenter - [NotifyCenter] Start destroying Publisher
2026-02-03 11:46:20.675 [Thread-2] WARN  c.alibaba.nacos.common.http.HttpClientBeanHolder - [HttpClientBeanHolder] Start destroying common HttpClient
2026-02-03 11:46:20.675 [Thread-9] WARN  com.alibaba.nacos.common.notify.NotifyCenter - [NotifyCenter] Destruction of the end
2026-02-03 11:46:20.676 [Thread-2] WARN  c.alibaba.nacos.common.http.HttpClientBeanHolder - [HttpClientBeanHolder] Destruction of the end
2026-02-03 11:51:50.067 [main] WARN  com.alibaba.nacos.client.logging.NacosLogging - Load Logback Configuration of Nacos fail, message: Could not initialize Logback Nacos logging from classpath:nacos-logback.xml
2026-02-03 11:51:50.196 [main] WARN  com.alibaba.nacos.client.logging.NacosLogging - Load Logback Configuration of Nacos fail, message: Could not initialize Logback Nacos logging from classpath:nacos-logback.xml
2026-02-03 11:51:50.671 [main] WARN  com.alibaba.nacos.client.logging.NacosLogging - Load Logback Configuration of Nacos fail, message: Could not initialize Logback Nacos logging from classpath:nacos-logback.xml
2026-02-03 11:51:50.673 [main] INFO  com.alibaba.nacos.client.utils.ParamUtil - [settings] [req-serv] nacos-server port:8848
2026-02-03 11:51:50.673 [main] INFO  com.alibaba.nacos.client.utils.ParamUtil - [settings] [http-client] connect timeout:1000
2026-02-03 11:51:50.676 [main] INFO  com.alibaba.nacos.client.utils.ParamUtil - PER_TASK_CONFIG_SIZE: 3000.0
2026-02-03 11:51:50.737 [main] INFO  c.a.n.p.auth.spi.client.ClientAuthPluginManager - [ClientAuthPluginManager] Load ClientAuthService com.alibaba.nacos.client.auth.impl.NacosClientAuthServiceImpl success.
2026-02-03 11:51:50.738 [main] INFO  c.a.n.p.auth.spi.client.ClientAuthPluginManager - [ClientAuthPluginManager] Load ClientAuthService com.alibaba.nacos.client.auth.ram.RamClientAuthServiceImpl success.
2026-02-03 11:51:50.743 [main] INFO  c.a.n.client.auth.ram.identify.CredentialWatcher - null No credential found
2026-02-03 11:51:51.240 [main] WARN  com.alibaba.nacos.client.logging.NacosLogging - Load Logback Configuration of Nacos fail, message: Could not initialize Logback Nacos logging from classpath:nacos-logback.xml
2026-02-03 11:51:51.268 [main] INFO  c.a.n.client.config.impl.LocalConfigInfoProcessor - LOCAL_SNAPSHOT_PATH:C:\Users\12482\nacos\config
2026-02-03 11:51:51.275 [main] INFO  com.alibaba.nacos.common.remote.client - [RpcClientFactory] create a new rpc client of a296dea1-fe20-483a-b148-9deb879c956d_config-0
2026-02-03 11:51:51.308 [main] INFO  com.alibaba.nacos.common.remote.client - [a296dea1-fe20-483a-b148-9deb879c956d_config-0] Register server push request handler:com.alibaba.nacos.client.config.impl.ClientWorker$ConfigRpcTransportClient$$Lambda$589/0x000001648138fd68
2026-02-03 11:51:51.308 [main] INFO  com.alibaba.nacos.common.remote.client - [a296dea1-fe20-483a-b148-9deb879c956d_config-0] Register server push request handler:com.alibaba.nacos.client.config.impl.ClientWorker$ConfigRpcTransportClient$$Lambda$590/0x0000016481390200
2026-02-03 11:51:51.309 [main] INFO  com.alibaba.nacos.common.remote.client - [a296dea1-fe20-483a-b148-9deb879c956d_config-0] Registry connection listener to current client:com.alibaba.nacos.client.config.impl.ClientWorker$ConfigRpcTransportClient$1
2026-02-03 11:51:51.310 [main] INFO  com.alibaba.nacos.common.remote.client - [a296dea1-fe20-483a-b148-9deb879c956d_config-0] RpcClient init, ServerListFactory = com.alibaba.nacos.client.config.impl.ClientWorker$ConfigRpcTransportClient$2
2026-02-03 11:51:51.329 [main] INFO  com.alibaba.nacos.common.remote.client - [a296dea1-fe20-483a-b148-9deb879c956d_config-0] Try to connect to server on start up, server: {serverIp = '127.0.0.1', server main port = 8848}
2026-02-03 11:51:51.395 [main] INFO  c.a.nacos.common.remote.client.grpc.GrpcClient - grpc client connection server:127.0.0.1 ip,serverPort:9848,grpcTslConfig:{"sslProvider":"OPENSSL","enableTls":false,"mutualAuthEnable":false,"trustAll":false}
2026-02-03 11:51:53.153 [main] INFO  com.alibaba.nacos.common.remote.client - [a296dea1-fe20-483a-b148-9deb879c956d_config-0] Success to connect to server [127.0.0.1:8848] on start up, connectionId = 1770141112811_127.0.0.1_25981
2026-02-03 11:51:53.154 [com.alibaba.nacos.client.remote.worker] INFO  com.alibaba.nacos.common.remote.client - [a296dea1-fe20-483a-b148-9deb879c956d_config-0] Notify connected event to listeners.
2026-02-03 11:51:53.155 [com.alibaba.nacos.client.remote.worker] INFO  com.alibaba.nacos.client.config.impl.ClientWorker - [a296dea1-fe20-483a-b148-9deb879c956d_config-0] Connected,notify listen context...
2026-02-03 11:51:53.156 [main] INFO  com.alibaba.nacos.common.remote.client - [a296dea1-fe20-483a-b148-9deb879c956d_config-0] Register server push request handler:com.alibaba.nacos.common.remote.client.RpcClient$ConnectResetRequestHandler
2026-02-03 11:51:53.156 [main] INFO  com.alibaba.nacos.common.remote.client - [a296dea1-fe20-483a-b148-9deb879c956d_config-0] Register server push request handler:com.alibaba.nacos.common.remote.client.RpcClient$$Lambda$610/0x00000164814d76d8
2026-02-03 11:51:53.253 [main] INFO  com.alibaba.nacos.client.config.impl.Limiter - limitTime:5.0
2026-02-03 11:51:53.281 [main] WARN  c.a.cloud.nacos.client.NacosPropertySourceBuilder - Ignore the empty nacos configuration and get it based on dataId[GreenNote-oss] & group[DEFAULT_GROUP]
2026-02-03 11:51:53.294 [main] WARN  c.a.cloud.nacos.client.NacosPropertySourceBuilder - Ignore the empty nacos configuration and get it based on dataId[GreenNote-oss.yaml] & group[DEFAULT_GROUP]
2026-02-03 11:51:53.304 [main] WARN  c.a.cloud.nacos.client.NacosPropertySourceBuilder - Ignore the empty nacos configuration and get it based on dataId[GreenNote-oss-dev.yaml] & group[DEFAULT_GROUP]
2026-02-03 11:51:53.306 [main] INFO  o.s.c.b.c.PropertySourceBootstrapConfiguration - Located property source: [BootstrapPropertySource {name='bootstrapProperties-GreenNote-oss-dev.yaml,DEFAULT_GROUP'}, BootstrapPropertySource {name='bootstrapProperties-GreenNote-oss.yaml,DEFAULT_GROUP'}, BootstrapPropertySource {name='bootstrapProperties-GreenNote-oss,DEFAULT_GROUP'}]
2026-02-03 11:51:53.313 [main] WARN  com.alibaba.nacos.client.logging.NacosLogging - Load Logback Configuration of Nacos fail, message: Could not initialize Logback Nacos logging from classpath:nacos-logback.xml
2026-02-03 11:51:53.314 [main] INFO  c.e.g.search.biz.GreenNoteOssBizApplication - The following 1 profile is active: "dev"
2026-02-03 11:51:54.304 [main] INFO  o.springframework.cloud.context.scope.GenericScope - BeanFactory id=9336411e-a514-3c66-a3ff-45e25e22725e
2026-02-03 11:51:55.340 [main] INFO  o.s.boot.web.embedded.tomcat.TomcatWebServer - Tomcat initialized with port(s): 8081 (http)
2026-02-03 11:51:55.363 [main] INFO  org.apache.catalina.core.StandardService - Starting service [Tomcat]
2026-02-03 11:51:55.365 [main] INFO  org.apache.catalina.core.StandardEngine - Starting Servlet engine: [Apache Tomcat/10.1.5]
2026-02-03 11:51:55.913 [main] INFO  o.a.c.core.ContainerBase.[Tomcat].[localhost].[/] - Initializing Spring embedded WebApplicationContext
2026-02-03 11:51:55.918 [main] INFO  o.s.b.w.s.c.ServletWebServerApplicationContext - Root WebApplicationContext: initialization completed in 2580 ms
2026-02-03 11:51:59.849 [main] WARN  o.s.b.w.s.c.AnnotationConfigServletWebServerApplicationContext - Exception encountered during context initialization - cancelling refresh attempt: org.springframework.context.ApplicationContextException: Failed to start bean 'webServerStartStop'
2026-02-03 11:51:59.855 [main] INFO  org.apache.catalina.core.StandardService - Stopping service [Tomcat]
2026-02-03 11:51:59.880 [main] INFO  o.s.b.a.logging.ConditionEvaluationReportLogger - 

Error starting ApplicationContext. To display the condition evaluation report re-run your application with 'debug' enabled.
2026-02-03 11:51:59.936 [main] ERROR o.s.b.diagnostics.LoggingFailureAnalysisReporter - 

***************************
APPLICATION FAILED TO START
***************************

Description:

Web server failed to start. Port 8081 was already in use.

Action:

Identify and stop the process that's listening on port 8081 or configure this application to listen on another port.

2026-02-03 11:51:59.939 [Thread-2] WARN  c.alibaba.nacos.common.http.HttpClientBeanHolder - [HttpClientBeanHolder] Start destroying common HttpClient
2026-02-03 11:51:59.939 [Thread-9] WARN  com.alibaba.nacos.common.notify.NotifyCenter - [NotifyCenter] Start destroying Publisher
2026-02-03 11:51:59.939 [Thread-9] WARN  com.alibaba.nacos.common.notify.NotifyCenter - [NotifyCenter] Destruction of the end
2026-02-03 11:51:59.940 [Thread-2] WARN  c.alibaba.nacos.common.http.HttpClientBeanHolder - [HttpClientBeanHolder] Destruction of the end
2026-02-03 11:59:12.689 [main] WARN  com.alibaba.nacos.client.logging.NacosLogging - Load Logback Configuration of Nacos fail, message: Could not initialize Logback Nacos logging from classpath:nacos-logback.xml
2026-02-03 11:59:12.806 [main] WARN  com.alibaba.nacos.client.logging.NacosLogging - Load Logback Configuration of Nacos fail, message: Could not initialize Logback Nacos logging from classpath:nacos-logback.xml
2026-02-03 11:59:13.224 [main] WARN  com.alibaba.nacos.client.logging.NacosLogging - Load Logback Configuration of Nacos fail, message: Could not initialize Logback Nacos logging from classpath:nacos-logback.xml
2026-02-03 11:59:13.227 [main] INFO  com.alibaba.nacos.client.utils.ParamUtil - [settings] [req-serv] nacos-server port:8848
2026-02-03 11:59:13.227 [main] INFO  com.alibaba.nacos.client.utils.ParamUtil - [settings] [http-client] connect timeout:1000
2026-02-03 11:59:13.229 [main] INFO  com.alibaba.nacos.client.utils.ParamUtil - PER_TASK_CONFIG_SIZE: 3000.0
2026-02-03 11:59:13.280 [main] INFO  c.a.n.p.auth.spi.client.ClientAuthPluginManager - [ClientAuthPluginManager] Load ClientAuthService com.alibaba.nacos.client.auth.impl.NacosClientAuthServiceImpl success.
2026-02-03 11:59:13.280 [main] INFO  c.a.n.p.auth.spi.client.ClientAuthPluginManager - [ClientAuthPluginManager] Load ClientAuthService com.alibaba.nacos.client.auth.ram.RamClientAuthServiceImpl success.
2026-02-03 11:59:13.285 [main] INFO  c.a.n.client.auth.ram.identify.CredentialWatcher - null No credential found
2026-02-03 11:59:13.767 [main] WARN  com.alibaba.nacos.client.logging.NacosLogging - Load Logback Configuration of Nacos fail, message: Could not initialize Logback Nacos logging from classpath:nacos-logback.xml
2026-02-03 11:59:13.796 [main] INFO  c.a.n.client.config.impl.LocalConfigInfoProcessor - LOCAL_SNAPSHOT_PATH:C:\Users\12482\nacos\config
2026-02-03 11:59:13.805 [main] INFO  com.alibaba.nacos.common.remote.client - [RpcClientFactory] create a new rpc client of 742be693-66eb-47ca-86c1-d6b6d1409fdb_config-0
2026-02-03 11:59:13.846 [main] INFO  com.alibaba.nacos.common.remote.client - [742be693-66eb-47ca-86c1-d6b6d1409fdb_config-0] Register server push request handler:com.alibaba.nacos.client.config.impl.ClientWorker$ConfigRpcTransportClient$$Lambda$589/0x0000020b233901f8
2026-02-03 11:59:13.847 [main] INFO  com.alibaba.nacos.common.remote.client - [742be693-66eb-47ca-86c1-d6b6d1409fdb_config-0] Register server push request handler:com.alibaba.nacos.client.config.impl.ClientWorker$ConfigRpcTransportClient$$Lambda$590/0x0000020b23390618
2026-02-03 11:59:13.848 [main] INFO  com.alibaba.nacos.common.remote.client - [742be693-66eb-47ca-86c1-d6b6d1409fdb_config-0] Registry connection listener to current client:com.alibaba.nacos.client.config.impl.ClientWorker$ConfigRpcTransportClient$1
2026-02-03 11:59:13.849 [main] INFO  com.alibaba.nacos.common.remote.client - [742be693-66eb-47ca-86c1-d6b6d1409fdb_config-0] RpcClient init, ServerListFactory = com.alibaba.nacos.client.config.impl.ClientWorker$ConfigRpcTransportClient$2
2026-02-03 11:59:13.866 [main] INFO  com.alibaba.nacos.common.remote.client - [742be693-66eb-47ca-86c1-d6b6d1409fdb_config-0] Try to connect to server on start up, server: {serverIp = '127.0.0.1', server main port = 8848}
2026-02-03 11:59:13.940 [main] INFO  c.a.nacos.common.remote.client.grpc.GrpcClient - grpc client connection server:127.0.0.1 ip,serverPort:9848,grpcTslConfig:{"sslProvider":"OPENSSL","enableTls":false,"mutualAuthEnable":false,"trustAll":false}
2026-02-03 11:59:15.540 [main] INFO  com.alibaba.nacos.common.remote.client - [742be693-66eb-47ca-86c1-d6b6d1409fdb_config-0] Success to connect to server [127.0.0.1:8848] on start up, connectionId = 1770141555275_127.0.0.1_31520
2026-02-03 11:59:15.541 [com.alibaba.nacos.client.remote.worker] INFO  com.alibaba.nacos.common.remote.client - [742be693-66eb-47ca-86c1-d6b6d1409fdb_config-0] Notify connected event to listeners.
2026-02-03 11:59:15.542 [com.alibaba.nacos.client.remote.worker] INFO  com.alibaba.nacos.client.config.impl.ClientWorker - [742be693-66eb-47ca-86c1-d6b6d1409fdb_config-0] Connected,notify listen context...
2026-02-03 11:59:15.542 [main] INFO  com.alibaba.nacos.common.remote.client - [742be693-66eb-47ca-86c1-d6b6d1409fdb_config-0] Register server push request handler:com.alibaba.nacos.common.remote.client.RpcClient$ConnectResetRequestHandler
2026-02-03 11:59:15.542 [main] INFO  com.alibaba.nacos.common.remote.client - [742be693-66eb-47ca-86c1-d6b6d1409fdb_config-0] Register server push request handler:com.alibaba.nacos.common.remote.client.RpcClient$$Lambda$610/0x0000020b234d8228
2026-02-03 11:59:15.619 [main] INFO  com.alibaba.nacos.client.config.impl.Limiter - limitTime:5.0
2026-02-03 11:59:15.649 [main] WARN  c.a.cloud.nacos.client.NacosPropertySourceBuilder - Ignore the empty nacos configuration and get it based on dataId[GreenNote-oss] & group[DEFAULT_GROUP]
2026-02-03 11:59:15.669 [main] WARN  c.a.cloud.nacos.client.NacosPropertySourceBuilder - Ignore the empty nacos configuration and get it based on dataId[GreenNote-oss.yaml] & group[DEFAULT_GROUP]
2026-02-03 11:59:15.681 [main] WARN  c.a.cloud.nacos.client.NacosPropertySourceBuilder - Ignore the empty nacos configuration and get it based on dataId[GreenNote-oss-dev.yaml] & group[DEFAULT_GROUP]
2026-02-03 11:59:15.683 [main] INFO  o.s.c.b.c.PropertySourceBootstrapConfiguration - Located property source: [BootstrapPropertySource {name='bootstrapProperties-GreenNote-oss-dev.yaml,DEFAULT_GROUP'}, BootstrapPropertySource {name='bootstrapProperties-GreenNote-oss.yaml,DEFAULT_GROUP'}, BootstrapPropertySource {name='bootstrapProperties-GreenNote-oss,DEFAULT_GROUP'}]
2026-02-03 11:59:15.691 [main] WARN  com.alibaba.nacos.client.logging.NacosLogging - Load Logback Configuration of Nacos fail, message: Could not initialize Logback Nacos logging from classpath:nacos-logback.xml
2026-02-03 11:59:15.693 [main] INFO  c.e.g.search.biz.GreenNoteOssBizApplication - The following 1 profile is active: "dev"
2026-02-03 11:59:16.689 [main] INFO  o.springframework.cloud.context.scope.GenericScope - BeanFactory id=9336411e-a514-3c66-a3ff-45e25e22725e
2026-02-03 11:59:17.388 [main] INFO  o.s.boot.web.embedded.tomcat.TomcatWebServer - Tomcat initialized with port(s): 8081 (http)
2026-02-03 11:59:17.403 [main] INFO  org.apache.catalina.core.StandardService - Starting service [Tomcat]
2026-02-03 11:59:17.404 [main] INFO  org.apache.catalina.core.StandardEngine - Starting Servlet engine: [Apache Tomcat/10.1.5]
2026-02-03 11:59:17.989 [main] INFO  o.a.c.core.ContainerBase.[Tomcat].[localhost].[/] - Initializing Spring embedded WebApplicationContext
2026-02-03 11:59:17.990 [main] INFO  o.s.b.w.s.c.ServletWebServerApplicationContext - Root WebApplicationContext: initialization completed in 2270 ms
2026-02-03 11:59:22.119 [main] WARN  o.s.b.w.s.c.AnnotationConfigServletWebServerApplicationContext - Exception encountered during context initialization - cancelling refresh attempt: org.springframework.context.ApplicationContextException: Failed to start bean 'webServerStartStop'
2026-02-03 11:59:22.126 [main] INFO  org.apache.catalina.core.StandardService - Stopping service [Tomcat]
2026-02-03 11:59:22.152 [main] INFO  o.s.b.a.logging.ConditionEvaluationReportLogger - 

Error starting ApplicationContext. To display the condition evaluation report re-run your application with 'debug' enabled.
2026-02-03 11:59:22.201 [main] ERROR o.s.b.diagnostics.LoggingFailureAnalysisReporter - 

***************************
APPLICATION FAILED TO START
***************************

Description:

Web server failed to start. Port 8081 was already in use.

Action:

Identify and stop the process that's listening on port 8081 or configure this application to listen on another port.

2026-02-03 11:59:22.203 [Thread-2] WARN  c.alibaba.nacos.common.http.HttpClientBeanHolder - [HttpClientBeanHolder] Start destroying common HttpClient
2026-02-03 11:59:22.203 [Thread-9] WARN  com.alibaba.nacos.common.notify.NotifyCenter - [NotifyCenter] Start destroying Publisher
2026-02-03 11:59:22.203 [Thread-9] WARN  com.alibaba.nacos.common.notify.NotifyCenter - [NotifyCenter] Destruction of the end
2026-02-03 11:59:22.204 [Thread-2] WARN  c.alibaba.nacos.common.http.HttpClientBeanHolder - [HttpClientBeanHolder] Destruction of the end
2026-02-03 12:21:14.974 [main] WARN  com.alibaba.nacos.client.logging.NacosLogging - Load Logback Configuration of Nacos fail, message: Could not initialize Logback Nacos logging from classpath:nacos-logback.xml
2026-02-03 12:21:15.073 [main] WARN  com.alibaba.nacos.client.logging.NacosLogging - Load Logback Configuration of Nacos fail, message: Could not initialize Logback Nacos logging from classpath:nacos-logback.xml
2026-02-03 12:21:15.523 [main] WARN  com.alibaba.nacos.client.logging.NacosLogging - Load Logback Configuration of Nacos fail, message: Could not initialize Logback Nacos logging from classpath:nacos-logback.xml
2026-02-03 12:21:15.526 [main] INFO  com.alibaba.nacos.client.utils.ParamUtil - [settings] [req-serv] nacos-server port:8848
2026-02-03 12:21:15.527 [main] INFO  com.alibaba.nacos.client.utils.ParamUtil - [settings] [http-client] connect timeout:1000
2026-02-03 12:21:15.529 [main] INFO  com.alibaba.nacos.client.utils.ParamUtil - PER_TASK_CONFIG_SIZE: 3000.0
2026-02-03 12:21:15.581 [main] INFO  c.a.n.p.auth.spi.client.ClientAuthPluginManager - [ClientAuthPluginManager] Load ClientAuthService com.alibaba.nacos.client.auth.impl.NacosClientAuthServiceImpl success.
2026-02-03 12:21:15.582 [main] INFO  c.a.n.p.auth.spi.client.ClientAuthPluginManager - [ClientAuthPluginManager] Load ClientAuthService com.alibaba.nacos.client.auth.ram.RamClientAuthServiceImpl success.
2026-02-03 12:21:15.586 [main] INFO  c.a.n.client.auth.ram.identify.CredentialWatcher - null No credential found
2026-02-03 12:21:15.993 [main] WARN  com.alibaba.nacos.client.logging.NacosLogging - Load Logback Configuration of Nacos fail, message: Could not initialize Logback Nacos logging from classpath:nacos-logback.xml
2026-02-03 12:21:16.018 [main] INFO  c.a.n.client.config.impl.LocalConfigInfoProcessor - LOCAL_SNAPSHOT_PATH:C:\Users\12482\nacos\config
2026-02-03 12:21:16.025 [main] INFO  com.alibaba.nacos.common.remote.client - [RpcClientFactory] create a new rpc client of a466afc2-0d43-4efd-9e48-5ceeb84a4974_config-0
2026-02-03 12:21:16.051 [main] INFO  com.alibaba.nacos.common.remote.client - [a466afc2-0d43-4efd-9e48-5ceeb84a4974_config-0] Register server push request handler:com.alibaba.nacos.client.config.impl.ClientWorker$ConfigRpcTransportClient$$Lambda$589/0x0000019da538fd00
2026-02-03 12:21:16.052 [main] INFO  com.alibaba.nacos.common.remote.client - [a466afc2-0d43-4efd-9e48-5ceeb84a4974_config-0] Register server push request handler:com.alibaba.nacos.client.config.impl.ClientWorker$ConfigRpcTransportClient$$Lambda$590/0x0000019da5390200
2026-02-03 12:21:16.053 [main] INFO  com.alibaba.nacos.common.remote.client - [a466afc2-0d43-4efd-9e48-5ceeb84a4974_config-0] Registry connection listener to current client:com.alibaba.nacos.client.config.impl.ClientWorker$ConfigRpcTransportClient$1
2026-02-03 12:21:16.053 [main] INFO  com.alibaba.nacos.common.remote.client - [a466afc2-0d43-4efd-9e48-5ceeb84a4974_config-0] RpcClient init, ServerListFactory = com.alibaba.nacos.client.config.impl.ClientWorker$ConfigRpcTransportClient$2
2026-02-03 12:21:16.064 [main] INFO  com.alibaba.nacos.common.remote.client - [a466afc2-0d43-4efd-9e48-5ceeb84a4974_config-0] Try to connect to server on start up, server: {serverIp = '127.0.0.1', server main port = 8848}
2026-02-03 12:21:16.123 [main] INFO  c.a.nacos.common.remote.client.grpc.GrpcClient - grpc client connection server:127.0.0.1 ip,serverPort:9848,grpcTslConfig:{"sslProvider":"OPENSSL","enableTls":false,"mutualAuthEnable":false,"trustAll":false}
2026-02-03 12:21:17.492 [main] INFO  com.alibaba.nacos.common.remote.client - [a466afc2-0d43-4efd-9e48-5ceeb84a4974_config-0] Success to connect to server [127.0.0.1:8848] on start up, connectionId = 1770142877241_127.0.0.1_42307
2026-02-03 12:21:17.492 [com.alibaba.nacos.client.remote.worker] INFO  com.alibaba.nacos.common.remote.client - [a466afc2-0d43-4efd-9e48-5ceeb84a4974_config-0] Notify connected event to listeners.
2026-02-03 12:21:17.492 [com.alibaba.nacos.client.remote.worker] INFO  com.alibaba.nacos.client.config.impl.ClientWorker - [a466afc2-0d43-4efd-9e48-5ceeb84a4974_config-0] Connected,notify listen context...
2026-02-03 12:21:17.493 [main] INFO  com.alibaba.nacos.common.remote.client - [a466afc2-0d43-4efd-9e48-5ceeb84a4974_config-0] Register server push request handler:com.alibaba.nacos.common.remote.client.RpcClient$ConnectResetRequestHandler
2026-02-03 12:21:17.493 [main] INFO  com.alibaba.nacos.common.remote.client - [a466afc2-0d43-4efd-9e48-5ceeb84a4974_config-0] Register server push request handler:com.alibaba.nacos.common.remote.client.RpcClient$$Lambda$610/0x0000019da54d76d0
2026-02-03 12:21:17.573 [main] INFO  com.alibaba.nacos.client.config.impl.Limiter - limitTime:5.0
2026-02-03 12:21:17.600 [main] WARN  c.a.cloud.nacos.client.NacosPropertySourceBuilder - Ignore the empty nacos configuration and get it based on dataId[GreenNote-oss] & group[DEFAULT_GROUP]
2026-02-03 12:21:17.612 [main] WARN  c.a.cloud.nacos.client.NacosPropertySourceBuilder - Ignore the empty nacos configuration and get it based on dataId[GreenNote-oss.yaml] & group[DEFAULT_GROUP]
2026-02-03 12:21:17.621 [main] WARN  c.a.cloud.nacos.client.NacosPropertySourceBuilder - Ignore the empty nacos configuration and get it based on dataId[GreenNote-oss-dev.yaml] & group[DEFAULT_GROUP]
2026-02-03 12:21:17.623 [main] INFO  o.s.c.b.c.PropertySourceBootstrapConfiguration - Located property source: [BootstrapPropertySource {name='bootstrapProperties-GreenNote-oss-dev.yaml,DEFAULT_GROUP'}, BootstrapPropertySource {name='bootstrapProperties-GreenNote-oss.yaml,DEFAULT_GROUP'}, BootstrapPropertySource {name='bootstrapProperties-GreenNote-oss,DEFAULT_GROUP'}]
2026-02-03 12:21:17.630 [main] WARN  com.alibaba.nacos.client.logging.NacosLogging - Load Logback Configuration of Nacos fail, message: Could not initialize Logback Nacos logging from classpath:nacos-logback.xml
2026-02-03 12:21:17.631 [main] INFO  c.e.g.search.biz.GreenNoteOssBizApplication - The following 1 profile is active: "dev"
2026-02-03 12:21:18.603 [main] INFO  o.springframework.cloud.context.scope.GenericScope - BeanFactory id=9336411e-a514-3c66-a3ff-45e25e22725e
2026-02-03 12:21:19.411 [main] INFO  o.s.boot.web.embedded.tomcat.TomcatWebServer - Tomcat initialized with port(s): 8081 (http)
2026-02-03 12:21:19.431 [main] INFO  org.apache.catalina.core.StandardService - Starting service [Tomcat]
2026-02-03 12:21:19.433 [main] INFO  org.apache.catalina.core.StandardEngine - Starting Servlet engine: [Apache Tomcat/10.1.5]
2026-02-03 12:21:19.582 [main] INFO  o.a.c.core.ContainerBase.[Tomcat].[localhost].[/] - Initializing Spring embedded WebApplicationContext
2026-02-03 12:21:19.583 [main] INFO  o.s.b.w.s.c.ServletWebServerApplicationContext - Root WebApplicationContext: initialization completed in 1931 ms
2026-02-03 12:21:21.919 [main] INFO  o.s.boot.web.embedded.tomcat.TomcatWebServer - Tomcat started on port(s): 8081 (http) with context path ''
2026-02-03 12:21:21.926 [main] INFO  com.alibaba.nacos.client.naming - initializer namespace from ans.namespace attribute : null
2026-02-03 12:21:21.927 [main] INFO  com.alibaba.nacos.client.naming - initializer namespace from ALIBABA_ALIWARE_NAMESPACE attribute :null
2026-02-03 12:21:21.928 [main] INFO  com.alibaba.nacos.client.naming - initializer namespace from namespace attribute :null
2026-02-03 12:21:21.942 [main] INFO  c.a.n.p.auth.spi.client.ClientAuthPluginManager - [ClientAuthPluginManager] Load ClientAuthService com.alibaba.nacos.client.auth.impl.NacosClientAuthServiceImpl success.
2026-02-03 12:21:21.942 [main] INFO  c.a.n.p.auth.spi.client.ClientAuthPluginManager - [ClientAuthPluginManager] Load ClientAuthService com.alibaba.nacos.client.auth.ram.RamClientAuthServiceImpl success.
2026-02-03 12:21:21.947 [main] INFO  com.alibaba.nacos.common.remote.client - [RpcClientFactory] create a new rpc client of b76878f6-93e9-457f-9d94-4bdffe079f13
2026-02-03 12:21:21.950 [main] INFO  com.alibaba.nacos.common.remote.client - [b76878f6-93e9-457f-9d94-4bdffe079f13] RpcClient init, ServerListFactory = com.alibaba.nacos.client.naming.core.ServerListManager
2026-02-03 12:21:21.951 [main] INFO  com.alibaba.nacos.common.remote.client - [b76878f6-93e9-457f-9d94-4bdffe079f13] Registry connection listener to current client:com.alibaba.nacos.client.naming.remote.gprc.redo.NamingGrpcRedoService
2026-02-03 12:21:21.952 [main] INFO  com.alibaba.nacos.common.remote.client - [b76878f6-93e9-457f-9d94-4bdffe079f13] Register server push request handler:com.alibaba.nacos.client.naming.remote.gprc.NamingPushRequestHandler
2026-02-03 12:21:21.952 [main] INFO  com.alibaba.nacos.common.remote.client - [b76878f6-93e9-457f-9d94-4bdffe079f13] Try to connect to server on start up, server: {serverIp = '127.0.0.1', server main port = 8848}
2026-02-03 12:21:21.953 [main] INFO  c.a.nacos.common.remote.client.grpc.GrpcClient - grpc client connection server:127.0.0.1 ip,serverPort:9848,grpcTslConfig:{"sslProvider":"OPENSSL","enableTls":false,"mutualAuthEnable":false,"trustAll":false}
2026-02-03 12:21:22.081 [main] INFO  com.alibaba.nacos.common.remote.client - [b76878f6-93e9-457f-9d94-4bdffe079f13] Success to connect to server [127.0.0.1:8848] on start up, connectionId = 1770142881962_127.0.0.1_42336
2026-02-03 12:21:22.081 [main] INFO  com.alibaba.nacos.common.remote.client - [b76878f6-93e9-457f-9d94-4bdffe079f13] Register server push request handler:com.alibaba.nacos.common.remote.client.RpcClient$ConnectResetRequestHandler
2026-02-03 12:21:22.081 [main] INFO  com.alibaba.nacos.common.remote.client - [b76878f6-93e9-457f-9d94-4bdffe079f13] Register server push request handler:com.alibaba.nacos.common.remote.client.RpcClient$$Lambda$610/0x0000019da54d76d0
2026-02-03 12:21:22.081 [com.alibaba.nacos.client.remote.worker] INFO  com.alibaba.nacos.common.remote.client - [b76878f6-93e9-457f-9d94-4bdffe079f13] Notify connected event to listeners.
2026-02-03 12:21:22.081 [com.alibaba.nacos.client.remote.worker] INFO  com.alibaba.nacos.client.naming - Grpc connection connect
2026-02-03 12:21:22.082 [main] INFO  com.alibaba.nacos.client.naming - [REGISTER-SERVICE] greennote registering service GreenNote-oss with instance Instance{instanceId='null', ip='10.141.116.154', port=8081, weight=1.0, healthy=true, enabled=true, ephemeral=true, clusterName='DEFAULT', serviceName='null', metadata={IPv6=null, preserved.register.source=SPRING_CLOUD}}
2026-02-03 12:21:22.100 [main] INFO  c.a.cloud.nacos.registry.NacosServiceRegistry - nacos registry, DEFAULT_GROUP GreenNote-oss 10.141.116.154:8081 register finished
2026-02-03 12:21:22.343 [main] INFO  c.e.g.search.biz.GreenNoteOssBizApplication - Started GreenNoteOssBizApplication in 8.843 seconds (process running for 10.879)
2026-02-03 12:21:22.348 [main] INFO  com.alibaba.nacos.client.config.impl.CacheData - nacos.cache.data.init.snapshot = true 
2026-02-03 12:21:22.348 [main] INFO  com.alibaba.nacos.client.config.impl.ClientWorker - [fixed-greennote-127.0.0.1_8848] [subscribe] GreenNote-oss-dev.yaml+DEFAULT_GROUP+greennote
2026-02-03 12:21:22.358 [main] INFO  com.alibaba.nacos.client.config.impl.CacheData - [fixed-greennote-127.0.0.1_8848] [add-listener] ok, tenant=greennote, dataId=GreenNote-oss-dev.yaml, group=DEFAULT_GROUP, cnt=1
2026-02-03 12:21:22.358 [main] INFO  c.a.cloud.nacos.refresh.NacosContextRefresher - [Nacos Config] Listening config: dataId=GreenNote-oss-dev.yaml, group=DEFAULT_GROUP
2026-02-03 12:21:22.359 [main] INFO  com.alibaba.nacos.client.config.impl.ClientWorker - [fixed-greennote-127.0.0.1_8848] [subscribe] GreenNote-oss+DEFAULT_GROUP+greennote
2026-02-03 12:21:22.359 [main] INFO  com.alibaba.nacos.client.config.impl.CacheData - [fixed-greennote-127.0.0.1_8848] [add-listener] ok, tenant=greennote, dataId=GreenNote-oss, group=DEFAULT_GROUP, cnt=1
2026-02-03 12:21:22.359 [main] INFO  c.a.cloud.nacos.refresh.NacosContextRefresher - [Nacos Config] Listening config: dataId=GreenNote-oss, group=DEFAULT_GROUP
2026-02-03 12:21:22.359 [main] INFO  com.alibaba.nacos.client.config.impl.ClientWorker - [fixed-greennote-127.0.0.1_8848] [subscribe] GreenNote-oss.yaml+DEFAULT_GROUP+greennote
2026-02-03 12:21:22.359 [main] INFO  com.alibaba.nacos.client.config.impl.CacheData - [fixed-greennote-127.0.0.1_8848] [add-listener] ok, tenant=greennote, dataId=GreenNote-oss.yaml, group=DEFAULT_GROUP, cnt=1
2026-02-03 12:21:22.359 [main] INFO  c.a.cloud.nacos.refresh.NacosContextRefresher - [Nacos Config] Listening config: dataId=GreenNote-oss.yaml, group=DEFAULT_GROUP
2026-02-03 23:42:09.300 [Thread-2] WARN  c.alibaba.nacos.common.http.HttpClientBeanHolder - [HttpClientBeanHolder] Start destroying common HttpClient
2026-02-03 23:42:09.300 [Thread-9] WARN  com.alibaba.nacos.common.notify.NotifyCenter - [NotifyCenter] Start destroying Publisher
2026-02-03 23:42:09.391 [Thread-9] WARN  com.alibaba.nacos.common.notify.NotifyCenter - [NotifyCenter] Destruction of the end
2026-02-03 23:42:09.438 [Thread-2] WARN  c.alibaba.nacos.common.http.HttpClientBeanHolder - [HttpClientBeanHolder] Destruction of the end
2026-02-03 23:42:10.334 [SpringApplicationShutdownHook] INFO  c.a.cloud.nacos.registry.NacosServiceRegistry - De-registering from Nacos Server now...
2026-02-03 23:42:10.341 [SpringApplicationShutdownHook] INFO  com.alibaba.nacos.client.naming - [DEREGISTER-SERVICE] greennote deregistering service GreenNote-oss with instance: Instance{instanceId='null', ip='10.141.116.154', port=8081, weight=1.0, healthy=true, enabled=true, ephemeral=true, clusterName='DEFAULT', serviceName='null', metadata={}}
2026-02-03 23:42:10.372 [SpringApplicationShutdownHook] INFO  c.a.cloud.nacos.registry.NacosServiceRegistry - De-registration finished.
2026-02-03 23:42:10.375 [SpringApplicationShutdownHook] INFO  com.alibaba.nacos.client.naming - com.alibaba.nacos.client.naming.cache.ServiceInfoHolder do shutdown begin
2026-02-03 23:42:10.375 [SpringApplicationShutdownHook] INFO  com.alibaba.nacos.client.naming - com.alibaba.nacos.client.naming.backups.FailoverReactor do shutdown begin
2026-02-03 23:42:10.376 [SpringApplicationShutdownHook] INFO  com.alibaba.nacos.client.naming - com.alibaba.nacos.client.naming.backups.FailoverReactor do shutdown stop
2026-02-03 23:42:10.377 [SpringApplicationShutdownHook] INFO  com.alibaba.nacos.client.naming - com.alibaba.nacos.client.naming.cache.ServiceInfoHolder do shutdown stop
2026-02-03 23:42:10.377 [SpringApplicationShutdownHook] INFO  com.alibaba.nacos.client.naming - com.alibaba.nacos.client.naming.remote.NamingClientProxyDelegate do shutdown begin
2026-02-03 23:42:10.377 [SpringApplicationShutdownHook] INFO  com.alibaba.nacos.client.naming - com.alibaba.nacos.client.naming.core.ServiceInfoUpdateService do shutdown begin
2026-02-03 23:42:10.378 [SpringApplicationShutdownHook] INFO  com.alibaba.nacos.client.naming - com.alibaba.nacos.client.naming.core.ServiceInfoUpdateService do shutdown stop
2026-02-03 23:42:10.378 [SpringApplicationShutdownHook] INFO  com.alibaba.nacos.client.naming - com.alibaba.nacos.client.naming.core.ServerListManager do shutdown begin
2026-02-03 23:42:10.378 [SpringApplicationShutdownHook] WARN  com.alibaba.nacos.client.naming - [NamingHttpClientManager] Start destroying NacosRestTemplate
2026-02-03 23:42:10.380 [SpringApplicationShutdownHook] WARN  com.alibaba.nacos.client.naming - [NamingHttpClientManager] Destruction of the end
2026-02-03 23:42:10.380 [SpringApplicationShutdownHook] INFO  com.alibaba.nacos.client.naming - com.alibaba.nacos.client.naming.core.ServerListManager do shutdown stop
2026-02-03 23:42:10.380 [SpringApplicationShutdownHook] INFO  com.alibaba.nacos.client.naming - com.alibaba.nacos.client.naming.remote.http.NamingHttpClientProxy do shutdown begin
2026-02-03 23:42:10.381 [SpringApplicationShutdownHook] WARN  com.alibaba.nacos.client.naming - [NamingHttpClientManager] Start destroying NacosRestTemplate
2026-02-03 23:42:10.381 [SpringApplicationShutdownHook] WARN  com.alibaba.nacos.client.naming - [NamingHttpClientManager] Destruction of the end
2026-02-03 23:42:10.381 [SpringApplicationShutdownHook] INFO  com.alibaba.nacos.client.naming - com.alibaba.nacos.client.naming.remote.http.NamingHttpClientProxy do shutdown stop
2026-02-03 23:42:10.382 [SpringApplicationShutdownHook] INFO  com.alibaba.nacos.common.remote.client - Shutdown rpc client, set status to shutdown
2026-02-03 23:42:10.382 [SpringApplicationShutdownHook] INFO  com.alibaba.nacos.common.remote.client - Shutdown client event executor java.util.concurrent.ScheduledThreadPoolExecutor@7511c3e6[Running, pool size = 2, active threads = 2, queued tasks = 0, completed tasks = 0]
2026-02-03 23:42:10.382 [SpringApplicationShutdownHook] INFO  com.alibaba.nacos.common.remote.client - Close current connection 1770142881962_127.0.0.1_42336
2026-02-03 23:42:10.399 [nacos-grpc-client-executor-127.0.0.1-4475] INFO  c.a.nacos.common.remote.client.grpc.GrpcClient - [1770142881962_127.0.0.1_42336]Ignore complete event,isRunning:false,isAbandon=false
2026-02-03 23:42:10.403 [SpringApplicationShutdownHook] INFO  c.a.nacos.common.remote.client.grpc.GrpcClient - Shutdown grpc executor java.util.concurrent.ThreadPoolExecutor@5b668852[Running, pool size = 4, active threads = 0, queued tasks = 0, completed tasks = 4476]
2026-02-03 23:42:10.403 [SpringApplicationShutdownHook] INFO  com.alibaba.nacos.client.naming - Shutdown grpc redo service executor java.util.concurrent.ScheduledThreadPoolExecutor@6e9f4ae2[Running, pool size = 1, active threads = 0, queued tasks = 1, completed tasks = 7387]
2026-02-03 23:42:10.407 [SpringApplicationShutdownHook] INFO  c.a.n.client.auth.ram.identify.CredentialWatcher - [null] CredentialWatcher is stopped
2026-02-03 23:42:10.407 [SpringApplicationShutdownHook] INFO  c.a.n.client.auth.ram.identify.CredentialService - [null] CredentialService is freed
2026-02-03 23:42:10.408 [SpringApplicationShutdownHook] INFO  com.alibaba.nacos.client.naming - com.alibaba.nacos.client.naming.remote.NamingClientProxyDelegate do shutdown stop
