2025-11-21 01:01:43.550 [Thread-9] WARN  com.alibaba.nacos.common.notify.NotifyCenter - [NotifyCenter] Start destroying Publisher
2025-11-21 01:01:43.563 [Thread-9] WARN  com.alibaba.nacos.common.notify.NotifyCenter - [NotifyCenter] Destruction of the end
2025-11-21 01:01:43.550 [Thread-2] WARN  c.alibaba.nacos.common.http.HttpClientBeanHolder - [HttpClientBeanHolder] Start destroying common HttpClient
2025-11-21 01:01:43.576 [Thread-2] WARN  c.alibaba.nacos.common.http.HttpClientBeanHolder - [HttpClientBeanHolder] Destruction of the end
2025-11-21 01:01:43.840 [SpringApplicationShutdownHook] INFO  c.a.cloud.nacos.registry.NacosServiceRegistry - De-registering from Nacos Server now...
2025-11-21 01:01:43.841 [SpringApplicationShutdownHook] INFO  com.alibaba.nacos.client.naming - [DEREGISTER-SERVICE] greennote deregistering service GreenNote-oss with instance: Instance{instanceId='null', ip='10.8.115.255', port=8081, weight=1.0, healthy=true, enabled=true, ephemeral=true, clusterName='DEFAULT', serviceName='null', metadata={}}
2025-11-21 01:01:43.858 [SpringApplicationShutdownHook] INFO  c.a.cloud.nacos.registry.NacosServiceRegistry - De-registration finished.
2025-11-21 01:01:43.860 [SpringApplicationShutdownHook] INFO  com.alibaba.nacos.client.naming - com.alibaba.nacos.client.naming.cache.ServiceInfoHolder do shutdown begin
2025-11-21 01:01:43.860 [SpringApplicationShutdownHook] INFO  com.alibaba.nacos.client.naming - com.alibaba.nacos.client.naming.backups.FailoverReactor do shutdown begin
2025-11-21 01:01:43.861 [SpringApplicationShutdownHook] INFO  com.alibaba.nacos.client.naming - com.alibaba.nacos.client.naming.backups.FailoverReactor do shutdown stop
2025-11-21 01:01:43.861 [SpringApplicationShutdownHook] INFO  com.alibaba.nacos.client.naming - com.alibaba.nacos.client.naming.cache.ServiceInfoHolder do shutdown stop
2025-11-21 01:01:43.861 [SpringApplicationShutdownHook] INFO  com.alibaba.nacos.client.naming - com.alibaba.nacos.client.naming.remote.NamingClientProxyDelegate do shutdown begin
2025-11-21 01:01:43.862 [SpringApplicationShutdownHook] INFO  com.alibaba.nacos.client.naming - com.alibaba.nacos.client.naming.core.ServiceInfoUpdateService do shutdown begin
2025-11-21 01:01:43.862 [SpringApplicationShutdownHook] INFO  com.alibaba.nacos.client.naming - com.alibaba.nacos.client.naming.core.ServiceInfoUpdateService do shutdown stop
2025-11-21 01:01:43.862 [SpringApplicationShutdownHook] INFO  com.alibaba.nacos.client.naming - com.alibaba.nacos.client.naming.core.ServerListManager do shutdown begin
2025-11-21 01:01:43.862 [SpringApplicationShutdownHook] WARN  com.alibaba.nacos.client.naming - [NamingHttpClientManager] Start destroying NacosRestTemplate
2025-11-21 01:01:43.866 [SpringApplicationShutdownHook] WARN  com.alibaba.nacos.client.naming - [NamingHttpClientManager] Destruction of the end
2025-11-21 01:01:43.867 [SpringApplicationShutdownHook] INFO  com.alibaba.nacos.client.naming - com.alibaba.nacos.client.naming.core.ServerListManager do shutdown stop
2025-11-21 01:01:43.867 [SpringApplicationShutdownHook] INFO  com.alibaba.nacos.client.naming - com.alibaba.nacos.client.naming.remote.http.NamingHttpClientProxy do shutdown begin
2025-11-21 01:01:43.867 [SpringApplicationShutdownHook] WARN  com.alibaba.nacos.client.naming - [NamingHttpClientManager] Start destroying NacosRestTemplate
2025-11-21 01:01:43.867 [SpringApplicationShutdownHook] WARN  com.alibaba.nacos.client.naming - [NamingHttpClientManager] Destruction of the end
2025-11-21 01:01:43.867 [SpringApplicationShutdownHook] INFO  com.alibaba.nacos.client.naming - com.alibaba.nacos.client.naming.remote.http.NamingHttpClientProxy do shutdown stop
2025-11-21 01:01:43.868 [SpringApplicationShutdownHook] INFO  com.alibaba.nacos.common.remote.client - Shutdown rpc client, set status to shutdown
2025-11-21 01:01:43.869 [SpringApplicationShutdownHook] INFO  com.alibaba.nacos.common.remote.client - Shutdown client event executor java.util.concurrent.ScheduledThreadPoolExecutor@e74ea0b[Running, pool size = 2, active threads = 2, queued tasks = 0, completed tasks = 0]
2025-11-21 01:01:43.870 [SpringApplicationShutdownHook] INFO  com.alibaba.nacos.common.remote.client - Close current connection 1763619422067_127.0.0.1_8996
2025-11-21 01:01:43.889 [nacos-grpc-client-executor-127.0.0.1-1388] INFO  c.a.nacos.common.remote.client.grpc.GrpcClient - [1763619422067_127.0.0.1_8996]Ignore complete event,isRunning:false,isAbandon=false
2025-11-21 01:01:43.892 [SpringApplicationShutdownHook] INFO  c.a.nacos.common.remote.client.grpc.GrpcClient - Shutdown grpc executor java.util.concurrent.ThreadPoolExecutor@6d253509[Running, pool size = 4, active threads = 0, queued tasks = 0, completed tasks = 1389]
2025-11-21 01:01:43.893 [SpringApplicationShutdownHook] INFO  com.alibaba.nacos.client.naming - Shutdown grpc redo service executor java.util.concurrent.ScheduledThreadPoolExecutor@46139f64[Running, pool size = 1, active threads = 0, queued tasks = 1, completed tasks = 2279]
2025-11-21 01:01:43.896 [SpringApplicationShutdownHook] INFO  c.a.n.client.auth.ram.identify.CredentialWatcher - [null] CredentialWatcher is stopped
2025-11-21 01:01:43.904 [SpringApplicationShutdownHook] INFO  c.a.n.client.auth.ram.identify.CredentialService - [null] CredentialService is freed
2025-11-21 01:01:43.905 [SpringApplicationShutdownHook] INFO  com.alibaba.nacos.client.naming - com.alibaba.nacos.client.naming.remote.NamingClientProxyDelegate do shutdown stop
2025-11-21 01:01:56.970 [main] WARN  com.alibaba.nacos.client.logging.NacosLogging - Load Logback Configuration of Nacos fail, message: Could not initialize Logback Nacos logging from classpath:nacos-logback.xml
2025-11-21 01:01:57.091 [main] WARN  com.alibaba.nacos.client.logging.NacosLogging - Load Logback Configuration of Nacos fail, message: Could not initialize Logback Nacos logging from classpath:nacos-logback.xml
2025-11-21 01:01:57.469 [main] WARN  com.alibaba.nacos.client.logging.NacosLogging - Load Logback Configuration of Nacos fail, message: Could not initialize Logback Nacos logging from classpath:nacos-logback.xml
2025-11-21 01:01:57.471 [main] INFO  com.alibaba.nacos.client.utils.ParamUtil - [settings] [req-serv] nacos-server port:8848
2025-11-21 01:01:57.472 [main] INFO  com.alibaba.nacos.client.utils.ParamUtil - [settings] [http-client] connect timeout:1000
2025-11-21 01:01:57.473 [main] INFO  com.alibaba.nacos.client.utils.ParamUtil - PER_TASK_CONFIG_SIZE: 3000.0
2025-11-21 01:01:57.524 [main] INFO  c.a.n.p.auth.spi.client.ClientAuthPluginManager - [ClientAuthPluginManager] Load ClientAuthService com.alibaba.nacos.client.auth.impl.NacosClientAuthServiceImpl success.
2025-11-21 01:01:57.524 [main] INFO  c.a.n.p.auth.spi.client.ClientAuthPluginManager - [ClientAuthPluginManager] Load ClientAuthService com.alibaba.nacos.client.auth.ram.RamClientAuthServiceImpl success.
2025-11-21 01:01:57.529 [main] INFO  c.a.n.client.auth.ram.identify.CredentialWatcher - null No credential found
2025-11-21 01:01:57.919 [main] WARN  com.alibaba.nacos.client.logging.NacosLogging - Load Logback Configuration of Nacos fail, message: Could not initialize Logback Nacos logging from classpath:nacos-logback.xml
2025-11-21 01:01:57.942 [main] INFO  c.a.n.client.config.impl.LocalConfigInfoProcessor - LOCAL_SNAPSHOT_PATH:C:\Users\12482\nacos\config
2025-11-21 01:01:57.948 [main] INFO  com.alibaba.nacos.common.remote.client - [RpcClientFactory] create a new rpc client of 414bf70b-1806-4827-aec0-fb531036d5fc_config-0
2025-11-21 01:01:57.980 [main] INFO  com.alibaba.nacos.common.remote.client - [414bf70b-1806-4827-aec0-fb531036d5fc_config-0] Register server push request handler:com.alibaba.nacos.client.config.impl.ClientWorker$ConfigRpcTransportClient$$Lambda$576/0x0000016599367600
2025-11-21 01:01:57.981 [main] INFO  com.alibaba.nacos.common.remote.client - [414bf70b-1806-4827-aec0-fb531036d5fc_config-0] Register server push request handler:com.alibaba.nacos.client.config.impl.ClientWorker$ConfigRpcTransportClient$$Lambda$577/0x0000016599367a20
2025-11-21 01:01:57.981 [main] INFO  com.alibaba.nacos.common.remote.client - [414bf70b-1806-4827-aec0-fb531036d5fc_config-0] Registry connection listener to current client:com.alibaba.nacos.client.config.impl.ClientWorker$ConfigRpcTransportClient$1
2025-11-21 01:01:57.982 [main] INFO  com.alibaba.nacos.common.remote.client - [414bf70b-1806-4827-aec0-fb531036d5fc_config-0] RpcClient init, ServerListFactory = com.alibaba.nacos.client.config.impl.ClientWorker$ConfigRpcTransportClient$2
2025-11-21 01:01:57.995 [main] INFO  com.alibaba.nacos.common.remote.client - [414bf70b-1806-4827-aec0-fb531036d5fc_config-0] Try to connect to server on start up, server: {serverIp = '127.0.0.1', server main port = 8848}
2025-11-21 01:01:58.059 [main] INFO  c.a.nacos.common.remote.client.grpc.GrpcClient - grpc client connection server:127.0.0.1 ip,serverPort:9848,grpcTslConfig:{"sslProvider":"OPENSSL","enableTls":false,"mutualAuthEnable":false,"trustAll":false}
2025-11-21 01:01:59.662 [main] INFO  com.alibaba.nacos.common.remote.client - [414bf70b-1806-4827-aec0-fb531036d5fc_config-0] Success to connect to server [127.0.0.1:8848] on start up, connectionId = 1763658119404_127.0.0.1_54502
2025-11-21 01:01:59.663 [com.alibaba.nacos.client.remote.worker] INFO  com.alibaba.nacos.common.remote.client - [414bf70b-1806-4827-aec0-fb531036d5fc_config-0] Notify connected event to listeners.
2025-11-21 01:01:59.663 [com.alibaba.nacos.client.remote.worker] INFO  com.alibaba.nacos.client.config.impl.ClientWorker - [414bf70b-1806-4827-aec0-fb531036d5fc_config-0] Connected,notify listen context...
2025-11-21 01:01:59.664 [main] INFO  com.alibaba.nacos.common.remote.client - [414bf70b-1806-4827-aec0-fb531036d5fc_config-0] Register server push request handler:com.alibaba.nacos.common.remote.client.RpcClient$ConnectResetRequestHandler
2025-11-21 01:01:59.664 [main] INFO  com.alibaba.nacos.common.remote.client - [414bf70b-1806-4827-aec0-fb531036d5fc_config-0] Register server push request handler:com.alibaba.nacos.common.remote.client.RpcClient$$Lambda$597/0x00000165994ef080
2025-11-21 01:01:59.738 [main] INFO  com.alibaba.nacos.client.config.impl.Limiter - limitTime:5.0
2025-11-21 01:01:59.766 [main] WARN  c.a.cloud.nacos.client.NacosPropertySourceBuilder - Ignore the empty nacos configuration and get it based on dataId[GreenNote-oss] & group[DEFAULT_GROUP]
2025-11-21 01:01:59.776 [main] WARN  c.a.cloud.nacos.client.NacosPropertySourceBuilder - Ignore the empty nacos configuration and get it based on dataId[GreenNote-oss.yaml] & group[DEFAULT_GROUP]
2025-11-21 01:01:59.784 [main] WARN  c.a.cloud.nacos.client.NacosPropertySourceBuilder - Ignore the empty nacos configuration and get it based on dataId[GreenNote-oss-dev.yaml] & group[DEFAULT_GROUP]
2025-11-21 01:01:59.786 [main] INFO  o.s.c.b.c.PropertySourceBootstrapConfiguration - Located property source: [BootstrapPropertySource {name='bootstrapProperties-GreenNote-oss-dev.yaml,DEFAULT_GROUP'}, BootstrapPropertySource {name='bootstrapProperties-GreenNote-oss.yaml,DEFAULT_GROUP'}, BootstrapPropertySource {name='bootstrapProperties-GreenNote-oss,DEFAULT_GROUP'}]
2025-11-21 01:01:59.796 [main] WARN  com.alibaba.nacos.client.logging.NacosLogging - Load Logback Configuration of Nacos fail, message: Could not initialize Logback Nacos logging from classpath:nacos-logback.xml
2025-11-21 01:01:59.797 [main] INFO  c.e.greennote.oss.biz.GreenNoteOssBizApplication - The following 1 profile is active: "dev"
2025-11-21 01:02:00.794 [main] INFO  o.springframework.cloud.context.scope.GenericScope - BeanFactory id=9336411e-a514-3c66-a3ff-45e25e22725e
2025-11-21 01:02:01.475 [main] INFO  o.s.boot.web.embedded.tomcat.TomcatWebServer - Tomcat initialized with port(s): 8081 (http)
2025-11-21 01:02:01.510 [main] INFO  org.apache.catalina.core.StandardService - Starting service [Tomcat]
2025-11-21 01:02:01.511 [main] INFO  org.apache.catalina.core.StandardEngine - Starting Servlet engine: [Apache Tomcat/10.1.5]
2025-11-21 01:02:01.671 [main] INFO  o.a.c.core.ContainerBase.[Tomcat].[localhost].[/] - Initializing Spring embedded WebApplicationContext
2025-11-21 01:02:01.672 [main] INFO  o.s.b.w.s.c.ServletWebServerApplicationContext - Root WebApplicationContext: initialization completed in 1841 ms
2025-11-21 01:02:04.120 [main] INFO  o.s.boot.web.embedded.tomcat.TomcatWebServer - Tomcat started on port(s): 8081 (http) with context path ''
2025-11-21 01:02:04.127 [main] INFO  com.alibaba.nacos.client.naming - initializer namespace from ans.namespace attribute : null
2025-11-21 01:02:04.128 [main] INFO  com.alibaba.nacos.client.naming - initializer namespace from ALIBABA_ALIWARE_NAMESPACE attribute :null
2025-11-21 01:02:04.128 [main] INFO  com.alibaba.nacos.client.naming - initializer namespace from namespace attribute :null
2025-11-21 01:02:04.144 [main] INFO  c.a.n.p.auth.spi.client.ClientAuthPluginManager - [ClientAuthPluginManager] Load ClientAuthService com.alibaba.nacos.client.auth.impl.NacosClientAuthServiceImpl success.
2025-11-21 01:02:04.144 [main] INFO  c.a.n.p.auth.spi.client.ClientAuthPluginManager - [ClientAuthPluginManager] Load ClientAuthService com.alibaba.nacos.client.auth.ram.RamClientAuthServiceImpl success.
2025-11-21 01:02:04.152 [main] INFO  com.alibaba.nacos.common.remote.client - [RpcClientFactory] create a new rpc client of c26f40f7-ef89-492e-9ec3-dbab7247e4f4
2025-11-21 01:02:04.156 [main] INFO  com.alibaba.nacos.common.remote.client - [c26f40f7-ef89-492e-9ec3-dbab7247e4f4] RpcClient init, ServerListFactory = com.alibaba.nacos.client.naming.core.ServerListManager
2025-11-21 01:02:04.156 [main] INFO  com.alibaba.nacos.common.remote.client - [c26f40f7-ef89-492e-9ec3-dbab7247e4f4] Registry connection listener to current client:com.alibaba.nacos.client.naming.remote.gprc.redo.NamingGrpcRedoService
2025-11-21 01:02:04.157 [main] INFO  com.alibaba.nacos.common.remote.client - [c26f40f7-ef89-492e-9ec3-dbab7247e4f4] Register server push request handler:com.alibaba.nacos.client.naming.remote.gprc.NamingPushRequestHandler
2025-11-21 01:02:04.157 [main] INFO  com.alibaba.nacos.common.remote.client - [c26f40f7-ef89-492e-9ec3-dbab7247e4f4] Try to connect to server on start up, server: {serverIp = '127.0.0.1', server main port = 8848}
2025-11-21 01:02:04.158 [main] INFO  c.a.nacos.common.remote.client.grpc.GrpcClient - grpc client connection server:127.0.0.1 ip,serverPort:9848,grpcTslConfig:{"sslProvider":"OPENSSL","enableTls":false,"mutualAuthEnable":false,"trustAll":false}
2025-11-21 01:02:04.287 [main] INFO  com.alibaba.nacos.common.remote.client - [c26f40f7-ef89-492e-9ec3-dbab7247e4f4] Success to connect to server [127.0.0.1:8848] on start up, connectionId = 1763658124172_127.0.0.1_54515
2025-11-21 01:02:04.287 [com.alibaba.nacos.client.remote.worker] INFO  com.alibaba.nacos.common.remote.client - [c26f40f7-ef89-492e-9ec3-dbab7247e4f4] Notify connected event to listeners.
2025-11-21 01:02:04.287 [com.alibaba.nacos.client.remote.worker] INFO  com.alibaba.nacos.client.naming - Grpc connection connect
2025-11-21 01:02:04.287 [main] INFO  com.alibaba.nacos.common.remote.client - [c26f40f7-ef89-492e-9ec3-dbab7247e4f4] Register server push request handler:com.alibaba.nacos.common.remote.client.RpcClient$ConnectResetRequestHandler
2025-11-21 01:02:04.288 [main] INFO  com.alibaba.nacos.common.remote.client - [c26f40f7-ef89-492e-9ec3-dbab7247e4f4] Register server push request handler:com.alibaba.nacos.common.remote.client.RpcClient$$Lambda$597/0x00000165994ef080
2025-11-21 01:02:04.290 [main] INFO  com.alibaba.nacos.client.naming - [REGISTER-SERVICE] greennote registering service GreenNote-oss with instance Instance{instanceId='null', ip='192.168.0.227', port=8081, weight=1.0, healthy=true, enabled=true, ephemeral=true, clusterName='DEFAULT', serviceName='null', metadata={IPv6=null, preserved.register.source=SPRING_CLOUD}}
2025-11-21 01:02:04.305 [main] INFO  c.a.cloud.nacos.registry.NacosServiceRegistry - nacos registry, DEFAULT_GROUP GreenNote-oss 192.168.0.227:8081 register finished
2025-11-21 01:02:04.617 [main] INFO  c.e.greennote.oss.biz.GreenNoteOssBizApplication - Started GreenNoteOssBizApplication in 9.023 seconds (process running for 17.936)
2025-11-21 01:02:04.625 [main] INFO  com.alibaba.nacos.client.config.impl.CacheData - nacos.cache.data.init.snapshot = true 
2025-11-21 01:02:04.626 [main] INFO  com.alibaba.nacos.client.config.impl.ClientWorker - [fixed-greennote-127.0.0.1_8848] [subscribe] GreenNote-oss-dev.yaml+DEFAULT_GROUP+greennote
2025-11-21 01:02:04.646 [main] INFO  com.alibaba.nacos.client.config.impl.CacheData - [fixed-greennote-127.0.0.1_8848] [add-listener] ok, tenant=greennote, dataId=GreenNote-oss-dev.yaml, group=DEFAULT_GROUP, cnt=1
2025-11-21 01:02:04.646 [main] INFO  c.a.cloud.nacos.refresh.NacosContextRefresher - [Nacos Config] Listening config: dataId=GreenNote-oss-dev.yaml, group=DEFAULT_GROUP
2025-11-21 01:02:04.647 [main] INFO  com.alibaba.nacos.client.config.impl.ClientWorker - [fixed-greennote-127.0.0.1_8848] [subscribe] GreenNote-oss+DEFAULT_GROUP+greennote
2025-11-21 01:02:04.647 [main] INFO  com.alibaba.nacos.client.config.impl.CacheData - [fixed-greennote-127.0.0.1_8848] [add-listener] ok, tenant=greennote, dataId=GreenNote-oss, group=DEFAULT_GROUP, cnt=1
2025-11-21 01:02:04.648 [main] INFO  c.a.cloud.nacos.refresh.NacosContextRefresher - [Nacos Config] Listening config: dataId=GreenNote-oss, group=DEFAULT_GROUP
2025-11-21 01:02:04.648 [main] INFO  com.alibaba.nacos.client.config.impl.ClientWorker - [fixed-greennote-127.0.0.1_8848] [subscribe] GreenNote-oss.yaml+DEFAULT_GROUP+greennote
2025-11-21 01:02:04.649 [main] INFO  com.alibaba.nacos.client.config.impl.CacheData - [fixed-greennote-127.0.0.1_8848] [add-listener] ok, tenant=greennote, dataId=GreenNote-oss.yaml, group=DEFAULT_GROUP, cnt=1
2025-11-21 01:02:04.649 [main] INFO  c.a.cloud.nacos.refresh.NacosContextRefresher - [Nacos Config] Listening config: dataId=GreenNote-oss.yaml, group=DEFAULT_GROUP
2025-11-21 01:13:32.158 [Thread-2] WARN  c.alibaba.nacos.common.http.HttpClientBeanHolder - [HttpClientBeanHolder] Start destroying common HttpClient
2025-11-21 01:13:32.159 [Thread-2] WARN  c.alibaba.nacos.common.http.HttpClientBeanHolder - [HttpClientBeanHolder] Destruction of the end
2025-11-21 01:13:32.168 [Thread-9] WARN  com.alibaba.nacos.common.notify.NotifyCenter - [NotifyCenter] Start destroying Publisher
2025-11-21 01:13:32.170 [Thread-9] WARN  com.alibaba.nacos.common.notify.NotifyCenter - [NotifyCenter] Destruction of the end
2025-11-21 01:13:32.284 [SpringApplicationShutdownHook] INFO  c.a.cloud.nacos.registry.NacosServiceRegistry - De-registering from Nacos Server now...
2025-11-21 01:13:32.285 [SpringApplicationShutdownHook] INFO  com.alibaba.nacos.client.naming - [DEREGISTER-SERVICE] greennote deregistering service GreenNote-oss with instance: Instance{instanceId='null', ip='192.168.0.227', port=8081, weight=1.0, healthy=true, enabled=true, ephemeral=true, clusterName='DEFAULT', serviceName='null', metadata={}}
2025-11-21 01:13:32.291 [SpringApplicationShutdownHook] INFO  c.a.cloud.nacos.registry.NacosServiceRegistry - De-registration finished.
2025-11-21 01:13:32.292 [SpringApplicationShutdownHook] INFO  com.alibaba.nacos.client.naming - com.alibaba.nacos.client.naming.cache.ServiceInfoHolder do shutdown begin
2025-11-21 01:13:32.292 [SpringApplicationShutdownHook] INFO  com.alibaba.nacos.client.naming - com.alibaba.nacos.client.naming.backups.FailoverReactor do shutdown begin
2025-11-21 01:13:32.292 [SpringApplicationShutdownHook] INFO  com.alibaba.nacos.client.naming - com.alibaba.nacos.client.naming.backups.FailoverReactor do shutdown stop
2025-11-21 01:13:32.292 [SpringApplicationShutdownHook] INFO  com.alibaba.nacos.client.naming - com.alibaba.nacos.client.naming.cache.ServiceInfoHolder do shutdown stop
2025-11-21 01:13:32.292 [SpringApplicationShutdownHook] INFO  com.alibaba.nacos.client.naming - com.alibaba.nacos.client.naming.remote.NamingClientProxyDelegate do shutdown begin
2025-11-21 01:13:32.292 [SpringApplicationShutdownHook] INFO  com.alibaba.nacos.client.naming - com.alibaba.nacos.client.naming.core.ServiceInfoUpdateService do shutdown begin
2025-11-21 01:13:32.292 [SpringApplicationShutdownHook] INFO  com.alibaba.nacos.client.naming - com.alibaba.nacos.client.naming.core.ServiceInfoUpdateService do shutdown stop
2025-11-21 01:13:32.292 [SpringApplicationShutdownHook] INFO  com.alibaba.nacos.client.naming - com.alibaba.nacos.client.naming.core.ServerListManager do shutdown begin
2025-11-21 01:13:32.292 [SpringApplicationShutdownHook] WARN  com.alibaba.nacos.client.naming - [NamingHttpClientManager] Start destroying NacosRestTemplate
2025-11-21 01:13:32.292 [SpringApplicationShutdownHook] WARN  com.alibaba.nacos.client.naming - [NamingHttpClientManager] Destruction of the end
2025-11-21 01:13:32.294 [SpringApplicationShutdownHook] INFO  com.alibaba.nacos.client.naming - com.alibaba.nacos.client.naming.core.ServerListManager do shutdown stop
2025-11-21 01:13:32.294 [SpringApplicationShutdownHook] INFO  com.alibaba.nacos.client.naming - com.alibaba.nacos.client.naming.remote.http.NamingHttpClientProxy do shutdown begin
2025-11-21 01:13:32.294 [SpringApplicationShutdownHook] WARN  com.alibaba.nacos.client.naming - [NamingHttpClientManager] Start destroying NacosRestTemplate
2025-11-21 01:13:32.294 [SpringApplicationShutdownHook] WARN  com.alibaba.nacos.client.naming - [NamingHttpClientManager] Destruction of the end
2025-11-21 01:13:32.294 [SpringApplicationShutdownHook] INFO  com.alibaba.nacos.client.naming - com.alibaba.nacos.client.naming.remote.http.NamingHttpClientProxy do shutdown stop
2025-11-21 01:13:32.294 [SpringApplicationShutdownHook] INFO  com.alibaba.nacos.common.remote.client - Shutdown rpc client, set status to shutdown
2025-11-21 01:13:32.294 [SpringApplicationShutdownHook] INFO  com.alibaba.nacos.common.remote.client - Shutdown client event executor java.util.concurrent.ScheduledThreadPoolExecutor@7486798f[Running, pool size = 2, active threads = 2, queued tasks = 0, completed tasks = 0]
2025-11-21 01:13:32.295 [SpringApplicationShutdownHook] INFO  com.alibaba.nacos.common.remote.client - Close current connection 1763658124172_127.0.0.1_54515
2025-11-21 01:13:32.297 [nacos-grpc-client-executor-127.0.0.1-147] INFO  c.a.nacos.common.remote.client.grpc.GrpcClient - [1763658124172_127.0.0.1_54515]Ignore complete event,isRunning:false,isAbandon=false
2025-11-21 01:13:32.301 [SpringApplicationShutdownHook] INFO  c.a.nacos.common.remote.client.grpc.GrpcClient - Shutdown grpc executor java.util.concurrent.ThreadPoolExecutor@4aadb22d[Running, pool size = 4, active threads = 0, queued tasks = 0, completed tasks = 148]
2025-11-21 01:13:32.301 [SpringApplicationShutdownHook] INFO  com.alibaba.nacos.client.naming - Shutdown grpc redo service executor java.util.concurrent.ScheduledThreadPoolExecutor@7d7ca330[Running, pool size = 1, active threads = 0, queued tasks = 1, completed tasks = 228]
2025-11-21 01:13:32.302 [SpringApplicationShutdownHook] INFO  c.a.n.client.auth.ram.identify.CredentialWatcher - [null] CredentialWatcher is stopped
2025-11-21 01:13:32.302 [SpringApplicationShutdownHook] INFO  c.a.n.client.auth.ram.identify.CredentialService - [null] CredentialService is freed
2025-11-21 01:13:32.303 [SpringApplicationShutdownHook] INFO  com.alibaba.nacos.client.naming - com.alibaba.nacos.client.naming.remote.NamingClientProxyDelegate do shutdown stop
2025-11-21 01:14:03.938 [main] WARN  com.alibaba.nacos.client.logging.NacosLogging - Load Logback Configuration of Nacos fail, message: Could not initialize Logback Nacos logging from classpath:nacos-logback.xml
2025-11-21 01:14:04.049 [main] WARN  com.alibaba.nacos.client.logging.NacosLogging - Load Logback Configuration of Nacos fail, message: Could not initialize Logback Nacos logging from classpath:nacos-logback.xml
2025-11-21 01:14:04.484 [main] WARN  com.alibaba.nacos.client.logging.NacosLogging - Load Logback Configuration of Nacos fail, message: Could not initialize Logback Nacos logging from classpath:nacos-logback.xml
2025-11-21 01:14:04.487 [main] INFO  com.alibaba.nacos.client.utils.ParamUtil - [settings] [req-serv] nacos-server port:8848
2025-11-21 01:14:04.487 [main] INFO  com.alibaba.nacos.client.utils.ParamUtil - [settings] [http-client] connect timeout:1000
2025-11-21 01:14:04.488 [main] INFO  com.alibaba.nacos.client.utils.ParamUtil - PER_TASK_CONFIG_SIZE: 3000.0
2025-11-21 01:14:04.536 [main] INFO  c.a.n.p.auth.spi.client.ClientAuthPluginManager - [ClientAuthPluginManager] Load ClientAuthService com.alibaba.nacos.client.auth.impl.NacosClientAuthServiceImpl success.
2025-11-21 01:14:04.536 [main] INFO  c.a.n.p.auth.spi.client.ClientAuthPluginManager - [ClientAuthPluginManager] Load ClientAuthService com.alibaba.nacos.client.auth.ram.RamClientAuthServiceImpl success.
2025-11-21 01:14:04.540 [main] INFO  c.a.n.client.auth.ram.identify.CredentialWatcher - null No credential found
2025-11-21 01:14:04.993 [main] WARN  com.alibaba.nacos.client.logging.NacosLogging - Load Logback Configuration of Nacos fail, message: Could not initialize Logback Nacos logging from classpath:nacos-logback.xml
2025-11-21 01:14:05.021 [main] INFO  c.a.n.client.config.impl.LocalConfigInfoProcessor - LOCAL_SNAPSHOT_PATH:C:\Users\12482\nacos\config
2025-11-21 01:14:05.028 [main] INFO  com.alibaba.nacos.common.remote.client - [RpcClientFactory] create a new rpc client of 79081083-32db-484b-bc7b-240e38cf38d4_config-0
2025-11-21 01:14:05.066 [main] INFO  com.alibaba.nacos.common.remote.client - [79081083-32db-484b-bc7b-240e38cf38d4_config-0] Register server push request handler:com.alibaba.nacos.client.config.impl.ClientWorker$ConfigRpcTransportClient$$Lambda$588/0x00000253b138fab0
2025-11-21 01:14:05.067 [main] INFO  com.alibaba.nacos.common.remote.client - [79081083-32db-484b-bc7b-240e38cf38d4_config-0] Register server push request handler:com.alibaba.nacos.client.config.impl.ClientWorker$ConfigRpcTransportClient$$Lambda$589/0x00000253b1390000
2025-11-21 01:14:05.067 [main] INFO  com.alibaba.nacos.common.remote.client - [79081083-32db-484b-bc7b-240e38cf38d4_config-0] Registry connection listener to current client:com.alibaba.nacos.client.config.impl.ClientWorker$ConfigRpcTransportClient$1
2025-11-21 01:14:05.069 [main] INFO  com.alibaba.nacos.common.remote.client - [79081083-32db-484b-bc7b-240e38cf38d4_config-0] RpcClient init, ServerListFactory = com.alibaba.nacos.client.config.impl.ClientWorker$ConfigRpcTransportClient$2
2025-11-21 01:14:05.083 [main] INFO  com.alibaba.nacos.common.remote.client - [79081083-32db-484b-bc7b-240e38cf38d4_config-0] Try to connect to server on start up, server: {serverIp = '127.0.0.1', server main port = 8848}
2025-11-21 01:14:05.160 [main] INFO  c.a.nacos.common.remote.client.grpc.GrpcClient - grpc client connection server:127.0.0.1 ip,serverPort:9848,grpcTslConfig:{"sslProvider":"OPENSSL","enableTls":false,"mutualAuthEnable":false,"trustAll":false}
2025-11-21 01:14:06.648 [main] INFO  com.alibaba.nacos.common.remote.client - [79081083-32db-484b-bc7b-240e38cf38d4_config-0] Success to connect to server [127.0.0.1:8848] on start up, connectionId = 1763658846394_127.0.0.1_7375
2025-11-21 01:14:06.649 [com.alibaba.nacos.client.remote.worker] INFO  com.alibaba.nacos.common.remote.client - [79081083-32db-484b-bc7b-240e38cf38d4_config-0] Notify connected event to listeners.
2025-11-21 01:14:06.649 [com.alibaba.nacos.client.remote.worker] INFO  com.alibaba.nacos.client.config.impl.ClientWorker - [79081083-32db-484b-bc7b-240e38cf38d4_config-0] Connected,notify listen context...
2025-11-21 01:14:06.650 [main] INFO  com.alibaba.nacos.common.remote.client - [79081083-32db-484b-bc7b-240e38cf38d4_config-0] Register server push request handler:com.alibaba.nacos.common.remote.client.RpcClient$ConnectResetRequestHandler
2025-11-21 01:14:06.650 [main] INFO  com.alibaba.nacos.common.remote.client - [79081083-32db-484b-bc7b-240e38cf38d4_config-0] Register server push request handler:com.alibaba.nacos.common.remote.client.RpcClient$$Lambda$609/0x00000253b14d76d0
2025-11-21 01:14:06.737 [main] INFO  com.alibaba.nacos.client.config.impl.Limiter - limitTime:5.0
2025-11-21 01:14:06.759 [main] WARN  c.a.cloud.nacos.client.NacosPropertySourceBuilder - Ignore the empty nacos configuration and get it based on dataId[GreenNote-oss] & group[DEFAULT_GROUP]
2025-11-21 01:14:06.767 [main] WARN  c.a.cloud.nacos.client.NacosPropertySourceBuilder - Ignore the empty nacos configuration and get it based on dataId[GreenNote-oss.yaml] & group[DEFAULT_GROUP]
2025-11-21 01:14:06.775 [main] WARN  c.a.cloud.nacos.client.NacosPropertySourceBuilder - Ignore the empty nacos configuration and get it based on dataId[GreenNote-oss-dev.yaml] & group[DEFAULT_GROUP]
2025-11-21 01:14:06.776 [main] INFO  o.s.c.b.c.PropertySourceBootstrapConfiguration - Located property source: [BootstrapPropertySource {name='bootstrapProperties-GreenNote-oss-dev.yaml,DEFAULT_GROUP'}, BootstrapPropertySource {name='bootstrapProperties-GreenNote-oss.yaml,DEFAULT_GROUP'}, BootstrapPropertySource {name='bootstrapProperties-GreenNote-oss,DEFAULT_GROUP'}]
2025-11-21 01:14:06.784 [main] WARN  com.alibaba.nacos.client.logging.NacosLogging - Load Logback Configuration of Nacos fail, message: Could not initialize Logback Nacos logging from classpath:nacos-logback.xml
2025-11-21 01:14:06.785 [main] INFO  c.e.greennote.oss.biz.GreenNoteOssBizApplication - The following 1 profile is active: "dev"
2025-11-21 01:14:07.669 [main] INFO  o.springframework.cloud.context.scope.GenericScope - BeanFactory id=9336411e-a514-3c66-a3ff-45e25e22725e
2025-11-21 01:14:08.345 [main] INFO  o.s.boot.web.embedded.tomcat.TomcatWebServer - Tomcat initialized with port(s): 8081 (http)
2025-11-21 01:14:08.362 [main] INFO  org.apache.catalina.core.StandardService - Starting service [Tomcat]
2025-11-21 01:14:08.363 [main] INFO  org.apache.catalina.core.StandardEngine - Starting Servlet engine: [Apache Tomcat/10.1.5]
2025-11-21 01:14:08.475 [main] INFO  o.a.c.core.ContainerBase.[Tomcat].[localhost].[/] - Initializing Spring embedded WebApplicationContext
2025-11-21 01:14:08.476 [main] INFO  o.s.b.w.s.c.ServletWebServerApplicationContext - Root WebApplicationContext: initialization completed in 1670 ms
2025-11-21 01:14:10.358 [main] INFO  o.s.boot.web.embedded.tomcat.TomcatWebServer - Tomcat started on port(s): 8081 (http) with context path ''
2025-11-21 01:14:10.365 [main] INFO  com.alibaba.nacos.client.naming - initializer namespace from ans.namespace attribute : null
2025-11-21 01:14:10.366 [main] INFO  com.alibaba.nacos.client.naming - initializer namespace from ALIBABA_ALIWARE_NAMESPACE attribute :null
2025-11-21 01:14:10.366 [main] INFO  com.alibaba.nacos.client.naming - initializer namespace from namespace attribute :null
2025-11-21 01:14:10.378 [main] INFO  c.a.n.p.auth.spi.client.ClientAuthPluginManager - [ClientAuthPluginManager] Load ClientAuthService com.alibaba.nacos.client.auth.impl.NacosClientAuthServiceImpl success.
2025-11-21 01:14:10.379 [main] INFO  c.a.n.p.auth.spi.client.ClientAuthPluginManager - [ClientAuthPluginManager] Load ClientAuthService com.alibaba.nacos.client.auth.ram.RamClientAuthServiceImpl success.
2025-11-21 01:14:10.384 [main] INFO  com.alibaba.nacos.common.remote.client - [RpcClientFactory] create a new rpc client of d0f43ecf-5472-4a14-8113-a7a61bf00c38
2025-11-21 01:14:10.388 [main] INFO  com.alibaba.nacos.common.remote.client - [d0f43ecf-5472-4a14-8113-a7a61bf00c38] RpcClient init, ServerListFactory = com.alibaba.nacos.client.naming.core.ServerListManager
2025-11-21 01:14:10.389 [main] INFO  com.alibaba.nacos.common.remote.client - [d0f43ecf-5472-4a14-8113-a7a61bf00c38] Registry connection listener to current client:com.alibaba.nacos.client.naming.remote.gprc.redo.NamingGrpcRedoService
2025-11-21 01:14:10.389 [main] INFO  com.alibaba.nacos.common.remote.client - [d0f43ecf-5472-4a14-8113-a7a61bf00c38] Register server push request handler:com.alibaba.nacos.client.naming.remote.gprc.NamingPushRequestHandler
2025-11-21 01:14:10.389 [main] INFO  com.alibaba.nacos.common.remote.client - [d0f43ecf-5472-4a14-8113-a7a61bf00c38] Try to connect to server on start up, server: {serverIp = '127.0.0.1', server main port = 8848}
2025-11-21 01:14:10.389 [main] INFO  c.a.nacos.common.remote.client.grpc.GrpcClient - grpc client connection server:127.0.0.1 ip,serverPort:9848,grpcTslConfig:{"sslProvider":"OPENSSL","enableTls":false,"mutualAuthEnable":false,"trustAll":false}
2025-11-21 01:14:10.511 [main] INFO  com.alibaba.nacos.common.remote.client - [d0f43ecf-5472-4a14-8113-a7a61bf00c38] Success to connect to server [127.0.0.1:8848] on start up, connectionId = 1763658850399_127.0.0.1_7382
2025-11-21 01:14:10.511 [main] INFO  com.alibaba.nacos.common.remote.client - [d0f43ecf-5472-4a14-8113-a7a61bf00c38] Register server push request handler:com.alibaba.nacos.common.remote.client.RpcClient$ConnectResetRequestHandler
2025-11-21 01:14:10.511 [com.alibaba.nacos.client.remote.worker] INFO  com.alibaba.nacos.common.remote.client - [d0f43ecf-5472-4a14-8113-a7a61bf00c38] Notify connected event to listeners.
2025-11-21 01:14:10.511 [main] INFO  com.alibaba.nacos.common.remote.client - [d0f43ecf-5472-4a14-8113-a7a61bf00c38] Register server push request handler:com.alibaba.nacos.common.remote.client.RpcClient$$Lambda$609/0x00000253b14d76d0
2025-11-21 01:14:10.511 [com.alibaba.nacos.client.remote.worker] INFO  com.alibaba.nacos.client.naming - Grpc connection connect
2025-11-21 01:14:10.514 [main] INFO  com.alibaba.nacos.client.naming - [REGISTER-SERVICE] greennote registering service GreenNote-oss with instance Instance{instanceId='null', ip='192.168.0.227', port=8081, weight=1.0, healthy=true, enabled=true, ephemeral=true, clusterName='DEFAULT', serviceName='null', metadata={IPv6=null, preserved.register.source=SPRING_CLOUD}}
2025-11-21 01:14:10.532 [main] INFO  c.a.cloud.nacos.registry.NacosServiceRegistry - nacos registry, DEFAULT_GROUP GreenNote-oss 192.168.0.227:8081 register finished
2025-11-21 01:14:10.768 [main] INFO  c.e.greennote.oss.biz.GreenNoteOssBizApplication - Started GreenNoteOssBizApplication in 8.405 seconds (process running for 9.269)
2025-11-21 01:14:10.774 [main] INFO  com.alibaba.nacos.client.config.impl.CacheData - nacos.cache.data.init.snapshot = true 
2025-11-21 01:14:10.774 [main] INFO  com.alibaba.nacos.client.config.impl.ClientWorker - [fixed-greennote-127.0.0.1_8848] [subscribe] GreenNote-oss-dev.yaml+DEFAULT_GROUP+greennote
2025-11-21 01:14:10.787 [main] INFO  com.alibaba.nacos.client.config.impl.CacheData - [fixed-greennote-127.0.0.1_8848] [add-listener] ok, tenant=greennote, dataId=GreenNote-oss-dev.yaml, group=DEFAULT_GROUP, cnt=1
2025-11-21 01:14:10.788 [main] INFO  c.a.cloud.nacos.refresh.NacosContextRefresher - [Nacos Config] Listening config: dataId=GreenNote-oss-dev.yaml, group=DEFAULT_GROUP
2025-11-21 01:14:10.788 [main] INFO  com.alibaba.nacos.client.config.impl.ClientWorker - [fixed-greennote-127.0.0.1_8848] [subscribe] GreenNote-oss+DEFAULT_GROUP+greennote
2025-11-21 01:14:10.788 [main] INFO  com.alibaba.nacos.client.config.impl.CacheData - [fixed-greennote-127.0.0.1_8848] [add-listener] ok, tenant=greennote, dataId=GreenNote-oss, group=DEFAULT_GROUP, cnt=1
2025-11-21 01:14:10.789 [main] INFO  c.a.cloud.nacos.refresh.NacosContextRefresher - [Nacos Config] Listening config: dataId=GreenNote-oss, group=DEFAULT_GROUP
2025-11-21 01:14:10.789 [main] INFO  com.alibaba.nacos.client.config.impl.ClientWorker - [fixed-greennote-127.0.0.1_8848] [subscribe] GreenNote-oss.yaml+DEFAULT_GROUP+greennote
2025-11-21 01:14:10.789 [main] INFO  com.alibaba.nacos.client.config.impl.CacheData - [fixed-greennote-127.0.0.1_8848] [add-listener] ok, tenant=greennote, dataId=GreenNote-oss.yaml, group=DEFAULT_GROUP, cnt=1
2025-11-21 01:14:10.789 [main] INFO  c.a.cloud.nacos.refresh.NacosContextRefresher - [Nacos Config] Listening config: dataId=GreenNote-oss.yaml, group=DEFAULT_GROUP
2025-11-21 02:43:04.567 [Thread-2] WARN  c.alibaba.nacos.common.http.HttpClientBeanHolder - [HttpClientBeanHolder] Start destroying common HttpClient
2025-11-21 02:43:04.569 [Thread-9] WARN  com.alibaba.nacos.common.notify.NotifyCenter - [NotifyCenter] Start destroying Publisher
2025-11-21 02:43:04.579 [Thread-9] WARN  com.alibaba.nacos.common.notify.NotifyCenter - [NotifyCenter] Destruction of the end
2025-11-21 02:43:04.581 [Thread-2] WARN  c.alibaba.nacos.common.http.HttpClientBeanHolder - [HttpClientBeanHolder] Destruction of the end
2025-11-21 02:43:04.853 [SpringApplicationShutdownHook] INFO  c.a.cloud.nacos.registry.NacosServiceRegistry - De-registering from Nacos Server now...
2025-11-21 02:43:04.854 [SpringApplicationShutdownHook] INFO  com.alibaba.nacos.client.naming - [DEREGISTER-SERVICE] greennote deregistering service GreenNote-oss with instance: Instance{instanceId='null', ip='192.168.0.227', port=8081, weight=1.0, healthy=true, enabled=true, ephemeral=true, clusterName='DEFAULT', serviceName='null', metadata={}}
2025-11-21 02:43:04.860 [SpringApplicationShutdownHook] INFO  c.a.cloud.nacos.registry.NacosServiceRegistry - De-registration finished.
2025-11-21 02:43:04.862 [SpringApplicationShutdownHook] INFO  com.alibaba.nacos.client.naming - com.alibaba.nacos.client.naming.cache.ServiceInfoHolder do shutdown begin
2025-11-21 02:43:04.862 [SpringApplicationShutdownHook] INFO  com.alibaba.nacos.client.naming - com.alibaba.nacos.client.naming.backups.FailoverReactor do shutdown begin
2025-11-21 02:43:04.863 [SpringApplicationShutdownHook] INFO  com.alibaba.nacos.client.naming - com.alibaba.nacos.client.naming.backups.FailoverReactor do shutdown stop
2025-11-21 02:43:04.863 [SpringApplicationShutdownHook] INFO  com.alibaba.nacos.client.naming - com.alibaba.nacos.client.naming.cache.ServiceInfoHolder do shutdown stop
2025-11-21 02:43:04.863 [SpringApplicationShutdownHook] INFO  com.alibaba.nacos.client.naming - com.alibaba.nacos.client.naming.remote.NamingClientProxyDelegate do shutdown begin
2025-11-21 02:43:04.863 [SpringApplicationShutdownHook] INFO  com.alibaba.nacos.client.naming - com.alibaba.nacos.client.naming.core.ServiceInfoUpdateService do shutdown begin
2025-11-21 02:43:04.863 [SpringApplicationShutdownHook] INFO  com.alibaba.nacos.client.naming - com.alibaba.nacos.client.naming.core.ServiceInfoUpdateService do shutdown stop
2025-11-21 02:43:04.863 [SpringApplicationShutdownHook] INFO  com.alibaba.nacos.client.naming - com.alibaba.nacos.client.naming.core.ServerListManager do shutdown begin
2025-11-21 02:43:04.863 [SpringApplicationShutdownHook] WARN  com.alibaba.nacos.client.naming - [NamingHttpClientManager] Start destroying NacosRestTemplate
2025-11-21 02:43:04.863 [SpringApplicationShutdownHook] WARN  com.alibaba.nacos.client.naming - [NamingHttpClientManager] Destruction of the end
2025-11-21 02:43:04.863 [SpringApplicationShutdownHook] INFO  com.alibaba.nacos.client.naming - com.alibaba.nacos.client.naming.core.ServerListManager do shutdown stop
2025-11-21 02:43:04.864 [SpringApplicationShutdownHook] INFO  com.alibaba.nacos.client.naming - com.alibaba.nacos.client.naming.remote.http.NamingHttpClientProxy do shutdown begin
2025-11-21 02:43:04.864 [SpringApplicationShutdownHook] WARN  com.alibaba.nacos.client.naming - [NamingHttpClientManager] Start destroying NacosRestTemplate
2025-11-21 02:43:04.864 [SpringApplicationShutdownHook] WARN  com.alibaba.nacos.client.naming - [NamingHttpClientManager] Destruction of the end
2025-11-21 02:43:04.864 [SpringApplicationShutdownHook] INFO  com.alibaba.nacos.client.naming - com.alibaba.nacos.client.naming.remote.http.NamingHttpClientProxy do shutdown stop
2025-11-21 02:43:04.864 [SpringApplicationShutdownHook] INFO  com.alibaba.nacos.common.remote.client - Shutdown rpc client, set status to shutdown
2025-11-21 02:43:04.864 [SpringApplicationShutdownHook] INFO  com.alibaba.nacos.common.remote.client - Shutdown client event executor java.util.concurrent.ScheduledThreadPoolExecutor@54fcc4f1[Running, pool size = 2, active threads = 2, queued tasks = 0, completed tasks = 0]
2025-11-21 02:43:04.864 [SpringApplicationShutdownHook] INFO  com.alibaba.nacos.common.remote.client - Close current connection 1763658850399_127.0.0.1_7382
2025-11-21 02:43:04.868 [nacos-grpc-client-executor-127.0.0.1-1075] INFO  c.a.nacos.common.remote.client.grpc.GrpcClient - [1763658850399_127.0.0.1_7382]Ignore complete event,isRunning:false,isAbandon=false
2025-11-21 02:43:04.880 [SpringApplicationShutdownHook] INFO  c.a.nacos.common.remote.client.grpc.GrpcClient - Shutdown grpc executor java.util.concurrent.ThreadPoolExecutor@19121d94[Running, pool size = 4, active threads = 0, queued tasks = 0, completed tasks = 1076]
2025-11-21 02:43:04.880 [SpringApplicationShutdownHook] INFO  com.alibaba.nacos.client.naming - Shutdown grpc redo service executor java.util.concurrent.ScheduledThreadPoolExecutor@14beed59[Running, pool size = 1, active threads = 0, queued tasks = 1, completed tasks = 1767]
2025-11-21 02:43:04.882 [SpringApplicationShutdownHook] INFO  c.a.n.client.auth.ram.identify.CredentialWatcher - [null] CredentialWatcher is stopped
2025-11-21 02:43:04.882 [SpringApplicationShutdownHook] INFO  c.a.n.client.auth.ram.identify.CredentialService - [null] CredentialService is freed
2025-11-21 02:43:04.884 [SpringApplicationShutdownHook] INFO  com.alibaba.nacos.client.naming - com.alibaba.nacos.client.naming.remote.NamingClientProxyDelegate do shutdown stop
2025-11-21 02:43:10.713 [main] WARN  com.alibaba.nacos.client.logging.NacosLogging - Load Logback Configuration of Nacos fail, message: Could not initialize Logback Nacos logging from classpath:nacos-logback.xml
2025-11-21 02:43:10.817 [main] WARN  com.alibaba.nacos.client.logging.NacosLogging - Load Logback Configuration of Nacos fail, message: Could not initialize Logback Nacos logging from classpath:nacos-logback.xml
2025-11-21 02:43:11.279 [main] WARN  com.alibaba.nacos.client.logging.NacosLogging - Load Logback Configuration of Nacos fail, message: Could not initialize Logback Nacos logging from classpath:nacos-logback.xml
2025-11-21 02:43:11.282 [main] INFO  com.alibaba.nacos.client.utils.ParamUtil - [settings] [req-serv] nacos-server port:8848
2025-11-21 02:43:11.282 [main] INFO  com.alibaba.nacos.client.utils.ParamUtil - [settings] [http-client] connect timeout:1000
2025-11-21 02:43:11.284 [main] INFO  com.alibaba.nacos.client.utils.ParamUtil - PER_TASK_CONFIG_SIZE: 3000.0
2025-11-21 02:43:11.345 [main] INFO  c.a.n.p.auth.spi.client.ClientAuthPluginManager - [ClientAuthPluginManager] Load ClientAuthService com.alibaba.nacos.client.auth.impl.NacosClientAuthServiceImpl success.
2025-11-21 02:43:11.346 [main] INFO  c.a.n.p.auth.spi.client.ClientAuthPluginManager - [ClientAuthPluginManager] Load ClientAuthService com.alibaba.nacos.client.auth.ram.RamClientAuthServiceImpl success.
2025-11-21 02:43:11.351 [main] INFO  c.a.n.client.auth.ram.identify.CredentialWatcher - null No credential found
2025-11-21 02:43:11.825 [main] WARN  com.alibaba.nacos.client.logging.NacosLogging - Load Logback Configuration of Nacos fail, message: Could not initialize Logback Nacos logging from classpath:nacos-logback.xml
2025-11-21 02:43:11.857 [main] INFO  c.a.n.client.config.impl.LocalConfigInfoProcessor - LOCAL_SNAPSHOT_PATH:C:\Users\12482\nacos\config
2025-11-21 02:43:11.866 [main] INFO  com.alibaba.nacos.common.remote.client - [RpcClientFactory] create a new rpc client of df380973-0dd1-4090-b9d4-933f0518db49_config-0
2025-11-21 02:43:11.904 [main] INFO  com.alibaba.nacos.common.remote.client - [df380973-0dd1-4090-b9d4-933f0518db49_config-0] Register server push request handler:com.alibaba.nacos.client.config.impl.ClientWorker$ConfigRpcTransportClient$$Lambda$588/0x000002dfc338f7b0
2025-11-21 02:43:11.905 [main] INFO  com.alibaba.nacos.common.remote.client - [df380973-0dd1-4090-b9d4-933f0518db49_config-0] Register server push request handler:com.alibaba.nacos.client.config.impl.ClientWorker$ConfigRpcTransportClient$$Lambda$589/0x000002dfc338fbd0
2025-11-21 02:43:11.906 [main] INFO  com.alibaba.nacos.common.remote.client - [df380973-0dd1-4090-b9d4-933f0518db49_config-0] Registry connection listener to current client:com.alibaba.nacos.client.config.impl.ClientWorker$ConfigRpcTransportClient$1
2025-11-21 02:43:11.907 [main] INFO  com.alibaba.nacos.common.remote.client - [df380973-0dd1-4090-b9d4-933f0518db49_config-0] RpcClient init, ServerListFactory = com.alibaba.nacos.client.config.impl.ClientWorker$ConfigRpcTransportClient$2
2025-11-21 02:43:11.922 [main] INFO  com.alibaba.nacos.common.remote.client - [df380973-0dd1-4090-b9d4-933f0518db49_config-0] Try to connect to server on start up, server: {serverIp = '127.0.0.1', server main port = 8848}
2025-11-21 02:43:12.018 [main] INFO  c.a.nacos.common.remote.client.grpc.GrpcClient - grpc client connection server:127.0.0.1 ip,serverPort:9848,grpcTslConfig:{"sslProvider":"OPENSSL","enableTls":false,"mutualAuthEnable":false,"trustAll":false}
2025-11-21 02:43:13.707 [main] INFO  com.alibaba.nacos.common.remote.client - [df380973-0dd1-4090-b9d4-933f0518db49_config-0] Success to connect to server [127.0.0.1:8848] on start up, connectionId = 1763664193447_127.0.0.1_29503
2025-11-21 02:43:13.710 [com.alibaba.nacos.client.remote.worker] INFO  com.alibaba.nacos.common.remote.client - [df380973-0dd1-4090-b9d4-933f0518db49_config-0] Notify connected event to listeners.
2025-11-21 02:43:13.710 [com.alibaba.nacos.client.remote.worker] INFO  com.alibaba.nacos.client.config.impl.ClientWorker - [df380973-0dd1-4090-b9d4-933f0518db49_config-0] Connected,notify listen context...
2025-11-21 02:43:13.712 [main] INFO  com.alibaba.nacos.common.remote.client - [df380973-0dd1-4090-b9d4-933f0518db49_config-0] Register server push request handler:com.alibaba.nacos.common.remote.client.RpcClient$ConnectResetRequestHandler
2025-11-21 02:43:13.712 [main] INFO  com.alibaba.nacos.common.remote.client - [df380973-0dd1-4090-b9d4-933f0518db49_config-0] Register server push request handler:com.alibaba.nacos.common.remote.client.RpcClient$$Lambda$609/0x000002dfc34d7080
2025-11-21 02:43:13.836 [main] INFO  com.alibaba.nacos.client.config.impl.Limiter - limitTime:5.0
2025-11-21 02:43:13.869 [main] WARN  c.a.cloud.nacos.client.NacosPropertySourceBuilder - Ignore the empty nacos configuration and get it based on dataId[GreenNote-oss] & group[DEFAULT_GROUP]
2025-11-21 02:43:13.881 [main] WARN  c.a.cloud.nacos.client.NacosPropertySourceBuilder - Ignore the empty nacos configuration and get it based on dataId[GreenNote-oss.yaml] & group[DEFAULT_GROUP]
2025-11-21 02:43:13.891 [main] WARN  c.a.cloud.nacos.client.NacosPropertySourceBuilder - Ignore the empty nacos configuration and get it based on dataId[GreenNote-oss-dev.yaml] & group[DEFAULT_GROUP]
2025-11-21 02:43:13.893 [main] INFO  o.s.c.b.c.PropertySourceBootstrapConfiguration - Located property source: [BootstrapPropertySource {name='bootstrapProperties-GreenNote-oss-dev.yaml,DEFAULT_GROUP'}, BootstrapPropertySource {name='bootstrapProperties-GreenNote-oss.yaml,DEFAULT_GROUP'}, BootstrapPropertySource {name='bootstrapProperties-GreenNote-oss,DEFAULT_GROUP'}]
2025-11-21 02:43:13.901 [main] WARN  com.alibaba.nacos.client.logging.NacosLogging - Load Logback Configuration of Nacos fail, message: Could not initialize Logback Nacos logging from classpath:nacos-logback.xml
2025-11-21 02:43:13.903 [main] INFO  c.e.greennote.oss.biz.GreenNoteOssBizApplication - The following 1 profile is active: "dev"
2025-11-21 02:43:14.999 [main] INFO  o.springframework.cloud.context.scope.GenericScope - BeanFactory id=9336411e-a514-3c66-a3ff-45e25e22725e
2025-11-21 02:43:15.750 [main] INFO  o.s.boot.web.embedded.tomcat.TomcatWebServer - Tomcat initialized with port(s): 8081 (http)
2025-11-21 02:43:15.765 [main] INFO  org.apache.catalina.core.StandardService - Starting service [Tomcat]
2025-11-21 02:43:15.765 [main] INFO  org.apache.catalina.core.StandardEngine - Starting Servlet engine: [Apache Tomcat/10.1.5]
2025-11-21 02:43:15.900 [main] INFO  o.a.c.core.ContainerBase.[Tomcat].[localhost].[/] - Initializing Spring embedded WebApplicationContext
2025-11-21 02:43:15.901 [main] INFO  o.s.b.w.s.c.ServletWebServerApplicationContext - Root WebApplicationContext: initialization completed in 1979 ms
2025-11-21 02:43:18.263 [main] INFO  o.s.boot.web.embedded.tomcat.TomcatWebServer - Tomcat started on port(s): 8081 (http) with context path ''
2025-11-21 02:43:18.272 [main] INFO  com.alibaba.nacos.client.naming - initializer namespace from ans.namespace attribute : null
2025-11-21 02:43:18.272 [main] INFO  com.alibaba.nacos.client.naming - initializer namespace from ALIBABA_ALIWARE_NAMESPACE attribute :null
2025-11-21 02:43:18.273 [main] INFO  com.alibaba.nacos.client.naming - initializer namespace from namespace attribute :null
2025-11-21 02:43:18.289 [main] INFO  c.a.n.p.auth.spi.client.ClientAuthPluginManager - [ClientAuthPluginManager] Load ClientAuthService com.alibaba.nacos.client.auth.impl.NacosClientAuthServiceImpl success.
2025-11-21 02:43:18.290 [main] INFO  c.a.n.p.auth.spi.client.ClientAuthPluginManager - [ClientAuthPluginManager] Load ClientAuthService com.alibaba.nacos.client.auth.ram.RamClientAuthServiceImpl success.
2025-11-21 02:43:18.296 [main] INFO  com.alibaba.nacos.common.remote.client - [RpcClientFactory] create a new rpc client of d9cd3001-13f1-4684-bb7d-3f2ca9912bc9
2025-11-21 02:43:18.300 [main] INFO  com.alibaba.nacos.common.remote.client - [d9cd3001-13f1-4684-bb7d-3f2ca9912bc9] RpcClient init, ServerListFactory = com.alibaba.nacos.client.naming.core.ServerListManager
2025-11-21 02:43:18.301 [main] INFO  com.alibaba.nacos.common.remote.client - [d9cd3001-13f1-4684-bb7d-3f2ca9912bc9] Registry connection listener to current client:com.alibaba.nacos.client.naming.remote.gprc.redo.NamingGrpcRedoService
2025-11-21 02:43:18.301 [main] INFO  com.alibaba.nacos.common.remote.client - [d9cd3001-13f1-4684-bb7d-3f2ca9912bc9] Register server push request handler:com.alibaba.nacos.client.naming.remote.gprc.NamingPushRequestHandler
2025-11-21 02:43:18.303 [main] INFO  com.alibaba.nacos.common.remote.client - [d9cd3001-13f1-4684-bb7d-3f2ca9912bc9] Try to connect to server on start up, server: {serverIp = '127.0.0.1', server main port = 8848}
2025-11-21 02:43:18.303 [main] INFO  c.a.nacos.common.remote.client.grpc.GrpcClient - grpc client connection server:127.0.0.1 ip,serverPort:9848,grpcTslConfig:{"sslProvider":"OPENSSL","enableTls":false,"mutualAuthEnable":false,"trustAll":false}
2025-11-21 02:43:18.422 [main] INFO  com.alibaba.nacos.common.remote.client - [d9cd3001-13f1-4684-bb7d-3f2ca9912bc9] Success to connect to server [127.0.0.1:8848] on start up, connectionId = 1763664198312_127.0.0.1_29508
2025-11-21 02:43:18.422 [main] INFO  com.alibaba.nacos.common.remote.client - [d9cd3001-13f1-4684-bb7d-3f2ca9912bc9] Register server push request handler:com.alibaba.nacos.common.remote.client.RpcClient$ConnectResetRequestHandler
2025-11-21 02:43:18.422 [com.alibaba.nacos.client.remote.worker] INFO  com.alibaba.nacos.common.remote.client - [d9cd3001-13f1-4684-bb7d-3f2ca9912bc9] Notify connected event to listeners.
2025-11-21 02:43:18.422 [main] INFO  com.alibaba.nacos.common.remote.client - [d9cd3001-13f1-4684-bb7d-3f2ca9912bc9] Register server push request handler:com.alibaba.nacos.common.remote.client.RpcClient$$Lambda$609/0x000002dfc34d7080
2025-11-21 02:43:18.422 [com.alibaba.nacos.client.remote.worker] INFO  com.alibaba.nacos.client.naming - Grpc connection connect
2025-11-21 02:43:18.424 [main] INFO  com.alibaba.nacos.client.naming - [REGISTER-SERVICE] greennote registering service GreenNote-oss with instance Instance{instanceId='null', ip='192.168.0.227', port=8081, weight=1.0, healthy=true, enabled=true, ephemeral=true, clusterName='DEFAULT', serviceName='null', metadata={IPv6=null, preserved.register.source=SPRING_CLOUD}}
2025-11-21 02:43:18.446 [main] INFO  c.a.cloud.nacos.registry.NacosServiceRegistry - nacos registry, DEFAULT_GROUP GreenNote-oss 192.168.0.227:8081 register finished
2025-11-21 02:43:18.735 [main] INFO  c.e.greennote.oss.biz.GreenNoteOssBizApplication - Started GreenNoteOssBizApplication in 9.534 seconds (process running for 10.46)
2025-11-21 02:43:18.742 [main] INFO  com.alibaba.nacos.client.config.impl.CacheData - nacos.cache.data.init.snapshot = true 
2025-11-21 02:43:18.743 [main] INFO  com.alibaba.nacos.client.config.impl.ClientWorker - [fixed-greennote-127.0.0.1_8848] [subscribe] GreenNote-oss-dev.yaml+DEFAULT_GROUP+greennote
2025-11-21 02:43:18.760 [main] INFO  com.alibaba.nacos.client.config.impl.CacheData - [fixed-greennote-127.0.0.1_8848] [add-listener] ok, tenant=greennote, dataId=GreenNote-oss-dev.yaml, group=DEFAULT_GROUP, cnt=1
2025-11-21 02:43:18.761 [main] INFO  c.a.cloud.nacos.refresh.NacosContextRefresher - [Nacos Config] Listening config: dataId=GreenNote-oss-dev.yaml, group=DEFAULT_GROUP
2025-11-21 02:43:18.761 [main] INFO  com.alibaba.nacos.client.config.impl.ClientWorker - [fixed-greennote-127.0.0.1_8848] [subscribe] GreenNote-oss+DEFAULT_GROUP+greennote
2025-11-21 02:43:18.762 [main] INFO  com.alibaba.nacos.client.config.impl.CacheData - [fixed-greennote-127.0.0.1_8848] [add-listener] ok, tenant=greennote, dataId=GreenNote-oss, group=DEFAULT_GROUP, cnt=1
2025-11-21 02:43:18.762 [main] INFO  c.a.cloud.nacos.refresh.NacosContextRefresher - [Nacos Config] Listening config: dataId=GreenNote-oss, group=DEFAULT_GROUP
2025-11-21 02:43:18.762 [main] INFO  com.alibaba.nacos.client.config.impl.ClientWorker - [fixed-greennote-127.0.0.1_8848] [subscribe] GreenNote-oss.yaml+DEFAULT_GROUP+greennote
2025-11-21 02:43:18.762 [main] INFO  com.alibaba.nacos.client.config.impl.CacheData - [fixed-greennote-127.0.0.1_8848] [add-listener] ok, tenant=greennote, dataId=GreenNote-oss.yaml, group=DEFAULT_GROUP, cnt=1
2025-11-21 02:43:18.762 [main] INFO  c.a.cloud.nacos.refresh.NacosContextRefresher - [Nacos Config] Listening config: dataId=GreenNote-oss.yaml, group=DEFAULT_GROUP
2025-11-21 02:57:26.561 [Thread-2] WARN  c.alibaba.nacos.common.http.HttpClientBeanHolder - [HttpClientBeanHolder] Start destroying common HttpClient
2025-11-21 02:57:26.562 [Thread-2] WARN  c.alibaba.nacos.common.http.HttpClientBeanHolder - [HttpClientBeanHolder] Destruction of the end
2025-11-21 02:57:26.562 [Thread-9] WARN  com.alibaba.nacos.common.notify.NotifyCenter - [NotifyCenter] Start destroying Publisher
2025-11-21 02:57:26.562 [Thread-9] WARN  com.alibaba.nacos.common.notify.NotifyCenter - [NotifyCenter] Destruction of the end
2025-11-21 02:57:26.627 [SpringApplicationShutdownHook] INFO  c.a.cloud.nacos.registry.NacosServiceRegistry - De-registering from Nacos Server now...
2025-11-21 02:57:26.627 [SpringApplicationShutdownHook] INFO  com.alibaba.nacos.client.naming - [DEREGISTER-SERVICE] greennote deregistering service GreenNote-oss with instance: Instance{instanceId='null', ip='192.168.0.227', port=8081, weight=1.0, healthy=true, enabled=true, ephemeral=true, clusterName='DEFAULT', serviceName='null', metadata={}}
2025-11-21 02:57:26.634 [SpringApplicationShutdownHook] INFO  c.a.cloud.nacos.registry.NacosServiceRegistry - De-registration finished.
2025-11-21 02:57:26.635 [SpringApplicationShutdownHook] INFO  com.alibaba.nacos.client.naming - com.alibaba.nacos.client.naming.cache.ServiceInfoHolder do shutdown begin
2025-11-21 02:57:26.635 [SpringApplicationShutdownHook] INFO  com.alibaba.nacos.client.naming - com.alibaba.nacos.client.naming.backups.FailoverReactor do shutdown begin
2025-11-21 02:57:26.636 [SpringApplicationShutdownHook] INFO  com.alibaba.nacos.client.naming - com.alibaba.nacos.client.naming.backups.FailoverReactor do shutdown stop
2025-11-21 02:57:26.636 [SpringApplicationShutdownHook] INFO  com.alibaba.nacos.client.naming - com.alibaba.nacos.client.naming.cache.ServiceInfoHolder do shutdown stop
2025-11-21 02:57:26.636 [SpringApplicationShutdownHook] INFO  com.alibaba.nacos.client.naming - com.alibaba.nacos.client.naming.remote.NamingClientProxyDelegate do shutdown begin
2025-11-21 02:57:26.636 [SpringApplicationShutdownHook] INFO  com.alibaba.nacos.client.naming - com.alibaba.nacos.client.naming.core.ServiceInfoUpdateService do shutdown begin
2025-11-21 02:57:26.636 [SpringApplicationShutdownHook] INFO  com.alibaba.nacos.client.naming - com.alibaba.nacos.client.naming.core.ServiceInfoUpdateService do shutdown stop
2025-11-21 02:57:26.636 [SpringApplicationShutdownHook] INFO  com.alibaba.nacos.client.naming - com.alibaba.nacos.client.naming.core.ServerListManager do shutdown begin
2025-11-21 02:57:26.636 [SpringApplicationShutdownHook] WARN  com.alibaba.nacos.client.naming - [NamingHttpClientManager] Start destroying NacosRestTemplate
2025-11-21 02:57:26.637 [SpringApplicationShutdownHook] WARN  com.alibaba.nacos.client.naming - [NamingHttpClientManager] Destruction of the end
2025-11-21 02:57:26.638 [SpringApplicationShutdownHook] INFO  com.alibaba.nacos.client.naming - com.alibaba.nacos.client.naming.core.ServerListManager do shutdown stop
2025-11-21 02:57:26.638 [SpringApplicationShutdownHook] INFO  com.alibaba.nacos.client.naming - com.alibaba.nacos.client.naming.remote.http.NamingHttpClientProxy do shutdown begin
2025-11-21 02:57:26.638 [SpringApplicationShutdownHook] WARN  com.alibaba.nacos.client.naming - [NamingHttpClientManager] Start destroying NacosRestTemplate
2025-11-21 02:57:26.638 [SpringApplicationShutdownHook] WARN  com.alibaba.nacos.client.naming - [NamingHttpClientManager] Destruction of the end
2025-11-21 02:57:26.639 [SpringApplicationShutdownHook] INFO  com.alibaba.nacos.client.naming - com.alibaba.nacos.client.naming.remote.http.NamingHttpClientProxy do shutdown stop
2025-11-21 02:57:26.639 [SpringApplicationShutdownHook] INFO  com.alibaba.nacos.common.remote.client - Shutdown rpc client, set status to shutdown
2025-11-21 02:57:26.639 [SpringApplicationShutdownHook] INFO  com.alibaba.nacos.common.remote.client - Shutdown client event executor java.util.concurrent.ScheduledThreadPoolExecutor@19877d38[Running, pool size = 2, active threads = 2, queued tasks = 0, completed tasks = 0]
2025-11-21 02:57:26.640 [SpringApplicationShutdownHook] INFO  com.alibaba.nacos.common.remote.client - Close current connection 1763664198312_127.0.0.1_29508
2025-11-21 02:57:26.642 [nacos-grpc-client-executor-127.0.0.1-183] INFO  c.a.nacos.common.remote.client.grpc.GrpcClient - [1763664198312_127.0.0.1_29508]Ignore complete event,isRunning:false,isAbandon=false
2025-11-21 02:57:26.647 [SpringApplicationShutdownHook] INFO  c.a.nacos.common.remote.client.grpc.GrpcClient - Shutdown grpc executor java.util.concurrent.ThreadPoolExecutor@7c9afcc7[Running, pool size = 4, active threads = 0, queued tasks = 0, completed tasks = 184]
2025-11-21 02:57:26.647 [SpringApplicationShutdownHook] INFO  com.alibaba.nacos.client.naming - Shutdown grpc redo service executor java.util.concurrent.ScheduledThreadPoolExecutor@37799cc2[Running, pool size = 1, active threads = 0, queued tasks = 1, completed tasks = 282]
2025-11-21 02:57:26.647 [SpringApplicationShutdownHook] INFO  c.a.n.client.auth.ram.identify.CredentialWatcher - [null] CredentialWatcher is stopped
2025-11-21 02:57:26.647 [SpringApplicationShutdownHook] INFO  c.a.n.client.auth.ram.identify.CredentialService - [null] CredentialService is freed
2025-11-21 02:57:26.647 [SpringApplicationShutdownHook] INFO  com.alibaba.nacos.client.naming - com.alibaba.nacos.client.naming.remote.NamingClientProxyDelegate do shutdown stop
2025-11-21 02:57:30.962 [main] WARN  com.alibaba.nacos.client.logging.NacosLogging - Load Logback Configuration of Nacos fail, message: Could not initialize Logback Nacos logging from classpath:nacos-logback.xml
2025-11-21 02:57:31.074 [main] WARN  com.alibaba.nacos.client.logging.NacosLogging - Load Logback Configuration of Nacos fail, message: Could not initialize Logback Nacos logging from classpath:nacos-logback.xml
2025-11-21 02:57:31.553 [main] WARN  com.alibaba.nacos.client.logging.NacosLogging - Load Logback Configuration of Nacos fail, message: Could not initialize Logback Nacos logging from classpath:nacos-logback.xml
2025-11-21 02:57:31.556 [main] INFO  com.alibaba.nacos.client.utils.ParamUtil - [settings] [req-serv] nacos-server port:8848
2025-11-21 02:57:31.557 [main] INFO  com.alibaba.nacos.client.utils.ParamUtil - [settings] [http-client] connect timeout:1000
2025-11-21 02:57:31.558 [main] INFO  com.alibaba.nacos.client.utils.ParamUtil - PER_TASK_CONFIG_SIZE: 3000.0
2025-11-21 02:57:31.599 [main] INFO  c.a.n.p.auth.spi.client.ClientAuthPluginManager - [ClientAuthPluginManager] Load ClientAuthService com.alibaba.nacos.client.auth.impl.NacosClientAuthServiceImpl success.
2025-11-21 02:57:31.599 [main] INFO  c.a.n.p.auth.spi.client.ClientAuthPluginManager - [ClientAuthPluginManager] Load ClientAuthService com.alibaba.nacos.client.auth.ram.RamClientAuthServiceImpl success.
2025-11-21 02:57:31.602 [main] INFO  c.a.n.client.auth.ram.identify.CredentialWatcher - null No credential found
2025-11-21 02:57:31.980 [main] WARN  com.alibaba.nacos.client.logging.NacosLogging - Load Logback Configuration of Nacos fail, message: Could not initialize Logback Nacos logging from classpath:nacos-logback.xml
2025-11-21 02:57:32.002 [main] INFO  c.a.n.client.config.impl.LocalConfigInfoProcessor - LOCAL_SNAPSHOT_PATH:C:\Users\12482\nacos\config
2025-11-21 02:57:32.007 [main] INFO  com.alibaba.nacos.common.remote.client - [RpcClientFactory] create a new rpc client of 5a5759bd-4009-4777-bb57-5bafb2560655_config-0
2025-11-21 02:57:32.033 [main] INFO  com.alibaba.nacos.common.remote.client - [5a5759bd-4009-4777-bb57-5bafb2560655_config-0] Register server push request handler:com.alibaba.nacos.client.config.impl.ClientWorker$ConfigRpcTransportClient$$Lambda$588/0x00000159e538fca8
2025-11-21 02:57:32.034 [main] INFO  com.alibaba.nacos.common.remote.client - [5a5759bd-4009-4777-bb57-5bafb2560655_config-0] Register server push request handler:com.alibaba.nacos.client.config.impl.ClientWorker$ConfigRpcTransportClient$$Lambda$589/0x00000159e5390200
2025-11-21 02:57:32.035 [main] INFO  com.alibaba.nacos.common.remote.client - [5a5759bd-4009-4777-bb57-5bafb2560655_config-0] Registry connection listener to current client:com.alibaba.nacos.client.config.impl.ClientWorker$ConfigRpcTransportClient$1
2025-11-21 02:57:32.035 [main] INFO  com.alibaba.nacos.common.remote.client - [5a5759bd-4009-4777-bb57-5bafb2560655_config-0] RpcClient init, ServerListFactory = com.alibaba.nacos.client.config.impl.ClientWorker$ConfigRpcTransportClient$2
2025-11-21 02:57:32.054 [main] INFO  com.alibaba.nacos.common.remote.client - [5a5759bd-4009-4777-bb57-5bafb2560655_config-0] Try to connect to server on start up, server: {serverIp = '127.0.0.1', server main port = 8848}
2025-11-21 02:57:32.113 [main] INFO  c.a.nacos.common.remote.client.grpc.GrpcClient - grpc client connection server:127.0.0.1 ip,serverPort:9848,grpcTslConfig:{"sslProvider":"OPENSSL","enableTls":false,"mutualAuthEnable":false,"trustAll":false}
2025-11-21 02:57:33.577 [main] INFO  com.alibaba.nacos.common.remote.client - [5a5759bd-4009-4777-bb57-5bafb2560655_config-0] Success to connect to server [127.0.0.1:8848] on start up, connectionId = 1763665053296_127.0.0.1_37618
2025-11-21 02:57:33.579 [com.alibaba.nacos.client.remote.worker] INFO  com.alibaba.nacos.common.remote.client - [5a5759bd-4009-4777-bb57-5bafb2560655_config-0] Notify connected event to listeners.
2025-11-21 02:57:33.579 [com.alibaba.nacos.client.remote.worker] INFO  com.alibaba.nacos.client.config.impl.ClientWorker - [5a5759bd-4009-4777-bb57-5bafb2560655_config-0] Connected,notify listen context...
2025-11-21 02:57:33.579 [main] INFO  com.alibaba.nacos.common.remote.client - [5a5759bd-4009-4777-bb57-5bafb2560655_config-0] Register server push request handler:com.alibaba.nacos.common.remote.client.RpcClient$ConnectResetRequestHandler
2025-11-21 02:57:33.579 [main] INFO  com.alibaba.nacos.common.remote.client - [5a5759bd-4009-4777-bb57-5bafb2560655_config-0] Register server push request handler:com.alibaba.nacos.common.remote.client.RpcClient$$Lambda$609/0x00000159e54d76d8
2025-11-21 02:57:33.662 [main] INFO  com.alibaba.nacos.client.config.impl.Limiter - limitTime:5.0
2025-11-21 02:57:33.689 [main] WARN  c.a.cloud.nacos.client.NacosPropertySourceBuilder - Ignore the empty nacos configuration and get it based on dataId[GreenNote-oss] & group[DEFAULT_GROUP]
2025-11-21 02:57:33.699 [main] WARN  c.a.cloud.nacos.client.NacosPropertySourceBuilder - Ignore the empty nacos configuration and get it based on dataId[GreenNote-oss.yaml] & group[DEFAULT_GROUP]
2025-11-21 02:57:33.707 [main] WARN  c.a.cloud.nacos.client.NacosPropertySourceBuilder - Ignore the empty nacos configuration and get it based on dataId[GreenNote-oss-dev.yaml] & group[DEFAULT_GROUP]
2025-11-21 02:57:33.708 [main] INFO  o.s.c.b.c.PropertySourceBootstrapConfiguration - Located property source: [BootstrapPropertySource {name='bootstrapProperties-GreenNote-oss-dev.yaml,DEFAULT_GROUP'}, BootstrapPropertySource {name='bootstrapProperties-GreenNote-oss.yaml,DEFAULT_GROUP'}, BootstrapPropertySource {name='bootstrapProperties-GreenNote-oss,DEFAULT_GROUP'}]
2025-11-21 02:57:33.717 [main] WARN  com.alibaba.nacos.client.logging.NacosLogging - Load Logback Configuration of Nacos fail, message: Could not initialize Logback Nacos logging from classpath:nacos-logback.xml
2025-11-21 02:57:33.718 [main] INFO  c.e.greennote.oss.biz.GreenNoteOssBizApplication - The following 1 profile is active: "dev"
2025-11-21 02:57:34.655 [main] INFO  o.springframework.cloud.context.scope.GenericScope - BeanFactory id=9336411e-a514-3c66-a3ff-45e25e22725e
2025-11-21 02:57:35.426 [main] INFO  o.s.boot.web.embedded.tomcat.TomcatWebServer - Tomcat initialized with port(s): 8081 (http)
2025-11-21 02:57:35.451 [main] INFO  org.apache.catalina.core.StandardService - Starting service [Tomcat]
2025-11-21 02:57:35.452 [main] INFO  org.apache.catalina.core.StandardEngine - Starting Servlet engine: [Apache Tomcat/10.1.5]
2025-11-21 02:57:35.628 [main] INFO  o.a.c.core.ContainerBase.[Tomcat].[localhost].[/] - Initializing Spring embedded WebApplicationContext
2025-11-21 02:57:35.628 [main] INFO  o.s.b.w.s.c.ServletWebServerApplicationContext - Root WebApplicationContext: initialization completed in 1887 ms
2025-11-21 02:57:37.643 [main] INFO  o.s.boot.web.embedded.tomcat.TomcatWebServer - Tomcat started on port(s): 8081 (http) with context path ''
2025-11-21 02:57:37.650 [main] INFO  com.alibaba.nacos.client.naming - initializer namespace from ans.namespace attribute : null
2025-11-21 02:57:37.651 [main] INFO  com.alibaba.nacos.client.naming - initializer namespace from ALIBABA_ALIWARE_NAMESPACE attribute :null
2025-11-21 02:57:37.651 [main] INFO  com.alibaba.nacos.client.naming - initializer namespace from namespace attribute :null
2025-11-21 02:57:37.664 [main] INFO  c.a.n.p.auth.spi.client.ClientAuthPluginManager - [ClientAuthPluginManager] Load ClientAuthService com.alibaba.nacos.client.auth.impl.NacosClientAuthServiceImpl success.
2025-11-21 02:57:37.664 [main] INFO  c.a.n.p.auth.spi.client.ClientAuthPluginManager - [ClientAuthPluginManager] Load ClientAuthService com.alibaba.nacos.client.auth.ram.RamClientAuthServiceImpl success.
2025-11-21 02:57:37.669 [main] INFO  com.alibaba.nacos.common.remote.client - [RpcClientFactory] create a new rpc client of f944daa7-d566-4331-9bb5-828295e49889
2025-11-21 02:57:37.673 [main] INFO  com.alibaba.nacos.common.remote.client - [f944daa7-d566-4331-9bb5-828295e49889] RpcClient init, ServerListFactory = com.alibaba.nacos.client.naming.core.ServerListManager
2025-11-21 02:57:37.673 [main] INFO  com.alibaba.nacos.common.remote.client - [f944daa7-d566-4331-9bb5-828295e49889] Registry connection listener to current client:com.alibaba.nacos.client.naming.remote.gprc.redo.NamingGrpcRedoService
2025-11-21 02:57:37.674 [main] INFO  com.alibaba.nacos.common.remote.client - [f944daa7-d566-4331-9bb5-828295e49889] Register server push request handler:com.alibaba.nacos.client.naming.remote.gprc.NamingPushRequestHandler
2025-11-21 02:57:37.674 [main] INFO  com.alibaba.nacos.common.remote.client - [f944daa7-d566-4331-9bb5-828295e49889] Try to connect to server on start up, server: {serverIp = '127.0.0.1', server main port = 8848}
2025-11-21 02:57:37.674 [main] INFO  c.a.nacos.common.remote.client.grpc.GrpcClient - grpc client connection server:127.0.0.1 ip,serverPort:9848,grpcTslConfig:{"sslProvider":"OPENSSL","enableTls":false,"mutualAuthEnable":false,"trustAll":false}
2025-11-21 02:57:37.805 [main] INFO  com.alibaba.nacos.common.remote.client - [f944daa7-d566-4331-9bb5-828295e49889] Success to connect to server [127.0.0.1:8848] on start up, connectionId = 1763665057683_127.0.0.1_25643
2025-11-21 02:57:37.806 [main] INFO  com.alibaba.nacos.common.remote.client - [f944daa7-d566-4331-9bb5-828295e49889] Register server push request handler:com.alibaba.nacos.common.remote.client.RpcClient$ConnectResetRequestHandler
2025-11-21 02:57:37.806 [com.alibaba.nacos.client.remote.worker] INFO  com.alibaba.nacos.common.remote.client - [f944daa7-d566-4331-9bb5-828295e49889] Notify connected event to listeners.
2025-11-21 02:57:37.806 [main] INFO  com.alibaba.nacos.common.remote.client - [f944daa7-d566-4331-9bb5-828295e49889] Register server push request handler:com.alibaba.nacos.common.remote.client.RpcClient$$Lambda$609/0x00000159e54d76d8
2025-11-21 02:57:37.806 [com.alibaba.nacos.client.remote.worker] INFO  com.alibaba.nacos.client.naming - Grpc connection connect
2025-11-21 02:57:37.808 [main] INFO  com.alibaba.nacos.client.naming - [REGISTER-SERVICE] greennote registering service GreenNote-oss with instance Instance{instanceId='null', ip='192.168.0.227', port=8081, weight=1.0, healthy=true, enabled=true, ephemeral=true, clusterName='DEFAULT', serviceName='null', metadata={IPv6=null, preserved.register.source=SPRING_CLOUD}}
2025-11-21 02:57:37.824 [main] INFO  c.a.cloud.nacos.registry.NacosServiceRegistry - nacos registry, DEFAULT_GROUP GreenNote-oss 192.168.0.227:8081 register finished
2025-11-21 02:57:38.089 [main] INFO  c.e.greennote.oss.biz.GreenNoteOssBizApplication - Started GreenNoteOssBizApplication in 8.311 seconds (process running for 9.16)
2025-11-21 02:57:38.094 [main] INFO  com.alibaba.nacos.client.config.impl.CacheData - nacos.cache.data.init.snapshot = true 
2025-11-21 02:57:38.095 [main] INFO  com.alibaba.nacos.client.config.impl.ClientWorker - [fixed-greennote-127.0.0.1_8848] [subscribe] GreenNote-oss-dev.yaml+DEFAULT_GROUP+greennote
2025-11-21 02:57:38.109 [main] INFO  com.alibaba.nacos.client.config.impl.CacheData - [fixed-greennote-127.0.0.1_8848] [add-listener] ok, tenant=greennote, dataId=GreenNote-oss-dev.yaml, group=DEFAULT_GROUP, cnt=1
2025-11-21 02:57:38.109 [main] INFO  c.a.cloud.nacos.refresh.NacosContextRefresher - [Nacos Config] Listening config: dataId=GreenNote-oss-dev.yaml, group=DEFAULT_GROUP
2025-11-21 02:57:38.110 [main] INFO  com.alibaba.nacos.client.config.impl.ClientWorker - [fixed-greennote-127.0.0.1_8848] [subscribe] GreenNote-oss+DEFAULT_GROUP+greennote
2025-11-21 02:57:38.111 [main] INFO  com.alibaba.nacos.client.config.impl.CacheData - [fixed-greennote-127.0.0.1_8848] [add-listener] ok, tenant=greennote, dataId=GreenNote-oss, group=DEFAULT_GROUP, cnt=1
2025-11-21 02:57:38.111 [main] INFO  c.a.cloud.nacos.refresh.NacosContextRefresher - [Nacos Config] Listening config: dataId=GreenNote-oss, group=DEFAULT_GROUP
2025-11-21 02:57:38.111 [main] INFO  com.alibaba.nacos.client.config.impl.ClientWorker - [fixed-greennote-127.0.0.1_8848] [subscribe] GreenNote-oss.yaml+DEFAULT_GROUP+greennote
2025-11-21 02:57:38.111 [main] INFO  com.alibaba.nacos.client.config.impl.CacheData - [fixed-greennote-127.0.0.1_8848] [add-listener] ok, tenant=greennote, dataId=GreenNote-oss.yaml, group=DEFAULT_GROUP, cnt=1
2025-11-21 02:57:38.111 [main] INFO  c.a.cloud.nacos.refresh.NacosContextRefresher - [Nacos Config] Listening config: dataId=GreenNote-oss.yaml, group=DEFAULT_GROUP
2025-11-21 03:00:41.431 [Thread-9] WARN  com.alibaba.nacos.common.notify.NotifyCenter - [NotifyCenter] Start destroying Publisher
2025-11-21 03:00:41.431 [Thread-9] WARN  com.alibaba.nacos.common.notify.NotifyCenter - [NotifyCenter] Destruction of the end
2025-11-21 03:00:41.449 [Thread-2] WARN  c.alibaba.nacos.common.http.HttpClientBeanHolder - [HttpClientBeanHolder] Start destroying common HttpClient
2025-11-21 03:00:41.450 [Thread-2] WARN  c.alibaba.nacos.common.http.HttpClientBeanHolder - [HttpClientBeanHolder] Destruction of the end
2025-11-21 03:00:41.602 [SpringApplicationShutdownHook] INFO  c.a.cloud.nacos.registry.NacosServiceRegistry - De-registering from Nacos Server now...
2025-11-21 03:00:41.602 [SpringApplicationShutdownHook] INFO  com.alibaba.nacos.client.naming - [DEREGISTER-SERVICE] greennote deregistering service GreenNote-oss with instance: Instance{instanceId='null', ip='192.168.0.227', port=8081, weight=1.0, healthy=true, enabled=true, ephemeral=true, clusterName='DEFAULT', serviceName='null', metadata={}}
2025-11-21 03:00:41.610 [SpringApplicationShutdownHook] INFO  c.a.cloud.nacos.registry.NacosServiceRegistry - De-registration finished.
2025-11-21 03:00:41.611 [SpringApplicationShutdownHook] INFO  com.alibaba.nacos.client.naming - com.alibaba.nacos.client.naming.cache.ServiceInfoHolder do shutdown begin
2025-11-21 03:00:41.612 [SpringApplicationShutdownHook] INFO  com.alibaba.nacos.client.naming - com.alibaba.nacos.client.naming.backups.FailoverReactor do shutdown begin
2025-11-21 03:00:41.612 [SpringApplicationShutdownHook] INFO  com.alibaba.nacos.client.naming - com.alibaba.nacos.client.naming.backups.FailoverReactor do shutdown stop
2025-11-21 03:00:41.612 [SpringApplicationShutdownHook] INFO  com.alibaba.nacos.client.naming - com.alibaba.nacos.client.naming.cache.ServiceInfoHolder do shutdown stop
2025-11-21 03:00:41.612 [SpringApplicationShutdownHook] INFO  com.alibaba.nacos.client.naming - com.alibaba.nacos.client.naming.remote.NamingClientProxyDelegate do shutdown begin
2025-11-21 03:00:41.612 [SpringApplicationShutdownHook] INFO  com.alibaba.nacos.client.naming - com.alibaba.nacos.client.naming.core.ServiceInfoUpdateService do shutdown begin
2025-11-21 03:00:41.612 [SpringApplicationShutdownHook] INFO  com.alibaba.nacos.client.naming - com.alibaba.nacos.client.naming.core.ServiceInfoUpdateService do shutdown stop
2025-11-21 03:00:41.613 [SpringApplicationShutdownHook] INFO  com.alibaba.nacos.client.naming - com.alibaba.nacos.client.naming.core.ServerListManager do shutdown begin
2025-11-21 03:00:41.613 [SpringApplicationShutdownHook] WARN  com.alibaba.nacos.client.naming - [NamingHttpClientManager] Start destroying NacosRestTemplate
2025-11-21 03:00:41.613 [SpringApplicationShutdownHook] WARN  com.alibaba.nacos.client.naming - [NamingHttpClientManager] Destruction of the end
2025-11-21 03:00:41.613 [SpringApplicationShutdownHook] INFO  com.alibaba.nacos.client.naming - com.alibaba.nacos.client.naming.core.ServerListManager do shutdown stop
2025-11-21 03:00:41.613 [SpringApplicationShutdownHook] INFO  com.alibaba.nacos.client.naming - com.alibaba.nacos.client.naming.remote.http.NamingHttpClientProxy do shutdown begin
2025-11-21 03:00:41.613 [SpringApplicationShutdownHook] WARN  com.alibaba.nacos.client.naming - [NamingHttpClientManager] Start destroying NacosRestTemplate
2025-11-21 03:00:41.613 [SpringApplicationShutdownHook] WARN  com.alibaba.nacos.client.naming - [NamingHttpClientManager] Destruction of the end
2025-11-21 03:00:41.613 [SpringApplicationShutdownHook] INFO  com.alibaba.nacos.client.naming - com.alibaba.nacos.client.naming.remote.http.NamingHttpClientProxy do shutdown stop
2025-11-21 03:00:41.613 [SpringApplicationShutdownHook] INFO  com.alibaba.nacos.common.remote.client - Shutdown rpc client, set status to shutdown
2025-11-21 03:00:41.614 [SpringApplicationShutdownHook] INFO  com.alibaba.nacos.common.remote.client - Shutdown client event executor java.util.concurrent.ScheduledThreadPoolExecutor@14e8d088[Running, pool size = 2, active threads = 2, queued tasks = 0, completed tasks = 0]
2025-11-21 03:00:41.614 [SpringApplicationShutdownHook] INFO  com.alibaba.nacos.common.remote.client - Close current connection 1763665057683_127.0.0.1_25643
2025-11-21 03:00:41.618 [nacos-grpc-client-executor-127.0.0.1-47] INFO  c.a.nacos.common.remote.client.grpc.GrpcClient - [1763665057683_127.0.0.1_25643]Ignore complete event,isRunning:false,isAbandon=false
2025-11-21 03:00:41.623 [SpringApplicationShutdownHook] INFO  c.a.nacos.common.remote.client.grpc.GrpcClient - Shutdown grpc executor java.util.concurrent.ThreadPoolExecutor@575da4ec[Running, pool size = 4, active threads = 0, queued tasks = 0, completed tasks = 48]
2025-11-21 03:00:41.623 [SpringApplicationShutdownHook] INFO  com.alibaba.nacos.client.naming - Shutdown grpc redo service executor java.util.concurrent.ScheduledThreadPoolExecutor@7566a2fc[Running, pool size = 1, active threads = 0, queued tasks = 1, completed tasks = 61]
2025-11-21 03:00:41.624 [SpringApplicationShutdownHook] INFO  c.a.n.client.auth.ram.identify.CredentialWatcher - [null] CredentialWatcher is stopped
2025-11-21 03:00:41.624 [SpringApplicationShutdownHook] INFO  c.a.n.client.auth.ram.identify.CredentialService - [null] CredentialService is freed
2025-11-21 03:00:41.625 [SpringApplicationShutdownHook] INFO  com.alibaba.nacos.client.naming - com.alibaba.nacos.client.naming.remote.NamingClientProxyDelegate do shutdown stop
