2026-02-05 00:00:08.926 [http-nio-8092-exec-10] INFO  c.e.f.b.operationlog.aspect.ApiOperationLogAspect - ====== 请求开始: [热更新词典], 入参: , 请求类: com.evan.greennote.search.controller.ExtDictController, 请求方法: extDict =======
2026-02-05 00:00:08.927 [http-nio-8092-exec-10] INFO  c.e.f.b.operationlog.aspect.ApiOperationLogAspect - ====== 请求结束: [热更新词典], 耗时: 1ms, 出参: {"headers":{"ETag":["1243308403"],"Content-Type":["text/plain;charset=UTF-8"],"Last-Modified":["Sun, 25 Jan 2026 03:52:44 GMT"]},"body":"打工人\n打工魂\n社畜\n黑猴","statusCode":"OK","statusCodeValue":200}======
2026-02-05 00:01:04.472 [http-nio-8092-exec-1] INFO  c.e.f.b.operationlog.aspect.ApiOperationLogAspect - ====== 请求开始: [热更新词典], 入参: , 请求类: com.evan.greennote.search.controller.ExtDictController, 请求方法: extDict =======
2026-02-05 00:01:04.474 [http-nio-8092-exec-1] INFO  c.e.f.b.operationlog.aspect.ApiOperationLogAspect - ====== 请求结束: [热更新词典], 耗时: 2ms, 出参: {"headers":{"ETag":["1243308403"],"Content-Type":["text/plain;charset=UTF-8"],"Last-Modified":["Sun, 25 Jan 2026 03:52:44 GMT"]},"body":"打工人\n打工魂\n社畜\n黑猴","statusCode":"OK","statusCodeValue":200}======
2026-02-05 00:02:00.069 [http-nio-8092-exec-2] INFO  c.e.f.b.operationlog.aspect.ApiOperationLogAspect - ====== 请求开始: [热更新词典], 入参: , 请求类: com.evan.greennote.search.controller.ExtDictController, 请求方法: extDict =======
2026-02-05 00:02:00.070 [http-nio-8092-exec-2] INFO  c.e.f.b.operationlog.aspect.ApiOperationLogAspect - ====== 请求结束: [热更新词典], 耗时: 1ms, 出参: {"headers":{"ETag":["1243308403"],"Content-Type":["text/plain;charset=UTF-8"],"Last-Modified":["Sun, 25 Jan 2026 03:52:44 GMT"]},"body":"打工人\n打工魂\n社畜\n黑猴","statusCode":"OK","statusCodeValue":200}======
2026-02-05 00:02:55.613 [http-nio-8092-exec-3] INFO  c.e.f.b.operationlog.aspect.ApiOperationLogAspect - ====== 请求开始: [热更新词典], 入参: , 请求类: com.evan.greennote.search.controller.ExtDictController, 请求方法: extDict =======
2026-02-05 00:02:55.614 [http-nio-8092-exec-3] INFO  c.e.f.b.operationlog.aspect.ApiOperationLogAspect - ====== 请求结束: [热更新词典], 耗时: 1ms, 出参: {"headers":{"ETag":["1243308403"],"Content-Type":["text/plain;charset=UTF-8"],"Last-Modified":["Sun, 25 Jan 2026 03:52:44 GMT"]},"body":"打工人\n打工魂\n社畜\n黑猴","statusCode":"OK","statusCodeValue":200}======
2026-02-05 00:03:51.082 [http-nio-8092-exec-4] INFO  c.e.f.b.operationlog.aspect.ApiOperationLogAspect - ====== 请求开始: [热更新词典], 入参: , 请求类: com.evan.greennote.search.controller.ExtDictController, 请求方法: extDict =======
2026-02-05 00:03:51.083 [http-nio-8092-exec-4] INFO  c.e.f.b.operationlog.aspect.ApiOperationLogAspect - ====== 请求结束: [热更新词典], 耗时: 2ms, 出参: {"headers":{"ETag":["1243308403"],"Content-Type":["text/plain;charset=UTF-8"],"Last-Modified":["Sun, 25 Jan 2026 03:52:44 GMT"]},"body":"打工人\n打工魂\n社畜\n黑猴","statusCode":"OK","statusCodeValue":200}======
2026-02-05 00:04:46.551 [http-nio-8092-exec-5] INFO  c.e.f.b.operationlog.aspect.ApiOperationLogAspect - ====== 请求开始: [热更新词典], 入参: , 请求类: com.evan.greennote.search.controller.ExtDictController, 请求方法: extDict =======
2026-02-05 00:04:46.552 [http-nio-8092-exec-5] INFO  c.e.f.b.operationlog.aspect.ApiOperationLogAspect - ====== 请求结束: [热更新词典], 耗时: 1ms, 出参: {"headers":{"ETag":["1243308403"],"Content-Type":["text/plain;charset=UTF-8"],"Last-Modified":["Sun, 25 Jan 2026 03:52:44 GMT"]},"body":"打工人\n打工魂\n社畜\n黑猴","statusCode":"OK","statusCodeValue":200}======
2026-02-05 00:05:42.052 [http-nio-8092-exec-6] INFO  c.e.f.b.operationlog.aspect.ApiOperationLogAspect - ====== 请求开始: [热更新词典], 入参: , 请求类: com.evan.greennote.search.controller.ExtDictController, 请求方法: extDict =======
2026-02-05 00:05:42.053 [http-nio-8092-exec-6] INFO  c.e.f.b.operationlog.aspect.ApiOperationLogAspect - ====== 请求结束: [热更新词典], 耗时: 1ms, 出参: {"headers":{"ETag":["1243308403"],"Content-Type":["text/plain;charset=UTF-8"],"Last-Modified":["Sun, 25 Jan 2026 03:52:44 GMT"]},"body":"打工人\n打工魂\n社畜\n黑猴","statusCode":"OK","statusCodeValue":200}======
2026-02-05 00:06:37.573 [http-nio-8092-exec-7] INFO  c.e.f.b.operationlog.aspect.ApiOperationLogAspect - ====== 请求开始: [热更新词典], 入参: , 请求类: com.evan.greennote.search.controller.ExtDictController, 请求方法: extDict =======
2026-02-05 00:06:37.575 [http-nio-8092-exec-7] INFO  c.e.f.b.operationlog.aspect.ApiOperationLogAspect - ====== 请求结束: [热更新词典], 耗时: 1ms, 出参: {"headers":{"ETag":["1243308403"],"Content-Type":["text/plain;charset=UTF-8"],"Last-Modified":["Sun, 25 Jan 2026 03:52:44 GMT"]},"body":"打工人\n打工魂\n社畜\n黑猴","statusCode":"OK","statusCodeValue":200}======
2026-02-05 00:07:33.077 [http-nio-8092-exec-9] INFO  c.e.f.b.operationlog.aspect.ApiOperationLogAspect - ====== 请求开始: [热更新词典], 入参: , 请求类: com.evan.greennote.search.controller.ExtDictController, 请求方法: extDict =======
2026-02-05 00:07:33.078 [http-nio-8092-exec-9] INFO  c.e.f.b.operationlog.aspect.ApiOperationLogAspect - ====== 请求结束: [热更新词典], 耗时: 1ms, 出参: {"headers":{"ETag":["1243308403"],"Content-Type":["text/plain;charset=UTF-8"],"Last-Modified":["Sun, 25 Jan 2026 03:52:44 GMT"]},"body":"打工人\n打工魂\n社畜\n黑猴","statusCode":"OK","statusCodeValue":200}======
2026-02-05 00:08:28.488 [http-nio-8092-exec-8] INFO  c.e.f.b.operationlog.aspect.ApiOperationLogAspect - ====== 请求开始: [热更新词典], 入参: , 请求类: com.evan.greennote.search.controller.ExtDictController, 请求方法: extDict =======
2026-02-05 00:08:28.489 [http-nio-8092-exec-8] INFO  c.e.f.b.operationlog.aspect.ApiOperationLogAspect - ====== 请求结束: [热更新词典], 耗时: 1ms, 出参: {"headers":{"ETag":["1243308403"],"Content-Type":["text/plain;charset=UTF-8"],"Last-Modified":["Sun, 25 Jan 2026 03:52:44 GMT"]},"body":"打工人\n打工魂\n社畜\n黑猴","statusCode":"OK","statusCodeValue":200}======
2026-02-05 00:09:23.923 [http-nio-8092-exec-10] INFO  c.e.f.b.operationlog.aspect.ApiOperationLogAspect - ====== 请求开始: [热更新词典], 入参: , 请求类: com.evan.greennote.search.controller.ExtDictController, 请求方法: extDict =======
2026-02-05 00:09:23.924 [http-nio-8092-exec-10] INFO  c.e.f.b.operationlog.aspect.ApiOperationLogAspect - ====== 请求结束: [热更新词典], 耗时: 1ms, 出参: {"headers":{"ETag":["1243308403"],"Content-Type":["text/plain;charset=UTF-8"],"Last-Modified":["Sun, 25 Jan 2026 03:52:44 GMT"]},"body":"打工人\n打工魂\n社畜\n黑猴","statusCode":"OK","statusCodeValue":200}======
2026-02-05 00:10:19.347 [http-nio-8092-exec-1] INFO  c.e.f.b.operationlog.aspect.ApiOperationLogAspect - ====== 请求开始: [热更新词典], 入参: , 请求类: com.evan.greennote.search.controller.ExtDictController, 请求方法: extDict =======
2026-02-05 00:10:19.348 [http-nio-8092-exec-1] INFO  c.e.f.b.operationlog.aspect.ApiOperationLogAspect - ====== 请求结束: [热更新词典], 耗时: 1ms, 出参: {"headers":{"ETag":["1243308403"],"Content-Type":["text/plain;charset=UTF-8"],"Last-Modified":["Sun, 25 Jan 2026 03:52:44 GMT"]},"body":"打工人\n打工魂\n社畜\n黑猴","statusCode":"OK","statusCodeValue":200}======
2026-02-05 00:11:14.758 [http-nio-8092-exec-2] INFO  c.e.f.b.operationlog.aspect.ApiOperationLogAspect - ====== 请求开始: [热更新词典], 入参: , 请求类: com.evan.greennote.search.controller.ExtDictController, 请求方法: extDict =======
2026-02-05 00:11:14.760 [http-nio-8092-exec-2] INFO  c.e.f.b.operationlog.aspect.ApiOperationLogAspect - ====== 请求结束: [热更新词典], 耗时: 1ms, 出参: {"headers":{"ETag":["1243308403"],"Content-Type":["text/plain;charset=UTF-8"],"Last-Modified":["Sun, 25 Jan 2026 03:52:44 GMT"]},"body":"打工人\n打工魂\n社畜\n黑猴","statusCode":"OK","statusCodeValue":200}======
2026-02-05 00:12:10.214 [http-nio-8092-exec-3] INFO  c.e.f.b.operationlog.aspect.ApiOperationLogAspect - ====== 请求开始: [热更新词典], 入参: , 请求类: com.evan.greennote.search.controller.ExtDictController, 请求方法: extDict =======
2026-02-05 00:12:10.216 [http-nio-8092-exec-3] INFO  c.e.f.b.operationlog.aspect.ApiOperationLogAspect - ====== 请求结束: [热更新词典], 耗时: 2ms, 出参: {"headers":{"ETag":["1243308403"],"Content-Type":["text/plain;charset=UTF-8"],"Last-Modified":["Sun, 25 Jan 2026 03:52:44 GMT"]},"body":"打工人\n打工魂\n社畜\n黑猴","statusCode":"OK","statusCodeValue":200}======
2026-02-05 00:13:05.575 [http-nio-8092-exec-4] INFO  c.e.f.b.operationlog.aspect.ApiOperationLogAspect - ====== 请求开始: [热更新词典], 入参: , 请求类: com.evan.greennote.search.controller.ExtDictController, 请求方法: extDict =======
2026-02-05 00:13:05.576 [http-nio-8092-exec-4] INFO  c.e.f.b.operationlog.aspect.ApiOperationLogAspect - ====== 请求结束: [热更新词典], 耗时: 2ms, 出参: {"headers":{"ETag":["1243308403"],"Content-Type":["text/plain;charset=UTF-8"],"Last-Modified":["Sun, 25 Jan 2026 03:52:44 GMT"]},"body":"打工人\n打工魂\n社畜\n黑猴","statusCode":"OK","statusCodeValue":200}======
2026-02-05 00:14:00.962 [http-nio-8092-exec-5] INFO  c.e.f.b.operationlog.aspect.ApiOperationLogAspect - ====== 请求开始: [热更新词典], 入参: , 请求类: com.evan.greennote.search.controller.ExtDictController, 请求方法: extDict =======
2026-02-05 00:14:00.963 [http-nio-8092-exec-5] INFO  c.e.f.b.operationlog.aspect.ApiOperationLogAspect - ====== 请求结束: [热更新词典], 耗时: 1ms, 出参: {"headers":{"ETag":["1243308403"],"Content-Type":["text/plain;charset=UTF-8"],"Last-Modified":["Sun, 25 Jan 2026 03:52:44 GMT"]},"body":"打工人\n打工魂\n社畜\n黑猴","statusCode":"OK","statusCodeValue":200}======
2026-02-05 00:14:56.389 [http-nio-8092-exec-6] INFO  c.e.f.b.operationlog.aspect.ApiOperationLogAspect - ====== 请求开始: [热更新词典], 入参: , 请求类: com.evan.greennote.search.controller.ExtDictController, 请求方法: extDict =======
2026-02-05 00:14:56.390 [http-nio-8092-exec-6] INFO  c.e.f.b.operationlog.aspect.ApiOperationLogAspect - ====== 请求结束: [热更新词典], 耗时: 1ms, 出参: {"headers":{"ETag":["1243308403"],"Content-Type":["text/plain;charset=UTF-8"],"Last-Modified":["Sun, 25 Jan 2026 03:52:44 GMT"]},"body":"打工人\n打工魂\n社畜\n黑猴","statusCode":"OK","statusCodeValue":200}======
2026-02-05 00:15:51.770 [http-nio-8092-exec-7] INFO  c.e.f.b.operationlog.aspect.ApiOperationLogAspect - ====== 请求开始: [热更新词典], 入参: , 请求类: com.evan.greennote.search.controller.ExtDictController, 请求方法: extDict =======
2026-02-05 00:15:51.772 [http-nio-8092-exec-7] INFO  c.e.f.b.operationlog.aspect.ApiOperationLogAspect - ====== 请求结束: [热更新词典], 耗时: 2ms, 出参: {"headers":{"ETag":["1243308403"],"Content-Type":["text/plain;charset=UTF-8"],"Last-Modified":["Sun, 25 Jan 2026 03:52:44 GMT"]},"body":"打工人\n打工魂\n社畜\n黑猴","statusCode":"OK","statusCodeValue":200}======
2026-02-05 00:16:47.137 [http-nio-8092-exec-9] INFO  c.e.f.b.operationlog.aspect.ApiOperationLogAspect - ====== 请求开始: [热更新词典], 入参: , 请求类: com.evan.greennote.search.controller.ExtDictController, 请求方法: extDict =======
2026-02-05 00:16:47.138 [http-nio-8092-exec-9] INFO  c.e.f.b.operationlog.aspect.ApiOperationLogAspect - ====== 请求结束: [热更新词典], 耗时: 1ms, 出参: {"headers":{"ETag":["1243308403"],"Content-Type":["text/plain;charset=UTF-8"],"Last-Modified":["Sun, 25 Jan 2026 03:52:44 GMT"]},"body":"打工人\n打工魂\n社畜\n黑猴","statusCode":"OK","statusCodeValue":200}======
2026-02-05 00:17:42.499 [http-nio-8092-exec-8] INFO  c.e.f.b.operationlog.aspect.ApiOperationLogAspect - ====== 请求开始: [热更新词典], 入参: , 请求类: com.evan.greennote.search.controller.ExtDictController, 请求方法: extDict =======
2026-02-05 00:17:42.501 [http-nio-8092-exec-8] INFO  c.e.f.b.operationlog.aspect.ApiOperationLogAspect - ====== 请求结束: [热更新词典], 耗时: 1ms, 出参: {"headers":{"ETag":["1243308403"],"Content-Type":["text/plain;charset=UTF-8"],"Last-Modified":["Sun, 25 Jan 2026 03:52:44 GMT"]},"body":"打工人\n打工魂\n社畜\n黑猴","statusCode":"OK","statusCodeValue":200}======
2026-02-05 00:18:37.861 [http-nio-8092-exec-10] INFO  c.e.f.b.operationlog.aspect.ApiOperationLogAspect - ====== 请求开始: [热更新词典], 入参: , 请求类: com.evan.greennote.search.controller.ExtDictController, 请求方法: extDict =======
2026-02-05 00:18:37.862 [http-nio-8092-exec-10] INFO  c.e.f.b.operationlog.aspect.ApiOperationLogAspect - ====== 请求结束: [热更新词典], 耗时: 1ms, 出参: {"headers":{"ETag":["1243308403"],"Content-Type":["text/plain;charset=UTF-8"],"Last-Modified":["Sun, 25 Jan 2026 03:52:44 GMT"]},"body":"打工人\n打工魂\n社畜\n黑猴","statusCode":"OK","statusCodeValue":200}======
2026-02-05 00:19:33.279 [http-nio-8092-exec-1] INFO  c.e.f.b.operationlog.aspect.ApiOperationLogAspect - ====== 请求开始: [热更新词典], 入参: , 请求类: com.evan.greennote.search.controller.ExtDictController, 请求方法: extDict =======
2026-02-05 00:19:33.280 [http-nio-8092-exec-1] INFO  c.e.f.b.operationlog.aspect.ApiOperationLogAspect - ====== 请求结束: [热更新词典], 耗时: 1ms, 出参: {"headers":{"ETag":["1243308403"],"Content-Type":["text/plain;charset=UTF-8"],"Last-Modified":["Sun, 25 Jan 2026 03:52:44 GMT"]},"body":"打工人\n打工魂\n社畜\n黑猴","statusCode":"OK","statusCodeValue":200}======
2026-02-05 00:20:28.652 [http-nio-8092-exec-2] INFO  c.e.f.b.operationlog.aspect.ApiOperationLogAspect - ====== 请求开始: [热更新词典], 入参: , 请求类: com.evan.greennote.search.controller.ExtDictController, 请求方法: extDict =======
2026-02-05 00:20:28.654 [http-nio-8092-exec-2] INFO  c.e.f.b.operationlog.aspect.ApiOperationLogAspect - ====== 请求结束: [热更新词典], 耗时: 1ms, 出参: {"headers":{"ETag":["1243308403"],"Content-Type":["text/plain;charset=UTF-8"],"Last-Modified":["Sun, 25 Jan 2026 03:52:44 GMT"]},"body":"打工人\n打工魂\n社畜\n黑猴","statusCode":"OK","statusCodeValue":200}======
2026-02-05 00:21:23.974 [http-nio-8092-exec-3] INFO  c.e.f.b.operationlog.aspect.ApiOperationLogAspect - ====== 请求开始: [热更新词典], 入参: , 请求类: com.evan.greennote.search.controller.ExtDictController, 请求方法: extDict =======
2026-02-05 00:21:23.976 [http-nio-8092-exec-3] INFO  c.e.f.b.operationlog.aspect.ApiOperationLogAspect - ====== 请求结束: [热更新词典], 耗时: 2ms, 出参: {"headers":{"ETag":["1243308403"],"Content-Type":["text/plain;charset=UTF-8"],"Last-Modified":["Sun, 25 Jan 2026 03:52:44 GMT"]},"body":"打工人\n打工魂\n社畜\n黑猴","statusCode":"OK","statusCodeValue":200}======
2026-02-05 00:22:19.300 [http-nio-8092-exec-4] INFO  c.e.f.b.operationlog.aspect.ApiOperationLogAspect - ====== 请求开始: [热更新词典], 入参: , 请求类: com.evan.greennote.search.controller.ExtDictController, 请求方法: extDict =======
2026-02-05 00:22:19.305 [http-nio-8092-exec-4] INFO  c.e.f.b.operationlog.aspect.ApiOperationLogAspect - ====== 请求结束: [热更新词典], 耗时: 4ms, 出参: {"headers":{"ETag":["1243308403"],"Content-Type":["text/plain;charset=UTF-8"],"Last-Modified":["Sun, 25 Jan 2026 03:52:44 GMT"]},"body":"打工人\n打工魂\n社畜\n黑猴","statusCode":"OK","statusCodeValue":200}======
2026-02-05 00:23:14.562 [http-nio-8092-exec-5] INFO  c.e.f.b.operationlog.aspect.ApiOperationLogAspect - ====== 请求开始: [热更新词典], 入参: , 请求类: com.evan.greennote.search.controller.ExtDictController, 请求方法: extDict =======
2026-02-05 00:23:14.563 [http-nio-8092-exec-5] INFO  c.e.f.b.operationlog.aspect.ApiOperationLogAspect - ====== 请求结束: [热更新词典], 耗时: 1ms, 出参: {"headers":{"ETag":["1243308403"],"Content-Type":["text/plain;charset=UTF-8"],"Last-Modified":["Sun, 25 Jan 2026 03:52:44 GMT"]},"body":"打工人\n打工魂\n社畜\n黑猴","statusCode":"OK","statusCodeValue":200}======
2026-02-05 00:24:09.863 [http-nio-8092-exec-6] INFO  c.e.f.b.operationlog.aspect.ApiOperationLogAspect - ====== 请求开始: [热更新词典], 入参: , 请求类: com.evan.greennote.search.controller.ExtDictController, 请求方法: extDict =======
2026-02-05 00:24:09.864 [http-nio-8092-exec-6] INFO  c.e.f.b.operationlog.aspect.ApiOperationLogAspect - ====== 请求结束: [热更新词典], 耗时: 1ms, 出参: {"headers":{"ETag":["1243308403"],"Content-Type":["text/plain;charset=UTF-8"],"Last-Modified":["Sun, 25 Jan 2026 03:52:44 GMT"]},"body":"打工人\n打工魂\n社畜\n黑猴","statusCode":"OK","statusCodeValue":200}======
2026-02-05 00:25:05.139 [http-nio-8092-exec-7] INFO  c.e.f.b.operationlog.aspect.ApiOperationLogAspect - ====== 请求开始: [热更新词典], 入参: , 请求类: com.evan.greennote.search.controller.ExtDictController, 请求方法: extDict =======
2026-02-05 00:25:05.140 [http-nio-8092-exec-7] INFO  c.e.f.b.operationlog.aspect.ApiOperationLogAspect - ====== 请求结束: [热更新词典], 耗时: 1ms, 出参: {"headers":{"ETag":["1243308403"],"Content-Type":["text/plain;charset=UTF-8"],"Last-Modified":["Sun, 25 Jan 2026 03:52:44 GMT"]},"body":"打工人\n打工魂\n社畜\n黑猴","statusCode":"OK","statusCodeValue":200}======
2026-02-05 00:26:00.427 [http-nio-8092-exec-9] INFO  c.e.f.b.operationlog.aspect.ApiOperationLogAspect - ====== 请求开始: [热更新词典], 入参: , 请求类: com.evan.greennote.search.controller.ExtDictController, 请求方法: extDict =======
2026-02-05 00:26:00.428 [http-nio-8092-exec-9] INFO  c.e.f.b.operationlog.aspect.ApiOperationLogAspect - ====== 请求结束: [热更新词典], 耗时: 0ms, 出参: {"headers":{"ETag":["1243308403"],"Content-Type":["text/plain;charset=UTF-8"],"Last-Modified":["Sun, 25 Jan 2026 03:52:44 GMT"]},"body":"打工人\n打工魂\n社畜\n黑猴","statusCode":"OK","statusCodeValue":200}======
2026-02-05 00:26:55.685 [http-nio-8092-exec-8] INFO  c.e.f.b.operationlog.aspect.ApiOperationLogAspect - ====== 请求开始: [热更新词典], 入参: , 请求类: com.evan.greennote.search.controller.ExtDictController, 请求方法: extDict =======
2026-02-05 00:26:55.686 [http-nio-8092-exec-8] INFO  c.e.f.b.operationlog.aspect.ApiOperationLogAspect - ====== 请求结束: [热更新词典], 耗时: 1ms, 出参: {"headers":{"ETag":["1243308403"],"Content-Type":["text/plain;charset=UTF-8"],"Last-Modified":["Sun, 25 Jan 2026 03:52:44 GMT"]},"body":"打工人\n打工魂\n社畜\n黑猴","statusCode":"OK","statusCodeValue":200}======
2026-02-05 00:27:50.965 [http-nio-8092-exec-10] INFO  c.e.f.b.operationlog.aspect.ApiOperationLogAspect - ====== 请求开始: [热更新词典], 入参: , 请求类: com.evan.greennote.search.controller.ExtDictController, 请求方法: extDict =======
2026-02-05 00:27:50.965 [http-nio-8092-exec-10] INFO  c.e.f.b.operationlog.aspect.ApiOperationLogAspect - ====== 请求结束: [热更新词典], 耗时: 1ms, 出参: {"headers":{"ETag":["1243308403"],"Content-Type":["text/plain;charset=UTF-8"],"Last-Modified":["Sun, 25 Jan 2026 03:52:44 GMT"]},"body":"打工人\n打工魂\n社畜\n黑猴","statusCode":"OK","statusCodeValue":200}======
2026-02-05 00:28:46.214 [http-nio-8092-exec-1] INFO  c.e.f.b.operationlog.aspect.ApiOperationLogAspect - ====== 请求开始: [热更新词典], 入参: , 请求类: com.evan.greennote.search.controller.ExtDictController, 请求方法: extDict =======
2026-02-05 00:28:46.215 [http-nio-8092-exec-1] INFO  c.e.f.b.operationlog.aspect.ApiOperationLogAspect - ====== 请求结束: [热更新词典], 耗时: 1ms, 出参: {"headers":{"ETag":["1243308403"],"Content-Type":["text/plain;charset=UTF-8"],"Last-Modified":["Sun, 25 Jan 2026 03:52:44 GMT"]},"body":"打工人\n打工魂\n社畜\n黑猴","statusCode":"OK","statusCodeValue":200}======
2026-02-05 00:29:41.403 [http-nio-8092-exec-2] INFO  c.e.f.b.operationlog.aspect.ApiOperationLogAspect - ====== 请求开始: [热更新词典], 入参: , 请求类: com.evan.greennote.search.controller.ExtDictController, 请求方法: extDict =======
2026-02-05 00:29:41.404 [http-nio-8092-exec-2] INFO  c.e.f.b.operationlog.aspect.ApiOperationLogAspect - ====== 请求结束: [热更新词典], 耗时: 1ms, 出参: {"headers":{"ETag":["1243308403"],"Content-Type":["text/plain;charset=UTF-8"],"Last-Modified":["Sun, 25 Jan 2026 03:52:44 GMT"]},"body":"打工人\n打工魂\n社畜\n黑猴","statusCode":"OK","statusCodeValue":200}======
2026-02-05 00:30:36.706 [http-nio-8092-exec-3] INFO  c.e.f.b.operationlog.aspect.ApiOperationLogAspect - ====== 请求开始: [热更新词典], 入参: , 请求类: com.evan.greennote.search.controller.ExtDictController, 请求方法: extDict =======
2026-02-05 00:30:36.708 [http-nio-8092-exec-3] INFO  c.e.f.b.operationlog.aspect.ApiOperationLogAspect - ====== 请求结束: [热更新词典], 耗时: 2ms, 出参: {"headers":{"ETag":["1243308403"],"Content-Type":["text/plain;charset=UTF-8"],"Last-Modified":["Sun, 25 Jan 2026 03:52:44 GMT"]},"body":"打工人\n打工魂\n社畜\n黑猴","statusCode":"OK","statusCodeValue":200}======
2026-02-05 00:31:31.966 [http-nio-8092-exec-4] INFO  c.e.f.b.operationlog.aspect.ApiOperationLogAspect - ====== 请求开始: [热更新词典], 入参: , 请求类: com.evan.greennote.search.controller.ExtDictController, 请求方法: extDict =======
2026-02-05 00:31:31.968 [http-nio-8092-exec-4] INFO  c.e.f.b.operationlog.aspect.ApiOperationLogAspect - ====== 请求结束: [热更新词典], 耗时: 2ms, 出参: {"headers":{"ETag":["1243308403"],"Content-Type":["text/plain;charset=UTF-8"],"Last-Modified":["Sun, 25 Jan 2026 03:52:44 GMT"]},"body":"打工人\n打工魂\n社畜\n黑猴","statusCode":"OK","statusCodeValue":200}======
2026-02-05 00:32:27.175 [http-nio-8092-exec-5] INFO  c.e.f.b.operationlog.aspect.ApiOperationLogAspect - ====== 请求开始: [热更新词典], 入参: , 请求类: com.evan.greennote.search.controller.ExtDictController, 请求方法: extDict =======
2026-02-05 00:32:27.176 [http-nio-8092-exec-5] INFO  c.e.f.b.operationlog.aspect.ApiOperationLogAspect - ====== 请求结束: [热更新词典], 耗时: 1ms, 出参: {"headers":{"ETag":["1243308403"],"Content-Type":["text/plain;charset=UTF-8"],"Last-Modified":["Sun, 25 Jan 2026 03:52:44 GMT"]},"body":"打工人\n打工魂\n社畜\n黑猴","statusCode":"OK","statusCodeValue":200}======
2026-02-05 00:32:35.088 [scheduling-1] INFO  com.evan.greennote.search.canal.CanalSchedule - EventType: UPDATE, Database: greennote, Table: t_user, Columns: {birthday=2006-08-28, create_time=2025-10-13 19:34:21, sex=1, background_img=http://127.0.0.1:9000/greennote/d616517b3e7645858398aa3a00b16f59.png, avatar=http://127.0.0.1:9000/greennote/6efa063396d24034997672386304920a.jpg, greennote_id=syf828828, password=$2a$10$NTrPS6LH71N.mM38w3KRuOcLRGZrXcvVTAmgj47znN2wGuuUipcFW, update_time=2026-02-05 00:32:31, is_deleted=0, nickname=Yifan_Song, id=3, email=1337803@wku.edu.cn, introduction=大二 CPS, status=0}
2026-02-05 00:33:08.841 [scheduling-1] INFO  com.evan.greennote.search.canal.CanalSchedule - EventType: UPDATE, Database: greennote, Table: t_user, Columns: {birthday=2006-08-28, create_time=2025-10-13 19:34:21, sex=1, background_img=http://127.0.0.1:9000/greennote/28ea78f1f8a94d76889eab4199a32887.png, avatar=http://127.0.0.1:9000/greennote/d4c0e253344042639fb354146cb75923.jpg, greennote_id=syf828828, password=$2a$10$NTrPS6LH71N.mM38w3KRuOcLRGZrXcvVTAmgj47znN2wGuuUipcFW, update_time=2026-02-05 00:33:08, is_deleted=0, nickname=Yifan_Song, id=3, email=1337803@wku.edu.cn, introduction=大二 CPS UWMadison, status=0}
2026-02-05 00:33:22.372 [http-nio-8092-exec-6] INFO  c.e.f.b.operationlog.aspect.ApiOperationLogAspect - ====== 请求开始: [热更新词典], 入参: , 请求类: com.evan.greennote.search.controller.ExtDictController, 请求方法: extDict =======
2026-02-05 00:33:22.373 [http-nio-8092-exec-6] INFO  c.e.f.b.operationlog.aspect.ApiOperationLogAspect - ====== 请求结束: [热更新词典], 耗时: 1ms, 出参: {"headers":{"ETag":["1243308403"],"Content-Type":["text/plain;charset=UTF-8"],"Last-Modified":["Sun, 25 Jan 2026 03:52:44 GMT"]},"body":"打工人\n打工魂\n社畜\n黑猴","statusCode":"OK","statusCodeValue":200}======
2026-02-05 00:34:17.644 [http-nio-8092-exec-7] INFO  c.e.f.b.operationlog.aspect.ApiOperationLogAspect - ====== 请求开始: [热更新词典], 入参: , 请求类: com.evan.greennote.search.controller.ExtDictController, 请求方法: extDict =======
2026-02-05 00:34:17.645 [http-nio-8092-exec-7] INFO  c.e.f.b.operationlog.aspect.ApiOperationLogAspect - ====== 请求结束: [热更新词典], 耗时: 1ms, 出参: {"headers":{"ETag":["1243308403"],"Content-Type":["text/plain;charset=UTF-8"],"Last-Modified":["Sun, 25 Jan 2026 03:52:44 GMT"]},"body":"打工人\n打工魂\n社畜\n黑猴","statusCode":"OK","statusCodeValue":200}======
2026-02-05 00:34:57.635 [scheduling-1] INFO  com.evan.greennote.search.canal.CanalSchedule - EventType: UPDATE, Database: greennote, Table: t_user, Columns: {birthday=2006-08-28, create_time=2025-10-13 19:34:21, sex=1, background_img=http://127.0.0.1:9000/greennote/6352390a4051463b9f10f69991ff6a51.png, avatar=http://127.0.0.1:9000/greennote/294deb8715134e72beb9e849e6332cef.jpg, greennote_id=syf828828, password=$2a$10$NTrPS6LH71N.mM38w3KRuOcLRGZrXcvVTAmgj47znN2wGuuUipcFW, update_time=2026-02-05 00:34:57, is_deleted=0, nickname=Yifan_Song1, id=3, email=1337803@wku.edu.cn, introduction=大二 CPS UWMadison, status=0}
2026-02-05 00:35:12.898 [http-nio-8092-exec-9] INFO  c.e.f.b.operationlog.aspect.ApiOperationLogAspect - ====== 请求开始: [热更新词典], 入参: , 请求类: com.evan.greennote.search.controller.ExtDictController, 请求方法: extDict =======
2026-02-05 00:35:12.898 [http-nio-8092-exec-9] INFO  c.e.f.b.operationlog.aspect.ApiOperationLogAspect - ====== 请求结束: [热更新词典], 耗时: 0ms, 出参: {"headers":{"ETag":["1243308403"],"Content-Type":["text/plain;charset=UTF-8"],"Last-Modified":["Sun, 25 Jan 2026 03:52:44 GMT"]},"body":"打工人\n打工魂\n社畜\n黑猴","statusCode":"OK","statusCodeValue":200}======
2026-02-05 00:36:08.070 [http-nio-8092-exec-8] INFO  c.e.f.b.operationlog.aspect.ApiOperationLogAspect - ====== 请求开始: [热更新词典], 入参: , 请求类: com.evan.greennote.search.controller.ExtDictController, 请求方法: extDict =======
2026-02-05 00:36:08.071 [http-nio-8092-exec-8] INFO  c.e.f.b.operationlog.aspect.ApiOperationLogAspect - ====== 请求结束: [热更新词典], 耗时: 1ms, 出参: {"headers":{"ETag":["1243308403"],"Content-Type":["text/plain;charset=UTF-8"],"Last-Modified":["Sun, 25 Jan 2026 03:52:44 GMT"]},"body":"打工人\n打工魂\n社畜\n黑猴","statusCode":"OK","statusCodeValue":200}======
2026-02-05 00:36:35.848 [Thread-7] WARN  com.alibaba.nacos.common.notify.NotifyCenter - [NotifyCenter] Start destroying Publisher
2026-02-05 00:36:35.848 [Thread-7] WARN  com.alibaba.nacos.common.notify.NotifyCenter - [NotifyCenter] Destruction of the end
2026-02-05 00:36:35.848 [Thread-10] WARN  c.alibaba.nacos.common.http.HttpClientBeanHolder - [HttpClientBeanHolder] Start destroying common HttpClient
2026-02-05 00:36:35.849 [Thread-10] WARN  c.alibaba.nacos.common.http.HttpClientBeanHolder - [HttpClientBeanHolder] Destruction of the end
2026-02-05 00:36:35.969 [SpringApplicationShutdownHook] INFO  c.a.cloud.nacos.registry.NacosServiceRegistry - De-registering from Nacos Server now...
2026-02-05 00:36:35.971 [SpringApplicationShutdownHook] INFO  com.alibaba.nacos.client.naming - [DEREGISTER-SERVICE] greennote deregistering service GreenNote-search with instance: Instance{instanceId='null', ip='10.141.73.9', port=8092, weight=1.0, healthy=true, enabled=true, ephemeral=true, clusterName='DEFAULT', serviceName='null', metadata={}}
2026-02-05 00:36:35.980 [SpringApplicationShutdownHook] INFO  c.a.cloud.nacos.registry.NacosServiceRegistry - De-registration finished.
2026-02-05 00:36:35.980 [SpringApplicationShutdownHook] INFO  com.alibaba.nacos.client.naming - com.alibaba.nacos.client.naming.cache.ServiceInfoHolder do shutdown begin
2026-02-05 00:36:35.981 [SpringApplicationShutdownHook] INFO  com.alibaba.nacos.client.naming - com.alibaba.nacos.client.naming.backups.FailoverReactor do shutdown begin
2026-02-05 00:36:35.981 [SpringApplicationShutdownHook] INFO  com.alibaba.nacos.client.naming - com.alibaba.nacos.client.naming.backups.FailoverReactor do shutdown stop
2026-02-05 00:36:35.981 [SpringApplicationShutdownHook] INFO  com.alibaba.nacos.client.naming - com.alibaba.nacos.client.naming.cache.ServiceInfoHolder do shutdown stop
2026-02-05 00:36:35.982 [SpringApplicationShutdownHook] INFO  com.alibaba.nacos.client.naming - com.alibaba.nacos.client.naming.remote.NamingClientProxyDelegate do shutdown begin
2026-02-05 00:36:35.982 [SpringApplicationShutdownHook] INFO  com.alibaba.nacos.client.naming - com.alibaba.nacos.client.naming.core.ServiceInfoUpdateService do shutdown begin
2026-02-05 00:36:35.982 [SpringApplicationShutdownHook] INFO  com.alibaba.nacos.client.naming - com.alibaba.nacos.client.naming.core.ServiceInfoUpdateService do shutdown stop
2026-02-05 00:36:35.982 [SpringApplicationShutdownHook] INFO  com.alibaba.nacos.client.naming - com.alibaba.nacos.client.naming.core.ServerListManager do shutdown begin
2026-02-05 00:36:35.982 [SpringApplicationShutdownHook] WARN  com.alibaba.nacos.client.naming - [NamingHttpClientManager] Start destroying NacosRestTemplate
2026-02-05 00:36:35.983 [SpringApplicationShutdownHook] WARN  com.alibaba.nacos.client.naming - [NamingHttpClientManager] Destruction of the end
2026-02-05 00:36:35.983 [SpringApplicationShutdownHook] INFO  com.alibaba.nacos.client.naming - com.alibaba.nacos.client.naming.core.ServerListManager do shutdown stop
2026-02-05 00:36:35.983 [SpringApplicationShutdownHook] INFO  com.alibaba.nacos.client.naming - com.alibaba.nacos.client.naming.remote.http.NamingHttpClientProxy do shutdown begin
2026-02-05 00:36:35.983 [SpringApplicationShutdownHook] WARN  com.alibaba.nacos.client.naming - [NamingHttpClientManager] Start destroying NacosRestTemplate
2026-02-05 00:36:35.983 [SpringApplicationShutdownHook] WARN  com.alibaba.nacos.client.naming - [NamingHttpClientManager] Destruction of the end
2026-02-05 00:36:35.983 [SpringApplicationShutdownHook] INFO  com.alibaba.nacos.client.naming - com.alibaba.nacos.client.naming.remote.http.NamingHttpClientProxy do shutdown stop
2026-02-05 00:36:35.983 [SpringApplicationShutdownHook] INFO  com.alibaba.nacos.common.remote.client - Shutdown rpc client, set status to shutdown
2026-02-05 00:36:35.984 [SpringApplicationShutdownHook] INFO  com.alibaba.nacos.common.remote.client - Shutdown client event executor java.util.concurrent.ScheduledThreadPoolExecutor@75f3d6f6[Running, pool size = 2, active threads = 2, queued tasks = 0, completed tasks = 0]
2026-02-05 00:36:35.985 [SpringApplicationShutdownHook] INFO  com.alibaba.nacos.common.remote.client - Close current connection 1770269021006_127.0.0.1_40526
2026-02-05 00:36:35.990 [nacos-grpc-client-executor-127.0.0.1-901] INFO  c.a.nacos.common.remote.client.grpc.GrpcClient - [1770269021006_127.0.0.1_40526]Ignore complete event,isRunning:false,isAbandon=false
2026-02-05 00:36:35.998 [SpringApplicationShutdownHook] INFO  c.a.nacos.common.remote.client.grpc.GrpcClient - Shutdown grpc executor java.util.concurrent.ThreadPoolExecutor@70041cf9[Running, pool size = 4, active threads = 0, queued tasks = 0, completed tasks = 902]
2026-02-05 00:36:35.998 [SpringApplicationShutdownHook] INFO  com.alibaba.nacos.client.naming - Shutdown grpc redo service executor java.util.concurrent.ScheduledThreadPoolExecutor@4dad79ea[Running, pool size = 1, active threads = 0, queued tasks = 1, completed tasks = 1454]
2026-02-05 00:36:35.998 [SpringApplicationShutdownHook] INFO  c.a.n.client.auth.ram.identify.CredentialWatcher - [null] CredentialWatcher is stopped
2026-02-05 00:36:35.998 [SpringApplicationShutdownHook] INFO  c.a.n.client.auth.ram.identify.CredentialService - [null] CredentialService is freed
2026-02-05 00:36:35.999 [SpringApplicationShutdownHook] INFO  com.alibaba.nacos.client.naming - com.alibaba.nacos.client.naming.remote.NamingClientProxyDelegate do shutdown stop
2026-02-05 00:36:36.006 [SpringApplicationShutdownHook] INFO  com.alibaba.druid.pool.DruidDataSource - {dataSource-1} closing ...
2026-02-05 00:36:36.029 [SpringApplicationShutdownHook] INFO  com.alibaba.druid.pool.DruidDataSource - {dataSource-1} closed
