2026-01-30 22:04:28.839 [main] WARN  com.alibaba.nacos.client.logging.NacosLogging - Load Logback Configuration of Nacos fail, message: Could not initialize Logback Nacos logging from classpath:nacos-logback.xml
2026-01-30 22:04:28.905 [main] WARN  com.alibaba.nacos.client.logging.NacosLogging - Load Logback Configuration of Nacos fail, message: Could not initialize Logback Nacos logging from classpath:nacos-logback.xml
2026-01-30 22:04:29.550 [main] WARN  com.alibaba.nacos.client.logging.NacosLogging - Load Logback Configuration of Nacos fail, message: Could not initialize Logback Nacos logging from classpath:nacos-logback.xml
2026-01-30 22:04:29.572 [main] WARN  com.alibaba.nacos.client.logging.NacosLogging - Load Logback Configuration of Nacos fail, message: Could not initialize Logback Nacos logging from classpath:nacos-logback.xml
2026-01-30 22:04:29.573 [main] INFO  c.evan.greennote.search.GreenNoteSearchApplication - The following 1 profile is active: "dev"
2026-01-30 22:04:30.511 [main] INFO  o.springframework.cloud.context.scope.GenericScope - BeanFactory id=454da54c-bfa2-3395-9c8c-75920c148280
2026-01-30 22:04:31.146 [main] INFO  o.s.boot.web.embedded.tomcat.TomcatWebServer - Tomcat initialized with port(s): 8092 (http)
2026-01-30 22:04:31.161 [main] INFO  org.apache.catalina.core.StandardService - Starting service [Tomcat]
2026-01-30 22:04:31.162 [main] INFO  org.apache.catalina.core.StandardEngine - Starting Servlet engine: [Apache Tomcat/10.1.5]
2026-01-30 22:04:31.307 [main] INFO  o.a.c.core.ContainerBase.[Tomcat].[localhost].[/] - Initializing Spring embedded WebApplicationContext
2026-01-30 22:04:31.311 [main] INFO  o.s.b.w.s.c.ServletWebServerApplicationContext - Root WebApplicationContext: initialization completed in 1713 ms
2026-01-30 22:04:32.244 [main] INFO  c.a.d.s.b.a.DruidDataSourceAutoConfigure - Init DruidDataSource
2026-01-30 22:04:32.619 [main] INFO  com.alibaba.druid.pool.DruidDataSource - {dataSource-1} inited
2026-01-30 22:04:33.780 [main] WARN  o.s.c.l.c.LoadBalancerCacheAutoConfiguration$LoadBalancerCaffeineWarnLogger - Spring Cloud LoadBalancer is currently working with the default cache. While this cache implementation is useful for development and tests, it's recommended to use Caffeine cache in production.You can switch to using Caffeine cache, by adding it and org.springframework.cache.caffeine.CaffeineCacheManager to the classpath.
2026-01-30 22:04:33.882 [main] INFO  o.s.boot.web.embedded.tomcat.TomcatWebServer - Tomcat started on port(s): 8092 (http) with context path ''
2026-01-30 22:04:33.892 [main] WARN  com.alibaba.nacos.client.logging.NacosLogging - Load Logback Configuration of Nacos fail, message: Could not initialize Logback Nacos logging from classpath:nacos-logback.xml
2026-01-30 22:04:33.892 [main] INFO  com.alibaba.nacos.client.naming - initializer namespace from ans.namespace attribute : null
2026-01-30 22:04:33.893 [main] INFO  com.alibaba.nacos.client.naming - initializer namespace from ALIBABA_ALIWARE_NAMESPACE attribute :null
2026-01-30 22:04:33.893 [main] INFO  com.alibaba.nacos.client.naming - initializer namespace from namespace attribute :null
2026-01-30 22:04:33.925 [main] INFO  com.alibaba.nacos.client.utils.ParamUtil - [settings] [req-serv] nacos-server port:8848
2026-01-30 22:04:33.925 [main] INFO  com.alibaba.nacos.client.utils.ParamUtil - [settings] [http-client] connect timeout:1000
2026-01-30 22:04:33.926 [main] INFO  com.alibaba.nacos.client.utils.ParamUtil - PER_TASK_CONFIG_SIZE: 3000.0
2026-01-30 22:04:33.932 [main] INFO  c.a.n.p.auth.spi.client.ClientAuthPluginManager - [ClientAuthPluginManager] Load ClientAuthService com.alibaba.nacos.client.auth.impl.NacosClientAuthServiceImpl success.
2026-01-30 22:04:33.932 [main] INFO  c.a.n.p.auth.spi.client.ClientAuthPluginManager - [ClientAuthPluginManager] Load ClientAuthService com.alibaba.nacos.client.auth.ram.RamClientAuthServiceImpl success.
2026-01-30 22:04:33.936 [main] INFO  c.a.n.client.auth.ram.identify.CredentialWatcher - null No credential found
2026-01-30 22:04:33.950 [main] INFO  com.alibaba.nacos.common.remote.client - [RpcClientFactory] create a new rpc client of 439a5efd-cb77-4e72-940a-b5004747f6f3
2026-01-30 22:04:33.978 [main] INFO  com.alibaba.nacos.common.remote.client - [439a5efd-cb77-4e72-940a-b5004747f6f3] RpcClient init, ServerListFactory = com.alibaba.nacos.client.naming.core.ServerListManager
2026-01-30 22:04:33.978 [main] INFO  com.alibaba.nacos.common.remote.client - [439a5efd-cb77-4e72-940a-b5004747f6f3] Registry connection listener to current client:com.alibaba.nacos.client.naming.remote.gprc.redo.NamingGrpcRedoService
2026-01-30 22:04:33.978 [main] INFO  com.alibaba.nacos.common.remote.client - [439a5efd-cb77-4e72-940a-b5004747f6f3] Register server push request handler:com.alibaba.nacos.client.naming.remote.gprc.NamingPushRequestHandler
2026-01-30 22:04:33.981 [main] INFO  com.alibaba.nacos.common.remote.client - [439a5efd-cb77-4e72-940a-b5004747f6f3] Try to connect to server on start up, server: {serverIp = '127.0.0.1', server main port = 8848}
2026-01-30 22:04:34.022 [main] INFO  c.a.nacos.common.remote.client.grpc.GrpcClient - grpc client connection server:127.0.0.1 ip,serverPort:9848,grpcTslConfig:{"sslProvider":"OPENSSL","enableTls":false,"mutualAuthEnable":false,"trustAll":false}
2026-01-30 22:04:35.029 [main] INFO  com.alibaba.nacos.common.remote.client - [439a5efd-cb77-4e72-940a-b5004747f6f3] Success to connect to server [127.0.0.1:8848] on start up, connectionId = 1769832274803_127.0.0.1_43451
2026-01-30 22:04:35.029 [com.alibaba.nacos.client.remote.worker] INFO  com.alibaba.nacos.common.remote.client - [439a5efd-cb77-4e72-940a-b5004747f6f3] Notify connected event to listeners.
2026-01-30 22:04:35.030 [com.alibaba.nacos.client.remote.worker] INFO  com.alibaba.nacos.client.naming - Grpc connection connect
2026-01-30 22:04:35.030 [main] INFO  com.alibaba.nacos.common.remote.client - [439a5efd-cb77-4e72-940a-b5004747f6f3] Register server push request handler:com.alibaba.nacos.common.remote.client.RpcClient$ConnectResetRequestHandler
2026-01-30 22:04:35.030 [main] INFO  com.alibaba.nacos.common.remote.client - [439a5efd-cb77-4e72-940a-b5004747f6f3] Register server push request handler:com.alibaba.nacos.common.remote.client.RpcClient$$Lambda$1195/0x000001b92d88dae0
2026-01-30 22:04:35.031 [main] INFO  com.alibaba.nacos.client.naming - [REGISTER-SERVICE] greennote registering service GreenNote-search with instance Instance{instanceId='null', ip='10.141.154.27', port=8092, weight=1.0, healthy=true, enabled=true, ephemeral=true, clusterName='DEFAULT', serviceName='null', metadata={IPv6=null, preserved.register.source=SPRING_CLOUD}}
2026-01-30 22:04:35.054 [main] INFO  c.a.cloud.nacos.registry.NacosServiceRegistry - nacos registry, DEFAULT_GROUP GreenNote-search 10.141.154.27:8092 register finished
2026-01-30 22:04:35.204 [http-nio-8092-exec-1] INFO  o.a.c.core.ContainerBase.[Tomcat].[localhost].[/] - Initializing Spring DispatcherServlet 'dispatcherServlet'
2026-01-30 22:04:35.204 [http-nio-8092-exec-1] INFO  org.springframework.web.servlet.DispatcherServlet - Initializing Servlet 'dispatcherServlet'
2026-01-30 22:04:35.206 [http-nio-8092-exec-1] INFO  org.springframework.web.servlet.DispatcherServlet - Completed initialization in 2 ms
2026-01-30 22:04:35.256 [main] INFO  c.evan.greennote.search.GreenNoteSearchApplication - Started GreenNoteSearchApplication in 7.191 seconds (process running for 13.176)
2026-01-30 22:04:35.269 [http-nio-8092-exec-1] INFO  c.e.f.b.operationlog.aspect.ApiOperationLogAspect - ====== 请求开始: [热更新词典], 入参: , 请求类: com.evan.greennote.search.controller.ExtDictController, 请求方法: extDict =======
2026-01-30 22:04:35.314 [http-nio-8092-exec-1] INFO  c.e.f.b.operationlog.aspect.ApiOperationLogAspect - ====== 请求结束: [热更新词典], 耗时: 35ms, 出参: {"headers":{"ETag":["1243308403"],"Content-Type":["text/plain;charset=UTF-8"],"Last-Modified":["Sun, 25 Jan 2026 03:52:44 GMT"]},"body":"打工人\n打工魂\n社畜\n黑猴","statusCode":"OK","statusCodeValue":200}======
2026-01-30 22:04:35.788 [http-nio-8092-exec-2] INFO  c.e.f.b.operationlog.aspect.ApiOperationLogAspect - ====== 请求开始: [热更新词典], 入参: , 请求类: com.evan.greennote.search.controller.ExtDictController, 请求方法: extDict =======
2026-01-30 22:04:35.789 [http-nio-8092-exec-2] INFO  c.e.f.b.operationlog.aspect.ApiOperationLogAspect - ====== 请求结束: [热更新词典], 耗时: 1ms, 出参: {"headers":{"ETag":["1243308403"],"Content-Type":["text/plain;charset=UTF-8"],"Last-Modified":["Sun, 25 Jan 2026 03:52:44 GMT"]},"body":"打工人\n打工魂\n社畜\n黑猴","statusCode":"OK","statusCodeValue":200}======
2026-01-30 22:05:35.001 [http-nio-8092-exec-4] INFO  c.e.f.b.operationlog.aspect.ApiOperationLogAspect - ====== 请求开始: [热更新词典], 入参: , 请求类: com.evan.greennote.search.controller.ExtDictController, 请求方法: extDict =======
2026-01-30 22:05:35.003 [http-nio-8092-exec-4] INFO  c.e.f.b.operationlog.aspect.ApiOperationLogAspect - ====== 请求结束: [热更新词典], 耗时: 1ms, 出参: {"headers":{"ETag":["1243308403"],"Content-Type":["text/plain;charset=UTF-8"],"Last-Modified":["Sun, 25 Jan 2026 03:52:44 GMT"]},"body":"打工人\n打工魂\n社畜\n黑猴","statusCode":"OK","statusCodeValue":200}======
2026-01-30 22:06:34.881 [http-nio-8092-exec-5] INFO  c.e.f.b.operationlog.aspect.ApiOperationLogAspect - ====== 请求开始: [热更新词典], 入参: , 请求类: com.evan.greennote.search.controller.ExtDictController, 请求方法: extDict =======
2026-01-30 22:06:34.882 [http-nio-8092-exec-5] INFO  c.e.f.b.operationlog.aspect.ApiOperationLogAspect - ====== 请求结束: [热更新词典], 耗时: 1ms, 出参: {"headers":{"ETag":["1243308403"],"Content-Type":["text/plain;charset=UTF-8"],"Last-Modified":["Sun, 25 Jan 2026 03:52:44 GMT"]},"body":"打工人\n打工魂\n社畜\n黑猴","statusCode":"OK","statusCodeValue":200}======
2026-01-30 22:07:34.767 [http-nio-8092-exec-6] INFO  c.e.f.b.operationlog.aspect.ApiOperationLogAspect - ====== 请求开始: [热更新词典], 入参: , 请求类: com.evan.greennote.search.controller.ExtDictController, 请求方法: extDict =======
2026-01-30 22:07:34.769 [http-nio-8092-exec-6] INFO  c.e.f.b.operationlog.aspect.ApiOperationLogAspect - ====== 请求结束: [热更新词典], 耗时: 2ms, 出参: {"headers":{"ETag":["1243308403"],"Content-Type":["text/plain;charset=UTF-8"],"Last-Modified":["Sun, 25 Jan 2026 03:52:44 GMT"]},"body":"打工人\n打工魂\n社畜\n黑猴","statusCode":"OK","statusCodeValue":200}======
2026-01-30 22:08:34.650 [http-nio-8092-exec-7] INFO  c.e.f.b.operationlog.aspect.ApiOperationLogAspect - ====== 请求开始: [热更新词典], 入参: , 请求类: com.evan.greennote.search.controller.ExtDictController, 请求方法: extDict =======
2026-01-30 22:08:34.651 [http-nio-8092-exec-7] INFO  c.e.f.b.operationlog.aspect.ApiOperationLogAspect - ====== 请求结束: [热更新词典], 耗时: 1ms, 出参: {"headers":{"ETag":["1243308403"],"Content-Type":["text/plain;charset=UTF-8"],"Last-Modified":["Sun, 25 Jan 2026 03:52:44 GMT"]},"body":"打工人\n打工魂\n社畜\n黑猴","statusCode":"OK","statusCodeValue":200}======
2026-01-30 22:09:34.544 [http-nio-8092-exec-8] INFO  c.e.f.b.operationlog.aspect.ApiOperationLogAspect - ====== 请求开始: [热更新词典], 入参: , 请求类: com.evan.greennote.search.controller.ExtDictController, 请求方法: extDict =======
2026-01-30 22:09:34.545 [http-nio-8092-exec-8] INFO  c.e.f.b.operationlog.aspect.ApiOperationLogAspect - ====== 请求结束: [热更新词典], 耗时: 1ms, 出参: {"headers":{"ETag":["1243308403"],"Content-Type":["text/plain;charset=UTF-8"],"Last-Modified":["Sun, 25 Jan 2026 03:52:44 GMT"]},"body":"打工人\n打工魂\n社畜\n黑猴","statusCode":"OK","statusCodeValue":200}======
2026-01-30 22:10:34.438 [http-nio-8092-exec-9] INFO  c.e.f.b.operationlog.aspect.ApiOperationLogAspect - ====== 请求开始: [热更新词典], 入参: , 请求类: com.evan.greennote.search.controller.ExtDictController, 请求方法: extDict =======
2026-01-30 22:10:34.439 [http-nio-8092-exec-9] INFO  c.e.f.b.operationlog.aspect.ApiOperationLogAspect - ====== 请求结束: [热更新词典], 耗时: 1ms, 出参: {"headers":{"ETag":["1243308403"],"Content-Type":["text/plain;charset=UTF-8"],"Last-Modified":["Sun, 25 Jan 2026 03:52:44 GMT"]},"body":"打工人\n打工魂\n社畜\n黑猴","statusCode":"OK","statusCodeValue":200}======
2026-01-30 22:11:34.346 [http-nio-8092-exec-10] INFO  c.e.f.b.operationlog.aspect.ApiOperationLogAspect - ====== 请求开始: [热更新词典], 入参: , 请求类: com.evan.greennote.search.controller.ExtDictController, 请求方法: extDict =======
2026-01-30 22:11:34.347 [http-nio-8092-exec-10] INFO  c.e.f.b.operationlog.aspect.ApiOperationLogAspect - ====== 请求结束: [热更新词典], 耗时: 0ms, 出参: {"headers":{"ETag":["1243308403"],"Content-Type":["text/plain;charset=UTF-8"],"Last-Modified":["Sun, 25 Jan 2026 03:52:44 GMT"]},"body":"打工人\n打工魂\n社畜\n黑猴","statusCode":"OK","statusCodeValue":200}======
2026-01-30 22:12:34.217 [http-nio-8092-exec-1] INFO  c.e.f.b.operationlog.aspect.ApiOperationLogAspect - ====== 请求开始: [热更新词典], 入参: , 请求类: com.evan.greennote.search.controller.ExtDictController, 请求方法: extDict =======
2026-01-30 22:12:34.217 [http-nio-8092-exec-1] INFO  c.e.f.b.operationlog.aspect.ApiOperationLogAspect - ====== 请求结束: [热更新词典], 耗时: 0ms, 出参: {"headers":{"ETag":["1243308403"],"Content-Type":["text/plain;charset=UTF-8"],"Last-Modified":["Sun, 25 Jan 2026 03:52:44 GMT"]},"body":"打工人\n打工魂\n社畜\n黑猴","statusCode":"OK","statusCodeValue":200}======
2026-01-30 22:13:34.114 [http-nio-8092-exec-2] INFO  c.e.f.b.operationlog.aspect.ApiOperationLogAspect - ====== 请求开始: [热更新词典], 入参: , 请求类: com.evan.greennote.search.controller.ExtDictController, 请求方法: extDict =======
2026-01-30 22:13:34.115 [http-nio-8092-exec-2] INFO  c.e.f.b.operationlog.aspect.ApiOperationLogAspect - ====== 请求结束: [热更新词典], 耗时: 1ms, 出参: {"headers":{"ETag":["1243308403"],"Content-Type":["text/plain;charset=UTF-8"],"Last-Modified":["Sun, 25 Jan 2026 03:52:44 GMT"]},"body":"打工人\n打工魂\n社畜\n黑猴","statusCode":"OK","statusCodeValue":200}======
2026-01-30 22:14:34.000 [http-nio-8092-exec-3] INFO  c.e.f.b.operationlog.aspect.ApiOperationLogAspect - ====== 请求开始: [热更新词典], 入参: , 请求类: com.evan.greennote.search.controller.ExtDictController, 请求方法: extDict =======
2026-01-30 22:14:34.001 [http-nio-8092-exec-3] INFO  c.e.f.b.operationlog.aspect.ApiOperationLogAspect - ====== 请求结束: [热更新词典], 耗时: 1ms, 出参: {"headers":{"ETag":["1243308403"],"Content-Type":["text/plain;charset=UTF-8"],"Last-Modified":["Sun, 25 Jan 2026 03:52:44 GMT"]},"body":"打工人\n打工魂\n社畜\n黑猴","statusCode":"OK","statusCodeValue":200}======
2026-01-30 22:15:33.877 [http-nio-8092-exec-4] INFO  c.e.f.b.operationlog.aspect.ApiOperationLogAspect - ====== 请求开始: [热更新词典], 入参: , 请求类: com.evan.greennote.search.controller.ExtDictController, 请求方法: extDict =======
2026-01-30 22:15:33.878 [http-nio-8092-exec-4] INFO  c.e.f.b.operationlog.aspect.ApiOperationLogAspect - ====== 请求结束: [热更新词典], 耗时: 1ms, 出参: {"headers":{"ETag":["1243308403"],"Content-Type":["text/plain;charset=UTF-8"],"Last-Modified":["Sun, 25 Jan 2026 03:52:44 GMT"]},"body":"打工人\n打工魂\n社畜\n黑猴","statusCode":"OK","statusCodeValue":200}======
2026-01-30 22:16:33.754 [http-nio-8092-exec-5] INFO  c.e.f.b.operationlog.aspect.ApiOperationLogAspect - ====== 请求开始: [热更新词典], 入参: , 请求类: com.evan.greennote.search.controller.ExtDictController, 请求方法: extDict =======
2026-01-30 22:16:33.755 [http-nio-8092-exec-5] INFO  c.e.f.b.operationlog.aspect.ApiOperationLogAspect - ====== 请求结束: [热更新词典], 耗时: 0ms, 出参: {"headers":{"ETag":["1243308403"],"Content-Type":["text/plain;charset=UTF-8"],"Last-Modified":["Sun, 25 Jan 2026 03:52:44 GMT"]},"body":"打工人\n打工魂\n社畜\n黑猴","statusCode":"OK","statusCodeValue":200}======
2026-01-30 22:17:33.622 [http-nio-8092-exec-6] INFO  c.e.f.b.operationlog.aspect.ApiOperationLogAspect - ====== 请求开始: [热更新词典], 入参: , 请求类: com.evan.greennote.search.controller.ExtDictController, 请求方法: extDict =======
2026-01-30 22:17:33.623 [http-nio-8092-exec-6] INFO  c.e.f.b.operationlog.aspect.ApiOperationLogAspect - ====== 请求结束: [热更新词典], 耗时: 1ms, 出参: {"headers":{"ETag":["1243308403"],"Content-Type":["text/plain;charset=UTF-8"],"Last-Modified":["Sun, 25 Jan 2026 03:52:44 GMT"]},"body":"打工人\n打工魂\n社畜\n黑猴","statusCode":"OK","statusCodeValue":200}======
2026-01-30 22:18:33.478 [http-nio-8092-exec-7] INFO  c.e.f.b.operationlog.aspect.ApiOperationLogAspect - ====== 请求开始: [热更新词典], 入参: , 请求类: com.evan.greennote.search.controller.ExtDictController, 请求方法: extDict =======
2026-01-30 22:18:33.479 [http-nio-8092-exec-7] INFO  c.e.f.b.operationlog.aspect.ApiOperationLogAspect - ====== 请求结束: [热更新词典], 耗时: 0ms, 出参: {"headers":{"ETag":["1243308403"],"Content-Type":["text/plain;charset=UTF-8"],"Last-Modified":["Sun, 25 Jan 2026 03:52:44 GMT"]},"body":"打工人\n打工魂\n社畜\n黑猴","statusCode":"OK","statusCodeValue":200}======
2026-01-30 22:19:33.350 [http-nio-8092-exec-8] INFO  c.e.f.b.operationlog.aspect.ApiOperationLogAspect - ====== 请求开始: [热更新词典], 入参: , 请求类: com.evan.greennote.search.controller.ExtDictController, 请求方法: extDict =======
2026-01-30 22:19:33.351 [http-nio-8092-exec-8] INFO  c.e.f.b.operationlog.aspect.ApiOperationLogAspect - ====== 请求结束: [热更新词典], 耗时: 1ms, 出参: {"headers":{"ETag":["1243308403"],"Content-Type":["text/plain;charset=UTF-8"],"Last-Modified":["Sun, 25 Jan 2026 03:52:44 GMT"]},"body":"打工人\n打工魂\n社畜\n黑猴","statusCode":"OK","statusCodeValue":200}======
2026-01-30 22:20:33.194 [http-nio-8092-exec-9] INFO  c.e.f.b.operationlog.aspect.ApiOperationLogAspect - ====== 请求开始: [热更新词典], 入参: , 请求类: com.evan.greennote.search.controller.ExtDictController, 请求方法: extDict =======
2026-01-30 22:20:33.195 [http-nio-8092-exec-9] INFO  c.e.f.b.operationlog.aspect.ApiOperationLogAspect - ====== 请求结束: [热更新词典], 耗时: 1ms, 出参: {"headers":{"ETag":["1243308403"],"Content-Type":["text/plain;charset=UTF-8"],"Last-Modified":["Sun, 25 Jan 2026 03:52:44 GMT"]},"body":"打工人\n打工魂\n社畜\n黑猴","statusCode":"OK","statusCodeValue":200}======
2026-01-30 22:21:33.059 [http-nio-8092-exec-10] INFO  c.e.f.b.operationlog.aspect.ApiOperationLogAspect - ====== 请求开始: [热更新词典], 入参: , 请求类: com.evan.greennote.search.controller.ExtDictController, 请求方法: extDict =======
2026-01-30 22:21:33.060 [http-nio-8092-exec-10] INFO  c.e.f.b.operationlog.aspect.ApiOperationLogAspect - ====== 请求结束: [热更新词典], 耗时: 1ms, 出参: {"headers":{"ETag":["1243308403"],"Content-Type":["text/plain;charset=UTF-8"],"Last-Modified":["Sun, 25 Jan 2026 03:52:44 GMT"]},"body":"打工人\n打工魂\n社畜\n黑猴","statusCode":"OK","statusCodeValue":200}======
2026-01-30 22:22:32.915 [http-nio-8092-exec-1] INFO  c.e.f.b.operationlog.aspect.ApiOperationLogAspect - ====== 请求开始: [热更新词典], 入参: , 请求类: com.evan.greennote.search.controller.ExtDictController, 请求方法: extDict =======
2026-01-30 22:22:32.917 [http-nio-8092-exec-1] INFO  c.e.f.b.operationlog.aspect.ApiOperationLogAspect - ====== 请求结束: [热更新词典], 耗时: 1ms, 出参: {"headers":{"ETag":["1243308403"],"Content-Type":["text/plain;charset=UTF-8"],"Last-Modified":["Sun, 25 Jan 2026 03:52:44 GMT"]},"body":"打工人\n打工魂\n社畜\n黑猴","statusCode":"OK","statusCodeValue":200}======
2026-01-30 22:23:32.746 [http-nio-8092-exec-2] INFO  c.e.f.b.operationlog.aspect.ApiOperationLogAspect - ====== 请求开始: [热更新词典], 入参: , 请求类: com.evan.greennote.search.controller.ExtDictController, 请求方法: extDict =======
2026-01-30 22:23:32.747 [http-nio-8092-exec-2] INFO  c.e.f.b.operationlog.aspect.ApiOperationLogAspect - ====== 请求结束: [热更新词典], 耗时: 1ms, 出参: {"headers":{"ETag":["1243308403"],"Content-Type":["text/plain;charset=UTF-8"],"Last-Modified":["Sun, 25 Jan 2026 03:52:44 GMT"]},"body":"打工人\n打工魂\n社畜\n黑猴","statusCode":"OK","statusCodeValue":200}======
2026-01-30 22:24:32.604 [http-nio-8092-exec-3] INFO  c.e.f.b.operationlog.aspect.ApiOperationLogAspect - ====== 请求开始: [热更新词典], 入参: , 请求类: com.evan.greennote.search.controller.ExtDictController, 请求方法: extDict =======
2026-01-30 22:24:32.606 [http-nio-8092-exec-3] INFO  c.e.f.b.operationlog.aspect.ApiOperationLogAspect - ====== 请求结束: [热更新词典], 耗时: 2ms, 出参: {"headers":{"ETag":["1243308403"],"Content-Type":["text/plain;charset=UTF-8"],"Last-Modified":["Sun, 25 Jan 2026 03:52:44 GMT"]},"body":"打工人\n打工魂\n社畜\n黑猴","statusCode":"OK","statusCodeValue":200}======
2026-01-30 22:25:32.439 [http-nio-8092-exec-4] INFO  c.e.f.b.operationlog.aspect.ApiOperationLogAspect - ====== 请求开始: [热更新词典], 入参: , 请求类: com.evan.greennote.search.controller.ExtDictController, 请求方法: extDict =======
2026-01-30 22:25:32.440 [http-nio-8092-exec-4] INFO  c.e.f.b.operationlog.aspect.ApiOperationLogAspect - ====== 请求结束: [热更新词典], 耗时: 1ms, 出参: {"headers":{"ETag":["1243308403"],"Content-Type":["text/plain;charset=UTF-8"],"Last-Modified":["Sun, 25 Jan 2026 03:52:44 GMT"]},"body":"打工人\n打工魂\n社畜\n黑猴","statusCode":"OK","statusCodeValue":200}======
2026-01-30 22:26:32.296 [http-nio-8092-exec-5] INFO  c.e.f.b.operationlog.aspect.ApiOperationLogAspect - ====== 请求开始: [热更新词典], 入参: , 请求类: com.evan.greennote.search.controller.ExtDictController, 请求方法: extDict =======
2026-01-30 22:26:32.296 [http-nio-8092-exec-5] INFO  c.e.f.b.operationlog.aspect.ApiOperationLogAspect - ====== 请求结束: [热更新词典], 耗时: 0ms, 出参: {"headers":{"ETag":["1243308403"],"Content-Type":["text/plain;charset=UTF-8"],"Last-Modified":["Sun, 25 Jan 2026 03:52:44 GMT"]},"body":"打工人\n打工魂\n社畜\n黑猴","statusCode":"OK","statusCodeValue":200}======
2026-01-30 22:27:32.119 [http-nio-8092-exec-6] INFO  c.e.f.b.operationlog.aspect.ApiOperationLogAspect - ====== 请求开始: [热更新词典], 入参: , 请求类: com.evan.greennote.search.controller.ExtDictController, 请求方法: extDict =======
2026-01-30 22:27:32.120 [http-nio-8092-exec-6] INFO  c.e.f.b.operationlog.aspect.ApiOperationLogAspect - ====== 请求结束: [热更新词典], 耗时: 1ms, 出参: {"headers":{"ETag":["1243308403"],"Content-Type":["text/plain;charset=UTF-8"],"Last-Modified":["Sun, 25 Jan 2026 03:52:44 GMT"]},"body":"打工人\n打工魂\n社畜\n黑猴","statusCode":"OK","statusCodeValue":200}======
2026-01-30 22:28:31.966 [http-nio-8092-exec-7] INFO  c.e.f.b.operationlog.aspect.ApiOperationLogAspect - ====== 请求开始: [热更新词典], 入参: , 请求类: com.evan.greennote.search.controller.ExtDictController, 请求方法: extDict =======
2026-01-30 22:28:31.967 [http-nio-8092-exec-7] INFO  c.e.f.b.operationlog.aspect.ApiOperationLogAspect - ====== 请求结束: [热更新词典], 耗时: 1ms, 出参: {"headers":{"ETag":["1243308403"],"Content-Type":["text/plain;charset=UTF-8"],"Last-Modified":["Sun, 25 Jan 2026 03:52:44 GMT"]},"body":"打工人\n打工魂\n社畜\n黑猴","statusCode":"OK","statusCodeValue":200}======
2026-01-30 22:29:31.790 [http-nio-8092-exec-8] INFO  c.e.f.b.operationlog.aspect.ApiOperationLogAspect - ====== 请求开始: [热更新词典], 入参: , 请求类: com.evan.greennote.search.controller.ExtDictController, 请求方法: extDict =======
2026-01-30 22:29:31.791 [http-nio-8092-exec-8] INFO  c.e.f.b.operationlog.aspect.ApiOperationLogAspect - ====== 请求结束: [热更新词典], 耗时: 0ms, 出参: {"headers":{"ETag":["1243308403"],"Content-Type":["text/plain;charset=UTF-8"],"Last-Modified":["Sun, 25 Jan 2026 03:52:44 GMT"]},"body":"打工人\n打工魂\n社畜\n黑猴","statusCode":"OK","statusCodeValue":200}======
2026-01-30 22:30:31.609 [http-nio-8092-exec-9] INFO  c.e.f.b.operationlog.aspect.ApiOperationLogAspect - ====== 请求开始: [热更新词典], 入参: , 请求类: com.evan.greennote.search.controller.ExtDictController, 请求方法: extDict =======
2026-01-30 22:30:31.610 [http-nio-8092-exec-9] INFO  c.e.f.b.operationlog.aspect.ApiOperationLogAspect - ====== 请求结束: [热更新词典], 耗时: 1ms, 出参: {"headers":{"ETag":["1243308403"],"Content-Type":["text/plain;charset=UTF-8"],"Last-Modified":["Sun, 25 Jan 2026 03:52:44 GMT"]},"body":"打工人\n打工魂\n社畜\n黑猴","statusCode":"OK","statusCodeValue":200}======
2026-01-30 22:31:31.438 [http-nio-8092-exec-10] INFO  c.e.f.b.operationlog.aspect.ApiOperationLogAspect - ====== 请求开始: [热更新词典], 入参: , 请求类: com.evan.greennote.search.controller.ExtDictController, 请求方法: extDict =======
2026-01-30 22:31:31.439 [http-nio-8092-exec-10] INFO  c.e.f.b.operationlog.aspect.ApiOperationLogAspect - ====== 请求结束: [热更新词典], 耗时: 1ms, 出参: {"headers":{"ETag":["1243308403"],"Content-Type":["text/plain;charset=UTF-8"],"Last-Modified":["Sun, 25 Jan 2026 03:52:44 GMT"]},"body":"打工人\n打工魂\n社畜\n黑猴","statusCode":"OK","statusCodeValue":200}======
2026-01-30 22:32:31.280 [http-nio-8092-exec-1] INFO  c.e.f.b.operationlog.aspect.ApiOperationLogAspect - ====== 请求开始: [热更新词典], 入参: , 请求类: com.evan.greennote.search.controller.ExtDictController, 请求方法: extDict =======
2026-01-30 22:32:31.281 [http-nio-8092-exec-1] INFO  c.e.f.b.operationlog.aspect.ApiOperationLogAspect - ====== 请求结束: [热更新词典], 耗时: 1ms, 出参: {"headers":{"ETag":["1243308403"],"Content-Type":["text/plain;charset=UTF-8"],"Last-Modified":["Sun, 25 Jan 2026 03:52:44 GMT"]},"body":"打工人\n打工魂\n社畜\n黑猴","statusCode":"OK","statusCodeValue":200}======
2026-01-30 22:33:31.099 [http-nio-8092-exec-2] INFO  c.e.f.b.operationlog.aspect.ApiOperationLogAspect - ====== 请求开始: [热更新词典], 入参: , 请求类: com.evan.greennote.search.controller.ExtDictController, 请求方法: extDict =======
2026-01-30 22:33:31.100 [http-nio-8092-exec-2] INFO  c.e.f.b.operationlog.aspect.ApiOperationLogAspect - ====== 请求结束: [热更新词典], 耗时: 1ms, 出参: {"headers":{"ETag":["1243308403"],"Content-Type":["text/plain;charset=UTF-8"],"Last-Modified":["Sun, 25 Jan 2026 03:52:44 GMT"]},"body":"打工人\n打工魂\n社畜\n黑猴","statusCode":"OK","statusCodeValue":200}======
2026-01-30 22:34:30.894 [http-nio-8092-exec-3] INFO  c.e.f.b.operationlog.aspect.ApiOperationLogAspect - ====== 请求开始: [热更新词典], 入参: , 请求类: com.evan.greennote.search.controller.ExtDictController, 请求方法: extDict =======
2026-01-30 22:34:30.895 [http-nio-8092-exec-3] INFO  c.e.f.b.operationlog.aspect.ApiOperationLogAspect - ====== 请求结束: [热更新词典], 耗时: 1ms, 出参: {"headers":{"ETag":["1243308403"],"Content-Type":["text/plain;charset=UTF-8"],"Last-Modified":["Sun, 25 Jan 2026 03:52:44 GMT"]},"body":"打工人\n打工魂\n社畜\n黑猴","statusCode":"OK","statusCodeValue":200}======
2026-01-30 22:35:30.733 [http-nio-8092-exec-4] INFO  c.e.f.b.operationlog.aspect.ApiOperationLogAspect - ====== 请求开始: [热更新词典], 入参: , 请求类: com.evan.greennote.search.controller.ExtDictController, 请求方法: extDict =======
2026-01-30 22:35:30.734 [http-nio-8092-exec-4] INFO  c.e.f.b.operationlog.aspect.ApiOperationLogAspect - ====== 请求结束: [热更新词典], 耗时: 1ms, 出参: {"headers":{"ETag":["1243308403"],"Content-Type":["text/plain;charset=UTF-8"],"Last-Modified":["Sun, 25 Jan 2026 03:52:44 GMT"]},"body":"打工人\n打工魂\n社畜\n黑猴","statusCode":"OK","statusCodeValue":200}======
2026-01-30 22:36:30.551 [http-nio-8092-exec-5] INFO  c.e.f.b.operationlog.aspect.ApiOperationLogAspect - ====== 请求开始: [热更新词典], 入参: , 请求类: com.evan.greennote.search.controller.ExtDictController, 请求方法: extDict =======
2026-01-30 22:36:30.552 [http-nio-8092-exec-5] INFO  c.e.f.b.operationlog.aspect.ApiOperationLogAspect - ====== 请求结束: [热更新词典], 耗时: 1ms, 出参: {"headers":{"ETag":["1243308403"],"Content-Type":["text/plain;charset=UTF-8"],"Last-Modified":["Sun, 25 Jan 2026 03:52:44 GMT"]},"body":"打工人\n打工魂\n社畜\n黑猴","statusCode":"OK","statusCodeValue":200}======
2026-01-30 22:37:30.384 [http-nio-8092-exec-6] INFO  c.e.f.b.operationlog.aspect.ApiOperationLogAspect - ====== 请求开始: [热更新词典], 入参: , 请求类: com.evan.greennote.search.controller.ExtDictController, 请求方法: extDict =======
2026-01-30 22:37:30.385 [http-nio-8092-exec-6] INFO  c.e.f.b.operationlog.aspect.ApiOperationLogAspect - ====== 请求结束: [热更新词典], 耗时: 1ms, 出参: {"headers":{"ETag":["1243308403"],"Content-Type":["text/plain;charset=UTF-8"],"Last-Modified":["Sun, 25 Jan 2026 03:52:44 GMT"]},"body":"打工人\n打工魂\n社畜\n黑猴","statusCode":"OK","statusCodeValue":200}======
2026-01-30 22:38:30.201 [http-nio-8092-exec-7] INFO  c.e.f.b.operationlog.aspect.ApiOperationLogAspect - ====== 请求开始: [热更新词典], 入参: , 请求类: com.evan.greennote.search.controller.ExtDictController, 请求方法: extDict =======
2026-01-30 22:38:30.202 [http-nio-8092-exec-7] INFO  c.e.f.b.operationlog.aspect.ApiOperationLogAspect - ====== 请求结束: [热更新词典], 耗时: 1ms, 出参: {"headers":{"ETag":["1243308403"],"Content-Type":["text/plain;charset=UTF-8"],"Last-Modified":["Sun, 25 Jan 2026 03:52:44 GMT"]},"body":"打工人\n打工魂\n社畜\n黑猴","statusCode":"OK","statusCodeValue":200}======
2026-01-30 22:39:30.042 [http-nio-8092-exec-8] INFO  c.e.f.b.operationlog.aspect.ApiOperationLogAspect - ====== 请求开始: [热更新词典], 入参: , 请求类: com.evan.greennote.search.controller.ExtDictController, 请求方法: extDict =======
2026-01-30 22:39:30.043 [http-nio-8092-exec-8] INFO  c.e.f.b.operationlog.aspect.ApiOperationLogAspect - ====== 请求结束: [热更新词典], 耗时: 1ms, 出参: {"headers":{"ETag":["1243308403"],"Content-Type":["text/plain;charset=UTF-8"],"Last-Modified":["Sun, 25 Jan 2026 03:52:44 GMT"]},"body":"打工人\n打工魂\n社畜\n黑猴","statusCode":"OK","statusCodeValue":200}======
2026-01-30 22:40:29.856 [http-nio-8092-exec-9] INFO  c.e.f.b.operationlog.aspect.ApiOperationLogAspect - ====== 请求开始: [热更新词典], 入参: , 请求类: com.evan.greennote.search.controller.ExtDictController, 请求方法: extDict =======
2026-01-30 22:40:29.857 [http-nio-8092-exec-9] INFO  c.e.f.b.operationlog.aspect.ApiOperationLogAspect - ====== 请求结束: [热更新词典], 耗时: 1ms, 出参: {"headers":{"ETag":["1243308403"],"Content-Type":["text/plain;charset=UTF-8"],"Last-Modified":["Sun, 25 Jan 2026 03:52:44 GMT"]},"body":"打工人\n打工魂\n社畜\n黑猴","statusCode":"OK","statusCodeValue":200}======
2026-01-30 22:41:29.692 [http-nio-8092-exec-10] INFO  c.e.f.b.operationlog.aspect.ApiOperationLogAspect - ====== 请求开始: [热更新词典], 入参: , 请求类: com.evan.greennote.search.controller.ExtDictController, 请求方法: extDict =======
2026-01-30 22:41:29.693 [http-nio-8092-exec-10] INFO  c.e.f.b.operationlog.aspect.ApiOperationLogAspect - ====== 请求结束: [热更新词典], 耗时: 1ms, 出参: {"headers":{"ETag":["1243308403"],"Content-Type":["text/plain;charset=UTF-8"],"Last-Modified":["Sun, 25 Jan 2026 03:52:44 GMT"]},"body":"打工人\n打工魂\n社畜\n黑猴","statusCode":"OK","statusCodeValue":200}======
2026-01-30 22:42:29.477 [http-nio-8092-exec-1] INFO  c.e.f.b.operationlog.aspect.ApiOperationLogAspect - ====== 请求开始: [热更新词典], 入参: , 请求类: com.evan.greennote.search.controller.ExtDictController, 请求方法: extDict =======
2026-01-30 22:42:29.478 [http-nio-8092-exec-1] INFO  c.e.f.b.operationlog.aspect.ApiOperationLogAspect - ====== 请求结束: [热更新词典], 耗时: 1ms, 出参: {"headers":{"ETag":["1243308403"],"Content-Type":["text/plain;charset=UTF-8"],"Last-Modified":["Sun, 25 Jan 2026 03:52:44 GMT"]},"body":"打工人\n打工魂\n社畜\n黑猴","statusCode":"OK","statusCodeValue":200}======
2026-01-30 22:43:29.302 [http-nio-8092-exec-2] INFO  c.e.f.b.operationlog.aspect.ApiOperationLogAspect - ====== 请求开始: [热更新词典], 入参: , 请求类: com.evan.greennote.search.controller.ExtDictController, 请求方法: extDict =======
2026-01-30 22:43:29.303 [http-nio-8092-exec-2] INFO  c.e.f.b.operationlog.aspect.ApiOperationLogAspect - ====== 请求结束: [热更新词典], 耗时: 1ms, 出参: {"headers":{"ETag":["1243308403"],"Content-Type":["text/plain;charset=UTF-8"],"Last-Modified":["Sun, 25 Jan 2026 03:52:44 GMT"]},"body":"打工人\n打工魂\n社畜\n黑猴","statusCode":"OK","statusCodeValue":200}======
2026-01-30 22:44:29.068 [http-nio-8092-exec-3] INFO  c.e.f.b.operationlog.aspect.ApiOperationLogAspect - ====== 请求开始: [热更新词典], 入参: , 请求类: com.evan.greennote.search.controller.ExtDictController, 请求方法: extDict =======
2026-01-30 22:44:29.069 [http-nio-8092-exec-3] INFO  c.e.f.b.operationlog.aspect.ApiOperationLogAspect - ====== 请求结束: [热更新词典], 耗时: 1ms, 出参: {"headers":{"ETag":["1243308403"],"Content-Type":["text/plain;charset=UTF-8"],"Last-Modified":["Sun, 25 Jan 2026 03:52:44 GMT"]},"body":"打工人\n打工魂\n社畜\n黑猴","statusCode":"OK","statusCodeValue":200}======
2026-01-30 22:45:28.857 [http-nio-8092-exec-4] INFO  c.e.f.b.operationlog.aspect.ApiOperationLogAspect - ====== 请求开始: [热更新词典], 入参: , 请求类: com.evan.greennote.search.controller.ExtDictController, 请求方法: extDict =======
2026-01-30 22:45:28.857 [http-nio-8092-exec-4] INFO  c.e.f.b.operationlog.aspect.ApiOperationLogAspect - ====== 请求结束: [热更新词典], 耗时: 0ms, 出参: {"headers":{"ETag":["1243308403"],"Content-Type":["text/plain;charset=UTF-8"],"Last-Modified":["Sun, 25 Jan 2026 03:52:44 GMT"]},"body":"打工人\n打工魂\n社畜\n黑猴","statusCode":"OK","statusCodeValue":200}======
2026-01-30 22:46:28.642 [http-nio-8092-exec-5] INFO  c.e.f.b.operationlog.aspect.ApiOperationLogAspect - ====== 请求开始: [热更新词典], 入参: , 请求类: com.evan.greennote.search.controller.ExtDictController, 请求方法: extDict =======
2026-01-30 22:46:28.643 [http-nio-8092-exec-5] INFO  c.e.f.b.operationlog.aspect.ApiOperationLogAspect - ====== 请求结束: [热更新词典], 耗时: 1ms, 出参: {"headers":{"ETag":["1243308403"],"Content-Type":["text/plain;charset=UTF-8"],"Last-Modified":["Sun, 25 Jan 2026 03:52:44 GMT"]},"body":"打工人\n打工魂\n社畜\n黑猴","statusCode":"OK","statusCodeValue":200}======
2026-01-30 22:47:28.426 [http-nio-8092-exec-6] INFO  c.e.f.b.operationlog.aspect.ApiOperationLogAspect - ====== 请求开始: [热更新词典], 入参: , 请求类: com.evan.greennote.search.controller.ExtDictController, 请求方法: extDict =======
2026-01-30 22:47:28.427 [http-nio-8092-exec-6] INFO  c.e.f.b.operationlog.aspect.ApiOperationLogAspect - ====== 请求结束: [热更新词典], 耗时: 1ms, 出参: {"headers":{"ETag":["1243308403"],"Content-Type":["text/plain;charset=UTF-8"],"Last-Modified":["Sun, 25 Jan 2026 03:52:44 GMT"]},"body":"打工人\n打工魂\n社畜\n黑猴","statusCode":"OK","statusCodeValue":200}======
2026-01-30 22:48:28.226 [http-nio-8092-exec-7] INFO  c.e.f.b.operationlog.aspect.ApiOperationLogAspect - ====== 请求开始: [热更新词典], 入参: , 请求类: com.evan.greennote.search.controller.ExtDictController, 请求方法: extDict =======
2026-01-30 22:48:28.226 [http-nio-8092-exec-7] INFO  c.e.f.b.operationlog.aspect.ApiOperationLogAspect - ====== 请求结束: [热更新词典], 耗时: 0ms, 出参: {"headers":{"ETag":["1243308403"],"Content-Type":["text/plain;charset=UTF-8"],"Last-Modified":["Sun, 25 Jan 2026 03:52:44 GMT"]},"body":"打工人\n打工魂\n社畜\n黑猴","statusCode":"OK","statusCodeValue":200}======
2026-01-30 22:49:28.018 [http-nio-8092-exec-8] INFO  c.e.f.b.operationlog.aspect.ApiOperationLogAspect - ====== 请求开始: [热更新词典], 入参: , 请求类: com.evan.greennote.search.controller.ExtDictController, 请求方法: extDict =======
2026-01-30 22:49:28.019 [http-nio-8092-exec-8] INFO  c.e.f.b.operationlog.aspect.ApiOperationLogAspect - ====== 请求结束: [热更新词典], 耗时: 1ms, 出参: {"headers":{"ETag":["1243308403"],"Content-Type":["text/plain;charset=UTF-8"],"Last-Modified":["Sun, 25 Jan 2026 03:52:44 GMT"]},"body":"打工人\n打工魂\n社畜\n黑猴","statusCode":"OK","statusCodeValue":200}======
2026-01-30 22:50:27.817 [http-nio-8092-exec-9] INFO  c.e.f.b.operationlog.aspect.ApiOperationLogAspect - ====== 请求开始: [热更新词典], 入参: , 请求类: com.evan.greennote.search.controller.ExtDictController, 请求方法: extDict =======
2026-01-30 22:50:27.818 [http-nio-8092-exec-9] INFO  c.e.f.b.operationlog.aspect.ApiOperationLogAspect - ====== 请求结束: [热更新词典], 耗时: 0ms, 出参: {"headers":{"ETag":["1243308403"],"Content-Type":["text/plain;charset=UTF-8"],"Last-Modified":["Sun, 25 Jan 2026 03:52:44 GMT"]},"body":"打工人\n打工魂\n社畜\n黑猴","statusCode":"OK","statusCodeValue":200}======
2026-01-30 22:51:27.566 [http-nio-8092-exec-10] INFO  c.e.f.b.operationlog.aspect.ApiOperationLogAspect - ====== 请求开始: [热更新词典], 入参: , 请求类: com.evan.greennote.search.controller.ExtDictController, 请求方法: extDict =======
2026-01-30 22:51:27.567 [http-nio-8092-exec-10] INFO  c.e.f.b.operationlog.aspect.ApiOperationLogAspect - ====== 请求结束: [热更新词典], 耗时: 0ms, 出参: {"headers":{"ETag":["1243308403"],"Content-Type":["text/plain;charset=UTF-8"],"Last-Modified":["Sun, 25 Jan 2026 03:52:44 GMT"]},"body":"打工人\n打工魂\n社畜\n黑猴","statusCode":"OK","statusCodeValue":200}======
2026-01-30 22:52:27.356 [http-nio-8092-exec-1] INFO  c.e.f.b.operationlog.aspect.ApiOperationLogAspect - ====== 请求开始: [热更新词典], 入参: , 请求类: com.evan.greennote.search.controller.ExtDictController, 请求方法: extDict =======
2026-01-30 22:52:27.357 [http-nio-8092-exec-1] INFO  c.e.f.b.operationlog.aspect.ApiOperationLogAspect - ====== 请求结束: [热更新词典], 耗时: 1ms, 出参: {"headers":{"ETag":["1243308403"],"Content-Type":["text/plain;charset=UTF-8"],"Last-Modified":["Sun, 25 Jan 2026 03:52:44 GMT"]},"body":"打工人\n打工魂\n社畜\n黑猴","statusCode":"OK","statusCodeValue":200}======
2026-01-30 22:53:27.105 [http-nio-8092-exec-2] INFO  c.e.f.b.operationlog.aspect.ApiOperationLogAspect - ====== 请求开始: [热更新词典], 入参: , 请求类: com.evan.greennote.search.controller.ExtDictController, 请求方法: extDict =======
2026-01-30 22:53:27.106 [http-nio-8092-exec-2] INFO  c.e.f.b.operationlog.aspect.ApiOperationLogAspect - ====== 请求结束: [热更新词典], 耗时: 1ms, 出参: {"headers":{"ETag":["1243308403"],"Content-Type":["text/plain;charset=UTF-8"],"Last-Modified":["Sun, 25 Jan 2026 03:52:44 GMT"]},"body":"打工人\n打工魂\n社畜\n黑猴","statusCode":"OK","statusCodeValue":200}======
2026-01-30 22:54:26.863 [http-nio-8092-exec-3] INFO  c.e.f.b.operationlog.aspect.ApiOperationLogAspect - ====== 请求开始: [热更新词典], 入参: , 请求类: com.evan.greennote.search.controller.ExtDictController, 请求方法: extDict =======
2026-01-30 22:54:26.864 [http-nio-8092-exec-3] INFO  c.e.f.b.operationlog.aspect.ApiOperationLogAspect - ====== 请求结束: [热更新词典], 耗时: 1ms, 出参: {"headers":{"ETag":["1243308403"],"Content-Type":["text/plain;charset=UTF-8"],"Last-Modified":["Sun, 25 Jan 2026 03:52:44 GMT"]},"body":"打工人\n打工魂\n社畜\n黑猴","statusCode":"OK","statusCodeValue":200}======
2026-01-30 22:55:26.623 [http-nio-8092-exec-4] INFO  c.e.f.b.operationlog.aspect.ApiOperationLogAspect - ====== 请求开始: [热更新词典], 入参: , 请求类: com.evan.greennote.search.controller.ExtDictController, 请求方法: extDict =======
2026-01-30 22:55:26.624 [http-nio-8092-exec-4] INFO  c.e.f.b.operationlog.aspect.ApiOperationLogAspect - ====== 请求结束: [热更新词典], 耗时: 1ms, 出参: {"headers":{"ETag":["1243308403"],"Content-Type":["text/plain;charset=UTF-8"],"Last-Modified":["Sun, 25 Jan 2026 03:52:44 GMT"]},"body":"打工人\n打工魂\n社畜\n黑猴","statusCode":"OK","statusCodeValue":200}======
2026-01-30 22:56:26.390 [http-nio-8092-exec-5] INFO  c.e.f.b.operationlog.aspect.ApiOperationLogAspect - ====== 请求开始: [热更新词典], 入参: , 请求类: com.evan.greennote.search.controller.ExtDictController, 请求方法: extDict =======
2026-01-30 22:56:26.391 [http-nio-8092-exec-5] INFO  c.e.f.b.operationlog.aspect.ApiOperationLogAspect - ====== 请求结束: [热更新词典], 耗时: 1ms, 出参: {"headers":{"ETag":["1243308403"],"Content-Type":["text/plain;charset=UTF-8"],"Last-Modified":["Sun, 25 Jan 2026 03:52:44 GMT"]},"body":"打工人\n打工魂\n社畜\n黑猴","statusCode":"OK","statusCodeValue":200}======
2026-01-30 22:57:26.154 [http-nio-8092-exec-6] INFO  c.e.f.b.operationlog.aspect.ApiOperationLogAspect - ====== 请求开始: [热更新词典], 入参: , 请求类: com.evan.greennote.search.controller.ExtDictController, 请求方法: extDict =======
2026-01-30 22:57:26.155 [http-nio-8092-exec-6] INFO  c.e.f.b.operationlog.aspect.ApiOperationLogAspect - ====== 请求结束: [热更新词典], 耗时: 1ms, 出参: {"headers":{"ETag":["1243308403"],"Content-Type":["text/plain;charset=UTF-8"],"Last-Modified":["Sun, 25 Jan 2026 03:52:44 GMT"]},"body":"打工人\n打工魂\n社畜\n黑猴","statusCode":"OK","statusCodeValue":200}======
2026-01-30 22:58:25.922 [http-nio-8092-exec-7] INFO  c.e.f.b.operationlog.aspect.ApiOperationLogAspect - ====== 请求开始: [热更新词典], 入参: , 请求类: com.evan.greennote.search.controller.ExtDictController, 请求方法: extDict =======
2026-01-30 22:58:25.923 [http-nio-8092-exec-7] INFO  c.e.f.b.operationlog.aspect.ApiOperationLogAspect - ====== 请求结束: [热更新词典], 耗时: 1ms, 出参: {"headers":{"ETag":["1243308403"],"Content-Type":["text/plain;charset=UTF-8"],"Last-Modified":["Sun, 25 Jan 2026 03:52:44 GMT"]},"body":"打工人\n打工魂\n社畜\n黑猴","statusCode":"OK","statusCodeValue":200}======
2026-01-30 22:59:25.682 [http-nio-8092-exec-8] INFO  c.e.f.b.operationlog.aspect.ApiOperationLogAspect - ====== 请求开始: [热更新词典], 入参: , 请求类: com.evan.greennote.search.controller.ExtDictController, 请求方法: extDict =======
2026-01-30 22:59:25.683 [http-nio-8092-exec-8] INFO  c.e.f.b.operationlog.aspect.ApiOperationLogAspect - ====== 请求结束: [热更新词典], 耗时: 1ms, 出参: {"headers":{"ETag":["1243308403"],"Content-Type":["text/plain;charset=UTF-8"],"Last-Modified":["Sun, 25 Jan 2026 03:52:44 GMT"]},"body":"打工人\n打工魂\n社畜\n黑猴","statusCode":"OK","statusCodeValue":200}======
2026-01-30 23:00:25.469 [http-nio-8092-exec-9] INFO  c.e.f.b.operationlog.aspect.ApiOperationLogAspect - ====== 请求开始: [热更新词典], 入参: , 请求类: com.evan.greennote.search.controller.ExtDictController, 请求方法: extDict =======
2026-01-30 23:00:25.469 [http-nio-8092-exec-9] INFO  c.e.f.b.operationlog.aspect.ApiOperationLogAspect - ====== 请求结束: [热更新词典], 耗时: 0ms, 出参: {"headers":{"ETag":["1243308403"],"Content-Type":["text/plain;charset=UTF-8"],"Last-Modified":["Sun, 25 Jan 2026 03:52:44 GMT"]},"body":"打工人\n打工魂\n社畜\n黑猴","statusCode":"OK","statusCodeValue":200}======
2026-01-30 23:01:25.250 [http-nio-8092-exec-10] INFO  c.e.f.b.operationlog.aspect.ApiOperationLogAspect - ====== 请求开始: [热更新词典], 入参: , 请求类: com.evan.greennote.search.controller.ExtDictController, 请求方法: extDict =======
2026-01-30 23:01:25.251 [http-nio-8092-exec-10] INFO  c.e.f.b.operationlog.aspect.ApiOperationLogAspect - ====== 请求结束: [热更新词典], 耗时: 1ms, 出参: {"headers":{"ETag":["1243308403"],"Content-Type":["text/plain;charset=UTF-8"],"Last-Modified":["Sun, 25 Jan 2026 03:52:44 GMT"]},"body":"打工人\n打工魂\n社畜\n黑猴","statusCode":"OK","statusCodeValue":200}======
2026-01-30 23:02:25.006 [http-nio-8092-exec-1] INFO  c.e.f.b.operationlog.aspect.ApiOperationLogAspect - ====== 请求开始: [热更新词典], 入参: , 请求类: com.evan.greennote.search.controller.ExtDictController, 请求方法: extDict =======
2026-01-30 23:02:25.006 [http-nio-8092-exec-1] INFO  c.e.f.b.operationlog.aspect.ApiOperationLogAspect - ====== 请求结束: [热更新词典], 耗时: 0ms, 出参: {"headers":{"ETag":["1243308403"],"Content-Type":["text/plain;charset=UTF-8"],"Last-Modified":["Sun, 25 Jan 2026 03:52:44 GMT"]},"body":"打工人\n打工魂\n社畜\n黑猴","statusCode":"OK","statusCodeValue":200}======
2026-01-30 23:03:24.786 [http-nio-8092-exec-2] INFO  c.e.f.b.operationlog.aspect.ApiOperationLogAspect - ====== 请求开始: [热更新词典], 入参: , 请求类: com.evan.greennote.search.controller.ExtDictController, 请求方法: extDict =======
2026-01-30 23:03:24.787 [http-nio-8092-exec-2] INFO  c.e.f.b.operationlog.aspect.ApiOperationLogAspect - ====== 请求结束: [热更新词典], 耗时: 1ms, 出参: {"headers":{"ETag":["1243308403"],"Content-Type":["text/plain;charset=UTF-8"],"Last-Modified":["Sun, 25 Jan 2026 03:52:44 GMT"]},"body":"打工人\n打工魂\n社畜\n黑猴","statusCode":"OK","statusCodeValue":200}======
2026-01-30 23:04:24.514 [http-nio-8092-exec-3] INFO  c.e.f.b.operationlog.aspect.ApiOperationLogAspect - ====== 请求开始: [热更新词典], 入参: , 请求类: com.evan.greennote.search.controller.ExtDictController, 请求方法: extDict =======
2026-01-30 23:04:24.515 [http-nio-8092-exec-3] INFO  c.e.f.b.operationlog.aspect.ApiOperationLogAspect - ====== 请求结束: [热更新词典], 耗时: 0ms, 出参: {"headers":{"ETag":["1243308403"],"Content-Type":["text/plain;charset=UTF-8"],"Last-Modified":["Sun, 25 Jan 2026 03:52:44 GMT"]},"body":"打工人\n打工魂\n社畜\n黑猴","statusCode":"OK","statusCodeValue":200}======
2026-01-30 23:05:24.285 [http-nio-8092-exec-4] INFO  c.e.f.b.operationlog.aspect.ApiOperationLogAspect - ====== 请求开始: [热更新词典], 入参: , 请求类: com.evan.greennote.search.controller.ExtDictController, 请求方法: extDict =======
2026-01-30 23:05:24.286 [http-nio-8092-exec-4] INFO  c.e.f.b.operationlog.aspect.ApiOperationLogAspect - ====== 请求结束: [热更新词典], 耗时: 1ms, 出参: {"headers":{"ETag":["1243308403"],"Content-Type":["text/plain;charset=UTF-8"],"Last-Modified":["Sun, 25 Jan 2026 03:52:44 GMT"]},"body":"打工人\n打工魂\n社畜\n黑猴","statusCode":"OK","statusCodeValue":200}======
2026-01-30 23:06:24.030 [http-nio-8092-exec-5] INFO  c.e.f.b.operationlog.aspect.ApiOperationLogAspect - ====== 请求开始: [热更新词典], 入参: , 请求类: com.evan.greennote.search.controller.ExtDictController, 请求方法: extDict =======
2026-01-30 23:06:24.031 [http-nio-8092-exec-5] INFO  c.e.f.b.operationlog.aspect.ApiOperationLogAspect - ====== 请求结束: [热更新词典], 耗时: 1ms, 出参: {"headers":{"ETag":["1243308403"],"Content-Type":["text/plain;charset=UTF-8"],"Last-Modified":["Sun, 25 Jan 2026 03:52:44 GMT"]},"body":"打工人\n打工魂\n社畜\n黑猴","statusCode":"OK","statusCodeValue":200}======
2026-01-30 23:07:23.798 [http-nio-8092-exec-6] INFO  c.e.f.b.operationlog.aspect.ApiOperationLogAspect - ====== 请求开始: [热更新词典], 入参: , 请求类: com.evan.greennote.search.controller.ExtDictController, 请求方法: extDict =======
2026-01-30 23:07:23.799 [http-nio-8092-exec-6] INFO  c.e.f.b.operationlog.aspect.ApiOperationLogAspect - ====== 请求结束: [热更新词典], 耗时: 1ms, 出参: {"headers":{"ETag":["1243308403"],"Content-Type":["text/plain;charset=UTF-8"],"Last-Modified":["Sun, 25 Jan 2026 03:52:44 GMT"]},"body":"打工人\n打工魂\n社畜\n黑猴","statusCode":"OK","statusCodeValue":200}======
2026-01-30 23:08:23.529 [http-nio-8092-exec-7] INFO  c.e.f.b.operationlog.aspect.ApiOperationLogAspect - ====== 请求开始: [热更新词典], 入参: , 请求类: com.evan.greennote.search.controller.ExtDictController, 请求方法: extDict =======
2026-01-30 23:08:23.530 [http-nio-8092-exec-7] INFO  c.e.f.b.operationlog.aspect.ApiOperationLogAspect - ====== 请求结束: [热更新词典], 耗时: 1ms, 出参: {"headers":{"ETag":["1243308403"],"Content-Type":["text/plain;charset=UTF-8"],"Last-Modified":["Sun, 25 Jan 2026 03:52:44 GMT"]},"body":"打工人\n打工魂\n社畜\n黑猴","statusCode":"OK","statusCodeValue":200}======
2026-01-30 23:09:23.288 [http-nio-8092-exec-8] INFO  c.e.f.b.operationlog.aspect.ApiOperationLogAspect - ====== 请求开始: [热更新词典], 入参: , 请求类: com.evan.greennote.search.controller.ExtDictController, 请求方法: extDict =======
2026-01-30 23:09:23.289 [http-nio-8092-exec-8] INFO  c.e.f.b.operationlog.aspect.ApiOperationLogAspect - ====== 请求结束: [热更新词典], 耗时: 1ms, 出参: {"headers":{"ETag":["1243308403"],"Content-Type":["text/plain;charset=UTF-8"],"Last-Modified":["Sun, 25 Jan 2026 03:52:44 GMT"]},"body":"打工人\n打工魂\n社畜\n黑猴","statusCode":"OK","statusCodeValue":200}======
2026-01-30 23:10:23.020 [http-nio-8092-exec-9] INFO  c.e.f.b.operationlog.aspect.ApiOperationLogAspect - ====== 请求开始: [热更新词典], 入参: , 请求类: com.evan.greennote.search.controller.ExtDictController, 请求方法: extDict =======
2026-01-30 23:10:23.021 [http-nio-8092-exec-9] INFO  c.e.f.b.operationlog.aspect.ApiOperationLogAspect - ====== 请求结束: [热更新词典], 耗时: 1ms, 出参: {"headers":{"ETag":["1243308403"],"Content-Type":["text/plain;charset=UTF-8"],"Last-Modified":["Sun, 25 Jan 2026 03:52:44 GMT"]},"body":"打工人\n打工魂\n社畜\n黑猴","statusCode":"OK","statusCodeValue":200}======
2026-01-30 23:11:22.746 [http-nio-8092-exec-10] INFO  c.e.f.b.operationlog.aspect.ApiOperationLogAspect - ====== 请求开始: [热更新词典], 入参: , 请求类: com.evan.greennote.search.controller.ExtDictController, 请求方法: extDict =======
2026-01-30 23:11:22.747 [http-nio-8092-exec-10] INFO  c.e.f.b.operationlog.aspect.ApiOperationLogAspect - ====== 请求结束: [热更新词典], 耗时: 1ms, 出参: {"headers":{"ETag":["1243308403"],"Content-Type":["text/plain;charset=UTF-8"],"Last-Modified":["Sun, 25 Jan 2026 03:52:44 GMT"]},"body":"打工人\n打工魂\n社畜\n黑猴","statusCode":"OK","statusCodeValue":200}======
2026-01-30 23:12:22.492 [http-nio-8092-exec-1] INFO  c.e.f.b.operationlog.aspect.ApiOperationLogAspect - ====== 请求开始: [热更新词典], 入参: , 请求类: com.evan.greennote.search.controller.ExtDictController, 请求方法: extDict =======
2026-01-30 23:12:22.493 [http-nio-8092-exec-1] INFO  c.e.f.b.operationlog.aspect.ApiOperationLogAspect - ====== 请求结束: [热更新词典], 耗时: 1ms, 出参: {"headers":{"ETag":["1243308403"],"Content-Type":["text/plain;charset=UTF-8"],"Last-Modified":["Sun, 25 Jan 2026 03:52:44 GMT"]},"body":"打工人\n打工魂\n社畜\n黑猴","statusCode":"OK","statusCodeValue":200}======
2026-01-30 23:13:22.197 [http-nio-8092-exec-2] INFO  c.e.f.b.operationlog.aspect.ApiOperationLogAspect - ====== 请求开始: [热更新词典], 入参: , 请求类: com.evan.greennote.search.controller.ExtDictController, 请求方法: extDict =======
2026-01-30 23:13:22.197 [http-nio-8092-exec-2] INFO  c.e.f.b.operationlog.aspect.ApiOperationLogAspect - ====== 请求结束: [热更新词典], 耗时: 0ms, 出参: {"headers":{"ETag":["1243308403"],"Content-Type":["text/plain;charset=UTF-8"],"Last-Modified":["Sun, 25 Jan 2026 03:52:44 GMT"]},"body":"打工人\n打工魂\n社畜\n黑猴","statusCode":"OK","statusCodeValue":200}======
2026-01-30 23:14:21.932 [http-nio-8092-exec-3] INFO  c.e.f.b.operationlog.aspect.ApiOperationLogAspect - ====== 请求开始: [热更新词典], 入参: , 请求类: com.evan.greennote.search.controller.ExtDictController, 请求方法: extDict =======
2026-01-30 23:14:21.941 [http-nio-8092-exec-3] INFO  c.e.f.b.operationlog.aspect.ApiOperationLogAspect - ====== 请求结束: [热更新词典], 耗时: 8ms, 出参: {"headers":{"ETag":["1243308403"],"Content-Type":["text/plain;charset=UTF-8"],"Last-Modified":["Sun, 25 Jan 2026 03:52:44 GMT"]},"body":"打工人\n打工魂\n社畜\n黑猴","statusCode":"OK","statusCodeValue":200}======
2026-01-30 23:15:21.618 [http-nio-8092-exec-4] INFO  c.e.f.b.operationlog.aspect.ApiOperationLogAspect - ====== 请求开始: [热更新词典], 入参: , 请求类: com.evan.greennote.search.controller.ExtDictController, 请求方法: extDict =======
2026-01-30 23:15:21.619 [http-nio-8092-exec-4] INFO  c.e.f.b.operationlog.aspect.ApiOperationLogAspect - ====== 请求结束: [热更新词典], 耗时: 1ms, 出参: {"headers":{"ETag":["1243308403"],"Content-Type":["text/plain;charset=UTF-8"],"Last-Modified":["Sun, 25 Jan 2026 03:52:44 GMT"]},"body":"打工人\n打工魂\n社畜\n黑猴","statusCode":"OK","statusCodeValue":200}======
2026-01-30 23:16:21.339 [http-nio-8092-exec-5] INFO  c.e.f.b.operationlog.aspect.ApiOperationLogAspect - ====== 请求开始: [热更新词典], 入参: , 请求类: com.evan.greennote.search.controller.ExtDictController, 请求方法: extDict =======
2026-01-30 23:16:21.340 [http-nio-8092-exec-5] INFO  c.e.f.b.operationlog.aspect.ApiOperationLogAspect - ====== 请求结束: [热更新词典], 耗时: 1ms, 出参: {"headers":{"ETag":["1243308403"],"Content-Type":["text/plain;charset=UTF-8"],"Last-Modified":["Sun, 25 Jan 2026 03:52:44 GMT"]},"body":"打工人\n打工魂\n社畜\n黑猴","statusCode":"OK","statusCodeValue":200}======
2026-01-30 23:17:21.044 [http-nio-8092-exec-6] INFO  c.e.f.b.operationlog.aspect.ApiOperationLogAspect - ====== 请求开始: [热更新词典], 入参: , 请求类: com.evan.greennote.search.controller.ExtDictController, 请求方法: extDict =======
2026-01-30 23:17:21.045 [http-nio-8092-exec-6] INFO  c.e.f.b.operationlog.aspect.ApiOperationLogAspect - ====== 请求结束: [热更新词典], 耗时: 1ms, 出参: {"headers":{"ETag":["1243308403"],"Content-Type":["text/plain;charset=UTF-8"],"Last-Modified":["Sun, 25 Jan 2026 03:52:44 GMT"]},"body":"打工人\n打工魂\n社畜\n黑猴","statusCode":"OK","statusCodeValue":200}======
2026-01-30 23:18:20.764 [http-nio-8092-exec-7] INFO  c.e.f.b.operationlog.aspect.ApiOperationLogAspect - ====== 请求开始: [热更新词典], 入参: , 请求类: com.evan.greennote.search.controller.ExtDictController, 请求方法: extDict =======
2026-01-30 23:18:20.765 [http-nio-8092-exec-7] INFO  c.e.f.b.operationlog.aspect.ApiOperationLogAspect - ====== 请求结束: [热更新词典], 耗时: 1ms, 出参: {"headers":{"ETag":["1243308403"],"Content-Type":["text/plain;charset=UTF-8"],"Last-Modified":["Sun, 25 Jan 2026 03:52:44 GMT"]},"body":"打工人\n打工魂\n社畜\n黑猴","statusCode":"OK","statusCodeValue":200}======
2026-01-30 23:19:20.054 [http-nio-8092-exec-8] INFO  c.e.f.b.operationlog.aspect.ApiOperationLogAspect - ====== 请求开始: [热更新词典], 入参: , 请求类: com.evan.greennote.search.controller.ExtDictController, 请求方法: extDict =======
2026-01-30 23:19:20.055 [http-nio-8092-exec-8] INFO  c.e.f.b.operationlog.aspect.ApiOperationLogAspect - ====== 请求结束: [热更新词典], 耗时: 1ms, 出参: {"headers":{"ETag":["1243308403"],"Content-Type":["text/plain;charset=UTF-8"],"Last-Modified":["Sun, 25 Jan 2026 03:52:44 GMT"]},"body":"打工人\n打工魂\n社畜\n黑猴","statusCode":"OK","statusCodeValue":200}======
2026-01-30 23:20:18.962 [http-nio-8092-exec-9] INFO  c.e.f.b.operationlog.aspect.ApiOperationLogAspect - ====== 请求开始: [热更新词典], 入参: , 请求类: com.evan.greennote.search.controller.ExtDictController, 请求方法: extDict =======
2026-01-30 23:20:18.963 [http-nio-8092-exec-9] INFO  c.e.f.b.operationlog.aspect.ApiOperationLogAspect - ====== 请求结束: [热更新词典], 耗时: 1ms, 出参: {"headers":{"ETag":["1243308403"],"Content-Type":["text/plain;charset=UTF-8"],"Last-Modified":["Sun, 25 Jan 2026 03:52:44 GMT"]},"body":"打工人\n打工魂\n社畜\n黑猴","statusCode":"OK","statusCodeValue":200}======
2026-01-30 23:21:17.878 [http-nio-8092-exec-10] INFO  c.e.f.b.operationlog.aspect.ApiOperationLogAspect - ====== 请求开始: [热更新词典], 入参: , 请求类: com.evan.greennote.search.controller.ExtDictController, 请求方法: extDict =======
2026-01-30 23:21:17.880 [http-nio-8092-exec-10] INFO  c.e.f.b.operationlog.aspect.ApiOperationLogAspect - ====== 请求结束: [热更新词典], 耗时: 2ms, 出参: {"headers":{"ETag":["1243308403"],"Content-Type":["text/plain;charset=UTF-8"],"Last-Modified":["Sun, 25 Jan 2026 03:52:44 GMT"]},"body":"打工人\n打工魂\n社畜\n黑猴","statusCode":"OK","statusCodeValue":200}======
2026-01-30 23:22:16.747 [http-nio-8092-exec-1] INFO  c.e.f.b.operationlog.aspect.ApiOperationLogAspect - ====== 请求开始: [热更新词典], 入参: , 请求类: com.evan.greennote.search.controller.ExtDictController, 请求方法: extDict =======
2026-01-30 23:22:16.747 [http-nio-8092-exec-1] INFO  c.e.f.b.operationlog.aspect.ApiOperationLogAspect - ====== 请求结束: [热更新词典], 耗时: 0ms, 出参: {"headers":{"ETag":["1243308403"],"Content-Type":["text/plain;charset=UTF-8"],"Last-Modified":["Sun, 25 Jan 2026 03:52:44 GMT"]},"body":"打工人\n打工魂\n社畜\n黑猴","statusCode":"OK","statusCodeValue":200}======
2026-01-30 23:23:15.558 [http-nio-8092-exec-2] INFO  c.e.f.b.operationlog.aspect.ApiOperationLogAspect - ====== 请求开始: [热更新词典], 入参: , 请求类: com.evan.greennote.search.controller.ExtDictController, 请求方法: extDict =======
2026-01-30 23:23:15.559 [http-nio-8092-exec-2] INFO  c.e.f.b.operationlog.aspect.ApiOperationLogAspect - ====== 请求结束: [热更新词典], 耗时: 1ms, 出参: {"headers":{"ETag":["1243308403"],"Content-Type":["text/plain;charset=UTF-8"],"Last-Modified":["Sun, 25 Jan 2026 03:52:44 GMT"]},"body":"打工人\n打工魂\n社畜\n黑猴","statusCode":"OK","statusCodeValue":200}======
2026-01-30 23:24:14.432 [http-nio-8092-exec-3] INFO  c.e.f.b.operationlog.aspect.ApiOperationLogAspect - ====== 请求开始: [热更新词典], 入参: , 请求类: com.evan.greennote.search.controller.ExtDictController, 请求方法: extDict =======
2026-01-30 23:24:14.432 [http-nio-8092-exec-3] INFO  c.e.f.b.operationlog.aspect.ApiOperationLogAspect - ====== 请求结束: [热更新词典], 耗时: 0ms, 出参: {"headers":{"ETag":["1243308403"],"Content-Type":["text/plain;charset=UTF-8"],"Last-Modified":["Sun, 25 Jan 2026 03:52:44 GMT"]},"body":"打工人\n打工魂\n社畜\n黑猴","statusCode":"OK","statusCodeValue":200}======
2026-01-30 23:25:13.140 [http-nio-8092-exec-4] INFO  c.e.f.b.operationlog.aspect.ApiOperationLogAspect - ====== 请求开始: [热更新词典], 入参: , 请求类: com.evan.greennote.search.controller.ExtDictController, 请求方法: extDict =======
2026-01-30 23:25:13.141 [http-nio-8092-exec-4] INFO  c.e.f.b.operationlog.aspect.ApiOperationLogAspect - ====== 请求结束: [热更新词典], 耗时: 1ms, 出参: {"headers":{"ETag":["1243308403"],"Content-Type":["text/plain;charset=UTF-8"],"Last-Modified":["Sun, 25 Jan 2026 03:52:44 GMT"]},"body":"打工人\n打工魂\n社畜\n黑猴","statusCode":"OK","statusCodeValue":200}======
2026-01-30 23:26:11.872 [http-nio-8092-exec-5] INFO  c.e.f.b.operationlog.aspect.ApiOperationLogAspect - ====== 请求开始: [热更新词典], 入参: , 请求类: com.evan.greennote.search.controller.ExtDictController, 请求方法: extDict =======
2026-01-30 23:26:11.873 [http-nio-8092-exec-5] INFO  c.e.f.b.operationlog.aspect.ApiOperationLogAspect - ====== 请求结束: [热更新词典], 耗时: 1ms, 出参: {"headers":{"ETag":["1243308403"],"Content-Type":["text/plain;charset=UTF-8"],"Last-Modified":["Sun, 25 Jan 2026 03:52:44 GMT"]},"body":"打工人\n打工魂\n社畜\n黑猴","statusCode":"OK","statusCodeValue":200}======
2026-01-30 23:27:10.612 [http-nio-8092-exec-6] INFO  c.e.f.b.operationlog.aspect.ApiOperationLogAspect - ====== 请求开始: [热更新词典], 入参: , 请求类: com.evan.greennote.search.controller.ExtDictController, 请求方法: extDict =======
2026-01-30 23:27:10.613 [http-nio-8092-exec-6] INFO  c.e.f.b.operationlog.aspect.ApiOperationLogAspect - ====== 请求结束: [热更新词典], 耗时: 1ms, 出参: {"headers":{"ETag":["1243308403"],"Content-Type":["text/plain;charset=UTF-8"],"Last-Modified":["Sun, 25 Jan 2026 03:52:44 GMT"]},"body":"打工人\n打工魂\n社畜\n黑猴","statusCode":"OK","statusCodeValue":200}======
2026-01-30 23:28:09.301 [http-nio-8092-exec-7] INFO  c.e.f.b.operationlog.aspect.ApiOperationLogAspect - ====== 请求开始: [热更新词典], 入参: , 请求类: com.evan.greennote.search.controller.ExtDictController, 请求方法: extDict =======
2026-01-30 23:28:09.302 [http-nio-8092-exec-7] INFO  c.e.f.b.operationlog.aspect.ApiOperationLogAspect - ====== 请求结束: [热更新词典], 耗时: 1ms, 出参: {"headers":{"ETag":["1243308403"],"Content-Type":["text/plain;charset=UTF-8"],"Last-Modified":["Sun, 25 Jan 2026 03:52:44 GMT"]},"body":"打工人\n打工魂\n社畜\n黑猴","statusCode":"OK","statusCodeValue":200}======
2026-01-30 23:29:07.958 [http-nio-8092-exec-8] INFO  c.e.f.b.operationlog.aspect.ApiOperationLogAspect - ====== 请求开始: [热更新词典], 入参: , 请求类: com.evan.greennote.search.controller.ExtDictController, 请求方法: extDict =======
2026-01-30 23:29:07.959 [http-nio-8092-exec-8] INFO  c.e.f.b.operationlog.aspect.ApiOperationLogAspect - ====== 请求结束: [热更新词典], 耗时: 1ms, 出参: {"headers":{"ETag":["1243308403"],"Content-Type":["text/plain;charset=UTF-8"],"Last-Modified":["Sun, 25 Jan 2026 03:52:44 GMT"]},"body":"打工人\n打工魂\n社畜\n黑猴","statusCode":"OK","statusCodeValue":200}======
2026-01-30 23:30:06.685 [http-nio-8092-exec-9] INFO  c.e.f.b.operationlog.aspect.ApiOperationLogAspect - ====== 请求开始: [热更新词典], 入参: , 请求类: com.evan.greennote.search.controller.ExtDictController, 请求方法: extDict =======
2026-01-30 23:30:06.685 [http-nio-8092-exec-9] INFO  c.e.f.b.operationlog.aspect.ApiOperationLogAspect - ====== 请求结束: [热更新词典], 耗时: 0ms, 出参: {"headers":{"ETag":["1243308403"],"Content-Type":["text/plain;charset=UTF-8"],"Last-Modified":["Sun, 25 Jan 2026 03:52:44 GMT"]},"body":"打工人\n打工魂\n社畜\n黑猴","statusCode":"OK","statusCodeValue":200}======
2026-01-30 23:31:05.323 [http-nio-8092-exec-10] INFO  c.e.f.b.operationlog.aspect.ApiOperationLogAspect - ====== 请求开始: [热更新词典], 入参: , 请求类: com.evan.greennote.search.controller.ExtDictController, 请求方法: extDict =======
2026-01-30 23:31:05.324 [http-nio-8092-exec-10] INFO  c.e.f.b.operationlog.aspect.ApiOperationLogAspect - ====== 请求结束: [热更新词典], 耗时: 1ms, 出参: {"headers":{"ETag":["1243308403"],"Content-Type":["text/plain;charset=UTF-8"],"Last-Modified":["Sun, 25 Jan 2026 03:52:44 GMT"]},"body":"打工人\n打工魂\n社畜\n黑猴","statusCode":"OK","statusCodeValue":200}======
2026-01-30 23:32:03.886 [http-nio-8092-exec-1] INFO  c.e.f.b.operationlog.aspect.ApiOperationLogAspect - ====== 请求开始: [热更新词典], 入参: , 请求类: com.evan.greennote.search.controller.ExtDictController, 请求方法: extDict =======
2026-01-30 23:32:03.887 [http-nio-8092-exec-1] INFO  c.e.f.b.operationlog.aspect.ApiOperationLogAspect - ====== 请求结束: [热更新词典], 耗时: 1ms, 出参: {"headers":{"ETag":["1243308403"],"Content-Type":["text/plain;charset=UTF-8"],"Last-Modified":["Sun, 25 Jan 2026 03:52:44 GMT"]},"body":"打工人\n打工魂\n社畜\n黑猴","statusCode":"OK","statusCodeValue":200}======
2026-01-30 23:33:02.550 [http-nio-8092-exec-2] INFO  c.e.f.b.operationlog.aspect.ApiOperationLogAspect - ====== 请求开始: [热更新词典], 入参: , 请求类: com.evan.greennote.search.controller.ExtDictController, 请求方法: extDict =======
2026-01-30 23:33:02.551 [http-nio-8092-exec-2] INFO  c.e.f.b.operationlog.aspect.ApiOperationLogAspect - ====== 请求结束: [热更新词典], 耗时: 1ms, 出参: {"headers":{"ETag":["1243308403"],"Content-Type":["text/plain;charset=UTF-8"],"Last-Modified":["Sun, 25 Jan 2026 03:52:44 GMT"]},"body":"打工人\n打工魂\n社畜\n黑猴","statusCode":"OK","statusCodeValue":200}======
2026-01-30 23:34:01.204 [http-nio-8092-exec-3] INFO  c.e.f.b.operationlog.aspect.ApiOperationLogAspect - ====== 请求开始: [热更新词典], 入参: , 请求类: com.evan.greennote.search.controller.ExtDictController, 请求方法: extDict =======
2026-01-30 23:34:01.205 [http-nio-8092-exec-3] INFO  c.e.f.b.operationlog.aspect.ApiOperationLogAspect - ====== 请求结束: [热更新词典], 耗时: 1ms, 出参: {"headers":{"ETag":["1243308403"],"Content-Type":["text/plain;charset=UTF-8"],"Last-Modified":["Sun, 25 Jan 2026 03:52:44 GMT"]},"body":"打工人\n打工魂\n社畜\n黑猴","statusCode":"OK","statusCodeValue":200}======
2026-01-30 23:34:59.817 [http-nio-8092-exec-4] INFO  c.e.f.b.operationlog.aspect.ApiOperationLogAspect - ====== 请求开始: [热更新词典], 入参: , 请求类: com.evan.greennote.search.controller.ExtDictController, 请求方法: extDict =======
2026-01-30 23:34:59.817 [http-nio-8092-exec-4] INFO  c.e.f.b.operationlog.aspect.ApiOperationLogAspect - ====== 请求结束: [热更新词典], 耗时: 0ms, 出参: {"headers":{"ETag":["1243308403"],"Content-Type":["text/plain;charset=UTF-8"],"Last-Modified":["Sun, 25 Jan 2026 03:52:44 GMT"]},"body":"打工人\n打工魂\n社畜\n黑猴","statusCode":"OK","statusCodeValue":200}======
2026-01-30 23:35:58.400 [http-nio-8092-exec-5] INFO  c.e.f.b.operationlog.aspect.ApiOperationLogAspect - ====== 请求开始: [热更新词典], 入参: , 请求类: com.evan.greennote.search.controller.ExtDictController, 请求方法: extDict =======
2026-01-30 23:35:58.401 [http-nio-8092-exec-5] INFO  c.e.f.b.operationlog.aspect.ApiOperationLogAspect - ====== 请求结束: [热更新词典], 耗时: 1ms, 出参: {"headers":{"ETag":["1243308403"],"Content-Type":["text/plain;charset=UTF-8"],"Last-Modified":["Sun, 25 Jan 2026 03:52:44 GMT"]},"body":"打工人\n打工魂\n社畜\n黑猴","statusCode":"OK","statusCodeValue":200}======
2026-01-30 23:36:57.007 [http-nio-8092-exec-6] INFO  c.e.f.b.operationlog.aspect.ApiOperationLogAspect - ====== 请求开始: [热更新词典], 入参: , 请求类: com.evan.greennote.search.controller.ExtDictController, 请求方法: extDict =======
2026-01-30 23:36:57.007 [http-nio-8092-exec-6] INFO  c.e.f.b.operationlog.aspect.ApiOperationLogAspect - ====== 请求结束: [热更新词典], 耗时: 0ms, 出参: {"headers":{"ETag":["1243308403"],"Content-Type":["text/plain;charset=UTF-8"],"Last-Modified":["Sun, 25 Jan 2026 03:52:44 GMT"]},"body":"打工人\n打工魂\n社畜\n黑猴","statusCode":"OK","statusCodeValue":200}======
2026-01-30 23:37:55.582 [http-nio-8092-exec-7] INFO  c.e.f.b.operationlog.aspect.ApiOperationLogAspect - ====== 请求开始: [热更新词典], 入参: , 请求类: com.evan.greennote.search.controller.ExtDictController, 请求方法: extDict =======
2026-01-30 23:37:55.582 [http-nio-8092-exec-7] INFO  c.e.f.b.operationlog.aspect.ApiOperationLogAspect - ====== 请求结束: [热更新词典], 耗时: 0ms, 出参: {"headers":{"ETag":["1243308403"],"Content-Type":["text/plain;charset=UTF-8"],"Last-Modified":["Sun, 25 Jan 2026 03:52:44 GMT"]},"body":"打工人\n打工魂\n社畜\n黑猴","statusCode":"OK","statusCodeValue":200}======
2026-01-30 23:38:54.126 [http-nio-8092-exec-8] INFO  c.e.f.b.operationlog.aspect.ApiOperationLogAspect - ====== 请求开始: [热更新词典], 入参: , 请求类: com.evan.greennote.search.controller.ExtDictController, 请求方法: extDict =======
2026-01-30 23:38:54.127 [http-nio-8092-exec-8] INFO  c.e.f.b.operationlog.aspect.ApiOperationLogAspect - ====== 请求结束: [热更新词典], 耗时: 1ms, 出参: {"headers":{"ETag":["1243308403"],"Content-Type":["text/plain;charset=UTF-8"],"Last-Modified":["Sun, 25 Jan 2026 03:52:44 GMT"]},"body":"打工人\n打工魂\n社畜\n黑猴","statusCode":"OK","statusCodeValue":200}======
2026-01-30 23:39:52.681 [http-nio-8092-exec-9] INFO  c.e.f.b.operationlog.aspect.ApiOperationLogAspect - ====== 请求开始: [热更新词典], 入参: , 请求类: com.evan.greennote.search.controller.ExtDictController, 请求方法: extDict =======
2026-01-30 23:39:52.681 [http-nio-8092-exec-9] INFO  c.e.f.b.operationlog.aspect.ApiOperationLogAspect - ====== 请求结束: [热更新词典], 耗时: 0ms, 出参: {"headers":{"ETag":["1243308403"],"Content-Type":["text/plain;charset=UTF-8"],"Last-Modified":["Sun, 25 Jan 2026 03:52:44 GMT"]},"body":"打工人\n打工魂\n社畜\n黑猴","statusCode":"OK","statusCodeValue":200}======
2026-01-30 23:40:51.256 [http-nio-8092-exec-10] INFO  c.e.f.b.operationlog.aspect.ApiOperationLogAspect - ====== 请求开始: [热更新词典], 入参: , 请求类: com.evan.greennote.search.controller.ExtDictController, 请求方法: extDict =======
2026-01-30 23:40:51.257 [http-nio-8092-exec-10] INFO  c.e.f.b.operationlog.aspect.ApiOperationLogAspect - ====== 请求结束: [热更新词典], 耗时: 1ms, 出参: {"headers":{"ETag":["1243308403"],"Content-Type":["text/plain;charset=UTF-8"],"Last-Modified":["Sun, 25 Jan 2026 03:52:44 GMT"]},"body":"打工人\n打工魂\n社畜\n黑猴","statusCode":"OK","statusCodeValue":200}======
2026-01-30 23:41:49.828 [http-nio-8092-exec-1] INFO  c.e.f.b.operationlog.aspect.ApiOperationLogAspect - ====== 请求开始: [热更新词典], 入参: , 请求类: com.evan.greennote.search.controller.ExtDictController, 请求方法: extDict =======
2026-01-30 23:41:49.829 [http-nio-8092-exec-1] INFO  c.e.f.b.operationlog.aspect.ApiOperationLogAspect - ====== 请求结束: [热更新词典], 耗时: 1ms, 出参: {"headers":{"ETag":["1243308403"],"Content-Type":["text/plain;charset=UTF-8"],"Last-Modified":["Sun, 25 Jan 2026 03:52:44 GMT"]},"body":"打工人\n打工魂\n社畜\n黑猴","statusCode":"OK","statusCodeValue":200}======
2026-01-30 23:42:48.366 [http-nio-8092-exec-2] INFO  c.e.f.b.operationlog.aspect.ApiOperationLogAspect - ====== 请求开始: [热更新词典], 入参: , 请求类: com.evan.greennote.search.controller.ExtDictController, 请求方法: extDict =======
2026-01-30 23:42:48.367 [http-nio-8092-exec-2] INFO  c.e.f.b.operationlog.aspect.ApiOperationLogAspect - ====== 请求结束: [热更新词典], 耗时: 0ms, 出参: {"headers":{"ETag":["1243308403"],"Content-Type":["text/plain;charset=UTF-8"],"Last-Modified":["Sun, 25 Jan 2026 03:52:44 GMT"]},"body":"打工人\n打工魂\n社畜\n黑猴","statusCode":"OK","statusCodeValue":200}======
2026-01-30 23:43:46.887 [http-nio-8092-exec-3] INFO  c.e.f.b.operationlog.aspect.ApiOperationLogAspect - ====== 请求开始: [热更新词典], 入参: , 请求类: com.evan.greennote.search.controller.ExtDictController, 请求方法: extDict =======
2026-01-30 23:43:46.888 [http-nio-8092-exec-3] INFO  c.e.f.b.operationlog.aspect.ApiOperationLogAspect - ====== 请求结束: [热更新词典], 耗时: 1ms, 出参: {"headers":{"ETag":["1243308403"],"Content-Type":["text/plain;charset=UTF-8"],"Last-Modified":["Sun, 25 Jan 2026 03:52:44 GMT"]},"body":"打工人\n打工魂\n社畜\n黑猴","statusCode":"OK","statusCodeValue":200}======
2026-01-30 23:44:45.272 [http-nio-8092-exec-4] INFO  c.e.f.b.operationlog.aspect.ApiOperationLogAspect - ====== 请求开始: [热更新词典], 入参: , 请求类: com.evan.greennote.search.controller.ExtDictController, 请求方法: extDict =======
2026-01-30 23:44:45.273 [http-nio-8092-exec-4] INFO  c.e.f.b.operationlog.aspect.ApiOperationLogAspect - ====== 请求结束: [热更新词典], 耗时: 1ms, 出参: {"headers":{"ETag":["1243308403"],"Content-Type":["text/plain;charset=UTF-8"],"Last-Modified":["Sun, 25 Jan 2026 03:52:44 GMT"]},"body":"打工人\n打工魂\n社畜\n黑猴","statusCode":"OK","statusCodeValue":200}======
2026-01-30 23:45:43.747 [http-nio-8092-exec-5] INFO  c.e.f.b.operationlog.aspect.ApiOperationLogAspect - ====== 请求开始: [热更新词典], 入参: , 请求类: com.evan.greennote.search.controller.ExtDictController, 请求方法: extDict =======
2026-01-30 23:45:43.749 [http-nio-8092-exec-5] INFO  c.e.f.b.operationlog.aspect.ApiOperationLogAspect - ====== 请求结束: [热更新词典], 耗时: 2ms, 出参: {"headers":{"ETag":["1243308403"],"Content-Type":["text/plain;charset=UTF-8"],"Last-Modified":["Sun, 25 Jan 2026 03:52:44 GMT"]},"body":"打工人\n打工魂\n社畜\n黑猴","statusCode":"OK","statusCodeValue":200}======
2026-01-30 23:46:42.224 [http-nio-8092-exec-6] INFO  c.e.f.b.operationlog.aspect.ApiOperationLogAspect - ====== 请求开始: [热更新词典], 入参: , 请求类: com.evan.greennote.search.controller.ExtDictController, 请求方法: extDict =======
2026-01-30 23:46:42.225 [http-nio-8092-exec-6] INFO  c.e.f.b.operationlog.aspect.ApiOperationLogAspect - ====== 请求结束: [热更新词典], 耗时: 1ms, 出参: {"headers":{"ETag":["1243308403"],"Content-Type":["text/plain;charset=UTF-8"],"Last-Modified":["Sun, 25 Jan 2026 03:52:44 GMT"]},"body":"打工人\n打工魂\n社畜\n黑猴","statusCode":"OK","statusCodeValue":200}======
2026-01-30 23:47:40.655 [http-nio-8092-exec-7] INFO  c.e.f.b.operationlog.aspect.ApiOperationLogAspect - ====== 请求开始: [热更新词典], 入参: , 请求类: com.evan.greennote.search.controller.ExtDictController, 请求方法: extDict =======
2026-01-30 23:47:40.656 [http-nio-8092-exec-7] INFO  c.e.f.b.operationlog.aspect.ApiOperationLogAspect - ====== 请求结束: [热更新词典], 耗时: 1ms, 出参: {"headers":{"ETag":["1243308403"],"Content-Type":["text/plain;charset=UTF-8"],"Last-Modified":["Sun, 25 Jan 2026 03:52:44 GMT"]},"body":"打工人\n打工魂\n社畜\n黑猴","statusCode":"OK","statusCodeValue":200}======
2026-01-30 23:48:39.101 [http-nio-8092-exec-8] INFO  c.e.f.b.operationlog.aspect.ApiOperationLogAspect - ====== 请求开始: [热更新词典], 入参: , 请求类: com.evan.greennote.search.controller.ExtDictController, 请求方法: extDict =======
2026-01-30 23:48:39.102 [http-nio-8092-exec-8] INFO  c.e.f.b.operationlog.aspect.ApiOperationLogAspect - ====== 请求结束: [热更新词典], 耗时: 1ms, 出参: {"headers":{"ETag":["1243308403"],"Content-Type":["text/plain;charset=UTF-8"],"Last-Modified":["Sun, 25 Jan 2026 03:52:44 GMT"]},"body":"打工人\n打工魂\n社畜\n黑猴","statusCode":"OK","statusCodeValue":200}======
2026-01-30 23:49:37.492 [http-nio-8092-exec-9] INFO  c.e.f.b.operationlog.aspect.ApiOperationLogAspect - ====== 请求开始: [热更新词典], 入参: , 请求类: com.evan.greennote.search.controller.ExtDictController, 请求方法: extDict =======
2026-01-30 23:49:37.492 [http-nio-8092-exec-9] INFO  c.e.f.b.operationlog.aspect.ApiOperationLogAspect - ====== 请求结束: [热更新词典], 耗时: 0ms, 出参: {"headers":{"ETag":["1243308403"],"Content-Type":["text/plain;charset=UTF-8"],"Last-Modified":["Sun, 25 Jan 2026 03:52:44 GMT"]},"body":"打工人\n打工魂\n社畜\n黑猴","statusCode":"OK","statusCodeValue":200}======
2026-01-30 23:50:35.923 [http-nio-8092-exec-10] INFO  c.e.f.b.operationlog.aspect.ApiOperationLogAspect - ====== 请求开始: [热更新词典], 入参: , 请求类: com.evan.greennote.search.controller.ExtDictController, 请求方法: extDict =======
2026-01-30 23:50:35.924 [http-nio-8092-exec-10] INFO  c.e.f.b.operationlog.aspect.ApiOperationLogAspect - ====== 请求结束: [热更新词典], 耗时: 1ms, 出参: {"headers":{"ETag":["1243308403"],"Content-Type":["text/plain;charset=UTF-8"],"Last-Modified":["Sun, 25 Jan 2026 03:52:44 GMT"]},"body":"打工人\n打工魂\n社畜\n黑猴","statusCode":"OK","statusCodeValue":200}======
2026-01-30 23:51:34.332 [http-nio-8092-exec-1] INFO  c.e.f.b.operationlog.aspect.ApiOperationLogAspect - ====== 请求开始: [热更新词典], 入参: , 请求类: com.evan.greennote.search.controller.ExtDictController, 请求方法: extDict =======
2026-01-30 23:51:34.333 [http-nio-8092-exec-1] INFO  c.e.f.b.operationlog.aspect.ApiOperationLogAspect - ====== 请求结束: [热更新词典], 耗时: 1ms, 出参: {"headers":{"ETag":["1243308403"],"Content-Type":["text/plain;charset=UTF-8"],"Last-Modified":["Sun, 25 Jan 2026 03:52:44 GMT"]},"body":"打工人\n打工魂\n社畜\n黑猴","statusCode":"OK","statusCodeValue":200}======
2026-01-30 23:52:32.744 [http-nio-8092-exec-2] INFO  c.e.f.b.operationlog.aspect.ApiOperationLogAspect - ====== 请求开始: [热更新词典], 入参: , 请求类: com.evan.greennote.search.controller.ExtDictController, 请求方法: extDict =======
2026-01-30 23:52:32.744 [http-nio-8092-exec-2] INFO  c.e.f.b.operationlog.aspect.ApiOperationLogAspect - ====== 请求结束: [热更新词典], 耗时: 0ms, 出参: {"headers":{"ETag":["1243308403"],"Content-Type":["text/plain;charset=UTF-8"],"Last-Modified":["Sun, 25 Jan 2026 03:52:44 GMT"]},"body":"打工人\n打工魂\n社畜\n黑猴","statusCode":"OK","statusCodeValue":200}======
2026-01-30 23:53:31.049 [http-nio-8092-exec-3] INFO  c.e.f.b.operationlog.aspect.ApiOperationLogAspect - ====== 请求开始: [热更新词典], 入参: , 请求类: com.evan.greennote.search.controller.ExtDictController, 请求方法: extDict =======
2026-01-30 23:53:31.050 [http-nio-8092-exec-3] INFO  c.e.f.b.operationlog.aspect.ApiOperationLogAspect - ====== 请求结束: [热更新词典], 耗时: 1ms, 出参: {"headers":{"ETag":["1243308403"],"Content-Type":["text/plain;charset=UTF-8"],"Last-Modified":["Sun, 25 Jan 2026 03:52:44 GMT"]},"body":"打工人\n打工魂\n社畜\n黑猴","statusCode":"OK","statusCodeValue":200}======
2026-01-30 23:54:29.415 [http-nio-8092-exec-4] INFO  c.e.f.b.operationlog.aspect.ApiOperationLogAspect - ====== 请求开始: [热更新词典], 入参: , 请求类: com.evan.greennote.search.controller.ExtDictController, 请求方法: extDict =======
2026-01-30 23:54:29.416 [http-nio-8092-exec-4] INFO  c.e.f.b.operationlog.aspect.ApiOperationLogAspect - ====== 请求结束: [热更新词典], 耗时: 1ms, 出参: {"headers":{"ETag":["1243308403"],"Content-Type":["text/plain;charset=UTF-8"],"Last-Modified":["Sun, 25 Jan 2026 03:52:44 GMT"]},"body":"打工人\n打工魂\n社畜\n黑猴","statusCode":"OK","statusCodeValue":200}======
2026-01-30 23:55:27.773 [http-nio-8092-exec-5] INFO  c.e.f.b.operationlog.aspect.ApiOperationLogAspect - ====== 请求开始: [热更新词典], 入参: , 请求类: com.evan.greennote.search.controller.ExtDictController, 请求方法: extDict =======
2026-01-30 23:55:27.773 [http-nio-8092-exec-5] INFO  c.e.f.b.operationlog.aspect.ApiOperationLogAspect - ====== 请求结束: [热更新词典], 耗时: 0ms, 出参: {"headers":{"ETag":["1243308403"],"Content-Type":["text/plain;charset=UTF-8"],"Last-Modified":["Sun, 25 Jan 2026 03:52:44 GMT"]},"body":"打工人\n打工魂\n社畜\n黑猴","statusCode":"OK","statusCodeValue":200}======
2026-01-30 23:56:26.101 [http-nio-8092-exec-6] INFO  c.e.f.b.operationlog.aspect.ApiOperationLogAspect - ====== 请求开始: [热更新词典], 入参: , 请求类: com.evan.greennote.search.controller.ExtDictController, 请求方法: extDict =======
2026-01-30 23:56:26.102 [http-nio-8092-exec-6] INFO  c.e.f.b.operationlog.aspect.ApiOperationLogAspect - ====== 请求结束: [热更新词典], 耗时: 1ms, 出参: {"headers":{"ETag":["1243308403"],"Content-Type":["text/plain;charset=UTF-8"],"Last-Modified":["Sun, 25 Jan 2026 03:52:44 GMT"]},"body":"打工人\n打工魂\n社畜\n黑猴","statusCode":"OK","statusCodeValue":200}======
2026-01-30 23:57:24.426 [http-nio-8092-exec-7] INFO  c.e.f.b.operationlog.aspect.ApiOperationLogAspect - ====== 请求开始: [热更新词典], 入参: , 请求类: com.evan.greennote.search.controller.ExtDictController, 请求方法: extDict =======
2026-01-30 23:57:24.428 [http-nio-8092-exec-7] INFO  c.e.f.b.operationlog.aspect.ApiOperationLogAspect - ====== 请求结束: [热更新词典], 耗时: 2ms, 出参: {"headers":{"ETag":["1243308403"],"Content-Type":["text/plain;charset=UTF-8"],"Last-Modified":["Sun, 25 Jan 2026 03:52:44 GMT"]},"body":"打工人\n打工魂\n社畜\n黑猴","statusCode":"OK","statusCodeValue":200}======
2026-01-30 23:58:22.744 [http-nio-8092-exec-8] INFO  c.e.f.b.operationlog.aspect.ApiOperationLogAspect - ====== 请求开始: [热更新词典], 入参: , 请求类: com.evan.greennote.search.controller.ExtDictController, 请求方法: extDict =======
2026-01-30 23:58:22.745 [http-nio-8092-exec-8] INFO  c.e.f.b.operationlog.aspect.ApiOperationLogAspect - ====== 请求结束: [热更新词典], 耗时: 1ms, 出参: {"headers":{"ETag":["1243308403"],"Content-Type":["text/plain;charset=UTF-8"],"Last-Modified":["Sun, 25 Jan 2026 03:52:44 GMT"]},"body":"打工人\n打工魂\n社畜\n黑猴","statusCode":"OK","statusCodeValue":200}======
2026-01-30 23:59:20.993 [http-nio-8092-exec-9] INFO  c.e.f.b.operationlog.aspect.ApiOperationLogAspect - ====== 请求开始: [热更新词典], 入参: , 请求类: com.evan.greennote.search.controller.ExtDictController, 请求方法: extDict =======
2026-01-30 23:59:20.995 [http-nio-8092-exec-9] INFO  c.e.f.b.operationlog.aspect.ApiOperationLogAspect - ====== 请求结束: [热更新词典], 耗时: 2ms, 出参: {"headers":{"ETag":["1243308403"],"Content-Type":["text/plain;charset=UTF-8"],"Last-Modified":["Sun, 25 Jan 2026 03:52:44 GMT"]},"body":"打工人\n打工魂\n社畜\n黑猴","statusCode":"OK","statusCodeValue":200}======
