2026-01-27 13:04:21.127 [main] WARN  com.alibaba.nacos.client.logging.NacosLogging - Load Logback Configuration of Nacos fail, message: Could not initialize Logback Nacos logging from classpath:nacos-logback.xml
2026-01-27 13:04:21.195 [main] WARN  com.alibaba.nacos.client.logging.NacosLogging - Load Logback Configuration of Nacos fail, message: Could not initialize Logback Nacos logging from classpath:nacos-logback.xml
2026-01-27 13:04:21.734 [main] WARN  com.alibaba.nacos.client.logging.NacosLogging - Load Logback Configuration of Nacos fail, message: Could not initialize Logback Nacos logging from classpath:nacos-logback.xml
2026-01-27 13:04:21.751 [main] WARN  com.alibaba.nacos.client.logging.NacosLogging - Load Logback Configuration of Nacos fail, message: Could not initialize Logback Nacos logging from classpath:nacos-logback.xml
2026-01-27 13:04:21.753 [main] INFO  c.evan.greennote.search.GreenNoteSearchApplication - The following 1 profile is active: "dev"
2026-01-27 13:04:22.707 [main] INFO  o.springframework.cloud.context.scope.GenericScope - BeanFactory id=454da54c-bfa2-3395-9c8c-75920c148280
2026-01-27 13:04:23.334 [main] INFO  o.s.boot.web.embedded.tomcat.TomcatWebServer - Tomcat initialized with port(s): 8092 (http)
2026-01-27 13:04:23.344 [main] INFO  org.apache.catalina.core.StandardService - Starting service [Tomcat]
2026-01-27 13:04:23.345 [main] INFO  org.apache.catalina.core.StandardEngine - Starting Servlet engine: [Apache Tomcat/10.1.5]
2026-01-27 13:04:23.456 [main] INFO  o.a.c.core.ContainerBase.[Tomcat].[localhost].[/] - Initializing Spring embedded WebApplicationContext
2026-01-27 13:04:23.456 [main] INFO  o.s.b.w.s.c.ServletWebServerApplicationContext - Root WebApplicationContext: initialization completed in 1678 ms
2026-01-27 13:04:24.267 [main] INFO  c.a.d.s.b.a.DruidDataSourceAutoConfigure - Init DruidDataSource
2026-01-27 13:04:24.674 [main] INFO  com.alibaba.druid.pool.DruidDataSource - {dataSource-1} inited
2026-01-27 13:04:25.749 [main] WARN  o.s.c.l.c.LoadBalancerCacheAutoConfiguration$LoadBalancerCaffeineWarnLogger - Spring Cloud LoadBalancer is currently working with the default cache. While this cache implementation is useful for development and tests, it's recommended to use Caffeine cache in production.You can switch to using Caffeine cache, by adding it and org.springframework.cache.caffeine.CaffeineCacheManager to the classpath.
2026-01-27 13:04:25.850 [main] INFO  o.s.boot.web.embedded.tomcat.TomcatWebServer - Tomcat started on port(s): 8092 (http) with context path ''
2026-01-27 13:04:25.857 [main] WARN  com.alibaba.nacos.client.logging.NacosLogging - Load Logback Configuration of Nacos fail, message: Could not initialize Logback Nacos logging from classpath:nacos-logback.xml
2026-01-27 13:04:25.857 [main] INFO  com.alibaba.nacos.client.naming - initializer namespace from ans.namespace attribute : null
2026-01-27 13:04:25.858 [main] INFO  com.alibaba.nacos.client.naming - initializer namespace from ALIBABA_ALIWARE_NAMESPACE attribute :null
2026-01-27 13:04:25.859 [main] INFO  com.alibaba.nacos.client.naming - initializer namespace from namespace attribute :null
2026-01-27 13:04:25.883 [main] INFO  com.alibaba.nacos.client.utils.ParamUtil - [settings] [req-serv] nacos-server port:8848
2026-01-27 13:04:25.883 [main] INFO  com.alibaba.nacos.client.utils.ParamUtil - [settings] [http-client] connect timeout:1000
2026-01-27 13:04:25.884 [main] INFO  com.alibaba.nacos.client.utils.ParamUtil - PER_TASK_CONFIG_SIZE: 3000.0
2026-01-27 13:04:25.890 [main] INFO  c.a.n.p.auth.spi.client.ClientAuthPluginManager - [ClientAuthPluginManager] Load ClientAuthService com.alibaba.nacos.client.auth.impl.NacosClientAuthServiceImpl success.
2026-01-27 13:04:25.890 [main] INFO  c.a.n.p.auth.spi.client.ClientAuthPluginManager - [ClientAuthPluginManager] Load ClientAuthService com.alibaba.nacos.client.auth.ram.RamClientAuthServiceImpl success.
2026-01-27 13:04:25.896 [main] INFO  c.a.n.client.auth.ram.identify.CredentialWatcher - null No credential found
2026-01-27 13:04:25.910 [main] INFO  com.alibaba.nacos.common.remote.client - [RpcClientFactory] create a new rpc client of be3c50f2-7adc-40c7-bdb3-97d3c13e07c4
2026-01-27 13:04:25.945 [main] INFO  com.alibaba.nacos.common.remote.client - [be3c50f2-7adc-40c7-bdb3-97d3c13e07c4] RpcClient init, ServerListFactory = com.alibaba.nacos.client.naming.core.ServerListManager
2026-01-27 13:04:25.945 [main] INFO  com.alibaba.nacos.common.remote.client - [be3c50f2-7adc-40c7-bdb3-97d3c13e07c4] Registry connection listener to current client:com.alibaba.nacos.client.naming.remote.gprc.redo.NamingGrpcRedoService
2026-01-27 13:04:25.946 [main] INFO  com.alibaba.nacos.common.remote.client - [be3c50f2-7adc-40c7-bdb3-97d3c13e07c4] Register server push request handler:com.alibaba.nacos.client.naming.remote.gprc.NamingPushRequestHandler
2026-01-27 13:04:25.949 [main] INFO  com.alibaba.nacos.common.remote.client - [be3c50f2-7adc-40c7-bdb3-97d3c13e07c4] Try to connect to server on start up, server: {serverIp = '127.0.0.1', server main port = 8848}
2026-01-27 13:04:25.995 [main] INFO  c.a.nacos.common.remote.client.grpc.GrpcClient - grpc client connection server:127.0.0.1 ip,serverPort:9848,grpcTslConfig:{"sslProvider":"OPENSSL","enableTls":false,"mutualAuthEnable":false,"trustAll":false}
2026-01-27 13:04:27.029 [main] INFO  com.alibaba.nacos.common.remote.client - [be3c50f2-7adc-40c7-bdb3-97d3c13e07c4] Success to connect to server [127.0.0.1:8848] on start up, connectionId = 1769540666810_127.0.0.1_41629
2026-01-27 13:04:27.029 [com.alibaba.nacos.client.remote.worker] INFO  com.alibaba.nacos.common.remote.client - [be3c50f2-7adc-40c7-bdb3-97d3c13e07c4] Notify connected event to listeners.
2026-01-27 13:04:27.029 [com.alibaba.nacos.client.remote.worker] INFO  com.alibaba.nacos.client.naming - Grpc connection connect
2026-01-27 13:04:27.029 [main] INFO  com.alibaba.nacos.common.remote.client - [be3c50f2-7adc-40c7-bdb3-97d3c13e07c4] Register server push request handler:com.alibaba.nacos.common.remote.client.RpcClient$ConnectResetRequestHandler
2026-01-27 13:04:27.030 [main] INFO  com.alibaba.nacos.common.remote.client - [be3c50f2-7adc-40c7-bdb3-97d3c13e07c4] Register server push request handler:com.alibaba.nacos.common.remote.client.RpcClient$$Lambda$1208/0x000002a35b8a6608
2026-01-27 13:04:27.031 [main] INFO  com.alibaba.nacos.client.naming - [REGISTER-SERVICE] greennote registering service GreenNote-search with instance Instance{instanceId='null', ip='10.140.144.126', port=8092, weight=1.0, healthy=true, enabled=true, ephemeral=true, clusterName='DEFAULT', serviceName='null', metadata={IPv6=null, preserved.register.source=SPRING_CLOUD}}
2026-01-27 13:04:27.050 [main] INFO  c.a.cloud.nacos.registry.NacosServiceRegistry - nacos registry, DEFAULT_GROUP GreenNote-search 10.140.144.126:8092 register finished
2026-01-27 13:04:27.212 [main] INFO  c.evan.greennote.search.GreenNoteSearchApplication - Started GreenNoteSearchApplication in 6.785 seconds (process running for 7.377)
2026-01-27 13:05:16.531 [http-nio-8092-exec-1] INFO  o.a.c.core.ContainerBase.[Tomcat].[localhost].[/] - Initializing Spring DispatcherServlet 'dispatcherServlet'
2026-01-27 13:05:16.532 [http-nio-8092-exec-1] INFO  org.springframework.web.servlet.DispatcherServlet - Initializing Servlet 'dispatcherServlet'
2026-01-27 13:05:16.532 [http-nio-8092-exec-1] INFO  org.springframework.web.servlet.DispatcherServlet - Completed initialization in 0 ms
2026-01-27 13:05:16.570 [http-nio-8092-exec-1] INFO  c.e.f.b.operationlog.aspect.ApiOperationLogAspect - ====== 请求开始: [热更新词典], 入参: , 请求类: com.evan.greennote.search.controller.ExtDictController, 请求方法: extDict =======
2026-01-27 13:05:16.607 [http-nio-8092-exec-1] INFO  c.e.f.b.operationlog.aspect.ApiOperationLogAspect - ====== 请求结束: [热更新词典], 耗时: 29ms, 出参: {"headers":{"ETag":["1243308403"],"Content-Type":["text/plain;charset=UTF-8"],"Last-Modified":["Sun, 25 Jan 2026 03:52:44 GMT"]},"body":"打工人\n打工魂\n社畜\n黑猴","statusCode":"OK","statusCodeValue":200}======
2026-01-27 13:05:16.986 [http-nio-8092-exec-2] INFO  c.e.f.b.operationlog.aspect.ApiOperationLogAspect - ====== 请求开始: [热更新词典], 入参: , 请求类: com.evan.greennote.search.controller.ExtDictController, 请求方法: extDict =======
2026-01-27 13:05:16.986 [http-nio-8092-exec-2] INFO  c.e.f.b.operationlog.aspect.ApiOperationLogAspect - ====== 请求结束: [热更新词典], 耗时: 0ms, 出参: {"headers":{"ETag":["1243308403"],"Content-Type":["text/plain;charset=UTF-8"],"Last-Modified":["Sun, 25 Jan 2026 03:52:44 GMT"]},"body":"打工人\n打工魂\n社畜\n黑猴","statusCode":"OK","statusCodeValue":200}======
2026-01-27 13:06:16.336 [http-nio-8092-exec-4] INFO  c.e.f.b.operationlog.aspect.ApiOperationLogAspect - ====== 请求开始: [热更新词典], 入参: , 请求类: com.evan.greennote.search.controller.ExtDictController, 请求方法: extDict =======
2026-01-27 13:06:16.338 [http-nio-8092-exec-4] INFO  c.e.f.b.operationlog.aspect.ApiOperationLogAspect - ====== 请求结束: [热更新词典], 耗时: 1ms, 出参: {"headers":{"ETag":["1243308403"],"Content-Type":["text/plain;charset=UTF-8"],"Last-Modified":["Sun, 25 Jan 2026 03:52:44 GMT"]},"body":"打工人\n打工魂\n社畜\n黑猴","statusCode":"OK","statusCodeValue":200}======
2026-01-27 13:07:16.222 [http-nio-8092-exec-5] INFO  c.e.f.b.operationlog.aspect.ApiOperationLogAspect - ====== 请求开始: [热更新词典], 入参: , 请求类: com.evan.greennote.search.controller.ExtDictController, 请求方法: extDict =======
2026-01-27 13:07:16.223 [http-nio-8092-exec-5] INFO  c.e.f.b.operationlog.aspect.ApiOperationLogAspect - ====== 请求结束: [热更新词典], 耗时: 1ms, 出参: {"headers":{"ETag":["1243308403"],"Content-Type":["text/plain;charset=UTF-8"],"Last-Modified":["Sun, 25 Jan 2026 03:52:44 GMT"]},"body":"打工人\n打工魂\n社畜\n黑猴","statusCode":"OK","statusCodeValue":200}======
2026-01-27 13:08:16.111 [http-nio-8092-exec-3] INFO  c.e.f.b.operationlog.aspect.ApiOperationLogAspect - ====== 请求开始: [热更新词典], 入参: , 请求类: com.evan.greennote.search.controller.ExtDictController, 请求方法: extDict =======
2026-01-27 13:08:16.112 [http-nio-8092-exec-3] INFO  c.e.f.b.operationlog.aspect.ApiOperationLogAspect - ====== 请求结束: [热更新词典], 耗时: 1ms, 出参: {"headers":{"ETag":["1243308403"],"Content-Type":["text/plain;charset=UTF-8"],"Last-Modified":["Sun, 25 Jan 2026 03:52:44 GMT"]},"body":"打工人\n打工魂\n社畜\n黑猴","statusCode":"OK","statusCodeValue":200}======
2026-01-27 13:09:16.016 [http-nio-8092-exec-7] INFO  c.e.f.b.operationlog.aspect.ApiOperationLogAspect - ====== 请求开始: [热更新词典], 入参: , 请求类: com.evan.greennote.search.controller.ExtDictController, 请求方法: extDict =======
2026-01-27 13:09:16.017 [http-nio-8092-exec-7] INFO  c.e.f.b.operationlog.aspect.ApiOperationLogAspect - ====== 请求结束: [热更新词典], 耗时: 1ms, 出参: {"headers":{"ETag":["1243308403"],"Content-Type":["text/plain;charset=UTF-8"],"Last-Modified":["Sun, 25 Jan 2026 03:52:44 GMT"]},"body":"打工人\n打工魂\n社畜\n黑猴","statusCode":"OK","statusCodeValue":200}======
2026-01-27 13:10:15.923 [http-nio-8092-exec-8] INFO  c.e.f.b.operationlog.aspect.ApiOperationLogAspect - ====== 请求开始: [热更新词典], 入参: , 请求类: com.evan.greennote.search.controller.ExtDictController, 请求方法: extDict =======
2026-01-27 13:10:15.924 [http-nio-8092-exec-8] INFO  c.e.f.b.operationlog.aspect.ApiOperationLogAspect - ====== 请求结束: [热更新词典], 耗时: 1ms, 出参: {"headers":{"ETag":["1243308403"],"Content-Type":["text/plain;charset=UTF-8"],"Last-Modified":["Sun, 25 Jan 2026 03:52:44 GMT"]},"body":"打工人\n打工魂\n社畜\n黑猴","statusCode":"OK","statusCodeValue":200}======
2026-01-27 13:10:53.922 [scheduling-1] INFO  com.evan.greennote.search.canal.CanalSchedule - EventType: INSERT, Database: greennote, Table: t_note, Columns: {visible=0, create_time=2026-01-27 13:10:54, title=最美的风景不是诗和远方，而就在身边, type=0, is_top=0, video_uri=, is_content_empty=0, update_time=2026-01-27 13:10:54, img_uris=http://116.62.199.48:9000/weblog/c58c6db953d24922803a65ca4f79a0a9.png,http://116.62.199.48:9000/weblog/04c7312e0b4b41be996004517c247e2b.jpg, content_uuid=ce0e8195-763c-4c87-9741-5c2e83435827, creator_id=3, topic_name=, id=2016227427256135761, topic_id=3, status=1}
2026-01-27 13:11:15.833 [http-nio-8092-exec-9] INFO  c.e.f.b.operationlog.aspect.ApiOperationLogAspect - ====== 请求开始: [热更新词典], 入参: , 请求类: com.evan.greennote.search.controller.ExtDictController, 请求方法: extDict =======
2026-01-27 13:11:15.834 [http-nio-8092-exec-9] INFO  c.e.f.b.operationlog.aspect.ApiOperationLogAspect - ====== 请求结束: [热更新词典], 耗时: 1ms, 出参: {"headers":{"ETag":["1243308403"],"Content-Type":["text/plain;charset=UTF-8"],"Last-Modified":["Sun, 25 Jan 2026 03:52:44 GMT"]},"body":"打工人\n打工魂\n社畜\n黑猴","statusCode":"OK","statusCodeValue":200}======
2026-01-27 13:12:15.755 [http-nio-8092-exec-10] INFO  c.e.f.b.operationlog.aspect.ApiOperationLogAspect - ====== 请求开始: [热更新词典], 入参: , 请求类: com.evan.greennote.search.controller.ExtDictController, 请求方法: extDict =======
2026-01-27 13:12:15.756 [http-nio-8092-exec-10] INFO  c.e.f.b.operationlog.aspect.ApiOperationLogAspect - ====== 请求结束: [热更新词典], 耗时: 1ms, 出参: {"headers":{"ETag":["1243308403"],"Content-Type":["text/plain;charset=UTF-8"],"Last-Modified":["Sun, 25 Jan 2026 03:52:44 GMT"]},"body":"打工人\n打工魂\n社畜\n黑猴","statusCode":"OK","statusCodeValue":200}======
2026-01-27 13:13:15.676 [http-nio-8092-exec-1] INFO  c.e.f.b.operationlog.aspect.ApiOperationLogAspect - ====== 请求开始: [热更新词典], 入参: , 请求类: com.evan.greennote.search.controller.ExtDictController, 请求方法: extDict =======
2026-01-27 13:13:15.677 [http-nio-8092-exec-1] INFO  c.e.f.b.operationlog.aspect.ApiOperationLogAspect - ====== 请求结束: [热更新词典], 耗时: 1ms, 出参: {"headers":{"ETag":["1243308403"],"Content-Type":["text/plain;charset=UTF-8"],"Last-Modified":["Sun, 25 Jan 2026 03:52:44 GMT"]},"body":"打工人\n打工魂\n社畜\n黑猴","statusCode":"OK","statusCodeValue":200}======
2026-01-27 13:14:15.606 [http-nio-8092-exec-2] INFO  c.e.f.b.operationlog.aspect.ApiOperationLogAspect - ====== 请求开始: [热更新词典], 入参: , 请求类: com.evan.greennote.search.controller.ExtDictController, 请求方法: extDict =======
2026-01-27 13:14:15.607 [http-nio-8092-exec-2] INFO  c.e.f.b.operationlog.aspect.ApiOperationLogAspect - ====== 请求结束: [热更新词典], 耗时: 1ms, 出参: {"headers":{"ETag":["1243308403"],"Content-Type":["text/plain;charset=UTF-8"],"Last-Modified":["Sun, 25 Jan 2026 03:52:44 GMT"]},"body":"打工人\n打工魂\n社畜\n黑猴","statusCode":"OK","statusCodeValue":200}======
2026-01-27 13:15:15.541 [http-nio-8092-exec-6] INFO  c.e.f.b.operationlog.aspect.ApiOperationLogAspect - ====== 请求开始: [热更新词典], 入参: , 请求类: com.evan.greennote.search.controller.ExtDictController, 请求方法: extDict =======
2026-01-27 13:15:15.542 [http-nio-8092-exec-6] INFO  c.e.f.b.operationlog.aspect.ApiOperationLogAspect - ====== 请求结束: [热更新词典], 耗时: 0ms, 出参: {"headers":{"ETag":["1243308403"],"Content-Type":["text/plain;charset=UTF-8"],"Last-Modified":["Sun, 25 Jan 2026 03:52:44 GMT"]},"body":"打工人\n打工魂\n社畜\n黑猴","statusCode":"OK","statusCodeValue":200}======
2026-01-27 13:16:15.480 [http-nio-8092-exec-4] INFO  c.e.f.b.operationlog.aspect.ApiOperationLogAspect - ====== 请求开始: [热更新词典], 入参: , 请求类: com.evan.greennote.search.controller.ExtDictController, 请求方法: extDict =======
2026-01-27 13:16:15.481 [http-nio-8092-exec-4] INFO  c.e.f.b.operationlog.aspect.ApiOperationLogAspect - ====== 请求结束: [热更新词典], 耗时: 1ms, 出参: {"headers":{"ETag":["1243308403"],"Content-Type":["text/plain;charset=UTF-8"],"Last-Modified":["Sun, 25 Jan 2026 03:52:44 GMT"]},"body":"打工人\n打工魂\n社畜\n黑猴","statusCode":"OK","statusCodeValue":200}======
2026-01-27 13:17:15.423 [http-nio-8092-exec-5] INFO  c.e.f.b.operationlog.aspect.ApiOperationLogAspect - ====== 请求开始: [热更新词典], 入参: , 请求类: com.evan.greennote.search.controller.ExtDictController, 请求方法: extDict =======
2026-01-27 13:17:15.423 [http-nio-8092-exec-5] INFO  c.e.f.b.operationlog.aspect.ApiOperationLogAspect - ====== 请求结束: [热更新词典], 耗时: 0ms, 出参: {"headers":{"ETag":["1243308403"],"Content-Type":["text/plain;charset=UTF-8"],"Last-Modified":["Sun, 25 Jan 2026 03:52:44 GMT"]},"body":"打工人\n打工魂\n社畜\n黑猴","statusCode":"OK","statusCodeValue":200}======
2026-01-27 13:18:15.370 [http-nio-8092-exec-3] INFO  c.e.f.b.operationlog.aspect.ApiOperationLogAspect - ====== 请求开始: [热更新词典], 入参: , 请求类: com.evan.greennote.search.controller.ExtDictController, 请求方法: extDict =======
2026-01-27 13:18:15.370 [http-nio-8092-exec-3] INFO  c.e.f.b.operationlog.aspect.ApiOperationLogAspect - ====== 请求结束: [热更新词典], 耗时: 0ms, 出参: {"headers":{"ETag":["1243308403"],"Content-Type":["text/plain;charset=UTF-8"],"Last-Modified":["Sun, 25 Jan 2026 03:52:44 GMT"]},"body":"打工人\n打工魂\n社畜\n黑猴","statusCode":"OK","statusCodeValue":200}======
2026-01-27 13:19:15.320 [http-nio-8092-exec-7] INFO  c.e.f.b.operationlog.aspect.ApiOperationLogAspect - ====== 请求开始: [热更新词典], 入参: , 请求类: com.evan.greennote.search.controller.ExtDictController, 请求方法: extDict =======
2026-01-27 13:19:15.321 [http-nio-8092-exec-7] INFO  c.e.f.b.operationlog.aspect.ApiOperationLogAspect - ====== 请求结束: [热更新词典], 耗时: 1ms, 出参: {"headers":{"ETag":["1243308403"],"Content-Type":["text/plain;charset=UTF-8"],"Last-Modified":["Sun, 25 Jan 2026 03:52:44 GMT"]},"body":"打工人\n打工魂\n社畜\n黑猴","statusCode":"OK","statusCodeValue":200}======
2026-01-27 13:20:15.270 [http-nio-8092-exec-8] INFO  c.e.f.b.operationlog.aspect.ApiOperationLogAspect - ====== 请求开始: [热更新词典], 入参: , 请求类: com.evan.greennote.search.controller.ExtDictController, 请求方法: extDict =======
2026-01-27 13:20:15.271 [http-nio-8092-exec-8] INFO  c.e.f.b.operationlog.aspect.ApiOperationLogAspect - ====== 请求结束: [热更新词典], 耗时: 1ms, 出参: {"headers":{"ETag":["1243308403"],"Content-Type":["text/plain;charset=UTF-8"],"Last-Modified":["Sun, 25 Jan 2026 03:52:44 GMT"]},"body":"打工人\n打工魂\n社畜\n黑猴","statusCode":"OK","statusCodeValue":200}======
2026-01-27 13:21:15.216 [http-nio-8092-exec-9] INFO  c.e.f.b.operationlog.aspect.ApiOperationLogAspect - ====== 请求开始: [热更新词典], 入参: , 请求类: com.evan.greennote.search.controller.ExtDictController, 请求方法: extDict =======
2026-01-27 13:21:15.217 [http-nio-8092-exec-9] INFO  c.e.f.b.operationlog.aspect.ApiOperationLogAspect - ====== 请求结束: [热更新词典], 耗时: 1ms, 出参: {"headers":{"ETag":["1243308403"],"Content-Type":["text/plain;charset=UTF-8"],"Last-Modified":["Sun, 25 Jan 2026 03:52:44 GMT"]},"body":"打工人\n打工魂\n社畜\n黑猴","statusCode":"OK","statusCodeValue":200}======
2026-01-27 13:22:15.178 [http-nio-8092-exec-10] INFO  c.e.f.b.operationlog.aspect.ApiOperationLogAspect - ====== 请求开始: [热更新词典], 入参: , 请求类: com.evan.greennote.search.controller.ExtDictController, 请求方法: extDict =======
2026-01-27 13:22:15.179 [http-nio-8092-exec-10] INFO  c.e.f.b.operationlog.aspect.ApiOperationLogAspect - ====== 请求结束: [热更新词典], 耗时: 1ms, 出参: {"headers":{"ETag":["1243308403"],"Content-Type":["text/plain;charset=UTF-8"],"Last-Modified":["Sun, 25 Jan 2026 03:52:44 GMT"]},"body":"打工人\n打工魂\n社畜\n黑猴","statusCode":"OK","statusCodeValue":200}======
2026-01-27 13:23:15.117 [http-nio-8092-exec-1] INFO  c.e.f.b.operationlog.aspect.ApiOperationLogAspect - ====== 请求开始: [热更新词典], 入参: , 请求类: com.evan.greennote.search.controller.ExtDictController, 请求方法: extDict =======
2026-01-27 13:23:15.119 [http-nio-8092-exec-1] INFO  c.e.f.b.operationlog.aspect.ApiOperationLogAspect - ====== 请求结束: [热更新词典], 耗时: 1ms, 出参: {"headers":{"ETag":["1243308403"],"Content-Type":["text/plain;charset=UTF-8"],"Last-Modified":["Sun, 25 Jan 2026 03:52:44 GMT"]},"body":"打工人\n打工魂\n社畜\n黑猴","statusCode":"OK","statusCodeValue":200}======
2026-01-27 13:24:15.075 [http-nio-8092-exec-2] INFO  c.e.f.b.operationlog.aspect.ApiOperationLogAspect - ====== 请求开始: [热更新词典], 入参: , 请求类: com.evan.greennote.search.controller.ExtDictController, 请求方法: extDict =======
2026-01-27 13:24:15.075 [http-nio-8092-exec-2] INFO  c.e.f.b.operationlog.aspect.ApiOperationLogAspect - ====== 请求结束: [热更新词典], 耗时: 0ms, 出参: {"headers":{"ETag":["1243308403"],"Content-Type":["text/plain;charset=UTF-8"],"Last-Modified":["Sun, 25 Jan 2026 03:52:44 GMT"]},"body":"打工人\n打工魂\n社畜\n黑猴","statusCode":"OK","statusCodeValue":200}======
2026-01-27 13:25:15.004 [http-nio-8092-exec-6] INFO  c.e.f.b.operationlog.aspect.ApiOperationLogAspect - ====== 请求开始: [热更新词典], 入参: , 请求类: com.evan.greennote.search.controller.ExtDictController, 请求方法: extDict =======
2026-01-27 13:25:15.005 [http-nio-8092-exec-6] INFO  c.e.f.b.operationlog.aspect.ApiOperationLogAspect - ====== 请求结束: [热更新词典], 耗时: 1ms, 出参: {"headers":{"ETag":["1243308403"],"Content-Type":["text/plain;charset=UTF-8"],"Last-Modified":["Sun, 25 Jan 2026 03:52:44 GMT"]},"body":"打工人\n打工魂\n社畜\n黑猴","statusCode":"OK","statusCodeValue":200}======
2026-01-27 13:26:14.957 [http-nio-8092-exec-4] INFO  c.e.f.b.operationlog.aspect.ApiOperationLogAspect - ====== 请求开始: [热更新词典], 入参: , 请求类: com.evan.greennote.search.controller.ExtDictController, 请求方法: extDict =======
2026-01-27 13:26:14.958 [http-nio-8092-exec-4] INFO  c.e.f.b.operationlog.aspect.ApiOperationLogAspect - ====== 请求结束: [热更新词典], 耗时: 1ms, 出参: {"headers":{"ETag":["1243308403"],"Content-Type":["text/plain;charset=UTF-8"],"Last-Modified":["Sun, 25 Jan 2026 03:52:44 GMT"]},"body":"打工人\n打工魂\n社畜\n黑猴","statusCode":"OK","statusCodeValue":200}======
2026-01-27 13:27:14.872 [http-nio-8092-exec-5] INFO  c.e.f.b.operationlog.aspect.ApiOperationLogAspect - ====== 请求开始: [热更新词典], 入参: , 请求类: com.evan.greennote.search.controller.ExtDictController, 请求方法: extDict =======
2026-01-27 13:27:14.873 [http-nio-8092-exec-5] INFO  c.e.f.b.operationlog.aspect.ApiOperationLogAspect - ====== 请求结束: [热更新词典], 耗时: 1ms, 出参: {"headers":{"ETag":["1243308403"],"Content-Type":["text/plain;charset=UTF-8"],"Last-Modified":["Sun, 25 Jan 2026 03:52:44 GMT"]},"body":"打工人\n打工魂\n社畜\n黑猴","statusCode":"OK","statusCodeValue":200}======
2026-01-27 13:28:14.813 [http-nio-8092-exec-3] INFO  c.e.f.b.operationlog.aspect.ApiOperationLogAspect - ====== 请求开始: [热更新词典], 入参: , 请求类: com.evan.greennote.search.controller.ExtDictController, 请求方法: extDict =======
2026-01-27 13:28:14.814 [http-nio-8092-exec-3] INFO  c.e.f.b.operationlog.aspect.ApiOperationLogAspect - ====== 请求结束: [热更新词典], 耗时: 1ms, 出参: {"headers":{"ETag":["1243308403"],"Content-Type":["text/plain;charset=UTF-8"],"Last-Modified":["Sun, 25 Jan 2026 03:52:44 GMT"]},"body":"打工人\n打工魂\n社畜\n黑猴","statusCode":"OK","statusCodeValue":200}======
2026-01-27 13:29:14.734 [http-nio-8092-exec-7] INFO  c.e.f.b.operationlog.aspect.ApiOperationLogAspect - ====== 请求开始: [热更新词典], 入参: , 请求类: com.evan.greennote.search.controller.ExtDictController, 请求方法: extDict =======
2026-01-27 13:29:14.735 [http-nio-8092-exec-7] INFO  c.e.f.b.operationlog.aspect.ApiOperationLogAspect - ====== 请求结束: [热更新词典], 耗时: 0ms, 出参: {"headers":{"ETag":["1243308403"],"Content-Type":["text/plain;charset=UTF-8"],"Last-Modified":["Sun, 25 Jan 2026 03:52:44 GMT"]},"body":"打工人\n打工魂\n社畜\n黑猴","statusCode":"OK","statusCodeValue":200}======
2026-01-27 13:30:14.667 [http-nio-8092-exec-8] INFO  c.e.f.b.operationlog.aspect.ApiOperationLogAspect - ====== 请求开始: [热更新词典], 入参: , 请求类: com.evan.greennote.search.controller.ExtDictController, 请求方法: extDict =======
2026-01-27 13:30:14.667 [http-nio-8092-exec-8] INFO  c.e.f.b.operationlog.aspect.ApiOperationLogAspect - ====== 请求结束: [热更新词典], 耗时: 0ms, 出参: {"headers":{"ETag":["1243308403"],"Content-Type":["text/plain;charset=UTF-8"],"Last-Modified":["Sun, 25 Jan 2026 03:52:44 GMT"]},"body":"打工人\n打工魂\n社畜\n黑猴","statusCode":"OK","statusCodeValue":200}======
2026-01-27 13:31:14.591 [http-nio-8092-exec-9] INFO  c.e.f.b.operationlog.aspect.ApiOperationLogAspect - ====== 请求开始: [热更新词典], 入参: , 请求类: com.evan.greennote.search.controller.ExtDictController, 请求方法: extDict =======
2026-01-27 13:31:14.592 [http-nio-8092-exec-9] INFO  c.e.f.b.operationlog.aspect.ApiOperationLogAspect - ====== 请求结束: [热更新词典], 耗时: 0ms, 出参: {"headers":{"ETag":["1243308403"],"Content-Type":["text/plain;charset=UTF-8"],"Last-Modified":["Sun, 25 Jan 2026 03:52:44 GMT"]},"body":"打工人\n打工魂\n社畜\n黑猴","statusCode":"OK","statusCodeValue":200}======
2026-01-27 13:32:14.534 [http-nio-8092-exec-10] INFO  c.e.f.b.operationlog.aspect.ApiOperationLogAspect - ====== 请求开始: [热更新词典], 入参: , 请求类: com.evan.greennote.search.controller.ExtDictController, 请求方法: extDict =======
2026-01-27 13:32:14.536 [http-nio-8092-exec-10] INFO  c.e.f.b.operationlog.aspect.ApiOperationLogAspect - ====== 请求结束: [热更新词典], 耗时: 1ms, 出参: {"headers":{"ETag":["1243308403"],"Content-Type":["text/plain;charset=UTF-8"],"Last-Modified":["Sun, 25 Jan 2026 03:52:44 GMT"]},"body":"打工人\n打工魂\n社畜\n黑猴","statusCode":"OK","statusCodeValue":200}======
2026-01-27 13:33:14.477 [http-nio-8092-exec-1] INFO  c.e.f.b.operationlog.aspect.ApiOperationLogAspect - ====== 请求开始: [热更新词典], 入参: , 请求类: com.evan.greennote.search.controller.ExtDictController, 请求方法: extDict =======
2026-01-27 13:33:14.478 [http-nio-8092-exec-1] INFO  c.e.f.b.operationlog.aspect.ApiOperationLogAspect - ====== 请求结束: [热更新词典], 耗时: 1ms, 出参: {"headers":{"ETag":["1243308403"],"Content-Type":["text/plain;charset=UTF-8"],"Last-Modified":["Sun, 25 Jan 2026 03:52:44 GMT"]},"body":"打工人\n打工魂\n社畜\n黑猴","statusCode":"OK","statusCodeValue":200}======
2026-01-27 13:34:14.421 [http-nio-8092-exec-2] INFO  c.e.f.b.operationlog.aspect.ApiOperationLogAspect - ====== 请求开始: [热更新词典], 入参: , 请求类: com.evan.greennote.search.controller.ExtDictController, 请求方法: extDict =======
2026-01-27 13:34:14.421 [http-nio-8092-exec-2] INFO  c.e.f.b.operationlog.aspect.ApiOperationLogAspect - ====== 请求结束: [热更新词典], 耗时: 0ms, 出参: {"headers":{"ETag":["1243308403"],"Content-Type":["text/plain;charset=UTF-8"],"Last-Modified":["Sun, 25 Jan 2026 03:52:44 GMT"]},"body":"打工人\n打工魂\n社畜\n黑猴","statusCode":"OK","statusCodeValue":200}======
2026-01-27 13:35:14.370 [http-nio-8092-exec-6] INFO  c.e.f.b.operationlog.aspect.ApiOperationLogAspect - ====== 请求开始: [热更新词典], 入参: , 请求类: com.evan.greennote.search.controller.ExtDictController, 请求方法: extDict =======
2026-01-27 13:35:14.370 [http-nio-8092-exec-6] INFO  c.e.f.b.operationlog.aspect.ApiOperationLogAspect - ====== 请求结束: [热更新词典], 耗时: 0ms, 出参: {"headers":{"ETag":["1243308403"],"Content-Type":["text/plain;charset=UTF-8"],"Last-Modified":["Sun, 25 Jan 2026 03:52:44 GMT"]},"body":"打工人\n打工魂\n社畜\n黑猴","statusCode":"OK","statusCodeValue":200}======
2026-01-27 13:36:14.306 [http-nio-8092-exec-4] INFO  c.e.f.b.operationlog.aspect.ApiOperationLogAspect - ====== 请求开始: [热更新词典], 入参: , 请求类: com.evan.greennote.search.controller.ExtDictController, 请求方法: extDict =======
2026-01-27 13:36:14.307 [http-nio-8092-exec-4] INFO  c.e.f.b.operationlog.aspect.ApiOperationLogAspect - ====== 请求结束: [热更新词典], 耗时: 1ms, 出参: {"headers":{"ETag":["1243308403"],"Content-Type":["text/plain;charset=UTF-8"],"Last-Modified":["Sun, 25 Jan 2026 03:52:44 GMT"]},"body":"打工人\n打工魂\n社畜\n黑猴","statusCode":"OK","statusCodeValue":200}======
2026-01-27 13:37:14.252 [http-nio-8092-exec-5] INFO  c.e.f.b.operationlog.aspect.ApiOperationLogAspect - ====== 请求开始: [热更新词典], 入参: , 请求类: com.evan.greennote.search.controller.ExtDictController, 请求方法: extDict =======
2026-01-27 13:37:14.253 [http-nio-8092-exec-5] INFO  c.e.f.b.operationlog.aspect.ApiOperationLogAspect - ====== 请求结束: [热更新词典], 耗时: 1ms, 出参: {"headers":{"ETag":["1243308403"],"Content-Type":["text/plain;charset=UTF-8"],"Last-Modified":["Sun, 25 Jan 2026 03:52:44 GMT"]},"body":"打工人\n打工魂\n社畜\n黑猴","statusCode":"OK","statusCodeValue":200}======
2026-01-27 13:38:14.162 [http-nio-8092-exec-3] INFO  c.e.f.b.operationlog.aspect.ApiOperationLogAspect - ====== 请求开始: [热更新词典], 入参: , 请求类: com.evan.greennote.search.controller.ExtDictController, 请求方法: extDict =======
2026-01-27 13:38:14.163 [http-nio-8092-exec-3] INFO  c.e.f.b.operationlog.aspect.ApiOperationLogAspect - ====== 请求结束: [热更新词典], 耗时: 1ms, 出参: {"headers":{"ETag":["1243308403"],"Content-Type":["text/plain;charset=UTF-8"],"Last-Modified":["Sun, 25 Jan 2026 03:52:44 GMT"]},"body":"打工人\n打工魂\n社畜\n黑猴","statusCode":"OK","statusCodeValue":200}======
2026-01-27 13:39:14.078 [http-nio-8092-exec-7] INFO  c.e.f.b.operationlog.aspect.ApiOperationLogAspect - ====== 请求开始: [热更新词典], 入参: , 请求类: com.evan.greennote.search.controller.ExtDictController, 请求方法: extDict =======
2026-01-27 13:39:14.079 [http-nio-8092-exec-7] INFO  c.e.f.b.operationlog.aspect.ApiOperationLogAspect - ====== 请求结束: [热更新词典], 耗时: 1ms, 出参: {"headers":{"ETag":["1243308403"],"Content-Type":["text/plain;charset=UTF-8"],"Last-Modified":["Sun, 25 Jan 2026 03:52:44 GMT"]},"body":"打工人\n打工魂\n社畜\n黑猴","statusCode":"OK","statusCodeValue":200}======
2026-01-27 13:40:13.984 [http-nio-8092-exec-8] INFO  c.e.f.b.operationlog.aspect.ApiOperationLogAspect - ====== 请求开始: [热更新词典], 入参: , 请求类: com.evan.greennote.search.controller.ExtDictController, 请求方法: extDict =======
2026-01-27 13:40:13.985 [http-nio-8092-exec-8] INFO  c.e.f.b.operationlog.aspect.ApiOperationLogAspect - ====== 请求结束: [热更新词典], 耗时: 0ms, 出参: {"headers":{"ETag":["1243308403"],"Content-Type":["text/plain;charset=UTF-8"],"Last-Modified":["Sun, 25 Jan 2026 03:52:44 GMT"]},"body":"打工人\n打工魂\n社畜\n黑猴","statusCode":"OK","statusCodeValue":200}======
2026-01-27 13:41:13.899 [http-nio-8092-exec-9] INFO  c.e.f.b.operationlog.aspect.ApiOperationLogAspect - ====== 请求开始: [热更新词典], 入参: , 请求类: com.evan.greennote.search.controller.ExtDictController, 请求方法: extDict =======
2026-01-27 13:41:13.899 [http-nio-8092-exec-9] INFO  c.e.f.b.operationlog.aspect.ApiOperationLogAspect - ====== 请求结束: [热更新词典], 耗时: 0ms, 出参: {"headers":{"ETag":["1243308403"],"Content-Type":["text/plain;charset=UTF-8"],"Last-Modified":["Sun, 25 Jan 2026 03:52:44 GMT"]},"body":"打工人\n打工魂\n社畜\n黑猴","statusCode":"OK","statusCodeValue":200}======
2026-01-27 13:42:13.778 [http-nio-8092-exec-10] INFO  c.e.f.b.operationlog.aspect.ApiOperationLogAspect - ====== 请求开始: [热更新词典], 入参: , 请求类: com.evan.greennote.search.controller.ExtDictController, 请求方法: extDict =======
2026-01-27 13:42:13.778 [http-nio-8092-exec-10] INFO  c.e.f.b.operationlog.aspect.ApiOperationLogAspect - ====== 请求结束: [热更新词典], 耗时: 0ms, 出参: {"headers":{"ETag":["1243308403"],"Content-Type":["text/plain;charset=UTF-8"],"Last-Modified":["Sun, 25 Jan 2026 03:52:44 GMT"]},"body":"打工人\n打工魂\n社畜\n黑猴","statusCode":"OK","statusCodeValue":200}======
2026-01-27 13:43:13.673 [http-nio-8092-exec-1] INFO  c.e.f.b.operationlog.aspect.ApiOperationLogAspect - ====== 请求开始: [热更新词典], 入参: , 请求类: com.evan.greennote.search.controller.ExtDictController, 请求方法: extDict =======
2026-01-27 13:43:13.673 [http-nio-8092-exec-1] INFO  c.e.f.b.operationlog.aspect.ApiOperationLogAspect - ====== 请求结束: [热更新词典], 耗时: 1ms, 出参: {"headers":{"ETag":["1243308403"],"Content-Type":["text/plain;charset=UTF-8"],"Last-Modified":["Sun, 25 Jan 2026 03:52:44 GMT"]},"body":"打工人\n打工魂\n社畜\n黑猴","statusCode":"OK","statusCodeValue":200}======
2026-01-27 13:44:13.516 [http-nio-8092-exec-2] INFO  c.e.f.b.operationlog.aspect.ApiOperationLogAspect - ====== 请求开始: [热更新词典], 入参: , 请求类: com.evan.greennote.search.controller.ExtDictController, 请求方法: extDict =======
2026-01-27 13:44:13.517 [http-nio-8092-exec-2] INFO  c.e.f.b.operationlog.aspect.ApiOperationLogAspect - ====== 请求结束: [热更新词典], 耗时: 0ms, 出参: {"headers":{"ETag":["1243308403"],"Content-Type":["text/plain;charset=UTF-8"],"Last-Modified":["Sun, 25 Jan 2026 03:52:44 GMT"]},"body":"打工人\n打工魂\n社畜\n黑猴","statusCode":"OK","statusCodeValue":200}======
2026-01-27 13:45:13.384 [http-nio-8092-exec-6] INFO  c.e.f.b.operationlog.aspect.ApiOperationLogAspect - ====== 请求开始: [热更新词典], 入参: , 请求类: com.evan.greennote.search.controller.ExtDictController, 请求方法: extDict =======
2026-01-27 13:45:13.385 [http-nio-8092-exec-6] INFO  c.e.f.b.operationlog.aspect.ApiOperationLogAspect - ====== 请求结束: [热更新词典], 耗时: 2ms, 出参: {"headers":{"ETag":["1243308403"],"Content-Type":["text/plain;charset=UTF-8"],"Last-Modified":["Sun, 25 Jan 2026 03:52:44 GMT"]},"body":"打工人\n打工魂\n社畜\n黑猴","statusCode":"OK","statusCodeValue":200}======
2026-01-27 13:46:13.248 [http-nio-8092-exec-4] INFO  c.e.f.b.operationlog.aspect.ApiOperationLogAspect - ====== 请求开始: [热更新词典], 入参: , 请求类: com.evan.greennote.search.controller.ExtDictController, 请求方法: extDict =======
2026-01-27 13:46:13.249 [http-nio-8092-exec-4] INFO  c.e.f.b.operationlog.aspect.ApiOperationLogAspect - ====== 请求结束: [热更新词典], 耗时: 1ms, 出参: {"headers":{"ETag":["1243308403"],"Content-Type":["text/plain;charset=UTF-8"],"Last-Modified":["Sun, 25 Jan 2026 03:52:44 GMT"]},"body":"打工人\n打工魂\n社畜\n黑猴","statusCode":"OK","statusCodeValue":200}======
2026-01-27 13:47:13.124 [http-nio-8092-exec-5] INFO  c.e.f.b.operationlog.aspect.ApiOperationLogAspect - ====== 请求开始: [热更新词典], 入参: , 请求类: com.evan.greennote.search.controller.ExtDictController, 请求方法: extDict =======
2026-01-27 13:47:13.124 [http-nio-8092-exec-5] INFO  c.e.f.b.operationlog.aspect.ApiOperationLogAspect - ====== 请求结束: [热更新词典], 耗时: 0ms, 出参: {"headers":{"ETag":["1243308403"],"Content-Type":["text/plain;charset=UTF-8"],"Last-Modified":["Sun, 25 Jan 2026 03:52:44 GMT"]},"body":"打工人\n打工魂\n社畜\n黑猴","statusCode":"OK","statusCodeValue":200}======
2026-01-27 13:48:12.992 [http-nio-8092-exec-3] INFO  c.e.f.b.operationlog.aspect.ApiOperationLogAspect - ====== 请求开始: [热更新词典], 入参: , 请求类: com.evan.greennote.search.controller.ExtDictController, 请求方法: extDict =======
2026-01-27 13:48:12.993 [http-nio-8092-exec-3] INFO  c.e.f.b.operationlog.aspect.ApiOperationLogAspect - ====== 请求结束: [热更新词典], 耗时: 2ms, 出参: {"headers":{"ETag":["1243308403"],"Content-Type":["text/plain;charset=UTF-8"],"Last-Modified":["Sun, 25 Jan 2026 03:52:44 GMT"]},"body":"打工人\n打工魂\n社畜\n黑猴","statusCode":"OK","statusCodeValue":200}======
2026-01-27 13:49:12.878 [http-nio-8092-exec-7] INFO  c.e.f.b.operationlog.aspect.ApiOperationLogAspect - ====== 请求开始: [热更新词典], 入参: , 请求类: com.evan.greennote.search.controller.ExtDictController, 请求方法: extDict =======
2026-01-27 13:49:12.878 [http-nio-8092-exec-7] INFO  c.e.f.b.operationlog.aspect.ApiOperationLogAspect - ====== 请求结束: [热更新词典], 耗时: 0ms, 出参: {"headers":{"ETag":["1243308403"],"Content-Type":["text/plain;charset=UTF-8"],"Last-Modified":["Sun, 25 Jan 2026 03:52:44 GMT"]},"body":"打工人\n打工魂\n社畜\n黑猴","statusCode":"OK","statusCodeValue":200}======
2026-01-27 13:50:12.755 [http-nio-8092-exec-8] INFO  c.e.f.b.operationlog.aspect.ApiOperationLogAspect - ====== 请求开始: [热更新词典], 入参: , 请求类: com.evan.greennote.search.controller.ExtDictController, 请求方法: extDict =======
2026-01-27 13:50:12.756 [http-nio-8092-exec-8] INFO  c.e.f.b.operationlog.aspect.ApiOperationLogAspect - ====== 请求结束: [热更新词典], 耗时: 0ms, 出参: {"headers":{"ETag":["1243308403"],"Content-Type":["text/plain;charset=UTF-8"],"Last-Modified":["Sun, 25 Jan 2026 03:52:44 GMT"]},"body":"打工人\n打工魂\n社畜\n黑猴","statusCode":"OK","statusCodeValue":200}======
2026-01-27 13:51:12.642 [http-nio-8092-exec-9] INFO  c.e.f.b.operationlog.aspect.ApiOperationLogAspect - ====== 请求开始: [热更新词典], 入参: , 请求类: com.evan.greennote.search.controller.ExtDictController, 请求方法: extDict =======
2026-01-27 13:51:12.643 [http-nio-8092-exec-9] INFO  c.e.f.b.operationlog.aspect.ApiOperationLogAspect - ====== 请求结束: [热更新词典], 耗时: 1ms, 出参: {"headers":{"ETag":["1243308403"],"Content-Type":["text/plain;charset=UTF-8"],"Last-Modified":["Sun, 25 Jan 2026 03:52:44 GMT"]},"body":"打工人\n打工魂\n社畜\n黑猴","statusCode":"OK","statusCodeValue":200}======
2026-01-27 13:52:12.501 [http-nio-8092-exec-10] INFO  c.e.f.b.operationlog.aspect.ApiOperationLogAspect - ====== 请求开始: [热更新词典], 入参: , 请求类: com.evan.greennote.search.controller.ExtDictController, 请求方法: extDict =======
2026-01-27 13:52:12.501 [http-nio-8092-exec-10] INFO  c.e.f.b.operationlog.aspect.ApiOperationLogAspect - ====== 请求结束: [热更新词典], 耗时: 0ms, 出参: {"headers":{"ETag":["1243308403"],"Content-Type":["text/plain;charset=UTF-8"],"Last-Modified":["Sun, 25 Jan 2026 03:52:44 GMT"]},"body":"打工人\n打工魂\n社畜\n黑猴","statusCode":"OK","statusCodeValue":200}======
2026-01-27 13:53:12.392 [http-nio-8092-exec-1] INFO  c.e.f.b.operationlog.aspect.ApiOperationLogAspect - ====== 请求开始: [热更新词典], 入参: , 请求类: com.evan.greennote.search.controller.ExtDictController, 请求方法: extDict =======
2026-01-27 13:53:12.392 [http-nio-8092-exec-1] INFO  c.e.f.b.operationlog.aspect.ApiOperationLogAspect - ====== 请求结束: [热更新词典], 耗时: 0ms, 出参: {"headers":{"ETag":["1243308403"],"Content-Type":["text/plain;charset=UTF-8"],"Last-Modified":["Sun, 25 Jan 2026 03:52:44 GMT"]},"body":"打工人\n打工魂\n社畜\n黑猴","statusCode":"OK","statusCodeValue":200}======
2026-01-27 13:54:12.263 [http-nio-8092-exec-2] INFO  c.e.f.b.operationlog.aspect.ApiOperationLogAspect - ====== 请求开始: [热更新词典], 入参: , 请求类: com.evan.greennote.search.controller.ExtDictController, 请求方法: extDict =======
2026-01-27 13:54:12.264 [http-nio-8092-exec-2] INFO  c.e.f.b.operationlog.aspect.ApiOperationLogAspect - ====== 请求结束: [热更新词典], 耗时: 1ms, 出参: {"headers":{"ETag":["1243308403"],"Content-Type":["text/plain;charset=UTF-8"],"Last-Modified":["Sun, 25 Jan 2026 03:52:44 GMT"]},"body":"打工人\n打工魂\n社畜\n黑猴","statusCode":"OK","statusCodeValue":200}======
2026-01-27 13:55:12.149 [http-nio-8092-exec-6] INFO  c.e.f.b.operationlog.aspect.ApiOperationLogAspect - ====== 请求开始: [热更新词典], 入参: , 请求类: com.evan.greennote.search.controller.ExtDictController, 请求方法: extDict =======
2026-01-27 13:55:12.149 [http-nio-8092-exec-6] INFO  c.e.f.b.operationlog.aspect.ApiOperationLogAspect - ====== 请求结束: [热更新词典], 耗时: 0ms, 出参: {"headers":{"ETag":["1243308403"],"Content-Type":["text/plain;charset=UTF-8"],"Last-Modified":["Sun, 25 Jan 2026 03:52:44 GMT"]},"body":"打工人\n打工魂\n社畜\n黑猴","statusCode":"OK","statusCodeValue":200}======
2026-01-27 13:56:12.015 [http-nio-8092-exec-4] INFO  c.e.f.b.operationlog.aspect.ApiOperationLogAspect - ====== 请求开始: [热更新词典], 入参: , 请求类: com.evan.greennote.search.controller.ExtDictController, 请求方法: extDict =======
2026-01-27 13:56:12.016 [http-nio-8092-exec-4] INFO  c.e.f.b.operationlog.aspect.ApiOperationLogAspect - ====== 请求结束: [热更新词典], 耗时: 1ms, 出参: {"headers":{"ETag":["1243308403"],"Content-Type":["text/plain;charset=UTF-8"],"Last-Modified":["Sun, 25 Jan 2026 03:52:44 GMT"]},"body":"打工人\n打工魂\n社畜\n黑猴","statusCode":"OK","statusCodeValue":200}======
2026-01-27 13:57:11.889 [http-nio-8092-exec-5] INFO  c.e.f.b.operationlog.aspect.ApiOperationLogAspect - ====== 请求开始: [热更新词典], 入参: , 请求类: com.evan.greennote.search.controller.ExtDictController, 请求方法: extDict =======
2026-01-27 13:57:11.890 [http-nio-8092-exec-5] INFO  c.e.f.b.operationlog.aspect.ApiOperationLogAspect - ====== 请求结束: [热更新词典], 耗时: 1ms, 出参: {"headers":{"ETag":["1243308403"],"Content-Type":["text/plain;charset=UTF-8"],"Last-Modified":["Sun, 25 Jan 2026 03:52:44 GMT"]},"body":"打工人\n打工魂\n社畜\n黑猴","statusCode":"OK","statusCodeValue":200}======
2026-01-27 13:58:11.742 [http-nio-8092-exec-3] INFO  c.e.f.b.operationlog.aspect.ApiOperationLogAspect - ====== 请求开始: [热更新词典], 入参: , 请求类: com.evan.greennote.search.controller.ExtDictController, 请求方法: extDict =======
2026-01-27 13:58:11.742 [http-nio-8092-exec-3] INFO  c.e.f.b.operationlog.aspect.ApiOperationLogAspect - ====== 请求结束: [热更新词典], 耗时: 0ms, 出参: {"headers":{"ETag":["1243308403"],"Content-Type":["text/plain;charset=UTF-8"],"Last-Modified":["Sun, 25 Jan 2026 03:52:44 GMT"]},"body":"打工人\n打工魂\n社畜\n黑猴","statusCode":"OK","statusCodeValue":200}======
2026-01-27 13:59:11.608 [http-nio-8092-exec-7] INFO  c.e.f.b.operationlog.aspect.ApiOperationLogAspect - ====== 请求开始: [热更新词典], 入参: , 请求类: com.evan.greennote.search.controller.ExtDictController, 请求方法: extDict =======
2026-01-27 13:59:11.609 [http-nio-8092-exec-7] INFO  c.e.f.b.operationlog.aspect.ApiOperationLogAspect - ====== 请求结束: [热更新词典], 耗时: 0ms, 出参: {"headers":{"ETag":["1243308403"],"Content-Type":["text/plain;charset=UTF-8"],"Last-Modified":["Sun, 25 Jan 2026 03:52:44 GMT"]},"body":"打工人\n打工魂\n社畜\n黑猴","statusCode":"OK","statusCodeValue":200}======
2026-01-27 14:00:11.451 [http-nio-8092-exec-8] INFO  c.e.f.b.operationlog.aspect.ApiOperationLogAspect - ====== 请求开始: [热更新词典], 入参: , 请求类: com.evan.greennote.search.controller.ExtDictController, 请求方法: extDict =======
2026-01-27 14:00:11.452 [http-nio-8092-exec-8] INFO  c.e.f.b.operationlog.aspect.ApiOperationLogAspect - ====== 请求结束: [热更新词典], 耗时: 1ms, 出参: {"headers":{"ETag":["1243308403"],"Content-Type":["text/plain;charset=UTF-8"],"Last-Modified":["Sun, 25 Jan 2026 03:52:44 GMT"]},"body":"打工人\n打工魂\n社畜\n黑猴","statusCode":"OK","statusCodeValue":200}======
2026-01-27 14:01:11.317 [http-nio-8092-exec-9] INFO  c.e.f.b.operationlog.aspect.ApiOperationLogAspect - ====== 请求开始: [热更新词典], 入参: , 请求类: com.evan.greennote.search.controller.ExtDictController, 请求方法: extDict =======
2026-01-27 14:01:11.318 [http-nio-8092-exec-9] INFO  c.e.f.b.operationlog.aspect.ApiOperationLogAspect - ====== 请求结束: [热更新词典], 耗时: 1ms, 出参: {"headers":{"ETag":["1243308403"],"Content-Type":["text/plain;charset=UTF-8"],"Last-Modified":["Sun, 25 Jan 2026 03:52:44 GMT"]},"body":"打工人\n打工魂\n社畜\n黑猴","statusCode":"OK","statusCodeValue":200}======
2026-01-27 14:02:11.180 [http-nio-8092-exec-10] INFO  c.e.f.b.operationlog.aspect.ApiOperationLogAspect - ====== 请求开始: [热更新词典], 入参: , 请求类: com.evan.greennote.search.controller.ExtDictController, 请求方法: extDict =======
2026-01-27 14:02:11.181 [http-nio-8092-exec-10] INFO  c.e.f.b.operationlog.aspect.ApiOperationLogAspect - ====== 请求结束: [热更新词典], 耗时: 1ms, 出参: {"headers":{"ETag":["1243308403"],"Content-Type":["text/plain;charset=UTF-8"],"Last-Modified":["Sun, 25 Jan 2026 03:52:44 GMT"]},"body":"打工人\n打工魂\n社畜\n黑猴","statusCode":"OK","statusCodeValue":200}======
2026-01-27 14:03:11.012 [http-nio-8092-exec-1] INFO  c.e.f.b.operationlog.aspect.ApiOperationLogAspect - ====== 请求开始: [热更新词典], 入参: , 请求类: com.evan.greennote.search.controller.ExtDictController, 请求方法: extDict =======
2026-01-27 14:03:11.012 [http-nio-8092-exec-1] INFO  c.e.f.b.operationlog.aspect.ApiOperationLogAspect - ====== 请求结束: [热更新词典], 耗时: 0ms, 出参: {"headers":{"ETag":["1243308403"],"Content-Type":["text/plain;charset=UTF-8"],"Last-Modified":["Sun, 25 Jan 2026 03:52:44 GMT"]},"body":"打工人\n打工魂\n社畜\n黑猴","statusCode":"OK","statusCodeValue":200}======
2026-01-27 14:04:10.882 [http-nio-8092-exec-2] INFO  c.e.f.b.operationlog.aspect.ApiOperationLogAspect - ====== 请求开始: [热更新词典], 入参: , 请求类: com.evan.greennote.search.controller.ExtDictController, 请求方法: extDict =======
2026-01-27 14:04:10.883 [http-nio-8092-exec-2] INFO  c.e.f.b.operationlog.aspect.ApiOperationLogAspect - ====== 请求结束: [热更新词典], 耗时: 1ms, 出参: {"headers":{"ETag":["1243308403"],"Content-Type":["text/plain;charset=UTF-8"],"Last-Modified":["Sun, 25 Jan 2026 03:52:44 GMT"]},"body":"打工人\n打工魂\n社畜\n黑猴","statusCode":"OK","statusCodeValue":200}======
2026-01-27 14:05:06.545 [Thread-7] WARN  com.alibaba.nacos.common.notify.NotifyCenter - [NotifyCenter] Start destroying Publisher
2026-01-27 14:05:06.545 [Thread-10] WARN  c.alibaba.nacos.common.http.HttpClientBeanHolder - [HttpClientBeanHolder] Start destroying common HttpClient
2026-01-27 14:05:06.545 [Thread-7] WARN  com.alibaba.nacos.common.notify.NotifyCenter - [NotifyCenter] Destruction of the end
2026-01-27 14:05:06.546 [Thread-10] WARN  c.alibaba.nacos.common.http.HttpClientBeanHolder - [HttpClientBeanHolder] Destruction of the end
2026-01-27 14:05:06.655 [SpringApplicationShutdownHook] INFO  c.a.cloud.nacos.registry.NacosServiceRegistry - De-registering from Nacos Server now...
2026-01-27 14:05:06.656 [SpringApplicationShutdownHook] INFO  com.alibaba.nacos.client.naming - [DEREGISTER-SERVICE] greennote deregistering service GreenNote-search with instance: Instance{instanceId='null', ip='10.140.144.126', port=8092, weight=1.0, healthy=true, enabled=true, ephemeral=true, clusterName='DEFAULT', serviceName='null', metadata={}}
2026-01-27 14:05:06.659 [SpringApplicationShutdownHook] INFO  c.a.cloud.nacos.registry.NacosServiceRegistry - De-registration finished.
2026-01-27 14:05:06.661 [SpringApplicationShutdownHook] INFO  com.alibaba.nacos.client.naming - com.alibaba.nacos.client.naming.cache.ServiceInfoHolder do shutdown begin
2026-01-27 14:05:06.661 [SpringApplicationShutdownHook] INFO  com.alibaba.nacos.client.naming - com.alibaba.nacos.client.naming.backups.FailoverReactor do shutdown begin
2026-01-27 14:05:06.661 [SpringApplicationShutdownHook] INFO  com.alibaba.nacos.client.naming - com.alibaba.nacos.client.naming.backups.FailoverReactor do shutdown stop
2026-01-27 14:05:06.661 [SpringApplicationShutdownHook] INFO  com.alibaba.nacos.client.naming - com.alibaba.nacos.client.naming.cache.ServiceInfoHolder do shutdown stop
2026-01-27 14:05:06.661 [SpringApplicationShutdownHook] INFO  com.alibaba.nacos.client.naming - com.alibaba.nacos.client.naming.remote.NamingClientProxyDelegate do shutdown begin
2026-01-27 14:05:06.661 [SpringApplicationShutdownHook] INFO  com.alibaba.nacos.client.naming - com.alibaba.nacos.client.naming.core.ServiceInfoUpdateService do shutdown begin
2026-01-27 14:05:06.662 [SpringApplicationShutdownHook] INFO  com.alibaba.nacos.client.naming - com.alibaba.nacos.client.naming.core.ServiceInfoUpdateService do shutdown stop
2026-01-27 14:05:06.662 [SpringApplicationShutdownHook] INFO  com.alibaba.nacos.client.naming - com.alibaba.nacos.client.naming.core.ServerListManager do shutdown begin
2026-01-27 14:05:06.662 [SpringApplicationShutdownHook] WARN  com.alibaba.nacos.client.naming - [NamingHttpClientManager] Start destroying NacosRestTemplate
2026-01-27 14:05:06.662 [SpringApplicationShutdownHook] WARN  com.alibaba.nacos.client.naming - [NamingHttpClientManager] Destruction of the end
2026-01-27 14:05:06.662 [SpringApplicationShutdownHook] INFO  com.alibaba.nacos.client.naming - com.alibaba.nacos.client.naming.core.ServerListManager do shutdown stop
2026-01-27 14:05:06.662 [SpringApplicationShutdownHook] INFO  com.alibaba.nacos.client.naming - com.alibaba.nacos.client.naming.remote.http.NamingHttpClientProxy do shutdown begin
2026-01-27 14:05:06.662 [SpringApplicationShutdownHook] WARN  com.alibaba.nacos.client.naming - [NamingHttpClientManager] Start destroying NacosRestTemplate
2026-01-27 14:05:06.662 [SpringApplicationShutdownHook] WARN  com.alibaba.nacos.client.naming - [NamingHttpClientManager] Destruction of the end
2026-01-27 14:05:06.662 [SpringApplicationShutdownHook] INFO  com.alibaba.nacos.client.naming - com.alibaba.nacos.client.naming.remote.http.NamingHttpClientProxy do shutdown stop
2026-01-27 14:05:06.662 [SpringApplicationShutdownHook] INFO  com.alibaba.nacos.common.remote.client - Shutdown rpc client, set status to shutdown
2026-01-27 14:05:06.662 [SpringApplicationShutdownHook] INFO  com.alibaba.nacos.common.remote.client - Shutdown client event executor java.util.concurrent.ScheduledThreadPoolExecutor@633f3a9c[Running, pool size = 2, active threads = 2, queued tasks = 0, completed tasks = 0]
2026-01-27 14:05:06.662 [SpringApplicationShutdownHook] INFO  com.alibaba.nacos.common.remote.client - Close current connection 1769540666810_127.0.0.1_41629
2026-01-27 14:05:06.664 [nacos-grpc-client-executor-127.0.0.1-761] INFO  c.a.nacos.common.remote.client.grpc.GrpcClient - [1769540666810_127.0.0.1_41629]Ignore complete event,isRunning:false,isAbandon=false
2026-01-27 14:05:06.670 [SpringApplicationShutdownHook] INFO  c.a.nacos.common.remote.client.grpc.GrpcClient - Shutdown grpc executor java.util.concurrent.ThreadPoolExecutor@13ed0a0[Running, pool size = 4, active threads = 0, queued tasks = 0, completed tasks = 762]
2026-01-27 14:05:06.671 [SpringApplicationShutdownHook] INFO  com.alibaba.nacos.client.naming - Shutdown grpc redo service executor java.util.concurrent.ScheduledThreadPoolExecutor@55474bce[Running, pool size = 1, active threads = 0, queued tasks = 1, completed tasks = 1210]
2026-01-27 14:05:06.671 [SpringApplicationShutdownHook] INFO  c.a.n.client.auth.ram.identify.CredentialWatcher - [null] CredentialWatcher is stopped
2026-01-27 14:05:06.671 [SpringApplicationShutdownHook] INFO  c.a.n.client.auth.ram.identify.CredentialService - [null] CredentialService is freed
2026-01-27 14:05:06.671 [SpringApplicationShutdownHook] INFO  com.alibaba.nacos.client.naming - com.alibaba.nacos.client.naming.remote.NamingClientProxyDelegate do shutdown stop
2026-01-27 14:05:06.673 [SpringApplicationShutdownHook] INFO  com.alibaba.druid.pool.DruidDataSource - {dataSource-1} closing ...
2026-01-27 14:05:06.676 [SpringApplicationShutdownHook] INFO  com.alibaba.druid.pool.DruidDataSource - {dataSource-1} closed
