2026-02-04 23:23:27.602 [scheduling-1] ERROR o.s.s.support.TaskUtils$LoggingErrorHandler - Unexpected error occurred in scheduled task
com.alibaba.otter.canal.protocol.exception.CanalClientException: java.io.IOException: 你的主机中的软件中止了一个已建立的连接。
	at com.alibaba.otter.canal.client.impl.SimpleCanalConnector.rollback(SimpleCanalConnector.java:380)
	at com.evan.greennote.search.canal.CanalSchedule.run(CanalSchedule.java:71)
	at jdk.internal.reflect.GeneratedMethodAccessor14.invoke(Unknown Source)
	at java.base/jdk.internal.reflect.DelegatingMethodAccessorImpl.invoke(DelegatingMethodAccessorImpl.java:43)
	at java.base/java.lang.reflect.Method.invoke(Method.java:568)
	at org.springframework.scheduling.support.ScheduledMethodRunnable.run(ScheduledMethodRunnable.java:84)
	at org.springframework.scheduling.support.DelegatingErrorHandlingRunnable.run(DelegatingErrorHandlingRunnable.java:54)
	at java.base/java.util.concurrent.Executors$RunnableAdapter.call(Executors.java:539)
	at java.base/java.util.concurrent.FutureTask.runAndReset(FutureTask.java:305)
	at java.base/java.util.concurrent.ScheduledThreadPoolExecutor$ScheduledFutureTask.run(ScheduledThreadPoolExecutor.java:305)
	at java.base/java.util.concurrent.ThreadPoolExecutor.runWorker(ThreadPoolExecutor.java:1136)
	at java.base/java.util.concurrent.ThreadPoolExecutor$Worker.run(ThreadPoolExecutor.java:635)
	at java.base/java.lang.Thread.run(Thread.java:842)
Caused by: java.io.IOException: 你的主机中的软件中止了一个已建立的连接。
	at java.base/sun.nio.ch.SocketDispatcher.write0(Native Method)
	at java.base/sun.nio.ch.SocketDispatcher.write(SocketDispatcher.java:54)
	at java.base/sun.nio.ch.SocketChannelImpl.tryWrite(SocketChannelImpl.java:1315)
	at java.base/sun.nio.ch.SocketChannelImpl.blockingWriteFully(SocketChannelImpl.java:1348)
	at java.base/sun.nio.ch.SocketAdaptor$2.write(SocketAdaptor.java:224)
	at java.base/java.nio.channels.Channels$WritableByteChannelImpl.write(Channels.java:463)
	at com.alibaba.otter.canal.client.impl.SimpleCanalConnector.writeWithHeader(SimpleCanalConnector.java:405)
	at com.alibaba.otter.canal.client.impl.SimpleCanalConnector.writeWithHeader(SimpleCanalConnector.java:393)
	at com.alibaba.otter.canal.client.impl.SimpleCanalConnector.rollback(SimpleCanalConnector.java:374)
	... 12 common frames omitted
2026-02-04 23:23:27.709 [scheduling-1] ERROR com.evan.greennote.search.canal.CanalSchedule - 消费 Canal 批次数据异常
com.alibaba.otter.canal.protocol.exception.CanalClientException: java.io.IOException: 你的主机中的软件中止了一个已建立的连接。
	at com.alibaba.otter.canal.client.impl.SimpleCanalConnector.getWithoutAck(SimpleCanalConnector.java:334)
	at com.alibaba.otter.canal.client.impl.SimpleCanalConnector.getWithoutAck(SimpleCanalConnector.java:303)
	at com.evan.greennote.search.canal.CanalSchedule.run(CanalSchedule.java:49)
	at jdk.internal.reflect.GeneratedMethodAccessor14.invoke(Unknown Source)
	at java.base/jdk.internal.reflect.DelegatingMethodAccessorImpl.invoke(DelegatingMethodAccessorImpl.java:43)
	at java.base/java.lang.reflect.Method.invoke(Method.java:568)
	at org.springframework.scheduling.support.ScheduledMethodRunnable.run(ScheduledMethodRunnable.java:84)
	at org.springframework.scheduling.support.DelegatingErrorHandlingRunnable.run(DelegatingErrorHandlingRunnable.java:54)
	at java.base/java.util.concurrent.Executors$RunnableAdapter.call(Executors.java:539)
	at java.base/java.util.concurrent.FutureTask.runAndReset(FutureTask.java:305)
	at java.base/java.util.concurrent.ScheduledThreadPoolExecutor$ScheduledFutureTask.run(ScheduledThreadPoolExecutor.java:305)
	at java.base/java.util.concurrent.ThreadPoolExecutor.runWorker(ThreadPoolExecutor.java:1136)
	at java.base/java.util.concurrent.ThreadPoolExecutor$Worker.run(ThreadPoolExecutor.java:635)
	at java.base/java.lang.Thread.run(Thread.java:842)
Caused by: java.io.IOException: 你的主机中的软件中止了一个已建立的连接。
	at java.base/sun.nio.ch.SocketDispatcher.write0(Native Method)
	at java.base/sun.nio.ch.SocketDispatcher.write(SocketDispatcher.java:54)
	at java.base/sun.nio.ch.SocketChannelImpl.tryWrite(SocketChannelImpl.java:1315)
	at java.base/sun.nio.ch.SocketChannelImpl.blockingWriteFully(SocketChannelImpl.java:1348)
	at java.base/sun.nio.ch.SocketAdaptor$2.write(SocketAdaptor.java:224)
	at java.base/java.nio.channels.Channels$WritableByteChannelImpl.write(Channels.java:463)
	at com.alibaba.otter.canal.client.impl.SimpleCanalConnector.writeWithHeader(SimpleCanalConnector.java:405)
	at com.alibaba.otter.canal.client.impl.SimpleCanalConnector.writeWithHeader(SimpleCanalConnector.java:393)
	at com.alibaba.otter.canal.client.impl.SimpleCanalConnector.getWithoutAck(SimpleCanalConnector.java:319)
	... 13 common frames omitted
2026-02-04 23:23:27.709 [scheduling-1] ERROR o.s.s.support.TaskUtils$LoggingErrorHandler - Unexpected error occurred in scheduled task
com.alibaba.otter.canal.protocol.exception.CanalClientException: java.io.IOException: 你的主机中的软件中止了一个已建立的连接。
	at com.alibaba.otter.canal.client.impl.SimpleCanalConnector.rollback(SimpleCanalConnector.java:380)
	at com.evan.greennote.search.canal.CanalSchedule.run(CanalSchedule.java:71)
	at jdk.internal.reflect.GeneratedMethodAccessor14.invoke(Unknown Source)
	at java.base/jdk.internal.reflect.DelegatingMethodAccessorImpl.invoke(DelegatingMethodAccessorImpl.java:43)
	at java.base/java.lang.reflect.Method.invoke(Method.java:568)
	at org.springframework.scheduling.support.ScheduledMethodRunnable.run(ScheduledMethodRunnable.java:84)
	at org.springframework.scheduling.support.DelegatingErrorHandlingRunnable.run(DelegatingErrorHandlingRunnable.java:54)
	at java.base/java.util.concurrent.Executors$RunnableAdapter.call(Executors.java:539)
	at java.base/java.util.concurrent.FutureTask.runAndReset(FutureTask.java:305)
	at java.base/java.util.concurrent.ScheduledThreadPoolExecutor$ScheduledFutureTask.run(ScheduledThreadPoolExecutor.java:305)
	at java.base/java.util.concurrent.ThreadPoolExecutor.runWorker(ThreadPoolExecutor.java:1136)
	at java.base/java.util.concurrent.ThreadPoolExecutor$Worker.run(ThreadPoolExecutor.java:635)
	at java.base/java.lang.Thread.run(Thread.java:842)
Caused by: java.io.IOException: 你的主机中的软件中止了一个已建立的连接。
	at java.base/sun.nio.ch.SocketDispatcher.write0(Native Method)
	at java.base/sun.nio.ch.SocketDispatcher.write(SocketDispatcher.java:54)
	at java.base/sun.nio.ch.SocketChannelImpl.tryWrite(SocketChannelImpl.java:1315)
	at java.base/sun.nio.ch.SocketChannelImpl.blockingWriteFully(SocketChannelImpl.java:1348)
	at java.base/sun.nio.ch.SocketAdaptor$2.write(SocketAdaptor.java:224)
	at java.base/java.nio.channels.Channels$WritableByteChannelImpl.write(Channels.java:463)
	at com.alibaba.otter.canal.client.impl.SimpleCanalConnector.writeWithHeader(SimpleCanalConnector.java:405)
	at com.alibaba.otter.canal.client.impl.SimpleCanalConnector.writeWithHeader(SimpleCanalConnector.java:393)
	at com.alibaba.otter.canal.client.impl.SimpleCanalConnector.rollback(SimpleCanalConnector.java:374)
	... 12 common frames omitted
2026-02-04 23:23:27.819 [scheduling-1] ERROR com.evan.greennote.search.canal.CanalSchedule - 消费 Canal 批次数据异常
com.alibaba.otter.canal.protocol.exception.CanalClientException: java.io.IOException: 你的主机中的软件中止了一个已建立的连接。
	at com.alibaba.otter.canal.client.impl.SimpleCanalConnector.getWithoutAck(SimpleCanalConnector.java:334)
	at com.alibaba.otter.canal.client.impl.SimpleCanalConnector.getWithoutAck(SimpleCanalConnector.java:303)
	at com.evan.greennote.search.canal.CanalSchedule.run(CanalSchedule.java:49)
	at jdk.internal.reflect.GeneratedMethodAccessor14.invoke(Unknown Source)
	at java.base/jdk.internal.reflect.DelegatingMethodAccessorImpl.invoke(DelegatingMethodAccessorImpl.java:43)
	at java.base/java.lang.reflect.Method.invoke(Method.java:568)
	at org.springframework.scheduling.support.ScheduledMethodRunnable.run(ScheduledMethodRunnable.java:84)
	at org.springframework.scheduling.support.DelegatingErrorHandlingRunnable.run(DelegatingErrorHandlingRunnable.java:54)
	at java.base/java.util.concurrent.Executors$RunnableAdapter.call(Executors.java:539)
	at java.base/java.util.concurrent.FutureTask.runAndReset(FutureTask.java:305)
	at java.base/java.util.concurrent.ScheduledThreadPoolExecutor$ScheduledFutureTask.run(ScheduledThreadPoolExecutor.java:305)
	at java.base/java.util.concurrent.ThreadPoolExecutor.runWorker(ThreadPoolExecutor.java:1136)
	at java.base/java.util.concurrent.ThreadPoolExecutor$Worker.run(ThreadPoolExecutor.java:635)
	at java.base/java.lang.Thread.run(Thread.java:842)
Caused by: java.io.IOException: 你的主机中的软件中止了一个已建立的连接。
	at java.base/sun.nio.ch.SocketDispatcher.write0(Native Method)
	at java.base/sun.nio.ch.SocketDispatcher.write(SocketDispatcher.java:54)
	at java.base/sun.nio.ch.SocketChannelImpl.tryWrite(SocketChannelImpl.java:1315)
	at java.base/sun.nio.ch.SocketChannelImpl.blockingWriteFully(SocketChannelImpl.java:1348)
	at java.base/sun.nio.ch.SocketAdaptor$2.write(SocketAdaptor.java:224)
	at java.base/java.nio.channels.Channels$WritableByteChannelImpl.write(Channels.java:463)
	at com.alibaba.otter.canal.client.impl.SimpleCanalConnector.writeWithHeader(SimpleCanalConnector.java:405)
	at com.alibaba.otter.canal.client.impl.SimpleCanalConnector.writeWithHeader(SimpleCanalConnector.java:393)
	at com.alibaba.otter.canal.client.impl.SimpleCanalConnector.getWithoutAck(SimpleCanalConnector.java:319)
	... 13 common frames omitted
2026-02-04 23:23:27.819 [scheduling-1] ERROR o.s.s.support.TaskUtils$LoggingErrorHandler - Unexpected error occurred in scheduled task
com.alibaba.otter.canal.protocol.exception.CanalClientException: java.io.IOException: 你的主机中的软件中止了一个已建立的连接。
	at com.alibaba.otter.canal.client.impl.SimpleCanalConnector.rollback(SimpleCanalConnector.java:380)
	at com.evan.greennote.search.canal.CanalSchedule.run(CanalSchedule.java:71)
	at jdk.internal.reflect.GeneratedMethodAccessor14.invoke(Unknown Source)
	at java.base/jdk.internal.reflect.DelegatingMethodAccessorImpl.invoke(DelegatingMethodAccessorImpl.java:43)
	at java.base/java.lang.reflect.Method.invoke(Method.java:568)
	at org.springframework.scheduling.support.ScheduledMethodRunnable.run(ScheduledMethodRunnable.java:84)
	at org.springframework.scheduling.support.DelegatingErrorHandlingRunnable.run(DelegatingErrorHandlingRunnable.java:54)
	at java.base/java.util.concurrent.Executors$RunnableAdapter.call(Executors.java:539)
	at java.base/java.util.concurrent.FutureTask.runAndReset(FutureTask.java:305)
	at java.base/java.util.concurrent.ScheduledThreadPoolExecutor$ScheduledFutureTask.run(ScheduledThreadPoolExecutor.java:305)
	at java.base/java.util.concurrent.ThreadPoolExecutor.runWorker(ThreadPoolExecutor.java:1136)
	at java.base/java.util.concurrent.ThreadPoolExecutor$Worker.run(ThreadPoolExecutor.java:635)
	at java.base/java.lang.Thread.run(Thread.java:842)
Caused by: java.io.IOException: 你的主机中的软件中止了一个已建立的连接。
	at java.base/sun.nio.ch.SocketDispatcher.write0(Native Method)
	at java.base/sun.nio.ch.SocketDispatcher.write(SocketDispatcher.java:54)
	at java.base/sun.nio.ch.SocketChannelImpl.tryWrite(SocketChannelImpl.java:1315)
	at java.base/sun.nio.ch.SocketChannelImpl.blockingWriteFully(SocketChannelImpl.java:1348)
	at java.base/sun.nio.ch.SocketAdaptor$2.write(SocketAdaptor.java:224)
	at java.base/java.nio.channels.Channels$WritableByteChannelImpl.write(Channels.java:463)
	at com.alibaba.otter.canal.client.impl.SimpleCanalConnector.writeWithHeader(SimpleCanalConnector.java:405)
	at com.alibaba.otter.canal.client.impl.SimpleCanalConnector.writeWithHeader(SimpleCanalConnector.java:393)
	at com.alibaba.otter.canal.client.impl.SimpleCanalConnector.rollback(SimpleCanalConnector.java:374)
	... 12 common frames omitted
2026-02-04 23:23:27.928 [scheduling-1] ERROR com.evan.greennote.search.canal.CanalSchedule - 消费 Canal 批次数据异常
com.alibaba.otter.canal.protocol.exception.CanalClientException: java.io.IOException: 你的主机中的软件中止了一个已建立的连接。
	at com.alibaba.otter.canal.client.impl.SimpleCanalConnector.getWithoutAck(SimpleCanalConnector.java:334)
	at com.alibaba.otter.canal.client.impl.SimpleCanalConnector.getWithoutAck(SimpleCanalConnector.java:303)
	at com.evan.greennote.search.canal.CanalSchedule.run(CanalSchedule.java:49)
	at jdk.internal.reflect.GeneratedMethodAccessor14.invoke(Unknown Source)
	at java.base/jdk.internal.reflect.DelegatingMethodAccessorImpl.invoke(DelegatingMethodAccessorImpl.java:43)
	at java.base/java.lang.reflect.Method.invoke(Method.java:568)
	at org.springframework.scheduling.support.ScheduledMethodRunnable.run(ScheduledMethodRunnable.java:84)
	at org.springframework.scheduling.support.DelegatingErrorHandlingRunnable.run(DelegatingErrorHandlingRunnable.java:54)
	at java.base/java.util.concurrent.Executors$RunnableAdapter.call(Executors.java:539)
	at java.base/java.util.concurrent.FutureTask.runAndReset(FutureTask.java:305)
	at java.base/java.util.concurrent.ScheduledThreadPoolExecutor$ScheduledFutureTask.run(ScheduledThreadPoolExecutor.java:305)
	at java.base/java.util.concurrent.ThreadPoolExecutor.runWorker(ThreadPoolExecutor.java:1136)
	at java.base/java.util.concurrent.ThreadPoolExecutor$Worker.run(ThreadPoolExecutor.java:635)
	at java.base/java.lang.Thread.run(Thread.java:842)
Caused by: java.io.IOException: 你的主机中的软件中止了一个已建立的连接。
	at java.base/sun.nio.ch.SocketDispatcher.write0(Native Method)
	at java.base/sun.nio.ch.SocketDispatcher.write(SocketDispatcher.java:54)
	at java.base/sun.nio.ch.SocketChannelImpl.tryWrite(SocketChannelImpl.java:1315)
	at java.base/sun.nio.ch.SocketChannelImpl.blockingWriteFully(SocketChannelImpl.java:1348)
	at java.base/sun.nio.ch.SocketAdaptor$2.write(SocketAdaptor.java:224)
	at java.base/java.nio.channels.Channels$WritableByteChannelImpl.write(Channels.java:463)
	at com.alibaba.otter.canal.client.impl.SimpleCanalConnector.writeWithHeader(SimpleCanalConnector.java:405)
	at com.alibaba.otter.canal.client.impl.SimpleCanalConnector.writeWithHeader(SimpleCanalConnector.java:393)
	at com.alibaba.otter.canal.client.impl.SimpleCanalConnector.getWithoutAck(SimpleCanalConnector.java:319)
	... 13 common frames omitted
2026-02-04 23:23:27.928 [scheduling-1] ERROR o.s.s.support.TaskUtils$LoggingErrorHandler - Unexpected error occurred in scheduled task
com.alibaba.otter.canal.protocol.exception.CanalClientException: java.io.IOException: 你的主机中的软件中止了一个已建立的连接。
	at com.alibaba.otter.canal.client.impl.SimpleCanalConnector.rollback(SimpleCanalConnector.java:380)
	at com.evan.greennote.search.canal.CanalSchedule.run(CanalSchedule.java:71)
	at jdk.internal.reflect.GeneratedMethodAccessor14.invoke(Unknown Source)
	at java.base/jdk.internal.reflect.DelegatingMethodAccessorImpl.invoke(DelegatingMethodAccessorImpl.java:43)
	at java.base/java.lang.reflect.Method.invoke(Method.java:568)
	at org.springframework.scheduling.support.ScheduledMethodRunnable.run(ScheduledMethodRunnable.java:84)
	at org.springframework.scheduling.support.DelegatingErrorHandlingRunnable.run(DelegatingErrorHandlingRunnable.java:54)
	at java.base/java.util.concurrent.Executors$RunnableAdapter.call(Executors.java:539)
	at java.base/java.util.concurrent.FutureTask.runAndReset(FutureTask.java:305)
	at java.base/java.util.concurrent.ScheduledThreadPoolExecutor$ScheduledFutureTask.run(ScheduledThreadPoolExecutor.java:305)
	at java.base/java.util.concurrent.ThreadPoolExecutor.runWorker(ThreadPoolExecutor.java:1136)
	at java.base/java.util.concurrent.ThreadPoolExecutor$Worker.run(ThreadPoolExecutor.java:635)
	at java.base/java.lang.Thread.run(Thread.java:842)
Caused by: java.io.IOException: 你的主机中的软件中止了一个已建立的连接。
	at java.base/sun.nio.ch.SocketDispatcher.write0(Native Method)
	at java.base/sun.nio.ch.SocketDispatcher.write(SocketDispatcher.java:54)
	at java.base/sun.nio.ch.SocketChannelImpl.tryWrite(SocketChannelImpl.java:1315)
	at java.base/sun.nio.ch.SocketChannelImpl.blockingWriteFully(SocketChannelImpl.java:1348)
	at java.base/sun.nio.ch.SocketAdaptor$2.write(SocketAdaptor.java:224)
	at java.base/java.nio.channels.Channels$WritableByteChannelImpl.write(Channels.java:463)
	at com.alibaba.otter.canal.client.impl.SimpleCanalConnector.writeWithHeader(SimpleCanalConnector.java:405)
	at com.alibaba.otter.canal.client.impl.SimpleCanalConnector.writeWithHeader(SimpleCanalConnector.java:393)
	at com.alibaba.otter.canal.client.impl.SimpleCanalConnector.rollback(SimpleCanalConnector.java:374)
	... 12 common frames omitted
2026-02-04 23:23:28.036 [scheduling-1] ERROR com.evan.greennote.search.canal.CanalSchedule - 消费 Canal 批次数据异常
com.alibaba.otter.canal.protocol.exception.CanalClientException: java.io.IOException: 你的主机中的软件中止了一个已建立的连接。
	at com.alibaba.otter.canal.client.impl.SimpleCanalConnector.getWithoutAck(SimpleCanalConnector.java:334)
	at com.alibaba.otter.canal.client.impl.SimpleCanalConnector.getWithoutAck(SimpleCanalConnector.java:303)
	at com.evan.greennote.search.canal.CanalSchedule.run(CanalSchedule.java:49)
	at jdk.internal.reflect.GeneratedMethodAccessor14.invoke(Unknown Source)
	at java.base/jdk.internal.reflect.DelegatingMethodAccessorImpl.invoke(DelegatingMethodAccessorImpl.java:43)
	at java.base/java.lang.reflect.Method.invoke(Method.java:568)
	at org.springframework.scheduling.support.ScheduledMethodRunnable.run(ScheduledMethodRunnable.java:84)
	at org.springframework.scheduling.support.DelegatingErrorHandlingRunnable.run(DelegatingErrorHandlingRunnable.java:54)
	at java.base/java.util.concurrent.Executors$RunnableAdapter.call(Executors.java:539)
	at java.base/java.util.concurrent.FutureTask.runAndReset(FutureTask.java:305)
	at java.base/java.util.concurrent.ScheduledThreadPoolExecutor$ScheduledFutureTask.run(ScheduledThreadPoolExecutor.java:305)
	at java.base/java.util.concurrent.ThreadPoolExecutor.runWorker(ThreadPoolExecutor.java:1136)
	at java.base/java.util.concurrent.ThreadPoolExecutor$Worker.run(ThreadPoolExecutor.java:635)
	at java.base/java.lang.Thread.run(Thread.java:842)
Caused by: java.io.IOException: 你的主机中的软件中止了一个已建立的连接。
	at java.base/sun.nio.ch.SocketDispatcher.write0(Native Method)
	at java.base/sun.nio.ch.SocketDispatcher.write(SocketDispatcher.java:54)
	at java.base/sun.nio.ch.SocketChannelImpl.tryWrite(SocketChannelImpl.java:1315)
	at java.base/sun.nio.ch.SocketChannelImpl.blockingWriteFully(SocketChannelImpl.java:1348)
	at java.base/sun.nio.ch.SocketAdaptor$2.write(SocketAdaptor.java:224)
	at java.base/java.nio.channels.Channels$WritableByteChannelImpl.write(Channels.java:463)
	at com.alibaba.otter.canal.client.impl.SimpleCanalConnector.writeWithHeader(SimpleCanalConnector.java:405)
	at com.alibaba.otter.canal.client.impl.SimpleCanalConnector.writeWithHeader(SimpleCanalConnector.java:393)
	at com.alibaba.otter.canal.client.impl.SimpleCanalConnector.getWithoutAck(SimpleCanalConnector.java:319)
	... 13 common frames omitted
2026-02-04 23:23:28.037 [scheduling-1] ERROR o.s.s.support.TaskUtils$LoggingErrorHandler - Unexpected error occurred in scheduled task
com.alibaba.otter.canal.protocol.exception.CanalClientException: java.io.IOException: 你的主机中的软件中止了一个已建立的连接。
	at com.alibaba.otter.canal.client.impl.SimpleCanalConnector.rollback(SimpleCanalConnector.java:380)
	at com.evan.greennote.search.canal.CanalSchedule.run(CanalSchedule.java:71)
	at jdk.internal.reflect.GeneratedMethodAccessor14.invoke(Unknown Source)
	at java.base/jdk.internal.reflect.DelegatingMethodAccessorImpl.invoke(DelegatingMethodAccessorImpl.java:43)
	at java.base/java.lang.reflect.Method.invoke(Method.java:568)
	at org.springframework.scheduling.support.ScheduledMethodRunnable.run(ScheduledMethodRunnable.java:84)
	at org.springframework.scheduling.support.DelegatingErrorHandlingRunnable.run(DelegatingErrorHandlingRunnable.java:54)
	at java.base/java.util.concurrent.Executors$RunnableAdapter.call(Executors.java:539)
	at java.base/java.util.concurrent.FutureTask.runAndReset(FutureTask.java:305)
	at java.base/java.util.concurrent.ScheduledThreadPoolExecutor$ScheduledFutureTask.run(ScheduledThreadPoolExecutor.java:305)
	at java.base/java.util.concurrent.ThreadPoolExecutor.runWorker(ThreadPoolExecutor.java:1136)
	at java.base/java.util.concurrent.ThreadPoolExecutor$Worker.run(ThreadPoolExecutor.java:635)
	at java.base/java.lang.Thread.run(Thread.java:842)
Caused by: java.io.IOException: 你的主机中的软件中止了一个已建立的连接。
	at java.base/sun.nio.ch.SocketDispatcher.write0(Native Method)
	at java.base/sun.nio.ch.SocketDispatcher.write(SocketDispatcher.java:54)
	at java.base/sun.nio.ch.SocketChannelImpl.tryWrite(SocketChannelImpl.java:1315)
	at java.base/sun.nio.ch.SocketChannelImpl.blockingWriteFully(SocketChannelImpl.java:1348)
	at java.base/sun.nio.ch.SocketAdaptor$2.write(SocketAdaptor.java:224)
	at java.base/java.nio.channels.Channels$WritableByteChannelImpl.write(Channels.java:463)
	at com.alibaba.otter.canal.client.impl.SimpleCanalConnector.writeWithHeader(SimpleCanalConnector.java:405)
	at com.alibaba.otter.canal.client.impl.SimpleCanalConnector.writeWithHeader(SimpleCanalConnector.java:393)
	at com.alibaba.otter.canal.client.impl.SimpleCanalConnector.rollback(SimpleCanalConnector.java:374)
	... 12 common frames omitted
2026-02-04 23:23:28.144 [scheduling-1] ERROR com.evan.greennote.search.canal.CanalSchedule - 消费 Canal 批次数据异常
com.alibaba.otter.canal.protocol.exception.CanalClientException: java.io.IOException: 你的主机中的软件中止了一个已建立的连接。
	at com.alibaba.otter.canal.client.impl.SimpleCanalConnector.getWithoutAck(SimpleCanalConnector.java:334)
	at com.alibaba.otter.canal.client.impl.SimpleCanalConnector.getWithoutAck(SimpleCanalConnector.java:303)
	at com.evan.greennote.search.canal.CanalSchedule.run(CanalSchedule.java:49)
	at jdk.internal.reflect.GeneratedMethodAccessor14.invoke(Unknown Source)
	at java.base/jdk.internal.reflect.DelegatingMethodAccessorImpl.invoke(DelegatingMethodAccessorImpl.java:43)
	at java.base/java.lang.reflect.Method.invoke(Method.java:568)
	at org.springframework.scheduling.support.ScheduledMethodRunnable.run(ScheduledMethodRunnable.java:84)
	at org.springframework.scheduling.support.DelegatingErrorHandlingRunnable.run(DelegatingErrorHandlingRunnable.java:54)
	at java.base/java.util.concurrent.Executors$RunnableAdapter.call(Executors.java:539)
	at java.base/java.util.concurrent.FutureTask.runAndReset(FutureTask.java:305)
	at java.base/java.util.concurrent.ScheduledThreadPoolExecutor$ScheduledFutureTask.run(ScheduledThreadPoolExecutor.java:305)
	at java.base/java.util.concurrent.ThreadPoolExecutor.runWorker(ThreadPoolExecutor.java:1136)
	at java.base/java.util.concurrent.ThreadPoolExecutor$Worker.run(ThreadPoolExecutor.java:635)
	at java.base/java.lang.Thread.run(Thread.java:842)
Caused by: java.io.IOException: 你的主机中的软件中止了一个已建立的连接。
	at java.base/sun.nio.ch.SocketDispatcher.write0(Native Method)
	at java.base/sun.nio.ch.SocketDispatcher.write(SocketDispatcher.java:54)
	at java.base/sun.nio.ch.SocketChannelImpl.tryWrite(SocketChannelImpl.java:1315)
	at java.base/sun.nio.ch.SocketChannelImpl.blockingWriteFully(SocketChannelImpl.java:1348)
	at java.base/sun.nio.ch.SocketAdaptor$2.write(SocketAdaptor.java:224)
	at java.base/java.nio.channels.Channels$WritableByteChannelImpl.write(Channels.java:463)
	at com.alibaba.otter.canal.client.impl.SimpleCanalConnector.writeWithHeader(SimpleCanalConnector.java:405)
	at com.alibaba.otter.canal.client.impl.SimpleCanalConnector.writeWithHeader(SimpleCanalConnector.java:393)
	at com.alibaba.otter.canal.client.impl.SimpleCanalConnector.getWithoutAck(SimpleCanalConnector.java:319)
	... 13 common frames omitted
2026-02-04 23:23:28.144 [scheduling-1] ERROR o.s.s.support.TaskUtils$LoggingErrorHandler - Unexpected error occurred in scheduled task
com.alibaba.otter.canal.protocol.exception.CanalClientException: java.io.IOException: 你的主机中的软件中止了一个已建立的连接。
	at com.alibaba.otter.canal.client.impl.SimpleCanalConnector.rollback(SimpleCanalConnector.java:380)
	at com.evan.greennote.search.canal.CanalSchedule.run(CanalSchedule.java:71)
	at jdk.internal.reflect.GeneratedMethodAccessor14.invoke(Unknown Source)
	at java.base/jdk.internal.reflect.DelegatingMethodAccessorImpl.invoke(DelegatingMethodAccessorImpl.java:43)
	at java.base/java.lang.reflect.Method.invoke(Method.java:568)
	at org.springframework.scheduling.support.ScheduledMethodRunnable.run(ScheduledMethodRunnable.java:84)
	at org.springframework.scheduling.support.DelegatingErrorHandlingRunnable.run(DelegatingErrorHandlingRunnable.java:54)
	at java.base/java.util.concurrent.Executors$RunnableAdapter.call(Executors.java:539)
	at java.base/java.util.concurrent.FutureTask.runAndReset(FutureTask.java:305)
	at java.base/java.util.concurrent.ScheduledThreadPoolExecutor$ScheduledFutureTask.run(ScheduledThreadPoolExecutor.java:305)
	at java.base/java.util.concurrent.ThreadPoolExecutor.runWorker(ThreadPoolExecutor.java:1136)
	at java.base/java.util.concurrent.ThreadPoolExecutor$Worker.run(ThreadPoolExecutor.java:635)
	at java.base/java.lang.Thread.run(Thread.java:842)
Caused by: java.io.IOException: 你的主机中的软件中止了一个已建立的连接。
	at java.base/sun.nio.ch.SocketDispatcher.write0(Native Method)
	at java.base/sun.nio.ch.SocketDispatcher.write(SocketDispatcher.java:54)
	at java.base/sun.nio.ch.SocketChannelImpl.tryWrite(SocketChannelImpl.java:1315)
	at java.base/sun.nio.ch.SocketChannelImpl.blockingWriteFully(SocketChannelImpl.java:1348)
	at java.base/sun.nio.ch.SocketAdaptor$2.write(SocketAdaptor.java:224)
	at java.base/java.nio.channels.Channels$WritableByteChannelImpl.write(Channels.java:463)
	at com.alibaba.otter.canal.client.impl.SimpleCanalConnector.writeWithHeader(SimpleCanalConnector.java:405)
	at com.alibaba.otter.canal.client.impl.SimpleCanalConnector.writeWithHeader(SimpleCanalConnector.java:393)
	at com.alibaba.otter.canal.client.impl.SimpleCanalConnector.rollback(SimpleCanalConnector.java:374)
	... 12 common frames omitted
2026-02-04 23:23:28.253 [scheduling-1] ERROR com.evan.greennote.search.canal.CanalSchedule - 消费 Canal 批次数据异常
com.alibaba.otter.canal.protocol.exception.CanalClientException: java.io.IOException: 你的主机中的软件中止了一个已建立的连接。
	at com.alibaba.otter.canal.client.impl.SimpleCanalConnector.getWithoutAck(SimpleCanalConnector.java:334)
	at com.alibaba.otter.canal.client.impl.SimpleCanalConnector.getWithoutAck(SimpleCanalConnector.java:303)
	at com.evan.greennote.search.canal.CanalSchedule.run(CanalSchedule.java:49)
	at jdk.internal.reflect.GeneratedMethodAccessor14.invoke(Unknown Source)
	at java.base/jdk.internal.reflect.DelegatingMethodAccessorImpl.invoke(DelegatingMethodAccessorImpl.java:43)
	at java.base/java.lang.reflect.Method.invoke(Method.java:568)
	at org.springframework.scheduling.support.ScheduledMethodRunnable.run(ScheduledMethodRunnable.java:84)
	at org.springframework.scheduling.support.DelegatingErrorHandlingRunnable.run(DelegatingErrorHandlingRunnable.java:54)
	at java.base/java.util.concurrent.Executors$RunnableAdapter.call(Executors.java:539)
	at java.base/java.util.concurrent.FutureTask.runAndReset(FutureTask.java:305)
	at java.base/java.util.concurrent.ScheduledThreadPoolExecutor$ScheduledFutureTask.run(ScheduledThreadPoolExecutor.java:305)
	at java.base/java.util.concurrent.ThreadPoolExecutor.runWorker(ThreadPoolExecutor.java:1136)
	at java.base/java.util.concurrent.ThreadPoolExecutor$Worker.run(ThreadPoolExecutor.java:635)
	at java.base/java.lang.Thread.run(Thread.java:842)
Caused by: java.io.IOException: 你的主机中的软件中止了一个已建立的连接。
	at java.base/sun.nio.ch.SocketDispatcher.write0(Native Method)
	at java.base/sun.nio.ch.SocketDispatcher.write(SocketDispatcher.java:54)
	at java.base/sun.nio.ch.SocketChannelImpl.tryWrite(SocketChannelImpl.java:1315)
	at java.base/sun.nio.ch.SocketChannelImpl.blockingWriteFully(SocketChannelImpl.java:1348)
	at java.base/sun.nio.ch.SocketAdaptor$2.write(SocketAdaptor.java:224)
	at java.base/java.nio.channels.Channels$WritableByteChannelImpl.write(Channels.java:463)
	at com.alibaba.otter.canal.client.impl.SimpleCanalConnector.writeWithHeader(SimpleCanalConnector.java:405)
	at com.alibaba.otter.canal.client.impl.SimpleCanalConnector.writeWithHeader(SimpleCanalConnector.java:393)
	at com.alibaba.otter.canal.client.impl.SimpleCanalConnector.getWithoutAck(SimpleCanalConnector.java:319)
	... 13 common frames omitted
2026-02-04 23:23:28.253 [scheduling-1] ERROR o.s.s.support.TaskUtils$LoggingErrorHandler - Unexpected error occurred in scheduled task
com.alibaba.otter.canal.protocol.exception.CanalClientException: java.io.IOException: 你的主机中的软件中止了一个已建立的连接。
	at com.alibaba.otter.canal.client.impl.SimpleCanalConnector.rollback(SimpleCanalConnector.java:380)
	at com.evan.greennote.search.canal.CanalSchedule.run(CanalSchedule.java:71)
	at jdk.internal.reflect.GeneratedMethodAccessor14.invoke(Unknown Source)
	at java.base/jdk.internal.reflect.DelegatingMethodAccessorImpl.invoke(DelegatingMethodAccessorImpl.java:43)
	at java.base/java.lang.reflect.Method.invoke(Method.java:568)
	at org.springframework.scheduling.support.ScheduledMethodRunnable.run(ScheduledMethodRunnable.java:84)
	at org.springframework.scheduling.support.DelegatingErrorHandlingRunnable.run(DelegatingErrorHandlingRunnable.java:54)
	at java.base/java.util.concurrent.Executors$RunnableAdapter.call(Executors.java:539)
	at java.base/java.util.concurrent.FutureTask.runAndReset(FutureTask.java:305)
	at java.base/java.util.concurrent.ScheduledThreadPoolExecutor$ScheduledFutureTask.run(ScheduledThreadPoolExecutor.java:305)
	at java.base/java.util.concurrent.ThreadPoolExecutor.runWorker(ThreadPoolExecutor.java:1136)
	at java.base/java.util.concurrent.ThreadPoolExecutor$Worker.run(ThreadPoolExecutor.java:635)
	at java.base/java.lang.Thread.run(Thread.java:842)
Caused by: java.io.IOException: 你的主机中的软件中止了一个已建立的连接。
	at java.base/sun.nio.ch.SocketDispatcher.write0(Native Method)
	at java.base/sun.nio.ch.SocketDispatcher.write(SocketDispatcher.java:54)
	at java.base/sun.nio.ch.SocketChannelImpl.tryWrite(SocketChannelImpl.java:1315)
	at java.base/sun.nio.ch.SocketChannelImpl.blockingWriteFully(SocketChannelImpl.java:1348)
	at java.base/sun.nio.ch.SocketAdaptor$2.write(SocketAdaptor.java:224)
	at java.base/java.nio.channels.Channels$WritableByteChannelImpl.write(Channels.java:463)
	at com.alibaba.otter.canal.client.impl.SimpleCanalConnector.writeWithHeader(SimpleCanalConnector.java:405)
	at com.alibaba.otter.canal.client.impl.SimpleCanalConnector.writeWithHeader(SimpleCanalConnector.java:393)
	at com.alibaba.otter.canal.client.impl.SimpleCanalConnector.rollback(SimpleCanalConnector.java:374)
	... 12 common frames omitted
2026-02-04 23:23:28.314 [Thread-7] WARN  com.alibaba.nacos.common.notify.NotifyCenter - [NotifyCenter] Start destroying Publisher
2026-02-04 23:23:28.315 [Thread-7] WARN  com.alibaba.nacos.common.notify.NotifyCenter - [NotifyCenter] Destruction of the end
2026-02-04 23:23:28.315 [Thread-10] WARN  c.alibaba.nacos.common.http.HttpClientBeanHolder - [HttpClientBeanHolder] Start destroying common HttpClient
2026-02-04 23:23:28.316 [Thread-10] WARN  c.alibaba.nacos.common.http.HttpClientBeanHolder - [HttpClientBeanHolder] Destruction of the end
2026-02-04 23:23:28.362 [scheduling-1] ERROR com.evan.greennote.search.canal.CanalSchedule - 消费 Canal 批次数据异常
com.alibaba.otter.canal.protocol.exception.CanalClientException: java.io.IOException: 你的主机中的软件中止了一个已建立的连接。
	at com.alibaba.otter.canal.client.impl.SimpleCanalConnector.getWithoutAck(SimpleCanalConnector.java:334)
	at com.alibaba.otter.canal.client.impl.SimpleCanalConnector.getWithoutAck(SimpleCanalConnector.java:303)
	at com.evan.greennote.search.canal.CanalSchedule.run(CanalSchedule.java:49)
	at jdk.internal.reflect.GeneratedMethodAccessor14.invoke(Unknown Source)
	at java.base/jdk.internal.reflect.DelegatingMethodAccessorImpl.invoke(DelegatingMethodAccessorImpl.java:43)
	at java.base/java.lang.reflect.Method.invoke(Method.java:568)
	at org.springframework.scheduling.support.ScheduledMethodRunnable.run(ScheduledMethodRunnable.java:84)
	at org.springframework.scheduling.support.DelegatingErrorHandlingRunnable.run(DelegatingErrorHandlingRunnable.java:54)
	at java.base/java.util.concurrent.Executors$RunnableAdapter.call(Executors.java:539)
	at java.base/java.util.concurrent.FutureTask.runAndReset(FutureTask.java:305)
	at java.base/java.util.concurrent.ScheduledThreadPoolExecutor$ScheduledFutureTask.run(ScheduledThreadPoolExecutor.java:305)
	at java.base/java.util.concurrent.ThreadPoolExecutor.runWorker(ThreadPoolExecutor.java:1136)
	at java.base/java.util.concurrent.ThreadPoolExecutor$Worker.run(ThreadPoolExecutor.java:635)
	at java.base/java.lang.Thread.run(Thread.java:842)
Caused by: java.io.IOException: 你的主机中的软件中止了一个已建立的连接。
	at java.base/sun.nio.ch.SocketDispatcher.write0(Native Method)
	at java.base/sun.nio.ch.SocketDispatcher.write(SocketDispatcher.java:54)
	at java.base/sun.nio.ch.SocketChannelImpl.tryWrite(SocketChannelImpl.java:1315)
	at java.base/sun.nio.ch.SocketChannelImpl.blockingWriteFully(SocketChannelImpl.java:1348)
	at java.base/sun.nio.ch.SocketAdaptor$2.write(SocketAdaptor.java:224)
	at java.base/java.nio.channels.Channels$WritableByteChannelImpl.write(Channels.java:463)
	at com.alibaba.otter.canal.client.impl.SimpleCanalConnector.writeWithHeader(SimpleCanalConnector.java:405)
	at com.alibaba.otter.canal.client.impl.SimpleCanalConnector.writeWithHeader(SimpleCanalConnector.java:393)
	at com.alibaba.otter.canal.client.impl.SimpleCanalConnector.getWithoutAck(SimpleCanalConnector.java:319)
	... 13 common frames omitted
2026-02-04 23:23:28.364 [scheduling-1] ERROR o.s.s.support.TaskUtils$LoggingErrorHandler - Unexpected error occurred in scheduled task
com.alibaba.otter.canal.protocol.exception.CanalClientException: java.io.IOException: 你的主机中的软件中止了一个已建立的连接。
	at com.alibaba.otter.canal.client.impl.SimpleCanalConnector.rollback(SimpleCanalConnector.java:380)
	at com.evan.greennote.search.canal.CanalSchedule.run(CanalSchedule.java:71)
	at jdk.internal.reflect.GeneratedMethodAccessor14.invoke(Unknown Source)
	at java.base/jdk.internal.reflect.DelegatingMethodAccessorImpl.invoke(DelegatingMethodAccessorImpl.java:43)
	at java.base/java.lang.reflect.Method.invoke(Method.java:568)
	at org.springframework.scheduling.support.ScheduledMethodRunnable.run(ScheduledMethodRunnable.java:84)
	at org.springframework.scheduling.support.DelegatingErrorHandlingRunnable.run(DelegatingErrorHandlingRunnable.java:54)
	at java.base/java.util.concurrent.Executors$RunnableAdapter.call(Executors.java:539)
	at java.base/java.util.concurrent.FutureTask.runAndReset(FutureTask.java:305)
	at java.base/java.util.concurrent.ScheduledThreadPoolExecutor$ScheduledFutureTask.run(ScheduledThreadPoolExecutor.java:305)
	at java.base/java.util.concurrent.ThreadPoolExecutor.runWorker(ThreadPoolExecutor.java:1136)
	at java.base/java.util.concurrent.ThreadPoolExecutor$Worker.run(ThreadPoolExecutor.java:635)
	at java.base/java.lang.Thread.run(Thread.java:842)
Caused by: java.io.IOException: 你的主机中的软件中止了一个已建立的连接。
	at java.base/sun.nio.ch.SocketDispatcher.write0(Native Method)
	at java.base/sun.nio.ch.SocketDispatcher.write(SocketDispatcher.java:54)
	at java.base/sun.nio.ch.SocketChannelImpl.tryWrite(SocketChannelImpl.java:1315)
	at java.base/sun.nio.ch.SocketChannelImpl.blockingWriteFully(SocketChannelImpl.java:1348)
	at java.base/sun.nio.ch.SocketAdaptor$2.write(SocketAdaptor.java:224)
	at java.base/java.nio.channels.Channels$WritableByteChannelImpl.write(Channels.java:463)
	at com.alibaba.otter.canal.client.impl.SimpleCanalConnector.writeWithHeader(SimpleCanalConnector.java:405)
	at com.alibaba.otter.canal.client.impl.SimpleCanalConnector.writeWithHeader(SimpleCanalConnector.java:393)
	at com.alibaba.otter.canal.client.impl.SimpleCanalConnector.rollback(SimpleCanalConnector.java:374)
	... 12 common frames omitted
2026-02-04 23:23:28.472 [scheduling-1] ERROR com.evan.greennote.search.canal.CanalSchedule - 消费 Canal 批次数据异常
com.alibaba.otter.canal.protocol.exception.CanalClientException: java.io.IOException: 你的主机中的软件中止了一个已建立的连接。
	at com.alibaba.otter.canal.client.impl.SimpleCanalConnector.getWithoutAck(SimpleCanalConnector.java:334)
	at com.alibaba.otter.canal.client.impl.SimpleCanalConnector.getWithoutAck(SimpleCanalConnector.java:303)
	at com.evan.greennote.search.canal.CanalSchedule.run(CanalSchedule.java:49)
	at jdk.internal.reflect.GeneratedMethodAccessor14.invoke(Unknown Source)
	at java.base/jdk.internal.reflect.DelegatingMethodAccessorImpl.invoke(DelegatingMethodAccessorImpl.java:43)
	at java.base/java.lang.reflect.Method.invoke(Method.java:568)
	at org.springframework.scheduling.support.ScheduledMethodRunnable.run(ScheduledMethodRunnable.java:84)
	at org.springframework.scheduling.support.DelegatingErrorHandlingRunnable.run(DelegatingErrorHandlingRunnable.java:54)
	at java.base/java.util.concurrent.Executors$RunnableAdapter.call(Executors.java:539)
	at java.base/java.util.concurrent.FutureTask.runAndReset(FutureTask.java:305)
	at java.base/java.util.concurrent.ScheduledThreadPoolExecutor$ScheduledFutureTask.run(ScheduledThreadPoolExecutor.java:305)
	at java.base/java.util.concurrent.ThreadPoolExecutor.runWorker(ThreadPoolExecutor.java:1136)
	at java.base/java.util.concurrent.ThreadPoolExecutor$Worker.run(ThreadPoolExecutor.java:635)
	at java.base/java.lang.Thread.run(Thread.java:842)
Caused by: java.io.IOException: 你的主机中的软件中止了一个已建立的连接。
	at java.base/sun.nio.ch.SocketDispatcher.write0(Native Method)
	at java.base/sun.nio.ch.SocketDispatcher.write(SocketDispatcher.java:54)
	at java.base/sun.nio.ch.SocketChannelImpl.tryWrite(SocketChannelImpl.java:1315)
	at java.base/sun.nio.ch.SocketChannelImpl.blockingWriteFully(SocketChannelImpl.java:1348)
	at java.base/sun.nio.ch.SocketAdaptor$2.write(SocketAdaptor.java:224)
	at java.base/java.nio.channels.Channels$WritableByteChannelImpl.write(Channels.java:463)
	at com.alibaba.otter.canal.client.impl.SimpleCanalConnector.writeWithHeader(SimpleCanalConnector.java:405)
	at com.alibaba.otter.canal.client.impl.SimpleCanalConnector.writeWithHeader(SimpleCanalConnector.java:393)
	at com.alibaba.otter.canal.client.impl.SimpleCanalConnector.getWithoutAck(SimpleCanalConnector.java:319)
	... 13 common frames omitted
2026-02-04 23:23:28.472 [scheduling-1] ERROR o.s.s.support.TaskUtils$LoggingErrorHandler - Unexpected error occurred in scheduled task
com.alibaba.otter.canal.protocol.exception.CanalClientException: java.io.IOException: 你的主机中的软件中止了一个已建立的连接。
	at com.alibaba.otter.canal.client.impl.SimpleCanalConnector.rollback(SimpleCanalConnector.java:380)
	at com.evan.greennote.search.canal.CanalSchedule.run(CanalSchedule.java:71)
	at jdk.internal.reflect.GeneratedMethodAccessor14.invoke(Unknown Source)
	at java.base/jdk.internal.reflect.DelegatingMethodAccessorImpl.invoke(DelegatingMethodAccessorImpl.java:43)
	at java.base/java.lang.reflect.Method.invoke(Method.java:568)
	at org.springframework.scheduling.support.ScheduledMethodRunnable.run(ScheduledMethodRunnable.java:84)
	at org.springframework.scheduling.support.DelegatingErrorHandlingRunnable.run(DelegatingErrorHandlingRunnable.java:54)
	at java.base/java.util.concurrent.Executors$RunnableAdapter.call(Executors.java:539)
	at java.base/java.util.concurrent.FutureTask.runAndReset(FutureTask.java:305)
	at java.base/java.util.concurrent.ScheduledThreadPoolExecutor$ScheduledFutureTask.run(ScheduledThreadPoolExecutor.java:305)
	at java.base/java.util.concurrent.ThreadPoolExecutor.runWorker(ThreadPoolExecutor.java:1136)
	at java.base/java.util.concurrent.ThreadPoolExecutor$Worker.run(ThreadPoolExecutor.java:635)
	at java.base/java.lang.Thread.run(Thread.java:842)
Caused by: java.io.IOException: 你的主机中的软件中止了一个已建立的连接。
	at java.base/sun.nio.ch.SocketDispatcher.write0(Native Method)
	at java.base/sun.nio.ch.SocketDispatcher.write(SocketDispatcher.java:54)
	at java.base/sun.nio.ch.SocketChannelImpl.tryWrite(SocketChannelImpl.java:1315)
	at java.base/sun.nio.ch.SocketChannelImpl.blockingWriteFully(SocketChannelImpl.java:1348)
	at java.base/sun.nio.ch.SocketAdaptor$2.write(SocketAdaptor.java:224)
	at java.base/java.nio.channels.Channels$WritableByteChannelImpl.write(Channels.java:463)
	at com.alibaba.otter.canal.client.impl.SimpleCanalConnector.writeWithHeader(SimpleCanalConnector.java:405)
	at com.alibaba.otter.canal.client.impl.SimpleCanalConnector.writeWithHeader(SimpleCanalConnector.java:393)
	at com.alibaba.otter.canal.client.impl.SimpleCanalConnector.rollback(SimpleCanalConnector.java:374)
	... 12 common frames omitted
2026-02-04 23:23:28.506 [SpringApplicationShutdownHook] INFO  c.a.cloud.nacos.registry.NacosServiceRegistry - De-registering from Nacos Server now...
2026-02-04 23:23:28.507 [SpringApplicationShutdownHook] INFO  com.alibaba.nacos.client.naming - [DEREGISTER-SERVICE] greennote deregistering service GreenNote-search with instance: Instance{instanceId='null', ip='10.141.73.9', port=8092, weight=1.0, healthy=true, enabled=true, ephemeral=true, clusterName='DEFAULT', serviceName='null', metadata={}}
2026-02-04 23:23:28.513 [SpringApplicationShutdownHook] INFO  c.a.cloud.nacos.registry.NacosServiceRegistry - De-registration finished.
2026-02-04 23:23:28.514 [SpringApplicationShutdownHook] INFO  com.alibaba.nacos.client.naming - com.alibaba.nacos.client.naming.cache.ServiceInfoHolder do shutdown begin
2026-02-04 23:23:28.514 [SpringApplicationShutdownHook] INFO  com.alibaba.nacos.client.naming - com.alibaba.nacos.client.naming.backups.FailoverReactor do shutdown begin
2026-02-04 23:23:28.514 [SpringApplicationShutdownHook] INFO  com.alibaba.nacos.client.naming - com.alibaba.nacos.client.naming.backups.FailoverReactor do shutdown stop
2026-02-04 23:23:28.514 [SpringApplicationShutdownHook] INFO  com.alibaba.nacos.client.naming - com.alibaba.nacos.client.naming.cache.ServiceInfoHolder do shutdown stop
2026-02-04 23:23:28.514 [SpringApplicationShutdownHook] INFO  com.alibaba.nacos.client.naming - com.alibaba.nacos.client.naming.remote.NamingClientProxyDelegate do shutdown begin
2026-02-04 23:23:28.515 [SpringApplicationShutdownHook] INFO  com.alibaba.nacos.client.naming - com.alibaba.nacos.client.naming.core.ServiceInfoUpdateService do shutdown begin
2026-02-04 23:23:28.515 [SpringApplicationShutdownHook] INFO  com.alibaba.nacos.client.naming - com.alibaba.nacos.client.naming.core.ServiceInfoUpdateService do shutdown stop
2026-02-04 23:23:28.515 [SpringApplicationShutdownHook] INFO  com.alibaba.nacos.client.naming - com.alibaba.nacos.client.naming.core.ServerListManager do shutdown begin
2026-02-04 23:23:28.515 [SpringApplicationShutdownHook] WARN  com.alibaba.nacos.client.naming - [NamingHttpClientManager] Start destroying NacosRestTemplate
2026-02-04 23:23:28.515 [SpringApplicationShutdownHook] WARN  com.alibaba.nacos.client.naming - [NamingHttpClientManager] Destruction of the end
2026-02-04 23:23:28.515 [SpringApplicationShutdownHook] INFO  com.alibaba.nacos.client.naming - com.alibaba.nacos.client.naming.core.ServerListManager do shutdown stop
2026-02-04 23:23:28.515 [SpringApplicationShutdownHook] INFO  com.alibaba.nacos.client.naming - com.alibaba.nacos.client.naming.remote.http.NamingHttpClientProxy do shutdown begin
2026-02-04 23:23:28.515 [SpringApplicationShutdownHook] WARN  com.alibaba.nacos.client.naming - [NamingHttpClientManager] Start destroying NacosRestTemplate
2026-02-04 23:23:28.515 [SpringApplicationShutdownHook] WARN  com.alibaba.nacos.client.naming - [NamingHttpClientManager] Destruction of the end
2026-02-04 23:23:28.515 [SpringApplicationShutdownHook] INFO  com.alibaba.nacos.client.naming - com.alibaba.nacos.client.naming.remote.http.NamingHttpClientProxy do shutdown stop
2026-02-04 23:23:28.515 [SpringApplicationShutdownHook] INFO  com.alibaba.nacos.common.remote.client - Shutdown rpc client, set status to shutdown
2026-02-04 23:23:28.515 [SpringApplicationShutdownHook] INFO  com.alibaba.nacos.common.remote.client - Shutdown client event executor java.util.concurrent.ScheduledThreadPoolExecutor@2c3d5edc[Running, pool size = 2, active threads = 2, queued tasks = 0, completed tasks = 0]
2026-02-04 23:23:28.515 [SpringApplicationShutdownHook] INFO  com.alibaba.nacos.common.remote.client - Close current connection 1770255326867_127.0.0.1_25047
2026-02-04 23:23:28.520 [SpringApplicationShutdownHook] INFO  c.a.nacos.common.remote.client.grpc.GrpcClient - Shutdown grpc executor java.util.concurrent.ThreadPoolExecutor@11721afb[Running, pool size = 3, active threads = 0, queued tasks = 0, completed tasks = 1090]
2026-02-04 23:23:28.521 [SpringApplicationShutdownHook] INFO  com.alibaba.nacos.client.naming - Shutdown grpc redo service executor java.util.concurrent.ScheduledThreadPoolExecutor@6dd4553e[Running, pool size = 1, active threads = 0, queued tasks = 1, completed tasks = 1762]
2026-02-04 23:23:28.521 [SpringApplicationShutdownHook] INFO  c.a.n.client.auth.ram.identify.CredentialWatcher - [null] CredentialWatcher is stopped
2026-02-04 23:23:28.521 [SpringApplicationShutdownHook] INFO  c.a.n.client.auth.ram.identify.CredentialService - [null] CredentialService is freed
2026-02-04 23:23:28.522 [SpringApplicationShutdownHook] INFO  com.alibaba.nacos.client.naming - com.alibaba.nacos.client.naming.remote.NamingClientProxyDelegate do shutdown stop
2026-02-04 23:23:28.523 [SpringApplicationShutdownHook] INFO  com.alibaba.druid.pool.DruidDataSource - {dataSource-1} closing ...
2026-02-04 23:23:28.526 [SpringApplicationShutdownHook] INFO  com.alibaba.druid.pool.DruidDataSource - {dataSource-1} closed
2026-02-04 23:23:32.684 [main] WARN  com.alibaba.nacos.client.logging.NacosLogging - Load Logback Configuration of Nacos fail, message: Could not initialize Logback Nacos logging from classpath:nacos-logback.xml
2026-02-04 23:23:32.804 [main] WARN  com.alibaba.nacos.client.logging.NacosLogging - Load Logback Configuration of Nacos fail, message: Could not initialize Logback Nacos logging from classpath:nacos-logback.xml
2026-02-04 23:23:33.729 [main] WARN  com.alibaba.nacos.client.logging.NacosLogging - Load Logback Configuration of Nacos fail, message: Could not initialize Logback Nacos logging from classpath:nacos-logback.xml
2026-02-04 23:23:33.751 [main] WARN  com.alibaba.nacos.client.logging.NacosLogging - Load Logback Configuration of Nacos fail, message: Could not initialize Logback Nacos logging from classpath:nacos-logback.xml
2026-02-04 23:23:33.751 [main] INFO  c.evan.greennote.search.GreenNoteSearchApplication - The following 1 profile is active: "dev"
2026-02-04 23:23:35.078 [main] INFO  o.springframework.cloud.context.scope.GenericScope - BeanFactory id=454da54c-bfa2-3395-9c8c-75920c148280
2026-02-04 23:23:35.996 [main] INFO  o.s.boot.web.embedded.tomcat.TomcatWebServer - Tomcat initialized with port(s): 8092 (http)
2026-02-04 23:23:36.011 [main] INFO  org.apache.catalina.core.StandardService - Starting service [Tomcat]
2026-02-04 23:23:36.012 [main] INFO  org.apache.catalina.core.StandardEngine - Starting Servlet engine: [Apache Tomcat/10.1.5]
2026-02-04 23:23:36.227 [main] INFO  o.a.c.core.ContainerBase.[Tomcat].[localhost].[/] - Initializing Spring embedded WebApplicationContext
2026-02-04 23:23:36.228 [main] INFO  o.s.b.w.s.c.ServletWebServerApplicationContext - Root WebApplicationContext: initialization completed in 2447 ms
2026-02-04 23:23:37.054 [main] INFO  c.a.d.s.b.a.DruidDataSourceAutoConfigure - Init DruidDataSource
2026-02-04 23:23:37.604 [main] INFO  com.alibaba.druid.pool.DruidDataSource - {dataSource-1} inited
2026-02-04 23:23:39.360 [main] WARN  o.s.c.l.c.LoadBalancerCacheAutoConfiguration$LoadBalancerCaffeineWarnLogger - Spring Cloud LoadBalancer is currently working with the default cache. While this cache implementation is useful for development and tests, it's recommended to use Caffeine cache in production.You can switch to using Caffeine cache, by adding it and org.springframework.cache.caffeine.CaffeineCacheManager to the classpath.
2026-02-04 23:23:39.506 [main] INFO  o.s.boot.web.embedded.tomcat.TomcatWebServer - Tomcat started on port(s): 8092 (http) with context path ''
2026-02-04 23:23:39.520 [main] WARN  com.alibaba.nacos.client.logging.NacosLogging - Load Logback Configuration of Nacos fail, message: Could not initialize Logback Nacos logging from classpath:nacos-logback.xml
2026-02-04 23:23:39.520 [main] INFO  com.alibaba.nacos.client.naming - initializer namespace from ans.namespace attribute : null
2026-02-04 23:23:39.521 [main] INFO  com.alibaba.nacos.client.naming - initializer namespace from ALIBABA_ALIWARE_NAMESPACE attribute :null
2026-02-04 23:23:39.522 [main] INFO  com.alibaba.nacos.client.naming - initializer namespace from namespace attribute :null
2026-02-04 23:23:39.568 [main] INFO  com.alibaba.nacos.client.utils.ParamUtil - [settings] [req-serv] nacos-server port:8848
2026-02-04 23:23:39.568 [main] INFO  com.alibaba.nacos.client.utils.ParamUtil - [settings] [http-client] connect timeout:1000
2026-02-04 23:23:39.570 [main] INFO  com.alibaba.nacos.client.utils.ParamUtil - PER_TASK_CONFIG_SIZE: 3000.0
2026-02-04 23:23:39.578 [main] INFO  c.a.n.p.auth.spi.client.ClientAuthPluginManager - [ClientAuthPluginManager] Load ClientAuthService com.alibaba.nacos.client.auth.impl.NacosClientAuthServiceImpl success.
2026-02-04 23:23:39.579 [main] INFO  c.a.n.p.auth.spi.client.ClientAuthPluginManager - [ClientAuthPluginManager] Load ClientAuthService com.alibaba.nacos.client.auth.ram.RamClientAuthServiceImpl success.
2026-02-04 23:23:39.586 [main] INFO  c.a.n.client.auth.ram.identify.CredentialWatcher - null No credential found
2026-02-04 23:23:39.604 [main] INFO  com.alibaba.nacos.common.remote.client - [RpcClientFactory] create a new rpc client of 7bec0b76-a98b-4878-b794-80be10f7335c
2026-02-04 23:23:39.647 [main] INFO  com.alibaba.nacos.common.remote.client - [7bec0b76-a98b-4878-b794-80be10f7335c] RpcClient init, ServerListFactory = com.alibaba.nacos.client.naming.core.ServerListManager
2026-02-04 23:23:39.647 [main] INFO  com.alibaba.nacos.common.remote.client - [7bec0b76-a98b-4878-b794-80be10f7335c] Registry connection listener to current client:com.alibaba.nacos.client.naming.remote.gprc.redo.NamingGrpcRedoService
2026-02-04 23:23:39.648 [main] INFO  com.alibaba.nacos.common.remote.client - [7bec0b76-a98b-4878-b794-80be10f7335c] Register server push request handler:com.alibaba.nacos.client.naming.remote.gprc.NamingPushRequestHandler
2026-02-04 23:23:39.653 [main] INFO  com.alibaba.nacos.common.remote.client - [7bec0b76-a98b-4878-b794-80be10f7335c] Try to connect to server on start up, server: {serverIp = '127.0.0.1', server main port = 8848}
2026-02-04 23:23:39.721 [main] INFO  c.a.nacos.common.remote.client.grpc.GrpcClient - grpc client connection server:127.0.0.1 ip,serverPort:9848,grpcTslConfig:{"sslProvider":"OPENSSL","enableTls":false,"mutualAuthEnable":false,"trustAll":false}
2026-02-04 23:23:41.294 [main] INFO  com.alibaba.nacos.common.remote.client - [7bec0b76-a98b-4878-b794-80be10f7335c] Success to connect to server [127.0.0.1:8848] on start up, connectionId = 1770269021006_127.0.0.1_40526
2026-02-04 23:23:41.295 [com.alibaba.nacos.client.remote.worker] INFO  com.alibaba.nacos.common.remote.client - [7bec0b76-a98b-4878-b794-80be10f7335c] Notify connected event to listeners.
2026-02-04 23:23:41.296 [com.alibaba.nacos.client.remote.worker] INFO  com.alibaba.nacos.client.naming - Grpc connection connect
2026-02-04 23:23:41.296 [main] INFO  com.alibaba.nacos.common.remote.client - [7bec0b76-a98b-4878-b794-80be10f7335c] Register server push request handler:com.alibaba.nacos.common.remote.client.RpcClient$ConnectResetRequestHandler
2026-02-04 23:23:41.297 [main] INFO  com.alibaba.nacos.common.remote.client - [7bec0b76-a98b-4878-b794-80be10f7335c] Register server push request handler:com.alibaba.nacos.common.remote.client.RpcClient$$Lambda$1208/0x000001a5bb8b0000
2026-02-04 23:23:41.299 [main] INFO  com.alibaba.nacos.client.naming - [REGISTER-SERVICE] greennote registering service GreenNote-search with instance Instance{instanceId='null', ip='10.141.73.9', port=8092, weight=1.0, healthy=true, enabled=true, ephemeral=true, clusterName='DEFAULT', serviceName='null', metadata={IPv6=null, preserved.register.source=SPRING_CLOUD}}
2026-02-04 23:23:41.329 [main] INFO  c.a.cloud.nacos.registry.NacosServiceRegistry - nacos registry, DEFAULT_GROUP GreenNote-search 10.141.73.9:8092 register finished
2026-02-04 23:23:41.587 [main] INFO  c.evan.greennote.search.GreenNoteSearchApplication - Started GreenNoteSearchApplication in 10.095 seconds (process running for 11.233)
2026-02-04 23:23:55.346 [http-nio-8092-exec-1] INFO  o.a.c.core.ContainerBase.[Tomcat].[localhost].[/] - Initializing Spring DispatcherServlet 'dispatcherServlet'
2026-02-04 23:23:55.347 [http-nio-8092-exec-1] INFO  org.springframework.web.servlet.DispatcherServlet - Initializing Servlet 'dispatcherServlet'
2026-02-04 23:23:55.348 [http-nio-8092-exec-1] INFO  org.springframework.web.servlet.DispatcherServlet - Completed initialization in 1 ms
2026-02-04 23:23:55.409 [http-nio-8092-exec-1] INFO  c.e.f.b.operationlog.aspect.ApiOperationLogAspect - ====== 请求开始: [热更新词典], 入参: , 请求类: com.evan.greennote.search.controller.ExtDictController, 请求方法: extDict =======
2026-02-04 23:23:55.448 [http-nio-8092-exec-1] INFO  c.e.f.b.operationlog.aspect.ApiOperationLogAspect - ====== 请求结束: [热更新词典], 耗时: 25ms, 出参: {"headers":{"ETag":["1243308403"],"Content-Type":["text/plain;charset=UTF-8"],"Last-Modified":["Sun, 25 Jan 2026 03:52:44 GMT"]},"body":"打工人\n打工魂\n社畜\n黑猴","statusCode":"OK","statusCodeValue":200}======
2026-02-04 23:24:51.275 [http-nio-8092-exec-2] INFO  c.e.f.b.operationlog.aspect.ApiOperationLogAspect - ====== 请求开始: [热更新词典], 入参: , 请求类: com.evan.greennote.search.controller.ExtDictController, 请求方法: extDict =======
2026-02-04 23:24:51.277 [http-nio-8092-exec-2] INFO  c.e.f.b.operationlog.aspect.ApiOperationLogAspect - ====== 请求结束: [热更新词典], 耗时: 2ms, 出参: {"headers":{"ETag":["1243308403"],"Content-Type":["text/plain;charset=UTF-8"],"Last-Modified":["Sun, 25 Jan 2026 03:52:44 GMT"]},"body":"打工人\n打工魂\n社畜\n黑猴","statusCode":"OK","statusCodeValue":200}======
2026-02-04 23:25:47.317 [http-nio-8092-exec-3] INFO  c.e.f.b.operationlog.aspect.ApiOperationLogAspect - ====== 请求开始: [热更新词典], 入参: , 请求类: com.evan.greennote.search.controller.ExtDictController, 请求方法: extDict =======
2026-02-04 23:25:47.319 [http-nio-8092-exec-3] INFO  c.e.f.b.operationlog.aspect.ApiOperationLogAspect - ====== 请求结束: [热更新词典], 耗时: 2ms, 出参: {"headers":{"ETag":["1243308403"],"Content-Type":["text/plain;charset=UTF-8"],"Last-Modified":["Sun, 25 Jan 2026 03:52:44 GMT"]},"body":"打工人\n打工魂\n社畜\n黑猴","statusCode":"OK","statusCodeValue":200}======
2026-02-04 23:26:43.321 [http-nio-8092-exec-4] INFO  c.e.f.b.operationlog.aspect.ApiOperationLogAspect - ====== 请求开始: [热更新词典], 入参: , 请求类: com.evan.greennote.search.controller.ExtDictController, 请求方法: extDict =======
2026-02-04 23:26:43.322 [http-nio-8092-exec-4] INFO  c.e.f.b.operationlog.aspect.ApiOperationLogAspect - ====== 请求结束: [热更新词典], 耗时: 1ms, 出参: {"headers":{"ETag":["1243308403"],"Content-Type":["text/plain;charset=UTF-8"],"Last-Modified":["Sun, 25 Jan 2026 03:52:44 GMT"]},"body":"打工人\n打工魂\n社畜\n黑猴","statusCode":"OK","statusCodeValue":200}======
2026-02-04 23:27:39.316 [http-nio-8092-exec-5] INFO  c.e.f.b.operationlog.aspect.ApiOperationLogAspect - ====== 请求开始: [热更新词典], 入参: , 请求类: com.evan.greennote.search.controller.ExtDictController, 请求方法: extDict =======
2026-02-04 23:27:39.317 [http-nio-8092-exec-5] INFO  c.e.f.b.operationlog.aspect.ApiOperationLogAspect - ====== 请求结束: [热更新词典], 耗时: 1ms, 出参: {"headers":{"ETag":["1243308403"],"Content-Type":["text/plain;charset=UTF-8"],"Last-Modified":["Sun, 25 Jan 2026 03:52:44 GMT"]},"body":"打工人\n打工魂\n社畜\n黑猴","statusCode":"OK","statusCodeValue":200}======
2026-02-04 23:28:35.302 [http-nio-8092-exec-6] INFO  c.e.f.b.operationlog.aspect.ApiOperationLogAspect - ====== 请求开始: [热更新词典], 入参: , 请求类: com.evan.greennote.search.controller.ExtDictController, 请求方法: extDict =======
2026-02-04 23:28:35.303 [http-nio-8092-exec-6] INFO  c.e.f.b.operationlog.aspect.ApiOperationLogAspect - ====== 请求结束: [热更新词典], 耗时: 1ms, 出参: {"headers":{"ETag":["1243308403"],"Content-Type":["text/plain;charset=UTF-8"],"Last-Modified":["Sun, 25 Jan 2026 03:52:44 GMT"]},"body":"打工人\n打工魂\n社畜\n黑猴","statusCode":"OK","statusCodeValue":200}======
2026-02-04 23:29:31.313 [http-nio-8092-exec-7] INFO  c.e.f.b.operationlog.aspect.ApiOperationLogAspect - ====== 请求开始: [热更新词典], 入参: , 请求类: com.evan.greennote.search.controller.ExtDictController, 请求方法: extDict =======
2026-02-04 23:29:31.315 [http-nio-8092-exec-7] INFO  c.e.f.b.operationlog.aspect.ApiOperationLogAspect - ====== 请求结束: [热更新词典], 耗时: 1ms, 出参: {"headers":{"ETag":["1243308403"],"Content-Type":["text/plain;charset=UTF-8"],"Last-Modified":["Sun, 25 Jan 2026 03:52:44 GMT"]},"body":"打工人\n打工魂\n社畜\n黑猴","statusCode":"OK","statusCodeValue":200}======
2026-02-04 23:30:27.325 [http-nio-8092-exec-9] INFO  c.e.f.b.operationlog.aspect.ApiOperationLogAspect - ====== 请求开始: [热更新词典], 入参: , 请求类: com.evan.greennote.search.controller.ExtDictController, 请求方法: extDict =======
2026-02-04 23:30:27.328 [http-nio-8092-exec-9] INFO  c.e.f.b.operationlog.aspect.ApiOperationLogAspect - ====== 请求结束: [热更新词典], 耗时: 2ms, 出参: {"headers":{"ETag":["1243308403"],"Content-Type":["text/plain;charset=UTF-8"],"Last-Modified":["Sun, 25 Jan 2026 03:52:44 GMT"]},"body":"打工人\n打工魂\n社畜\n黑猴","statusCode":"OK","statusCodeValue":200}======
2026-02-04 23:31:23.302 [http-nio-8092-exec-8] INFO  c.e.f.b.operationlog.aspect.ApiOperationLogAspect - ====== 请求开始: [热更新词典], 入参: , 请求类: com.evan.greennote.search.controller.ExtDictController, 请求方法: extDict =======
2026-02-04 23:31:23.304 [http-nio-8092-exec-8] INFO  c.e.f.b.operationlog.aspect.ApiOperationLogAspect - ====== 请求结束: [热更新词典], 耗时: 2ms, 出参: {"headers":{"ETag":["1243308403"],"Content-Type":["text/plain;charset=UTF-8"],"Last-Modified":["Sun, 25 Jan 2026 03:52:44 GMT"]},"body":"打工人\n打工魂\n社畜\n黑猴","statusCode":"OK","statusCodeValue":200}======
2026-02-04 23:32:19.150 [http-nio-8092-exec-10] INFO  c.e.f.b.operationlog.aspect.ApiOperationLogAspect - ====== 请求开始: [热更新词典], 入参: , 请求类: com.evan.greennote.search.controller.ExtDictController, 请求方法: extDict =======
2026-02-04 23:32:19.151 [http-nio-8092-exec-10] INFO  c.e.f.b.operationlog.aspect.ApiOperationLogAspect - ====== 请求结束: [热更新词典], 耗时: 1ms, 出参: {"headers":{"ETag":["1243308403"],"Content-Type":["text/plain;charset=UTF-8"],"Last-Modified":["Sun, 25 Jan 2026 03:52:44 GMT"]},"body":"打工人\n打工魂\n社畜\n黑猴","statusCode":"OK","statusCodeValue":200}======
2026-02-04 23:33:15.040 [http-nio-8092-exec-1] INFO  c.e.f.b.operationlog.aspect.ApiOperationLogAspect - ====== 请求开始: [热更新词典], 入参: , 请求类: com.evan.greennote.search.controller.ExtDictController, 请求方法: extDict =======
2026-02-04 23:33:15.041 [http-nio-8092-exec-1] INFO  c.e.f.b.operationlog.aspect.ApiOperationLogAspect - ====== 请求结束: [热更新词典], 耗时: 1ms, 出参: {"headers":{"ETag":["1243308403"],"Content-Type":["text/plain;charset=UTF-8"],"Last-Modified":["Sun, 25 Jan 2026 03:52:44 GMT"]},"body":"打工人\n打工魂\n社畜\n黑猴","statusCode":"OK","statusCodeValue":200}======
2026-02-04 23:34:10.892 [http-nio-8092-exec-2] INFO  c.e.f.b.operationlog.aspect.ApiOperationLogAspect - ====== 请求开始: [热更新词典], 入参: , 请求类: com.evan.greennote.search.controller.ExtDictController, 请求方法: extDict =======
2026-02-04 23:34:10.893 [http-nio-8092-exec-2] INFO  c.e.f.b.operationlog.aspect.ApiOperationLogAspect - ====== 请求结束: [热更新词典], 耗时: 1ms, 出参: {"headers":{"ETag":["1243308403"],"Content-Type":["text/plain;charset=UTF-8"],"Last-Modified":["Sun, 25 Jan 2026 03:52:44 GMT"]},"body":"打工人\n打工魂\n社畜\n黑猴","statusCode":"OK","statusCodeValue":200}======
2026-02-04 23:35:06.672 [http-nio-8092-exec-3] INFO  c.e.f.b.operationlog.aspect.ApiOperationLogAspect - ====== 请求开始: [热更新词典], 入参: , 请求类: com.evan.greennote.search.controller.ExtDictController, 请求方法: extDict =======
2026-02-04 23:35:06.674 [http-nio-8092-exec-3] INFO  c.e.f.b.operationlog.aspect.ApiOperationLogAspect - ====== 请求结束: [热更新词典], 耗时: 1ms, 出参: {"headers":{"ETag":["1243308403"],"Content-Type":["text/plain;charset=UTF-8"],"Last-Modified":["Sun, 25 Jan 2026 03:52:44 GMT"]},"body":"打工人\n打工魂\n社畜\n黑猴","statusCode":"OK","statusCodeValue":200}======
2026-02-04 23:36:02.322 [http-nio-8092-exec-4] INFO  c.e.f.b.operationlog.aspect.ApiOperationLogAspect - ====== 请求开始: [热更新词典], 入参: , 请求类: com.evan.greennote.search.controller.ExtDictController, 请求方法: extDict =======
2026-02-04 23:36:02.323 [http-nio-8092-exec-4] INFO  c.e.f.b.operationlog.aspect.ApiOperationLogAspect - ====== 请求结束: [热更新词典], 耗时: 1ms, 出参: {"headers":{"ETag":["1243308403"],"Content-Type":["text/plain;charset=UTF-8"],"Last-Modified":["Sun, 25 Jan 2026 03:52:44 GMT"]},"body":"打工人\n打工魂\n社畜\n黑猴","statusCode":"OK","statusCodeValue":200}======
2026-02-04 23:36:57.970 [http-nio-8092-exec-5] INFO  c.e.f.b.operationlog.aspect.ApiOperationLogAspect - ====== 请求开始: [热更新词典], 入参: , 请求类: com.evan.greennote.search.controller.ExtDictController, 请求方法: extDict =======
2026-02-04 23:36:57.971 [http-nio-8092-exec-5] INFO  c.e.f.b.operationlog.aspect.ApiOperationLogAspect - ====== 请求结束: [热更新词典], 耗时: 1ms, 出参: {"headers":{"ETag":["1243308403"],"Content-Type":["text/plain;charset=UTF-8"],"Last-Modified":["Sun, 25 Jan 2026 03:52:44 GMT"]},"body":"打工人\n打工魂\n社畜\n黑猴","statusCode":"OK","statusCodeValue":200}======
2026-02-04 23:37:53.819 [http-nio-8092-exec-6] INFO  c.e.f.b.operationlog.aspect.ApiOperationLogAspect - ====== 请求开始: [热更新词典], 入参: , 请求类: com.evan.greennote.search.controller.ExtDictController, 请求方法: extDict =======
2026-02-04 23:37:53.821 [http-nio-8092-exec-6] INFO  c.e.f.b.operationlog.aspect.ApiOperationLogAspect - ====== 请求结束: [热更新词典], 耗时: 1ms, 出参: {"headers":{"ETag":["1243308403"],"Content-Type":["text/plain;charset=UTF-8"],"Last-Modified":["Sun, 25 Jan 2026 03:52:44 GMT"]},"body":"打工人\n打工魂\n社畜\n黑猴","statusCode":"OK","statusCodeValue":200}======
2026-02-04 23:38:49.667 [http-nio-8092-exec-7] INFO  c.e.f.b.operationlog.aspect.ApiOperationLogAspect - ====== 请求开始: [热更新词典], 入参: , 请求类: com.evan.greennote.search.controller.ExtDictController, 请求方法: extDict =======
2026-02-04 23:38:49.668 [http-nio-8092-exec-7] INFO  c.e.f.b.operationlog.aspect.ApiOperationLogAspect - ====== 请求结束: [热更新词典], 耗时: 0ms, 出参: {"headers":{"ETag":["1243308403"],"Content-Type":["text/plain;charset=UTF-8"],"Last-Modified":["Sun, 25 Jan 2026 03:52:44 GMT"]},"body":"打工人\n打工魂\n社畜\n黑猴","statusCode":"OK","statusCodeValue":200}======
2026-02-04 23:39:45.399 [http-nio-8092-exec-9] INFO  c.e.f.b.operationlog.aspect.ApiOperationLogAspect - ====== 请求开始: [热更新词典], 入参: , 请求类: com.evan.greennote.search.controller.ExtDictController, 请求方法: extDict =======
2026-02-04 23:39:45.400 [http-nio-8092-exec-9] INFO  c.e.f.b.operationlog.aspect.ApiOperationLogAspect - ====== 请求结束: [热更新词典], 耗时: 1ms, 出参: {"headers":{"ETag":["1243308403"],"Content-Type":["text/plain;charset=UTF-8"],"Last-Modified":["Sun, 25 Jan 2026 03:52:44 GMT"]},"body":"打工人\n打工魂\n社畜\n黑猴","statusCode":"OK","statusCodeValue":200}======
2026-02-04 23:40:41.149 [http-nio-8092-exec-8] INFO  c.e.f.b.operationlog.aspect.ApiOperationLogAspect - ====== 请求开始: [热更新词典], 入参: , 请求类: com.evan.greennote.search.controller.ExtDictController, 请求方法: extDict =======
2026-02-04 23:40:41.150 [http-nio-8092-exec-8] INFO  c.e.f.b.operationlog.aspect.ApiOperationLogAspect - ====== 请求结束: [热更新词典], 耗时: 1ms, 出参: {"headers":{"ETag":["1243308403"],"Content-Type":["text/plain;charset=UTF-8"],"Last-Modified":["Sun, 25 Jan 2026 03:52:44 GMT"]},"body":"打工人\n打工魂\n社畜\n黑猴","statusCode":"OK","statusCodeValue":200}======
2026-02-04 23:41:36.817 [http-nio-8092-exec-10] INFO  c.e.f.b.operationlog.aspect.ApiOperationLogAspect - ====== 请求开始: [热更新词典], 入参: , 请求类: com.evan.greennote.search.controller.ExtDictController, 请求方法: extDict =======
2026-02-04 23:41:36.818 [http-nio-8092-exec-10] INFO  c.e.f.b.operationlog.aspect.ApiOperationLogAspect - ====== 请求结束: [热更新词典], 耗时: 1ms, 出参: {"headers":{"ETag":["1243308403"],"Content-Type":["text/plain;charset=UTF-8"],"Last-Modified":["Sun, 25 Jan 2026 03:52:44 GMT"]},"body":"打工人\n打工魂\n社畜\n黑猴","statusCode":"OK","statusCodeValue":200}======
2026-02-04 23:42:32.474 [http-nio-8092-exec-1] INFO  c.e.f.b.operationlog.aspect.ApiOperationLogAspect - ====== 请求开始: [热更新词典], 入参: , 请求类: com.evan.greennote.search.controller.ExtDictController, 请求方法: extDict =======
2026-02-04 23:42:32.474 [http-nio-8092-exec-1] INFO  c.e.f.b.operationlog.aspect.ApiOperationLogAspect - ====== 请求结束: [热更新词典], 耗时: 0ms, 出参: {"headers":{"ETag":["1243308403"],"Content-Type":["text/plain;charset=UTF-8"],"Last-Modified":["Sun, 25 Jan 2026 03:52:44 GMT"]},"body":"打工人\n打工魂\n社畜\n黑猴","statusCode":"OK","statusCodeValue":200}======
2026-02-04 23:43:28.162 [http-nio-8092-exec-2] INFO  c.e.f.b.operationlog.aspect.ApiOperationLogAspect - ====== 请求开始: [热更新词典], 入参: , 请求类: com.evan.greennote.search.controller.ExtDictController, 请求方法: extDict =======
2026-02-04 23:43:28.164 [http-nio-8092-exec-2] INFO  c.e.f.b.operationlog.aspect.ApiOperationLogAspect - ====== 请求结束: [热更新词典], 耗时: 1ms, 出参: {"headers":{"ETag":["1243308403"],"Content-Type":["text/plain;charset=UTF-8"],"Last-Modified":["Sun, 25 Jan 2026 03:52:44 GMT"]},"body":"打工人\n打工魂\n社畜\n黑猴","statusCode":"OK","statusCodeValue":200}======
2026-02-04 23:44:23.852 [http-nio-8092-exec-3] INFO  c.e.f.b.operationlog.aspect.ApiOperationLogAspect - ====== 请求开始: [热更新词典], 入参: , 请求类: com.evan.greennote.search.controller.ExtDictController, 请求方法: extDict =======
2026-02-04 23:44:23.853 [http-nio-8092-exec-3] INFO  c.e.f.b.operationlog.aspect.ApiOperationLogAspect - ====== 请求结束: [热更新词典], 耗时: 1ms, 出参: {"headers":{"ETag":["1243308403"],"Content-Type":["text/plain;charset=UTF-8"],"Last-Modified":["Sun, 25 Jan 2026 03:52:44 GMT"]},"body":"打工人\n打工魂\n社畜\n黑猴","statusCode":"OK","statusCodeValue":200}======
2026-02-04 23:45:19.515 [http-nio-8092-exec-4] INFO  c.e.f.b.operationlog.aspect.ApiOperationLogAspect - ====== 请求开始: [热更新词典], 入参: , 请求类: com.evan.greennote.search.controller.ExtDictController, 请求方法: extDict =======
2026-02-04 23:45:19.516 [http-nio-8092-exec-4] INFO  c.e.f.b.operationlog.aspect.ApiOperationLogAspect - ====== 请求结束: [热更新词典], 耗时: 1ms, 出参: {"headers":{"ETag":["1243308403"],"Content-Type":["text/plain;charset=UTF-8"],"Last-Modified":["Sun, 25 Jan 2026 03:52:44 GMT"]},"body":"打工人\n打工魂\n社畜\n黑猴","statusCode":"OK","statusCodeValue":200}======
2026-02-04 23:46:15.159 [http-nio-8092-exec-5] INFO  c.e.f.b.operationlog.aspect.ApiOperationLogAspect - ====== 请求开始: [热更新词典], 入参: , 请求类: com.evan.greennote.search.controller.ExtDictController, 请求方法: extDict =======
2026-02-04 23:46:15.160 [http-nio-8092-exec-5] INFO  c.e.f.b.operationlog.aspect.ApiOperationLogAspect - ====== 请求结束: [热更新词典], 耗时: 1ms, 出参: {"headers":{"ETag":["1243308403"],"Content-Type":["text/plain;charset=UTF-8"],"Last-Modified":["Sun, 25 Jan 2026 03:52:44 GMT"]},"body":"打工人\n打工魂\n社畜\n黑猴","statusCode":"OK","statusCodeValue":200}======
2026-02-04 23:47:10.724 [http-nio-8092-exec-6] INFO  c.e.f.b.operationlog.aspect.ApiOperationLogAspect - ====== 请求开始: [热更新词典], 入参: , 请求类: com.evan.greennote.search.controller.ExtDictController, 请求方法: extDict =======
2026-02-04 23:47:10.725 [http-nio-8092-exec-6] INFO  c.e.f.b.operationlog.aspect.ApiOperationLogAspect - ====== 请求结束: [热更新词典], 耗时: 1ms, 出参: {"headers":{"ETag":["1243308403"],"Content-Type":["text/plain;charset=UTF-8"],"Last-Modified":["Sun, 25 Jan 2026 03:52:44 GMT"]},"body":"打工人\n打工魂\n社畜\n黑猴","statusCode":"OK","statusCodeValue":200}======
2026-02-04 23:48:06.327 [http-nio-8092-exec-7] INFO  c.e.f.b.operationlog.aspect.ApiOperationLogAspect - ====== 请求开始: [热更新词典], 入参: , 请求类: com.evan.greennote.search.controller.ExtDictController, 请求方法: extDict =======
2026-02-04 23:48:06.328 [http-nio-8092-exec-7] INFO  c.e.f.b.operationlog.aspect.ApiOperationLogAspect - ====== 请求结束: [热更新词典], 耗时: 1ms, 出参: {"headers":{"ETag":["1243308403"],"Content-Type":["text/plain;charset=UTF-8"],"Last-Modified":["Sun, 25 Jan 2026 03:52:44 GMT"]},"body":"打工人\n打工魂\n社畜\n黑猴","statusCode":"OK","statusCodeValue":200}======
2026-02-04 23:49:01.979 [http-nio-8092-exec-9] INFO  c.e.f.b.operationlog.aspect.ApiOperationLogAspect - ====== 请求开始: [热更新词典], 入参: , 请求类: com.evan.greennote.search.controller.ExtDictController, 请求方法: extDict =======
2026-02-04 23:49:01.981 [http-nio-8092-exec-9] INFO  c.e.f.b.operationlog.aspect.ApiOperationLogAspect - ====== 请求结束: [热更新词典], 耗时: 2ms, 出参: {"headers":{"ETag":["1243308403"],"Content-Type":["text/plain;charset=UTF-8"],"Last-Modified":["Sun, 25 Jan 2026 03:52:44 GMT"]},"body":"打工人\n打工魂\n社畜\n黑猴","statusCode":"OK","statusCodeValue":200}======
2026-02-04 23:49:57.577 [http-nio-8092-exec-8] INFO  c.e.f.b.operationlog.aspect.ApiOperationLogAspect - ====== 请求开始: [热更新词典], 入参: , 请求类: com.evan.greennote.search.controller.ExtDictController, 请求方法: extDict =======
2026-02-04 23:49:57.578 [http-nio-8092-exec-8] INFO  c.e.f.b.operationlog.aspect.ApiOperationLogAspect - ====== 请求结束: [热更新词典], 耗时: 1ms, 出参: {"headers":{"ETag":["1243308403"],"Content-Type":["text/plain;charset=UTF-8"],"Last-Modified":["Sun, 25 Jan 2026 03:52:44 GMT"]},"body":"打工人\n打工魂\n社畜\n黑猴","statusCode":"OK","statusCodeValue":200}======
2026-02-04 23:50:53.268 [http-nio-8092-exec-10] INFO  c.e.f.b.operationlog.aspect.ApiOperationLogAspect - ====== 请求开始: [热更新词典], 入参: , 请求类: com.evan.greennote.search.controller.ExtDictController, 请求方法: extDict =======
2026-02-04 23:50:53.269 [http-nio-8092-exec-10] INFO  c.e.f.b.operationlog.aspect.ApiOperationLogAspect - ====== 请求结束: [热更新词典], 耗时: 0ms, 出参: {"headers":{"ETag":["1243308403"],"Content-Type":["text/plain;charset=UTF-8"],"Last-Modified":["Sun, 25 Jan 2026 03:52:44 GMT"]},"body":"打工人\n打工魂\n社畜\n黑猴","statusCode":"OK","statusCodeValue":200}======
2026-02-04 23:51:48.906 [http-nio-8092-exec-1] INFO  c.e.f.b.operationlog.aspect.ApiOperationLogAspect - ====== 请求开始: [热更新词典], 入参: , 请求类: com.evan.greennote.search.controller.ExtDictController, 请求方法: extDict =======
2026-02-04 23:51:48.907 [http-nio-8092-exec-1] INFO  c.e.f.b.operationlog.aspect.ApiOperationLogAspect - ====== 请求结束: [热更新词典], 耗时: 2ms, 出参: {"headers":{"ETag":["1243308403"],"Content-Type":["text/plain;charset=UTF-8"],"Last-Modified":["Sun, 25 Jan 2026 03:52:44 GMT"]},"body":"打工人\n打工魂\n社畜\n黑猴","statusCode":"OK","statusCodeValue":200}======
2026-02-04 23:52:44.450 [http-nio-8092-exec-2] INFO  c.e.f.b.operationlog.aspect.ApiOperationLogAspect - ====== 请求开始: [热更新词典], 入参: , 请求类: com.evan.greennote.search.controller.ExtDictController, 请求方法: extDict =======
2026-02-04 23:52:44.451 [http-nio-8092-exec-2] INFO  c.e.f.b.operationlog.aspect.ApiOperationLogAspect - ====== 请求结束: [热更新词典], 耗时: 1ms, 出参: {"headers":{"ETag":["1243308403"],"Content-Type":["text/plain;charset=UTF-8"],"Last-Modified":["Sun, 25 Jan 2026 03:52:44 GMT"]},"body":"打工人\n打工魂\n社畜\n黑猴","statusCode":"OK","statusCodeValue":200}======
2026-02-04 23:53:40.015 [http-nio-8092-exec-3] INFO  c.e.f.b.operationlog.aspect.ApiOperationLogAspect - ====== 请求开始: [热更新词典], 入参: , 请求类: com.evan.greennote.search.controller.ExtDictController, 请求方法: extDict =======
2026-02-04 23:53:40.016 [http-nio-8092-exec-3] INFO  c.e.f.b.operationlog.aspect.ApiOperationLogAspect - ====== 请求结束: [热更新词典], 耗时: 1ms, 出参: {"headers":{"ETag":["1243308403"],"Content-Type":["text/plain;charset=UTF-8"],"Last-Modified":["Sun, 25 Jan 2026 03:52:44 GMT"]},"body":"打工人\n打工魂\n社畜\n黑猴","statusCode":"OK","statusCodeValue":200}======
2026-02-04 23:54:35.609 [http-nio-8092-exec-4] INFO  c.e.f.b.operationlog.aspect.ApiOperationLogAspect - ====== 请求开始: [热更新词典], 入参: , 请求类: com.evan.greennote.search.controller.ExtDictController, 请求方法: extDict =======
2026-02-04 23:54:35.610 [http-nio-8092-exec-4] INFO  c.e.f.b.operationlog.aspect.ApiOperationLogAspect - ====== 请求结束: [热更新词典], 耗时: 1ms, 出参: {"headers":{"ETag":["1243308403"],"Content-Type":["text/plain;charset=UTF-8"],"Last-Modified":["Sun, 25 Jan 2026 03:52:44 GMT"]},"body":"打工人\n打工魂\n社畜\n黑猴","statusCode":"OK","statusCodeValue":200}======
2026-02-04 23:55:31.218 [http-nio-8092-exec-5] INFO  c.e.f.b.operationlog.aspect.ApiOperationLogAspect - ====== 请求开始: [热更新词典], 入参: , 请求类: com.evan.greennote.search.controller.ExtDictController, 请求方法: extDict =======
2026-02-04 23:55:31.219 [http-nio-8092-exec-5] INFO  c.e.f.b.operationlog.aspect.ApiOperationLogAspect - ====== 请求结束: [热更新词典], 耗时: 1ms, 出参: {"headers":{"ETag":["1243308403"],"Content-Type":["text/plain;charset=UTF-8"],"Last-Modified":["Sun, 25 Jan 2026 03:52:44 GMT"]},"body":"打工人\n打工魂\n社畜\n黑猴","statusCode":"OK","statusCodeValue":200}======
2026-02-04 23:56:26.809 [http-nio-8092-exec-6] INFO  c.e.f.b.operationlog.aspect.ApiOperationLogAspect - ====== 请求开始: [热更新词典], 入参: , 请求类: com.evan.greennote.search.controller.ExtDictController, 请求方法: extDict =======
2026-02-04 23:56:26.811 [http-nio-8092-exec-6] INFO  c.e.f.b.operationlog.aspect.ApiOperationLogAspect - ====== 请求结束: [热更新词典], 耗时: 1ms, 出参: {"headers":{"ETag":["1243308403"],"Content-Type":["text/plain;charset=UTF-8"],"Last-Modified":["Sun, 25 Jan 2026 03:52:44 GMT"]},"body":"打工人\n打工魂\n社畜\n黑猴","statusCode":"OK","statusCodeValue":200}======
2026-02-04 23:57:22.373 [http-nio-8092-exec-7] INFO  c.e.f.b.operationlog.aspect.ApiOperationLogAspect - ====== 请求开始: [热更新词典], 入参: , 请求类: com.evan.greennote.search.controller.ExtDictController, 请求方法: extDict =======
2026-02-04 23:57:22.374 [http-nio-8092-exec-7] INFO  c.e.f.b.operationlog.aspect.ApiOperationLogAspect - ====== 请求结束: [热更新词典], 耗时: 1ms, 出参: {"headers":{"ETag":["1243308403"],"Content-Type":["text/plain;charset=UTF-8"],"Last-Modified":["Sun, 25 Jan 2026 03:52:44 GMT"]},"body":"打工人\n打工魂\n社畜\n黑猴","statusCode":"OK","statusCodeValue":200}======
2026-02-04 23:58:17.881 [http-nio-8092-exec-9] INFO  c.e.f.b.operationlog.aspect.ApiOperationLogAspect - ====== 请求开始: [热更新词典], 入参: , 请求类: com.evan.greennote.search.controller.ExtDictController, 请求方法: extDict =======
2026-02-04 23:58:17.883 [http-nio-8092-exec-9] INFO  c.e.f.b.operationlog.aspect.ApiOperationLogAspect - ====== 请求结束: [热更新词典], 耗时: 1ms, 出参: {"headers":{"ETag":["1243308403"],"Content-Type":["text/plain;charset=UTF-8"],"Last-Modified":["Sun, 25 Jan 2026 03:52:44 GMT"]},"body":"打工人\n打工魂\n社畜\n黑猴","statusCode":"OK","statusCodeValue":200}======
2026-02-04 23:59:13.401 [http-nio-8092-exec-8] INFO  c.e.f.b.operationlog.aspect.ApiOperationLogAspect - ====== 请求开始: [热更新词典], 入参: , 请求类: com.evan.greennote.search.controller.ExtDictController, 请求方法: extDict =======
2026-02-04 23:59:13.403 [http-nio-8092-exec-8] INFO  c.e.f.b.operationlog.aspect.ApiOperationLogAspect - ====== 请求结束: [热更新词典], 耗时: 2ms, 出参: {"headers":{"ETag":["1243308403"],"Content-Type":["text/plain;charset=UTF-8"],"Last-Modified":["Sun, 25 Jan 2026 03:52:44 GMT"]},"body":"打工人\n打工魂\n社畜\n黑猴","statusCode":"OK","statusCodeValue":200}======
