2026-02-03 11:47:16.248 [main] WARN  com.alibaba.nacos.client.logging.NacosLogging - Load Logback Configuration of Nacos fail, message: Could not initialize Logback Nacos logging from classpath:nacos-logback.xml
2026-02-03 11:47:16.702 [main] WARN  com.alibaba.nacos.client.logging.NacosLogging - Load Logback Configuration of Nacos fail, message: Could not initialize Logback Nacos logging from classpath:nacos-logback.xml
2026-02-03 11:47:17.478 [main] WARN  com.alibaba.nacos.client.logging.NacosLogging - Load Logback Configuration of Nacos fail, message: Could not initialize Logback Nacos logging from classpath:nacos-logback.xml
2026-02-03 11:47:17.483 [main] INFO  com.alibaba.nacos.client.utils.ParamUtil - [settings] [req-serv] nacos-server port:8848
2026-02-03 11:47:17.484 [main] INFO  com.alibaba.nacos.client.utils.ParamUtil - [settings] [http-client] connect timeout:1000
2026-02-03 11:47:17.487 [main] INFO  com.alibaba.nacos.client.utils.ParamUtil - PER_TASK_CONFIG_SIZE: 3000.0
2026-02-03 11:47:17.568 [main] INFO  c.a.n.p.auth.spi.client.ClientAuthPluginManager - [ClientAuthPluginManager] Load ClientAuthService com.alibaba.nacos.client.auth.impl.NacosClientAuthServiceImpl success.
2026-02-03 11:47:17.568 [main] INFO  c.a.n.p.auth.spi.client.ClientAuthPluginManager - [ClientAuthPluginManager] Load ClientAuthService com.alibaba.nacos.client.auth.ram.RamClientAuthServiceImpl success.
2026-02-03 11:47:17.574 [main] INFO  c.a.n.client.auth.ram.identify.CredentialWatcher - null No credential found
2026-02-03 11:47:18.447 [main] WARN  com.alibaba.nacos.client.logging.NacosLogging - Load Logback Configuration of Nacos fail, message: Could not initialize Logback Nacos logging from classpath:nacos-logback.xml
2026-02-03 11:47:18.509 [main] INFO  c.a.n.client.config.impl.LocalConfigInfoProcessor - LOCAL_SNAPSHOT_PATH:C:\Users\12482\nacos\config
2026-02-03 11:47:18.518 [main] INFO  com.alibaba.nacos.common.remote.client - [RpcClientFactory] create a new rpc client of 61fdc79b-7ed2-40ae-9eb1-8ba9aaec7843_config-0
2026-02-03 11:47:18.594 [main] INFO  com.alibaba.nacos.common.remote.client - [61fdc79b-7ed2-40ae-9eb1-8ba9aaec7843_config-0] Register server push request handler:com.alibaba.nacos.client.config.impl.ClientWorker$ConfigRpcTransportClient$$Lambda$585/0x000002228938f3b0
2026-02-03 11:47:18.596 [main] INFO  com.alibaba.nacos.common.remote.client - [61fdc79b-7ed2-40ae-9eb1-8ba9aaec7843_config-0] Register server push request handler:com.alibaba.nacos.client.config.impl.ClientWorker$ConfigRpcTransportClient$$Lambda$586/0x000002228938f7d0
2026-02-03 11:47:18.596 [main] INFO  com.alibaba.nacos.common.remote.client - [61fdc79b-7ed2-40ae-9eb1-8ba9aaec7843_config-0] Registry connection listener to current client:com.alibaba.nacos.client.config.impl.ClientWorker$ConfigRpcTransportClient$1
2026-02-03 11:47:18.597 [main] INFO  com.alibaba.nacos.common.remote.client - [61fdc79b-7ed2-40ae-9eb1-8ba9aaec7843_config-0] RpcClient init, ServerListFactory = com.alibaba.nacos.client.config.impl.ClientWorker$ConfigRpcTransportClient$2
2026-02-03 11:47:18.613 [main] INFO  com.alibaba.nacos.common.remote.client - [61fdc79b-7ed2-40ae-9eb1-8ba9aaec7843_config-0] Try to connect to server on start up, server: {serverIp = '127.0.0.1', server main port = 8848}
2026-02-03 11:47:18.684 [main] INFO  c.a.nacos.common.remote.client.grpc.GrpcClient - grpc client connection server:127.0.0.1 ip,serverPort:9848,grpcTslConfig:{"sslProvider":"OPENSSL","enableTls":false,"mutualAuthEnable":false,"trustAll":false}
2026-02-03 11:47:20.274 [main] INFO  com.alibaba.nacos.common.remote.client - [61fdc79b-7ed2-40ae-9eb1-8ba9aaec7843_config-0] Success to connect to server [127.0.0.1:8848] on start up, connectionId = 1770140840017_127.0.0.1_13275
2026-02-03 11:47:20.275 [com.alibaba.nacos.client.remote.worker] INFO  com.alibaba.nacos.common.remote.client - [61fdc79b-7ed2-40ae-9eb1-8ba9aaec7843_config-0] Notify connected event to listeners.
2026-02-03 11:47:20.276 [com.alibaba.nacos.client.remote.worker] INFO  com.alibaba.nacos.client.config.impl.ClientWorker - [61fdc79b-7ed2-40ae-9eb1-8ba9aaec7843_config-0] Connected,notify listen context...
2026-02-03 11:47:20.276 [main] INFO  com.alibaba.nacos.common.remote.client - [61fdc79b-7ed2-40ae-9eb1-8ba9aaec7843_config-0] Register server push request handler:com.alibaba.nacos.common.remote.client.RpcClient$ConnectResetRequestHandler
2026-02-03 11:47:20.276 [main] INFO  com.alibaba.nacos.common.remote.client - [61fdc79b-7ed2-40ae-9eb1-8ba9aaec7843_config-0] Register server push request handler:com.alibaba.nacos.common.remote.client.RpcClient$$Lambda$606/0x00000222894da4e0
2026-02-03 11:47:20.365 [main] INFO  com.alibaba.nacos.client.config.impl.Limiter - limitTime:5.0
2026-02-03 11:47:20.404 [main] WARN  c.a.cloud.nacos.client.NacosPropertySourceBuilder - Ignore the empty nacos configuration and get it based on dataId[GreenNote-user-relation] & group[DEFAULT_GROUP]
2026-02-03 11:47:20.419 [main] WARN  c.a.cloud.nacos.client.NacosPropertySourceBuilder - Ignore the empty nacos configuration and get it based on dataId[GreenNote-user-relation.yaml] & group[DEFAULT_GROUP]
2026-02-03 11:47:20.437 [main] WARN  c.a.cloud.nacos.client.NacosPropertySourceBuilder - Ignore the empty nacos configuration and get it based on dataId[GreenNote-user-relation-dev.yaml] & group[DEFAULT_GROUP]
2026-02-03 11:47:20.439 [main] INFO  o.s.c.b.c.PropertySourceBootstrapConfiguration - Located property source: [BootstrapPropertySource {name='bootstrapProperties-GreenNote-user-relation-dev.yaml,DEFAULT_GROUP'}, BootstrapPropertySource {name='bootstrapProperties-GreenNote-user-relation.yaml,DEFAULT_GROUP'}, BootstrapPropertySource {name='bootstrapProperties-GreenNote-user-relation,DEFAULT_GROUP'}]
2026-02-03 11:47:20.485 [main] WARN  com.alibaba.nacos.client.logging.NacosLogging - Load Logback Configuration of Nacos fail, message: Could not initialize Logback Nacos logging from classpath:nacos-logback.xml
2026-02-03 11:47:20.486 [main] INFO  c.e.g.u.r.biz.GreenNoteUserRelationBizApplication - The following 1 profile is active: "dev"
2026-02-03 11:47:21.870 [main] INFO  o.s.d.r.config.RepositoryConfigurationDelegate - Multiple Spring Data modules found, entering strict repository configuration mode
2026-02-03 11:47:21.878 [main] INFO  o.s.d.r.config.RepositoryConfigurationDelegate - Bootstrapping Spring Data Redis repositories in DEFAULT mode.
2026-02-03 11:47:21.938 [main] INFO  o.s.d.r.config.RepositoryConfigurationDelegate - Finished Spring Data repository scanning in 26 ms. Found 0 Redis repository interfaces.
2026-02-03 11:47:22.341 [main] INFO  o.springframework.cloud.context.scope.GenericScope - BeanFactory id=ebe85f0e-18b9-3296-ae50-82871a95e36b
2026-02-03 11:47:22.413 [main] INFO  o.s.c.s.PostProcessorRegistrationDelegate$BeanPostProcessorChecker - Bean 'com.evan.greennote.search.api.FileFeignApi' of type [org.springframework.cloud.openfeign.FeignClientFactoryBean] is not eligible for getting processed by all BeanPostProcessors (for example: not eligible for auto-proxying)
2026-02-03 11:47:22.416 [main] INFO  o.s.c.s.PostProcessorRegistrationDelegate$BeanPostProcessorChecker - Bean 'com.evan.greennote.distributed.id.generator.api.DistributedIdGeneratorFeignApi' of type [org.springframework.cloud.openfeign.FeignClientFactoryBean] is not eligible for getting processed by all BeanPostProcessors (for example: not eligible for auto-proxying)
2026-02-03 11:47:22.418 [main] INFO  o.s.c.s.PostProcessorRegistrationDelegate$BeanPostProcessorChecker - Bean 'com.evan.greennote.user.api.UserFeignApi' of type [org.springframework.cloud.openfeign.FeignClientFactoryBean] is not eligible for getting processed by all BeanPostProcessors (for example: not eligible for auto-proxying)
2026-02-03 11:47:23.034 [main] INFO  o.s.c.s.PostProcessorRegistrationDelegate$BeanPostProcessorChecker - Bean 'org.apache.rocketmq.spring.autoconfigure.MessageConverterConfiguration' of type [org.apache.rocketmq.spring.autoconfigure.MessageConverterConfiguration$$SpringCGLIB$$0] is not eligible for getting processed by all BeanPostProcessors (for example: not eligible for auto-proxying)
2026-02-03 11:47:23.189 [main] INFO  o.s.c.s.PostProcessorRegistrationDelegate$BeanPostProcessorChecker - Bean 'createRocketMQMessageConverter' of type [org.apache.rocketmq.spring.support.RocketMQMessageConverter] is not eligible for getting processed by all BeanPostProcessors (for example: not eligible for auto-proxying)
2026-02-03 11:47:23.195 [main] INFO  o.s.c.s.PostProcessorRegistrationDelegate$BeanPostProcessorChecker - Bean 'org.springframework.cloud.commons.config.CommonsConfigAutoConfiguration' of type [org.springframework.cloud.commons.config.CommonsConfigAutoConfiguration] is not eligible for getting processed by all BeanPostProcessors (for example: not eligible for auto-proxying)
2026-02-03 11:47:23.203 [main] INFO  o.s.c.s.PostProcessorRegistrationDelegate$BeanPostProcessorChecker - Bean 'org.springframework.cloud.client.loadbalancer.LoadBalancerDefaultMappingsProviderAutoConfiguration' of type [org.springframework.cloud.client.loadbalancer.LoadBalancerDefaultMappingsProviderAutoConfiguration] is not eligible for getting processed by all BeanPostProcessors (for example: not eligible for auto-proxying)
2026-02-03 11:47:23.204 [main] INFO  o.s.c.s.PostProcessorRegistrationDelegate$BeanPostProcessorChecker - Bean 'loadBalancerClientsDefaultsMappingsProvider' of type [org.springframework.cloud.client.loadbalancer.LoadBalancerDefaultMappingsProviderAutoConfiguration$$Lambda$760/0x00000222896a6be8] is not eligible for getting processed by all BeanPostProcessors (for example: not eligible for auto-proxying)
2026-02-03 11:47:23.208 [main] INFO  o.s.c.s.PostProcessorRegistrationDelegate$BeanPostProcessorChecker - Bean 'defaultsBindHandlerAdvisor' of type [org.springframework.cloud.commons.config.DefaultsBindHandlerAdvisor] is not eligible for getting processed by all BeanPostProcessors (for example: not eligible for auto-proxying)
2026-02-03 11:47:23.222 [main] INFO  o.s.c.s.PostProcessorRegistrationDelegate$BeanPostProcessorChecker - Bean 'rocketmq-org.apache.rocketmq.spring.autoconfigure.RocketMQProperties' of type [org.apache.rocketmq.spring.autoconfigure.RocketMQProperties] is not eligible for getting processed by all BeanPostProcessors (for example: not eligible for auto-proxying)
2026-02-03 11:47:23.224 [main] INFO  o.s.c.s.PostProcessorRegistrationDelegate$BeanPostProcessorChecker - Bean 'org.apache.rocketmq.spring.autoconfigure.ListenerContainerConfiguration' of type [org.apache.rocketmq.spring.autoconfigure.ListenerContainerConfiguration$$SpringCGLIB$$0] is not eligible for getting processed by all BeanPostProcessors (for example: not eligible for auto-proxying)
2026-02-03 11:47:23.988 [main] INFO  o.s.boot.web.embedded.tomcat.TomcatWebServer - Tomcat initialized with port(s): 8087 (http)
2026-02-03 11:47:24.015 [main] INFO  org.apache.catalina.core.StandardService - Starting service [Tomcat]
2026-02-03 11:47:24.016 [main] INFO  org.apache.catalina.core.StandardEngine - Starting Servlet engine: [Apache Tomcat/10.1.5]
2026-02-03 11:47:24.323 [main] INFO  o.a.c.core.ContainerBase.[Tomcat].[localhost].[/] - Initializing Spring embedded WebApplicationContext
2026-02-03 11:47:24.325 [main] INFO  o.s.b.w.s.c.ServletWebServerApplicationContext - Root WebApplicationContext: initialization completed in 3803 ms
2026-02-03 11:47:24.550 [main] INFO  c.a.d.s.b.a.DruidDataSourceAutoConfigure - Init DruidDataSource
2026-02-03 11:47:25.733 [main] INFO  com.alibaba.druid.pool.DruidDataSource - {dataSource-1} inited
2026-02-03 11:47:28.164 [main] INFO  o.a.r.s.autoconfigure.RocketMQAutoConfiguration - a producer (greennote_group) init on namesrv 127.0.0.1:9876
2026-02-03 11:47:29.425 [main] INFO  o.a.r.s.support.DefaultRocketMQListenerContainer - running container: DefaultRocketMQListenerContainer{consumerGroup='greennote_groupFollowUnFollowTopic', namespace='', nameServer='127.0.0.1:9876', topic='FollowUnFollowTopic', consumeMode=ORDERLY, selectorType=TAG, selectorExpression='Follow||UnFollow', messageModel=CLUSTERING', tlsEnable=false, instanceName=DEFAULT}
2026-02-03 11:47:29.426 [main] INFO  o.a.r.s.a.ListenerContainerConfiguration - Register the listener to container, listenerBeanName:followUnfollowConsumer, containerBeanName:org.apache.rocketmq.spring.support.DefaultRocketMQListenerContainer_1
2026-02-03 11:47:29.682 [main] INFO  o.s.cloud.openfeign.FeignClientFactoryBean - For 'GreenNote-user' URL not provided. Will try picking an instance via load-balancing.
2026-02-03 11:47:31.342 [main] WARN  o.s.b.w.s.c.AnnotationConfigServletWebServerApplicationContext - Exception encountered during context initialization - cancelling refresh attempt: org.springframework.context.ApplicationContextException: Failed to start bean 'webServerStartStop'
2026-02-03 11:47:31.370 [NettyClientSelector_1] INFO  RocketmqRemoting - closeChannel: close the connection to remote address[127.0.0.1:9876] result: true
2026-02-03 11:47:31.370 [main] INFO  o.a.r.s.support.DefaultRocketMQListenerContainer - container destroyed, DefaultRocketMQListenerContainer{consumerGroup='greennote_groupFollowUnFollowTopic', namespace='', nameServer='127.0.0.1:9876', topic='FollowUnFollowTopic', consumeMode=ORDERLY, selectorType=TAG, selectorExpression='Follow||UnFollow', messageModel=CLUSTERING', tlsEnable=false, instanceName=DEFAULT}
2026-02-03 11:47:31.371 [NettyClientSelector_1] INFO  RocketmqRemoting - closeChannel: close the connection to remote address[127.0.0.1:10911] result: true
2026-02-03 11:47:31.381 [NettyClientSelector_1] INFO  RocketmqRemoting - closeChannel: close the connection to remote address[127.0.0.1:9876] result: true
2026-02-03 11:47:31.382 [NettyClientSelector_1] INFO  RocketmqRemoting - closeChannel: close the connection to remote address[127.0.0.1:10911] result: true
2026-02-03 11:47:31.402 [main] INFO  com.alibaba.druid.pool.DruidDataSource - {dataSource-1} closing ...
2026-02-03 11:47:31.412 [main] INFO  com.alibaba.druid.pool.DruidDataSource - {dataSource-1} closed
2026-02-03 11:47:31.413 [main] INFO  org.apache.catalina.core.StandardService - Stopping service [Tomcat]
2026-02-03 11:47:31.444 [main] INFO  o.s.b.a.logging.ConditionEvaluationReportLogger - 

Error starting ApplicationContext. To display the condition evaluation report re-run your application with 'debug' enabled.
2026-02-03 11:47:31.472 [main] ERROR o.s.b.diagnostics.LoggingFailureAnalysisReporter - 

***************************
APPLICATION FAILED TO START
***************************

Description:

Web server failed to start. Port 8087 was already in use.

Action:

Identify and stop the process that's listening on port 8087 or configure this application to listen on another port.

2026-02-03 11:47:34.424 [Thread-2] WARN  c.alibaba.nacos.common.http.HttpClientBeanHolder - [HttpClientBeanHolder] Start destroying common HttpClient
2026-02-03 11:47:34.424 [Thread-9] WARN  com.alibaba.nacos.common.notify.NotifyCenter - [NotifyCenter] Start destroying Publisher
2026-02-03 11:47:34.424 [Thread-9] WARN  com.alibaba.nacos.common.notify.NotifyCenter - [NotifyCenter] Destruction of the end
2026-02-03 11:52:02.671 [main] WARN  com.alibaba.nacos.client.logging.NacosLogging - Load Logback Configuration of Nacos fail, message: Could not initialize Logback Nacos logging from classpath:nacos-logback.xml
2026-02-03 11:52:02.783 [main] WARN  com.alibaba.nacos.client.logging.NacosLogging - Load Logback Configuration of Nacos fail, message: Could not initialize Logback Nacos logging from classpath:nacos-logback.xml
2026-02-03 11:52:03.175 [main] WARN  com.alibaba.nacos.client.logging.NacosLogging - Load Logback Configuration of Nacos fail, message: Could not initialize Logback Nacos logging from classpath:nacos-logback.xml
2026-02-03 11:52:03.179 [main] INFO  com.alibaba.nacos.client.utils.ParamUtil - [settings] [req-serv] nacos-server port:8848
2026-02-03 11:52:03.179 [main] INFO  com.alibaba.nacos.client.utils.ParamUtil - [settings] [http-client] connect timeout:1000
2026-02-03 11:52:03.181 [main] INFO  com.alibaba.nacos.client.utils.ParamUtil - PER_TASK_CONFIG_SIZE: 3000.0
2026-02-03 11:52:03.232 [main] INFO  c.a.n.p.auth.spi.client.ClientAuthPluginManager - [ClientAuthPluginManager] Load ClientAuthService com.alibaba.nacos.client.auth.impl.NacosClientAuthServiceImpl success.
2026-02-03 11:52:03.233 [main] INFO  c.a.n.p.auth.spi.client.ClientAuthPluginManager - [ClientAuthPluginManager] Load ClientAuthService com.alibaba.nacos.client.auth.ram.RamClientAuthServiceImpl success.
2026-02-03 11:52:03.240 [main] INFO  c.a.n.client.auth.ram.identify.CredentialWatcher - null No credential found
2026-02-03 11:52:03.857 [main] WARN  com.alibaba.nacos.client.logging.NacosLogging - Load Logback Configuration of Nacos fail, message: Could not initialize Logback Nacos logging from classpath:nacos-logback.xml
2026-02-03 11:52:03.900 [main] INFO  c.a.n.client.config.impl.LocalConfigInfoProcessor - LOCAL_SNAPSHOT_PATH:C:\Users\12482\nacos\config
2026-02-03 11:52:03.910 [main] INFO  com.alibaba.nacos.common.remote.client - [RpcClientFactory] create a new rpc client of f331a3a9-1f17-4e08-9458-349e191c0f58_config-0
2026-02-03 11:52:03.970 [main] INFO  com.alibaba.nacos.common.remote.client - [f331a3a9-1f17-4e08-9458-349e191c0f58_config-0] Register server push request handler:com.alibaba.nacos.client.config.impl.ClientWorker$ConfigRpcTransportClient$$Lambda$585/0x0000021a9438f4b0
2026-02-03 11:52:03.972 [main] INFO  com.alibaba.nacos.common.remote.client - [f331a3a9-1f17-4e08-9458-349e191c0f58_config-0] Register server push request handler:com.alibaba.nacos.client.config.impl.ClientWorker$ConfigRpcTransportClient$$Lambda$586/0x0000021a9438f8d0
2026-02-03 11:52:03.974 [main] INFO  com.alibaba.nacos.common.remote.client - [f331a3a9-1f17-4e08-9458-349e191c0f58_config-0] Registry connection listener to current client:com.alibaba.nacos.client.config.impl.ClientWorker$ConfigRpcTransportClient$1
2026-02-03 11:52:03.974 [main] INFO  com.alibaba.nacos.common.remote.client - [f331a3a9-1f17-4e08-9458-349e191c0f58_config-0] RpcClient init, ServerListFactory = com.alibaba.nacos.client.config.impl.ClientWorker$ConfigRpcTransportClient$2
2026-02-03 11:52:03.998 [main] INFO  com.alibaba.nacos.common.remote.client - [f331a3a9-1f17-4e08-9458-349e191c0f58_config-0] Try to connect to server on start up, server: {serverIp = '127.0.0.1', server main port = 8848}
2026-02-03 11:52:04.082 [main] INFO  c.a.nacos.common.remote.client.grpc.GrpcClient - grpc client connection server:127.0.0.1 ip,serverPort:9848,grpcTslConfig:{"sslProvider":"OPENSSL","enableTls":false,"mutualAuthEnable":false,"trustAll":false}
2026-02-03 11:52:06.026 [main] INFO  com.alibaba.nacos.common.remote.client - [f331a3a9-1f17-4e08-9458-349e191c0f58_config-0] Success to connect to server [127.0.0.1:8848] on start up, connectionId = 1770141125713_127.0.0.1_6646
2026-02-03 11:52:06.027 [com.alibaba.nacos.client.remote.worker] INFO  com.alibaba.nacos.common.remote.client - [f331a3a9-1f17-4e08-9458-349e191c0f58_config-0] Notify connected event to listeners.
2026-02-03 11:52:06.027 [com.alibaba.nacos.client.remote.worker] INFO  com.alibaba.nacos.client.config.impl.ClientWorker - [f331a3a9-1f17-4e08-9458-349e191c0f58_config-0] Connected,notify listen context...
2026-02-03 11:52:06.028 [main] INFO  com.alibaba.nacos.common.remote.client - [f331a3a9-1f17-4e08-9458-349e191c0f58_config-0] Register server push request handler:com.alibaba.nacos.common.remote.client.RpcClient$ConnectResetRequestHandler
2026-02-03 11:52:06.028 [main] INFO  com.alibaba.nacos.common.remote.client - [f331a3a9-1f17-4e08-9458-349e191c0f58_config-0] Register server push request handler:com.alibaba.nacos.common.remote.client.RpcClient$$Lambda$606/0x0000021a944d7068
2026-02-03 11:52:06.201 [main] INFO  com.alibaba.nacos.client.config.impl.Limiter - limitTime:5.0
2026-02-03 11:52:06.266 [main] WARN  c.a.cloud.nacos.client.NacosPropertySourceBuilder - Ignore the empty nacos configuration and get it based on dataId[GreenNote-user-relation] & group[DEFAULT_GROUP]
2026-02-03 11:52:06.299 [main] WARN  c.a.cloud.nacos.client.NacosPropertySourceBuilder - Ignore the empty nacos configuration and get it based on dataId[GreenNote-user-relation.yaml] & group[DEFAULT_GROUP]
2026-02-03 11:52:06.325 [main] WARN  c.a.cloud.nacos.client.NacosPropertySourceBuilder - Ignore the empty nacos configuration and get it based on dataId[GreenNote-user-relation-dev.yaml] & group[DEFAULT_GROUP]
2026-02-03 11:52:06.330 [main] INFO  o.s.c.b.c.PropertySourceBootstrapConfiguration - Located property source: [BootstrapPropertySource {name='bootstrapProperties-GreenNote-user-relation-dev.yaml,DEFAULT_GROUP'}, BootstrapPropertySource {name='bootstrapProperties-GreenNote-user-relation.yaml,DEFAULT_GROUP'}, BootstrapPropertySource {name='bootstrapProperties-GreenNote-user-relation,DEFAULT_GROUP'}]
2026-02-03 11:52:06.423 [main] WARN  com.alibaba.nacos.client.logging.NacosLogging - Load Logback Configuration of Nacos fail, message: Could not initialize Logback Nacos logging from classpath:nacos-logback.xml
2026-02-03 11:52:06.424 [main] INFO  c.e.g.u.r.biz.GreenNoteUserRelationBizApplication - The following 1 profile is active: "dev"
2026-02-03 11:52:09.765 [main] INFO  o.s.d.r.config.RepositoryConfigurationDelegate - Multiple Spring Data modules found, entering strict repository configuration mode
2026-02-03 11:52:09.774 [main] INFO  o.s.d.r.config.RepositoryConfigurationDelegate - Bootstrapping Spring Data Redis repositories in DEFAULT mode.
2026-02-03 11:52:09.857 [main] INFO  o.s.d.r.config.RepositoryConfigurationDelegate - Finished Spring Data repository scanning in 41 ms. Found 0 Redis repository interfaces.
2026-02-03 11:52:10.702 [main] INFO  o.springframework.cloud.context.scope.GenericScope - BeanFactory id=ebe85f0e-18b9-3296-ae50-82871a95e36b
2026-02-03 11:52:10.798 [main] INFO  o.s.c.s.PostProcessorRegistrationDelegate$BeanPostProcessorChecker - Bean 'com.evan.greennote.search.api.FileFeignApi' of type [org.springframework.cloud.openfeign.FeignClientFactoryBean] is not eligible for getting processed by all BeanPostProcessors (for example: not eligible for auto-proxying)
2026-02-03 11:52:10.801 [main] INFO  o.s.c.s.PostProcessorRegistrationDelegate$BeanPostProcessorChecker - Bean 'com.evan.greennote.distributed.id.generator.api.DistributedIdGeneratorFeignApi' of type [org.springframework.cloud.openfeign.FeignClientFactoryBean] is not eligible for getting processed by all BeanPostProcessors (for example: not eligible for auto-proxying)
2026-02-03 11:52:10.805 [main] INFO  o.s.c.s.PostProcessorRegistrationDelegate$BeanPostProcessorChecker - Bean 'com.evan.greennote.user.api.UserFeignApi' of type [org.springframework.cloud.openfeign.FeignClientFactoryBean] is not eligible for getting processed by all BeanPostProcessors (for example: not eligible for auto-proxying)
2026-02-03 11:52:11.434 [main] INFO  o.s.c.s.PostProcessorRegistrationDelegate$BeanPostProcessorChecker - Bean 'org.apache.rocketmq.spring.autoconfigure.MessageConverterConfiguration' of type [org.apache.rocketmq.spring.autoconfigure.MessageConverterConfiguration$$SpringCGLIB$$0] is not eligible for getting processed by all BeanPostProcessors (for example: not eligible for auto-proxying)
2026-02-03 11:52:11.574 [main] INFO  o.s.c.s.PostProcessorRegistrationDelegate$BeanPostProcessorChecker - Bean 'createRocketMQMessageConverter' of type [org.apache.rocketmq.spring.support.RocketMQMessageConverter] is not eligible for getting processed by all BeanPostProcessors (for example: not eligible for auto-proxying)
2026-02-03 11:52:11.581 [main] INFO  o.s.c.s.PostProcessorRegistrationDelegate$BeanPostProcessorChecker - Bean 'org.springframework.cloud.commons.config.CommonsConfigAutoConfiguration' of type [org.springframework.cloud.commons.config.CommonsConfigAutoConfiguration] is not eligible for getting processed by all BeanPostProcessors (for example: not eligible for auto-proxying)
2026-02-03 11:52:11.588 [main] INFO  o.s.c.s.PostProcessorRegistrationDelegate$BeanPostProcessorChecker - Bean 'org.springframework.cloud.client.loadbalancer.LoadBalancerDefaultMappingsProviderAutoConfiguration' of type [org.springframework.cloud.client.loadbalancer.LoadBalancerDefaultMappingsProviderAutoConfiguration] is not eligible for getting processed by all BeanPostProcessors (for example: not eligible for auto-proxying)
2026-02-03 11:52:11.589 [main] INFO  o.s.c.s.PostProcessorRegistrationDelegate$BeanPostProcessorChecker - Bean 'loadBalancerClientsDefaultsMappingsProvider' of type [org.springframework.cloud.client.loadbalancer.LoadBalancerDefaultMappingsProviderAutoConfiguration$$Lambda$760/0x0000021a946a3a00] is not eligible for getting processed by all BeanPostProcessors (for example: not eligible for auto-proxying)
2026-02-03 11:52:11.594 [main] INFO  o.s.c.s.PostProcessorRegistrationDelegate$BeanPostProcessorChecker - Bean 'defaultsBindHandlerAdvisor' of type [org.springframework.cloud.commons.config.DefaultsBindHandlerAdvisor] is not eligible for getting processed by all BeanPostProcessors (for example: not eligible for auto-proxying)
2026-02-03 11:52:11.606 [main] INFO  o.s.c.s.PostProcessorRegistrationDelegate$BeanPostProcessorChecker - Bean 'rocketmq-org.apache.rocketmq.spring.autoconfigure.RocketMQProperties' of type [org.apache.rocketmq.spring.autoconfigure.RocketMQProperties] is not eligible for getting processed by all BeanPostProcessors (for example: not eligible for auto-proxying)
2026-02-03 11:52:11.609 [main] INFO  o.s.c.s.PostProcessorRegistrationDelegate$BeanPostProcessorChecker - Bean 'org.apache.rocketmq.spring.autoconfigure.ListenerContainerConfiguration' of type [org.apache.rocketmq.spring.autoconfigure.ListenerContainerConfiguration$$SpringCGLIB$$0] is not eligible for getting processed by all BeanPostProcessors (for example: not eligible for auto-proxying)
2026-02-03 11:52:12.199 [main] INFO  o.s.boot.web.embedded.tomcat.TomcatWebServer - Tomcat initialized with port(s): 8087 (http)
2026-02-03 11:52:12.224 [main] INFO  org.apache.catalina.core.StandardService - Starting service [Tomcat]
2026-02-03 11:52:12.226 [main] INFO  org.apache.catalina.core.StandardEngine - Starting Servlet engine: [Apache Tomcat/10.1.5]
2026-02-03 11:52:12.476 [main] INFO  o.a.c.core.ContainerBase.[Tomcat].[localhost].[/] - Initializing Spring embedded WebApplicationContext
2026-02-03 11:52:12.476 [main] INFO  o.s.b.w.s.c.ServletWebServerApplicationContext - Root WebApplicationContext: initialization completed in 5980 ms
2026-02-03 11:52:12.675 [main] INFO  c.a.d.s.b.a.DruidDataSourceAutoConfigure - Init DruidDataSource
2026-02-03 11:52:13.341 [main] INFO  com.alibaba.druid.pool.DruidDataSource - {dataSource-1} inited
2026-02-03 11:52:14.909 [main] INFO  o.a.r.s.autoconfigure.RocketMQAutoConfiguration - a producer (greennote_group) init on namesrv 127.0.0.1:9876
2026-02-03 11:52:15.807 [main] INFO  o.a.r.s.support.DefaultRocketMQListenerContainer - running container: DefaultRocketMQListenerContainer{consumerGroup='greennote_groupFollowUnFollowTopic', namespace='', nameServer='127.0.0.1:9876', topic='FollowUnFollowTopic', consumeMode=ORDERLY, selectorType=TAG, selectorExpression='Follow||UnFollow', messageModel=CLUSTERING', tlsEnable=false, instanceName=DEFAULT}
2026-02-03 11:52:15.807 [main] INFO  o.a.r.s.a.ListenerContainerConfiguration - Register the listener to container, listenerBeanName:followUnfollowConsumer, containerBeanName:org.apache.rocketmq.spring.support.DefaultRocketMQListenerContainer_1
2026-02-03 11:52:16.103 [main] INFO  o.s.cloud.openfeign.FeignClientFactoryBean - For 'GreenNote-user' URL not provided. Will try picking an instance via load-balancing.
2026-02-03 11:52:19.340 [main] WARN  o.s.b.w.s.c.AnnotationConfigServletWebServerApplicationContext - Exception encountered during context initialization - cancelling refresh attempt: org.springframework.context.ApplicationContextException: Failed to start bean 'webServerStartStop'
2026-02-03 11:52:19.368 [main] INFO  o.a.r.s.support.DefaultRocketMQListenerContainer - container destroyed, DefaultRocketMQListenerContainer{consumerGroup='greennote_groupFollowUnFollowTopic', namespace='', nameServer='127.0.0.1:9876', topic='FollowUnFollowTopic', consumeMode=ORDERLY, selectorType=TAG, selectorExpression='Follow||UnFollow', messageModel=CLUSTERING', tlsEnable=false, instanceName=DEFAULT}
2026-02-03 11:52:19.369 [NettyClientSelector_1] INFO  RocketmqRemoting - closeChannel: close the connection to remote address[127.0.0.1:10911] result: true
2026-02-03 11:52:19.369 [NettyClientSelector_1] INFO  RocketmqRemoting - closeChannel: close the connection to remote address[127.0.0.1:9876] result: true
2026-02-03 11:52:19.378 [NettyClientSelector_1] INFO  RocketmqRemoting - closeChannel: close the connection to remote address[127.0.0.1:9876] result: true
2026-02-03 11:52:19.378 [NettyClientSelector_1] INFO  RocketmqRemoting - closeChannel: close the connection to remote address[127.0.0.1:10911] result: true
2026-02-03 11:52:19.407 [main] INFO  com.alibaba.druid.pool.DruidDataSource - {dataSource-1} closing ...
2026-02-03 11:52:19.418 [main] INFO  com.alibaba.druid.pool.DruidDataSource - {dataSource-1} closed
2026-02-03 11:52:19.420 [main] INFO  org.apache.catalina.core.StandardService - Stopping service [Tomcat]
2026-02-03 11:52:19.460 [main] INFO  o.s.b.a.logging.ConditionEvaluationReportLogger - 

Error starting ApplicationContext. To display the condition evaluation report re-run your application with 'debug' enabled.
2026-02-03 11:52:19.499 [main] ERROR o.s.b.diagnostics.LoggingFailureAnalysisReporter - 

***************************
APPLICATION FAILED TO START
***************************

Description:

Web server failed to start. Port 8087 was already in use.

Action:

Identify and stop the process that's listening on port 8087 or configure this application to listen on another port.

2026-02-03 11:52:22.435 [Thread-2] WARN  c.alibaba.nacos.common.http.HttpClientBeanHolder - [HttpClientBeanHolder] Start destroying common HttpClient
2026-02-03 11:59:02.163 [main] WARN  com.alibaba.nacos.client.logging.NacosLogging - Load Logback Configuration of Nacos fail, message: Could not initialize Logback Nacos logging from classpath:nacos-logback.xml
2026-02-03 11:59:02.280 [main] WARN  com.alibaba.nacos.client.logging.NacosLogging - Load Logback Configuration of Nacos fail, message: Could not initialize Logback Nacos logging from classpath:nacos-logback.xml
2026-02-03 11:59:02.683 [main] WARN  com.alibaba.nacos.client.logging.NacosLogging - Load Logback Configuration of Nacos fail, message: Could not initialize Logback Nacos logging from classpath:nacos-logback.xml
2026-02-03 11:59:02.686 [main] INFO  com.alibaba.nacos.client.utils.ParamUtil - [settings] [req-serv] nacos-server port:8848
2026-02-03 11:59:02.686 [main] INFO  com.alibaba.nacos.client.utils.ParamUtil - [settings] [http-client] connect timeout:1000
2026-02-03 11:59:02.688 [main] INFO  com.alibaba.nacos.client.utils.ParamUtil - PER_TASK_CONFIG_SIZE: 3000.0
2026-02-03 11:59:02.743 [main] INFO  c.a.n.p.auth.spi.client.ClientAuthPluginManager - [ClientAuthPluginManager] Load ClientAuthService com.alibaba.nacos.client.auth.impl.NacosClientAuthServiceImpl success.
2026-02-03 11:59:02.743 [main] INFO  c.a.n.p.auth.spi.client.ClientAuthPluginManager - [ClientAuthPluginManager] Load ClientAuthService com.alibaba.nacos.client.auth.ram.RamClientAuthServiceImpl success.
2026-02-03 11:59:02.748 [main] INFO  c.a.n.client.auth.ram.identify.CredentialWatcher - null No credential found
2026-02-03 11:59:03.219 [main] WARN  com.alibaba.nacos.client.logging.NacosLogging - Load Logback Configuration of Nacos fail, message: Could not initialize Logback Nacos logging from classpath:nacos-logback.xml
2026-02-03 11:59:03.250 [main] INFO  c.a.n.client.config.impl.LocalConfigInfoProcessor - LOCAL_SNAPSHOT_PATH:C:\Users\12482\nacos\config
2026-02-03 11:59:03.257 [main] INFO  com.alibaba.nacos.common.remote.client - [RpcClientFactory] create a new rpc client of af6234ae-8006-488f-aa84-872d9700451e_config-0
2026-02-03 11:59:03.300 [main] INFO  com.alibaba.nacos.common.remote.client - [af6234ae-8006-488f-aa84-872d9700451e_config-0] Register server push request handler:com.alibaba.nacos.client.config.impl.ClientWorker$ConfigRpcTransportClient$$Lambda$586/0x000001e6b2391540
2026-02-03 11:59:03.300 [main] INFO  com.alibaba.nacos.common.remote.client - [af6234ae-8006-488f-aa84-872d9700451e_config-0] Register server push request handler:com.alibaba.nacos.client.config.impl.ClientWorker$ConfigRpcTransportClient$$Lambda$587/0x000001e6b2391960
2026-02-03 11:59:03.302 [main] INFO  com.alibaba.nacos.common.remote.client - [af6234ae-8006-488f-aa84-872d9700451e_config-0] Registry connection listener to current client:com.alibaba.nacos.client.config.impl.ClientWorker$ConfigRpcTransportClient$1
2026-02-03 11:59:03.303 [main] INFO  com.alibaba.nacos.common.remote.client - [af6234ae-8006-488f-aa84-872d9700451e_config-0] RpcClient init, ServerListFactory = com.alibaba.nacos.client.config.impl.ClientWorker$ConfigRpcTransportClient$2
2026-02-03 11:59:03.324 [main] INFO  com.alibaba.nacos.common.remote.client - [af6234ae-8006-488f-aa84-872d9700451e_config-0] Try to connect to server on start up, server: {serverIp = '127.0.0.1', server main port = 8848}
2026-02-03 11:59:03.384 [main] INFO  c.a.nacos.common.remote.client.grpc.GrpcClient - grpc client connection server:127.0.0.1 ip,serverPort:9848,grpcTslConfig:{"sslProvider":"OPENSSL","enableTls":false,"mutualAuthEnable":false,"trustAll":false}
2026-02-03 11:59:04.968 [main] INFO  com.alibaba.nacos.common.remote.client - [af6234ae-8006-488f-aa84-872d9700451e_config-0] Success to connect to server [127.0.0.1:8848] on start up, connectionId = 1770141544697_127.0.0.1_41059
2026-02-03 11:59:04.970 [com.alibaba.nacos.client.remote.worker] INFO  com.alibaba.nacos.common.remote.client - [af6234ae-8006-488f-aa84-872d9700451e_config-0] Notify connected event to listeners.
2026-02-03 11:59:04.970 [com.alibaba.nacos.client.remote.worker] INFO  com.alibaba.nacos.client.config.impl.ClientWorker - [af6234ae-8006-488f-aa84-872d9700451e_config-0] Connected,notify listen context...
2026-02-03 11:59:04.970 [main] INFO  com.alibaba.nacos.common.remote.client - [af6234ae-8006-488f-aa84-872d9700451e_config-0] Register server push request handler:com.alibaba.nacos.common.remote.client.RpcClient$ConnectResetRequestHandler
2026-02-03 11:59:04.970 [main] INFO  com.alibaba.nacos.common.remote.client - [af6234ae-8006-488f-aa84-872d9700451e_config-0] Register server push request handler:com.alibaba.nacos.common.remote.client.RpcClient$$Lambda$607/0x000001e6b24d7be0
2026-02-03 11:59:05.063 [main] INFO  com.alibaba.nacos.client.config.impl.Limiter - limitTime:5.0
2026-02-03 11:59:05.103 [main] WARN  c.a.cloud.nacos.client.NacosPropertySourceBuilder - Ignore the empty nacos configuration and get it based on dataId[GreenNote-user-relation] & group[DEFAULT_GROUP]
2026-02-03 11:59:05.120 [main] WARN  c.a.cloud.nacos.client.NacosPropertySourceBuilder - Ignore the empty nacos configuration and get it based on dataId[GreenNote-user-relation.yaml] & group[DEFAULT_GROUP]
2026-02-03 11:59:05.136 [main] WARN  c.a.cloud.nacos.client.NacosPropertySourceBuilder - Ignore the empty nacos configuration and get it based on dataId[GreenNote-user-relation-dev.yaml] & group[DEFAULT_GROUP]
2026-02-03 11:59:05.138 [main] INFO  o.s.c.b.c.PropertySourceBootstrapConfiguration - Located property source: [BootstrapPropertySource {name='bootstrapProperties-GreenNote-user-relation-dev.yaml,DEFAULT_GROUP'}, BootstrapPropertySource {name='bootstrapProperties-GreenNote-user-relation.yaml,DEFAULT_GROUP'}, BootstrapPropertySource {name='bootstrapProperties-GreenNote-user-relation,DEFAULT_GROUP'}]
2026-02-03 11:59:05.185 [main] WARN  com.alibaba.nacos.client.logging.NacosLogging - Load Logback Configuration of Nacos fail, message: Could not initialize Logback Nacos logging from classpath:nacos-logback.xml
2026-02-03 11:59:05.185 [main] INFO  c.e.g.u.r.biz.GreenNoteUserRelationBizApplication - The following 1 profile is active: "dev"
2026-02-03 11:59:06.575 [main] INFO  o.s.d.r.config.RepositoryConfigurationDelegate - Multiple Spring Data modules found, entering strict repository configuration mode
2026-02-03 11:59:06.583 [main] INFO  o.s.d.r.config.RepositoryConfigurationDelegate - Bootstrapping Spring Data Redis repositories in DEFAULT mode.
2026-02-03 11:59:06.643 [main] INFO  o.s.d.r.config.RepositoryConfigurationDelegate - Finished Spring Data repository scanning in 24 ms. Found 0 Redis repository interfaces.
2026-02-03 11:59:07.072 [main] INFO  o.springframework.cloud.context.scope.GenericScope - BeanFactory id=ebe85f0e-18b9-3296-ae50-82871a95e36b
2026-02-03 11:59:07.143 [main] INFO  o.s.c.s.PostProcessorRegistrationDelegate$BeanPostProcessorChecker - Bean 'com.evan.greennote.search.api.FileFeignApi' of type [org.springframework.cloud.openfeign.FeignClientFactoryBean] is not eligible for getting processed by all BeanPostProcessors (for example: not eligible for auto-proxying)
2026-02-03 11:59:07.146 [main] INFO  o.s.c.s.PostProcessorRegistrationDelegate$BeanPostProcessorChecker - Bean 'com.evan.greennote.distributed.id.generator.api.DistributedIdGeneratorFeignApi' of type [org.springframework.cloud.openfeign.FeignClientFactoryBean] is not eligible for getting processed by all BeanPostProcessors (for example: not eligible for auto-proxying)
2026-02-03 11:59:07.149 [main] INFO  o.s.c.s.PostProcessorRegistrationDelegate$BeanPostProcessorChecker - Bean 'com.evan.greennote.user.api.UserFeignApi' of type [org.springframework.cloud.openfeign.FeignClientFactoryBean] is not eligible for getting processed by all BeanPostProcessors (for example: not eligible for auto-proxying)
2026-02-03 11:59:07.767 [main] INFO  o.s.c.s.PostProcessorRegistrationDelegate$BeanPostProcessorChecker - Bean 'org.apache.rocketmq.spring.autoconfigure.MessageConverterConfiguration' of type [org.apache.rocketmq.spring.autoconfigure.MessageConverterConfiguration$$SpringCGLIB$$0] is not eligible for getting processed by all BeanPostProcessors (for example: not eligible for auto-proxying)
2026-02-03 11:59:07.896 [main] INFO  o.s.c.s.PostProcessorRegistrationDelegate$BeanPostProcessorChecker - Bean 'createRocketMQMessageConverter' of type [org.apache.rocketmq.spring.support.RocketMQMessageConverter] is not eligible for getting processed by all BeanPostProcessors (for example: not eligible for auto-proxying)
2026-02-03 11:59:07.902 [main] INFO  o.s.c.s.PostProcessorRegistrationDelegate$BeanPostProcessorChecker - Bean 'org.springframework.cloud.commons.config.CommonsConfigAutoConfiguration' of type [org.springframework.cloud.commons.config.CommonsConfigAutoConfiguration] is not eligible for getting processed by all BeanPostProcessors (for example: not eligible for auto-proxying)
2026-02-03 11:59:07.908 [main] INFO  o.s.c.s.PostProcessorRegistrationDelegate$BeanPostProcessorChecker - Bean 'org.springframework.cloud.client.loadbalancer.LoadBalancerDefaultMappingsProviderAutoConfiguration' of type [org.springframework.cloud.client.loadbalancer.LoadBalancerDefaultMappingsProviderAutoConfiguration] is not eligible for getting processed by all BeanPostProcessors (for example: not eligible for auto-proxying)
2026-02-03 11:59:07.908 [main] INFO  o.s.c.s.PostProcessorRegistrationDelegate$BeanPostProcessorChecker - Bean 'loadBalancerClientsDefaultsMappingsProvider' of type [org.springframework.cloud.client.loadbalancer.LoadBalancerDefaultMappingsProviderAutoConfiguration$$Lambda$761/0x000001e6b26a75d0] is not eligible for getting processed by all BeanPostProcessors (for example: not eligible for auto-proxying)
2026-02-03 11:59:07.913 [main] INFO  o.s.c.s.PostProcessorRegistrationDelegate$BeanPostProcessorChecker - Bean 'defaultsBindHandlerAdvisor' of type [org.springframework.cloud.commons.config.DefaultsBindHandlerAdvisor] is not eligible for getting processed by all BeanPostProcessors (for example: not eligible for auto-proxying)
2026-02-03 11:59:07.922 [main] INFO  o.s.c.s.PostProcessorRegistrationDelegate$BeanPostProcessorChecker - Bean 'rocketmq-org.apache.rocketmq.spring.autoconfigure.RocketMQProperties' of type [org.apache.rocketmq.spring.autoconfigure.RocketMQProperties] is not eligible for getting processed by all BeanPostProcessors (for example: not eligible for auto-proxying)
2026-02-03 11:59:07.924 [main] INFO  o.s.c.s.PostProcessorRegistrationDelegate$BeanPostProcessorChecker - Bean 'org.apache.rocketmq.spring.autoconfigure.ListenerContainerConfiguration' of type [org.apache.rocketmq.spring.autoconfigure.ListenerContainerConfiguration$$SpringCGLIB$$0] is not eligible for getting processed by all BeanPostProcessors (for example: not eligible for auto-proxying)
2026-02-03 11:59:08.478 [main] INFO  o.s.boot.web.embedded.tomcat.TomcatWebServer - Tomcat initialized with port(s): 8087 (http)
2026-02-03 11:59:08.504 [main] INFO  org.apache.catalina.core.StandardService - Starting service [Tomcat]
2026-02-03 11:59:08.504 [main] INFO  org.apache.catalina.core.StandardEngine - Starting Servlet engine: [Apache Tomcat/10.1.5]
2026-02-03 11:59:08.696 [main] INFO  o.a.c.core.ContainerBase.[Tomcat].[localhost].[/] - Initializing Spring embedded WebApplicationContext
2026-02-03 11:59:08.697 [main] INFO  o.s.b.w.s.c.ServletWebServerApplicationContext - Root WebApplicationContext: initialization completed in 3478 ms
2026-02-03 11:59:08.879 [main] INFO  c.a.d.s.b.a.DruidDataSourceAutoConfigure - Init DruidDataSource
2026-02-03 11:59:09.495 [main] INFO  com.alibaba.druid.pool.DruidDataSource - {dataSource-1} inited
2026-02-03 11:59:11.036 [main] INFO  o.a.r.s.autoconfigure.RocketMQAutoConfiguration - a producer (greennote_group) init on namesrv 127.0.0.1:9876
2026-02-03 11:59:11.748 [main] INFO  o.a.r.s.support.DefaultRocketMQListenerContainer - running container: DefaultRocketMQListenerContainer{consumerGroup='greennote_groupFollowUnFollowTopic', namespace='', nameServer='127.0.0.1:9876', topic='FollowUnFollowTopic', consumeMode=ORDERLY, selectorType=TAG, selectorExpression='Follow||UnFollow', messageModel=CLUSTERING', tlsEnable=false, instanceName=DEFAULT}
2026-02-03 11:59:11.748 [main] INFO  o.a.r.s.a.ListenerContainerConfiguration - Register the listener to container, listenerBeanName:followUnfollowConsumer, containerBeanName:org.apache.rocketmq.spring.support.DefaultRocketMQListenerContainer_1
2026-02-03 11:59:12.028 [main] INFO  o.s.cloud.openfeign.FeignClientFactoryBean - For 'GreenNote-user' URL not provided. Will try picking an instance via load-balancing.
2026-02-03 11:59:14.051 [main] WARN  o.s.b.w.s.c.AnnotationConfigServletWebServerApplicationContext - Exception encountered during context initialization - cancelling refresh attempt: org.springframework.context.ApplicationContextException: Failed to start bean 'webServerStartStop'
2026-02-03 11:59:14.093 [NettyClientSelector_1] INFO  RocketmqRemoting - closeChannel: close the connection to remote address[127.0.0.1:9876] result: true
2026-02-03 11:59:14.093 [main] INFO  o.a.r.s.support.DefaultRocketMQListenerContainer - container destroyed, DefaultRocketMQListenerContainer{consumerGroup='greennote_groupFollowUnFollowTopic', namespace='', nameServer='127.0.0.1:9876', topic='FollowUnFollowTopic', consumeMode=ORDERLY, selectorType=TAG, selectorExpression='Follow||UnFollow', messageModel=CLUSTERING', tlsEnable=false, instanceName=DEFAULT}
2026-02-03 11:59:14.096 [NettyClientSelector_1] INFO  RocketmqRemoting - closeChannel: close the connection to remote address[127.0.0.1:10911] result: true
2026-02-03 11:59:14.106 [NettyClientSelector_1] INFO  RocketmqRemoting - closeChannel: close the connection to remote address[127.0.0.1:9876] result: true
2026-02-03 11:59:14.106 [NettyClientSelector_1] INFO  RocketmqRemoting - closeChannel: close the connection to remote address[127.0.0.1:10911] result: true
2026-02-03 11:59:14.137 [main] INFO  com.alibaba.druid.pool.DruidDataSource - {dataSource-1} closing ...
2026-02-03 11:59:14.149 [main] INFO  com.alibaba.druid.pool.DruidDataSource - {dataSource-1} closed
2026-02-03 11:59:14.150 [main] INFO  org.apache.catalina.core.StandardService - Stopping service [Tomcat]
2026-02-03 11:59:14.190 [main] INFO  o.s.b.a.logging.ConditionEvaluationReportLogger - 

Error starting ApplicationContext. To display the condition evaluation report re-run your application with 'debug' enabled.
2026-02-03 11:59:14.230 [main] ERROR o.s.b.diagnostics.LoggingFailureAnalysisReporter - 

***************************
APPLICATION FAILED TO START
***************************

Description:

Web server failed to start. Port 8087 was already in use.

Action:

Identify and stop the process that's listening on port 8087 or configure this application to listen on another port.

2026-02-03 11:59:17.173 [Thread-2] WARN  c.alibaba.nacos.common.http.HttpClientBeanHolder - [HttpClientBeanHolder] Start destroying common HttpClient
2026-02-03 11:59:17.173 [Thread-9] WARN  com.alibaba.nacos.common.notify.NotifyCenter - [NotifyCenter] Start destroying Publisher
2026-02-03 11:59:17.173 [Thread-9] WARN  com.alibaba.nacos.common.notify.NotifyCenter - [NotifyCenter] Destruction of the end
2026-02-03 12:20:50.422 [main] WARN  com.alibaba.nacos.client.logging.NacosLogging - Load Logback Configuration of Nacos fail, message: Could not initialize Logback Nacos logging from classpath:nacos-logback.xml
2026-02-03 12:20:50.531 [main] WARN  com.alibaba.nacos.client.logging.NacosLogging - Load Logback Configuration of Nacos fail, message: Could not initialize Logback Nacos logging from classpath:nacos-logback.xml
2026-02-03 12:20:51.677 [main] WARN  com.alibaba.nacos.client.logging.NacosLogging - Load Logback Configuration of Nacos fail, message: Could not initialize Logback Nacos logging from classpath:nacos-logback.xml
2026-02-03 12:20:51.681 [main] INFO  com.alibaba.nacos.client.utils.ParamUtil - [settings] [req-serv] nacos-server port:8848
2026-02-03 12:20:51.682 [main] INFO  com.alibaba.nacos.client.utils.ParamUtil - [settings] [http-client] connect timeout:1000
2026-02-03 12:20:51.684 [main] INFO  com.alibaba.nacos.client.utils.ParamUtil - PER_TASK_CONFIG_SIZE: 3000.0
2026-02-03 12:20:51.752 [main] INFO  c.a.n.p.auth.spi.client.ClientAuthPluginManager - [ClientAuthPluginManager] Load ClientAuthService com.alibaba.nacos.client.auth.impl.NacosClientAuthServiceImpl success.
2026-02-03 12:20:51.752 [main] INFO  c.a.n.p.auth.spi.client.ClientAuthPluginManager - [ClientAuthPluginManager] Load ClientAuthService com.alibaba.nacos.client.auth.ram.RamClientAuthServiceImpl success.
2026-02-03 12:20:51.757 [main] INFO  c.a.n.client.auth.ram.identify.CredentialWatcher - null No credential found
2026-02-03 12:20:52.200 [main] WARN  com.alibaba.nacos.client.logging.NacosLogging - Load Logback Configuration of Nacos fail, message: Could not initialize Logback Nacos logging from classpath:nacos-logback.xml
2026-02-03 12:20:52.227 [main] INFO  c.a.n.client.config.impl.LocalConfigInfoProcessor - LOCAL_SNAPSHOT_PATH:C:\Users\12482\nacos\config
2026-02-03 12:20:52.236 [main] INFO  com.alibaba.nacos.common.remote.client - [RpcClientFactory] create a new rpc client of b4b1237d-d60c-4622-b265-0562ec13d5b6_config-0
2026-02-03 12:20:52.287 [main] INFO  com.alibaba.nacos.common.remote.client - [b4b1237d-d60c-4622-b265-0562ec13d5b6_config-0] Register server push request handler:com.alibaba.nacos.client.config.impl.ClientWorker$ConfigRpcTransportClient$$Lambda$585/0x0000028a4238eda8
2026-02-03 12:20:52.288 [main] INFO  com.alibaba.nacos.common.remote.client - [b4b1237d-d60c-4622-b265-0562ec13d5b6_config-0] Register server push request handler:com.alibaba.nacos.client.config.impl.ClientWorker$ConfigRpcTransportClient$$Lambda$586/0x0000028a4238f1c8
2026-02-03 12:20:52.289 [main] INFO  com.alibaba.nacos.common.remote.client - [b4b1237d-d60c-4622-b265-0562ec13d5b6_config-0] Registry connection listener to current client:com.alibaba.nacos.client.config.impl.ClientWorker$ConfigRpcTransportClient$1
2026-02-03 12:20:52.290 [main] INFO  com.alibaba.nacos.common.remote.client - [b4b1237d-d60c-4622-b265-0562ec13d5b6_config-0] RpcClient init, ServerListFactory = com.alibaba.nacos.client.config.impl.ClientWorker$ConfigRpcTransportClient$2
2026-02-03 12:20:52.309 [main] INFO  com.alibaba.nacos.common.remote.client - [b4b1237d-d60c-4622-b265-0562ec13d5b6_config-0] Try to connect to server on start up, server: {serverIp = '127.0.0.1', server main port = 8848}
2026-02-03 12:20:52.378 [main] INFO  c.a.nacos.common.remote.client.grpc.GrpcClient - grpc client connection server:127.0.0.1 ip,serverPort:9848,grpcTslConfig:{"sslProvider":"OPENSSL","enableTls":false,"mutualAuthEnable":false,"trustAll":false}
2026-02-03 12:20:53.956 [main] INFO  com.alibaba.nacos.common.remote.client - [b4b1237d-d60c-4622-b265-0562ec13d5b6_config-0] Success to connect to server [127.0.0.1:8848] on start up, connectionId = 1770142853694_127.0.0.1_42201
2026-02-03 12:20:53.958 [com.alibaba.nacos.client.remote.worker] INFO  com.alibaba.nacos.common.remote.client - [b4b1237d-d60c-4622-b265-0562ec13d5b6_config-0] Notify connected event to listeners.
2026-02-03 12:20:53.958 [com.alibaba.nacos.client.remote.worker] INFO  com.alibaba.nacos.client.config.impl.ClientWorker - [b4b1237d-d60c-4622-b265-0562ec13d5b6_config-0] Connected,notify listen context...
2026-02-03 12:20:53.959 [main] INFO  com.alibaba.nacos.common.remote.client - [b4b1237d-d60c-4622-b265-0562ec13d5b6_config-0] Register server push request handler:com.alibaba.nacos.common.remote.client.RpcClient$ConnectResetRequestHandler
2026-02-03 12:20:53.959 [main] INFO  com.alibaba.nacos.common.remote.client - [b4b1237d-d60c-4622-b265-0562ec13d5b6_config-0] Register server push request handler:com.alibaba.nacos.common.remote.client.RpcClient$$Lambda$606/0x0000028a424d4890
2026-02-03 12:20:54.075 [main] INFO  com.alibaba.nacos.client.config.impl.Limiter - limitTime:5.0
2026-02-03 12:20:54.130 [main] WARN  c.a.cloud.nacos.client.NacosPropertySourceBuilder - Ignore the empty nacos configuration and get it based on dataId[GreenNote-user-relation] & group[DEFAULT_GROUP]
2026-02-03 12:20:54.142 [main] WARN  c.a.cloud.nacos.client.NacosPropertySourceBuilder - Ignore the empty nacos configuration and get it based on dataId[GreenNote-user-relation.yaml] & group[DEFAULT_GROUP]
2026-02-03 12:20:54.151 [main] WARN  c.a.cloud.nacos.client.NacosPropertySourceBuilder - Ignore the empty nacos configuration and get it based on dataId[GreenNote-user-relation-dev.yaml] & group[DEFAULT_GROUP]
2026-02-03 12:20:54.154 [main] INFO  o.s.c.b.c.PropertySourceBootstrapConfiguration - Located property source: [BootstrapPropertySource {name='bootstrapProperties-GreenNote-user-relation-dev.yaml,DEFAULT_GROUP'}, BootstrapPropertySource {name='bootstrapProperties-GreenNote-user-relation.yaml,DEFAULT_GROUP'}, BootstrapPropertySource {name='bootstrapProperties-GreenNote-user-relation,DEFAULT_GROUP'}]
2026-02-03 12:20:54.200 [main] WARN  com.alibaba.nacos.client.logging.NacosLogging - Load Logback Configuration of Nacos fail, message: Could not initialize Logback Nacos logging from classpath:nacos-logback.xml
2026-02-03 12:20:54.201 [main] INFO  c.e.g.u.r.biz.GreenNoteUserRelationBizApplication - The following 1 profile is active: "dev"
2026-02-03 12:20:55.916 [main] INFO  o.s.d.r.config.RepositoryConfigurationDelegate - Multiple Spring Data modules found, entering strict repository configuration mode
2026-02-03 12:20:55.923 [main] INFO  o.s.d.r.config.RepositoryConfigurationDelegate - Bootstrapping Spring Data Redis repositories in DEFAULT mode.
2026-02-03 12:20:55.979 [main] INFO  o.s.d.r.config.RepositoryConfigurationDelegate - Finished Spring Data repository scanning in 23 ms. Found 0 Redis repository interfaces.
2026-02-03 12:20:56.413 [main] INFO  o.springframework.cloud.context.scope.GenericScope - BeanFactory id=ebe85f0e-18b9-3296-ae50-82871a95e36b
2026-02-03 12:20:56.491 [main] INFO  o.s.c.s.PostProcessorRegistrationDelegate$BeanPostProcessorChecker - Bean 'com.evan.greennote.search.api.FileFeignApi' of type [org.springframework.cloud.openfeign.FeignClientFactoryBean] is not eligible for getting processed by all BeanPostProcessors (for example: not eligible for auto-proxying)
2026-02-03 12:20:56.494 [main] INFO  o.s.c.s.PostProcessorRegistrationDelegate$BeanPostProcessorChecker - Bean 'com.evan.greennote.distributed.id.generator.api.DistributedIdGeneratorFeignApi' of type [org.springframework.cloud.openfeign.FeignClientFactoryBean] is not eligible for getting processed by all BeanPostProcessors (for example: not eligible for auto-proxying)
2026-02-03 12:20:56.497 [main] INFO  o.s.c.s.PostProcessorRegistrationDelegate$BeanPostProcessorChecker - Bean 'com.evan.greennote.user.api.UserFeignApi' of type [org.springframework.cloud.openfeign.FeignClientFactoryBean] is not eligible for getting processed by all BeanPostProcessors (for example: not eligible for auto-proxying)
2026-02-03 12:20:57.105 [main] INFO  o.s.c.s.PostProcessorRegistrationDelegate$BeanPostProcessorChecker - Bean 'org.apache.rocketmq.spring.autoconfigure.MessageConverterConfiguration' of type [org.apache.rocketmq.spring.autoconfigure.MessageConverterConfiguration$$SpringCGLIB$$0] is not eligible for getting processed by all BeanPostProcessors (for example: not eligible for auto-proxying)
2026-02-03 12:20:57.250 [main] INFO  o.s.c.s.PostProcessorRegistrationDelegate$BeanPostProcessorChecker - Bean 'createRocketMQMessageConverter' of type [org.apache.rocketmq.spring.support.RocketMQMessageConverter] is not eligible for getting processed by all BeanPostProcessors (for example: not eligible for auto-proxying)
2026-02-03 12:20:57.255 [main] INFO  o.s.c.s.PostProcessorRegistrationDelegate$BeanPostProcessorChecker - Bean 'org.springframework.cloud.commons.config.CommonsConfigAutoConfiguration' of type [org.springframework.cloud.commons.config.CommonsConfigAutoConfiguration] is not eligible for getting processed by all BeanPostProcessors (for example: not eligible for auto-proxying)
2026-02-03 12:20:57.261 [main] INFO  o.s.c.s.PostProcessorRegistrationDelegate$BeanPostProcessorChecker - Bean 'org.springframework.cloud.client.loadbalancer.LoadBalancerDefaultMappingsProviderAutoConfiguration' of type [org.springframework.cloud.client.loadbalancer.LoadBalancerDefaultMappingsProviderAutoConfiguration] is not eligible for getting processed by all BeanPostProcessors (for example: not eligible for auto-proxying)
2026-02-03 12:20:57.262 [main] INFO  o.s.c.s.PostProcessorRegistrationDelegate$BeanPostProcessorChecker - Bean 'loadBalancerClientsDefaultsMappingsProvider' of type [org.springframework.cloud.client.loadbalancer.LoadBalancerDefaultMappingsProviderAutoConfiguration$$Lambda$760/0x0000028a426a3590] is not eligible for getting processed by all BeanPostProcessors (for example: not eligible for auto-proxying)
2026-02-03 12:20:57.265 [main] INFO  o.s.c.s.PostProcessorRegistrationDelegate$BeanPostProcessorChecker - Bean 'defaultsBindHandlerAdvisor' of type [org.springframework.cloud.commons.config.DefaultsBindHandlerAdvisor] is not eligible for getting processed by all BeanPostProcessors (for example: not eligible for auto-proxying)
2026-02-03 12:20:57.276 [main] INFO  o.s.c.s.PostProcessorRegistrationDelegate$BeanPostProcessorChecker - Bean 'rocketmq-org.apache.rocketmq.spring.autoconfigure.RocketMQProperties' of type [org.apache.rocketmq.spring.autoconfigure.RocketMQProperties] is not eligible for getting processed by all BeanPostProcessors (for example: not eligible for auto-proxying)
2026-02-03 12:20:57.279 [main] INFO  o.s.c.s.PostProcessorRegistrationDelegate$BeanPostProcessorChecker - Bean 'org.apache.rocketmq.spring.autoconfigure.ListenerContainerConfiguration' of type [org.apache.rocketmq.spring.autoconfigure.ListenerContainerConfiguration$$SpringCGLIB$$0] is not eligible for getting processed by all BeanPostProcessors (for example: not eligible for auto-proxying)
2026-02-03 12:20:58.295 [main] INFO  o.s.boot.web.embedded.tomcat.TomcatWebServer - Tomcat initialized with port(s): 8087 (http)
2026-02-03 12:20:58.318 [main] INFO  org.apache.catalina.core.StandardService - Starting service [Tomcat]
2026-02-03 12:20:58.319 [main] INFO  org.apache.catalina.core.StandardEngine - Starting Servlet engine: [Apache Tomcat/10.1.5]
2026-02-03 12:20:58.506 [main] INFO  o.a.c.core.ContainerBase.[Tomcat].[localhost].[/] - Initializing Spring embedded WebApplicationContext
2026-02-03 12:20:58.506 [main] INFO  o.s.b.w.s.c.ServletWebServerApplicationContext - Root WebApplicationContext: initialization completed in 4275 ms
2026-02-03 12:20:58.686 [main] INFO  c.a.d.s.b.a.DruidDataSourceAutoConfigure - Init DruidDataSource
2026-02-03 12:20:59.339 [main] INFO  com.alibaba.druid.pool.DruidDataSource - {dataSource-1} inited
2026-02-03 12:21:00.824 [main] INFO  o.a.r.s.autoconfigure.RocketMQAutoConfiguration - a producer (greennote_group) init on namesrv 127.0.0.1:9876
2026-02-03 12:21:01.476 [main] INFO  o.a.r.s.support.DefaultRocketMQListenerContainer - running container: DefaultRocketMQListenerContainer{consumerGroup='greennote_groupFollowUnFollowTopic', namespace='', nameServer='127.0.0.1:9876', topic='FollowUnFollowTopic', consumeMode=ORDERLY, selectorType=TAG, selectorExpression='Follow||UnFollow', messageModel=CLUSTERING', tlsEnable=false, instanceName=DEFAULT}
2026-02-03 12:21:01.476 [main] INFO  o.a.r.s.a.ListenerContainerConfiguration - Register the listener to container, listenerBeanName:followUnfollowConsumer, containerBeanName:org.apache.rocketmq.spring.support.DefaultRocketMQListenerContainer_1
2026-02-03 12:21:01.702 [main] INFO  o.s.cloud.openfeign.FeignClientFactoryBean - For 'GreenNote-user' URL not provided. Will try picking an instance via load-balancing.
2026-02-03 12:21:03.434 [main] INFO  o.s.boot.web.embedded.tomcat.TomcatWebServer - Tomcat started on port(s): 8087 (http) with context path ''
2026-02-03 12:21:03.442 [main] INFO  com.alibaba.nacos.client.naming - initializer namespace from ans.namespace attribute : null
2026-02-03 12:21:03.442 [main] INFO  com.alibaba.nacos.client.naming - initializer namespace from ALIBABA_ALIWARE_NAMESPACE attribute :null
2026-02-03 12:21:03.444 [main] INFO  com.alibaba.nacos.client.naming - initializer namespace from namespace attribute :null
2026-02-03 12:21:03.462 [main] INFO  c.a.n.p.auth.spi.client.ClientAuthPluginManager - [ClientAuthPluginManager] Load ClientAuthService com.alibaba.nacos.client.auth.impl.NacosClientAuthServiceImpl success.
2026-02-03 12:21:03.462 [main] INFO  c.a.n.p.auth.spi.client.ClientAuthPluginManager - [ClientAuthPluginManager] Load ClientAuthService com.alibaba.nacos.client.auth.ram.RamClientAuthServiceImpl success.
2026-02-03 12:21:03.469 [main] INFO  com.alibaba.nacos.common.remote.client - [RpcClientFactory] create a new rpc client of 5a92dba0-90b0-4e2f-9472-0165571d98a2
2026-02-03 12:21:03.473 [main] INFO  com.alibaba.nacos.common.remote.client - [5a92dba0-90b0-4e2f-9472-0165571d98a2] RpcClient init, ServerListFactory = com.alibaba.nacos.client.naming.core.ServerListManager
2026-02-03 12:21:03.473 [main] INFO  com.alibaba.nacos.common.remote.client - [5a92dba0-90b0-4e2f-9472-0165571d98a2] Registry connection listener to current client:com.alibaba.nacos.client.naming.remote.gprc.redo.NamingGrpcRedoService
2026-02-03 12:21:03.475 [main] INFO  com.alibaba.nacos.common.remote.client - [5a92dba0-90b0-4e2f-9472-0165571d98a2] Register server push request handler:com.alibaba.nacos.client.naming.remote.gprc.NamingPushRequestHandler
2026-02-03 12:21:03.476 [main] INFO  com.alibaba.nacos.common.remote.client - [5a92dba0-90b0-4e2f-9472-0165571d98a2] Try to connect to server on start up, server: {serverIp = '127.0.0.1', server main port = 8848}
2026-02-03 12:21:03.476 [main] INFO  c.a.nacos.common.remote.client.grpc.GrpcClient - grpc client connection server:127.0.0.1 ip,serverPort:9848,grpcTslConfig:{"sslProvider":"OPENSSL","enableTls":false,"mutualAuthEnable":false,"trustAll":false}
2026-02-03 12:21:03.610 [main] INFO  com.alibaba.nacos.common.remote.client - [5a92dba0-90b0-4e2f-9472-0165571d98a2] Success to connect to server [127.0.0.1:8848] on start up, connectionId = 1770142863487_127.0.0.1_42234
2026-02-03 12:21:03.611 [main] INFO  com.alibaba.nacos.common.remote.client - [5a92dba0-90b0-4e2f-9472-0165571d98a2] Register server push request handler:com.alibaba.nacos.common.remote.client.RpcClient$ConnectResetRequestHandler
2026-02-03 12:21:03.611 [com.alibaba.nacos.client.remote.worker] INFO  com.alibaba.nacos.common.remote.client - [5a92dba0-90b0-4e2f-9472-0165571d98a2] Notify connected event to listeners.
2026-02-03 12:21:03.612 [com.alibaba.nacos.client.remote.worker] INFO  com.alibaba.nacos.client.naming - Grpc connection connect
2026-02-03 12:21:03.612 [main] INFO  com.alibaba.nacos.common.remote.client - [5a92dba0-90b0-4e2f-9472-0165571d98a2] Register server push request handler:com.alibaba.nacos.common.remote.client.RpcClient$$Lambda$606/0x0000028a424d4890
2026-02-03 12:21:03.615 [main] INFO  com.alibaba.nacos.client.naming - [REGISTER-SERVICE] greennote registering service GreenNote-user-relation with instance Instance{instanceId='null', ip='10.141.116.154', port=8087, weight=1.0, healthy=true, enabled=true, ephemeral=true, clusterName='DEFAULT', serviceName='null', metadata={IPv6=null, preserved.register.source=SPRING_CLOUD}}
2026-02-03 12:21:03.633 [main] INFO  c.a.cloud.nacos.registry.NacosServiceRegistry - nacos registry, DEFAULT_GROUP GreenNote-user-relation 10.141.116.154:8087 register finished
2026-02-03 12:21:03.912 [main] INFO  c.e.g.u.r.biz.GreenNoteUserRelationBizApplication - Started GreenNoteUserRelationBizApplication in 14.612 seconds (process running for 15.558)
2026-02-03 12:21:03.921 [main] INFO  com.alibaba.nacos.client.config.impl.CacheData - nacos.cache.data.init.snapshot = true 
2026-02-03 12:21:03.922 [main] INFO  com.alibaba.nacos.client.config.impl.ClientWorker - [fixed-greennote-127.0.0.1_8848] [subscribe] GreenNote-user-relation-dev.yaml+DEFAULT_GROUP+greennote
2026-02-03 12:21:03.941 [main] INFO  com.alibaba.nacos.client.config.impl.CacheData - [fixed-greennote-127.0.0.1_8848] [add-listener] ok, tenant=greennote, dataId=GreenNote-user-relation-dev.yaml, group=DEFAULT_GROUP, cnt=1
2026-02-03 12:21:03.941 [main] INFO  c.a.cloud.nacos.refresh.NacosContextRefresher - [Nacos Config] Listening config: dataId=GreenNote-user-relation-dev.yaml, group=DEFAULT_GROUP
2026-02-03 12:21:03.942 [main] INFO  com.alibaba.nacos.client.config.impl.ClientWorker - [fixed-greennote-127.0.0.1_8848] [subscribe] GreenNote-user-relation+DEFAULT_GROUP+greennote
2026-02-03 12:21:03.942 [main] INFO  com.alibaba.nacos.client.config.impl.CacheData - [fixed-greennote-127.0.0.1_8848] [add-listener] ok, tenant=greennote, dataId=GreenNote-user-relation, group=DEFAULT_GROUP, cnt=1
2026-02-03 12:21:03.942 [main] INFO  c.a.cloud.nacos.refresh.NacosContextRefresher - [Nacos Config] Listening config: dataId=GreenNote-user-relation, group=DEFAULT_GROUP
2026-02-03 12:21:03.942 [main] INFO  com.alibaba.nacos.client.config.impl.ClientWorker - [fixed-greennote-127.0.0.1_8848] [subscribe] GreenNote-user-relation.yaml+DEFAULT_GROUP+greennote
2026-02-03 12:21:03.942 [main] INFO  com.alibaba.nacos.client.config.impl.CacheData - [fixed-greennote-127.0.0.1_8848] [add-listener] ok, tenant=greennote, dataId=GreenNote-user-relation.yaml, group=DEFAULT_GROUP, cnt=1
2026-02-03 12:21:03.942 [main] INFO  c.a.cloud.nacos.refresh.NacosContextRefresher - [Nacos Config] Listening config: dataId=GreenNote-user-relation.yaml, group=DEFAULT_GROUP
2026-02-03 13:46:56.009 [NettyClientSelector_1] INFO  RocketmqRemoting - closeChannel: close the connection to remote address[127.0.0.1:9876] result: true
2026-02-03 13:46:56.018 [NettyClientSelector_1] INFO  RocketmqRemoting - closeChannel: close the connection to remote address[127.0.0.1:10911] result: true
2026-02-03 13:46:56.020 [NettyClientSelector_1] INFO  RocketmqRemoting - closeChannel: close the connection to remote address[127.0.0.1:10911] result: true
2026-02-03 13:46:56.022 [NettyClientSelector_1] INFO  RocketmqRemoting - closeChannel: close the connection to remote address[127.0.0.1:9876] result: true
2026-02-03 13:46:56.122 [NettyClientSelector_1] INFO  RocketmqRemoting - closeChannel: close the connection to remote address[127.0.0.1:9876] result: true
2026-02-03 13:46:56.122 [NettyClientSelector_1] INFO  RocketmqRemoting - closeChannel: close the connection to remote address[127.0.0.1:9876] result: true
2026-02-03 13:46:56.122 [NettyClientSelector_1] INFO  RocketmqRemoting - closeChannel: close the connection to remote address[127.0.0.1:10911] result: true
2026-02-03 13:46:56.125 [NettyClientSelector_1] INFO  RocketmqRemoting - closeChannel: close the connection to remote address[127.0.0.1:10911] result: true
2026-02-03 14:31:29.120 [NettyClientSelector_1] INFO  RocketmqRemoting - closeChannel: close the connection to remote address[127.0.0.1:9876] result: true
2026-02-03 14:31:29.120 [NettyClientSelector_1] INFO  RocketmqRemoting - closeChannel: close the connection to remote address[127.0.0.1:9876] result: true
2026-02-03 14:31:29.121 [NettyClientSelector_1] INFO  RocketmqRemoting - closeChannel: close the connection to remote address[127.0.0.1:10911] result: true
2026-02-03 14:31:29.121 [NettyClientSelector_1] INFO  RocketmqRemoting - closeChannel: close the connection to remote address[127.0.0.1:10911] result: true
2026-02-03 14:31:29.255 [NettyClientSelector_1] INFO  RocketmqRemoting - closeChannel: close the connection to remote address[127.0.0.1:10911] result: true
2026-02-03 14:31:29.269 [NettyClientSelector_1] INFO  RocketmqRemoting - closeChannel: close the connection to remote address[127.0.0.1:9876] result: true
2026-02-03 14:31:29.269 [NettyClientSelector_1] INFO  RocketmqRemoting - closeChannel: close the connection to remote address[127.0.0.1:9876] result: true
2026-02-03 16:22:49.239 [NettyClientSelector_1] INFO  RocketmqRemoting - closeChannel: close the connection to remote address[127.0.0.1:10911] result: true
2026-02-03 16:22:52.017 [NettyClientSelector_1] INFO  RocketmqRemoting - closeChannel: close the connection to remote address[127.0.0.1:9876] result: true
2026-02-03 16:22:52.018 [NettyClientSelector_1] INFO  RocketmqRemoting - closeChannel: close the connection to remote address[127.0.0.1:9876] result: true
2026-02-03 16:22:52.018 [NettyClientSelector_1] INFO  RocketmqRemoting - closeChannel: close the connection to remote address[127.0.0.1:10911] result: true
2026-02-03 16:22:52.018 [NettyClientSelector_1] INFO  RocketmqRemoting - closeChannel: close the connection to remote address[127.0.0.1:10911] result: true
2026-02-03 16:22:52.124 [NettyClientSelector_1] INFO  RocketmqRemoting - closeChannel: close the connection to remote address[127.0.0.1:9876] result: true
2026-02-03 16:22:52.124 [NettyClientSelector_1] INFO  RocketmqRemoting - closeChannel: close the connection to remote address[127.0.0.1:9876] result: true
2026-02-03 20:04:12.182 [NettyClientSelector_1] INFO  RocketmqRemoting - closeChannel: close the connection to remote address[127.0.0.1:10911] result: true
2026-02-03 20:04:12.992 [NettyClientSelector_1] INFO  RocketmqRemoting - closeChannel: close the connection to remote address[127.0.0.1:9876] result: true
2026-02-03 20:04:12.992 [NettyClientSelector_1] INFO  RocketmqRemoting - closeChannel: close the connection to remote address[127.0.0.1:9876] result: true
2026-02-03 20:04:12.993 [NettyClientSelector_1] INFO  RocketmqRemoting - closeChannel: close the connection to remote address[127.0.0.1:9876] result: true
2026-02-03 20:04:12.993 [NettyClientSelector_1] INFO  RocketmqRemoting - closeChannel: close the connection to remote address[127.0.0.1:9876] result: true
2026-02-03 20:04:12.993 [NettyClientSelector_1] INFO  RocketmqRemoting - closeChannel: close the connection to remote address[127.0.0.1:10911] result: true
2026-02-03 20:04:12.993 [NettyClientSelector_1] INFO  RocketmqRemoting - closeChannel: close the connection to remote address[127.0.0.1:10911] result: true
2026-02-03 20:04:13.175 [NettyClientSelector_1] INFO  RocketmqRemoting - closeChannel: close the connection to remote address[127.0.0.1:10911] result: true
2026-02-03 20:04:13.177 [NettyClientSelector_1] INFO  RocketmqRemoting - closeChannel: close the connection to remote address[127.0.0.1:10911] result: true
2026-02-03 23:42:09.384 [Thread-2] WARN  c.alibaba.nacos.common.http.HttpClientBeanHolder - [HttpClientBeanHolder] Start destroying common HttpClient
2026-02-03 23:42:09.384 [Thread-9] WARN  com.alibaba.nacos.common.notify.NotifyCenter - [NotifyCenter] Start destroying Publisher
2026-02-03 23:42:09.413 [Thread-9] WARN  com.alibaba.nacos.common.notify.NotifyCenter - [NotifyCenter] Destruction of the end
2026-02-03 23:42:09.521 [Thread-2] WARN  c.alibaba.nacos.common.http.HttpClientBeanHolder - [HttpClientBeanHolder] Destruction of the end
2026-02-03 23:42:10.067 [NettyClientSelector_1] INFO  RocketmqRemoting - closeChannel: close the connection to remote address[127.0.0.1:9876] result: true
2026-02-03 23:42:10.070 [NettyClientSelector_1] INFO  RocketmqRemoting - closeChannel: close the connection to remote address[127.0.0.1:10911] result: true
2026-02-03 23:42:10.602 [SpringApplicationShutdownHook] INFO  c.a.cloud.nacos.registry.NacosServiceRegistry - De-registering from Nacos Server now...
2026-02-03 23:42:10.608 [SpringApplicationShutdownHook] INFO  com.alibaba.nacos.client.naming - [DEREGISTER-SERVICE] greennote deregistering service GreenNote-user-relation with instance: Instance{instanceId='null', ip='10.141.116.154', port=8087, weight=1.0, healthy=true, enabled=true, ephemeral=true, clusterName='DEFAULT', serviceName='null', metadata={}}
2026-02-03 23:42:10.627 [SpringApplicationShutdownHook] INFO  c.a.cloud.nacos.registry.NacosServiceRegistry - De-registration finished.
2026-02-03 23:42:10.630 [SpringApplicationShutdownHook] INFO  com.alibaba.nacos.client.naming - com.alibaba.nacos.client.naming.cache.ServiceInfoHolder do shutdown begin
2026-02-03 23:42:10.630 [SpringApplicationShutdownHook] INFO  com.alibaba.nacos.client.naming - com.alibaba.nacos.client.naming.backups.FailoverReactor do shutdown begin
2026-02-03 23:42:10.630 [SpringApplicationShutdownHook] INFO  com.alibaba.nacos.client.naming - com.alibaba.nacos.client.naming.backups.FailoverReactor do shutdown stop
2026-02-03 23:42:10.630 [SpringApplicationShutdownHook] INFO  com.alibaba.nacos.client.naming - com.alibaba.nacos.client.naming.cache.ServiceInfoHolder do shutdown stop
2026-02-03 23:42:10.630 [SpringApplicationShutdownHook] INFO  com.alibaba.nacos.client.naming - com.alibaba.nacos.client.naming.remote.NamingClientProxyDelegate do shutdown begin
2026-02-03 23:42:10.631 [SpringApplicationShutdownHook] INFO  com.alibaba.nacos.client.naming - com.alibaba.nacos.client.naming.core.ServiceInfoUpdateService do shutdown begin
2026-02-03 23:42:10.631 [SpringApplicationShutdownHook] INFO  com.alibaba.nacos.client.naming - com.alibaba.nacos.client.naming.core.ServiceInfoUpdateService do shutdown stop
2026-02-03 23:42:10.631 [SpringApplicationShutdownHook] INFO  com.alibaba.nacos.client.naming - com.alibaba.nacos.client.naming.core.ServerListManager do shutdown begin
2026-02-03 23:42:10.632 [SpringApplicationShutdownHook] WARN  com.alibaba.nacos.client.naming - [NamingHttpClientManager] Start destroying NacosRestTemplate
2026-02-03 23:42:10.634 [SpringApplicationShutdownHook] WARN  com.alibaba.nacos.client.naming - [NamingHttpClientManager] Destruction of the end
2026-02-03 23:42:10.634 [SpringApplicationShutdownHook] INFO  com.alibaba.nacos.client.naming - com.alibaba.nacos.client.naming.core.ServerListManager do shutdown stop
2026-02-03 23:42:10.634 [SpringApplicationShutdownHook] INFO  com.alibaba.nacos.client.naming - com.alibaba.nacos.client.naming.remote.http.NamingHttpClientProxy do shutdown begin
2026-02-03 23:42:10.634 [SpringApplicationShutdownHook] WARN  com.alibaba.nacos.client.naming - [NamingHttpClientManager] Start destroying NacosRestTemplate
2026-02-03 23:42:10.634 [SpringApplicationShutdownHook] WARN  com.alibaba.nacos.client.naming - [NamingHttpClientManager] Destruction of the end
2026-02-03 23:42:10.634 [SpringApplicationShutdownHook] INFO  com.alibaba.nacos.client.naming - com.alibaba.nacos.client.naming.remote.http.NamingHttpClientProxy do shutdown stop
2026-02-03 23:42:10.635 [SpringApplicationShutdownHook] INFO  com.alibaba.nacos.common.remote.client - Shutdown rpc client, set status to shutdown
2026-02-03 23:42:10.637 [SpringApplicationShutdownHook] INFO  com.alibaba.nacos.common.remote.client - Shutdown client event executor java.util.concurrent.ScheduledThreadPoolExecutor@55b8e8ab[Running, pool size = 2, active threads = 2, queued tasks = 0, completed tasks = 0]
2026-02-03 23:42:10.638 [SpringApplicationShutdownHook] INFO  com.alibaba.nacos.common.remote.client - Close current connection 1770142863487_127.0.0.1_42234
2026-02-03 23:42:10.646 [nacos-grpc-client-executor-127.0.0.1-4470] INFO  c.a.nacos.common.remote.client.grpc.GrpcClient - [1770142863487_127.0.0.1_42234]Ignore complete event,isRunning:false,isAbandon=false
2026-02-03 23:42:10.660 [SpringApplicationShutdownHook] INFO  c.a.nacos.common.remote.client.grpc.GrpcClient - Shutdown grpc executor java.util.concurrent.ThreadPoolExecutor@3d4f936e[Running, pool size = 4, active threads = 0, queued tasks = 0, completed tasks = 4471]
2026-02-03 23:42:10.660 [SpringApplicationShutdownHook] INFO  com.alibaba.nacos.client.naming - Shutdown grpc redo service executor java.util.concurrent.ScheduledThreadPoolExecutor@7f3bd938[Running, pool size = 1, active threads = 0, queued tasks = 1, completed tasks = 7401]
2026-02-03 23:42:10.661 [SpringApplicationShutdownHook] INFO  c.a.n.client.auth.ram.identify.CredentialWatcher - [null] CredentialWatcher is stopped
2026-02-03 23:42:10.661 [SpringApplicationShutdownHook] INFO  c.a.n.client.auth.ram.identify.CredentialService - [null] CredentialService is freed
2026-02-03 23:42:10.662 [SpringApplicationShutdownHook] INFO  com.alibaba.nacos.client.naming - com.alibaba.nacos.client.naming.remote.NamingClientProxyDelegate do shutdown stop
2026-02-03 23:42:10.696 [SpringApplicationShutdownHook] INFO  o.a.r.s.support.DefaultRocketMQListenerContainer - container destroyed, DefaultRocketMQListenerContainer{consumerGroup='greennote_groupFollowUnFollowTopic', namespace='', nameServer='127.0.0.1:9876', topic='FollowUnFollowTopic', consumeMode=ORDERLY, selectorType=TAG, selectorExpression='Follow||UnFollow', messageModel=CLUSTERING', tlsEnable=false, instanceName=DEFAULT}
2026-02-03 23:42:10.706 [NettyClientSelector_1] INFO  RocketmqRemoting - closeChannel: close the connection to remote address[127.0.0.1:9876] result: true
2026-02-03 23:42:10.706 [NettyClientSelector_1] INFO  RocketmqRemoting - closeChannel: close the connection to remote address[127.0.0.1:10911] result: true
2026-02-03 23:42:10.813 [SpringApplicationShutdownHook] INFO  com.alibaba.druid.pool.DruidDataSource - {dataSource-1} closing ...
2026-02-03 23:42:10.822 [SpringApplicationShutdownHook] INFO  com.alibaba.druid.pool.DruidDataSource - {dataSource-1} closed
