2025-11-20 13:53:18.952 [main] WARN  com.alibaba.nacos.client.logging.NacosLogging - Load Logback Configuration of Nacos fail, message: Could not initialize Logback Nacos logging from classpath:nacos-logback.xml
2025-11-20 13:53:19.071 [main] WARN  com.alibaba.nacos.client.logging.NacosLogging - Load Logback Configuration of Nacos fail, message: Could not initialize Logback Nacos logging from classpath:nacos-logback.xml
2025-11-20 13:53:20.028 [main] WARN  com.alibaba.nacos.client.logging.NacosLogging - Load Logback Configuration of Nacos fail, message: Could not initialize Logback Nacos logging from classpath:nacos-logback.xml
2025-11-20 13:53:20.051 [main] WARN  com.alibaba.nacos.client.logging.NacosLogging - Load Logback Configuration of Nacos fail, message: Could not initialize Logback Nacos logging from classpath:nacos-logback.xml
2025-11-20 13:53:20.053 [main] INFO  c.e.greennote.user.biz.GreenNoteUserBizApplication - The following 1 profile is active: "dev"
2025-11-20 13:53:21.126 [main] INFO  o.s.d.r.config.RepositoryConfigurationDelegate - Multiple Spring Data modules found, entering strict repository configuration mode
2025-11-20 13:53:21.133 [main] INFO  o.s.d.r.config.RepositoryConfigurationDelegate - Bootstrapping Spring Data Redis repositories in DEFAULT mode.
2025-11-20 13:53:21.184 [main] INFO  o.s.d.r.config.RepositoryConfigurationDelegate - Finished Spring Data repository scanning in 20 ms. Found 0 Redis repository interfaces.
2025-11-20 13:53:21.620 [main] INFO  o.springframework.cloud.context.scope.GenericScope - BeanFactory id=13d3b442-4405-3ffb-9e0f-d0c5635ac705
2025-11-20 13:53:21.693 [main] INFO  o.s.c.s.PostProcessorRegistrationDelegate$BeanPostProcessorChecker - Bean 'com.evan.greennote.search.api.FileFeignApi' of type [org.springframework.cloud.openfeign.FeignClientFactoryBean] is not eligible for getting processed by all BeanPostProcessors (for example: not eligible for auto-proxying)
2025-11-20 13:53:21.697 [main] INFO  o.s.c.s.PostProcessorRegistrationDelegate$BeanPostProcessorChecker - Bean 'com.evan.greennote.user.api.UserFeignApi' of type [org.springframework.cloud.openfeign.FeignClientFactoryBean] is not eligible for getting processed by all BeanPostProcessors (for example: not eligible for auto-proxying)
2025-11-20 13:53:21.700 [main] INFO  o.s.c.s.PostProcessorRegistrationDelegate$BeanPostProcessorChecker - Bean 'com.evan.greennote.distributed.id.generator.api.DistributedIdGeneratorFeignApi' of type [org.springframework.cloud.openfeign.FeignClientFactoryBean] is not eligible for getting processed by all BeanPostProcessors (for example: not eligible for auto-proxying)
2025-11-20 13:53:22.813 [main] INFO  o.s.boot.web.embedded.tomcat.TomcatWebServer - Tomcat initialized with port(s): 8082 (http)
2025-11-20 13:53:22.835 [main] INFO  org.apache.catalina.core.StandardService - Starting service [Tomcat]
2025-11-20 13:53:22.836 [main] INFO  org.apache.catalina.core.StandardEngine - Starting Servlet engine: [Apache Tomcat/10.1.5]
2025-11-20 13:53:23.010 [main] INFO  o.a.c.core.ContainerBase.[Tomcat].[localhost].[/] - Initializing Spring embedded WebApplicationContext
2025-11-20 13:53:23.010 [main] INFO  o.s.b.w.s.c.ServletWebServerApplicationContext - Root WebApplicationContext: initialization completed in 2922 ms
2025-11-20 13:53:23.228 [main] INFO  c.a.d.s.b.a.DruidDataSourceAutoConfigure - Init DruidDataSource
2025-11-20 13:53:23.724 [main] INFO  com.alibaba.druid.pool.DruidDataSource - {dataSource-1} inited
2025-11-20 13:53:24.305 [main] INFO  o.s.cloud.openfeign.FeignClientFactoryBean - For 'GreenNote-oss' URL not provided. Will try picking an instance via load-balancing.
2025-11-20 13:53:24.878 [main] INFO  o.s.cloud.openfeign.FeignClientFactoryBean - For 'GreenNote-distributed-id-generator' URL not provided. Will try picking an instance via load-balancing.
2025-11-20 13:53:26.361 [main] INFO  o.s.boot.web.embedded.tomcat.TomcatWebServer - Tomcat started on port(s): 8082 (http) with context path ''
2025-11-20 13:53:26.374 [main] WARN  com.alibaba.nacos.client.logging.NacosLogging - Load Logback Configuration of Nacos fail, message: Could not initialize Logback Nacos logging from classpath:nacos-logback.xml
2025-11-20 13:53:26.375 [main] INFO  com.alibaba.nacos.client.naming - initializer namespace from ans.namespace attribute : null
2025-11-20 13:53:26.376 [main] INFO  com.alibaba.nacos.client.naming - initializer namespace from ALIBABA_ALIWARE_NAMESPACE attribute :null
2025-11-20 13:53:26.378 [main] INFO  com.alibaba.nacos.client.naming - initializer namespace from namespace attribute :null
2025-11-20 13:53:26.439 [main] INFO  com.alibaba.nacos.client.utils.ParamUtil - [settings] [req-serv] nacos-server port:8848
2025-11-20 13:53:26.440 [main] INFO  com.alibaba.nacos.client.utils.ParamUtil - [settings] [http-client] connect timeout:1000
2025-11-20 13:53:26.444 [main] INFO  com.alibaba.nacos.client.utils.ParamUtil - PER_TASK_CONFIG_SIZE: 3000.0
2025-11-20 13:53:26.453 [main] INFO  c.a.n.p.auth.spi.client.ClientAuthPluginManager - [ClientAuthPluginManager] Load ClientAuthService com.alibaba.nacos.client.auth.impl.NacosClientAuthServiceImpl success.
2025-11-20 13:53:26.454 [main] INFO  c.a.n.p.auth.spi.client.ClientAuthPluginManager - [ClientAuthPluginManager] Load ClientAuthService com.alibaba.nacos.client.auth.ram.RamClientAuthServiceImpl success.
2025-11-20 13:53:26.463 [main] INFO  c.a.n.client.auth.ram.identify.CredentialWatcher - null No credential found
2025-11-20 13:53:26.487 [main] INFO  com.alibaba.nacos.common.remote.client - [RpcClientFactory] create a new rpc client of 6ac83468-1041-4f6b-afc5-9c1a7a6021a7
2025-11-20 13:53:26.530 [main] INFO  com.alibaba.nacos.common.remote.client - [6ac83468-1041-4f6b-afc5-9c1a7a6021a7] RpcClient init, ServerListFactory = com.alibaba.nacos.client.naming.core.ServerListManager
2025-11-20 13:53:26.530 [main] INFO  com.alibaba.nacos.common.remote.client - [6ac83468-1041-4f6b-afc5-9c1a7a6021a7] Registry connection listener to current client:com.alibaba.nacos.client.naming.remote.gprc.redo.NamingGrpcRedoService
2025-11-20 13:53:26.531 [main] INFO  com.alibaba.nacos.common.remote.client - [6ac83468-1041-4f6b-afc5-9c1a7a6021a7] Register server push request handler:com.alibaba.nacos.client.naming.remote.gprc.NamingPushRequestHandler
2025-11-20 13:53:26.535 [main] INFO  com.alibaba.nacos.common.remote.client - [6ac83468-1041-4f6b-afc5-9c1a7a6021a7] Try to connect to server on start up, server: {serverIp = '127.0.0.1', server main port = 8848}
2025-11-20 13:53:26.600 [main] INFO  c.a.nacos.common.remote.client.grpc.GrpcClient - grpc client connection server:127.0.0.1 ip,serverPort:9848,grpcTslConfig:{"sslProvider":"OPENSSL","enableTls":false,"mutualAuthEnable":false,"trustAll":false}
2025-11-20 13:53:27.897 [main] INFO  com.alibaba.nacos.common.remote.client - [6ac83468-1041-4f6b-afc5-9c1a7a6021a7] Success to connect to server [127.0.0.1:8848] on start up, connectionId = 1763618007630_127.0.0.1_51525
2025-11-20 13:53:27.899 [com.alibaba.nacos.client.remote.worker] INFO  com.alibaba.nacos.common.remote.client - [6ac83468-1041-4f6b-afc5-9c1a7a6021a7] Notify connected event to listeners.
2025-11-20 13:53:27.899 [com.alibaba.nacos.client.remote.worker] INFO  com.alibaba.nacos.client.naming - Grpc connection connect
2025-11-20 13:53:27.900 [main] INFO  com.alibaba.nacos.common.remote.client - [6ac83468-1041-4f6b-afc5-9c1a7a6021a7] Register server push request handler:com.alibaba.nacos.common.remote.client.RpcClient$ConnectResetRequestHandler
2025-11-20 13:53:27.900 [main] INFO  com.alibaba.nacos.common.remote.client - [6ac83468-1041-4f6b-afc5-9c1a7a6021a7] Register server push request handler:com.alibaba.nacos.common.remote.client.RpcClient$$Lambda$1264/0x0000021225906608
2025-11-20 13:53:27.901 [main] INFO  com.alibaba.nacos.client.naming - [REGISTER-SERVICE] greennote registering service GreenNote-user with instance Instance{instanceId='null', ip='10.8.115.255', port=8082, weight=1.0, healthy=true, enabled=true, ephemeral=true, clusterName='DEFAULT', serviceName='null', metadata={IPv6=null, preserved.register.source=SPRING_CLOUD}}
2025-11-20 13:53:27.926 [main] INFO  c.a.cloud.nacos.registry.NacosServiceRegistry - nacos registry, DEFAULT_GROUP GreenNote-user 10.8.115.255:8082 register finished
2025-11-20 13:53:28.136 [main] INFO  c.e.greennote.user.biz.GreenNoteUserBizApplication - Started GreenNoteUserBizApplication in 10.271 seconds (process running for 11.157)
2025-11-20 13:53:28.138 [main] INFO  c.e.g.u.biz.runner.PushRolePermissions2RedisRunner - ==> 服务启动，开始同步角色权限数据到redis中...
2025-11-20 13:53:28.851 [main] WARN  c.e.g.u.biz.runner.PushRolePermissions2RedisRunner - ==> 角色权限数据已经同步至 Redis 中，不再同步...
2025-11-20 13:55:47.281 [http-nio-8082-exec-1] INFO  o.a.c.core.ContainerBase.[Tomcat].[localhost].[/] - Initializing Spring DispatcherServlet 'dispatcherServlet'
2025-11-20 13:55:47.281 [http-nio-8082-exec-1] INFO  org.springframework.web.servlet.DispatcherServlet - Initializing Servlet 'dispatcherServlet'
2025-11-20 13:55:47.283 [http-nio-8082-exec-1] INFO  org.springframework.web.servlet.DispatcherServlet - Completed initialization in 2 ms
2025-11-20 13:55:47.305 [http-nio-8082-exec-1] INFO  c.e.f.b.context.filter.HeaderUserId2ContextFilter - ===== 设置 userId 到 ThreadLocal 中， 用户 ID: 3
2025-11-20 13:55:47.486 [http-nio-8082-exec-1] INFO  c.e.f.b.operationlog.aspect.ApiOperationLogAspect - ====== 请求开始: [根据id查询用户信息], 入参: {"id":3}, 请求类: com.evan.greennote.user.biz.controller.UserController, 请求方法: findById =======
2025-11-20 13:55:47.511 [http-nio-8082-exec-1] INFO  c.e.f.b.operationlog.aspect.ApiOperationLogAspect - ====== 请求结束: [根据id查询用户信息], 耗时: 26ms, 出参: {"success":true,"message":null,"errorCode":null,"data":{"id":3,"nickname":"Yifan_Song","avatar":"http://127.0.0.1:9000/greennote/ed3122ed5db74ab8826cac31026ebae7.jpg","introduction":"大二 CPS"}}======
2025-11-20 13:55:47.536 [http-nio-8082-exec-1] INFO  c.e.f.b.context.filter.HeaderUserId2ContextFilter - ===== 删除 ThreadLocal， userId: 3
2025-11-20 14:16:20.294 [Thread-7] WARN  com.alibaba.nacos.common.notify.NotifyCenter - [NotifyCenter] Start destroying Publisher
2025-11-20 14:16:20.294 [Thread-7] WARN  com.alibaba.nacos.common.notify.NotifyCenter - [NotifyCenter] Destruction of the end
2025-11-20 14:16:20.294 [Thread-10] WARN  c.alibaba.nacos.common.http.HttpClientBeanHolder - [HttpClientBeanHolder] Start destroying common HttpClient
2025-11-20 14:16:20.296 [Thread-10] WARN  c.alibaba.nacos.common.http.HttpClientBeanHolder - [HttpClientBeanHolder] Destruction of the end
2025-11-20 14:16:20.611 [SpringApplicationShutdownHook] INFO  c.a.cloud.nacos.registry.NacosServiceRegistry - De-registering from Nacos Server now...
2025-11-20 14:16:20.612 [SpringApplicationShutdownHook] INFO  com.alibaba.nacos.client.naming - [DEREGISTER-SERVICE] greennote deregistering service GreenNote-user with instance: Instance{instanceId='null', ip='10.8.115.255', port=8082, weight=1.0, healthy=true, enabled=true, ephemeral=true, clusterName='DEFAULT', serviceName='null', metadata={}}
2025-11-20 14:16:20.624 [SpringApplicationShutdownHook] INFO  c.a.cloud.nacos.registry.NacosServiceRegistry - De-registration finished.
2025-11-20 14:16:20.625 [SpringApplicationShutdownHook] INFO  com.alibaba.nacos.client.naming - com.alibaba.nacos.client.naming.cache.ServiceInfoHolder do shutdown begin
2025-11-20 14:16:20.625 [SpringApplicationShutdownHook] INFO  com.alibaba.nacos.client.naming - com.alibaba.nacos.client.naming.backups.FailoverReactor do shutdown begin
2025-11-20 14:16:20.626 [SpringApplicationShutdownHook] INFO  com.alibaba.nacos.client.naming - com.alibaba.nacos.client.naming.backups.FailoverReactor do shutdown stop
2025-11-20 14:16:20.626 [SpringApplicationShutdownHook] INFO  com.alibaba.nacos.client.naming - com.alibaba.nacos.client.naming.cache.ServiceInfoHolder do shutdown stop
2025-11-20 14:16:20.626 [SpringApplicationShutdownHook] INFO  com.alibaba.nacos.client.naming - com.alibaba.nacos.client.naming.remote.NamingClientProxyDelegate do shutdown begin
2025-11-20 14:16:20.626 [SpringApplicationShutdownHook] INFO  com.alibaba.nacos.client.naming - com.alibaba.nacos.client.naming.core.ServiceInfoUpdateService do shutdown begin
2025-11-20 14:16:20.626 [SpringApplicationShutdownHook] INFO  com.alibaba.nacos.client.naming - com.alibaba.nacos.client.naming.core.ServiceInfoUpdateService do shutdown stop
2025-11-20 14:16:20.626 [SpringApplicationShutdownHook] INFO  com.alibaba.nacos.client.naming - com.alibaba.nacos.client.naming.core.ServerListManager do shutdown begin
2025-11-20 14:16:20.626 [SpringApplicationShutdownHook] WARN  com.alibaba.nacos.client.naming - [NamingHttpClientManager] Start destroying NacosRestTemplate
2025-11-20 14:16:20.626 [SpringApplicationShutdownHook] WARN  com.alibaba.nacos.client.naming - [NamingHttpClientManager] Destruction of the end
2025-11-20 14:16:20.626 [SpringApplicationShutdownHook] INFO  com.alibaba.nacos.client.naming - com.alibaba.nacos.client.naming.core.ServerListManager do shutdown stop
2025-11-20 14:16:20.626 [SpringApplicationShutdownHook] INFO  com.alibaba.nacos.client.naming - com.alibaba.nacos.client.naming.remote.http.NamingHttpClientProxy do shutdown begin
2025-11-20 14:16:20.626 [SpringApplicationShutdownHook] WARN  com.alibaba.nacos.client.naming - [NamingHttpClientManager] Start destroying NacosRestTemplate
2025-11-20 14:16:20.626 [SpringApplicationShutdownHook] WARN  com.alibaba.nacos.client.naming - [NamingHttpClientManager] Destruction of the end
2025-11-20 14:16:20.626 [SpringApplicationShutdownHook] INFO  com.alibaba.nacos.client.naming - com.alibaba.nacos.client.naming.remote.http.NamingHttpClientProxy do shutdown stop
2025-11-20 14:16:20.626 [SpringApplicationShutdownHook] INFO  com.alibaba.nacos.common.remote.client - Shutdown rpc client, set status to shutdown
2025-11-20 14:16:20.627 [SpringApplicationShutdownHook] INFO  com.alibaba.nacos.common.remote.client - Shutdown client event executor java.util.concurrent.ScheduledThreadPoolExecutor@65201279[Running, pool size = 2, active threads = 2, queued tasks = 0, completed tasks = 0]
2025-11-20 14:16:20.627 [SpringApplicationShutdownHook] INFO  com.alibaba.nacos.common.remote.client - Close current connection 1763618007630_127.0.0.1_51525
2025-11-20 14:16:20.630 [SpringApplicationShutdownHook] INFO  c.a.nacos.common.remote.client.grpc.GrpcClient - Shutdown grpc executor java.util.concurrent.ThreadPoolExecutor@3afeaa20[Running, pool size = 3, active threads = 0, queued tasks = 0, completed tasks = 299]
2025-11-20 14:16:20.630 [SpringApplicationShutdownHook] INFO  com.alibaba.nacos.client.naming - Shutdown grpc redo service executor java.util.concurrent.ScheduledThreadPoolExecutor@3cfaca05[Running, pool size = 1, active threads = 0, queued tasks = 1, completed tasks = 456]
2025-11-20 14:16:20.630 [SpringApplicationShutdownHook] INFO  c.a.n.client.auth.ram.identify.CredentialWatcher - [null] CredentialWatcher is stopped
2025-11-20 14:16:20.630 [SpringApplicationShutdownHook] INFO  c.a.n.client.auth.ram.identify.CredentialService - [null] CredentialService is freed
2025-11-20 14:16:20.631 [SpringApplicationShutdownHook] INFO  com.alibaba.nacos.client.naming - com.alibaba.nacos.client.naming.remote.NamingClientProxyDelegate do shutdown stop
2025-11-20 14:16:20.781 [SpringApplicationShutdownHook] INFO  com.alibaba.druid.pool.DruidDataSource - {dataSource-1} closing ...
2025-11-20 14:16:20.782 [SpringApplicationShutdownHook] INFO  com.alibaba.druid.pool.DruidDataSource - {dataSource-1} closed
2025-11-20 14:16:34.017 [main] WARN  com.alibaba.nacos.client.logging.NacosLogging - Load Logback Configuration of Nacos fail, message: Could not initialize Logback Nacos logging from classpath:nacos-logback.xml
2025-11-20 14:16:34.122 [main] WARN  com.alibaba.nacos.client.logging.NacosLogging - Load Logback Configuration of Nacos fail, message: Could not initialize Logback Nacos logging from classpath:nacos-logback.xml
2025-11-20 14:16:35.350 [main] WARN  com.alibaba.nacos.client.logging.NacosLogging - Load Logback Configuration of Nacos fail, message: Could not initialize Logback Nacos logging from classpath:nacos-logback.xml
2025-11-20 14:16:35.378 [main] WARN  com.alibaba.nacos.client.logging.NacosLogging - Load Logback Configuration of Nacos fail, message: Could not initialize Logback Nacos logging from classpath:nacos-logback.xml
2025-11-20 14:16:35.381 [main] INFO  c.e.greennote.user.biz.GreenNoteUserBizApplication - The following 1 profile is active: "dev"
2025-11-20 14:16:36.676 [main] INFO  o.s.d.r.config.RepositoryConfigurationDelegate - Multiple Spring Data modules found, entering strict repository configuration mode
2025-11-20 14:16:36.682 [main] INFO  o.s.d.r.config.RepositoryConfigurationDelegate - Bootstrapping Spring Data Redis repositories in DEFAULT mode.
2025-11-20 14:16:36.725 [main] INFO  o.s.d.r.config.RepositoryConfigurationDelegate - Finished Spring Data repository scanning in 17 ms. Found 0 Redis repository interfaces.
2025-11-20 14:16:37.181 [main] INFO  o.springframework.cloud.context.scope.GenericScope - BeanFactory id=13d3b442-4405-3ffb-9e0f-d0c5635ac705
2025-11-20 14:16:37.248 [main] INFO  o.s.c.s.PostProcessorRegistrationDelegate$BeanPostProcessorChecker - Bean 'com.evan.greennote.search.api.FileFeignApi' of type [org.springframework.cloud.openfeign.FeignClientFactoryBean] is not eligible for getting processed by all BeanPostProcessors (for example: not eligible for auto-proxying)
2025-11-20 14:16:37.251 [main] INFO  o.s.c.s.PostProcessorRegistrationDelegate$BeanPostProcessorChecker - Bean 'com.evan.greennote.user.api.UserFeignApi' of type [org.springframework.cloud.openfeign.FeignClientFactoryBean] is not eligible for getting processed by all BeanPostProcessors (for example: not eligible for auto-proxying)
2025-11-20 14:16:37.253 [main] INFO  o.s.c.s.PostProcessorRegistrationDelegate$BeanPostProcessorChecker - Bean 'com.evan.greennote.distributed.id.generator.api.DistributedIdGeneratorFeignApi' of type [org.springframework.cloud.openfeign.FeignClientFactoryBean] is not eligible for getting processed by all BeanPostProcessors (for example: not eligible for auto-proxying)
2025-11-20 14:16:38.589 [main] INFO  o.s.boot.web.embedded.tomcat.TomcatWebServer - Tomcat initialized with port(s): 8082 (http)
2025-11-20 14:16:38.611 [main] INFO  org.apache.catalina.core.StandardService - Starting service [Tomcat]
2025-11-20 14:16:38.611 [main] INFO  org.apache.catalina.core.StandardEngine - Starting Servlet engine: [Apache Tomcat/10.1.5]
2025-11-20 14:16:38.827 [main] INFO  o.a.c.core.ContainerBase.[Tomcat].[localhost].[/] - Initializing Spring embedded WebApplicationContext
2025-11-20 14:16:38.828 [main] INFO  o.s.b.w.s.c.ServletWebServerApplicationContext - Root WebApplicationContext: initialization completed in 3412 ms
2025-11-20 14:16:39.093 [main] INFO  c.a.d.s.b.a.DruidDataSourceAutoConfigure - Init DruidDataSource
2025-11-20 14:16:39.679 [main] INFO  com.alibaba.druid.pool.DruidDataSource - {dataSource-1} inited
2025-11-20 14:16:40.334 [main] INFO  o.s.cloud.openfeign.FeignClientFactoryBean - For 'GreenNote-oss' URL not provided. Will try picking an instance via load-balancing.
2025-11-20 14:16:40.934 [main] INFO  o.s.cloud.openfeign.FeignClientFactoryBean - For 'GreenNote-distributed-id-generator' URL not provided. Will try picking an instance via load-balancing.
2025-11-20 14:16:42.593 [main] INFO  o.s.boot.web.embedded.tomcat.TomcatWebServer - Tomcat started on port(s): 8082 (http) with context path ''
2025-11-20 14:16:42.604 [main] WARN  com.alibaba.nacos.client.logging.NacosLogging - Load Logback Configuration of Nacos fail, message: Could not initialize Logback Nacos logging from classpath:nacos-logback.xml
2025-11-20 14:16:42.605 [main] INFO  com.alibaba.nacos.client.naming - initializer namespace from ans.namespace attribute : null
2025-11-20 14:16:42.606 [main] INFO  com.alibaba.nacos.client.naming - initializer namespace from ALIBABA_ALIWARE_NAMESPACE attribute :null
2025-11-20 14:16:42.606 [main] INFO  com.alibaba.nacos.client.naming - initializer namespace from namespace attribute :null
2025-11-20 14:16:42.643 [main] INFO  com.alibaba.nacos.client.utils.ParamUtil - [settings] [req-serv] nacos-server port:8848
2025-11-20 14:16:42.643 [main] INFO  com.alibaba.nacos.client.utils.ParamUtil - [settings] [http-client] connect timeout:1000
2025-11-20 14:16:42.644 [main] INFO  com.alibaba.nacos.client.utils.ParamUtil - PER_TASK_CONFIG_SIZE: 3000.0
2025-11-20 14:16:42.653 [main] INFO  c.a.n.p.auth.spi.client.ClientAuthPluginManager - [ClientAuthPluginManager] Load ClientAuthService com.alibaba.nacos.client.auth.impl.NacosClientAuthServiceImpl success.
2025-11-20 14:16:42.653 [main] INFO  c.a.n.p.auth.spi.client.ClientAuthPluginManager - [ClientAuthPluginManager] Load ClientAuthService com.alibaba.nacos.client.auth.ram.RamClientAuthServiceImpl success.
2025-11-20 14:16:42.657 [main] INFO  c.a.n.client.auth.ram.identify.CredentialWatcher - null No credential found
2025-11-20 14:16:42.671 [main] INFO  com.alibaba.nacos.common.remote.client - [RpcClientFactory] create a new rpc client of 55f9d08d-644d-45ae-baa7-ce5f70b4ed19
2025-11-20 14:16:42.710 [main] INFO  com.alibaba.nacos.common.remote.client - [55f9d08d-644d-45ae-baa7-ce5f70b4ed19] RpcClient init, ServerListFactory = com.alibaba.nacos.client.naming.core.ServerListManager
2025-11-20 14:16:42.710 [main] INFO  com.alibaba.nacos.common.remote.client - [55f9d08d-644d-45ae-baa7-ce5f70b4ed19] Registry connection listener to current client:com.alibaba.nacos.client.naming.remote.gprc.redo.NamingGrpcRedoService
2025-11-20 14:16:42.711 [main] INFO  com.alibaba.nacos.common.remote.client - [55f9d08d-644d-45ae-baa7-ce5f70b4ed19] Register server push request handler:com.alibaba.nacos.client.naming.remote.gprc.NamingPushRequestHandler
2025-11-20 14:16:42.715 [main] INFO  com.alibaba.nacos.common.remote.client - [55f9d08d-644d-45ae-baa7-ce5f70b4ed19] Try to connect to server on start up, server: {serverIp = '127.0.0.1', server main port = 8848}
2025-11-20 14:16:42.802 [main] INFO  c.a.nacos.common.remote.client.grpc.GrpcClient - grpc client connection server:127.0.0.1 ip,serverPort:9848,grpcTslConfig:{"sslProvider":"OPENSSL","enableTls":false,"mutualAuthEnable":false,"trustAll":false}
2025-11-20 14:16:44.494 [main] INFO  com.alibaba.nacos.common.remote.client - [55f9d08d-644d-45ae-baa7-ce5f70b4ed19] Success to connect to server [127.0.0.1:8848] on start up, connectionId = 1763619404209_127.0.0.1_8921
2025-11-20 14:16:44.494 [com.alibaba.nacos.client.remote.worker] INFO  com.alibaba.nacos.common.remote.client - [55f9d08d-644d-45ae-baa7-ce5f70b4ed19] Notify connected event to listeners.
2025-11-20 14:16:44.495 [com.alibaba.nacos.client.remote.worker] INFO  com.alibaba.nacos.client.naming - Grpc connection connect
2025-11-20 14:16:44.495 [main] INFO  com.alibaba.nacos.common.remote.client - [55f9d08d-644d-45ae-baa7-ce5f70b4ed19] Register server push request handler:com.alibaba.nacos.common.remote.client.RpcClient$ConnectResetRequestHandler
2025-11-20 14:16:44.495 [main] INFO  com.alibaba.nacos.common.remote.client - [55f9d08d-644d-45ae-baa7-ce5f70b4ed19] Register server push request handler:com.alibaba.nacos.common.remote.client.RpcClient$$Lambda$1264/0x0000023c81903520
2025-11-20 14:16:44.498 [main] INFO  com.alibaba.nacos.client.naming - [REGISTER-SERVICE] greennote registering service GreenNote-user with instance Instance{instanceId='null', ip='10.8.115.255', port=8082, weight=1.0, healthy=true, enabled=true, ephemeral=true, clusterName='DEFAULT', serviceName='null', metadata={IPv6=null, preserved.register.source=SPRING_CLOUD}}
2025-11-20 14:16:44.523 [main] INFO  c.a.cloud.nacos.registry.NacosServiceRegistry - nacos registry, DEFAULT_GROUP GreenNote-user 10.8.115.255:8082 register finished
2025-11-20 14:16:44.763 [main] INFO  c.e.greennote.user.biz.GreenNoteUserBizApplication - Started GreenNoteUserBizApplication in 11.943 seconds (process running for 12.855)
2025-11-20 14:16:44.766 [main] INFO  c.e.g.u.biz.runner.PushRolePermissions2RedisRunner - ==> 服务启动，开始同步角色权限数据到redis中...
2025-11-20 14:16:45.515 [main] WARN  c.e.g.u.biz.runner.PushRolePermissions2RedisRunner - ==> 角色权限数据已经同步至 Redis 中，不再同步...
