2026-02-06 00:51:37.832 [main] WARN  com.alibaba.nacos.client.logging.NacosLogging - Load Logback Configuration of Nacos fail, message: Could not initialize Logback Nacos logging from classpath:nacos-logback.xml
2026-02-06 00:51:37.954 [main] WARN  com.alibaba.nacos.client.logging.NacosLogging - Load Logback Configuration of Nacos fail, message: Could not initialize Logback Nacos logging from classpath:nacos-logback.xml
2026-02-06 00:51:38.382 [main] WARN  com.alibaba.nacos.client.logging.NacosLogging - Load Logback Configuration of Nacos fail, message: Could not initialize Logback Nacos logging from classpath:nacos-logback.xml
2026-02-06 00:51:38.387 [main] INFO  com.alibaba.nacos.client.utils.ParamUtil - [settings] [req-serv] nacos-server port:8848
2026-02-06 00:51:38.387 [main] INFO  com.alibaba.nacos.client.utils.ParamUtil - [settings] [http-client] connect timeout:1000
2026-02-06 00:51:38.389 [main] INFO  com.alibaba.nacos.client.utils.ParamUtil - PER_TASK_CONFIG_SIZE: 3000.0
2026-02-06 00:51:38.447 [main] INFO  c.a.n.p.auth.spi.client.ClientAuthPluginManager - [ClientAuthPluginManager] Load ClientAuthService com.alibaba.nacos.client.auth.impl.NacosClientAuthServiceImpl success.
2026-02-06 00:51:38.448 [main] INFO  c.a.n.p.auth.spi.client.ClientAuthPluginManager - [ClientAuthPluginManager] Load ClientAuthService com.alibaba.nacos.client.auth.ram.RamClientAuthServiceImpl success.
2026-02-06 00:51:38.454 [main] INFO  c.a.n.client.auth.ram.identify.CredentialWatcher - null No credential found
2026-02-06 00:51:38.934 [main] WARN  com.alibaba.nacos.client.logging.NacosLogging - Load Logback Configuration of Nacos fail, message: Could not initialize Logback Nacos logging from classpath:nacos-logback.xml
2026-02-06 00:51:38.965 [main] INFO  c.a.n.client.config.impl.LocalConfigInfoProcessor - LOCAL_SNAPSHOT_PATH:C:\Users\12482\nacos\config
2026-02-06 00:51:38.974 [main] INFO  com.alibaba.nacos.common.remote.client - [RpcClientFactory] create a new rpc client of 68f601c0-2f12-48a3-b15b-57ed0c48a7a0_config-0
2026-02-06 00:51:39.017 [main] INFO  com.alibaba.nacos.common.remote.client - [68f601c0-2f12-48a3-b15b-57ed0c48a7a0_config-0] Register server push request handler:com.alibaba.nacos.client.config.impl.ClientWorker$ConfigRpcTransportClient$$Lambda$585/0x000001208c38eb58
2026-02-06 00:51:39.018 [main] INFO  com.alibaba.nacos.common.remote.client - [68f601c0-2f12-48a3-b15b-57ed0c48a7a0_config-0] Register server push request handler:com.alibaba.nacos.client.config.impl.ClientWorker$ConfigRpcTransportClient$$Lambda$586/0x000001208c38ef78
2026-02-06 00:51:39.019 [main] INFO  com.alibaba.nacos.common.remote.client - [68f601c0-2f12-48a3-b15b-57ed0c48a7a0_config-0] Registry connection listener to current client:com.alibaba.nacos.client.config.impl.ClientWorker$ConfigRpcTransportClient$1
2026-02-06 00:51:39.020 [main] INFO  com.alibaba.nacos.common.remote.client - [68f601c0-2f12-48a3-b15b-57ed0c48a7a0_config-0] RpcClient init, ServerListFactory = com.alibaba.nacos.client.config.impl.ClientWorker$ConfigRpcTransportClient$2
2026-02-06 00:51:39.040 [main] INFO  com.alibaba.nacos.common.remote.client - [68f601c0-2f12-48a3-b15b-57ed0c48a7a0_config-0] Try to connect to server on start up, server: {serverIp = '127.0.0.1', server main port = 8848}
2026-02-06 00:51:39.115 [main] INFO  c.a.nacos.common.remote.client.grpc.GrpcClient - grpc client connection server:127.0.0.1 ip,serverPort:9848,grpcTslConfig:{"sslProvider":"OPENSSL","enableTls":false,"mutualAuthEnable":false,"trustAll":false}
2026-02-06 00:51:40.788 [main] INFO  com.alibaba.nacos.common.remote.client - [68f601c0-2f12-48a3-b15b-57ed0c48a7a0_config-0] Success to connect to server [127.0.0.1:8848] on start up, connectionId = 1770360700485_127.0.0.1_25031
2026-02-06 00:51:40.789 [com.alibaba.nacos.client.remote.worker] INFO  com.alibaba.nacos.common.remote.client - [68f601c0-2f12-48a3-b15b-57ed0c48a7a0_config-0] Notify connected event to listeners.
2026-02-06 00:51:40.790 [com.alibaba.nacos.client.remote.worker] INFO  com.alibaba.nacos.client.config.impl.ClientWorker - [68f601c0-2f12-48a3-b15b-57ed0c48a7a0_config-0] Connected,notify listen context...
2026-02-06 00:51:40.790 [main] INFO  com.alibaba.nacos.common.remote.client - [68f601c0-2f12-48a3-b15b-57ed0c48a7a0_config-0] Register server push request handler:com.alibaba.nacos.common.remote.client.RpcClient$ConnectResetRequestHandler
2026-02-06 00:51:40.790 [main] INFO  com.alibaba.nacos.common.remote.client - [68f601c0-2f12-48a3-b15b-57ed0c48a7a0_config-0] Register server push request handler:com.alibaba.nacos.common.remote.client.RpcClient$$Lambda$606/0x000001208c4d6e50
2026-02-06 00:51:40.884 [main] INFO  com.alibaba.nacos.client.config.impl.Limiter - limitTime:5.0
2026-02-06 00:51:40.920 [main] WARN  c.a.cloud.nacos.client.NacosPropertySourceBuilder - Ignore the empty nacos configuration and get it based on dataId[GreenNote-user-relation] & group[DEFAULT_GROUP]
2026-02-06 00:51:40.932 [main] WARN  c.a.cloud.nacos.client.NacosPropertySourceBuilder - Ignore the empty nacos configuration and get it based on dataId[GreenNote-user-relation.yaml] & group[DEFAULT_GROUP]
2026-02-06 00:51:40.961 [main] WARN  c.a.cloud.nacos.client.NacosPropertySourceBuilder - Ignore the empty nacos configuration and get it based on dataId[GreenNote-user-relation-dev.yaml] & group[DEFAULT_GROUP]
2026-02-06 00:51:40.962 [main] INFO  o.s.c.b.c.PropertySourceBootstrapConfiguration - Located property source: [BootstrapPropertySource {name='bootstrapProperties-GreenNote-user-relation-dev.yaml,DEFAULT_GROUP'}, BootstrapPropertySource {name='bootstrapProperties-GreenNote-user-relation.yaml,DEFAULT_GROUP'}, BootstrapPropertySource {name='bootstrapProperties-GreenNote-user-relation,DEFAULT_GROUP'}]
2026-02-06 00:51:41.012 [main] WARN  com.alibaba.nacos.client.logging.NacosLogging - Load Logback Configuration of Nacos fail, message: Could not initialize Logback Nacos logging from classpath:nacos-logback.xml
2026-02-06 00:51:41.014 [main] INFO  c.e.g.u.r.biz.GreenNoteUserRelationBizApplication - The following 1 profile is active: "dev"
2026-02-06 00:51:43.212 [main] INFO  o.s.d.r.config.RepositoryConfigurationDelegate - Multiple Spring Data modules found, entering strict repository configuration mode
2026-02-06 00:51:43.220 [main] INFO  o.s.d.r.config.RepositoryConfigurationDelegate - Bootstrapping Spring Data Redis repositories in DEFAULT mode.
2026-02-06 00:51:43.290 [main] INFO  o.s.d.r.config.RepositoryConfigurationDelegate - Finished Spring Data repository scanning in 26 ms. Found 0 Redis repository interfaces.
2026-02-06 00:51:43.793 [main] INFO  o.springframework.cloud.context.scope.GenericScope - BeanFactory id=e31d0f8d-e54b-31b3-a9f6-d15195742418
2026-02-06 00:51:43.890 [main] INFO  o.s.c.s.PostProcessorRegistrationDelegate$BeanPostProcessorChecker - Bean 'com.evan.greennote.search.api.FileFeignApi' of type [org.springframework.cloud.openfeign.FeignClientFactoryBean] is not eligible for getting processed by all BeanPostProcessors (for example: not eligible for auto-proxying)
2026-02-06 00:51:43.894 [main] INFO  o.s.c.s.PostProcessorRegistrationDelegate$BeanPostProcessorChecker - Bean 'com.evan.greennote.distributed.id.generator.api.DistributedIdGeneratorFeignApi' of type [org.springframework.cloud.openfeign.FeignClientFactoryBean] is not eligible for getting processed by all BeanPostProcessors (for example: not eligible for auto-proxying)
2026-02-06 00:51:43.896 [main] INFO  o.s.c.s.PostProcessorRegistrationDelegate$BeanPostProcessorChecker - Bean 'com.evan.greennote.count.api.CountFeignApi' of type [org.springframework.cloud.openfeign.FeignClientFactoryBean] is not eligible for getting processed by all BeanPostProcessors (for example: not eligible for auto-proxying)
2026-02-06 00:51:43.899 [main] INFO  o.s.c.s.PostProcessorRegistrationDelegate$BeanPostProcessorChecker - Bean 'com.evan.greennote.user.api.UserFeignApi' of type [org.springframework.cloud.openfeign.FeignClientFactoryBean] is not eligible for getting processed by all BeanPostProcessors (for example: not eligible for auto-proxying)
2026-02-06 00:51:45.381 [main] INFO  o.s.c.s.PostProcessorRegistrationDelegate$BeanPostProcessorChecker - Bean 'org.apache.rocketmq.spring.autoconfigure.MessageConverterConfiguration' of type [org.apache.rocketmq.spring.autoconfigure.MessageConverterConfiguration$$SpringCGLIB$$0] is not eligible for getting processed by all BeanPostProcessors (for example: not eligible for auto-proxying)
2026-02-06 00:51:45.582 [main] INFO  o.s.c.s.PostProcessorRegistrationDelegate$BeanPostProcessorChecker - Bean 'createRocketMQMessageConverter' of type [org.apache.rocketmq.spring.support.RocketMQMessageConverter] is not eligible for getting processed by all BeanPostProcessors (for example: not eligible for auto-proxying)
2026-02-06 00:51:45.589 [main] INFO  o.s.c.s.PostProcessorRegistrationDelegate$BeanPostProcessorChecker - Bean 'org.springframework.cloud.commons.config.CommonsConfigAutoConfiguration' of type [org.springframework.cloud.commons.config.CommonsConfigAutoConfiguration] is not eligible for getting processed by all BeanPostProcessors (for example: not eligible for auto-proxying)
2026-02-06 00:51:45.599 [main] INFO  o.s.c.s.PostProcessorRegistrationDelegate$BeanPostProcessorChecker - Bean 'org.springframework.cloud.client.loadbalancer.LoadBalancerDefaultMappingsProviderAutoConfiguration' of type [org.springframework.cloud.client.loadbalancer.LoadBalancerDefaultMappingsProviderAutoConfiguration] is not eligible for getting processed by all BeanPostProcessors (for example: not eligible for auto-proxying)
2026-02-06 00:51:45.600 [main] INFO  o.s.c.s.PostProcessorRegistrationDelegate$BeanPostProcessorChecker - Bean 'loadBalancerClientsDefaultsMappingsProvider' of type [org.springframework.cloud.client.loadbalancer.LoadBalancerDefaultMappingsProviderAutoConfiguration$$Lambda$760/0x000001208c6a40c0] is not eligible for getting processed by all BeanPostProcessors (for example: not eligible for auto-proxying)
2026-02-06 00:51:45.604 [main] INFO  o.s.c.s.PostProcessorRegistrationDelegate$BeanPostProcessorChecker - Bean 'defaultsBindHandlerAdvisor' of type [org.springframework.cloud.commons.config.DefaultsBindHandlerAdvisor] is not eligible for getting processed by all BeanPostProcessors (for example: not eligible for auto-proxying)
2026-02-06 00:51:45.618 [main] INFO  o.s.c.s.PostProcessorRegistrationDelegate$BeanPostProcessorChecker - Bean 'rocketmq-org.apache.rocketmq.spring.autoconfigure.RocketMQProperties' of type [org.apache.rocketmq.spring.autoconfigure.RocketMQProperties] is not eligible for getting processed by all BeanPostProcessors (for example: not eligible for auto-proxying)
2026-02-06 00:51:45.620 [main] INFO  o.s.c.s.PostProcessorRegistrationDelegate$BeanPostProcessorChecker - Bean 'org.apache.rocketmq.spring.autoconfigure.ListenerContainerConfiguration' of type [org.apache.rocketmq.spring.autoconfigure.ListenerContainerConfiguration$$SpringCGLIB$$0] is not eligible for getting processed by all BeanPostProcessors (for example: not eligible for auto-proxying)
2026-02-06 00:51:46.290 [main] INFO  o.s.boot.web.embedded.tomcat.TomcatWebServer - Tomcat initialized with port(s): 8087 (http)
2026-02-06 00:51:46.310 [main] INFO  org.apache.catalina.core.StandardService - Starting service [Tomcat]
2026-02-06 00:51:46.310 [main] INFO  org.apache.catalina.core.StandardEngine - Starting Servlet engine: [Apache Tomcat/10.1.5]
2026-02-06 00:51:46.496 [main] INFO  o.a.c.core.ContainerBase.[Tomcat].[localhost].[/] - Initializing Spring embedded WebApplicationContext
2026-02-06 00:51:46.496 [main] INFO  o.s.b.w.s.c.ServletWebServerApplicationContext - Root WebApplicationContext: initialization completed in 5448 ms
2026-02-06 00:51:46.666 [main] INFO  c.a.d.s.b.a.DruidDataSourceAutoConfigure - Init DruidDataSource
2026-02-06 00:51:47.277 [main] INFO  com.alibaba.druid.pool.DruidDataSource - {dataSource-1} inited
2026-02-06 00:51:48.784 [main] INFO  o.a.r.s.autoconfigure.RocketMQAutoConfiguration - a producer (greennote_group) init on namesrv 127.0.0.1:9876
2026-02-06 00:51:49.412 [main] INFO  o.a.r.s.support.DefaultRocketMQListenerContainer - running container: DefaultRocketMQListenerContainer{consumerGroup='greennote_groupFollowUnFollowTopic', namespace='', nameServer='127.0.0.1:9876', topic='FollowUnFollowTopic', consumeMode=ORDERLY, selectorType=TAG, selectorExpression='Follow||UnFollow', messageModel=CLUSTERING', tlsEnable=false, instanceName=DEFAULT}
2026-02-06 00:51:49.412 [main] INFO  o.a.r.s.a.ListenerContainerConfiguration - Register the listener to container, listenerBeanName:followUnfollowConsumer, containerBeanName:org.apache.rocketmq.spring.support.DefaultRocketMQListenerContainer_1
2026-02-06 00:51:49.669 [main] INFO  o.s.cloud.openfeign.FeignClientFactoryBean - For 'GreenNote-user' URL not provided. Will try picking an instance via load-balancing.
2026-02-06 00:51:51.675 [main] INFO  o.s.boot.web.embedded.tomcat.TomcatWebServer - Tomcat started on port(s): 8087 (http) with context path ''
2026-02-06 00:51:51.682 [main] INFO  com.alibaba.nacos.client.naming - initializer namespace from ans.namespace attribute : null
2026-02-06 00:51:51.682 [main] INFO  com.alibaba.nacos.client.naming - initializer namespace from ALIBABA_ALIWARE_NAMESPACE attribute :null
2026-02-06 00:51:51.683 [main] INFO  com.alibaba.nacos.client.naming - initializer namespace from namespace attribute :null
2026-02-06 00:51:51.699 [main] INFO  c.a.n.p.auth.spi.client.ClientAuthPluginManager - [ClientAuthPluginManager] Load ClientAuthService com.alibaba.nacos.client.auth.impl.NacosClientAuthServiceImpl success.
2026-02-06 00:51:51.700 [main] INFO  c.a.n.p.auth.spi.client.ClientAuthPluginManager - [ClientAuthPluginManager] Load ClientAuthService com.alibaba.nacos.client.auth.ram.RamClientAuthServiceImpl success.
2026-02-06 00:51:51.706 [main] INFO  com.alibaba.nacos.common.remote.client - [RpcClientFactory] create a new rpc client of 3293f8f6-b25a-45a7-9c67-b12ea3b3c8e6
2026-02-06 00:51:51.710 [main] INFO  com.alibaba.nacos.common.remote.client - [3293f8f6-b25a-45a7-9c67-b12ea3b3c8e6] RpcClient init, ServerListFactory = com.alibaba.nacos.client.naming.core.ServerListManager
2026-02-06 00:51:51.710 [main] INFO  com.alibaba.nacos.common.remote.client - [3293f8f6-b25a-45a7-9c67-b12ea3b3c8e6] Registry connection listener to current client:com.alibaba.nacos.client.naming.remote.gprc.redo.NamingGrpcRedoService
2026-02-06 00:51:51.711 [main] INFO  com.alibaba.nacos.common.remote.client - [3293f8f6-b25a-45a7-9c67-b12ea3b3c8e6] Register server push request handler:com.alibaba.nacos.client.naming.remote.gprc.NamingPushRequestHandler
2026-02-06 00:51:51.712 [main] INFO  com.alibaba.nacos.common.remote.client - [3293f8f6-b25a-45a7-9c67-b12ea3b3c8e6] Try to connect to server on start up, server: {serverIp = '127.0.0.1', server main port = 8848}
2026-02-06 00:51:51.712 [main] INFO  c.a.nacos.common.remote.client.grpc.GrpcClient - grpc client connection server:127.0.0.1 ip,serverPort:9848,grpcTslConfig:{"sslProvider":"OPENSSL","enableTls":false,"mutualAuthEnable":false,"trustAll":false}
2026-02-06 00:51:51.839 [main] INFO  com.alibaba.nacos.common.remote.client - [3293f8f6-b25a-45a7-9c67-b12ea3b3c8e6] Success to connect to server [127.0.0.1:8848] on start up, connectionId = 1770360711729_127.0.0.1_12487
2026-02-06 00:51:51.839 [com.alibaba.nacos.client.remote.worker] INFO  com.alibaba.nacos.common.remote.client - [3293f8f6-b25a-45a7-9c67-b12ea3b3c8e6] Notify connected event to listeners.
2026-02-06 00:51:51.839 [main] INFO  com.alibaba.nacos.common.remote.client - [3293f8f6-b25a-45a7-9c67-b12ea3b3c8e6] Register server push request handler:com.alibaba.nacos.common.remote.client.RpcClient$ConnectResetRequestHandler
2026-02-06 00:51:51.839 [main] INFO  com.alibaba.nacos.common.remote.client - [3293f8f6-b25a-45a7-9c67-b12ea3b3c8e6] Register server push request handler:com.alibaba.nacos.common.remote.client.RpcClient$$Lambda$606/0x000001208c4d6e50
2026-02-06 00:51:51.839 [com.alibaba.nacos.client.remote.worker] INFO  com.alibaba.nacos.client.naming - Grpc connection connect
2026-02-06 00:51:51.842 [main] INFO  com.alibaba.nacos.client.naming - [REGISTER-SERVICE] greennote registering service GreenNote-user-relation with instance Instance{instanceId='null', ip='10.141.87.136', port=8087, weight=1.0, healthy=true, enabled=true, ephemeral=true, clusterName='DEFAULT', serviceName='null', metadata={IPv6=null, preserved.register.source=SPRING_CLOUD}}
2026-02-06 00:51:51.865 [main] INFO  c.a.cloud.nacos.registry.NacosServiceRegistry - nacos registry, DEFAULT_GROUP GreenNote-user-relation 10.141.87.136:8087 register finished
2026-02-06 00:51:52.120 [main] INFO  c.e.g.u.r.biz.GreenNoteUserRelationBizApplication - Started GreenNoteUserRelationBizApplication in 15.544 seconds (process running for 16.581)
2026-02-06 00:51:52.127 [main] INFO  com.alibaba.nacos.client.config.impl.CacheData - nacos.cache.data.init.snapshot = true 
2026-02-06 00:51:52.128 [main] INFO  com.alibaba.nacos.client.config.impl.ClientWorker - [fixed-greennote-127.0.0.1_8848] [subscribe] GreenNote-user-relation-dev.yaml+DEFAULT_GROUP+greennote
2026-02-06 00:51:52.147 [main] INFO  com.alibaba.nacos.client.config.impl.CacheData - [fixed-greennote-127.0.0.1_8848] [add-listener] ok, tenant=greennote, dataId=GreenNote-user-relation-dev.yaml, group=DEFAULT_GROUP, cnt=1
2026-02-06 00:51:52.147 [main] INFO  c.a.cloud.nacos.refresh.NacosContextRefresher - [Nacos Config] Listening config: dataId=GreenNote-user-relation-dev.yaml, group=DEFAULT_GROUP
2026-02-06 00:51:52.148 [main] INFO  com.alibaba.nacos.client.config.impl.ClientWorker - [fixed-greennote-127.0.0.1_8848] [subscribe] GreenNote-user-relation+DEFAULT_GROUP+greennote
2026-02-06 00:51:52.148 [main] INFO  com.alibaba.nacos.client.config.impl.CacheData - [fixed-greennote-127.0.0.1_8848] [add-listener] ok, tenant=greennote, dataId=GreenNote-user-relation, group=DEFAULT_GROUP, cnt=1
2026-02-06 00:51:52.148 [main] INFO  c.a.cloud.nacos.refresh.NacosContextRefresher - [Nacos Config] Listening config: dataId=GreenNote-user-relation, group=DEFAULT_GROUP
2026-02-06 00:51:52.148 [main] INFO  com.alibaba.nacos.client.config.impl.ClientWorker - [fixed-greennote-127.0.0.1_8848] [subscribe] GreenNote-user-relation.yaml+DEFAULT_GROUP+greennote
2026-02-06 00:51:52.148 [main] INFO  com.alibaba.nacos.client.config.impl.CacheData - [fixed-greennote-127.0.0.1_8848] [add-listener] ok, tenant=greennote, dataId=GreenNote-user-relation.yaml, group=DEFAULT_GROUP, cnt=1
2026-02-06 00:51:52.149 [main] INFO  c.a.cloud.nacos.refresh.NacosContextRefresher - [Nacos Config] Listening config: dataId=GreenNote-user-relation.yaml, group=DEFAULT_GROUP
2026-02-06 00:57:12.328 [Thread-9] WARN  com.alibaba.nacos.common.notify.NotifyCenter - [NotifyCenter] Start destroying Publisher
2026-02-06 00:57:12.329 [Thread-9] WARN  com.alibaba.nacos.common.notify.NotifyCenter - [NotifyCenter] Destruction of the end
2026-02-06 00:57:12.330 [Thread-2] WARN  c.alibaba.nacos.common.http.HttpClientBeanHolder - [HttpClientBeanHolder] Start destroying common HttpClient
2026-02-06 00:57:12.331 [Thread-2] WARN  c.alibaba.nacos.common.http.HttpClientBeanHolder - [HttpClientBeanHolder] Destruction of the end
2026-02-06 00:57:12.382 [NettyClientSelector_1] INFO  RocketmqRemoting - closeChannel: close the connection to remote address[127.0.0.1:10911] result: true
2026-02-06 00:57:12.384 [NettyClientSelector_1] INFO  RocketmqRemoting - closeChannel: close the connection to remote address[127.0.0.1:9876] result: true
2026-02-06 00:57:12.497 [SpringApplicationShutdownHook] INFO  c.a.cloud.nacos.registry.NacosServiceRegistry - De-registering from Nacos Server now...
2026-02-06 00:57:12.498 [SpringApplicationShutdownHook] INFO  com.alibaba.nacos.client.naming - [DEREGISTER-SERVICE] greennote deregistering service GreenNote-user-relation with instance: Instance{instanceId='null', ip='10.141.87.136', port=8087, weight=1.0, healthy=true, enabled=true, ephemeral=true, clusterName='DEFAULT', serviceName='null', metadata={}}
2026-02-06 00:57:12.518 [SpringApplicationShutdownHook] INFO  c.a.cloud.nacos.registry.NacosServiceRegistry - De-registration finished.
2026-02-06 00:57:12.519 [SpringApplicationShutdownHook] INFO  com.alibaba.nacos.client.naming - com.alibaba.nacos.client.naming.cache.ServiceInfoHolder do shutdown begin
2026-02-06 00:57:12.520 [SpringApplicationShutdownHook] INFO  com.alibaba.nacos.client.naming - com.alibaba.nacos.client.naming.backups.FailoverReactor do shutdown begin
2026-02-06 00:57:12.520 [SpringApplicationShutdownHook] INFO  com.alibaba.nacos.client.naming - com.alibaba.nacos.client.naming.backups.FailoverReactor do shutdown stop
2026-02-06 00:57:12.520 [SpringApplicationShutdownHook] INFO  com.alibaba.nacos.client.naming - com.alibaba.nacos.client.naming.cache.ServiceInfoHolder do shutdown stop
2026-02-06 00:57:12.520 [SpringApplicationShutdownHook] INFO  com.alibaba.nacos.client.naming - com.alibaba.nacos.client.naming.remote.NamingClientProxyDelegate do shutdown begin
2026-02-06 00:57:12.520 [SpringApplicationShutdownHook] INFO  com.alibaba.nacos.client.naming - com.alibaba.nacos.client.naming.core.ServiceInfoUpdateService do shutdown begin
2026-02-06 00:57:12.520 [SpringApplicationShutdownHook] INFO  com.alibaba.nacos.client.naming - com.alibaba.nacos.client.naming.core.ServiceInfoUpdateService do shutdown stop
2026-02-06 00:57:12.520 [SpringApplicationShutdownHook] INFO  com.alibaba.nacos.client.naming - com.alibaba.nacos.client.naming.core.ServerListManager do shutdown begin
2026-02-06 00:57:12.520 [SpringApplicationShutdownHook] WARN  com.alibaba.nacos.client.naming - [NamingHttpClientManager] Start destroying NacosRestTemplate
2026-02-06 00:57:12.521 [SpringApplicationShutdownHook] WARN  com.alibaba.nacos.client.naming - [NamingHttpClientManager] Destruction of the end
2026-02-06 00:57:12.521 [SpringApplicationShutdownHook] INFO  com.alibaba.nacos.client.naming - com.alibaba.nacos.client.naming.core.ServerListManager do shutdown stop
2026-02-06 00:57:12.521 [SpringApplicationShutdownHook] INFO  com.alibaba.nacos.client.naming - com.alibaba.nacos.client.naming.remote.http.NamingHttpClientProxy do shutdown begin
2026-02-06 00:57:12.521 [SpringApplicationShutdownHook] WARN  com.alibaba.nacos.client.naming - [NamingHttpClientManager] Start destroying NacosRestTemplate
2026-02-06 00:57:12.521 [SpringApplicationShutdownHook] WARN  com.alibaba.nacos.client.naming - [NamingHttpClientManager] Destruction of the end
2026-02-06 00:57:12.521 [SpringApplicationShutdownHook] INFO  com.alibaba.nacos.client.naming - com.alibaba.nacos.client.naming.remote.http.NamingHttpClientProxy do shutdown stop
2026-02-06 00:57:12.521 [SpringApplicationShutdownHook] INFO  com.alibaba.nacos.common.remote.client - Shutdown rpc client, set status to shutdown
2026-02-06 00:57:12.521 [SpringApplicationShutdownHook] INFO  com.alibaba.nacos.common.remote.client - Shutdown client event executor java.util.concurrent.ScheduledThreadPoolExecutor@1bad8f18[Running, pool size = 2, active threads = 2, queued tasks = 0, completed tasks = 0]
2026-02-06 00:57:12.521 [SpringApplicationShutdownHook] INFO  com.alibaba.nacos.common.remote.client - Close current connection 1770360711729_127.0.0.1_12487
2026-02-06 00:57:12.525 [SpringApplicationShutdownHook] INFO  c.a.nacos.common.remote.client.grpc.GrpcClient - Shutdown grpc executor java.util.concurrent.ThreadPoolExecutor@3e347c[Running, pool size = 3, active threads = 0, queued tasks = 0, completed tasks = 81]
2026-02-06 00:57:12.525 [SpringApplicationShutdownHook] INFO  com.alibaba.nacos.client.naming - Shutdown grpc redo service executor java.util.concurrent.ScheduledThreadPoolExecutor@7c504e94[Running, pool size = 1, active threads = 0, queued tasks = 1, completed tasks = 106]
2026-02-06 00:57:12.526 [SpringApplicationShutdownHook] INFO  c.a.n.client.auth.ram.identify.CredentialWatcher - [null] CredentialWatcher is stopped
2026-02-06 00:57:12.526 [SpringApplicationShutdownHook] INFO  c.a.n.client.auth.ram.identify.CredentialService - [null] CredentialService is freed
2026-02-06 00:57:12.527 [SpringApplicationShutdownHook] INFO  com.alibaba.nacos.client.naming - com.alibaba.nacos.client.naming.remote.NamingClientProxyDelegate do shutdown stop
2026-02-06 00:57:12.531 [SpringApplicationShutdownHook] INFO  o.a.r.s.support.DefaultRocketMQListenerContainer - container destroyed, DefaultRocketMQListenerContainer{consumerGroup='greennote_groupFollowUnFollowTopic', namespace='', nameServer='127.0.0.1:9876', topic='FollowUnFollowTopic', consumeMode=ORDERLY, selectorType=TAG, selectorExpression='Follow||UnFollow', messageModel=CLUSTERING', tlsEnable=false, instanceName=DEFAULT}
2026-02-06 00:57:12.555 [NettyClientSelector_1] INFO  RocketmqRemoting - closeChannel: close the connection to remote address[127.0.0.1:9876] result: true
2026-02-06 00:57:12.555 [NettyClientSelector_1] INFO  RocketmqRemoting - closeChannel: close the connection to remote address[127.0.0.1:10911] result: true
2026-02-06 00:57:12.606 [SpringApplicationShutdownHook] INFO  com.alibaba.druid.pool.DruidDataSource - {dataSource-1} closing ...
2026-02-06 00:57:12.623 [SpringApplicationShutdownHook] INFO  com.alibaba.druid.pool.DruidDataSource - {dataSource-1} closed
2026-02-06 16:52:15.934 [main] WARN  com.alibaba.nacos.client.logging.NacosLogging - Load Logback Configuration of Nacos fail, message: Could not initialize Logback Nacos logging from classpath:nacos-logback.xml
2026-02-06 16:52:16.308 [main] WARN  com.alibaba.nacos.client.logging.NacosLogging - Load Logback Configuration of Nacos fail, message: Could not initialize Logback Nacos logging from classpath:nacos-logback.xml
2026-02-06 16:52:16.841 [main] WARN  com.alibaba.nacos.client.logging.NacosLogging - Load Logback Configuration of Nacos fail, message: Could not initialize Logback Nacos logging from classpath:nacos-logback.xml
2026-02-06 16:52:16.845 [main] INFO  com.alibaba.nacos.client.utils.ParamUtil - [settings] [req-serv] nacos-server port:8848
2026-02-06 16:52:16.846 [main] INFO  com.alibaba.nacos.client.utils.ParamUtil - [settings] [http-client] connect timeout:1000
2026-02-06 16:52:16.848 [main] INFO  com.alibaba.nacos.client.utils.ParamUtil - PER_TASK_CONFIG_SIZE: 3000.0
2026-02-06 16:52:16.913 [main] INFO  c.a.n.p.auth.spi.client.ClientAuthPluginManager - [ClientAuthPluginManager] Load ClientAuthService com.alibaba.nacos.client.auth.impl.NacosClientAuthServiceImpl success.
2026-02-06 16:52:16.913 [main] INFO  c.a.n.p.auth.spi.client.ClientAuthPluginManager - [ClientAuthPluginManager] Load ClientAuthService com.alibaba.nacos.client.auth.ram.RamClientAuthServiceImpl success.
2026-02-06 16:52:16.921 [main] INFO  c.a.n.client.auth.ram.identify.CredentialWatcher - null No credential found
2026-02-06 16:52:17.572 [main] WARN  com.alibaba.nacos.client.logging.NacosLogging - Load Logback Configuration of Nacos fail, message: Could not initialize Logback Nacos logging from classpath:nacos-logback.xml
2026-02-06 16:52:17.612 [main] INFO  c.a.n.client.config.impl.LocalConfigInfoProcessor - LOCAL_SNAPSHOT_PATH:C:\Users\12482\nacos\config
2026-02-06 16:52:17.623 [main] INFO  com.alibaba.nacos.common.remote.client - [RpcClientFactory] create a new rpc client of b6eb9fc2-ac7a-4f34-868f-01f3fbe8f110_config-0
2026-02-06 16:52:17.678 [main] INFO  com.alibaba.nacos.common.remote.client - [b6eb9fc2-ac7a-4f34-868f-01f3fbe8f110_config-0] Register server push request handler:com.alibaba.nacos.client.config.impl.ClientWorker$ConfigRpcTransportClient$$Lambda$573/0x000002155e367210
2026-02-06 16:52:17.679 [main] INFO  com.alibaba.nacos.common.remote.client - [b6eb9fc2-ac7a-4f34-868f-01f3fbe8f110_config-0] Register server push request handler:com.alibaba.nacos.client.config.impl.ClientWorker$ConfigRpcTransportClient$$Lambda$574/0x000002155e367630
2026-02-06 16:52:17.680 [main] INFO  com.alibaba.nacos.common.remote.client - [b6eb9fc2-ac7a-4f34-868f-01f3fbe8f110_config-0] Registry connection listener to current client:com.alibaba.nacos.client.config.impl.ClientWorker$ConfigRpcTransportClient$1
2026-02-06 16:52:17.681 [main] INFO  com.alibaba.nacos.common.remote.client - [b6eb9fc2-ac7a-4f34-868f-01f3fbe8f110_config-0] RpcClient init, ServerListFactory = com.alibaba.nacos.client.config.impl.ClientWorker$ConfigRpcTransportClient$2
2026-02-06 16:52:17.708 [main] INFO  com.alibaba.nacos.common.remote.client - [b6eb9fc2-ac7a-4f34-868f-01f3fbe8f110_config-0] Try to connect to server on start up, server: {serverIp = '127.0.0.1', server main port = 8848}
2026-02-06 16:52:17.801 [main] INFO  c.a.nacos.common.remote.client.grpc.GrpcClient - grpc client connection server:127.0.0.1 ip,serverPort:9848,grpcTslConfig:{"sslProvider":"OPENSSL","enableTls":false,"mutualAuthEnable":false,"trustAll":false}
2026-02-06 16:52:19.946 [main] INFO  com.alibaba.nacos.common.remote.client - [b6eb9fc2-ac7a-4f34-868f-01f3fbe8f110_config-0] Success to connect to server [127.0.0.1:8848] on start up, connectionId = 1770418339640_127.0.0.1_8189
2026-02-06 16:52:19.947 [com.alibaba.nacos.client.remote.worker] INFO  com.alibaba.nacos.common.remote.client - [b6eb9fc2-ac7a-4f34-868f-01f3fbe8f110_config-0] Notify connected event to listeners.
2026-02-06 16:52:19.948 [com.alibaba.nacos.client.remote.worker] INFO  com.alibaba.nacos.client.config.impl.ClientWorker - [b6eb9fc2-ac7a-4f34-868f-01f3fbe8f110_config-0] Connected,notify listen context...
2026-02-06 16:52:19.948 [main] INFO  com.alibaba.nacos.common.remote.client - [b6eb9fc2-ac7a-4f34-868f-01f3fbe8f110_config-0] Register server push request handler:com.alibaba.nacos.common.remote.client.RpcClient$ConnectResetRequestHandler
2026-02-06 16:52:19.949 [main] INFO  com.alibaba.nacos.common.remote.client - [b6eb9fc2-ac7a-4f34-868f-01f3fbe8f110_config-0] Register server push request handler:com.alibaba.nacos.common.remote.client.RpcClient$$Lambda$594/0x000002155e4b7158
2026-02-06 16:52:20.081 [main] INFO  com.alibaba.nacos.client.config.impl.Limiter - limitTime:5.0
2026-02-06 16:52:20.118 [main] WARN  c.a.cloud.nacos.client.NacosPropertySourceBuilder - Ignore the empty nacos configuration and get it based on dataId[GreenNote-user-relation] & group[DEFAULT_GROUP]
2026-02-06 16:52:20.141 [main] WARN  c.a.cloud.nacos.client.NacosPropertySourceBuilder - Ignore the empty nacos configuration and get it based on dataId[GreenNote-user-relation.yaml] & group[DEFAULT_GROUP]
2026-02-06 16:52:20.159 [main] WARN  c.a.cloud.nacos.client.NacosPropertySourceBuilder - Ignore the empty nacos configuration and get it based on dataId[GreenNote-user-relation-dev.yaml] & group[DEFAULT_GROUP]
2026-02-06 16:52:20.161 [main] INFO  o.s.c.b.c.PropertySourceBootstrapConfiguration - Located property source: [BootstrapPropertySource {name='bootstrapProperties-GreenNote-user-relation-dev.yaml,DEFAULT_GROUP'}, BootstrapPropertySource {name='bootstrapProperties-GreenNote-user-relation.yaml,DEFAULT_GROUP'}, BootstrapPropertySource {name='bootstrapProperties-GreenNote-user-relation,DEFAULT_GROUP'}]
2026-02-06 16:52:20.237 [main] WARN  com.alibaba.nacos.client.logging.NacosLogging - Load Logback Configuration of Nacos fail, message: Could not initialize Logback Nacos logging from classpath:nacos-logback.xml
2026-02-06 16:52:20.239 [main] INFO  c.e.g.u.r.biz.GreenNoteUserRelationBizApplication - The following 1 profile is active: "dev"
2026-02-06 16:52:22.813 [main] INFO  o.s.d.r.config.RepositoryConfigurationDelegate - Multiple Spring Data modules found, entering strict repository configuration mode
2026-02-06 16:52:22.821 [main] INFO  o.s.d.r.config.RepositoryConfigurationDelegate - Bootstrapping Spring Data Redis repositories in DEFAULT mode.
2026-02-06 16:52:22.898 [main] INFO  o.s.d.r.config.RepositoryConfigurationDelegate - Finished Spring Data repository scanning in 39 ms. Found 0 Redis repository interfaces.
2026-02-06 16:52:23.408 [main] INFO  o.springframework.cloud.context.scope.GenericScope - BeanFactory id=e31d0f8d-e54b-31b3-a9f6-d15195742418
2026-02-06 16:52:23.490 [main] INFO  o.s.c.s.PostProcessorRegistrationDelegate$BeanPostProcessorChecker - Bean 'com.evan.greennote.search.api.FileFeignApi' of type [org.springframework.cloud.openfeign.FeignClientFactoryBean] is not eligible for getting processed by all BeanPostProcessors (for example: not eligible for auto-proxying)
2026-02-06 16:52:23.494 [main] INFO  o.s.c.s.PostProcessorRegistrationDelegate$BeanPostProcessorChecker - Bean 'com.evan.greennote.distributed.id.generator.api.DistributedIdGeneratorFeignApi' of type [org.springframework.cloud.openfeign.FeignClientFactoryBean] is not eligible for getting processed by all BeanPostProcessors (for example: not eligible for auto-proxying)
2026-02-06 16:52:23.497 [main] INFO  o.s.c.s.PostProcessorRegistrationDelegate$BeanPostProcessorChecker - Bean 'com.evan.greennote.count.api.CountFeignApi' of type [org.springframework.cloud.openfeign.FeignClientFactoryBean] is not eligible for getting processed by all BeanPostProcessors (for example: not eligible for auto-proxying)
2026-02-06 16:52:23.500 [main] INFO  o.s.c.s.PostProcessorRegistrationDelegate$BeanPostProcessorChecker - Bean 'com.evan.greennote.user.api.UserFeignApi' of type [org.springframework.cloud.openfeign.FeignClientFactoryBean] is not eligible for getting processed by all BeanPostProcessors (for example: not eligible for auto-proxying)
2026-02-06 16:52:24.176 [main] INFO  o.s.c.s.PostProcessorRegistrationDelegate$BeanPostProcessorChecker - Bean 'org.apache.rocketmq.spring.autoconfigure.MessageConverterConfiguration' of type [org.apache.rocketmq.spring.autoconfigure.MessageConverterConfiguration$$SpringCGLIB$$0] is not eligible for getting processed by all BeanPostProcessors (for example: not eligible for auto-proxying)
2026-02-06 16:52:24.362 [main] INFO  o.s.c.s.PostProcessorRegistrationDelegate$BeanPostProcessorChecker - Bean 'createRocketMQMessageConverter' of type [org.apache.rocketmq.spring.support.RocketMQMessageConverter] is not eligible for getting processed by all BeanPostProcessors (for example: not eligible for auto-proxying)
2026-02-06 16:52:24.368 [main] INFO  o.s.c.s.PostProcessorRegistrationDelegate$BeanPostProcessorChecker - Bean 'org.springframework.cloud.commons.config.CommonsConfigAutoConfiguration' of type [org.springframework.cloud.commons.config.CommonsConfigAutoConfiguration] is not eligible for getting processed by all BeanPostProcessors (for example: not eligible for auto-proxying)
2026-02-06 16:52:24.377 [main] INFO  o.s.c.s.PostProcessorRegistrationDelegate$BeanPostProcessorChecker - Bean 'org.springframework.cloud.client.loadbalancer.LoadBalancerDefaultMappingsProviderAutoConfiguration' of type [org.springframework.cloud.client.loadbalancer.LoadBalancerDefaultMappingsProviderAutoConfiguration] is not eligible for getting processed by all BeanPostProcessors (for example: not eligible for auto-proxying)
2026-02-06 16:52:24.378 [main] INFO  o.s.c.s.PostProcessorRegistrationDelegate$BeanPostProcessorChecker - Bean 'loadBalancerClientsDefaultsMappingsProvider' of type [org.springframework.cloud.client.loadbalancer.LoadBalancerDefaultMappingsProviderAutoConfiguration$$Lambda$748/0x000002155e6a3e78] is not eligible for getting processed by all BeanPostProcessors (for example: not eligible for auto-proxying)
2026-02-06 16:52:24.383 [main] INFO  o.s.c.s.PostProcessorRegistrationDelegate$BeanPostProcessorChecker - Bean 'defaultsBindHandlerAdvisor' of type [org.springframework.cloud.commons.config.DefaultsBindHandlerAdvisor] is not eligible for getting processed by all BeanPostProcessors (for example: not eligible for auto-proxying)
2026-02-06 16:52:24.399 [main] INFO  o.s.c.s.PostProcessorRegistrationDelegate$BeanPostProcessorChecker - Bean 'rocketmq-org.apache.rocketmq.spring.autoconfigure.RocketMQProperties' of type [org.apache.rocketmq.spring.autoconfigure.RocketMQProperties] is not eligible for getting processed by all BeanPostProcessors (for example: not eligible for auto-proxying)
2026-02-06 16:52:24.401 [main] INFO  o.s.c.s.PostProcessorRegistrationDelegate$BeanPostProcessorChecker - Bean 'org.apache.rocketmq.spring.autoconfigure.ListenerContainerConfiguration' of type [org.apache.rocketmq.spring.autoconfigure.ListenerContainerConfiguration$$SpringCGLIB$$0] is not eligible for getting processed by all BeanPostProcessors (for example: not eligible for auto-proxying)
2026-02-06 16:52:25.120 [main] INFO  o.s.boot.web.embedded.tomcat.TomcatWebServer - Tomcat initialized with port(s): 8087 (http)
2026-02-06 16:52:25.170 [main] INFO  org.apache.catalina.core.StandardService - Starting service [Tomcat]
2026-02-06 16:52:25.172 [main] INFO  org.apache.catalina.core.StandardEngine - Starting Servlet engine: [Apache Tomcat/10.1.5]
2026-02-06 16:52:25.465 [main] INFO  o.a.c.core.ContainerBase.[Tomcat].[localhost].[/] - Initializing Spring embedded WebApplicationContext
2026-02-06 16:52:25.467 [main] INFO  o.s.b.w.s.c.ServletWebServerApplicationContext - Root WebApplicationContext: initialization completed in 5162 ms
2026-02-06 16:52:25.714 [main] INFO  c.a.d.s.b.a.DruidDataSourceAutoConfigure - Init DruidDataSource
2026-02-06 16:52:26.717 [main] INFO  com.alibaba.druid.pool.DruidDataSource - {dataSource-1} inited
2026-02-06 16:52:29.060 [main] INFO  o.a.r.s.autoconfigure.RocketMQAutoConfiguration - a producer (greennote_group) init on namesrv 127.0.0.1:9876
2026-02-06 16:52:29.905 [main] INFO  o.a.r.s.support.DefaultRocketMQListenerContainer - running container: DefaultRocketMQListenerContainer{consumerGroup='greennote_groupFollowUnFollowTopic', namespace='', nameServer='127.0.0.1:9876', topic='FollowUnFollowTopic', consumeMode=ORDERLY, selectorType=TAG, selectorExpression='Follow||UnFollow', messageModel=CLUSTERING', tlsEnable=false, instanceName=DEFAULT}
2026-02-06 16:52:29.907 [main] INFO  o.a.r.s.a.ListenerContainerConfiguration - Register the listener to container, listenerBeanName:followUnfollowConsumer, containerBeanName:org.apache.rocketmq.spring.support.DefaultRocketMQListenerContainer_1
2026-02-06 16:52:30.204 [main] INFO  o.s.cloud.openfeign.FeignClientFactoryBean - For 'GreenNote-user' URL not provided. Will try picking an instance via load-balancing.
2026-02-06 16:52:32.557 [main] INFO  o.s.boot.web.embedded.tomcat.TomcatWebServer - Tomcat started on port(s): 8087 (http) with context path ''
2026-02-06 16:52:32.565 [main] INFO  com.alibaba.nacos.client.naming - initializer namespace from ans.namespace attribute : null
2026-02-06 16:52:32.566 [main] INFO  com.alibaba.nacos.client.naming - initializer namespace from ALIBABA_ALIWARE_NAMESPACE attribute :null
2026-02-06 16:52:32.567 [main] INFO  com.alibaba.nacos.client.naming - initializer namespace from namespace attribute :null
2026-02-06 16:52:32.590 [main] INFO  c.a.n.p.auth.spi.client.ClientAuthPluginManager - [ClientAuthPluginManager] Load ClientAuthService com.alibaba.nacos.client.auth.impl.NacosClientAuthServiceImpl success.
2026-02-06 16:52:32.590 [main] INFO  c.a.n.p.auth.spi.client.ClientAuthPluginManager - [ClientAuthPluginManager] Load ClientAuthService com.alibaba.nacos.client.auth.ram.RamClientAuthServiceImpl success.
2026-02-06 16:52:32.598 [main] INFO  com.alibaba.nacos.common.remote.client - [RpcClientFactory] create a new rpc client of 3bb99c6c-0ae1-403f-b9c2-075e2ea69f89
2026-02-06 16:52:32.603 [main] INFO  com.alibaba.nacos.common.remote.client - [3bb99c6c-0ae1-403f-b9c2-075e2ea69f89] RpcClient init, ServerListFactory = com.alibaba.nacos.client.naming.core.ServerListManager
2026-02-06 16:52:32.603 [main] INFO  com.alibaba.nacos.common.remote.client - [3bb99c6c-0ae1-403f-b9c2-075e2ea69f89] Registry connection listener to current client:com.alibaba.nacos.client.naming.remote.gprc.redo.NamingGrpcRedoService
2026-02-06 16:52:32.608 [main] INFO  com.alibaba.nacos.common.remote.client - [3bb99c6c-0ae1-403f-b9c2-075e2ea69f89] Register server push request handler:com.alibaba.nacos.client.naming.remote.gprc.NamingPushRequestHandler
2026-02-06 16:52:32.609 [main] INFO  com.alibaba.nacos.common.remote.client - [3bb99c6c-0ae1-403f-b9c2-075e2ea69f89] Try to connect to server on start up, server: {serverIp = '127.0.0.1', server main port = 8848}
2026-02-06 16:52:32.609 [main] INFO  c.a.nacos.common.remote.client.grpc.GrpcClient - grpc client connection server:127.0.0.1 ip,serverPort:9848,grpcTslConfig:{"sslProvider":"OPENSSL","enableTls":false,"mutualAuthEnable":false,"trustAll":false}
2026-02-06 16:52:32.754 [main] INFO  com.alibaba.nacos.common.remote.client - [3bb99c6c-0ae1-403f-b9c2-075e2ea69f89] Success to connect to server [127.0.0.1:8848] on start up, connectionId = 1770418352624_127.0.0.1_39288
2026-02-06 16:52:32.755 [main] INFO  com.alibaba.nacos.common.remote.client - [3bb99c6c-0ae1-403f-b9c2-075e2ea69f89] Register server push request handler:com.alibaba.nacos.common.remote.client.RpcClient$ConnectResetRequestHandler
2026-02-06 16:52:32.755 [main] INFO  com.alibaba.nacos.common.remote.client - [3bb99c6c-0ae1-403f-b9c2-075e2ea69f89] Register server push request handler:com.alibaba.nacos.common.remote.client.RpcClient$$Lambda$594/0x000002155e4b7158
2026-02-06 16:52:32.755 [com.alibaba.nacos.client.remote.worker] INFO  com.alibaba.nacos.common.remote.client - [3bb99c6c-0ae1-403f-b9c2-075e2ea69f89] Notify connected event to listeners.
2026-02-06 16:52:32.755 [com.alibaba.nacos.client.remote.worker] INFO  com.alibaba.nacos.client.naming - Grpc connection connect
2026-02-06 16:52:32.757 [main] INFO  com.alibaba.nacos.client.naming - [REGISTER-SERVICE] greennote registering service GreenNote-user-relation with instance Instance{instanceId='null', ip='10.140.143.113', port=8087, weight=1.0, healthy=true, enabled=true, ephemeral=true, clusterName='DEFAULT', serviceName='null', metadata={IPv6=null, preserved.register.source=SPRING_CLOUD}}
2026-02-06 16:52:32.786 [main] INFO  c.a.cloud.nacos.registry.NacosServiceRegistry - nacos registry, DEFAULT_GROUP GreenNote-user-relation 10.140.143.113:8087 register finished
2026-02-06 16:52:33.108 [main] INFO  c.e.g.u.r.biz.GreenNoteUserRelationBizApplication - Started GreenNoteUserRelationBizApplication in 18.889 seconds (process running for 33.641)
2026-02-06 16:52:33.116 [main] INFO  com.alibaba.nacos.client.config.impl.CacheData - nacos.cache.data.init.snapshot = true 
2026-02-06 16:52:33.117 [main] INFO  com.alibaba.nacos.client.config.impl.ClientWorker - [fixed-greennote-127.0.0.1_8848] [subscribe] GreenNote-user-relation-dev.yaml+DEFAULT_GROUP+greennote
2026-02-06 16:52:33.133 [main] INFO  com.alibaba.nacos.client.config.impl.CacheData - [fixed-greennote-127.0.0.1_8848] [add-listener] ok, tenant=greennote, dataId=GreenNote-user-relation-dev.yaml, group=DEFAULT_GROUP, cnt=1
2026-02-06 16:52:33.134 [main] INFO  c.a.cloud.nacos.refresh.NacosContextRefresher - [Nacos Config] Listening config: dataId=GreenNote-user-relation-dev.yaml, group=DEFAULT_GROUP
2026-02-06 16:52:33.134 [main] INFO  com.alibaba.nacos.client.config.impl.ClientWorker - [fixed-greennote-127.0.0.1_8848] [subscribe] GreenNote-user-relation+DEFAULT_GROUP+greennote
2026-02-06 16:52:33.134 [main] INFO  com.alibaba.nacos.client.config.impl.CacheData - [fixed-greennote-127.0.0.1_8848] [add-listener] ok, tenant=greennote, dataId=GreenNote-user-relation, group=DEFAULT_GROUP, cnt=1
2026-02-06 16:52:33.134 [main] INFO  c.a.cloud.nacos.refresh.NacosContextRefresher - [Nacos Config] Listening config: dataId=GreenNote-user-relation, group=DEFAULT_GROUP
2026-02-06 16:52:33.135 [main] INFO  com.alibaba.nacos.client.config.impl.ClientWorker - [fixed-greennote-127.0.0.1_8848] [subscribe] GreenNote-user-relation.yaml+DEFAULT_GROUP+greennote
2026-02-06 16:52:33.135 [main] INFO  com.alibaba.nacos.client.config.impl.CacheData - [fixed-greennote-127.0.0.1_8848] [add-listener] ok, tenant=greennote, dataId=GreenNote-user-relation.yaml, group=DEFAULT_GROUP, cnt=1
2026-02-06 16:52:33.135 [main] INFO  c.a.cloud.nacos.refresh.NacosContextRefresher - [Nacos Config] Listening config: dataId=GreenNote-user-relation.yaml, group=DEFAULT_GROUP
2026-02-06 19:07:21.181 [NettyClientSelector_1] INFO  RocketmqRemoting - closeChannel: close the connection to remote address[127.0.0.1:10911] result: true
2026-02-06 19:07:23.830 [NettyClientSelector_1] INFO  RocketmqRemoting - closeChannel: close the connection to remote address[127.0.0.1:9876] result: true
2026-02-06 19:07:23.831 [NettyClientSelector_1] INFO  RocketmqRemoting - closeChannel: close the connection to remote address[127.0.0.1:9876] result: true
2026-02-06 19:07:23.831 [NettyClientSelector_1] INFO  RocketmqRemoting - closeChannel: close the connection to remote address[127.0.0.1:10911] result: true
2026-02-06 19:07:23.832 [NettyClientSelector_1] INFO  RocketmqRemoting - closeChannel: close the connection to remote address[127.0.0.1:10911] result: true
2026-02-06 19:07:24.031 [NettyClientSelector_1] INFO  RocketmqRemoting - closeChannel: close the connection to remote address[127.0.0.1:9876] result: true
2026-02-06 19:07:24.031 [NettyClientSelector_1] INFO  RocketmqRemoting - closeChannel: close the connection to remote address[127.0.0.1:9876] result: true
2026-02-06 19:07:26.831 [NettyClientSelector_1] INFO  RocketmqRemoting - closeChannel: close the connection to remote address[127.0.0.1:9876] result: true
2026-02-06 21:30:23.664 [NettyClientSelector_1] INFO  RocketmqRemoting - closeChannel: close the connection to remote address[127.0.0.1:10911] result: true
2026-02-06 21:30:42.414 [NettyClientSelector_1] INFO  RocketmqRemoting - closeChannel: close the connection to remote address[127.0.0.1:9876] result: true
2026-02-06 21:44:58.632 [NettyClientSelector_1] INFO  RocketmqRemoting - closeChannel: close the connection to remote address[127.0.0.1:10911] result: true
2026-02-06 21:44:58.634 [NettyClientSelector_1] INFO  RocketmqRemoting - closeChannel: close the connection to remote address[127.0.0.1:10911] result: true
2026-02-06 21:45:02.562 [NettyClientSelector_1] INFO  RocketmqRemoting - closeChannel: close the connection to remote address[127.0.0.1:9876] result: true
2026-02-06 21:45:02.562 [NettyClientSelector_1] INFO  RocketmqRemoting - closeChannel: close the connection to remote address[127.0.0.1:9876] result: true
2026-02-06 21:45:02.563 [NettyClientSelector_1] INFO  RocketmqRemoting - closeChannel: close the connection to remote address[127.0.0.1:10911] result: true
2026-02-06 21:45:02.564 [NettyClientSelector_1] INFO  RocketmqRemoting - closeChannel: close the connection to remote address[127.0.0.1:10911] result: true
2026-02-06 23:29:07.988 [NettyClientSelector_1] INFO  RocketmqRemoting - closeChannel: close the connection to remote address[127.0.0.1:9876] result: true
