2025-11-24 17:05:15.100 [main] WARN  com.alibaba.nacos.client.logging.NacosLogging - Load Logback Configuration of Nacos fail, message: Could not initialize Logback Nacos logging from classpath:nacos-logback.xml
2025-11-24 17:05:15.229 [main] WARN  com.alibaba.nacos.client.logging.NacosLogging - Load Logback Configuration of Nacos fail, message: Could not initialize Logback Nacos logging from classpath:nacos-logback.xml
2025-11-24 17:05:15.659 [main] WARN  com.alibaba.nacos.client.logging.NacosLogging - Load Logback Configuration of Nacos fail, message: Could not initialize Logback Nacos logging from classpath:nacos-logback.xml
2025-11-24 17:05:15.662 [main] INFO  com.alibaba.nacos.client.utils.ParamUtil - [settings] [req-serv] nacos-server port:8848
2025-11-24 17:05:15.662 [main] INFO  com.alibaba.nacos.client.utils.ParamUtil - [settings] [http-client] connect timeout:1000
2025-11-24 17:05:15.663 [main] INFO  com.alibaba.nacos.client.utils.ParamUtil - PER_TASK_CONFIG_SIZE: 3000.0
2025-11-24 17:05:15.728 [main] INFO  c.a.n.p.auth.spi.client.ClientAuthPluginManager - [ClientAuthPluginManager] Load ClientAuthService com.alibaba.nacos.client.auth.impl.NacosClientAuthServiceImpl success.
2025-11-24 17:05:15.728 [main] INFO  c.a.n.p.auth.spi.client.ClientAuthPluginManager - [ClientAuthPluginManager] Load ClientAuthService com.alibaba.nacos.client.auth.ram.RamClientAuthServiceImpl success.
2025-11-24 17:05:15.734 [main] INFO  c.a.n.client.auth.ram.identify.CredentialWatcher - null No credential found
2025-11-24 17:05:16.270 [main] WARN  com.alibaba.nacos.client.logging.NacosLogging - Load Logback Configuration of Nacos fail, message: Could not initialize Logback Nacos logging from classpath:nacos-logback.xml
2025-11-24 17:05:16.301 [main] INFO  c.a.n.client.config.impl.LocalConfigInfoProcessor - LOCAL_SNAPSHOT_PATH:C:\Users\12482\nacos\config
2025-11-24 17:05:16.309 [main] INFO  com.alibaba.nacos.common.remote.client - [RpcClientFactory] create a new rpc client of dcaa12da-b11d-4c9b-8a9a-0bded4812b44_config-0
2025-11-24 17:05:16.349 [main] INFO  com.alibaba.nacos.common.remote.client - [dcaa12da-b11d-4c9b-8a9a-0bded4812b44_config-0] Register server push request handler:com.alibaba.nacos.client.config.impl.ClientWorker$ConfigRpcTransportClient$$Lambda$584/0x000002d28138e1d0
2025-11-24 17:05:16.350 [main] INFO  com.alibaba.nacos.common.remote.client - [dcaa12da-b11d-4c9b-8a9a-0bded4812b44_config-0] Register server push request handler:com.alibaba.nacos.client.config.impl.ClientWorker$ConfigRpcTransportClient$$Lambda$585/0x000002d28138e5f0
2025-11-24 17:05:16.351 [main] INFO  com.alibaba.nacos.common.remote.client - [dcaa12da-b11d-4c9b-8a9a-0bded4812b44_config-0] Registry connection listener to current client:com.alibaba.nacos.client.config.impl.ClientWorker$ConfigRpcTransportClient$1
2025-11-24 17:05:16.352 [main] INFO  com.alibaba.nacos.common.remote.client - [dcaa12da-b11d-4c9b-8a9a-0bded4812b44_config-0] RpcClient init, ServerListFactory = com.alibaba.nacos.client.config.impl.ClientWorker$ConfigRpcTransportClient$2
2025-11-24 17:05:16.370 [main] INFO  com.alibaba.nacos.common.remote.client - [dcaa12da-b11d-4c9b-8a9a-0bded4812b44_config-0] Try to connect to server on start up, server: {serverIp = '127.0.0.1', server main port = 8848}
2025-11-24 17:05:16.444 [main] INFO  c.a.nacos.common.remote.client.grpc.GrpcClient - grpc client connection server:127.0.0.1 ip,serverPort:9848,grpcTslConfig:{"sslProvider":"OPENSSL","enableTls":false,"mutualAuthEnable":false,"trustAll":false}
2025-11-24 17:05:18.138 [main] INFO  com.alibaba.nacos.common.remote.client - [dcaa12da-b11d-4c9b-8a9a-0bded4812b44_config-0] Success to connect to server [127.0.0.1:8848] on start up, connectionId = 1763975117833_127.0.0.1_57072
2025-11-24 17:05:18.139 [com.alibaba.nacos.client.remote.worker] INFO  com.alibaba.nacos.common.remote.client - [dcaa12da-b11d-4c9b-8a9a-0bded4812b44_config-0] Notify connected event to listeners.
2025-11-24 17:05:18.140 [com.alibaba.nacos.client.remote.worker] INFO  com.alibaba.nacos.client.config.impl.ClientWorker - [dcaa12da-b11d-4c9b-8a9a-0bded4812b44_config-0] Connected,notify listen context...
2025-11-24 17:05:18.140 [main] INFO  com.alibaba.nacos.common.remote.client - [dcaa12da-b11d-4c9b-8a9a-0bded4812b44_config-0] Register server push request handler:com.alibaba.nacos.common.remote.client.RpcClient$ConnectResetRequestHandler
2025-11-24 17:05:18.140 [main] INFO  com.alibaba.nacos.common.remote.client - [dcaa12da-b11d-4c9b-8a9a-0bded4812b44_config-0] Register server push request handler:com.alibaba.nacos.common.remote.client.RpcClient$$Lambda$605/0x000002d2814d6188
2025-11-24 17:05:18.226 [main] INFO  com.alibaba.nacos.client.config.impl.Limiter - limitTime:5.0
2025-11-24 17:05:18.258 [main] WARN  c.a.cloud.nacos.client.NacosPropertySourceBuilder - Ignore the empty nacos configuration and get it based on dataId[GreenNote-user-relation] & group[DEFAULT_GROUP]
2025-11-24 17:05:18.268 [main] WARN  c.a.cloud.nacos.client.NacosPropertySourceBuilder - Ignore the empty nacos configuration and get it based on dataId[GreenNote-user-relation.yaml] & group[DEFAULT_GROUP]
2025-11-24 17:05:18.283 [main] WARN  c.a.cloud.nacos.client.NacosPropertySourceBuilder - Ignore the empty nacos configuration and get it based on dataId[GreenNote-user-relation-dev.yaml] & group[DEFAULT_GROUP]
2025-11-24 17:05:18.285 [main] INFO  o.s.c.b.c.PropertySourceBootstrapConfiguration - Located property source: [BootstrapPropertySource {name='bootstrapProperties-GreenNote-user-relation-dev.yaml,DEFAULT_GROUP'}, BootstrapPropertySource {name='bootstrapProperties-GreenNote-user-relation.yaml,DEFAULT_GROUP'}, BootstrapPropertySource {name='bootstrapProperties-GreenNote-user-relation,DEFAULT_GROUP'}]
2025-11-24 17:05:18.335 [main] WARN  com.alibaba.nacos.client.logging.NacosLogging - Load Logback Configuration of Nacos fail, message: Could not initialize Logback Nacos logging from classpath:nacos-logback.xml
2025-11-24 17:05:18.337 [main] INFO  c.e.g.u.r.biz.GreenNoteUserRelationBizApplication - The following 1 profile is active: "dev"
2025-11-24 17:05:19.830 [main] INFO  o.s.d.r.config.RepositoryConfigurationDelegate - Multiple Spring Data modules found, entering strict repository configuration mode
2025-11-24 17:05:19.837 [main] INFO  o.s.d.r.config.RepositoryConfigurationDelegate - Bootstrapping Spring Data Redis repositories in DEFAULT mode.
2025-11-24 17:05:19.887 [main] INFO  o.s.d.r.config.RepositoryConfigurationDelegate - Finished Spring Data repository scanning in 22 ms. Found 0 Redis repository interfaces.
2025-11-24 17:05:20.291 [main] INFO  o.springframework.cloud.context.scope.GenericScope - BeanFactory id=7e181e81-c72e-35ad-8edb-c67243f911ea
2025-11-24 17:05:20.346 [main] INFO  o.s.c.s.PostProcessorRegistrationDelegate$BeanPostProcessorChecker - Bean 'com.evan.greennote.oss.api.FileFeignApi' of type [org.springframework.cloud.openfeign.FeignClientFactoryBean] is not eligible for getting processed by all BeanPostProcessors (for example: not eligible for auto-proxying)
2025-11-24 17:05:20.349 [main] INFO  o.s.c.s.PostProcessorRegistrationDelegate$BeanPostProcessorChecker - Bean 'com.evan.greennote.distributed.id.generator.api.DistributedIdGeneratorFeignApi' of type [org.springframework.cloud.openfeign.FeignClientFactoryBean] is not eligible for getting processed by all BeanPostProcessors (for example: not eligible for auto-proxying)
2025-11-24 17:05:20.352 [main] INFO  o.s.c.s.PostProcessorRegistrationDelegate$BeanPostProcessorChecker - Bean 'com.evan.greennote.user.api.UserFeignApi' of type [org.springframework.cloud.openfeign.FeignClientFactoryBean] is not eligible for getting processed by all BeanPostProcessors (for example: not eligible for auto-proxying)
2025-11-24 17:05:20.910 [main] INFO  o.s.c.s.PostProcessorRegistrationDelegate$BeanPostProcessorChecker - Bean 'org.apache.rocketmq.spring.autoconfigure.MessageConverterConfiguration' of type [org.apache.rocketmq.spring.autoconfigure.MessageConverterConfiguration$$SpringCGLIB$$0] is not eligible for getting processed by all BeanPostProcessors (for example: not eligible for auto-proxying)
2025-11-24 17:05:21.033 [main] INFO  o.s.c.s.PostProcessorRegistrationDelegate$BeanPostProcessorChecker - Bean 'createRocketMQMessageConverter' of type [org.apache.rocketmq.spring.support.RocketMQMessageConverter] is not eligible for getting processed by all BeanPostProcessors (for example: not eligible for auto-proxying)
2025-11-24 17:05:21.038 [main] INFO  o.s.c.s.PostProcessorRegistrationDelegate$BeanPostProcessorChecker - Bean 'org.springframework.cloud.commons.config.CommonsConfigAutoConfiguration' of type [org.springframework.cloud.commons.config.CommonsConfigAutoConfiguration] is not eligible for getting processed by all BeanPostProcessors (for example: not eligible for auto-proxying)
2025-11-24 17:05:21.044 [main] INFO  o.s.c.s.PostProcessorRegistrationDelegate$BeanPostProcessorChecker - Bean 'org.springframework.cloud.client.loadbalancer.LoadBalancerDefaultMappingsProviderAutoConfiguration' of type [org.springframework.cloud.client.loadbalancer.LoadBalancerDefaultMappingsProviderAutoConfiguration] is not eligible for getting processed by all BeanPostProcessors (for example: not eligible for auto-proxying)
2025-11-24 17:05:21.045 [main] INFO  o.s.c.s.PostProcessorRegistrationDelegate$BeanPostProcessorChecker - Bean 'loadBalancerClientsDefaultsMappingsProvider' of type [org.springframework.cloud.client.loadbalancer.LoadBalancerDefaultMappingsProviderAutoConfiguration$$Lambda$759/0x000002d2816a15f8] is not eligible for getting processed by all BeanPostProcessors (for example: not eligible for auto-proxying)
2025-11-24 17:05:21.048 [main] INFO  o.s.c.s.PostProcessorRegistrationDelegate$BeanPostProcessorChecker - Bean 'defaultsBindHandlerAdvisor' of type [org.springframework.cloud.commons.config.DefaultsBindHandlerAdvisor] is not eligible for getting processed by all BeanPostProcessors (for example: not eligible for auto-proxying)
2025-11-24 17:05:21.059 [main] INFO  o.s.c.s.PostProcessorRegistrationDelegate$BeanPostProcessorChecker - Bean 'rocketmq-org.apache.rocketmq.spring.autoconfigure.RocketMQProperties' of type [org.apache.rocketmq.spring.autoconfigure.RocketMQProperties] is not eligible for getting processed by all BeanPostProcessors (for example: not eligible for auto-proxying)
2025-11-24 17:05:21.061 [main] INFO  o.s.c.s.PostProcessorRegistrationDelegate$BeanPostProcessorChecker - Bean 'org.apache.rocketmq.spring.autoconfigure.ListenerContainerConfiguration' of type [org.apache.rocketmq.spring.autoconfigure.ListenerContainerConfiguration$$SpringCGLIB$$0] is not eligible for getting processed by all BeanPostProcessors (for example: not eligible for auto-proxying)
2025-11-24 17:05:21.596 [main] INFO  o.s.boot.web.embedded.tomcat.TomcatWebServer - Tomcat initialized with port(s): 8087 (http)
2025-11-24 17:05:21.618 [main] INFO  org.apache.catalina.core.StandardService - Starting service [Tomcat]
2025-11-24 17:05:21.618 [main] INFO  org.apache.catalina.core.StandardEngine - Starting Servlet engine: [Apache Tomcat/10.1.5]
2025-11-24 17:05:21.773 [main] INFO  o.a.c.core.ContainerBase.[Tomcat].[localhost].[/] - Initializing Spring embedded WebApplicationContext
2025-11-24 17:05:21.773 [main] INFO  o.s.b.w.s.c.ServletWebServerApplicationContext - Root WebApplicationContext: initialization completed in 3386 ms
2025-11-24 17:05:21.942 [main] INFO  c.a.d.s.b.a.DruidDataSourceAutoConfigure - Init DruidDataSource
2025-11-24 17:05:22.565 [main] INFO  com.alibaba.druid.pool.DruidDataSource - {dataSource-1} inited
2025-11-24 17:05:23.981 [main] INFO  o.a.r.s.autoconfigure.RocketMQAutoConfiguration - a producer (greennote_group) init on namesrv 127.0.0.1:9876
2025-11-24 17:05:24.710 [main] INFO  o.a.r.s.support.DefaultRocketMQListenerContainer - running container: DefaultRocketMQListenerContainer{consumerGroup='greennote_groupFollowUnFollowTopic', namespace='', nameServer='127.0.0.1:9876', topic='FollowUnFollowTopic', consumeMode=ORDERLY, selectorType=TAG, selectorExpression='Follow||UnFollow', messageModel=CLUSTERING', tlsEnable=false, instanceName=DEFAULT}
2025-11-24 17:05:24.710 [main] INFO  o.a.r.s.a.ListenerContainerConfiguration - Register the listener to container, listenerBeanName:followUnfollowConsumer, containerBeanName:org.apache.rocketmq.spring.support.DefaultRocketMQListenerContainer_1
2025-11-24 17:05:24.968 [main] INFO  o.s.cloud.openfeign.FeignClientFactoryBean - For 'GreenNote-user' URL not provided. Will try picking an instance via load-balancing.
2025-11-24 17:05:26.812 [main] INFO  o.s.boot.web.embedded.tomcat.TomcatWebServer - Tomcat started on port(s): 8087 (http) with context path ''
2025-11-24 17:05:26.818 [main] INFO  com.alibaba.nacos.client.naming - initializer namespace from ans.namespace attribute : null
2025-11-24 17:05:26.820 [main] INFO  com.alibaba.nacos.client.naming - initializer namespace from ALIBABA_ALIWARE_NAMESPACE attribute :null
2025-11-24 17:05:26.821 [main] INFO  com.alibaba.nacos.client.naming - initializer namespace from namespace attribute :null
2025-11-24 17:05:26.837 [main] INFO  c.a.n.p.auth.spi.client.ClientAuthPluginManager - [ClientAuthPluginManager] Load ClientAuthService com.alibaba.nacos.client.auth.impl.NacosClientAuthServiceImpl success.
2025-11-24 17:05:26.837 [main] INFO  c.a.n.p.auth.spi.client.ClientAuthPluginManager - [ClientAuthPluginManager] Load ClientAuthService com.alibaba.nacos.client.auth.ram.RamClientAuthServiceImpl success.
2025-11-24 17:05:26.843 [main] INFO  com.alibaba.nacos.common.remote.client - [RpcClientFactory] create a new rpc client of 59b91e20-79a9-469d-a71d-e6c26193f820
2025-11-24 17:05:26.847 [main] INFO  com.alibaba.nacos.common.remote.client - [59b91e20-79a9-469d-a71d-e6c26193f820] RpcClient init, ServerListFactory = com.alibaba.nacos.client.naming.core.ServerListManager
2025-11-24 17:05:26.848 [main] INFO  com.alibaba.nacos.common.remote.client - [59b91e20-79a9-469d-a71d-e6c26193f820] Registry connection listener to current client:com.alibaba.nacos.client.naming.remote.gprc.redo.NamingGrpcRedoService
2025-11-24 17:05:26.849 [main] INFO  com.alibaba.nacos.common.remote.client - [59b91e20-79a9-469d-a71d-e6c26193f820] Register server push request handler:com.alibaba.nacos.client.naming.remote.gprc.NamingPushRequestHandler
2025-11-24 17:05:26.849 [main] INFO  com.alibaba.nacos.common.remote.client - [59b91e20-79a9-469d-a71d-e6c26193f820] Try to connect to server on start up, server: {serverIp = '127.0.0.1', server main port = 8848}
2025-11-24 17:05:26.850 [main] INFO  c.a.nacos.common.remote.client.grpc.GrpcClient - grpc client connection server:127.0.0.1 ip,serverPort:9848,grpcTslConfig:{"sslProvider":"OPENSSL","enableTls":false,"mutualAuthEnable":false,"trustAll":false}
2025-11-24 17:05:26.972 [main] INFO  com.alibaba.nacos.common.remote.client - [59b91e20-79a9-469d-a71d-e6c26193f820] Success to connect to server [127.0.0.1:8848] on start up, connectionId = 1763975126862_127.0.0.1_57114
2025-11-24 17:05:26.972 [main] INFO  com.alibaba.nacos.common.remote.client - [59b91e20-79a9-469d-a71d-e6c26193f820] Register server push request handler:com.alibaba.nacos.common.remote.client.RpcClient$ConnectResetRequestHandler
2025-11-24 17:05:26.972 [main] INFO  com.alibaba.nacos.common.remote.client - [59b91e20-79a9-469d-a71d-e6c26193f820] Register server push request handler:com.alibaba.nacos.common.remote.client.RpcClient$$Lambda$605/0x000002d2814d6188
2025-11-24 17:05:26.972 [com.alibaba.nacos.client.remote.worker] INFO  com.alibaba.nacos.common.remote.client - [59b91e20-79a9-469d-a71d-e6c26193f820] Notify connected event to listeners.
2025-11-24 17:05:26.972 [com.alibaba.nacos.client.remote.worker] INFO  com.alibaba.nacos.client.naming - Grpc connection connect
2025-11-24 17:05:26.974 [main] INFO  com.alibaba.nacos.client.naming - [REGISTER-SERVICE] greennote registering service GreenNote-user-relation with instance Instance{instanceId='null', ip='10.36.15.120', port=8087, weight=1.0, healthy=true, enabled=true, ephemeral=true, clusterName='DEFAULT', serviceName='null', metadata={IPv6=null, preserved.register.source=SPRING_CLOUD}}
2025-11-24 17:05:26.994 [main] INFO  c.a.cloud.nacos.registry.NacosServiceRegistry - nacos registry, DEFAULT_GROUP GreenNote-user-relation 10.36.15.120:8087 register finished
2025-11-24 17:05:27.264 [main] INFO  c.e.g.u.r.biz.GreenNoteUserRelationBizApplication - Started GreenNoteUserRelationBizApplication in 13.484 seconds (process running for 14.501)
2025-11-24 17:05:27.270 [main] INFO  com.alibaba.nacos.client.config.impl.CacheData - nacos.cache.data.init.snapshot = true 
2025-11-24 17:05:27.271 [main] INFO  com.alibaba.nacos.client.config.impl.ClientWorker - [fixed-greennote-127.0.0.1_8848] [subscribe] GreenNote-user-relation-dev.yaml+DEFAULT_GROUP+greennote
2025-11-24 17:05:27.288 [main] INFO  com.alibaba.nacos.client.config.impl.CacheData - [fixed-greennote-127.0.0.1_8848] [add-listener] ok, tenant=greennote, dataId=GreenNote-user-relation-dev.yaml, group=DEFAULT_GROUP, cnt=1
2025-11-24 17:05:27.288 [main] INFO  c.a.cloud.nacos.refresh.NacosContextRefresher - [Nacos Config] Listening config: dataId=GreenNote-user-relation-dev.yaml, group=DEFAULT_GROUP
2025-11-24 17:05:27.288 [main] INFO  com.alibaba.nacos.client.config.impl.ClientWorker - [fixed-greennote-127.0.0.1_8848] [subscribe] GreenNote-user-relation+DEFAULT_GROUP+greennote
2025-11-24 17:05:27.288 [main] INFO  com.alibaba.nacos.client.config.impl.CacheData - [fixed-greennote-127.0.0.1_8848] [add-listener] ok, tenant=greennote, dataId=GreenNote-user-relation, group=DEFAULT_GROUP, cnt=1
2025-11-24 17:05:27.288 [main] INFO  c.a.cloud.nacos.refresh.NacosContextRefresher - [Nacos Config] Listening config: dataId=GreenNote-user-relation, group=DEFAULT_GROUP
2025-11-24 17:05:27.290 [main] INFO  com.alibaba.nacos.client.config.impl.ClientWorker - [fixed-greennote-127.0.0.1_8848] [subscribe] GreenNote-user-relation.yaml+DEFAULT_GROUP+greennote
2025-11-24 17:05:27.290 [main] INFO  com.alibaba.nacos.client.config.impl.CacheData - [fixed-greennote-127.0.0.1_8848] [add-listener] ok, tenant=greennote, dataId=GreenNote-user-relation.yaml, group=DEFAULT_GROUP, cnt=1
2025-11-24 17:05:27.290 [main] INFO  c.a.cloud.nacos.refresh.NacosContextRefresher - [Nacos Config] Listening config: dataId=GreenNote-user-relation.yaml, group=DEFAULT_GROUP
2025-11-24 17:15:36.861 [Thread-9] WARN  com.alibaba.nacos.common.notify.NotifyCenter - [NotifyCenter] Start destroying Publisher
2025-11-24 17:15:36.861 [Thread-2] WARN  c.alibaba.nacos.common.http.HttpClientBeanHolder - [HttpClientBeanHolder] Start destroying common HttpClient
2025-11-24 17:15:36.863 [Thread-2] WARN  c.alibaba.nacos.common.http.HttpClientBeanHolder - [HttpClientBeanHolder] Destruction of the end
2025-11-24 17:15:36.864 [Thread-9] WARN  com.alibaba.nacos.common.notify.NotifyCenter - [NotifyCenter] Destruction of the end
2025-11-24 17:15:36.934 [NettyClientSelector_1] INFO  RocketmqRemoting - closeChannel: close the connection to remote address[127.0.0.1:10911] result: true
2025-11-24 17:15:36.934 [NettyClientSelector_1] INFO  RocketmqRemoting - closeChannel: close the connection to remote address[127.0.0.1:9876] result: true
2025-11-24 17:15:37.038 [SpringApplicationShutdownHook] INFO  c.a.cloud.nacos.registry.NacosServiceRegistry - De-registering from Nacos Server now...
2025-11-24 17:15:37.038 [SpringApplicationShutdownHook] INFO  com.alibaba.nacos.client.naming - [DEREGISTER-SERVICE] greennote deregistering service GreenNote-user-relation with instance: Instance{instanceId='null', ip='10.36.15.120', port=8087, weight=1.0, healthy=true, enabled=true, ephemeral=true, clusterName='DEFAULT', serviceName='null', metadata={}}
2025-11-24 17:15:37.042 [SpringApplicationShutdownHook] INFO  c.a.cloud.nacos.registry.NacosServiceRegistry - De-registration finished.
2025-11-24 17:15:37.043 [SpringApplicationShutdownHook] INFO  com.alibaba.nacos.client.naming - com.alibaba.nacos.client.naming.cache.ServiceInfoHolder do shutdown begin
2025-11-24 17:15:37.043 [SpringApplicationShutdownHook] INFO  com.alibaba.nacos.client.naming - com.alibaba.nacos.client.naming.backups.FailoverReactor do shutdown begin
2025-11-24 17:15:37.043 [SpringApplicationShutdownHook] INFO  com.alibaba.nacos.client.naming - com.alibaba.nacos.client.naming.backups.FailoverReactor do shutdown stop
2025-11-24 17:15:37.043 [SpringApplicationShutdownHook] INFO  com.alibaba.nacos.client.naming - com.alibaba.nacos.client.naming.cache.ServiceInfoHolder do shutdown stop
2025-11-24 17:15:37.043 [SpringApplicationShutdownHook] INFO  com.alibaba.nacos.client.naming - com.alibaba.nacos.client.naming.remote.NamingClientProxyDelegate do shutdown begin
2025-11-24 17:15:37.043 [SpringApplicationShutdownHook] INFO  com.alibaba.nacos.client.naming - com.alibaba.nacos.client.naming.core.ServiceInfoUpdateService do shutdown begin
2025-11-24 17:15:37.044 [SpringApplicationShutdownHook] INFO  com.alibaba.nacos.client.naming - com.alibaba.nacos.client.naming.core.ServiceInfoUpdateService do shutdown stop
2025-11-24 17:15:37.044 [SpringApplicationShutdownHook] INFO  com.alibaba.nacos.client.naming - com.alibaba.nacos.client.naming.core.ServerListManager do shutdown begin
2025-11-24 17:15:37.044 [SpringApplicationShutdownHook] WARN  com.alibaba.nacos.client.naming - [NamingHttpClientManager] Start destroying NacosRestTemplate
2025-11-24 17:15:37.044 [SpringApplicationShutdownHook] WARN  com.alibaba.nacos.client.naming - [NamingHttpClientManager] Destruction of the end
2025-11-24 17:15:37.044 [SpringApplicationShutdownHook] INFO  com.alibaba.nacos.client.naming - com.alibaba.nacos.client.naming.core.ServerListManager do shutdown stop
2025-11-24 17:15:37.044 [SpringApplicationShutdownHook] INFO  com.alibaba.nacos.client.naming - com.alibaba.nacos.client.naming.remote.http.NamingHttpClientProxy do shutdown begin
2025-11-24 17:15:37.044 [SpringApplicationShutdownHook] WARN  com.alibaba.nacos.client.naming - [NamingHttpClientManager] Start destroying NacosRestTemplate
2025-11-24 17:15:37.044 [SpringApplicationShutdownHook] WARN  com.alibaba.nacos.client.naming - [NamingHttpClientManager] Destruction of the end
2025-11-24 17:15:37.044 [SpringApplicationShutdownHook] INFO  com.alibaba.nacos.client.naming - com.alibaba.nacos.client.naming.remote.http.NamingHttpClientProxy do shutdown stop
2025-11-24 17:15:37.044 [SpringApplicationShutdownHook] INFO  com.alibaba.nacos.common.remote.client - Shutdown rpc client, set status to shutdown
2025-11-24 17:15:37.044 [SpringApplicationShutdownHook] INFO  com.alibaba.nacos.common.remote.client - Shutdown client event executor java.util.concurrent.ScheduledThreadPoolExecutor@67d31b63[Running, pool size = 2, active threads = 2, queued tasks = 0, completed tasks = 0]
2025-11-24 17:15:37.044 [SpringApplicationShutdownHook] INFO  com.alibaba.nacos.common.remote.client - Close current connection 1763975126862_127.0.0.1_57114
2025-11-24 17:15:37.046 [nacos-grpc-client-executor-127.0.0.1-139] INFO  c.a.nacos.common.remote.client.grpc.GrpcClient - [1763975126862_127.0.0.1_57114]Ignore complete event,isRunning:false,isAbandon=false
2025-11-24 17:15:37.054 [SpringApplicationShutdownHook] INFO  c.a.nacos.common.remote.client.grpc.GrpcClient - Shutdown grpc executor java.util.concurrent.ThreadPoolExecutor@47afa912[Running, pool size = 4, active threads = 0, queued tasks = 0, completed tasks = 140]
2025-11-24 17:15:37.054 [SpringApplicationShutdownHook] INFO  com.alibaba.nacos.client.naming - Shutdown grpc redo service executor java.util.concurrent.ScheduledThreadPoolExecutor@6f7fde06[Running, pool size = 1, active threads = 0, queued tasks = 1, completed tasks = 203]
2025-11-24 17:15:37.054 [SpringApplicationShutdownHook] INFO  c.a.n.client.auth.ram.identify.CredentialWatcher - [null] CredentialWatcher is stopped
2025-11-24 17:15:37.054 [SpringApplicationShutdownHook] INFO  c.a.n.client.auth.ram.identify.CredentialService - [null] CredentialService is freed
2025-11-24 17:15:37.054 [SpringApplicationShutdownHook] INFO  com.alibaba.nacos.client.naming - com.alibaba.nacos.client.naming.remote.NamingClientProxyDelegate do shutdown stop
2025-11-24 17:15:37.059 [SpringApplicationShutdownHook] INFO  o.a.r.s.support.DefaultRocketMQListenerContainer - container destroyed, DefaultRocketMQListenerContainer{consumerGroup='greennote_groupFollowUnFollowTopic', namespace='', nameServer='127.0.0.1:9876', topic='FollowUnFollowTopic', consumeMode=ORDERLY, selectorType=TAG, selectorExpression='Follow||UnFollow', messageModel=CLUSTERING', tlsEnable=false, instanceName=DEFAULT}
2025-11-24 17:15:37.071 [NettyClientSelector_1] INFO  RocketmqRemoting - closeChannel: close the connection to remote address[127.0.0.1:10911] result: true
2025-11-24 17:15:37.106 [SpringApplicationShutdownHook] INFO  com.alibaba.druid.pool.DruidDataSource - {dataSource-1} closing ...
2025-11-24 17:15:37.123 [SpringApplicationShutdownHook] INFO  com.alibaba.druid.pool.DruidDataSource - {dataSource-1} closed
2025-11-24 19:38:37.426 [main] WARN  com.alibaba.nacos.client.logging.NacosLogging - Load Logback Configuration of Nacos fail, message: Could not initialize Logback Nacos logging from classpath:nacos-logback.xml
2025-11-24 19:38:37.580 [main] WARN  com.alibaba.nacos.client.logging.NacosLogging - Load Logback Configuration of Nacos fail, message: Could not initialize Logback Nacos logging from classpath:nacos-logback.xml
2025-11-24 19:38:38.105 [main] WARN  com.alibaba.nacos.client.logging.NacosLogging - Load Logback Configuration of Nacos fail, message: Could not initialize Logback Nacos logging from classpath:nacos-logback.xml
2025-11-24 19:38:38.108 [main] INFO  com.alibaba.nacos.client.utils.ParamUtil - [settings] [req-serv] nacos-server port:8848
2025-11-24 19:38:38.109 [main] INFO  com.alibaba.nacos.client.utils.ParamUtil - [settings] [http-client] connect timeout:1000
2025-11-24 19:38:38.111 [main] INFO  com.alibaba.nacos.client.utils.ParamUtil - PER_TASK_CONFIG_SIZE: 3000.0
2025-11-24 19:38:38.179 [main] INFO  c.a.n.p.auth.spi.client.ClientAuthPluginManager - [ClientAuthPluginManager] Load ClientAuthService com.alibaba.nacos.client.auth.impl.NacosClientAuthServiceImpl success.
2025-11-24 19:38:38.179 [main] INFO  c.a.n.p.auth.spi.client.ClientAuthPluginManager - [ClientAuthPluginManager] Load ClientAuthService com.alibaba.nacos.client.auth.ram.RamClientAuthServiceImpl success.
2025-11-24 19:38:38.186 [main] INFO  c.a.n.client.auth.ram.identify.CredentialWatcher - null No credential found
2025-11-24 19:38:38.708 [main] WARN  com.alibaba.nacos.client.logging.NacosLogging - Load Logback Configuration of Nacos fail, message: Could not initialize Logback Nacos logging from classpath:nacos-logback.xml
2025-11-24 19:38:38.740 [main] INFO  c.a.n.client.config.impl.LocalConfigInfoProcessor - LOCAL_SNAPSHOT_PATH:C:\Users\12482\nacos\config
2025-11-24 19:38:38.749 [main] INFO  com.alibaba.nacos.common.remote.client - [RpcClientFactory] create a new rpc client of 870743dc-67d7-4013-a1ef-8aec25f142d0_config-0
2025-11-24 19:38:38.798 [main] INFO  com.alibaba.nacos.common.remote.client - [870743dc-67d7-4013-a1ef-8aec25f142d0_config-0] Register server push request handler:com.alibaba.nacos.client.config.impl.ClientWorker$ConfigRpcTransportClient$$Lambda$572/0x0000025801366420
2025-11-24 19:38:38.798 [main] INFO  com.alibaba.nacos.common.remote.client - [870743dc-67d7-4013-a1ef-8aec25f142d0_config-0] Register server push request handler:com.alibaba.nacos.client.config.impl.ClientWorker$ConfigRpcTransportClient$$Lambda$573/0x0000025801366840
2025-11-24 19:38:38.799 [main] INFO  com.alibaba.nacos.common.remote.client - [870743dc-67d7-4013-a1ef-8aec25f142d0_config-0] Registry connection listener to current client:com.alibaba.nacos.client.config.impl.ClientWorker$ConfigRpcTransportClient$1
2025-11-24 19:38:38.800 [main] INFO  com.alibaba.nacos.common.remote.client - [870743dc-67d7-4013-a1ef-8aec25f142d0_config-0] RpcClient init, ServerListFactory = com.alibaba.nacos.client.config.impl.ClientWorker$ConfigRpcTransportClient$2
2025-11-24 19:38:38.823 [main] INFO  com.alibaba.nacos.common.remote.client - [870743dc-67d7-4013-a1ef-8aec25f142d0_config-0] Try to connect to server on start up, server: {serverIp = '127.0.0.1', server main port = 8848}
2025-11-24 19:38:38.900 [main] INFO  c.a.nacos.common.remote.client.grpc.GrpcClient - grpc client connection server:127.0.0.1 ip,serverPort:9848,grpcTslConfig:{"sslProvider":"OPENSSL","enableTls":false,"mutualAuthEnable":false,"trustAll":false}
2025-11-24 19:38:40.763 [main] INFO  com.alibaba.nacos.common.remote.client - [870743dc-67d7-4013-a1ef-8aec25f142d0_config-0] Success to connect to server [127.0.0.1:8848] on start up, connectionId = 1763984320458_127.0.0.1_1055
2025-11-24 19:38:40.766 [com.alibaba.nacos.client.remote.worker] INFO  com.alibaba.nacos.common.remote.client - [870743dc-67d7-4013-a1ef-8aec25f142d0_config-0] Notify connected event to listeners.
2025-11-24 19:38:40.767 [main] INFO  com.alibaba.nacos.common.remote.client - [870743dc-67d7-4013-a1ef-8aec25f142d0_config-0] Register server push request handler:com.alibaba.nacos.common.remote.client.RpcClient$ConnectResetRequestHandler
2025-11-24 19:38:40.767 [com.alibaba.nacos.client.remote.worker] INFO  com.alibaba.nacos.client.config.impl.ClientWorker - [870743dc-67d7-4013-a1ef-8aec25f142d0_config-0] Connected,notify listen context...
2025-11-24 19:38:40.767 [main] INFO  com.alibaba.nacos.common.remote.client - [870743dc-67d7-4013-a1ef-8aec25f142d0_config-0] Register server push request handler:com.alibaba.nacos.common.remote.client.RpcClient$$Lambda$593/0x00000258014b61c8
2025-11-24 19:38:40.896 [main] INFO  com.alibaba.nacos.client.config.impl.Limiter - limitTime:5.0
2025-11-24 19:38:40.929 [main] WARN  c.a.cloud.nacos.client.NacosPropertySourceBuilder - Ignore the empty nacos configuration and get it based on dataId[GreenNote-user-relation] & group[DEFAULT_GROUP]
2025-11-24 19:38:40.941 [main] WARN  c.a.cloud.nacos.client.NacosPropertySourceBuilder - Ignore the empty nacos configuration and get it based on dataId[GreenNote-user-relation.yaml] & group[DEFAULT_GROUP]
2025-11-24 19:38:40.950 [main] WARN  c.a.cloud.nacos.client.NacosPropertySourceBuilder - Ignore the empty nacos configuration and get it based on dataId[GreenNote-user-relation-dev.yaml] & group[DEFAULT_GROUP]
2025-11-24 19:38:40.952 [main] INFO  o.s.c.b.c.PropertySourceBootstrapConfiguration - Located property source: [BootstrapPropertySource {name='bootstrapProperties-GreenNote-user-relation-dev.yaml,DEFAULT_GROUP'}, BootstrapPropertySource {name='bootstrapProperties-GreenNote-user-relation.yaml,DEFAULT_GROUP'}, BootstrapPropertySource {name='bootstrapProperties-GreenNote-user-relation,DEFAULT_GROUP'}]
2025-11-24 19:38:41.000 [main] WARN  com.alibaba.nacos.client.logging.NacosLogging - Load Logback Configuration of Nacos fail, message: Could not initialize Logback Nacos logging from classpath:nacos-logback.xml
2025-11-24 19:38:41.001 [main] INFO  c.e.g.u.r.biz.GreenNoteUserRelationBizApplication - The following 1 profile is active: "dev"
2025-11-24 19:38:42.763 [main] INFO  o.s.d.r.config.RepositoryConfigurationDelegate - Multiple Spring Data modules found, entering strict repository configuration mode
2025-11-24 19:38:42.774 [main] INFO  o.s.d.r.config.RepositoryConfigurationDelegate - Bootstrapping Spring Data Redis repositories in DEFAULT mode.
2025-11-24 19:38:42.835 [main] INFO  o.s.d.r.config.RepositoryConfigurationDelegate - Finished Spring Data repository scanning in 24 ms. Found 0 Redis repository interfaces.
2025-11-24 19:38:43.334 [main] INFO  o.springframework.cloud.context.scope.GenericScope - BeanFactory id=7e181e81-c72e-35ad-8edb-c67243f911ea
2025-11-24 19:38:43.455 [main] INFO  o.s.c.s.PostProcessorRegistrationDelegate$BeanPostProcessorChecker - Bean 'com.evan.greennote.oss.api.FileFeignApi' of type [org.springframework.cloud.openfeign.FeignClientFactoryBean] is not eligible for getting processed by all BeanPostProcessors (for example: not eligible for auto-proxying)
2025-11-24 19:38:43.459 [main] INFO  o.s.c.s.PostProcessorRegistrationDelegate$BeanPostProcessorChecker - Bean 'com.evan.greennote.distributed.id.generator.api.DistributedIdGeneratorFeignApi' of type [org.springframework.cloud.openfeign.FeignClientFactoryBean] is not eligible for getting processed by all BeanPostProcessors (for example: not eligible for auto-proxying)
2025-11-24 19:38:43.465 [main] INFO  o.s.c.s.PostProcessorRegistrationDelegate$BeanPostProcessorChecker - Bean 'com.evan.greennote.user.api.UserFeignApi' of type [org.springframework.cloud.openfeign.FeignClientFactoryBean] is not eligible for getting processed by all BeanPostProcessors (for example: not eligible for auto-proxying)
2025-11-24 19:38:44.226 [main] INFO  o.s.c.s.PostProcessorRegistrationDelegate$BeanPostProcessorChecker - Bean 'org.apache.rocketmq.spring.autoconfigure.MessageConverterConfiguration' of type [org.apache.rocketmq.spring.autoconfigure.MessageConverterConfiguration$$SpringCGLIB$$0] is not eligible for getting processed by all BeanPostProcessors (for example: not eligible for auto-proxying)
2025-11-24 19:38:44.399 [main] INFO  o.s.c.s.PostProcessorRegistrationDelegate$BeanPostProcessorChecker - Bean 'createRocketMQMessageConverter' of type [org.apache.rocketmq.spring.support.RocketMQMessageConverter] is not eligible for getting processed by all BeanPostProcessors (for example: not eligible for auto-proxying)
2025-11-24 19:38:44.405 [main] INFO  o.s.c.s.PostProcessorRegistrationDelegate$BeanPostProcessorChecker - Bean 'org.springframework.cloud.commons.config.CommonsConfigAutoConfiguration' of type [org.springframework.cloud.commons.config.CommonsConfigAutoConfiguration] is not eligible for getting processed by all BeanPostProcessors (for example: not eligible for auto-proxying)
2025-11-24 19:38:44.416 [main] INFO  o.s.c.s.PostProcessorRegistrationDelegate$BeanPostProcessorChecker - Bean 'org.springframework.cloud.client.loadbalancer.LoadBalancerDefaultMappingsProviderAutoConfiguration' of type [org.springframework.cloud.client.loadbalancer.LoadBalancerDefaultMappingsProviderAutoConfiguration] is not eligible for getting processed by all BeanPostProcessors (for example: not eligible for auto-proxying)
2025-11-24 19:38:44.418 [main] INFO  o.s.c.s.PostProcessorRegistrationDelegate$BeanPostProcessorChecker - Bean 'loadBalancerClientsDefaultsMappingsProvider' of type [org.springframework.cloud.client.loadbalancer.LoadBalancerDefaultMappingsProviderAutoConfiguration$$Lambda$747/0x00000258016c2848] is not eligible for getting processed by all BeanPostProcessors (for example: not eligible for auto-proxying)
2025-11-24 19:38:44.423 [main] INFO  o.s.c.s.PostProcessorRegistrationDelegate$BeanPostProcessorChecker - Bean 'defaultsBindHandlerAdvisor' of type [org.springframework.cloud.commons.config.DefaultsBindHandlerAdvisor] is not eligible for getting processed by all BeanPostProcessors (for example: not eligible for auto-proxying)
2025-11-24 19:38:44.439 [main] INFO  o.s.c.s.PostProcessorRegistrationDelegate$BeanPostProcessorChecker - Bean 'rocketmq-org.apache.rocketmq.spring.autoconfigure.RocketMQProperties' of type [org.apache.rocketmq.spring.autoconfigure.RocketMQProperties] is not eligible for getting processed by all BeanPostProcessors (for example: not eligible for auto-proxying)
2025-11-24 19:38:44.442 [main] INFO  o.s.c.s.PostProcessorRegistrationDelegate$BeanPostProcessorChecker - Bean 'org.apache.rocketmq.spring.autoconfigure.ListenerContainerConfiguration' of type [org.apache.rocketmq.spring.autoconfigure.ListenerContainerConfiguration$$SpringCGLIB$$0] is not eligible for getting processed by all BeanPostProcessors (for example: not eligible for auto-proxying)
2025-11-24 19:38:45.100 [main] INFO  o.s.boot.web.embedded.tomcat.TomcatWebServer - Tomcat initialized with port(s): 8087 (http)
2025-11-24 19:38:45.143 [main] INFO  org.apache.catalina.core.StandardService - Starting service [Tomcat]
2025-11-24 19:38:45.144 [main] INFO  org.apache.catalina.core.StandardEngine - Starting Servlet engine: [Apache Tomcat/10.1.5]
2025-11-24 19:38:45.356 [main] INFO  o.a.c.core.ContainerBase.[Tomcat].[localhost].[/] - Initializing Spring embedded WebApplicationContext
2025-11-24 19:38:45.356 [main] INFO  o.s.b.w.s.c.ServletWebServerApplicationContext - Root WebApplicationContext: initialization completed in 4320 ms
2025-11-24 19:38:45.535 [main] INFO  c.a.d.s.b.a.DruidDataSourceAutoConfigure - Init DruidDataSource
2025-11-24 19:38:46.216 [main] INFO  com.alibaba.druid.pool.DruidDataSource - {dataSource-1} inited
2025-11-24 19:38:48.311 [main] INFO  o.a.r.s.autoconfigure.RocketMQAutoConfiguration - a producer (greennote_group) init on namesrv 127.0.0.1:9876
2025-11-24 19:38:48.996 [main] INFO  o.a.r.s.support.DefaultRocketMQListenerContainer - running container: DefaultRocketMQListenerContainer{consumerGroup='greennote_groupFollowUnFollowTopic', namespace='', nameServer='127.0.0.1:9876', topic='FollowUnFollowTopic', consumeMode=ORDERLY, selectorType=TAG, selectorExpression='Follow||UnFollow', messageModel=CLUSTERING', tlsEnable=false, instanceName=DEFAULT}
2025-11-24 19:38:48.996 [main] INFO  o.a.r.s.a.ListenerContainerConfiguration - Register the listener to container, listenerBeanName:followUnfollowConsumer, containerBeanName:org.apache.rocketmq.spring.support.DefaultRocketMQListenerContainer_1
2025-11-24 19:38:49.253 [main] INFO  o.s.cloud.openfeign.FeignClientFactoryBean - For 'GreenNote-user' URL not provided. Will try picking an instance via load-balancing.
2025-11-24 19:38:51.111 [main] INFO  o.s.boot.web.embedded.tomcat.TomcatWebServer - Tomcat started on port(s): 8087 (http) with context path ''
2025-11-24 19:38:51.118 [main] INFO  com.alibaba.nacos.client.naming - initializer namespace from ans.namespace attribute : null
2025-11-24 19:38:51.118 [main] INFO  com.alibaba.nacos.client.naming - initializer namespace from ALIBABA_ALIWARE_NAMESPACE attribute :null
2025-11-24 19:38:51.120 [main] INFO  com.alibaba.nacos.client.naming - initializer namespace from namespace attribute :null
2025-11-24 19:38:51.139 [main] INFO  c.a.n.p.auth.spi.client.ClientAuthPluginManager - [ClientAuthPluginManager] Load ClientAuthService com.alibaba.nacos.client.auth.impl.NacosClientAuthServiceImpl success.
2025-11-24 19:38:51.140 [main] INFO  c.a.n.p.auth.spi.client.ClientAuthPluginManager - [ClientAuthPluginManager] Load ClientAuthService com.alibaba.nacos.client.auth.ram.RamClientAuthServiceImpl success.
2025-11-24 19:38:51.152 [main] INFO  com.alibaba.nacos.common.remote.client - [RpcClientFactory] create a new rpc client of bfeb6051-d8da-41d8-9ec5-2bd4b587286c
2025-11-24 19:38:51.156 [main] INFO  com.alibaba.nacos.common.remote.client - [bfeb6051-d8da-41d8-9ec5-2bd4b587286c] RpcClient init, ServerListFactory = com.alibaba.nacos.client.naming.core.ServerListManager
2025-11-24 19:38:51.156 [main] INFO  com.alibaba.nacos.common.remote.client - [bfeb6051-d8da-41d8-9ec5-2bd4b587286c] Registry connection listener to current client:com.alibaba.nacos.client.naming.remote.gprc.redo.NamingGrpcRedoService
2025-11-24 19:38:51.158 [main] INFO  com.alibaba.nacos.common.remote.client - [bfeb6051-d8da-41d8-9ec5-2bd4b587286c] Register server push request handler:com.alibaba.nacos.client.naming.remote.gprc.NamingPushRequestHandler
2025-11-24 19:38:51.158 [main] INFO  com.alibaba.nacos.common.remote.client - [bfeb6051-d8da-41d8-9ec5-2bd4b587286c] Try to connect to server on start up, server: {serverIp = '127.0.0.1', server main port = 8848}
2025-11-24 19:38:51.158 [main] INFO  c.a.nacos.common.remote.client.grpc.GrpcClient - grpc client connection server:127.0.0.1 ip,serverPort:9848,grpcTslConfig:{"sslProvider":"OPENSSL","enableTls":false,"mutualAuthEnable":false,"trustAll":false}
2025-11-24 19:38:51.290 [main] INFO  com.alibaba.nacos.common.remote.client - [bfeb6051-d8da-41d8-9ec5-2bd4b587286c] Success to connect to server [127.0.0.1:8848] on start up, connectionId = 1763984331167_127.0.0.1_1117
2025-11-24 19:38:51.290 [main] INFO  com.alibaba.nacos.common.remote.client - [bfeb6051-d8da-41d8-9ec5-2bd4b587286c] Register server push request handler:com.alibaba.nacos.common.remote.client.RpcClient$ConnectResetRequestHandler
2025-11-24 19:38:51.290 [main] INFO  com.alibaba.nacos.common.remote.client - [bfeb6051-d8da-41d8-9ec5-2bd4b587286c] Register server push request handler:com.alibaba.nacos.common.remote.client.RpcClient$$Lambda$593/0x00000258014b61c8
2025-11-24 19:38:51.290 [com.alibaba.nacos.client.remote.worker] INFO  com.alibaba.nacos.common.remote.client - [bfeb6051-d8da-41d8-9ec5-2bd4b587286c] Notify connected event to listeners.
2025-11-24 19:38:51.290 [com.alibaba.nacos.client.remote.worker] INFO  com.alibaba.nacos.client.naming - Grpc connection connect
2025-11-24 19:38:51.292 [main] INFO  com.alibaba.nacos.client.naming - [REGISTER-SERVICE] greennote registering service GreenNote-user-relation with instance Instance{instanceId='null', ip='10.36.15.120', port=8087, weight=1.0, healthy=true, enabled=true, ephemeral=true, clusterName='DEFAULT', serviceName='null', metadata={IPv6=null, preserved.register.source=SPRING_CLOUD}}
2025-11-24 19:38:51.311 [main] INFO  c.a.cloud.nacos.registry.NacosServiceRegistry - nacos registry, DEFAULT_GROUP GreenNote-user-relation 10.36.15.120:8087 register finished
2025-11-24 19:38:51.576 [main] INFO  c.e.g.u.r.biz.GreenNoteUserRelationBizApplication - Started GreenNoteUserRelationBizApplication in 15.681 seconds (process running for 19.073)
2025-11-24 19:38:51.592 [main] INFO  com.alibaba.nacos.client.config.impl.CacheData - nacos.cache.data.init.snapshot = true 
2025-11-24 19:38:51.593 [main] INFO  com.alibaba.nacos.client.config.impl.ClientWorker - [fixed-greennote-127.0.0.1_8848] [subscribe] GreenNote-user-relation-dev.yaml+DEFAULT_GROUP+greennote
2025-11-24 19:38:51.617 [main] INFO  com.alibaba.nacos.client.config.impl.CacheData - [fixed-greennote-127.0.0.1_8848] [add-listener] ok, tenant=greennote, dataId=GreenNote-user-relation-dev.yaml, group=DEFAULT_GROUP, cnt=1
2025-11-24 19:38:51.617 [main] INFO  c.a.cloud.nacos.refresh.NacosContextRefresher - [Nacos Config] Listening config: dataId=GreenNote-user-relation-dev.yaml, group=DEFAULT_GROUP
2025-11-24 19:38:51.619 [main] INFO  com.alibaba.nacos.client.config.impl.ClientWorker - [fixed-greennote-127.0.0.1_8848] [subscribe] GreenNote-user-relation+DEFAULT_GROUP+greennote
2025-11-24 19:38:51.619 [main] INFO  com.alibaba.nacos.client.config.impl.CacheData - [fixed-greennote-127.0.0.1_8848] [add-listener] ok, tenant=greennote, dataId=GreenNote-user-relation, group=DEFAULT_GROUP, cnt=1
2025-11-24 19:38:51.619 [main] INFO  c.a.cloud.nacos.refresh.NacosContextRefresher - [Nacos Config] Listening config: dataId=GreenNote-user-relation, group=DEFAULT_GROUP
2025-11-24 19:38:51.620 [main] INFO  com.alibaba.nacos.client.config.impl.ClientWorker - [fixed-greennote-127.0.0.1_8848] [subscribe] GreenNote-user-relation.yaml+DEFAULT_GROUP+greennote
2025-11-24 19:38:51.620 [main] INFO  com.alibaba.nacos.client.config.impl.CacheData - [fixed-greennote-127.0.0.1_8848] [add-listener] ok, tenant=greennote, dataId=GreenNote-user-relation.yaml, group=DEFAULT_GROUP, cnt=1
2025-11-24 19:38:51.620 [main] INFO  c.a.cloud.nacos.refresh.NacosContextRefresher - [Nacos Config] Listening config: dataId=GreenNote-user-relation.yaml, group=DEFAULT_GROUP
2025-11-24 19:55:32.846 [Thread-9] WARN  com.alibaba.nacos.common.notify.NotifyCenter - [NotifyCenter] Start destroying Publisher
2025-11-24 19:55:32.847 [Thread-2] WARN  c.alibaba.nacos.common.http.HttpClientBeanHolder - [HttpClientBeanHolder] Start destroying common HttpClient
2025-11-24 19:55:32.847 [Thread-9] WARN  com.alibaba.nacos.common.notify.NotifyCenter - [NotifyCenter] Destruction of the end
2025-11-24 19:55:32.849 [Thread-2] WARN  c.alibaba.nacos.common.http.HttpClientBeanHolder - [HttpClientBeanHolder] Destruction of the end
2025-11-24 19:55:32.886 [NettyClientSelector_1] INFO  RocketmqRemoting - closeChannel: close the connection to remote address[127.0.0.1:10911] result: true
2025-11-24 19:55:32.886 [NettyClientSelector_1] INFO  RocketmqRemoting - closeChannel: close the connection to remote address[127.0.0.1:9876] result: true
2025-11-24 19:55:33.016 [SpringApplicationShutdownHook] INFO  c.a.cloud.nacos.registry.NacosServiceRegistry - De-registering from Nacos Server now...
2025-11-24 19:55:33.017 [SpringApplicationShutdownHook] INFO  com.alibaba.nacos.client.naming - [DEREGISTER-SERVICE] greennote deregistering service GreenNote-user-relation with instance: Instance{instanceId='null', ip='10.36.15.120', port=8087, weight=1.0, healthy=true, enabled=true, ephemeral=true, clusterName='DEFAULT', serviceName='null', metadata={}}
2025-11-24 19:55:33.024 [SpringApplicationShutdownHook] INFO  c.a.cloud.nacos.registry.NacosServiceRegistry - De-registration finished.
2025-11-24 19:55:33.024 [SpringApplicationShutdownHook] INFO  com.alibaba.nacos.client.naming - com.alibaba.nacos.client.naming.cache.ServiceInfoHolder do shutdown begin
2025-11-24 19:55:33.024 [SpringApplicationShutdownHook] INFO  com.alibaba.nacos.client.naming - com.alibaba.nacos.client.naming.backups.FailoverReactor do shutdown begin
2025-11-24 19:55:33.025 [SpringApplicationShutdownHook] INFO  com.alibaba.nacos.client.naming - com.alibaba.nacos.client.naming.backups.FailoverReactor do shutdown stop
2025-11-24 19:55:33.025 [SpringApplicationShutdownHook] INFO  com.alibaba.nacos.client.naming - com.alibaba.nacos.client.naming.cache.ServiceInfoHolder do shutdown stop
2025-11-24 19:55:33.025 [SpringApplicationShutdownHook] INFO  com.alibaba.nacos.client.naming - com.alibaba.nacos.client.naming.remote.NamingClientProxyDelegate do shutdown begin
2025-11-24 19:55:33.025 [SpringApplicationShutdownHook] INFO  com.alibaba.nacos.client.naming - com.alibaba.nacos.client.naming.core.ServiceInfoUpdateService do shutdown begin
2025-11-24 19:55:33.025 [SpringApplicationShutdownHook] INFO  com.alibaba.nacos.client.naming - com.alibaba.nacos.client.naming.core.ServiceInfoUpdateService do shutdown stop
2025-11-24 19:55:33.025 [SpringApplicationShutdownHook] INFO  com.alibaba.nacos.client.naming - com.alibaba.nacos.client.naming.core.ServerListManager do shutdown begin
2025-11-24 19:55:33.025 [SpringApplicationShutdownHook] WARN  com.alibaba.nacos.client.naming - [NamingHttpClientManager] Start destroying NacosRestTemplate
2025-11-24 19:55:33.026 [SpringApplicationShutdownHook] WARN  com.alibaba.nacos.client.naming - [NamingHttpClientManager] Destruction of the end
2025-11-24 19:55:33.026 [SpringApplicationShutdownHook] INFO  com.alibaba.nacos.client.naming - com.alibaba.nacos.client.naming.core.ServerListManager do shutdown stop
2025-11-24 19:55:33.026 [SpringApplicationShutdownHook] INFO  com.alibaba.nacos.client.naming - com.alibaba.nacos.client.naming.remote.http.NamingHttpClientProxy do shutdown begin
2025-11-24 19:55:33.026 [SpringApplicationShutdownHook] WARN  com.alibaba.nacos.client.naming - [NamingHttpClientManager] Start destroying NacosRestTemplate
2025-11-24 19:55:33.026 [SpringApplicationShutdownHook] WARN  com.alibaba.nacos.client.naming - [NamingHttpClientManager] Destruction of the end
2025-11-24 19:55:33.026 [SpringApplicationShutdownHook] INFO  com.alibaba.nacos.client.naming - com.alibaba.nacos.client.naming.remote.http.NamingHttpClientProxy do shutdown stop
2025-11-24 19:55:33.026 [SpringApplicationShutdownHook] INFO  com.alibaba.nacos.common.remote.client - Shutdown rpc client, set status to shutdown
2025-11-24 19:55:33.026 [SpringApplicationShutdownHook] INFO  com.alibaba.nacos.common.remote.client - Shutdown client event executor java.util.concurrent.ScheduledThreadPoolExecutor@41e57f5[Running, pool size = 2, active threads = 2, queued tasks = 0, completed tasks = 0]
2025-11-24 19:55:33.026 [SpringApplicationShutdownHook] INFO  com.alibaba.nacos.common.remote.client - Close current connection 1763984331167_127.0.0.1_1117
2025-11-24 19:55:33.029 [nacos-grpc-client-executor-127.0.0.1-218] INFO  c.a.nacos.common.remote.client.grpc.GrpcClient - [1763984331167_127.0.0.1_1117]Ignore complete event,isRunning:false,isAbandon=false
2025-11-24 19:55:33.033 [SpringApplicationShutdownHook] INFO  c.a.nacos.common.remote.client.grpc.GrpcClient - Shutdown grpc executor java.util.concurrent.ThreadPoolExecutor@3fd26e2a[Running, pool size = 4, active threads = 0, queued tasks = 0, completed tasks = 219]
2025-11-24 19:55:33.033 [SpringApplicationShutdownHook] INFO  com.alibaba.nacos.client.naming - Shutdown grpc redo service executor java.util.concurrent.ScheduledThreadPoolExecutor@230e7cd3[Running, pool size = 1, active threads = 0, queued tasks = 1, completed tasks = 333]
2025-11-24 19:55:33.033 [SpringApplicationShutdownHook] INFO  c.a.n.client.auth.ram.identify.CredentialWatcher - [null] CredentialWatcher is stopped
2025-11-24 19:55:33.033 [SpringApplicationShutdownHook] INFO  c.a.n.client.auth.ram.identify.CredentialService - [null] CredentialService is freed
2025-11-24 19:55:33.034 [SpringApplicationShutdownHook] INFO  com.alibaba.nacos.client.naming - com.alibaba.nacos.client.naming.remote.NamingClientProxyDelegate do shutdown stop
2025-11-24 19:55:33.039 [SpringApplicationShutdownHook] INFO  o.a.r.s.support.DefaultRocketMQListenerContainer - container destroyed, DefaultRocketMQListenerContainer{consumerGroup='greennote_groupFollowUnFollowTopic', namespace='', nameServer='127.0.0.1:9876', topic='FollowUnFollowTopic', consumeMode=ORDERLY, selectorType=TAG, selectorExpression='Follow||UnFollow', messageModel=CLUSTERING', tlsEnable=false, instanceName=DEFAULT}
2025-11-24 19:55:33.053 [NettyClientSelector_1] INFO  RocketmqRemoting - closeChannel: close the connection to remote address[127.0.0.1:9876] result: true
2025-11-24 19:55:33.053 [NettyClientSelector_1] INFO  RocketmqRemoting - closeChannel: close the connection to remote address[127.0.0.1:10911] result: true
2025-11-24 19:55:33.079 [SpringApplicationShutdownHook] INFO  com.alibaba.druid.pool.DruidDataSource - {dataSource-1} closing ...
2025-11-24 19:55:33.081 [SpringApplicationShutdownHook] INFO  com.alibaba.druid.pool.DruidDataSource - {dataSource-1} closed
2025-11-24 19:55:40.488 [main] WARN  com.alibaba.nacos.client.logging.NacosLogging - Load Logback Configuration of Nacos fail, message: Could not initialize Logback Nacos logging from classpath:nacos-logback.xml
2025-11-24 19:55:40.601 [main] WARN  com.alibaba.nacos.client.logging.NacosLogging - Load Logback Configuration of Nacos fail, message: Could not initialize Logback Nacos logging from classpath:nacos-logback.xml
2025-11-24 19:55:41.005 [main] WARN  com.alibaba.nacos.client.logging.NacosLogging - Load Logback Configuration of Nacos fail, message: Could not initialize Logback Nacos logging from classpath:nacos-logback.xml
2025-11-24 19:55:41.008 [main] INFO  com.alibaba.nacos.client.utils.ParamUtil - [settings] [req-serv] nacos-server port:8848
2025-11-24 19:55:41.009 [main] INFO  com.alibaba.nacos.client.utils.ParamUtil - [settings] [http-client] connect timeout:1000
2025-11-24 19:55:41.010 [main] INFO  com.alibaba.nacos.client.utils.ParamUtil - PER_TASK_CONFIG_SIZE: 3000.0
2025-11-24 19:55:41.068 [main] INFO  c.a.n.p.auth.spi.client.ClientAuthPluginManager - [ClientAuthPluginManager] Load ClientAuthService com.alibaba.nacos.client.auth.impl.NacosClientAuthServiceImpl success.
2025-11-24 19:55:41.068 [main] INFO  c.a.n.p.auth.spi.client.ClientAuthPluginManager - [ClientAuthPluginManager] Load ClientAuthService com.alibaba.nacos.client.auth.ram.RamClientAuthServiceImpl success.
2025-11-24 19:55:41.074 [main] INFO  c.a.n.client.auth.ram.identify.CredentialWatcher - null No credential found
2025-11-24 19:55:41.557 [main] WARN  com.alibaba.nacos.client.logging.NacosLogging - Load Logback Configuration of Nacos fail, message: Could not initialize Logback Nacos logging from classpath:nacos-logback.xml
2025-11-24 19:55:41.586 [main] INFO  c.a.n.client.config.impl.LocalConfigInfoProcessor - LOCAL_SNAPSHOT_PATH:C:\Users\12482\nacos\config
2025-11-24 19:55:41.595 [main] INFO  com.alibaba.nacos.common.remote.client - [RpcClientFactory] create a new rpc client of 3ea0d0e4-39c2-4b5e-9833-5a79eca11c09_config-0
2025-11-24 19:55:41.638 [main] INFO  com.alibaba.nacos.common.remote.client - [3ea0d0e4-39c2-4b5e-9833-5a79eca11c09_config-0] Register server push request handler:com.alibaba.nacos.client.config.impl.ClientWorker$ConfigRpcTransportClient$$Lambda$584/0x0000028b0138dd10
2025-11-24 19:55:41.639 [main] INFO  com.alibaba.nacos.common.remote.client - [3ea0d0e4-39c2-4b5e-9833-5a79eca11c09_config-0] Register server push request handler:com.alibaba.nacos.client.config.impl.ClientWorker$ConfigRpcTransportClient$$Lambda$585/0x0000028b0138e130
2025-11-24 19:55:41.641 [main] INFO  com.alibaba.nacos.common.remote.client - [3ea0d0e4-39c2-4b5e-9833-5a79eca11c09_config-0] Registry connection listener to current client:com.alibaba.nacos.client.config.impl.ClientWorker$ConfigRpcTransportClient$1
2025-11-24 19:55:41.642 [main] INFO  com.alibaba.nacos.common.remote.client - [3ea0d0e4-39c2-4b5e-9833-5a79eca11c09_config-0] RpcClient init, ServerListFactory = com.alibaba.nacos.client.config.impl.ClientWorker$ConfigRpcTransportClient$2
2025-11-24 19:55:41.664 [main] INFO  com.alibaba.nacos.common.remote.client - [3ea0d0e4-39c2-4b5e-9833-5a79eca11c09_config-0] Try to connect to server on start up, server: {serverIp = '127.0.0.1', server main port = 8848}
2025-11-24 19:55:41.733 [main] INFO  c.a.nacos.common.remote.client.grpc.GrpcClient - grpc client connection server:127.0.0.1 ip,serverPort:9848,grpcTslConfig:{"sslProvider":"OPENSSL","enableTls":false,"mutualAuthEnable":false,"trustAll":false}
2025-11-24 19:55:43.354 [main] INFO  com.alibaba.nacos.common.remote.client - [3ea0d0e4-39c2-4b5e-9833-5a79eca11c09_config-0] Success to connect to server [127.0.0.1:8848] on start up, connectionId = 1763985343061_127.0.0.1_19636
2025-11-24 19:55:43.355 [com.alibaba.nacos.client.remote.worker] INFO  com.alibaba.nacos.common.remote.client - [3ea0d0e4-39c2-4b5e-9833-5a79eca11c09_config-0] Notify connected event to listeners.
2025-11-24 19:55:43.356 [com.alibaba.nacos.client.remote.worker] INFO  com.alibaba.nacos.client.config.impl.ClientWorker - [3ea0d0e4-39c2-4b5e-9833-5a79eca11c09_config-0] Connected,notify listen context...
2025-11-24 19:55:43.356 [main] INFO  com.alibaba.nacos.common.remote.client - [3ea0d0e4-39c2-4b5e-9833-5a79eca11c09_config-0] Register server push request handler:com.alibaba.nacos.common.remote.client.RpcClient$ConnectResetRequestHandler
2025-11-24 19:55:43.356 [main] INFO  com.alibaba.nacos.common.remote.client - [3ea0d0e4-39c2-4b5e-9833-5a79eca11c09_config-0] Register server push request handler:com.alibaba.nacos.common.remote.client.RpcClient$$Lambda$605/0x0000028b014d5b50
2025-11-24 19:55:43.444 [main] INFO  com.alibaba.nacos.client.config.impl.Limiter - limitTime:5.0
2025-11-24 19:55:43.469 [main] WARN  c.a.cloud.nacos.client.NacosPropertySourceBuilder - Ignore the empty nacos configuration and get it based on dataId[GreenNote-user-relation] & group[DEFAULT_GROUP]
2025-11-24 19:55:43.479 [main] WARN  c.a.cloud.nacos.client.NacosPropertySourceBuilder - Ignore the empty nacos configuration and get it based on dataId[GreenNote-user-relation.yaml] & group[DEFAULT_GROUP]
2025-11-24 19:55:43.488 [main] WARN  c.a.cloud.nacos.client.NacosPropertySourceBuilder - Ignore the empty nacos configuration and get it based on dataId[GreenNote-user-relation-dev.yaml] & group[DEFAULT_GROUP]
2025-11-24 19:55:43.490 [main] INFO  o.s.c.b.c.PropertySourceBootstrapConfiguration - Located property source: [BootstrapPropertySource {name='bootstrapProperties-GreenNote-user-relation-dev.yaml,DEFAULT_GROUP'}, BootstrapPropertySource {name='bootstrapProperties-GreenNote-user-relation.yaml,DEFAULT_GROUP'}, BootstrapPropertySource {name='bootstrapProperties-GreenNote-user-relation,DEFAULT_GROUP'}]
2025-11-24 19:55:43.533 [main] WARN  com.alibaba.nacos.client.logging.NacosLogging - Load Logback Configuration of Nacos fail, message: Could not initialize Logback Nacos logging from classpath:nacos-logback.xml
2025-11-24 19:55:43.534 [main] INFO  c.e.g.u.r.biz.GreenNoteUserRelationBizApplication - The following 1 profile is active: "dev"
2025-11-24 19:55:45.292 [main] INFO  o.s.d.r.config.RepositoryConfigurationDelegate - Multiple Spring Data modules found, entering strict repository configuration mode
2025-11-24 19:55:45.305 [main] INFO  o.s.d.r.config.RepositoryConfigurationDelegate - Bootstrapping Spring Data Redis repositories in DEFAULT mode.
2025-11-24 19:55:45.370 [main] INFO  o.s.d.r.config.RepositoryConfigurationDelegate - Finished Spring Data repository scanning in 25 ms. Found 0 Redis repository interfaces.
2025-11-24 19:55:45.814 [main] INFO  o.springframework.cloud.context.scope.GenericScope - BeanFactory id=7e181e81-c72e-35ad-8edb-c67243f911ea
2025-11-24 19:55:45.878 [main] INFO  o.s.c.s.PostProcessorRegistrationDelegate$BeanPostProcessorChecker - Bean 'com.evan.greennote.oss.api.FileFeignApi' of type [org.springframework.cloud.openfeign.FeignClientFactoryBean] is not eligible for getting processed by all BeanPostProcessors (for example: not eligible for auto-proxying)
2025-11-24 19:55:45.882 [main] INFO  o.s.c.s.PostProcessorRegistrationDelegate$BeanPostProcessorChecker - Bean 'com.evan.greennote.distributed.id.generator.api.DistributedIdGeneratorFeignApi' of type [org.springframework.cloud.openfeign.FeignClientFactoryBean] is not eligible for getting processed by all BeanPostProcessors (for example: not eligible for auto-proxying)
2025-11-24 19:55:45.883 [main] INFO  o.s.c.s.PostProcessorRegistrationDelegate$BeanPostProcessorChecker - Bean 'com.evan.greennote.user.api.UserFeignApi' of type [org.springframework.cloud.openfeign.FeignClientFactoryBean] is not eligible for getting processed by all BeanPostProcessors (for example: not eligible for auto-proxying)
2025-11-24 19:55:46.459 [main] INFO  o.s.c.s.PostProcessorRegistrationDelegate$BeanPostProcessorChecker - Bean 'org.apache.rocketmq.spring.autoconfigure.MessageConverterConfiguration' of type [org.apache.rocketmq.spring.autoconfigure.MessageConverterConfiguration$$SpringCGLIB$$0] is not eligible for getting processed by all BeanPostProcessors (for example: not eligible for auto-proxying)
2025-11-24 19:55:46.621 [main] INFO  o.s.c.s.PostProcessorRegistrationDelegate$BeanPostProcessorChecker - Bean 'createRocketMQMessageConverter' of type [org.apache.rocketmq.spring.support.RocketMQMessageConverter] is not eligible for getting processed by all BeanPostProcessors (for example: not eligible for auto-proxying)
2025-11-24 19:55:46.626 [main] INFO  o.s.c.s.PostProcessorRegistrationDelegate$BeanPostProcessorChecker - Bean 'org.springframework.cloud.commons.config.CommonsConfigAutoConfiguration' of type [org.springframework.cloud.commons.config.CommonsConfigAutoConfiguration] is not eligible for getting processed by all BeanPostProcessors (for example: not eligible for auto-proxying)
2025-11-24 19:55:46.635 [main] INFO  o.s.c.s.PostProcessorRegistrationDelegate$BeanPostProcessorChecker - Bean 'org.springframework.cloud.client.loadbalancer.LoadBalancerDefaultMappingsProviderAutoConfiguration' of type [org.springframework.cloud.client.loadbalancer.LoadBalancerDefaultMappingsProviderAutoConfiguration] is not eligible for getting processed by all BeanPostProcessors (for example: not eligible for auto-proxying)
2025-11-24 19:55:46.636 [main] INFO  o.s.c.s.PostProcessorRegistrationDelegate$BeanPostProcessorChecker - Bean 'loadBalancerClientsDefaultsMappingsProvider' of type [org.springframework.cloud.client.loadbalancer.LoadBalancerDefaultMappingsProviderAutoConfiguration$$Lambda$759/0x0000028b016a0250] is not eligible for getting processed by all BeanPostProcessors (for example: not eligible for auto-proxying)
2025-11-24 19:55:46.641 [main] INFO  o.s.c.s.PostProcessorRegistrationDelegate$BeanPostProcessorChecker - Bean 'defaultsBindHandlerAdvisor' of type [org.springframework.cloud.commons.config.DefaultsBindHandlerAdvisor] is not eligible for getting processed by all BeanPostProcessors (for example: not eligible for auto-proxying)
2025-11-24 19:55:46.653 [main] INFO  o.s.c.s.PostProcessorRegistrationDelegate$BeanPostProcessorChecker - Bean 'rocketmq-org.apache.rocketmq.spring.autoconfigure.RocketMQProperties' of type [org.apache.rocketmq.spring.autoconfigure.RocketMQProperties] is not eligible for getting processed by all BeanPostProcessors (for example: not eligible for auto-proxying)
2025-11-24 19:55:46.655 [main] INFO  o.s.c.s.PostProcessorRegistrationDelegate$BeanPostProcessorChecker - Bean 'org.apache.rocketmq.spring.autoconfigure.ListenerContainerConfiguration' of type [org.apache.rocketmq.spring.autoconfigure.ListenerContainerConfiguration$$SpringCGLIB$$0] is not eligible for getting processed by all BeanPostProcessors (for example: not eligible for auto-proxying)
2025-11-24 19:55:47.204 [main] INFO  o.s.boot.web.embedded.tomcat.TomcatWebServer - Tomcat initialized with port(s): 8087 (http)
2025-11-24 19:55:47.227 [main] INFO  org.apache.catalina.core.StandardService - Starting service [Tomcat]
2025-11-24 19:55:47.227 [main] INFO  org.apache.catalina.core.StandardEngine - Starting Servlet engine: [Apache Tomcat/10.1.5]
2025-11-24 19:55:47.380 [main] INFO  o.a.c.core.ContainerBase.[Tomcat].[localhost].[/] - Initializing Spring embedded WebApplicationContext
2025-11-24 19:55:47.380 [main] INFO  o.s.b.w.s.c.ServletWebServerApplicationContext - Root WebApplicationContext: initialization completed in 3817 ms
2025-11-24 19:55:47.555 [main] INFO  c.a.d.s.b.a.DruidDataSourceAutoConfigure - Init DruidDataSource
2025-11-24 19:55:48.143 [main] INFO  com.alibaba.druid.pool.DruidDataSource - {dataSource-1} inited
2025-11-24 19:55:49.616 [main] INFO  o.a.r.s.autoconfigure.RocketMQAutoConfiguration - a producer (greennote_group) init on namesrv 127.0.0.1:9876
2025-11-24 19:55:50.244 [main] INFO  o.a.r.s.support.DefaultRocketMQListenerContainer - running container: DefaultRocketMQListenerContainer{consumerGroup='greennote_groupFollowUnFollowTopic', namespace='', nameServer='127.0.0.1:9876', topic='FollowUnFollowTopic', consumeMode=ORDERLY, selectorType=TAG, selectorExpression='Follow||UnFollow', messageModel=CLUSTERING', tlsEnable=false, instanceName=DEFAULT}
2025-11-24 19:55:50.245 [main] INFO  o.a.r.s.a.ListenerContainerConfiguration - Register the listener to container, listenerBeanName:followUnfollowConsumer, containerBeanName:org.apache.rocketmq.spring.support.DefaultRocketMQListenerContainer_1
2025-11-24 19:55:50.500 [main] INFO  o.s.cloud.openfeign.FeignClientFactoryBean - For 'GreenNote-user' URL not provided. Will try picking an instance via load-balancing.
2025-11-24 19:55:52.532 [main] INFO  o.s.boot.web.embedded.tomcat.TomcatWebServer - Tomcat started on port(s): 8087 (http) with context path ''
2025-11-24 19:55:52.538 [main] INFO  com.alibaba.nacos.client.naming - initializer namespace from ans.namespace attribute : null
2025-11-24 19:55:52.538 [main] INFO  com.alibaba.nacos.client.naming - initializer namespace from ALIBABA_ALIWARE_NAMESPACE attribute :null
2025-11-24 19:55:52.540 [main] INFO  com.alibaba.nacos.client.naming - initializer namespace from namespace attribute :null
2025-11-24 19:55:52.557 [main] INFO  c.a.n.p.auth.spi.client.ClientAuthPluginManager - [ClientAuthPluginManager] Load ClientAuthService com.alibaba.nacos.client.auth.impl.NacosClientAuthServiceImpl success.
2025-11-24 19:55:52.557 [main] INFO  c.a.n.p.auth.spi.client.ClientAuthPluginManager - [ClientAuthPluginManager] Load ClientAuthService com.alibaba.nacos.client.auth.ram.RamClientAuthServiceImpl success.
2025-11-24 19:55:52.564 [main] INFO  com.alibaba.nacos.common.remote.client - [RpcClientFactory] create a new rpc client of e9be305e-91e4-462e-a23f-450993d7d1c9
2025-11-24 19:55:52.568 [main] INFO  com.alibaba.nacos.common.remote.client - [e9be305e-91e4-462e-a23f-450993d7d1c9] RpcClient init, ServerListFactory = com.alibaba.nacos.client.naming.core.ServerListManager
2025-11-24 19:55:52.568 [main] INFO  com.alibaba.nacos.common.remote.client - [e9be305e-91e4-462e-a23f-450993d7d1c9] Registry connection listener to current client:com.alibaba.nacos.client.naming.remote.gprc.redo.NamingGrpcRedoService
2025-11-24 19:55:52.568 [main] INFO  com.alibaba.nacos.common.remote.client - [e9be305e-91e4-462e-a23f-450993d7d1c9] Register server push request handler:com.alibaba.nacos.client.naming.remote.gprc.NamingPushRequestHandler
2025-11-24 19:55:52.569 [main] INFO  com.alibaba.nacos.common.remote.client - [e9be305e-91e4-462e-a23f-450993d7d1c9] Try to connect to server on start up, server: {serverIp = '127.0.0.1', server main port = 8848}
2025-11-24 19:55:52.570 [main] INFO  c.a.nacos.common.remote.client.grpc.GrpcClient - grpc client connection server:127.0.0.1 ip,serverPort:9848,grpcTslConfig:{"sslProvider":"OPENSSL","enableTls":false,"mutualAuthEnable":false,"trustAll":false}
2025-11-24 19:55:52.689 [main] INFO  com.alibaba.nacos.common.remote.client - [e9be305e-91e4-462e-a23f-450993d7d1c9] Success to connect to server [127.0.0.1:8848] on start up, connectionId = 1763985352577_127.0.0.1_19668
2025-11-24 19:55:52.689 [main] INFO  com.alibaba.nacos.common.remote.client - [e9be305e-91e4-462e-a23f-450993d7d1c9] Register server push request handler:com.alibaba.nacos.common.remote.client.RpcClient$ConnectResetRequestHandler
2025-11-24 19:55:52.689 [com.alibaba.nacos.client.remote.worker] INFO  com.alibaba.nacos.common.remote.client - [e9be305e-91e4-462e-a23f-450993d7d1c9] Notify connected event to listeners.
2025-11-24 19:55:52.689 [main] INFO  com.alibaba.nacos.common.remote.client - [e9be305e-91e4-462e-a23f-450993d7d1c9] Register server push request handler:com.alibaba.nacos.common.remote.client.RpcClient$$Lambda$605/0x0000028b014d5b50
2025-11-24 19:55:52.689 [com.alibaba.nacos.client.remote.worker] INFO  com.alibaba.nacos.client.naming - Grpc connection connect
2025-11-24 19:55:52.691 [main] INFO  com.alibaba.nacos.client.naming - [REGISTER-SERVICE] greennote registering service GreenNote-user-relation with instance Instance{instanceId='null', ip='10.36.15.120', port=8087, weight=1.0, healthy=true, enabled=true, ephemeral=true, clusterName='DEFAULT', serviceName='null', metadata={IPv6=null, preserved.register.source=SPRING_CLOUD}}
2025-11-24 19:55:52.709 [main] INFO  c.a.cloud.nacos.registry.NacosServiceRegistry - nacos registry, DEFAULT_GROUP GreenNote-user-relation 10.36.15.120:8087 register finished
2025-11-24 19:55:52.981 [main] INFO  c.e.g.u.r.biz.GreenNoteUserRelationBizApplication - Started GreenNoteUserRelationBizApplication in 13.644 seconds (process running for 14.53)
2025-11-24 19:55:52.989 [main] INFO  com.alibaba.nacos.client.config.impl.CacheData - nacos.cache.data.init.snapshot = true 
2025-11-24 19:55:52.989 [main] INFO  com.alibaba.nacos.client.config.impl.ClientWorker - [fixed-greennote-127.0.0.1_8848] [subscribe] GreenNote-user-relation-dev.yaml+DEFAULT_GROUP+greennote
2025-11-24 19:55:53.002 [main] INFO  com.alibaba.nacos.client.config.impl.CacheData - [fixed-greennote-127.0.0.1_8848] [add-listener] ok, tenant=greennote, dataId=GreenNote-user-relation-dev.yaml, group=DEFAULT_GROUP, cnt=1
2025-11-24 19:55:53.002 [main] INFO  c.a.cloud.nacos.refresh.NacosContextRefresher - [Nacos Config] Listening config: dataId=GreenNote-user-relation-dev.yaml, group=DEFAULT_GROUP
2025-11-24 19:55:53.003 [main] INFO  com.alibaba.nacos.client.config.impl.ClientWorker - [fixed-greennote-127.0.0.1_8848] [subscribe] GreenNote-user-relation+DEFAULT_GROUP+greennote
2025-11-24 19:55:53.003 [main] INFO  com.alibaba.nacos.client.config.impl.CacheData - [fixed-greennote-127.0.0.1_8848] [add-listener] ok, tenant=greennote, dataId=GreenNote-user-relation, group=DEFAULT_GROUP, cnt=1
2025-11-24 19:55:53.003 [main] INFO  c.a.cloud.nacos.refresh.NacosContextRefresher - [Nacos Config] Listening config: dataId=GreenNote-user-relation, group=DEFAULT_GROUP
2025-11-24 19:55:53.004 [main] INFO  com.alibaba.nacos.client.config.impl.ClientWorker - [fixed-greennote-127.0.0.1_8848] [subscribe] GreenNote-user-relation.yaml+DEFAULT_GROUP+greennote
2025-11-24 19:55:53.004 [main] INFO  com.alibaba.nacos.client.config.impl.CacheData - [fixed-greennote-127.0.0.1_8848] [add-listener] ok, tenant=greennote, dataId=GreenNote-user-relation.yaml, group=DEFAULT_GROUP, cnt=1
2025-11-24 19:55:53.004 [main] INFO  c.a.cloud.nacos.refresh.NacosContextRefresher - [Nacos Config] Listening config: dataId=GreenNote-user-relation.yaml, group=DEFAULT_GROUP
2025-11-24 20:10:23.963 [NettyClientSelector_1] INFO  RocketmqRemoting - closeChannel: close the connection to remote address[127.0.0.1:9876] result: true
2025-11-24 20:10:24.045 [NettyClientSelector_1] INFO  RocketmqRemoting - closeChannel: close the connection to remote address[127.0.0.1:9876] result: true
2025-11-24 20:10:24.046 [NettyClientSelector_1] INFO  RocketmqRemoting - closeChannel: close the connection to remote address[127.0.0.1:10911] result: true
2025-11-24 20:10:24.051 [NettyClientSelector_1] INFO  RocketmqRemoting - closeChannel: close the connection to remote address[127.0.0.1:10911] result: true
2025-11-24 20:10:24.058 [NettyClientSelector_1] INFO  RocketmqRemoting - closeChannel: close the connection to remote address[127.0.0.1:10911] result: true
2025-11-24 20:10:24.060 [NettyClientSelector_1] INFO  RocketmqRemoting - closeChannel: close the connection to remote address[127.0.0.1:9876] result: true
2025-11-24 20:10:24.066 [NettyClientSelector_1] INFO  RocketmqRemoting - closeChannel: close the connection to remote address[127.0.0.1:9876] result: true
2025-11-24 21:07:20.655 [Thread-9] WARN  com.alibaba.nacos.common.notify.NotifyCenter - [NotifyCenter] Start destroying Publisher
2025-11-24 21:07:20.658 [Thread-9] WARN  com.alibaba.nacos.common.notify.NotifyCenter - [NotifyCenter] Destruction of the end
2025-11-24 21:07:20.655 [Thread-2] WARN  c.alibaba.nacos.common.http.HttpClientBeanHolder - [HttpClientBeanHolder] Start destroying common HttpClient
2025-11-24 21:07:20.662 [Thread-2] WARN  c.alibaba.nacos.common.http.HttpClientBeanHolder - [HttpClientBeanHolder] Destruction of the end
2025-11-24 21:07:20.838 [NettyClientSelector_1] INFO  RocketmqRemoting - closeChannel: close the connection to remote address[127.0.0.1:9876] result: true
2025-11-24 21:07:20.941 [NettyClientSelector_1] INFO  RocketmqRemoting - closeChannel: close the connection to remote address[127.0.0.1:10911] result: true
2025-11-24 21:07:21.055 [SpringApplicationShutdownHook] INFO  c.a.cloud.nacos.registry.NacosServiceRegistry - De-registering from Nacos Server now...
2025-11-24 21:07:21.057 [SpringApplicationShutdownHook] INFO  com.alibaba.nacos.client.naming - [DEREGISTER-SERVICE] greennote deregistering service GreenNote-user-relation with instance: Instance{instanceId='null', ip='10.36.15.120', port=8087, weight=1.0, healthy=true, enabled=true, ephemeral=true, clusterName='DEFAULT', serviceName='null', metadata={}}
2025-11-24 21:07:21.063 [SpringApplicationShutdownHook] INFO  c.a.cloud.nacos.registry.NacosServiceRegistry - De-registration finished.
2025-11-24 21:07:21.063 [SpringApplicationShutdownHook] INFO  com.alibaba.nacos.client.naming - com.alibaba.nacos.client.naming.cache.ServiceInfoHolder do shutdown begin
2025-11-24 21:07:21.063 [SpringApplicationShutdownHook] INFO  com.alibaba.nacos.client.naming - com.alibaba.nacos.client.naming.backups.FailoverReactor do shutdown begin
2025-11-24 21:07:21.065 [SpringApplicationShutdownHook] INFO  com.alibaba.nacos.client.naming - com.alibaba.nacos.client.naming.backups.FailoverReactor do shutdown stop
2025-11-24 21:07:21.065 [SpringApplicationShutdownHook] INFO  com.alibaba.nacos.client.naming - com.alibaba.nacos.client.naming.cache.ServiceInfoHolder do shutdown stop
2025-11-24 21:07:21.065 [SpringApplicationShutdownHook] INFO  com.alibaba.nacos.client.naming - com.alibaba.nacos.client.naming.remote.NamingClientProxyDelegate do shutdown begin
2025-11-24 21:07:21.065 [SpringApplicationShutdownHook] INFO  com.alibaba.nacos.client.naming - com.alibaba.nacos.client.naming.core.ServiceInfoUpdateService do shutdown begin
2025-11-24 21:07:21.065 [SpringApplicationShutdownHook] INFO  com.alibaba.nacos.client.naming - com.alibaba.nacos.client.naming.core.ServiceInfoUpdateService do shutdown stop
2025-11-24 21:07:21.065 [SpringApplicationShutdownHook] INFO  com.alibaba.nacos.client.naming - com.alibaba.nacos.client.naming.core.ServerListManager do shutdown begin
2025-11-24 21:07:21.065 [SpringApplicationShutdownHook] WARN  com.alibaba.nacos.client.naming - [NamingHttpClientManager] Start destroying NacosRestTemplate
2025-11-24 21:07:21.065 [SpringApplicationShutdownHook] WARN  com.alibaba.nacos.client.naming - [NamingHttpClientManager] Destruction of the end
2025-11-24 21:07:21.065 [SpringApplicationShutdownHook] INFO  com.alibaba.nacos.client.naming - com.alibaba.nacos.client.naming.core.ServerListManager do shutdown stop
2025-11-24 21:07:21.065 [SpringApplicationShutdownHook] INFO  com.alibaba.nacos.client.naming - com.alibaba.nacos.client.naming.remote.http.NamingHttpClientProxy do shutdown begin
2025-11-24 21:07:21.065 [SpringApplicationShutdownHook] WARN  com.alibaba.nacos.client.naming - [NamingHttpClientManager] Start destroying NacosRestTemplate
2025-11-24 21:07:21.065 [SpringApplicationShutdownHook] WARN  com.alibaba.nacos.client.naming - [NamingHttpClientManager] Destruction of the end
2025-11-24 21:07:21.065 [SpringApplicationShutdownHook] INFO  com.alibaba.nacos.client.naming - com.alibaba.nacos.client.naming.remote.http.NamingHttpClientProxy do shutdown stop
2025-11-24 21:07:21.065 [SpringApplicationShutdownHook] INFO  com.alibaba.nacos.common.remote.client - Shutdown rpc client, set status to shutdown
2025-11-24 21:07:21.065 [SpringApplicationShutdownHook] INFO  com.alibaba.nacos.common.remote.client - Shutdown client event executor java.util.concurrent.ScheduledThreadPoolExecutor@48e15f74[Running, pool size = 2, active threads = 2, queued tasks = 0, completed tasks = 0]
2025-11-24 21:07:21.065 [SpringApplicationShutdownHook] INFO  com.alibaba.nacos.common.remote.client - Close current connection 1763985352577_127.0.0.1_19668
2025-11-24 21:07:21.070 [nacos-grpc-client-executor-127.0.0.1-784] INFO  c.a.nacos.common.remote.client.grpc.GrpcClient - [1763985352577_127.0.0.1_19668]Ignore complete event,isRunning:false,isAbandon=false
2025-11-24 21:07:21.089 [SpringApplicationShutdownHook] INFO  c.a.nacos.common.remote.client.grpc.GrpcClient - Shutdown grpc executor java.util.concurrent.ThreadPoolExecutor@7a1d3929[Running, pool size = 4, active threads = 0, queued tasks = 0, completed tasks = 785]
2025-11-24 21:07:21.089 [SpringApplicationShutdownHook] INFO  com.alibaba.nacos.client.naming - Shutdown grpc redo service executor java.util.concurrent.ScheduledThreadPoolExecutor@2190bb5d[Running, pool size = 1, active threads = 0, queued tasks = 1, completed tasks = 1280]
2025-11-24 21:07:21.090 [SpringApplicationShutdownHook] INFO  c.a.n.client.auth.ram.identify.CredentialWatcher - [null] CredentialWatcher is stopped
2025-11-24 21:07:21.090 [SpringApplicationShutdownHook] INFO  c.a.n.client.auth.ram.identify.CredentialService - [null] CredentialService is freed
2025-11-24 21:07:21.090 [SpringApplicationShutdownHook] INFO  com.alibaba.nacos.client.naming - com.alibaba.nacos.client.naming.remote.NamingClientProxyDelegate do shutdown stop
2025-11-24 21:07:21.106 [SpringApplicationShutdownHook] INFO  o.a.r.s.support.DefaultRocketMQListenerContainer - container destroyed, DefaultRocketMQListenerContainer{consumerGroup='greennote_groupFollowUnFollowTopic', namespace='', nameServer='127.0.0.1:9876', topic='FollowUnFollowTopic', consumeMode=ORDERLY, selectorType=TAG, selectorExpression='Follow||UnFollow', messageModel=CLUSTERING', tlsEnable=false, instanceName=DEFAULT}
2025-11-24 21:07:21.119 [NettyClientSelector_1] INFO  RocketmqRemoting - closeChannel: close the connection to remote address[127.0.0.1:9876] result: true
2025-11-24 21:07:21.178 [SpringApplicationShutdownHook] INFO  com.alibaba.druid.pool.DruidDataSource - {dataSource-1} closing ...
2025-11-24 21:07:21.181 [SpringApplicationShutdownHook] INFO  com.alibaba.druid.pool.DruidDataSource - {dataSource-1} closed
2025-11-24 21:07:55.170 [main] WARN  com.alibaba.nacos.client.logging.NacosLogging - Load Logback Configuration of Nacos fail, message: Could not initialize Logback Nacos logging from classpath:nacos-logback.xml
2025-11-24 21:07:55.294 [main] WARN  com.alibaba.nacos.client.logging.NacosLogging - Load Logback Configuration of Nacos fail, message: Could not initialize Logback Nacos logging from classpath:nacos-logback.xml
2025-11-24 21:07:55.746 [main] WARN  com.alibaba.nacos.client.logging.NacosLogging - Load Logback Configuration of Nacos fail, message: Could not initialize Logback Nacos logging from classpath:nacos-logback.xml
2025-11-24 21:07:55.748 [main] INFO  com.alibaba.nacos.client.utils.ParamUtil - [settings] [req-serv] nacos-server port:8848
2025-11-24 21:07:55.749 [main] INFO  com.alibaba.nacos.client.utils.ParamUtil - [settings] [http-client] connect timeout:1000
2025-11-24 21:07:55.751 [main] INFO  com.alibaba.nacos.client.utils.ParamUtil - PER_TASK_CONFIG_SIZE: 3000.0
2025-11-24 21:07:55.813 [main] INFO  c.a.n.p.auth.spi.client.ClientAuthPluginManager - [ClientAuthPluginManager] Load ClientAuthService com.alibaba.nacos.client.auth.impl.NacosClientAuthServiceImpl success.
2025-11-24 21:07:55.813 [main] INFO  c.a.n.p.auth.spi.client.ClientAuthPluginManager - [ClientAuthPluginManager] Load ClientAuthService com.alibaba.nacos.client.auth.ram.RamClientAuthServiceImpl success.
2025-11-24 21:07:55.818 [main] INFO  c.a.n.client.auth.ram.identify.CredentialWatcher - null No credential found
2025-11-24 21:07:56.369 [main] WARN  com.alibaba.nacos.client.logging.NacosLogging - Load Logback Configuration of Nacos fail, message: Could not initialize Logback Nacos logging from classpath:nacos-logback.xml
2025-11-24 21:07:56.402 [main] INFO  c.a.n.client.config.impl.LocalConfigInfoProcessor - LOCAL_SNAPSHOT_PATH:C:\Users\12482\nacos\config
2025-11-24 21:07:56.411 [main] INFO  com.alibaba.nacos.common.remote.client - [RpcClientFactory] create a new rpc client of 35464d39-6588-4897-9e49-d954d78ae695_config-0
2025-11-24 21:07:56.469 [main] INFO  com.alibaba.nacos.common.remote.client - [35464d39-6588-4897-9e49-d954d78ae695_config-0] Register server push request handler:com.alibaba.nacos.client.config.impl.ClientWorker$ConfigRpcTransportClient$$Lambda$584/0x000001bf8a38dd10
2025-11-24 21:07:56.470 [main] INFO  com.alibaba.nacos.common.remote.client - [35464d39-6588-4897-9e49-d954d78ae695_config-0] Register server push request handler:com.alibaba.nacos.client.config.impl.ClientWorker$ConfigRpcTransportClient$$Lambda$585/0x000001bf8a38e130
2025-11-24 21:07:56.472 [main] INFO  com.alibaba.nacos.common.remote.client - [35464d39-6588-4897-9e49-d954d78ae695_config-0] Registry connection listener to current client:com.alibaba.nacos.client.config.impl.ClientWorker$ConfigRpcTransportClient$1
2025-11-24 21:07:56.474 [main] INFO  com.alibaba.nacos.common.remote.client - [35464d39-6588-4897-9e49-d954d78ae695_config-0] RpcClient init, ServerListFactory = com.alibaba.nacos.client.config.impl.ClientWorker$ConfigRpcTransportClient$2
2025-11-24 21:07:56.497 [main] INFO  com.alibaba.nacos.common.remote.client - [35464d39-6588-4897-9e49-d954d78ae695_config-0] Try to connect to server on start up, server: {serverIp = '127.0.0.1', server main port = 8848}
2025-11-24 21:07:56.576 [main] INFO  c.a.nacos.common.remote.client.grpc.GrpcClient - grpc client connection server:127.0.0.1 ip,serverPort:9848,grpcTslConfig:{"sslProvider":"OPENSSL","enableTls":false,"mutualAuthEnable":false,"trustAll":false}
2025-11-24 21:07:58.327 [main] INFO  com.alibaba.nacos.common.remote.client - [35464d39-6588-4897-9e49-d954d78ae695_config-0] Success to connect to server [127.0.0.1:8848] on start up, connectionId = 1763989678032_127.0.0.1_39985
2025-11-24 21:07:58.328 [com.alibaba.nacos.client.remote.worker] INFO  com.alibaba.nacos.common.remote.client - [35464d39-6588-4897-9e49-d954d78ae695_config-0] Notify connected event to listeners.
2025-11-24 21:07:58.328 [com.alibaba.nacos.client.remote.worker] INFO  com.alibaba.nacos.client.config.impl.ClientWorker - [35464d39-6588-4897-9e49-d954d78ae695_config-0] Connected,notify listen context...
2025-11-24 21:07:58.328 [main] INFO  com.alibaba.nacos.common.remote.client - [35464d39-6588-4897-9e49-d954d78ae695_config-0] Register server push request handler:com.alibaba.nacos.common.remote.client.RpcClient$ConnectResetRequestHandler
2025-11-24 21:07:58.328 [main] INFO  com.alibaba.nacos.common.remote.client - [35464d39-6588-4897-9e49-d954d78ae695_config-0] Register server push request handler:com.alibaba.nacos.common.remote.client.RpcClient$$Lambda$605/0x000001bf8a4d58a8
2025-11-24 21:07:58.457 [main] INFO  com.alibaba.nacos.client.config.impl.Limiter - limitTime:5.0
2025-11-24 21:07:58.489 [main] WARN  c.a.cloud.nacos.client.NacosPropertySourceBuilder - Ignore the empty nacos configuration and get it based on dataId[GreenNote-user-relation] & group[DEFAULT_GROUP]
2025-11-24 21:07:58.502 [main] WARN  c.a.cloud.nacos.client.NacosPropertySourceBuilder - Ignore the empty nacos configuration and get it based on dataId[GreenNote-user-relation.yaml] & group[DEFAULT_GROUP]
2025-11-24 21:07:58.511 [main] WARN  c.a.cloud.nacos.client.NacosPropertySourceBuilder - Ignore the empty nacos configuration and get it based on dataId[GreenNote-user-relation-dev.yaml] & group[DEFAULT_GROUP]
2025-11-24 21:07:58.513 [main] INFO  o.s.c.b.c.PropertySourceBootstrapConfiguration - Located property source: [BootstrapPropertySource {name='bootstrapProperties-GreenNote-user-relation-dev.yaml,DEFAULT_GROUP'}, BootstrapPropertySource {name='bootstrapProperties-GreenNote-user-relation.yaml,DEFAULT_GROUP'}, BootstrapPropertySource {name='bootstrapProperties-GreenNote-user-relation,DEFAULT_GROUP'}]
2025-11-24 21:07:58.585 [main] WARN  com.alibaba.nacos.client.logging.NacosLogging - Load Logback Configuration of Nacos fail, message: Could not initialize Logback Nacos logging from classpath:nacos-logback.xml
2025-11-24 21:07:58.586 [main] INFO  c.e.g.u.r.biz.GreenNoteUserRelationBizApplication - The following 1 profile is active: "dev"
2025-11-24 21:08:00.581 [main] INFO  o.s.d.r.config.RepositoryConfigurationDelegate - Multiple Spring Data modules found, entering strict repository configuration mode
2025-11-24 21:08:00.591 [main] INFO  o.s.d.r.config.RepositoryConfigurationDelegate - Bootstrapping Spring Data Redis repositories in DEFAULT mode.
2025-11-24 21:08:00.649 [main] INFO  o.s.d.r.config.RepositoryConfigurationDelegate - Finished Spring Data repository scanning in 25 ms. Found 0 Redis repository interfaces.
2025-11-24 21:08:01.187 [main] INFO  o.springframework.cloud.context.scope.GenericScope - BeanFactory id=7e181e81-c72e-35ad-8edb-c67243f911ea
2025-11-24 21:08:01.272 [main] INFO  o.s.c.s.PostProcessorRegistrationDelegate$BeanPostProcessorChecker - Bean 'com.evan.greennote.oss.api.FileFeignApi' of type [org.springframework.cloud.openfeign.FeignClientFactoryBean] is not eligible for getting processed by all BeanPostProcessors (for example: not eligible for auto-proxying)
2025-11-24 21:08:01.276 [main] INFO  o.s.c.s.PostProcessorRegistrationDelegate$BeanPostProcessorChecker - Bean 'com.evan.greennote.distributed.id.generator.api.DistributedIdGeneratorFeignApi' of type [org.springframework.cloud.openfeign.FeignClientFactoryBean] is not eligible for getting processed by all BeanPostProcessors (for example: not eligible for auto-proxying)
2025-11-24 21:08:01.280 [main] INFO  o.s.c.s.PostProcessorRegistrationDelegate$BeanPostProcessorChecker - Bean 'com.evan.greennote.user.api.UserFeignApi' of type [org.springframework.cloud.openfeign.FeignClientFactoryBean] is not eligible for getting processed by all BeanPostProcessors (for example: not eligible for auto-proxying)
2025-11-24 21:08:01.974 [main] INFO  o.s.c.s.PostProcessorRegistrationDelegate$BeanPostProcessorChecker - Bean 'org.apache.rocketmq.spring.autoconfigure.MessageConverterConfiguration' of type [org.apache.rocketmq.spring.autoconfigure.MessageConverterConfiguration$$SpringCGLIB$$0] is not eligible for getting processed by all BeanPostProcessors (for example: not eligible for auto-proxying)
2025-11-24 21:08:02.126 [main] INFO  o.s.c.s.PostProcessorRegistrationDelegate$BeanPostProcessorChecker - Bean 'createRocketMQMessageConverter' of type [org.apache.rocketmq.spring.support.RocketMQMessageConverter] is not eligible for getting processed by all BeanPostProcessors (for example: not eligible for auto-proxying)
2025-11-24 21:08:02.131 [main] INFO  o.s.c.s.PostProcessorRegistrationDelegate$BeanPostProcessorChecker - Bean 'org.springframework.cloud.commons.config.CommonsConfigAutoConfiguration' of type [org.springframework.cloud.commons.config.CommonsConfigAutoConfiguration] is not eligible for getting processed by all BeanPostProcessors (for example: not eligible for auto-proxying)
2025-11-24 21:08:02.137 [main] INFO  o.s.c.s.PostProcessorRegistrationDelegate$BeanPostProcessorChecker - Bean 'org.springframework.cloud.client.loadbalancer.LoadBalancerDefaultMappingsProviderAutoConfiguration' of type [org.springframework.cloud.client.loadbalancer.LoadBalancerDefaultMappingsProviderAutoConfiguration] is not eligible for getting processed by all BeanPostProcessors (for example: not eligible for auto-proxying)
2025-11-24 21:08:02.139 [main] INFO  o.s.c.s.PostProcessorRegistrationDelegate$BeanPostProcessorChecker - Bean 'loadBalancerClientsDefaultsMappingsProvider' of type [org.springframework.cloud.client.loadbalancer.LoadBalancerDefaultMappingsProviderAutoConfiguration$$Lambda$759/0x000001bf8a6a23d0] is not eligible for getting processed by all BeanPostProcessors (for example: not eligible for auto-proxying)
2025-11-24 21:08:02.143 [main] INFO  o.s.c.s.PostProcessorRegistrationDelegate$BeanPostProcessorChecker - Bean 'defaultsBindHandlerAdvisor' of type [org.springframework.cloud.commons.config.DefaultsBindHandlerAdvisor] is not eligible for getting processed by all BeanPostProcessors (for example: not eligible for auto-proxying)
2025-11-24 21:08:02.156 [main] INFO  o.s.c.s.PostProcessorRegistrationDelegate$BeanPostProcessorChecker - Bean 'rocketmq-org.apache.rocketmq.spring.autoconfigure.RocketMQProperties' of type [org.apache.rocketmq.spring.autoconfigure.RocketMQProperties] is not eligible for getting processed by all BeanPostProcessors (for example: not eligible for auto-proxying)
2025-11-24 21:08:02.157 [main] INFO  o.s.c.s.PostProcessorRegistrationDelegate$BeanPostProcessorChecker - Bean 'org.apache.rocketmq.spring.autoconfigure.ListenerContainerConfiguration' of type [org.apache.rocketmq.spring.autoconfigure.ListenerContainerConfiguration$$SpringCGLIB$$0] is not eligible for getting processed by all BeanPostProcessors (for example: not eligible for auto-proxying)
2025-11-24 21:08:02.714 [main] INFO  o.s.boot.web.embedded.tomcat.TomcatWebServer - Tomcat initialized with port(s): 8087 (http)
2025-11-24 21:08:02.735 [main] INFO  org.apache.catalina.core.StandardService - Starting service [Tomcat]
2025-11-24 21:08:02.735 [main] INFO  org.apache.catalina.core.StandardEngine - Starting Servlet engine: [Apache Tomcat/10.1.5]
2025-11-24 21:08:02.926 [main] INFO  o.a.c.core.ContainerBase.[Tomcat].[localhost].[/] - Initializing Spring embedded WebApplicationContext
2025-11-24 21:08:02.927 [main] INFO  o.s.b.w.s.c.ServletWebServerApplicationContext - Root WebApplicationContext: initialization completed in 4290 ms
2025-11-24 21:08:03.121 [main] INFO  c.a.d.s.b.a.DruidDataSourceAutoConfigure - Init DruidDataSource
2025-11-24 21:08:03.853 [main] INFO  com.alibaba.druid.pool.DruidDataSource - {dataSource-1} inited
2025-11-24 21:08:05.573 [main] INFO  o.a.r.s.autoconfigure.RocketMQAutoConfiguration - a producer (greennote_group) init on namesrv 127.0.0.1:9876
2025-11-24 21:08:06.268 [main] INFO  o.a.r.s.support.DefaultRocketMQListenerContainer - running container: DefaultRocketMQListenerContainer{consumerGroup='greennote_groupFollowUnFollowTopic', namespace='', nameServer='127.0.0.1:9876', topic='FollowUnFollowTopic', consumeMode=ORDERLY, selectorType=TAG, selectorExpression='Follow||UnFollow', messageModel=CLUSTERING', tlsEnable=false, instanceName=DEFAULT}
2025-11-24 21:08:06.269 [main] INFO  o.a.r.s.a.ListenerContainerConfiguration - Register the listener to container, listenerBeanName:followUnfollowConsumer, containerBeanName:org.apache.rocketmq.spring.support.DefaultRocketMQListenerContainer_1
2025-11-24 21:08:06.763 [main] INFO  o.s.cloud.openfeign.FeignClientFactoryBean - For 'GreenNote-user' URL not provided. Will try picking an instance via load-balancing.
2025-11-24 21:08:08.883 [main] INFO  o.s.boot.web.embedded.tomcat.TomcatWebServer - Tomcat started on port(s): 8087 (http) with context path ''
2025-11-24 21:08:08.891 [main] INFO  com.alibaba.nacos.client.naming - initializer namespace from ans.namespace attribute : null
2025-11-24 21:08:08.891 [main] INFO  com.alibaba.nacos.client.naming - initializer namespace from ALIBABA_ALIWARE_NAMESPACE attribute :null
2025-11-24 21:08:08.893 [main] INFO  com.alibaba.nacos.client.naming - initializer namespace from namespace attribute :null
2025-11-24 21:08:08.908 [main] INFO  c.a.n.p.auth.spi.client.ClientAuthPluginManager - [ClientAuthPluginManager] Load ClientAuthService com.alibaba.nacos.client.auth.impl.NacosClientAuthServiceImpl success.
2025-11-24 21:08:08.908 [main] INFO  c.a.n.p.auth.spi.client.ClientAuthPluginManager - [ClientAuthPluginManager] Load ClientAuthService com.alibaba.nacos.client.auth.ram.RamClientAuthServiceImpl success.
2025-11-24 21:08:08.913 [main] INFO  com.alibaba.nacos.common.remote.client - [RpcClientFactory] create a new rpc client of 19f308d3-ad82-4ddf-b205-e5023109bb0e
2025-11-24 21:08:08.917 [main] INFO  com.alibaba.nacos.common.remote.client - [19f308d3-ad82-4ddf-b205-e5023109bb0e] RpcClient init, ServerListFactory = com.alibaba.nacos.client.naming.core.ServerListManager
2025-11-24 21:08:08.917 [main] INFO  com.alibaba.nacos.common.remote.client - [19f308d3-ad82-4ddf-b205-e5023109bb0e] Registry connection listener to current client:com.alibaba.nacos.client.naming.remote.gprc.redo.NamingGrpcRedoService
2025-11-24 21:08:08.918 [main] INFO  com.alibaba.nacos.common.remote.client - [19f308d3-ad82-4ddf-b205-e5023109bb0e] Register server push request handler:com.alibaba.nacos.client.naming.remote.gprc.NamingPushRequestHandler
2025-11-24 21:08:08.919 [main] INFO  com.alibaba.nacos.common.remote.client - [19f308d3-ad82-4ddf-b205-e5023109bb0e] Try to connect to server on start up, server: {serverIp = '127.0.0.1', server main port = 8848}
2025-11-24 21:08:08.919 [main] INFO  c.a.nacos.common.remote.client.grpc.GrpcClient - grpc client connection server:127.0.0.1 ip,serverPort:9848,grpcTslConfig:{"sslProvider":"OPENSSL","enableTls":false,"mutualAuthEnable":false,"trustAll":false}
2025-11-24 21:08:09.038 [main] INFO  com.alibaba.nacos.common.remote.client - [19f308d3-ad82-4ddf-b205-e5023109bb0e] Success to connect to server [127.0.0.1:8848] on start up, connectionId = 1763989688928_127.0.0.1_8312
2025-11-24 21:08:09.038 [main] INFO  com.alibaba.nacos.common.remote.client - [19f308d3-ad82-4ddf-b205-e5023109bb0e] Register server push request handler:com.alibaba.nacos.common.remote.client.RpcClient$ConnectResetRequestHandler
2025-11-24 21:08:09.038 [com.alibaba.nacos.client.remote.worker] INFO  com.alibaba.nacos.common.remote.client - [19f308d3-ad82-4ddf-b205-e5023109bb0e] Notify connected event to listeners.
2025-11-24 21:08:09.038 [main] INFO  com.alibaba.nacos.common.remote.client - [19f308d3-ad82-4ddf-b205-e5023109bb0e] Register server push request handler:com.alibaba.nacos.common.remote.client.RpcClient$$Lambda$605/0x000001bf8a4d58a8
2025-11-24 21:08:09.038 [com.alibaba.nacos.client.remote.worker] INFO  com.alibaba.nacos.client.naming - Grpc connection connect
2025-11-24 21:08:09.039 [main] INFO  com.alibaba.nacos.client.naming - [REGISTER-SERVICE] greennote registering service GreenNote-user-relation with instance Instance{instanceId='null', ip='10.36.15.120', port=8087, weight=1.0, healthy=true, enabled=true, ephemeral=true, clusterName='DEFAULT', serviceName='null', metadata={IPv6=null, preserved.register.source=SPRING_CLOUD}}
2025-11-24 21:08:09.055 [main] INFO  c.a.cloud.nacos.registry.NacosServiceRegistry - nacos registry, DEFAULT_GROUP GreenNote-user-relation 10.36.15.120:8087 register finished
2025-11-24 21:08:09.283 [main] INFO  c.e.g.u.r.biz.GreenNoteUserRelationBizApplication - Started GreenNoteUserRelationBizApplication in 15.445 seconds (process running for 16.407)
2025-11-24 21:08:09.288 [main] INFO  com.alibaba.nacos.client.config.impl.CacheData - nacos.cache.data.init.snapshot = true 
2025-11-24 21:08:09.289 [main] INFO  com.alibaba.nacos.client.config.impl.ClientWorker - [fixed-greennote-127.0.0.1_8848] [subscribe] GreenNote-user-relation-dev.yaml+DEFAULT_GROUP+greennote
2025-11-24 21:08:09.301 [main] INFO  com.alibaba.nacos.client.config.impl.CacheData - [fixed-greennote-127.0.0.1_8848] [add-listener] ok, tenant=greennote, dataId=GreenNote-user-relation-dev.yaml, group=DEFAULT_GROUP, cnt=1
2025-11-24 21:08:09.301 [main] INFO  c.a.cloud.nacos.refresh.NacosContextRefresher - [Nacos Config] Listening config: dataId=GreenNote-user-relation-dev.yaml, group=DEFAULT_GROUP
2025-11-24 21:08:09.301 [main] INFO  com.alibaba.nacos.client.config.impl.ClientWorker - [fixed-greennote-127.0.0.1_8848] [subscribe] GreenNote-user-relation+DEFAULT_GROUP+greennote
2025-11-24 21:08:09.301 [main] INFO  com.alibaba.nacos.client.config.impl.CacheData - [fixed-greennote-127.0.0.1_8848] [add-listener] ok, tenant=greennote, dataId=GreenNote-user-relation, group=DEFAULT_GROUP, cnt=1
2025-11-24 21:08:09.303 [main] INFO  c.a.cloud.nacos.refresh.NacosContextRefresher - [Nacos Config] Listening config: dataId=GreenNote-user-relation, group=DEFAULT_GROUP
2025-11-24 21:08:09.303 [main] INFO  com.alibaba.nacos.client.config.impl.ClientWorker - [fixed-greennote-127.0.0.1_8848] [subscribe] GreenNote-user-relation.yaml+DEFAULT_GROUP+greennote
2025-11-24 21:08:09.303 [main] INFO  com.alibaba.nacos.client.config.impl.CacheData - [fixed-greennote-127.0.0.1_8848] [add-listener] ok, tenant=greennote, dataId=GreenNote-user-relation.yaml, group=DEFAULT_GROUP, cnt=1
2025-11-24 21:08:09.303 [main] INFO  c.a.cloud.nacos.refresh.NacosContextRefresher - [Nacos Config] Listening config: dataId=GreenNote-user-relation.yaml, group=DEFAULT_GROUP
