2026-01-31 00:25:10.432 [http-nio-8082-exec-3] INFO  c.e.f.b.context.filter.HeaderUserId2ContextFilter - ===== 设置 userId 到 ThreadLocal 中， 用户 ID: 3
2026-01-31 00:25:10.617 [http-nio-8082-exec-3] INFO  c.e.f.b.operationlog.aspect.ApiOperationLogAspect - ====== 请求开始: [根据邮箱查询用户信息], 入参: {"email":"songyif@kean.edu"}, 请求类: com.evan.greennote.user.biz.controller.UserController, 请求方法: findByEmail =======
2026-01-31 00:25:10.669 [http-nio-8082-exec-3] DEBUG c.e.g.u.b.domain.mapper.UserDOMapper.selectByEmail - ==>  Preparing: select id, password from t_user where email=?
2026-01-31 00:25:10.683 [http-nio-8082-exec-3] DEBUG c.e.g.u.b.domain.mapper.UserDOMapper.selectByEmail - ==> Parameters: songyif@kean.edu(String)
2026-01-31 00:25:10.747 [http-nio-8082-exec-3] DEBUG c.e.g.u.b.domain.mapper.UserDOMapper.selectByEmail - <==      Total: 1
2026-01-31 00:25:10.748 [http-nio-8082-exec-3] INFO  c.e.f.b.operationlog.aspect.ApiOperationLogAspect - ====== 请求结束: [根据邮箱查询用户信息], 耗时: 132ms, 出参: {"success":true,"message":null,"errorCode":null,"data":{"id":100,"password":"$2a$10$yN7Vi1IB0.PyjPNV33k25eW3tJXNMsctzg3bhrpXwaweZF0Vu7LGi"}}======
2026-01-31 00:25:10.752 [http-nio-8082-exec-3] INFO  c.e.f.b.context.filter.HeaderUserId2ContextFilter - ===== 删除 ThreadLocal， userId: 3
2026-01-31 01:07:14.207 [Thread-10] WARN  c.alibaba.nacos.common.http.HttpClientBeanHolder - [HttpClientBeanHolder] Start destroying common HttpClient
2026-01-31 01:07:14.207 [Thread-7] WARN  com.alibaba.nacos.common.notify.NotifyCenter - [NotifyCenter] Start destroying Publisher
2026-01-31 01:07:14.216 [Thread-7] WARN  com.alibaba.nacos.common.notify.NotifyCenter - [NotifyCenter] Destruction of the end
2026-01-31 01:07:14.231 [Thread-10] WARN  c.alibaba.nacos.common.http.HttpClientBeanHolder - [HttpClientBeanHolder] Destruction of the end
2026-01-31 01:07:14.501 [SpringApplicationShutdownHook] INFO  c.a.cloud.nacos.registry.NacosServiceRegistry - De-registering from Nacos Server now...
2026-01-31 01:07:14.502 [SpringApplicationShutdownHook] INFO  com.alibaba.nacos.client.naming - [DEREGISTER-SERVICE] greennote deregistering service GreenNote-user with instance: Instance{instanceId='null', ip='10.141.154.27', port=8082, weight=1.0, healthy=true, enabled=true, ephemeral=true, clusterName='DEFAULT', serviceName='null', metadata={}}
2026-01-31 01:07:14.514 [SpringApplicationShutdownHook] INFO  c.a.cloud.nacos.registry.NacosServiceRegistry - De-registration finished.
2026-01-31 01:07:14.515 [SpringApplicationShutdownHook] INFO  com.alibaba.nacos.client.naming - com.alibaba.nacos.client.naming.cache.ServiceInfoHolder do shutdown begin
2026-01-31 01:07:14.515 [SpringApplicationShutdownHook] INFO  com.alibaba.nacos.client.naming - com.alibaba.nacos.client.naming.backups.FailoverReactor do shutdown begin
2026-01-31 01:07:14.515 [SpringApplicationShutdownHook] INFO  com.alibaba.nacos.client.naming - com.alibaba.nacos.client.naming.backups.FailoverReactor do shutdown stop
2026-01-31 01:07:14.515 [SpringApplicationShutdownHook] INFO  com.alibaba.nacos.client.naming - com.alibaba.nacos.client.naming.cache.ServiceInfoHolder do shutdown stop
2026-01-31 01:07:14.515 [SpringApplicationShutdownHook] INFO  com.alibaba.nacos.client.naming - com.alibaba.nacos.client.naming.remote.NamingClientProxyDelegate do shutdown begin
2026-01-31 01:07:14.515 [SpringApplicationShutdownHook] INFO  com.alibaba.nacos.client.naming - com.alibaba.nacos.client.naming.core.ServiceInfoUpdateService do shutdown begin
2026-01-31 01:07:14.515 [SpringApplicationShutdownHook] INFO  com.alibaba.nacos.client.naming - com.alibaba.nacos.client.naming.core.ServiceInfoUpdateService do shutdown stop
2026-01-31 01:07:14.516 [SpringApplicationShutdownHook] INFO  com.alibaba.nacos.client.naming - com.alibaba.nacos.client.naming.core.ServerListManager do shutdown begin
2026-01-31 01:07:14.516 [SpringApplicationShutdownHook] WARN  com.alibaba.nacos.client.naming - [NamingHttpClientManager] Start destroying NacosRestTemplate
2026-01-31 01:07:14.516 [SpringApplicationShutdownHook] WARN  com.alibaba.nacos.client.naming - [NamingHttpClientManager] Destruction of the end
2026-01-31 01:07:14.516 [SpringApplicationShutdownHook] INFO  com.alibaba.nacos.client.naming - com.alibaba.nacos.client.naming.core.ServerListManager do shutdown stop
2026-01-31 01:07:14.516 [SpringApplicationShutdownHook] INFO  com.alibaba.nacos.client.naming - com.alibaba.nacos.client.naming.remote.http.NamingHttpClientProxy do shutdown begin
2026-01-31 01:07:14.516 [SpringApplicationShutdownHook] WARN  com.alibaba.nacos.client.naming - [NamingHttpClientManager] Start destroying NacosRestTemplate
2026-01-31 01:07:14.516 [SpringApplicationShutdownHook] WARN  com.alibaba.nacos.client.naming - [NamingHttpClientManager] Destruction of the end
2026-01-31 01:07:14.516 [SpringApplicationShutdownHook] INFO  com.alibaba.nacos.client.naming - com.alibaba.nacos.client.naming.remote.http.NamingHttpClientProxy do shutdown stop
2026-01-31 01:07:14.516 [SpringApplicationShutdownHook] INFO  com.alibaba.nacos.common.remote.client - Shutdown rpc client, set status to shutdown
2026-01-31 01:07:14.516 [SpringApplicationShutdownHook] INFO  com.alibaba.nacos.common.remote.client - Shutdown client event executor java.util.concurrent.ScheduledThreadPoolExecutor@5219b6d8[Running, pool size = 2, active threads = 2, queued tasks = 0, completed tasks = 0]
2026-01-31 01:07:14.516 [SpringApplicationShutdownHook] INFO  com.alibaba.nacos.common.remote.client - Close current connection 1769832271268_127.0.0.1_43427
2026-01-31 01:07:14.521 [nacos-grpc-client-executor-127.0.0.1-2237] INFO  c.a.nacos.common.remote.client.grpc.GrpcClient - [1769832271268_127.0.0.1_43427]Ignore complete event,isRunning:false,isAbandon=false
2026-01-31 01:07:14.527 [SpringApplicationShutdownHook] INFO  c.a.nacos.common.remote.client.grpc.GrpcClient - Shutdown grpc executor java.util.concurrent.ThreadPoolExecutor@b630e5f[Running, pool size = 4, active threads = 0, queued tasks = 0, completed tasks = 2238]
2026-01-31 01:07:14.527 [SpringApplicationShutdownHook] INFO  com.alibaba.nacos.client.naming - Shutdown grpc redo service executor java.util.concurrent.ScheduledThreadPoolExecutor@1e16e8f3[Running, pool size = 1, active threads = 0, queued tasks = 1, completed tasks = 3644]
2026-01-31 01:07:14.527 [SpringApplicationShutdownHook] INFO  c.a.n.client.auth.ram.identify.CredentialWatcher - [null] CredentialWatcher is stopped
2026-01-31 01:07:14.527 [SpringApplicationShutdownHook] INFO  c.a.n.client.auth.ram.identify.CredentialService - [null] CredentialService is freed
2026-01-31 01:07:14.527 [SpringApplicationShutdownHook] INFO  com.alibaba.nacos.client.naming - com.alibaba.nacos.client.naming.remote.NamingClientProxyDelegate do shutdown stop
2026-01-31 01:07:14.703 [SpringApplicationShutdownHook] INFO  com.alibaba.druid.pool.DruidDataSource - {dataSource-1} closing ...
2026-01-31 01:07:14.706 [SpringApplicationShutdownHook] INFO  com.alibaba.druid.pool.DruidDataSource - {dataSource-1} closed
2026-01-31 13:02:08.266 [main] WARN  com.alibaba.nacos.client.logging.NacosLogging - Load Logback Configuration of Nacos fail, message: Could not initialize Logback Nacos logging from classpath:nacos-logback.xml
2026-01-31 13:02:08.339 [main] WARN  com.alibaba.nacos.client.logging.NacosLogging - Load Logback Configuration of Nacos fail, message: Could not initialize Logback Nacos logging from classpath:nacos-logback.xml
2026-01-31 13:02:09.112 [main] WARN  com.alibaba.nacos.client.logging.NacosLogging - Load Logback Configuration of Nacos fail, message: Could not initialize Logback Nacos logging from classpath:nacos-logback.xml
2026-01-31 13:02:09.131 [main] WARN  com.alibaba.nacos.client.logging.NacosLogging - Load Logback Configuration of Nacos fail, message: Could not initialize Logback Nacos logging from classpath:nacos-logback.xml
2026-01-31 13:02:09.132 [main] INFO  c.e.greennote.user.biz.GreenNoteUserBizApplication - The following 1 profile is active: "dev"
2026-01-31 13:02:10.050 [main] INFO  o.s.d.r.config.RepositoryConfigurationDelegate - Multiple Spring Data modules found, entering strict repository configuration mode
2026-01-31 13:02:10.056 [main] INFO  o.s.d.r.config.RepositoryConfigurationDelegate - Bootstrapping Spring Data Redis repositories in DEFAULT mode.
2026-01-31 13:02:10.098 [main] INFO  o.s.d.r.config.RepositoryConfigurationDelegate - Finished Spring Data repository scanning in 18 ms. Found 0 Redis repository interfaces.
2026-01-31 13:02:10.428 [main] INFO  o.springframework.cloud.context.scope.GenericScope - BeanFactory id=8fd70690-bb36-39a2-9335-37a4876a5f3c
2026-01-31 13:02:10.469 [main] INFO  o.s.c.s.PostProcessorRegistrationDelegate$BeanPostProcessorChecker - Bean 'com.evan.greennote.search.api.FileFeignApi' of type [org.springframework.cloud.openfeign.FeignClientFactoryBean] is not eligible for getting processed by all BeanPostProcessors (for example: not eligible for auto-proxying)
2026-01-31 13:02:10.472 [main] INFO  o.s.c.s.PostProcessorRegistrationDelegate$BeanPostProcessorChecker - Bean 'com.evan.greennote.user.api.UserFeignApi' of type [org.springframework.cloud.openfeign.FeignClientFactoryBean] is not eligible for getting processed by all BeanPostProcessors (for example: not eligible for auto-proxying)
2026-01-31 13:02:10.473 [main] INFO  o.s.c.s.PostProcessorRegistrationDelegate$BeanPostProcessorChecker - Bean 'com.evan.greennote.distributed.id.generator.api.DistributedIdGeneratorFeignApi' of type [org.springframework.cloud.openfeign.FeignClientFactoryBean] is not eligible for getting processed by all BeanPostProcessors (for example: not eligible for auto-proxying)
2026-01-31 13:02:11.250 [main] INFO  o.s.boot.web.embedded.tomcat.TomcatWebServer - Tomcat initialized with port(s): 8082 (http)
2026-01-31 13:02:11.265 [main] INFO  org.apache.catalina.core.StandardService - Starting service [Tomcat]
2026-01-31 13:02:11.265 [main] INFO  org.apache.catalina.core.StandardEngine - Starting Servlet engine: [Apache Tomcat/10.1.5]
2026-01-31 13:02:11.439 [main] INFO  o.a.c.core.ContainerBase.[Tomcat].[localhost].[/] - Initializing Spring embedded WebApplicationContext
2026-01-31 13:02:11.440 [main] INFO  o.s.b.w.s.c.ServletWebServerApplicationContext - Root WebApplicationContext: initialization completed in 2277 ms
2026-01-31 13:02:11.647 [main] INFO  c.a.d.s.b.a.DruidDataSourceAutoConfigure - Init DruidDataSource
2026-01-31 13:02:12.085 [main] INFO  com.alibaba.druid.pool.DruidDataSource - {dataSource-1} inited
2026-01-31 13:02:12.540 [main] INFO  o.s.cloud.openfeign.FeignClientFactoryBean - For 'GreenNote-oss' URL not provided. Will try picking an instance via load-balancing.
2026-01-31 13:02:13.125 [main] INFO  o.s.cloud.openfeign.FeignClientFactoryBean - For 'GreenNote-distributed-id-generator' URL not provided. Will try picking an instance via load-balancing.
2026-01-31 13:02:14.350 [main] INFO  o.s.boot.web.embedded.tomcat.TomcatWebServer - Tomcat started on port(s): 8082 (http) with context path ''
2026-01-31 13:02:14.360 [main] WARN  com.alibaba.nacos.client.logging.NacosLogging - Load Logback Configuration of Nacos fail, message: Could not initialize Logback Nacos logging from classpath:nacos-logback.xml
2026-01-31 13:02:14.361 [main] INFO  com.alibaba.nacos.client.naming - initializer namespace from ans.namespace attribute : null
2026-01-31 13:02:14.361 [main] INFO  com.alibaba.nacos.client.naming - initializer namespace from ALIBABA_ALIWARE_NAMESPACE attribute :null
2026-01-31 13:02:14.363 [main] INFO  com.alibaba.nacos.client.naming - initializer namespace from namespace attribute :null
2026-01-31 13:02:14.409 [main] INFO  com.alibaba.nacos.client.utils.ParamUtil - [settings] [req-serv] nacos-server port:8848
2026-01-31 13:02:14.410 [main] INFO  com.alibaba.nacos.client.utils.ParamUtil - [settings] [http-client] connect timeout:1000
2026-01-31 13:02:14.411 [main] INFO  com.alibaba.nacos.client.utils.ParamUtil - PER_TASK_CONFIG_SIZE: 3000.0
2026-01-31 13:02:14.417 [main] INFO  c.a.n.p.auth.spi.client.ClientAuthPluginManager - [ClientAuthPluginManager] Load ClientAuthService com.alibaba.nacos.client.auth.impl.NacosClientAuthServiceImpl success.
2026-01-31 13:02:14.418 [main] INFO  c.a.n.p.auth.spi.client.ClientAuthPluginManager - [ClientAuthPluginManager] Load ClientAuthService com.alibaba.nacos.client.auth.ram.RamClientAuthServiceImpl success.
2026-01-31 13:02:14.423 [main] INFO  c.a.n.client.auth.ram.identify.CredentialWatcher - null No credential found
2026-01-31 13:02:14.437 [main] INFO  com.alibaba.nacos.common.remote.client - [RpcClientFactory] create a new rpc client of 05f778fe-034a-4a73-87cd-9a5931a06a99
2026-01-31 13:02:14.467 [main] INFO  com.alibaba.nacos.common.remote.client - [05f778fe-034a-4a73-87cd-9a5931a06a99] RpcClient init, ServerListFactory = com.alibaba.nacos.client.naming.core.ServerListManager
2026-01-31 13:02:14.467 [main] INFO  com.alibaba.nacos.common.remote.client - [05f778fe-034a-4a73-87cd-9a5931a06a99] Registry connection listener to current client:com.alibaba.nacos.client.naming.remote.gprc.redo.NamingGrpcRedoService
2026-01-31 13:02:14.468 [main] INFO  com.alibaba.nacos.common.remote.client - [05f778fe-034a-4a73-87cd-9a5931a06a99] Register server push request handler:com.alibaba.nacos.client.naming.remote.gprc.NamingPushRequestHandler
2026-01-31 13:02:14.471 [main] INFO  com.alibaba.nacos.common.remote.client - [05f778fe-034a-4a73-87cd-9a5931a06a99] Try to connect to server on start up, server: {serverIp = '127.0.0.1', server main port = 8848}
2026-01-31 13:02:14.539 [main] INFO  c.a.nacos.common.remote.client.grpc.GrpcClient - grpc client connection server:127.0.0.1 ip,serverPort:9848,grpcTslConfig:{"sslProvider":"OPENSSL","enableTls":false,"mutualAuthEnable":false,"trustAll":false}
2026-01-31 13:02:15.534 [main] INFO  com.alibaba.nacos.common.remote.client - [05f778fe-034a-4a73-87cd-9a5931a06a99] Success to connect to server [127.0.0.1:8848] on start up, connectionId = 1769886135297_127.0.0.1_50240
2026-01-31 13:02:15.534 [com.alibaba.nacos.client.remote.worker] INFO  com.alibaba.nacos.common.remote.client - [05f778fe-034a-4a73-87cd-9a5931a06a99] Notify connected event to listeners.
2026-01-31 13:02:15.535 [com.alibaba.nacos.client.remote.worker] INFO  com.alibaba.nacos.client.naming - Grpc connection connect
2026-01-31 13:02:15.535 [main] INFO  com.alibaba.nacos.common.remote.client - [05f778fe-034a-4a73-87cd-9a5931a06a99] Register server push request handler:com.alibaba.nacos.common.remote.client.RpcClient$ConnectResetRequestHandler
2026-01-31 13:02:15.535 [main] INFO  com.alibaba.nacos.common.remote.client - [05f778fe-034a-4a73-87cd-9a5931a06a99] Register server push request handler:com.alibaba.nacos.common.remote.client.RpcClient$$Lambda$1265/0x000001a42b904ac8
2026-01-31 13:02:15.537 [main] INFO  com.alibaba.nacos.client.naming - [REGISTER-SERVICE] greennote registering service GreenNote-user with instance Instance{instanceId='null', ip='10.141.50.251', port=8082, weight=1.0, healthy=true, enabled=true, ephemeral=true, clusterName='DEFAULT', serviceName='null', metadata={IPv6=null, preserved.register.source=SPRING_CLOUD}}
2026-01-31 13:02:15.558 [main] INFO  c.a.cloud.nacos.registry.NacosServiceRegistry - nacos registry, DEFAULT_GROUP GreenNote-user 10.141.50.251:8082 register finished
2026-01-31 13:02:15.724 [main] INFO  c.e.greennote.user.biz.GreenNoteUserBizApplication - Started GreenNoteUserBizApplication in 8.177 seconds (process running for 8.744)
2026-01-31 13:02:15.725 [main] INFO  c.e.g.u.biz.runner.PushRolePermissions2RedisRunner - ==> 服务启动，开始同步角色权限数据到redis中...
2026-01-31 13:02:16.347 [main] WARN  c.e.g.u.biz.runner.PushRolePermissions2RedisRunner - ==> 角色权限数据已经同步至 Redis 中，不再同步...
2026-01-31 16:03:16.366 [Thread-10] WARN  c.alibaba.nacos.common.http.HttpClientBeanHolder - [HttpClientBeanHolder] Start destroying common HttpClient
2026-01-31 16:03:16.366 [Thread-7] WARN  com.alibaba.nacos.common.notify.NotifyCenter - [NotifyCenter] Start destroying Publisher
2026-01-31 16:03:16.369 [Thread-7] WARN  com.alibaba.nacos.common.notify.NotifyCenter - [NotifyCenter] Destruction of the end
2026-01-31 16:03:16.371 [Thread-10] WARN  c.alibaba.nacos.common.http.HttpClientBeanHolder - [HttpClientBeanHolder] Destruction of the end
2026-01-31 16:03:16.468 [SpringApplicationShutdownHook] INFO  c.a.cloud.nacos.registry.NacosServiceRegistry - De-registering from Nacos Server now...
2026-01-31 16:03:16.468 [SpringApplicationShutdownHook] INFO  com.alibaba.nacos.client.naming - [DEREGISTER-SERVICE] greennote deregistering service GreenNote-user with instance: Instance{instanceId='null', ip='10.141.50.251', port=8082, weight=1.0, healthy=true, enabled=true, ephemeral=true, clusterName='DEFAULT', serviceName='null', metadata={}}
2026-01-31 16:03:16.473 [SpringApplicationShutdownHook] INFO  c.a.cloud.nacos.registry.NacosServiceRegistry - De-registration finished.
2026-01-31 16:03:16.474 [SpringApplicationShutdownHook] INFO  com.alibaba.nacos.client.naming - com.alibaba.nacos.client.naming.cache.ServiceInfoHolder do shutdown begin
2026-01-31 16:03:16.474 [SpringApplicationShutdownHook] INFO  com.alibaba.nacos.client.naming - com.alibaba.nacos.client.naming.backups.FailoverReactor do shutdown begin
2026-01-31 16:03:16.474 [SpringApplicationShutdownHook] INFO  com.alibaba.nacos.client.naming - com.alibaba.nacos.client.naming.backups.FailoverReactor do shutdown stop
2026-01-31 16:03:16.474 [SpringApplicationShutdownHook] INFO  com.alibaba.nacos.client.naming - com.alibaba.nacos.client.naming.cache.ServiceInfoHolder do shutdown stop
2026-01-31 16:03:16.474 [SpringApplicationShutdownHook] INFO  com.alibaba.nacos.client.naming - com.alibaba.nacos.client.naming.remote.NamingClientProxyDelegate do shutdown begin
2026-01-31 16:03:16.474 [SpringApplicationShutdownHook] INFO  com.alibaba.nacos.client.naming - com.alibaba.nacos.client.naming.core.ServiceInfoUpdateService do shutdown begin
2026-01-31 16:03:16.474 [SpringApplicationShutdownHook] INFO  com.alibaba.nacos.client.naming - com.alibaba.nacos.client.naming.core.ServiceInfoUpdateService do shutdown stop
2026-01-31 16:03:16.474 [SpringApplicationShutdownHook] INFO  com.alibaba.nacos.client.naming - com.alibaba.nacos.client.naming.core.ServerListManager do shutdown begin
2026-01-31 16:03:16.474 [SpringApplicationShutdownHook] WARN  com.alibaba.nacos.client.naming - [NamingHttpClientManager] Start destroying NacosRestTemplate
2026-01-31 16:03:16.474 [SpringApplicationShutdownHook] WARN  com.alibaba.nacos.client.naming - [NamingHttpClientManager] Destruction of the end
2026-01-31 16:03:16.474 [SpringApplicationShutdownHook] INFO  com.alibaba.nacos.client.naming - com.alibaba.nacos.client.naming.core.ServerListManager do shutdown stop
2026-01-31 16:03:16.474 [SpringApplicationShutdownHook] INFO  com.alibaba.nacos.client.naming - com.alibaba.nacos.client.naming.remote.http.NamingHttpClientProxy do shutdown begin
2026-01-31 16:03:16.474 [SpringApplicationShutdownHook] WARN  com.alibaba.nacos.client.naming - [NamingHttpClientManager] Start destroying NacosRestTemplate
2026-01-31 16:03:16.474 [SpringApplicationShutdownHook] WARN  com.alibaba.nacos.client.naming - [NamingHttpClientManager] Destruction of the end
2026-01-31 16:03:16.475 [SpringApplicationShutdownHook] INFO  com.alibaba.nacos.client.naming - com.alibaba.nacos.client.naming.remote.http.NamingHttpClientProxy do shutdown stop
2026-01-31 16:03:16.475 [SpringApplicationShutdownHook] INFO  com.alibaba.nacos.common.remote.client - Shutdown rpc client, set status to shutdown
2026-01-31 16:03:16.475 [SpringApplicationShutdownHook] INFO  com.alibaba.nacos.common.remote.client - Shutdown client event executor java.util.concurrent.ScheduledThreadPoolExecutor@3240f930[Running, pool size = 2, active threads = 2, queued tasks = 0, completed tasks = 0]
2026-01-31 16:03:16.475 [SpringApplicationShutdownHook] INFO  com.alibaba.nacos.common.remote.client - Close current connection 1769886135297_127.0.0.1_50240
2026-01-31 16:03:16.476 [nacos-grpc-client-executor-127.0.0.1-2208] INFO  c.a.nacos.common.remote.client.grpc.GrpcClient - [1769886135297_127.0.0.1_50240]Ignore complete event,isRunning:false,isAbandon=false
2026-01-31 16:03:16.478 [SpringApplicationShutdownHook] INFO  c.a.nacos.common.remote.client.grpc.GrpcClient - Shutdown grpc executor java.util.concurrent.ThreadPoolExecutor@dd2876[Running, pool size = 4, active threads = 0, queued tasks = 0, completed tasks = 2209]
2026-01-31 16:03:16.478 [SpringApplicationShutdownHook] INFO  com.alibaba.nacos.client.naming - Shutdown grpc redo service executor java.util.concurrent.ScheduledThreadPoolExecutor@336843fc[Running, pool size = 1, active threads = 0, queued tasks = 1, completed tasks = 3611]
2026-01-31 16:03:16.479 [SpringApplicationShutdownHook] INFO  c.a.n.client.auth.ram.identify.CredentialWatcher - [null] CredentialWatcher is stopped
2026-01-31 16:03:16.479 [SpringApplicationShutdownHook] INFO  c.a.n.client.auth.ram.identify.CredentialService - [null] CredentialService is freed
2026-01-31 16:03:16.479 [SpringApplicationShutdownHook] INFO  com.alibaba.nacos.client.naming - com.alibaba.nacos.client.naming.remote.NamingClientProxyDelegate do shutdown stop
2026-01-31 16:03:16.611 [SpringApplicationShutdownHook] INFO  com.alibaba.druid.pool.DruidDataSource - {dataSource-1} closing ...
2026-01-31 16:03:16.613 [SpringApplicationShutdownHook] INFO  com.alibaba.druid.pool.DruidDataSource - {dataSource-1} closed
2026-01-31 16:03:19.760 [main] WARN  com.alibaba.nacos.client.logging.NacosLogging - Load Logback Configuration of Nacos fail, message: Could not initialize Logback Nacos logging from classpath:nacos-logback.xml
2026-01-31 16:03:19.816 [main] WARN  com.alibaba.nacos.client.logging.NacosLogging - Load Logback Configuration of Nacos fail, message: Could not initialize Logback Nacos logging from classpath:nacos-logback.xml
2026-01-31 16:03:20.280 [main] WARN  com.alibaba.nacos.client.logging.NacosLogging - Load Logback Configuration of Nacos fail, message: Could not initialize Logback Nacos logging from classpath:nacos-logback.xml
2026-01-31 16:03:20.291 [main] WARN  com.alibaba.nacos.client.logging.NacosLogging - Load Logback Configuration of Nacos fail, message: Could not initialize Logback Nacos logging from classpath:nacos-logback.xml
2026-01-31 16:03:20.292 [main] INFO  c.e.greennote.user.biz.GreenNoteUserBizApplication - The following 1 profile is active: "dev"
2026-01-31 16:03:20.848 [main] INFO  o.s.d.r.config.RepositoryConfigurationDelegate - Multiple Spring Data modules found, entering strict repository configuration mode
2026-01-31 16:03:20.851 [main] INFO  o.s.d.r.config.RepositoryConfigurationDelegate - Bootstrapping Spring Data Redis repositories in DEFAULT mode.
2026-01-31 16:03:20.876 [main] INFO  o.s.d.r.config.RepositoryConfigurationDelegate - Finished Spring Data repository scanning in 8 ms. Found 0 Redis repository interfaces.
2026-01-31 16:03:21.123 [main] INFO  o.springframework.cloud.context.scope.GenericScope - BeanFactory id=8fd70690-bb36-39a2-9335-37a4876a5f3c
2026-01-31 16:03:21.151 [main] INFO  o.s.c.s.PostProcessorRegistrationDelegate$BeanPostProcessorChecker - Bean 'com.evan.greennote.search.api.FileFeignApi' of type [org.springframework.cloud.openfeign.FeignClientFactoryBean] is not eligible for getting processed by all BeanPostProcessors (for example: not eligible for auto-proxying)
2026-01-31 16:03:21.152 [main] INFO  o.s.c.s.PostProcessorRegistrationDelegate$BeanPostProcessorChecker - Bean 'com.evan.greennote.user.api.UserFeignApi' of type [org.springframework.cloud.openfeign.FeignClientFactoryBean] is not eligible for getting processed by all BeanPostProcessors (for example: not eligible for auto-proxying)
2026-01-31 16:03:21.154 [main] INFO  o.s.c.s.PostProcessorRegistrationDelegate$BeanPostProcessorChecker - Bean 'com.evan.greennote.distributed.id.generator.api.DistributedIdGeneratorFeignApi' of type [org.springframework.cloud.openfeign.FeignClientFactoryBean] is not eligible for getting processed by all BeanPostProcessors (for example: not eligible for auto-proxying)
2026-01-31 16:03:21.589 [main] INFO  o.s.boot.web.embedded.tomcat.TomcatWebServer - Tomcat initialized with port(s): 8082 (http)
2026-01-31 16:03:21.599 [main] INFO  org.apache.catalina.core.StandardService - Starting service [Tomcat]
2026-01-31 16:03:21.599 [main] INFO  org.apache.catalina.core.StandardEngine - Starting Servlet engine: [Apache Tomcat/10.1.5]
2026-01-31 16:03:21.677 [main] INFO  o.a.c.core.ContainerBase.[Tomcat].[localhost].[/] - Initializing Spring embedded WebApplicationContext
2026-01-31 16:03:21.677 [main] INFO  o.s.b.w.s.c.ServletWebServerApplicationContext - Root WebApplicationContext: initialization completed in 1374 ms
2026-01-31 16:03:21.777 [main] INFO  c.a.d.s.b.a.DruidDataSourceAutoConfigure - Init DruidDataSource
2026-01-31 16:03:22.018 [main] INFO  com.alibaba.druid.pool.DruidDataSource - {dataSource-1} inited
2026-01-31 16:03:22.276 [main] INFO  o.s.cloud.openfeign.FeignClientFactoryBean - For 'GreenNote-oss' URL not provided. Will try picking an instance via load-balancing.
2026-01-31 16:03:22.553 [main] INFO  o.s.cloud.openfeign.FeignClientFactoryBean - For 'GreenNote-distributed-id-generator' URL not provided. Will try picking an instance via load-balancing.
2026-01-31 16:03:23.237 [main] INFO  o.s.boot.web.embedded.tomcat.TomcatWebServer - Tomcat started on port(s): 8082 (http) with context path ''
2026-01-31 16:03:23.242 [main] WARN  com.alibaba.nacos.client.logging.NacosLogging - Load Logback Configuration of Nacos fail, message: Could not initialize Logback Nacos logging from classpath:nacos-logback.xml
2026-01-31 16:03:23.242 [main] INFO  com.alibaba.nacos.client.naming - initializer namespace from ans.namespace attribute : null
2026-01-31 16:03:23.243 [main] INFO  com.alibaba.nacos.client.naming - initializer namespace from ALIBABA_ALIWARE_NAMESPACE attribute :null
2026-01-31 16:03:23.243 [main] INFO  com.alibaba.nacos.client.naming - initializer namespace from namespace attribute :null
2026-01-31 16:03:23.262 [main] INFO  com.alibaba.nacos.client.utils.ParamUtil - [settings] [req-serv] nacos-server port:8848
2026-01-31 16:03:23.263 [main] INFO  com.alibaba.nacos.client.utils.ParamUtil - [settings] [http-client] connect timeout:1000
2026-01-31 16:03:23.264 [main] INFO  com.alibaba.nacos.client.utils.ParamUtil - PER_TASK_CONFIG_SIZE: 3000.0
2026-01-31 16:03:23.267 [main] INFO  c.a.n.p.auth.spi.client.ClientAuthPluginManager - [ClientAuthPluginManager] Load ClientAuthService com.alibaba.nacos.client.auth.impl.NacosClientAuthServiceImpl success.
2026-01-31 16:03:23.267 [main] INFO  c.a.n.p.auth.spi.client.ClientAuthPluginManager - [ClientAuthPluginManager] Load ClientAuthService com.alibaba.nacos.client.auth.ram.RamClientAuthServiceImpl success.
2026-01-31 16:03:23.268 [main] INFO  c.a.n.client.auth.ram.identify.CredentialWatcher - null No credential found
2026-01-31 16:03:23.275 [main] INFO  com.alibaba.nacos.common.remote.client - [RpcClientFactory] create a new rpc client of 41e6d588-3ae4-4011-b02a-2a0c97e34ba5
2026-01-31 16:03:23.291 [main] INFO  com.alibaba.nacos.common.remote.client - [41e6d588-3ae4-4011-b02a-2a0c97e34ba5] RpcClient init, ServerListFactory = com.alibaba.nacos.client.naming.core.ServerListManager
2026-01-31 16:03:23.291 [main] INFO  com.alibaba.nacos.common.remote.client - [41e6d588-3ae4-4011-b02a-2a0c97e34ba5] Registry connection listener to current client:com.alibaba.nacos.client.naming.remote.gprc.redo.NamingGrpcRedoService
2026-01-31 16:03:23.292 [main] INFO  com.alibaba.nacos.common.remote.client - [41e6d588-3ae4-4011-b02a-2a0c97e34ba5] Register server push request handler:com.alibaba.nacos.client.naming.remote.gprc.NamingPushRequestHandler
2026-01-31 16:03:23.294 [main] INFO  com.alibaba.nacos.common.remote.client - [41e6d588-3ae4-4011-b02a-2a0c97e34ba5] Try to connect to server on start up, server: {serverIp = '127.0.0.1', server main port = 8848}
2026-01-31 16:03:23.327 [main] INFO  c.a.nacos.common.remote.client.grpc.GrpcClient - grpc client connection server:127.0.0.1 ip,serverPort:9848,grpcTslConfig:{"sslProvider":"OPENSSL","enableTls":false,"mutualAuthEnable":false,"trustAll":false}
2026-01-31 16:03:24.031 [main] INFO  com.alibaba.nacos.common.remote.client - [41e6d588-3ae4-4011-b02a-2a0c97e34ba5] Success to connect to server [127.0.0.1:8848] on start up, connectionId = 1769897003852_127.0.0.1_1302
2026-01-31 16:03:24.031 [com.alibaba.nacos.client.remote.worker] INFO  com.alibaba.nacos.common.remote.client - [41e6d588-3ae4-4011-b02a-2a0c97e34ba5] Notify connected event to listeners.
2026-01-31 16:03:24.032 [com.alibaba.nacos.client.remote.worker] INFO  com.alibaba.nacos.client.naming - Grpc connection connect
2026-01-31 16:03:24.032 [main] INFO  com.alibaba.nacos.common.remote.client - [41e6d588-3ae4-4011-b02a-2a0c97e34ba5] Register server push request handler:com.alibaba.nacos.common.remote.client.RpcClient$ConnectResetRequestHandler
2026-01-31 16:03:24.032 [main] INFO  com.alibaba.nacos.common.remote.client - [41e6d588-3ae4-4011-b02a-2a0c97e34ba5] Register server push request handler:com.alibaba.nacos.common.remote.client.RpcClient$$Lambda$1265/0x0000016b81902510
2026-01-31 16:03:24.033 [main] INFO  com.alibaba.nacos.client.naming - [REGISTER-SERVICE] greennote registering service GreenNote-user with instance Instance{instanceId='null', ip='10.141.50.251', port=8082, weight=1.0, healthy=true, enabled=true, ephemeral=true, clusterName='DEFAULT', serviceName='null', metadata={IPv6=null, preserved.register.source=SPRING_CLOUD}}
2026-01-31 16:03:24.043 [main] INFO  c.a.cloud.nacos.registry.NacosServiceRegistry - nacos registry, DEFAULT_GROUP GreenNote-user 10.141.50.251:8082 register finished
2026-01-31 16:03:24.133 [main] INFO  c.e.greennote.user.biz.GreenNoteUserBizApplication - Started GreenNoteUserBizApplication in 4.98 seconds (process running for 5.435)
2026-01-31 16:03:24.134 [main] INFO  c.e.g.u.biz.runner.PushRolePermissions2RedisRunner - ==> 服务启动，开始同步角色权限数据到redis中...
2026-01-31 16:03:24.460 [main] WARN  c.e.g.u.biz.runner.PushRolePermissions2RedisRunner - ==> 角色权限数据已经同步至 Redis 中，不再同步...
2026-01-31 16:03:54.474 [http-nio-8082-exec-1] INFO  o.a.c.core.ContainerBase.[Tomcat].[localhost].[/] - Initializing Spring DispatcherServlet 'dispatcherServlet'
2026-01-31 16:03:54.474 [http-nio-8082-exec-1] INFO  org.springframework.web.servlet.DispatcherServlet - Initializing Servlet 'dispatcherServlet'
2026-01-31 16:03:54.475 [http-nio-8082-exec-1] INFO  org.springframework.web.servlet.DispatcherServlet - Completed initialization in 1 ms
2026-01-31 16:03:54.561 [http-nio-8082-exec-1] INFO  c.e.f.b.operationlog.aspect.ApiOperationLogAspect - ====== 请求开始: [根据id批量查询用户信息], 入参: {"ids":[100]}, 请求类: com.evan.greennote.user.biz.controller.UserController, 请求方法: findByIds =======
2026-01-31 16:03:54.606 [http-nio-8082-exec-1] DEBUG c.e.g.u.biz.domain.mapper.UserDOMapper.selectByIds - ==>  Preparing: select id, nickname, avatar, introduction from t_user where status=0 and is_deleted=0 and id in ( ? )
2026-01-31 16:03:54.726 [http-nio-8082-exec-1] DEBUG c.e.g.u.biz.domain.mapper.UserDOMapper.selectByIds - ==> Parameters: 100(Long)
2026-01-31 16:03:54.742 [http-nio-8082-exec-1] DEBUG c.e.g.u.biz.domain.mapper.UserDOMapper.selectByIds - <==      Total: 1
2026-01-31 16:03:54.747 [http-nio-8082-exec-1] INFO  c.e.f.b.operationlog.aspect.ApiOperationLogAspect - ====== 请求结束: [根据id批量查询用户信息], 耗时: 186ms, 出参: {"success":true,"message":null,"errorCode":null,"data":[{"id":100,"nickname":"小绿书12100","avatar":null,"introduction":null}]}======
2026-01-31 16:44:30.714 [http-nio-8082-exec-3] INFO  c.e.f.b.operationlog.aspect.ApiOperationLogAspect - ====== 请求开始: [根据id批量查询用户信息], 入参: {"ids":[100]}, 请求类: com.evan.greennote.user.biz.controller.UserController, 请求方法: findByIds =======
2026-01-31 16:44:30.731 [http-nio-8082-exec-3] INFO  c.e.f.b.operationlog.aspect.ApiOperationLogAspect - ====== 请求结束: [根据id批量查询用户信息], 耗时: 18ms, 出参: {"success":true,"message":null,"errorCode":null,"data":[{"id":100,"nickname":"小绿书12100","avatar":null,"introduction":null}]}======
