2026-02-04 19:34:33.905 [main] WARN  com.alibaba.nacos.client.logging.NacosLogging - Load Logback Configuration of Nacos fail, message: Could not initialize Logback Nacos logging from classpath:nacos-logback.xml
2026-02-04 19:34:34.006 [main] WARN  com.alibaba.nacos.client.logging.NacosLogging - Load Logback Configuration of Nacos fail, message: Could not initialize Logback Nacos logging from classpath:nacos-logback.xml
2026-02-04 19:34:34.981 [main] WARN  com.alibaba.nacos.client.logging.NacosLogging - Load Logback Configuration of Nacos fail, message: Could not initialize Logback Nacos logging from classpath:nacos-logback.xml
2026-02-04 19:34:35.007 [main] WARN  com.alibaba.nacos.client.logging.NacosLogging - Load Logback Configuration of Nacos fail, message: Could not initialize Logback Nacos logging from classpath:nacos-logback.xml
2026-02-04 19:34:35.008 [main] INFO  c.e.greennote.user.biz.GreenNoteUserBizApplication - The following 1 profile is active: "dev"
2026-02-04 19:34:36.352 [main] INFO  o.s.d.r.config.RepositoryConfigurationDelegate - Multiple Spring Data modules found, entering strict repository configuration mode
2026-02-04 19:34:36.360 [main] INFO  o.s.d.r.config.RepositoryConfigurationDelegate - Bootstrapping Spring Data Redis repositories in DEFAULT mode.
2026-02-04 19:34:36.414 [main] INFO  o.s.d.r.config.RepositoryConfigurationDelegate - Finished Spring Data repository scanning in 22 ms. Found 0 Redis repository interfaces.
2026-02-04 19:34:36.930 [main] INFO  o.springframework.cloud.context.scope.GenericScope - BeanFactory id=09e9c1e0-b7be-33b6-b373-14c7587b51a5
2026-02-04 19:34:37.003 [main] INFO  o.s.c.s.PostProcessorRegistrationDelegate$BeanPostProcessorChecker - Bean 'com.evan.greennote.search.api.FileFeignApi' of type [org.springframework.cloud.openfeign.FeignClientFactoryBean] is not eligible for getting processed by all BeanPostProcessors (for example: not eligible for auto-proxying)
2026-02-04 19:34:37.007 [main] INFO  o.s.c.s.PostProcessorRegistrationDelegate$BeanPostProcessorChecker - Bean 'com.evan.greennote.user.api.UserFeignApi' of type [org.springframework.cloud.openfeign.FeignClientFactoryBean] is not eligible for getting processed by all BeanPostProcessors (for example: not eligible for auto-proxying)
2026-02-04 19:34:37.011 [main] INFO  o.s.c.s.PostProcessorRegistrationDelegate$BeanPostProcessorChecker - Bean 'com.evan.greennote.distributed.id.generator.api.DistributedIdGeneratorFeignApi' of type [org.springframework.cloud.openfeign.FeignClientFactoryBean] is not eligible for getting processed by all BeanPostProcessors (for example: not eligible for auto-proxying)
2026-02-04 19:34:37.919 [main] INFO  o.s.boot.web.embedded.tomcat.TomcatWebServer - Tomcat initialized with port(s): 8082 (http)
2026-02-04 19:34:37.940 [main] INFO  org.apache.catalina.core.StandardService - Starting service [Tomcat]
2026-02-04 19:34:37.941 [main] INFO  org.apache.catalina.core.StandardEngine - Starting Servlet engine: [Apache Tomcat/10.1.5]
2026-02-04 19:34:38.130 [main] INFO  o.a.c.core.ContainerBase.[Tomcat].[localhost].[/] - Initializing Spring embedded WebApplicationContext
2026-02-04 19:34:38.130 [main] INFO  o.s.b.w.s.c.ServletWebServerApplicationContext - Root WebApplicationContext: initialization completed in 3086 ms
2026-02-04 19:34:38.293 [main] WARN  o.s.b.w.s.c.AnnotationConfigServletWebServerApplicationContext - Exception encountered during context initialization - cancelling refresh attempt: org.springframework.beans.factory.BeanCreationException: Error creating bean with name 'userController': Lookup method resolution failed
2026-02-04 19:34:38.295 [main] INFO  org.apache.catalina.core.StandardService - Stopping service [Tomcat]
2026-02-04 19:34:38.360 [main] INFO  o.s.b.a.logging.ConditionEvaluationReportLogger - 

Error starting ApplicationContext. To display the condition evaluation report re-run your application with 'debug' enabled.
2026-02-04 19:34:38.406 [main] ERROR org.springframework.boot.SpringApplication - Application run failed
org.springframework.beans.factory.BeanCreationException: Error creating bean with name 'userController': Lookup method resolution failed
	at org.springframework.beans.factory.annotation.AutowiredAnnotationBeanPostProcessor.checkLookupMethods(AutowiredAnnotationBeanPostProcessor.java:470)
	at org.springframework.beans.factory.annotation.AutowiredAnnotationBeanPostProcessor.determineCandidateConstructors(AutowiredAnnotationBeanPostProcessor.java:340)
	at org.springframework.beans.factory.support.AbstractAutowireCapableBeanFactory.determineConstructorsFromBeanPostProcessors(AbstractAutowireCapableBeanFactory.java:1283)
	at org.springframework.beans.factory.support.AbstractAutowireCapableBeanFactory.createBeanInstance(AbstractAutowireCapableBeanFactory.java:1185)
	at org.springframework.beans.factory.support.AbstractAutowireCapableBeanFactory.doCreateBean(AbstractAutowireCapableBeanFactory.java:561)
	at org.springframework.beans.factory.support.AbstractAutowireCapableBeanFactory.createBean(AbstractAutowireCapableBeanFactory.java:521)
	at org.springframework.beans.factory.support.AbstractBeanFactory.lambda$doGetBean$0(AbstractBeanFactory.java:326)
	at org.springframework.beans.factory.support.DefaultSingletonBeanRegistry.getSingleton(DefaultSingletonBeanRegistry.java:234)
	at org.springframework.beans.factory.support.AbstractBeanFactory.doGetBean(AbstractBeanFactory.java:324)
	at org.springframework.beans.factory.support.AbstractBeanFactory.getBean(AbstractBeanFactory.java:200)
	at org.springframework.beans.factory.support.DefaultListableBeanFactory.preInstantiateSingletons(DefaultListableBeanFactory.java:961)
	at org.springframework.context.support.AbstractApplicationContext.finishBeanFactoryInitialization(AbstractApplicationContext.java:915)
	at org.springframework.context.support.AbstractApplicationContext.refresh(AbstractApplicationContext.java:584)
	at org.springframework.boot.web.servlet.context.ServletWebServerApplicationContext.refresh(ServletWebServerApplicationContext.java:146)
	at org.springframework.boot.SpringApplication.refresh(SpringApplication.java:730)
	at org.springframework.boot.SpringApplication.refreshContext(SpringApplication.java:432)
	at org.springframework.boot.SpringApplication.run(SpringApplication.java:308)
	at org.springframework.boot.SpringApplication.run(SpringApplication.java:1302)
	at org.springframework.boot.SpringApplication.run(SpringApplication.java:1291)
	at com.evan.greennote.user.biz.GreenNoteUserBizApplication.main(GreenNoteUserBizApplication.java:13)
Caused by: java.lang.IllegalStateException: Failed to introspect Class [com.evan.greennote.user.biz.controller.UserController] from ClassLoader [jdk.internal.loader.ClassLoaders$AppClassLoader@63947c6b]
	at org.springframework.util.ReflectionUtils.getDeclaredMethods(ReflectionUtils.java:483)
	at org.springframework.util.ReflectionUtils.doWithLocalMethods(ReflectionUtils.java:320)
	at org.springframework.beans.factory.annotation.AutowiredAnnotationBeanPostProcessor.checkLookupMethods(AutowiredAnnotationBeanPostProcessor.java:448)
	... 19 common frames omitted
Caused by: java.lang.NoClassDefFoundError: com/evan/framework/common/response/Response
	at java.base/java.lang.Class.getDeclaredMethods0(Native Method)
	at java.base/java.lang.Class.privateGetDeclaredMethods(Class.java:3402)
	at java.base/java.lang.Class.getDeclaredMethods(Class.java:2504)
	at org.springframework.util.ReflectionUtils.getDeclaredMethods(ReflectionUtils.java:465)
	... 21 common frames omitted
Caused by: java.lang.ClassNotFoundException: com.evan.framework.common.response.Response
	at java.base/jdk.internal.loader.BuiltinClassLoader.loadClass(BuiltinClassLoader.java:641)
	at java.base/jdk.internal.loader.ClassLoaders$AppClassLoader.loadClass(ClassLoaders.java:188)
	at java.base/java.lang.ClassLoader.loadClass(ClassLoader.java:525)
	... 25 common frames omitted
2026-02-04 19:58:30.825 [main] WARN  com.alibaba.nacos.client.logging.NacosLogging - Load Logback Configuration of Nacos fail, message: Could not initialize Logback Nacos logging from classpath:nacos-logback.xml
2026-02-04 19:58:30.936 [main] WARN  com.alibaba.nacos.client.logging.NacosLogging - Load Logback Configuration of Nacos fail, message: Could not initialize Logback Nacos logging from classpath:nacos-logback.xml
2026-02-04 19:58:31.856 [main] WARN  com.alibaba.nacos.client.logging.NacosLogging - Load Logback Configuration of Nacos fail, message: Could not initialize Logback Nacos logging from classpath:nacos-logback.xml
2026-02-04 19:58:31.877 [main] WARN  com.alibaba.nacos.client.logging.NacosLogging - Load Logback Configuration of Nacos fail, message: Could not initialize Logback Nacos logging from classpath:nacos-logback.xml
2026-02-04 19:58:31.879 [main] INFO  c.e.greennote.user.biz.GreenNoteUserBizApplication - The following 1 profile is active: "dev"
2026-02-04 19:58:32.847 [main] INFO  o.s.d.r.config.RepositoryConfigurationDelegate - Multiple Spring Data modules found, entering strict repository configuration mode
2026-02-04 19:58:32.851 [main] INFO  o.s.d.r.config.RepositoryConfigurationDelegate - Bootstrapping Spring Data Redis repositories in DEFAULT mode.
2026-02-04 19:58:32.890 [main] INFO  o.s.d.r.config.RepositoryConfigurationDelegate - Finished Spring Data repository scanning in 16 ms. Found 0 Redis repository interfaces.
2026-02-04 19:58:33.259 [main] INFO  o.springframework.cloud.context.scope.GenericScope - BeanFactory id=8fd70690-bb36-39a2-9335-37a4876a5f3c
2026-02-04 19:58:33.317 [main] INFO  o.s.c.s.PostProcessorRegistrationDelegate$BeanPostProcessorChecker - Bean 'com.evan.greennote.search.api.FileFeignApi' of type [org.springframework.cloud.openfeign.FeignClientFactoryBean] is not eligible for getting processed by all BeanPostProcessors (for example: not eligible for auto-proxying)
2026-02-04 19:58:33.320 [main] INFO  o.s.c.s.PostProcessorRegistrationDelegate$BeanPostProcessorChecker - Bean 'com.evan.greennote.user.api.UserFeignApi' of type [org.springframework.cloud.openfeign.FeignClientFactoryBean] is not eligible for getting processed by all BeanPostProcessors (for example: not eligible for auto-proxying)
2026-02-04 19:58:33.322 [main] INFO  o.s.c.s.PostProcessorRegistrationDelegate$BeanPostProcessorChecker - Bean 'com.evan.greennote.distributed.id.generator.api.DistributedIdGeneratorFeignApi' of type [org.springframework.cloud.openfeign.FeignClientFactoryBean] is not eligible for getting processed by all BeanPostProcessors (for example: not eligible for auto-proxying)
2026-02-04 19:58:34.194 [main] INFO  o.s.boot.web.embedded.tomcat.TomcatWebServer - Tomcat initialized with port(s): 8082 (http)
2026-02-04 19:58:34.209 [main] INFO  org.apache.catalina.core.StandardService - Starting service [Tomcat]
2026-02-04 19:58:34.210 [main] INFO  org.apache.catalina.core.StandardEngine - Starting Servlet engine: [Apache Tomcat/10.1.5]
2026-02-04 19:58:34.379 [main] INFO  o.a.c.core.ContainerBase.[Tomcat].[localhost].[/] - Initializing Spring embedded WebApplicationContext
2026-02-04 19:58:34.380 [main] INFO  o.s.b.w.s.c.ServletWebServerApplicationContext - Root WebApplicationContext: initialization completed in 2472 ms
2026-02-04 19:58:34.583 [main] INFO  c.a.d.s.b.a.DruidDataSourceAutoConfigure - Init DruidDataSource
2026-02-04 19:58:35.031 [main] INFO  com.alibaba.druid.pool.DruidDataSource - {dataSource-1} inited
2026-02-04 19:58:35.515 [main] INFO  o.s.cloud.openfeign.FeignClientFactoryBean - For 'GreenNote-oss' URL not provided. Will try picking an instance via load-balancing.
2026-02-04 19:58:36.054 [main] INFO  o.s.cloud.openfeign.FeignClientFactoryBean - For 'GreenNote-distributed-id-generator' URL not provided. Will try picking an instance via load-balancing.
2026-02-04 19:58:37.432 [main] INFO  o.s.boot.web.embedded.tomcat.TomcatWebServer - Tomcat started on port(s): 8082 (http) with context path ''
2026-02-04 19:58:37.443 [main] WARN  com.alibaba.nacos.client.logging.NacosLogging - Load Logback Configuration of Nacos fail, message: Could not initialize Logback Nacos logging from classpath:nacos-logback.xml
2026-02-04 19:58:37.443 [main] INFO  com.alibaba.nacos.client.naming - initializer namespace from ans.namespace attribute : null
2026-02-04 19:58:37.445 [main] INFO  com.alibaba.nacos.client.naming - initializer namespace from ALIBABA_ALIWARE_NAMESPACE attribute :null
2026-02-04 19:58:37.445 [main] INFO  com.alibaba.nacos.client.naming - initializer namespace from namespace attribute :null
2026-02-04 19:58:37.484 [main] INFO  com.alibaba.nacos.client.utils.ParamUtil - [settings] [req-serv] nacos-server port:8848
2026-02-04 19:58:37.484 [main] INFO  com.alibaba.nacos.client.utils.ParamUtil - [settings] [http-client] connect timeout:1000
2026-02-04 19:58:37.486 [main] INFO  com.alibaba.nacos.client.utils.ParamUtil - PER_TASK_CONFIG_SIZE: 3000.0
2026-02-04 19:58:37.492 [main] INFO  c.a.n.p.auth.spi.client.ClientAuthPluginManager - [ClientAuthPluginManager] Load ClientAuthService com.alibaba.nacos.client.auth.impl.NacosClientAuthServiceImpl success.
2026-02-04 19:58:37.492 [main] INFO  c.a.n.p.auth.spi.client.ClientAuthPluginManager - [ClientAuthPluginManager] Load ClientAuthService com.alibaba.nacos.client.auth.ram.RamClientAuthServiceImpl success.
2026-02-04 19:58:37.497 [main] INFO  c.a.n.client.auth.ram.identify.CredentialWatcher - null No credential found
2026-02-04 19:58:37.513 [main] INFO  com.alibaba.nacos.common.remote.client - [RpcClientFactory] create a new rpc client of ee7aa8ee-e176-432c-ad5f-b99c4c67d2c9
2026-02-04 19:58:37.543 [main] INFO  com.alibaba.nacos.common.remote.client - [ee7aa8ee-e176-432c-ad5f-b99c4c67d2c9] RpcClient init, ServerListFactory = com.alibaba.nacos.client.naming.core.ServerListManager
2026-02-04 19:58:37.543 [main] INFO  com.alibaba.nacos.common.remote.client - [ee7aa8ee-e176-432c-ad5f-b99c4c67d2c9] Registry connection listener to current client:com.alibaba.nacos.client.naming.remote.gprc.redo.NamingGrpcRedoService
2026-02-04 19:58:37.544 [main] INFO  com.alibaba.nacos.common.remote.client - [ee7aa8ee-e176-432c-ad5f-b99c4c67d2c9] Register server push request handler:com.alibaba.nacos.client.naming.remote.gprc.NamingPushRequestHandler
2026-02-04 19:58:37.549 [main] INFO  com.alibaba.nacos.common.remote.client - [ee7aa8ee-e176-432c-ad5f-b99c4c67d2c9] Try to connect to server on start up, server: {serverIp = '127.0.0.1', server main port = 8848}
2026-02-04 19:58:37.609 [main] INFO  c.a.nacos.common.remote.client.grpc.GrpcClient - grpc client connection server:127.0.0.1 ip,serverPort:9848,grpcTslConfig:{"sslProvider":"OPENSSL","enableTls":false,"mutualAuthEnable":false,"trustAll":false}
2026-02-04 19:58:38.911 [main] INFO  com.alibaba.nacos.common.remote.client - [ee7aa8ee-e176-432c-ad5f-b99c4c67d2c9] Success to connect to server [127.0.0.1:8848] on start up, connectionId = 1770256718653_127.0.0.1_4846
2026-02-04 19:58:38.913 [com.alibaba.nacos.client.remote.worker] INFO  com.alibaba.nacos.common.remote.client - [ee7aa8ee-e176-432c-ad5f-b99c4c67d2c9] Notify connected event to listeners.
2026-02-04 19:58:38.914 [com.alibaba.nacos.client.remote.worker] INFO  com.alibaba.nacos.client.naming - Grpc connection connect
2026-02-04 19:58:38.914 [main] INFO  com.alibaba.nacos.common.remote.client - [ee7aa8ee-e176-432c-ad5f-b99c4c67d2c9] Register server push request handler:com.alibaba.nacos.common.remote.client.RpcClient$ConnectResetRequestHandler
2026-02-04 19:58:38.915 [main] INFO  com.alibaba.nacos.common.remote.client - [ee7aa8ee-e176-432c-ad5f-b99c4c67d2c9] Register server push request handler:com.alibaba.nacos.common.remote.client.RpcClient$$Lambda$1265/0x000001c8b490ee78
2026-02-04 19:58:38.917 [main] INFO  com.alibaba.nacos.client.naming - [REGISTER-SERVICE] greennote registering service GreenNote-user with instance Instance{instanceId='null', ip='10.141.73.9', port=8082, weight=1.0, healthy=true, enabled=true, ephemeral=true, clusterName='DEFAULT', serviceName='null', metadata={IPv6=null, preserved.register.source=SPRING_CLOUD}}
2026-02-04 19:58:38.961 [main] INFO  c.a.cloud.nacos.registry.NacosServiceRegistry - nacos registry, DEFAULT_GROUP GreenNote-user 10.141.73.9:8082 register finished
2026-02-04 19:58:39.154 [main] INFO  c.e.greennote.user.biz.GreenNoteUserBizApplication - Started GreenNoteUserBizApplication in 9.344 seconds (process running for 10.268)
2026-02-04 19:58:39.156 [main] INFO  c.e.g.u.biz.runner.PushRolePermissions2RedisRunner - ==> 服务启动，开始同步角色权限数据到redis中...
2026-02-04 19:58:39.927 [main] DEBUG c.e.g.u.b.d.mapper.RoleDOMapper.selectEnableList - ==>  Preparing: select id, role_key, role_name from t_role where status=0 and is_deleted=0
2026-02-04 19:58:40.231 [main] DEBUG c.e.g.u.b.d.mapper.RoleDOMapper.selectEnableList - ==> Parameters: 
2026-02-04 19:58:40.302 [main] DEBUG c.e.g.u.b.d.mapper.RoleDOMapper.selectEnableList - <==      Total: 1
2026-02-04 19:58:40.338 [main] DEBUG c.e.g.u.b.d.m.R.selectByRoleIds - ==>  Preparing: select role_id, permission_id from t_role_permission_rel where role_id in ( ? )
2026-02-04 19:58:40.343 [main] DEBUG c.e.g.u.b.d.m.R.selectByRoleIds - ==> Parameters: 1(Long)
2026-02-04 19:58:40.350 [main] DEBUG c.e.g.u.b.d.m.R.selectByRoleIds - <==      Total: 2
2026-02-04 19:58:40.352 [main] DEBUG c.e.g.u.b.d.m.P.selectAppEnableList - ==>  Preparing: select id, name, permission_key from t_permission where status=0 and type=3 and is_deleted=0
2026-02-04 19:58:40.354 [main] DEBUG c.e.g.u.b.d.m.P.selectAppEnableList - ==> Parameters: 
2026-02-04 19:58:40.358 [main] DEBUG c.e.g.u.b.d.m.P.selectAppEnableList - <==      Total: 2
2026-02-04 19:58:40.381 [main] INFO  c.e.g.u.biz.runner.PushRolePermissions2RedisRunner - ==> 服务启动，成功同步角色权限数据到 Redis 中...
2026-02-04 23:20:19.297 [Thread-10] WARN  c.alibaba.nacos.common.http.HttpClientBeanHolder - [HttpClientBeanHolder] Start destroying common HttpClient
2026-02-04 23:20:19.297 [Thread-7] WARN  com.alibaba.nacos.common.notify.NotifyCenter - [NotifyCenter] Start destroying Publisher
2026-02-04 23:20:19.303 [Thread-7] WARN  com.alibaba.nacos.common.notify.NotifyCenter - [NotifyCenter] Destruction of the end
2026-02-04 23:20:19.305 [Thread-10] WARN  c.alibaba.nacos.common.http.HttpClientBeanHolder - [HttpClientBeanHolder] Destruction of the end
2026-02-04 23:20:19.436 [SpringApplicationShutdownHook] INFO  c.a.cloud.nacos.registry.NacosServiceRegistry - De-registering from Nacos Server now...
2026-02-04 23:20:19.436 [SpringApplicationShutdownHook] INFO  com.alibaba.nacos.client.naming - [DEREGISTER-SERVICE] greennote deregistering service GreenNote-user with instance: Instance{instanceId='null', ip='10.141.73.9', port=8082, weight=1.0, healthy=true, enabled=true, ephemeral=true, clusterName='DEFAULT', serviceName='null', metadata={}}
2026-02-04 23:20:19.443 [SpringApplicationShutdownHook] INFO  c.a.cloud.nacos.registry.NacosServiceRegistry - De-registration finished.
2026-02-04 23:20:19.443 [SpringApplicationShutdownHook] INFO  com.alibaba.nacos.client.naming - com.alibaba.nacos.client.naming.cache.ServiceInfoHolder do shutdown begin
2026-02-04 23:20:19.444 [SpringApplicationShutdownHook] INFO  com.alibaba.nacos.client.naming - com.alibaba.nacos.client.naming.backups.FailoverReactor do shutdown begin
2026-02-04 23:20:19.444 [SpringApplicationShutdownHook] INFO  com.alibaba.nacos.client.naming - com.alibaba.nacos.client.naming.backups.FailoverReactor do shutdown stop
2026-02-04 23:20:19.444 [SpringApplicationShutdownHook] INFO  com.alibaba.nacos.client.naming - com.alibaba.nacos.client.naming.cache.ServiceInfoHolder do shutdown stop
2026-02-04 23:20:19.444 [SpringApplicationShutdownHook] INFO  com.alibaba.nacos.client.naming - com.alibaba.nacos.client.naming.remote.NamingClientProxyDelegate do shutdown begin
2026-02-04 23:20:19.444 [SpringApplicationShutdownHook] INFO  com.alibaba.nacos.client.naming - com.alibaba.nacos.client.naming.core.ServiceInfoUpdateService do shutdown begin
2026-02-04 23:20:19.444 [SpringApplicationShutdownHook] INFO  com.alibaba.nacos.client.naming - com.alibaba.nacos.client.naming.core.ServiceInfoUpdateService do shutdown stop
2026-02-04 23:20:19.445 [SpringApplicationShutdownHook] INFO  com.alibaba.nacos.client.naming - com.alibaba.nacos.client.naming.core.ServerListManager do shutdown begin
2026-02-04 23:20:19.445 [SpringApplicationShutdownHook] WARN  com.alibaba.nacos.client.naming - [NamingHttpClientManager] Start destroying NacosRestTemplate
2026-02-04 23:20:19.445 [SpringApplicationShutdownHook] WARN  com.alibaba.nacos.client.naming - [NamingHttpClientManager] Destruction of the end
2026-02-04 23:20:19.445 [SpringApplicationShutdownHook] INFO  com.alibaba.nacos.client.naming - com.alibaba.nacos.client.naming.core.ServerListManager do shutdown stop
2026-02-04 23:20:19.445 [SpringApplicationShutdownHook] INFO  com.alibaba.nacos.client.naming - com.alibaba.nacos.client.naming.remote.http.NamingHttpClientProxy do shutdown begin
2026-02-04 23:20:19.445 [SpringApplicationShutdownHook] WARN  com.alibaba.nacos.client.naming - [NamingHttpClientManager] Start destroying NacosRestTemplate
2026-02-04 23:20:19.445 [SpringApplicationShutdownHook] WARN  com.alibaba.nacos.client.naming - [NamingHttpClientManager] Destruction of the end
2026-02-04 23:20:19.445 [SpringApplicationShutdownHook] INFO  com.alibaba.nacos.client.naming - com.alibaba.nacos.client.naming.remote.http.NamingHttpClientProxy do shutdown stop
2026-02-04 23:20:19.445 [SpringApplicationShutdownHook] INFO  com.alibaba.nacos.common.remote.client - Shutdown rpc client, set status to shutdown
2026-02-04 23:20:19.445 [SpringApplicationShutdownHook] INFO  com.alibaba.nacos.common.remote.client - Shutdown client event executor java.util.concurrent.ScheduledThreadPoolExecutor@f0a1a5f[Running, pool size = 2, active threads = 2, queued tasks = 0, completed tasks = 0]
2026-02-04 23:20:19.446 [SpringApplicationShutdownHook] INFO  com.alibaba.nacos.common.remote.client - Close current connection 1770256718653_127.0.0.1_4846
2026-02-04 23:20:19.449 [nacos-grpc-client-executor-127.0.0.1-767] INFO  c.a.nacos.common.remote.client.grpc.GrpcClient - [1770256718653_127.0.0.1_4846]Ignore complete event,isRunning:false,isAbandon=false
2026-02-04 23:20:19.461 [SpringApplicationShutdownHook] INFO  c.a.nacos.common.remote.client.grpc.GrpcClient - Shutdown grpc executor java.util.concurrent.ThreadPoolExecutor@1ec0c3e4[Running, pool size = 4, active threads = 0, queued tasks = 0, completed tasks = 768]
2026-02-04 23:20:19.462 [SpringApplicationShutdownHook] INFO  com.alibaba.nacos.client.naming - Shutdown grpc redo service executor java.util.concurrent.ScheduledThreadPoolExecutor@2c674572[Running, pool size = 1, active threads = 0, queued tasks = 1, completed tasks = 1236]
2026-02-04 23:20:19.462 [SpringApplicationShutdownHook] INFO  c.a.n.client.auth.ram.identify.CredentialWatcher - [null] CredentialWatcher is stopped
2026-02-04 23:20:19.462 [SpringApplicationShutdownHook] INFO  c.a.n.client.auth.ram.identify.CredentialService - [null] CredentialService is freed
2026-02-04 23:20:19.463 [SpringApplicationShutdownHook] INFO  com.alibaba.nacos.client.naming - com.alibaba.nacos.client.naming.remote.NamingClientProxyDelegate do shutdown stop
2026-02-04 23:20:19.711 [SpringApplicationShutdownHook] INFO  com.alibaba.druid.pool.DruidDataSource - {dataSource-1} closing ...
2026-02-04 23:20:19.714 [SpringApplicationShutdownHook] INFO  com.alibaba.druid.pool.DruidDataSource - {dataSource-1} closed
2026-02-04 23:20:34.334 [main] WARN  com.alibaba.nacos.client.logging.NacosLogging - Load Logback Configuration of Nacos fail, message: Could not initialize Logback Nacos logging from classpath:nacos-logback.xml
2026-02-04 23:20:34.426 [main] WARN  com.alibaba.nacos.client.logging.NacosLogging - Load Logback Configuration of Nacos fail, message: Could not initialize Logback Nacos logging from classpath:nacos-logback.xml
2026-02-04 23:20:35.366 [main] WARN  com.alibaba.nacos.client.logging.NacosLogging - Load Logback Configuration of Nacos fail, message: Could not initialize Logback Nacos logging from classpath:nacos-logback.xml
2026-02-04 23:20:35.389 [main] WARN  com.alibaba.nacos.client.logging.NacosLogging - Load Logback Configuration of Nacos fail, message: Could not initialize Logback Nacos logging from classpath:nacos-logback.xml
2026-02-04 23:20:35.390 [main] INFO  c.e.greennote.user.biz.GreenNoteUserBizApplication - The following 1 profile is active: "dev"
2026-02-04 23:20:36.643 [main] INFO  o.s.d.r.config.RepositoryConfigurationDelegate - Multiple Spring Data modules found, entering strict repository configuration mode
2026-02-04 23:20:36.649 [main] INFO  o.s.d.r.config.RepositoryConfigurationDelegate - Bootstrapping Spring Data Redis repositories in DEFAULT mode.
2026-02-04 23:20:36.699 [main] INFO  o.s.d.r.config.RepositoryConfigurationDelegate - Finished Spring Data repository scanning in 24 ms. Found 0 Redis repository interfaces.
2026-02-04 23:20:37.091 [main] INFO  o.springframework.cloud.context.scope.GenericScope - BeanFactory id=1e9efd26-7cd7-3120-86d7-3b3df7cc28ea
2026-02-04 23:20:37.152 [main] INFO  o.s.c.s.PostProcessorRegistrationDelegate$BeanPostProcessorChecker - Bean 'com.evan.greennote.search.api.FileFeignApi' of type [org.springframework.cloud.openfeign.FeignClientFactoryBean] is not eligible for getting processed by all BeanPostProcessors (for example: not eligible for auto-proxying)
2026-02-04 23:20:37.154 [main] INFO  o.s.c.s.PostProcessorRegistrationDelegate$BeanPostProcessorChecker - Bean 'com.evan.greennote.user.api.UserFeignApi' of type [org.springframework.cloud.openfeign.FeignClientFactoryBean] is not eligible for getting processed by all BeanPostProcessors (for example: not eligible for auto-proxying)
2026-02-04 23:20:37.158 [main] INFO  o.s.c.s.PostProcessorRegistrationDelegate$BeanPostProcessorChecker - Bean 'com.evan.greennote.distributed.id.generator.api.DistributedIdGeneratorFeignApi' of type [org.springframework.cloud.openfeign.FeignClientFactoryBean] is not eligible for getting processed by all BeanPostProcessors (for example: not eligible for auto-proxying)
2026-02-04 23:20:37.161 [main] INFO  o.s.c.s.PostProcessorRegistrationDelegate$BeanPostProcessorChecker - Bean 'com.evan.greennote.count.api.CountFeignApi' of type [org.springframework.cloud.openfeign.FeignClientFactoryBean] is not eligible for getting processed by all BeanPostProcessors (for example: not eligible for auto-proxying)
2026-02-04 23:20:38.148 [main] INFO  o.s.boot.web.embedded.tomcat.TomcatWebServer - Tomcat initialized with port(s): 8082 (http)
2026-02-04 23:20:38.170 [main] INFO  org.apache.catalina.core.StandardService - Starting service [Tomcat]
2026-02-04 23:20:38.170 [main] INFO  org.apache.catalina.core.StandardEngine - Starting Servlet engine: [Apache Tomcat/10.1.5]
2026-02-04 23:20:38.378 [main] INFO  o.a.c.core.ContainerBase.[Tomcat].[localhost].[/] - Initializing Spring embedded WebApplicationContext
2026-02-04 23:20:38.378 [main] INFO  o.s.b.w.s.c.ServletWebServerApplicationContext - Root WebApplicationContext: initialization completed in 2958 ms
2026-02-04 23:20:38.632 [main] INFO  c.a.d.s.b.a.DruidDataSourceAutoConfigure - Init DruidDataSource
2026-02-04 23:20:39.159 [main] INFO  com.alibaba.druid.pool.DruidDataSource - {dataSource-1} inited
2026-02-04 23:20:39.823 [main] INFO  o.s.cloud.openfeign.FeignClientFactoryBean - For 'GreenNote-oss' URL not provided. Will try picking an instance via load-balancing.
2026-02-04 23:20:40.559 [main] INFO  o.s.cloud.openfeign.FeignClientFactoryBean - For 'GreenNote-distributed-id-generator' URL not provided. Will try picking an instance via load-balancing.
2026-02-04 23:20:40.595 [main] INFO  o.s.cloud.openfeign.FeignClientFactoryBean - For 'GreenNote-count' URL not provided. Will try picking an instance via load-balancing.
2026-02-04 23:20:42.106 [main] INFO  o.s.boot.web.embedded.tomcat.TomcatWebServer - Tomcat started on port(s): 8082 (http) with context path ''
2026-02-04 23:20:42.118 [main] WARN  com.alibaba.nacos.client.logging.NacosLogging - Load Logback Configuration of Nacos fail, message: Could not initialize Logback Nacos logging from classpath:nacos-logback.xml
2026-02-04 23:20:42.118 [main] INFO  com.alibaba.nacos.client.naming - initializer namespace from ans.namespace attribute : null
2026-02-04 23:20:42.119 [main] INFO  com.alibaba.nacos.client.naming - initializer namespace from ALIBABA_ALIWARE_NAMESPACE attribute :null
2026-02-04 23:20:42.120 [main] INFO  com.alibaba.nacos.client.naming - initializer namespace from namespace attribute :null
2026-02-04 23:20:42.163 [main] INFO  com.alibaba.nacos.client.utils.ParamUtil - [settings] [req-serv] nacos-server port:8848
2026-02-04 23:20:42.164 [main] INFO  com.alibaba.nacos.client.utils.ParamUtil - [settings] [http-client] connect timeout:1000
2026-02-04 23:20:42.165 [main] INFO  com.alibaba.nacos.client.utils.ParamUtil - PER_TASK_CONFIG_SIZE: 3000.0
2026-02-04 23:20:42.173 [main] INFO  c.a.n.p.auth.spi.client.ClientAuthPluginManager - [ClientAuthPluginManager] Load ClientAuthService com.alibaba.nacos.client.auth.impl.NacosClientAuthServiceImpl success.
2026-02-04 23:20:42.173 [main] INFO  c.a.n.p.auth.spi.client.ClientAuthPluginManager - [ClientAuthPluginManager] Load ClientAuthService com.alibaba.nacos.client.auth.ram.RamClientAuthServiceImpl success.
2026-02-04 23:20:42.178 [main] INFO  c.a.n.client.auth.ram.identify.CredentialWatcher - null No credential found
2026-02-04 23:20:42.197 [main] INFO  com.alibaba.nacos.common.remote.client - [RpcClientFactory] create a new rpc client of a7e22b1f-f3ac-4e37-9067-407a4f078c94
2026-02-04 23:20:42.233 [main] INFO  com.alibaba.nacos.common.remote.client - [a7e22b1f-f3ac-4e37-9067-407a4f078c94] RpcClient init, ServerListFactory = com.alibaba.nacos.client.naming.core.ServerListManager
2026-02-04 23:20:42.233 [main] INFO  com.alibaba.nacos.common.remote.client - [a7e22b1f-f3ac-4e37-9067-407a4f078c94] Registry connection listener to current client:com.alibaba.nacos.client.naming.remote.gprc.redo.NamingGrpcRedoService
2026-02-04 23:20:42.234 [main] INFO  com.alibaba.nacos.common.remote.client - [a7e22b1f-f3ac-4e37-9067-407a4f078c94] Register server push request handler:com.alibaba.nacos.client.naming.remote.gprc.NamingPushRequestHandler
2026-02-04 23:20:42.238 [main] INFO  com.alibaba.nacos.common.remote.client - [a7e22b1f-f3ac-4e37-9067-407a4f078c94] Try to connect to server on start up, server: {serverIp = '127.0.0.1', server main port = 8848}
2026-02-04 23:20:42.306 [main] INFO  c.a.nacos.common.remote.client.grpc.GrpcClient - grpc client connection server:127.0.0.1 ip,serverPort:9848,grpcTslConfig:{"sslProvider":"OPENSSL","enableTls":false,"mutualAuthEnable":false,"trustAll":false}
2026-02-04 23:20:44.076 [main] INFO  com.alibaba.nacos.common.remote.client - [a7e22b1f-f3ac-4e37-9067-407a4f078c94] Success to connect to server [127.0.0.1:8848] on start up, connectionId = 1770268843798_127.0.0.1_38250
2026-02-04 23:20:44.077 [com.alibaba.nacos.client.remote.worker] INFO  com.alibaba.nacos.common.remote.client - [a7e22b1f-f3ac-4e37-9067-407a4f078c94] Notify connected event to listeners.
2026-02-04 23:20:44.077 [com.alibaba.nacos.client.remote.worker] INFO  com.alibaba.nacos.client.naming - Grpc connection connect
2026-02-04 23:20:44.077 [main] INFO  com.alibaba.nacos.common.remote.client - [a7e22b1f-f3ac-4e37-9067-407a4f078c94] Register server push request handler:com.alibaba.nacos.common.remote.client.RpcClient$ConnectResetRequestHandler
2026-02-04 23:20:44.078 [main] INFO  com.alibaba.nacos.common.remote.client - [a7e22b1f-f3ac-4e37-9067-407a4f078c94] Register server push request handler:com.alibaba.nacos.common.remote.client.RpcClient$$Lambda$1265/0x000001afa3928000
2026-02-04 23:20:44.080 [main] INFO  com.alibaba.nacos.client.naming - [REGISTER-SERVICE] greennote registering service GreenNote-user with instance Instance{instanceId='null', ip='10.141.73.9', port=8082, weight=1.0, healthy=true, enabled=true, ephemeral=true, clusterName='DEFAULT', serviceName='null', metadata={IPv6=null, preserved.register.source=SPRING_CLOUD}}
2026-02-04 23:20:44.105 [main] INFO  c.a.cloud.nacos.registry.NacosServiceRegistry - nacos registry, DEFAULT_GROUP GreenNote-user 10.141.73.9:8082 register finished
2026-02-04 23:20:44.365 [main] INFO  c.e.greennote.user.biz.GreenNoteUserBizApplication - Started GreenNoteUserBizApplication in 11.125 seconds (process running for 12.06)
2026-02-04 23:20:44.368 [main] INFO  c.e.g.u.biz.runner.PushRolePermissions2RedisRunner - ==> 服务启动，开始同步角色权限数据到redis中...
2026-02-04 23:20:45.087 [main] WARN  c.e.g.u.biz.runner.PushRolePermissions2RedisRunner - ==> 角色权限数据已经同步至 Redis 中，不再同步...
2026-02-04 23:21:54.599 [http-nio-8082-exec-1] INFO  o.a.c.core.ContainerBase.[Tomcat].[localhost].[/] - Initializing Spring DispatcherServlet 'dispatcherServlet'
2026-02-04 23:21:54.599 [http-nio-8082-exec-1] INFO  org.springframework.web.servlet.DispatcherServlet - Initializing Servlet 'dispatcherServlet'
2026-02-04 23:21:54.602 [http-nio-8082-exec-1] INFO  org.springframework.web.servlet.DispatcherServlet - Completed initialization in 2 ms
2026-02-04 23:21:54.623 [http-nio-8082-exec-1] INFO  c.e.f.b.context.filter.HeaderUserId2ContextFilter - ===== 设置 userId 到 ThreadLocal 中， 用户 ID: 3
2026-02-04 23:21:54.771 [http-nio-8082-exec-1] DEBUG c.e.g.u.b.d.mapper.UserDOMapper.selectByPrimaryKey - ==>  Preparing: select id, greennote_id, `password`, nickname, avatar, birthday, background_img, email, sex, `status`, introduction, create_time, update_time, is_deleted from t_user where id = ?
2026-02-04 23:21:55.116 [http-nio-8082-exec-1] DEBUG c.e.g.u.b.d.mapper.UserDOMapper.selectByPrimaryKey - ==> Parameters: 100(Long)
2026-02-04 23:21:55.159 [http-nio-8082-exec-1] DEBUG c.e.g.u.b.d.mapper.UserDOMapper.selectByPrimaryKey - <==      Total: 1
2026-02-04 23:21:55.182 [http-nio-8082-exec-1] INFO  c.e.f.b.c.interceptor.FeignRequestInterceptor - ########## feign 请求设置请求头 userId: 3
2026-02-04 23:21:55.284 [http-nio-8082-exec-1] INFO  com.alibaba.nacos.client.naming - [SUBSCRIBE-SERVICE] service:GreenNote-count, group:DEFAULT_GROUP, clusters: 
2026-02-04 23:21:55.310 [http-nio-8082-exec-1] INFO  com.alibaba.nacos.client.naming - init new ips(1) service: DEFAULT_GROUP@@GreenNote-count -> [{"ip":"10.141.73.9","port":8090,"weight":1.0,"healthy":true,"enabled":true,"ephemeral":true,"clusterName":"DEFAULT","serviceName":"DEFAULT_GROUP@@GreenNote-count","metadata":{"preserved.register.source":"SPRING_CLOUD"},"ipDeleteTimeout":30000,"instanceHeartBeatInterval":5000,"instanceHeartBeatTimeOut":15000}]
2026-02-04 23:21:55.322 [http-nio-8082-exec-1] INFO  com.alibaba.nacos.client.naming - current ips:(1) service: DEFAULT_GROUP@@GreenNote-count -> [{"ip":"10.141.73.9","port":8090,"weight":1.0,"healthy":true,"enabled":true,"ephemeral":true,"clusterName":"DEFAULT","serviceName":"DEFAULT_GROUP@@GreenNote-count","metadata":{"preserved.register.source":"SPRING_CLOUD"},"ipDeleteTimeout":30000,"instanceHeartBeatInterval":5000,"instanceHeartBeatTimeOut":15000}]
2026-02-04 23:21:55.830 [nacos-grpc-client-executor-127.0.0.1-27] INFO  com.alibaba.nacos.common.remote.client - [a7e22b1f-f3ac-4e37-9067-407a4f078c94] Receive server push request, request = NotifySubscriberRequest, requestId = 23
2026-02-04 23:21:55.831 [nacos-grpc-client-executor-127.0.0.1-27] INFO  com.alibaba.nacos.common.remote.client - [a7e22b1f-f3ac-4e37-9067-407a4f078c94] Ack server push request, request = NotifySubscriberRequest, requestId = 23
2026-02-04 23:21:56.600 [http-nio-8082-exec-1] INFO  c.e.f.b.context.filter.HeaderUserId2ContextFilter - ===== 删除 ThreadLocal， userId: 3
2026-02-04 23:22:12.925 [http-nio-8082-exec-2] INFO  c.e.f.b.context.filter.HeaderUserId2ContextFilter - ===== 设置 userId 到 ThreadLocal 中， 用户 ID: 3
2026-02-04 23:22:12.927 [http-nio-8082-exec-2] DEBUG c.e.g.u.b.d.mapper.UserDOMapper.selectByPrimaryKey - ==>  Preparing: select id, greennote_id, `password`, nickname, avatar, birthday, background_img, email, sex, `status`, introduction, create_time, update_time, is_deleted from t_user where id = ?
2026-02-04 23:22:12.929 [http-nio-8082-exec-2] DEBUG c.e.g.u.b.d.mapper.UserDOMapper.selectByPrimaryKey - ==> Parameters: 3(Long)
2026-02-04 23:22:12.931 [http-nio-8082-exec-2] DEBUG c.e.g.u.b.d.mapper.UserDOMapper.selectByPrimaryKey - <==      Total: 1
2026-02-04 23:22:12.934 [http-nio-8082-exec-2] INFO  c.e.f.b.c.interceptor.FeignRequestInterceptor - ########## feign 请求设置请求头 userId: 3
2026-02-04 23:22:12.968 [http-nio-8082-exec-2] INFO  c.e.f.b.context.filter.HeaderUserId2ContextFilter - ===== 删除 ThreadLocal， userId: 3
2026-02-04 23:23:28.303 [Thread-7] WARN  com.alibaba.nacos.common.notify.NotifyCenter - [NotifyCenter] Start destroying Publisher
2026-02-04 23:23:28.304 [Thread-7] WARN  com.alibaba.nacos.common.notify.NotifyCenter - [NotifyCenter] Destruction of the end
2026-02-04 23:23:28.308 [Thread-10] WARN  c.alibaba.nacos.common.http.HttpClientBeanHolder - [HttpClientBeanHolder] Start destroying common HttpClient
2026-02-04 23:23:28.313 [Thread-10] WARN  c.alibaba.nacos.common.http.HttpClientBeanHolder - [HttpClientBeanHolder] Destruction of the end
2026-02-04 23:23:28.384 [SpringApplicationShutdownHook] INFO  c.a.cloud.nacos.registry.NacosServiceRegistry - De-registering from Nacos Server now...
2026-02-04 23:23:28.385 [SpringApplicationShutdownHook] INFO  com.alibaba.nacos.client.naming - [DEREGISTER-SERVICE] greennote deregistering service GreenNote-user with instance: Instance{instanceId='null', ip='10.141.73.9', port=8082, weight=1.0, healthy=true, enabled=true, ephemeral=true, clusterName='DEFAULT', serviceName='null', metadata={}}
2026-02-04 23:23:28.398 [SpringApplicationShutdownHook] INFO  c.a.cloud.nacos.registry.NacosServiceRegistry - De-registration finished.
2026-02-04 23:23:28.398 [SpringApplicationShutdownHook] INFO  com.alibaba.nacos.client.naming - com.alibaba.nacos.client.naming.cache.ServiceInfoHolder do shutdown begin
2026-02-04 23:23:28.399 [SpringApplicationShutdownHook] INFO  com.alibaba.nacos.client.naming - com.alibaba.nacos.client.naming.backups.FailoverReactor do shutdown begin
2026-02-04 23:23:28.400 [SpringApplicationShutdownHook] INFO  com.alibaba.nacos.client.naming - com.alibaba.nacos.client.naming.backups.FailoverReactor do shutdown stop
2026-02-04 23:23:28.400 [SpringApplicationShutdownHook] INFO  com.alibaba.nacos.client.naming - com.alibaba.nacos.client.naming.cache.ServiceInfoHolder do shutdown stop
2026-02-04 23:23:28.400 [SpringApplicationShutdownHook] INFO  com.alibaba.nacos.client.naming - com.alibaba.nacos.client.naming.remote.NamingClientProxyDelegate do shutdown begin
2026-02-04 23:23:28.400 [SpringApplicationShutdownHook] INFO  com.alibaba.nacos.client.naming - com.alibaba.nacos.client.naming.core.ServiceInfoUpdateService do shutdown begin
2026-02-04 23:23:28.400 [SpringApplicationShutdownHook] INFO  com.alibaba.nacos.client.naming - com.alibaba.nacos.client.naming.core.ServiceInfoUpdateService do shutdown stop
2026-02-04 23:23:28.400 [SpringApplicationShutdownHook] INFO  com.alibaba.nacos.client.naming - com.alibaba.nacos.client.naming.core.ServerListManager do shutdown begin
2026-02-04 23:23:28.400 [SpringApplicationShutdownHook] WARN  com.alibaba.nacos.client.naming - [NamingHttpClientManager] Start destroying NacosRestTemplate
2026-02-04 23:23:28.400 [SpringApplicationShutdownHook] WARN  com.alibaba.nacos.client.naming - [NamingHttpClientManager] Destruction of the end
2026-02-04 23:23:28.400 [SpringApplicationShutdownHook] INFO  com.alibaba.nacos.client.naming - com.alibaba.nacos.client.naming.core.ServerListManager do shutdown stop
2026-02-04 23:23:28.400 [SpringApplicationShutdownHook] INFO  com.alibaba.nacos.client.naming - com.alibaba.nacos.client.naming.remote.http.NamingHttpClientProxy do shutdown begin
2026-02-04 23:23:28.400 [SpringApplicationShutdownHook] WARN  com.alibaba.nacos.client.naming - [NamingHttpClientManager] Start destroying NacosRestTemplate
2026-02-04 23:23:28.400 [SpringApplicationShutdownHook] WARN  com.alibaba.nacos.client.naming - [NamingHttpClientManager] Destruction of the end
2026-02-04 23:23:28.400 [SpringApplicationShutdownHook] INFO  com.alibaba.nacos.client.naming - com.alibaba.nacos.client.naming.remote.http.NamingHttpClientProxy do shutdown stop
2026-02-04 23:23:28.400 [SpringApplicationShutdownHook] INFO  com.alibaba.nacos.common.remote.client - Shutdown rpc client, set status to shutdown
2026-02-04 23:23:28.401 [SpringApplicationShutdownHook] INFO  com.alibaba.nacos.common.remote.client - Shutdown client event executor java.util.concurrent.ScheduledThreadPoolExecutor@59ba08a[Running, pool size = 2, active threads = 2, queued tasks = 0, completed tasks = 0]
2026-02-04 23:23:28.401 [SpringApplicationShutdownHook] INFO  com.alibaba.nacos.common.remote.client - Close current connection 1770268843798_127.0.0.1_38250
2026-02-04 23:23:28.408 [SpringApplicationShutdownHook] INFO  c.a.nacos.common.remote.client.grpc.GrpcClient - Shutdown grpc executor java.util.concurrent.ThreadPoolExecutor@322cf167[Running, pool size = 4, active threads = 1, queued tasks = 0, completed tasks = 52]
2026-02-04 23:23:28.408 [SpringApplicationShutdownHook] INFO  com.alibaba.nacos.client.naming - Shutdown grpc redo service executor java.util.concurrent.ScheduledThreadPoolExecutor@2ea0506e[Running, pool size = 1, active threads = 0, queued tasks = 1, completed tasks = 55]
2026-02-04 23:23:28.409 [SpringApplicationShutdownHook] INFO  c.a.n.client.auth.ram.identify.CredentialWatcher - [null] CredentialWatcher is stopped
2026-02-04 23:23:28.409 [SpringApplicationShutdownHook] INFO  c.a.n.client.auth.ram.identify.CredentialService - [null] CredentialService is freed
2026-02-04 23:23:28.410 [SpringApplicationShutdownHook] INFO  com.alibaba.nacos.client.naming - com.alibaba.nacos.client.naming.remote.NamingClientProxyDelegate do shutdown stop
2026-02-04 23:23:28.406 [nacos-grpc-client-executor-127.0.0.1-52] INFO  c.a.nacos.common.remote.client.grpc.GrpcClient - [1770268843798_127.0.0.1_38250]Ignore complete event,isRunning:false,isAbandon=false
2026-02-04 23:23:28.579 [SpringApplicationShutdownHook] INFO  com.alibaba.druid.pool.DruidDataSource - {dataSource-1} closing ...
2026-02-04 23:23:28.594 [SpringApplicationShutdownHook] INFO  com.alibaba.druid.pool.DruidDataSource - {dataSource-1} closed
2026-02-04 23:24:11.021 [main] WARN  com.alibaba.nacos.client.logging.NacosLogging - Load Logback Configuration of Nacos fail, message: Could not initialize Logback Nacos logging from classpath:nacos-logback.xml
2026-02-04 23:24:11.116 [main] WARN  com.alibaba.nacos.client.logging.NacosLogging - Load Logback Configuration of Nacos fail, message: Could not initialize Logback Nacos logging from classpath:nacos-logback.xml
2026-02-04 23:24:12.020 [main] WARN  com.alibaba.nacos.client.logging.NacosLogging - Load Logback Configuration of Nacos fail, message: Could not initialize Logback Nacos logging from classpath:nacos-logback.xml
2026-02-04 23:24:12.044 [main] WARN  com.alibaba.nacos.client.logging.NacosLogging - Load Logback Configuration of Nacos fail, message: Could not initialize Logback Nacos logging from classpath:nacos-logback.xml
2026-02-04 23:24:12.045 [main] INFO  c.e.greennote.user.biz.GreenNoteUserBizApplication - The following 1 profile is active: "dev"
2026-02-04 23:24:13.249 [main] INFO  o.s.d.r.config.RepositoryConfigurationDelegate - Multiple Spring Data modules found, entering strict repository configuration mode
2026-02-04 23:24:13.255 [main] INFO  o.s.d.r.config.RepositoryConfigurationDelegate - Bootstrapping Spring Data Redis repositories in DEFAULT mode.
2026-02-04 23:24:13.316 [main] INFO  o.s.d.r.config.RepositoryConfigurationDelegate - Finished Spring Data repository scanning in 30 ms. Found 0 Redis repository interfaces.
2026-02-04 23:24:13.739 [main] INFO  o.springframework.cloud.context.scope.GenericScope - BeanFactory id=1e9efd26-7cd7-3120-86d7-3b3df7cc28ea
2026-02-04 23:24:13.804 [main] INFO  o.s.c.s.PostProcessorRegistrationDelegate$BeanPostProcessorChecker - Bean 'com.evan.greennote.search.api.FileFeignApi' of type [org.springframework.cloud.openfeign.FeignClientFactoryBean] is not eligible for getting processed by all BeanPostProcessors (for example: not eligible for auto-proxying)
2026-02-04 23:24:13.807 [main] INFO  o.s.c.s.PostProcessorRegistrationDelegate$BeanPostProcessorChecker - Bean 'com.evan.greennote.user.api.UserFeignApi' of type [org.springframework.cloud.openfeign.FeignClientFactoryBean] is not eligible for getting processed by all BeanPostProcessors (for example: not eligible for auto-proxying)
2026-02-04 23:24:13.809 [main] INFO  o.s.c.s.PostProcessorRegistrationDelegate$BeanPostProcessorChecker - Bean 'com.evan.greennote.distributed.id.generator.api.DistributedIdGeneratorFeignApi' of type [org.springframework.cloud.openfeign.FeignClientFactoryBean] is not eligible for getting processed by all BeanPostProcessors (for example: not eligible for auto-proxying)
2026-02-04 23:24:13.812 [main] INFO  o.s.c.s.PostProcessorRegistrationDelegate$BeanPostProcessorChecker - Bean 'com.evan.greennote.count.api.CountFeignApi' of type [org.springframework.cloud.openfeign.FeignClientFactoryBean] is not eligible for getting processed by all BeanPostProcessors (for example: not eligible for auto-proxying)
2026-02-04 23:24:14.734 [main] INFO  o.s.boot.web.embedded.tomcat.TomcatWebServer - Tomcat initialized with port(s): 8082 (http)
2026-02-04 23:24:14.751 [main] INFO  org.apache.catalina.core.StandardService - Starting service [Tomcat]
2026-02-04 23:24:14.752 [main] INFO  org.apache.catalina.core.StandardEngine - Starting Servlet engine: [Apache Tomcat/10.1.5]
2026-02-04 23:24:14.922 [main] INFO  o.a.c.core.ContainerBase.[Tomcat].[localhost].[/] - Initializing Spring embedded WebApplicationContext
2026-02-04 23:24:14.923 [main] INFO  o.s.b.w.s.c.ServletWebServerApplicationContext - Root WebApplicationContext: initialization completed in 2846 ms
2026-02-04 23:24:15.144 [main] INFO  c.a.d.s.b.a.DruidDataSourceAutoConfigure - Init DruidDataSource
2026-02-04 23:24:15.648 [main] INFO  com.alibaba.druid.pool.DruidDataSource - {dataSource-1} inited
2026-02-04 23:24:16.247 [main] INFO  o.s.cloud.openfeign.FeignClientFactoryBean - For 'GreenNote-oss' URL not provided. Will try picking an instance via load-balancing.
2026-02-04 23:24:16.889 [main] INFO  o.s.cloud.openfeign.FeignClientFactoryBean - For 'GreenNote-distributed-id-generator' URL not provided. Will try picking an instance via load-balancing.
2026-02-04 23:24:16.928 [main] INFO  o.s.cloud.openfeign.FeignClientFactoryBean - For 'GreenNote-count' URL not provided. Will try picking an instance via load-balancing.
2026-02-04 23:24:18.486 [main] INFO  o.s.boot.web.embedded.tomcat.TomcatWebServer - Tomcat started on port(s): 8082 (http) with context path ''
2026-02-04 23:24:18.493 [main] WARN  com.alibaba.nacos.client.logging.NacosLogging - Load Logback Configuration of Nacos fail, message: Could not initialize Logback Nacos logging from classpath:nacos-logback.xml
2026-02-04 23:24:18.495 [main] INFO  com.alibaba.nacos.client.naming - initializer namespace from ans.namespace attribute : null
2026-02-04 23:24:18.496 [main] INFO  com.alibaba.nacos.client.naming - initializer namespace from ALIBABA_ALIWARE_NAMESPACE attribute :null
2026-02-04 23:24:18.496 [main] INFO  com.alibaba.nacos.client.naming - initializer namespace from namespace attribute :null
2026-02-04 23:24:18.531 [main] INFO  com.alibaba.nacos.client.utils.ParamUtil - [settings] [req-serv] nacos-server port:8848
2026-02-04 23:24:18.531 [main] INFO  com.alibaba.nacos.client.utils.ParamUtil - [settings] [http-client] connect timeout:1000
2026-02-04 23:24:18.532 [main] INFO  com.alibaba.nacos.client.utils.ParamUtil - PER_TASK_CONFIG_SIZE: 3000.0
2026-02-04 23:24:18.538 [main] INFO  c.a.n.p.auth.spi.client.ClientAuthPluginManager - [ClientAuthPluginManager] Load ClientAuthService com.alibaba.nacos.client.auth.impl.NacosClientAuthServiceImpl success.
2026-02-04 23:24:18.539 [main] INFO  c.a.n.p.auth.spi.client.ClientAuthPluginManager - [ClientAuthPluginManager] Load ClientAuthService com.alibaba.nacos.client.auth.ram.RamClientAuthServiceImpl success.
2026-02-04 23:24:18.544 [main] INFO  c.a.n.client.auth.ram.identify.CredentialWatcher - null No credential found
2026-02-04 23:24:18.556 [main] INFO  com.alibaba.nacos.common.remote.client - [RpcClientFactory] create a new rpc client of b0b83c6a-9083-4d5c-879a-b862db8fc8d5
2026-02-04 23:24:18.583 [main] INFO  com.alibaba.nacos.common.remote.client - [b0b83c6a-9083-4d5c-879a-b862db8fc8d5] RpcClient init, ServerListFactory = com.alibaba.nacos.client.naming.core.ServerListManager
2026-02-04 23:24:18.584 [main] INFO  com.alibaba.nacos.common.remote.client - [b0b83c6a-9083-4d5c-879a-b862db8fc8d5] Registry connection listener to current client:com.alibaba.nacos.client.naming.remote.gprc.redo.NamingGrpcRedoService
2026-02-04 23:24:18.584 [main] INFO  com.alibaba.nacos.common.remote.client - [b0b83c6a-9083-4d5c-879a-b862db8fc8d5] Register server push request handler:com.alibaba.nacos.client.naming.remote.gprc.NamingPushRequestHandler
2026-02-04 23:24:18.588 [main] INFO  com.alibaba.nacos.common.remote.client - [b0b83c6a-9083-4d5c-879a-b862db8fc8d5] Try to connect to server on start up, server: {serverIp = '127.0.0.1', server main port = 8848}
2026-02-04 23:24:18.654 [main] INFO  c.a.nacos.common.remote.client.grpc.GrpcClient - grpc client connection server:127.0.0.1 ip,serverPort:9848,grpcTslConfig:{"sslProvider":"OPENSSL","enableTls":false,"mutualAuthEnable":false,"trustAll":false}
2026-02-04 23:24:20.022 [main] INFO  com.alibaba.nacos.common.remote.client - [b0b83c6a-9083-4d5c-879a-b862db8fc8d5] Success to connect to server [127.0.0.1:8848] on start up, connectionId = 1770269059739_127.0.0.1_40676
2026-02-04 23:24:20.023 [com.alibaba.nacos.client.remote.worker] INFO  com.alibaba.nacos.common.remote.client - [b0b83c6a-9083-4d5c-879a-b862db8fc8d5] Notify connected event to listeners.
2026-02-04 23:24:20.023 [com.alibaba.nacos.client.remote.worker] INFO  com.alibaba.nacos.client.naming - Grpc connection connect
2026-02-04 23:24:20.023 [main] INFO  com.alibaba.nacos.common.remote.client - [b0b83c6a-9083-4d5c-879a-b862db8fc8d5] Register server push request handler:com.alibaba.nacos.common.remote.client.RpcClient$ConnectResetRequestHandler
2026-02-04 23:24:20.024 [main] INFO  com.alibaba.nacos.common.remote.client - [b0b83c6a-9083-4d5c-879a-b862db8fc8d5] Register server push request handler:com.alibaba.nacos.common.remote.client.RpcClient$$Lambda$1265/0x000001b0ad928cc0
2026-02-04 23:24:20.026 [main] INFO  com.alibaba.nacos.client.naming - [REGISTER-SERVICE] greennote registering service GreenNote-user with instance Instance{instanceId='null', ip='10.141.73.9', port=8082, weight=1.0, healthy=true, enabled=true, ephemeral=true, clusterName='DEFAULT', serviceName='null', metadata={IPv6=null, preserved.register.source=SPRING_CLOUD}}
2026-02-04 23:24:20.048 [main] INFO  c.a.cloud.nacos.registry.NacosServiceRegistry - nacos registry, DEFAULT_GROUP GreenNote-user 10.141.73.9:8082 register finished
2026-02-04 23:24:20.270 [main] INFO  c.e.greennote.user.biz.GreenNoteUserBizApplication - Started GreenNoteUserBizApplication in 10.401 seconds (process running for 11.235)
2026-02-04 23:24:20.273 [main] INFO  c.e.g.u.biz.runner.PushRolePermissions2RedisRunner - ==> 服务启动，开始同步角色权限数据到redis中...
2026-02-04 23:24:21.042 [main] WARN  c.e.g.u.biz.runner.PushRolePermissions2RedisRunner - ==> 角色权限数据已经同步至 Redis 中，不再同步...
2026-02-04 23:26:11.551 [http-nio-8082-exec-1] INFO  o.a.c.core.ContainerBase.[Tomcat].[localhost].[/] - Initializing Spring DispatcherServlet 'dispatcherServlet'
2026-02-04 23:26:11.551 [http-nio-8082-exec-1] INFO  org.springframework.web.servlet.DispatcherServlet - Initializing Servlet 'dispatcherServlet'
2026-02-04 23:26:11.554 [http-nio-8082-exec-1] INFO  org.springframework.web.servlet.DispatcherServlet - Completed initialization in 2 ms
2026-02-04 23:26:11.580 [http-nio-8082-exec-1] INFO  c.e.f.b.context.filter.HeaderUserId2ContextFilter - ===== 设置 userId 到 ThreadLocal 中， 用户 ID: 3
2026-02-04 23:26:11.737 [http-nio-8082-exec-1] DEBUG c.e.g.u.b.d.mapper.UserDOMapper.selectByPrimaryKey - ==>  Preparing: select id, greennote_id, `password`, nickname, avatar, birthday, background_img, email, sex, `status`, introduction, create_time, update_time, is_deleted from t_user where id = ?
2026-02-04 23:26:12.020 [http-nio-8082-exec-1] DEBUG c.e.g.u.b.d.mapper.UserDOMapper.selectByPrimaryKey - ==> Parameters: 1000005(Long)
2026-02-04 23:26:12.045 [http-nio-8082-exec-1] DEBUG c.e.g.u.b.d.mapper.UserDOMapper.selectByPrimaryKey - <==      Total: 0
2026-02-04 23:26:12.054 [http-nio-8082-exec-1] WARN  c.e.g.user.biz.exception.GlobalExceptionHandler - /user/profile request fail, errorCode: USER-20007, errorMessage: 该用户不存在
2026-02-04 23:26:12.075 [http-nio-8082-exec-1] INFO  c.e.f.b.context.filter.HeaderUserId2ContextFilter - ===== 删除 ThreadLocal， userId: 3
2026-02-04 23:26:29.192 [http-nio-8082-exec-2] INFO  c.e.f.b.context.filter.HeaderUserId2ContextFilter - ===== 设置 userId 到 ThreadLocal 中， 用户 ID: 3
2026-02-04 23:26:29.194 [http-nio-8082-exec-2] DEBUG c.e.g.u.b.d.mapper.UserDOMapper.selectByPrimaryKey - ==>  Preparing: select id, greennote_id, `password`, nickname, avatar, birthday, background_img, email, sex, `status`, introduction, create_time, update_time, is_deleted from t_user where id = ?
2026-02-04 23:26:29.196 [http-nio-8082-exec-2] DEBUG c.e.g.u.b.d.mapper.UserDOMapper.selectByPrimaryKey - ==> Parameters: 3(Long)
2026-02-04 23:26:29.205 [http-nio-8082-exec-2] DEBUG c.e.g.u.b.d.mapper.UserDOMapper.selectByPrimaryKey - <==      Total: 1
2026-02-04 23:26:29.221 [http-nio-8082-exec-2] INFO  c.e.f.b.c.interceptor.FeignRequestInterceptor - ########## feign 请求设置请求头 userId: 3
2026-02-04 23:26:29.316 [http-nio-8082-exec-2] INFO  com.alibaba.nacos.client.naming - [SUBSCRIBE-SERVICE] service:GreenNote-count, group:DEFAULT_GROUP, clusters: 
2026-02-04 23:26:29.339 [http-nio-8082-exec-2] INFO  com.alibaba.nacos.client.naming - init new ips(1) service: DEFAULT_GROUP@@GreenNote-count -> [{"ip":"10.141.73.9","port":8090,"weight":1.0,"healthy":true,"enabled":true,"ephemeral":true,"clusterName":"DEFAULT","serviceName":"DEFAULT_GROUP@@GreenNote-count","metadata":{"preserved.register.source":"SPRING_CLOUD"},"ipDeleteTimeout":30000,"instanceHeartBeatInterval":5000,"instanceHeartBeatTimeOut":15000}]
2026-02-04 23:26:29.351 [http-nio-8082-exec-2] INFO  com.alibaba.nacos.client.naming - current ips:(1) service: DEFAULT_GROUP@@GreenNote-count -> [{"ip":"10.141.73.9","port":8090,"weight":1.0,"healthy":true,"enabled":true,"ephemeral":true,"clusterName":"DEFAULT","serviceName":"DEFAULT_GROUP@@GreenNote-count","metadata":{"preserved.register.source":"SPRING_CLOUD"},"ipDeleteTimeout":30000,"instanceHeartBeatInterval":5000,"instanceHeartBeatTimeOut":15000}]
2026-02-04 23:26:29.919 [nacos-grpc-client-executor-127.0.0.1-39] INFO  com.alibaba.nacos.common.remote.client - [b0b83c6a-9083-4d5c-879a-b862db8fc8d5] Receive server push request, request = NotifySubscriberRequest, requestId = 25
2026-02-04 23:26:29.919 [nacos-grpc-client-executor-127.0.0.1-39] INFO  com.alibaba.nacos.common.remote.client - [b0b83c6a-9083-4d5c-879a-b862db8fc8d5] Ack server push request, request = NotifySubscriberRequest, requestId = 25
2026-02-04 23:26:30.161 [http-nio-8082-exec-2] INFO  c.e.f.b.context.filter.HeaderUserId2ContextFilter - ===== 删除 ThreadLocal， userId: 3
2026-02-04 23:28:32.750 [Thread-10] WARN  c.alibaba.nacos.common.http.HttpClientBeanHolder - [HttpClientBeanHolder] Start destroying common HttpClient
2026-02-04 23:28:32.750 [Thread-7] WARN  com.alibaba.nacos.common.notify.NotifyCenter - [NotifyCenter] Start destroying Publisher
2026-02-04 23:28:32.752 [Thread-10] WARN  c.alibaba.nacos.common.http.HttpClientBeanHolder - [HttpClientBeanHolder] Destruction of the end
2026-02-04 23:28:32.752 [Thread-7] WARN  com.alibaba.nacos.common.notify.NotifyCenter - [NotifyCenter] Destruction of the end
2026-02-04 23:28:32.786 [SpringApplicationShutdownHook] INFO  c.a.cloud.nacos.registry.NacosServiceRegistry - De-registering from Nacos Server now...
2026-02-04 23:28:32.786 [SpringApplicationShutdownHook] INFO  com.alibaba.nacos.client.naming - [DEREGISTER-SERVICE] greennote deregistering service GreenNote-user with instance: Instance{instanceId='null', ip='10.141.73.9', port=8082, weight=1.0, healthy=true, enabled=true, ephemeral=true, clusterName='DEFAULT', serviceName='null', metadata={}}
2026-02-04 23:28:32.790 [SpringApplicationShutdownHook] INFO  c.a.cloud.nacos.registry.NacosServiceRegistry - De-registration finished.
2026-02-04 23:28:32.791 [SpringApplicationShutdownHook] INFO  com.alibaba.nacos.client.naming - com.alibaba.nacos.client.naming.cache.ServiceInfoHolder do shutdown begin
2026-02-04 23:28:32.791 [SpringApplicationShutdownHook] INFO  com.alibaba.nacos.client.naming - com.alibaba.nacos.client.naming.backups.FailoverReactor do shutdown begin
2026-02-04 23:28:32.791 [SpringApplicationShutdownHook] INFO  com.alibaba.nacos.client.naming - com.alibaba.nacos.client.naming.backups.FailoverReactor do shutdown stop
2026-02-04 23:28:32.791 [SpringApplicationShutdownHook] INFO  com.alibaba.nacos.client.naming - com.alibaba.nacos.client.naming.cache.ServiceInfoHolder do shutdown stop
2026-02-04 23:28:32.791 [SpringApplicationShutdownHook] INFO  com.alibaba.nacos.client.naming - com.alibaba.nacos.client.naming.remote.NamingClientProxyDelegate do shutdown begin
2026-02-04 23:28:32.791 [SpringApplicationShutdownHook] INFO  com.alibaba.nacos.client.naming - com.alibaba.nacos.client.naming.core.ServiceInfoUpdateService do shutdown begin
2026-02-04 23:28:32.792 [SpringApplicationShutdownHook] INFO  com.alibaba.nacos.client.naming - com.alibaba.nacos.client.naming.core.ServiceInfoUpdateService do shutdown stop
2026-02-04 23:28:32.792 [SpringApplicationShutdownHook] INFO  com.alibaba.nacos.client.naming - com.alibaba.nacos.client.naming.core.ServerListManager do shutdown begin
2026-02-04 23:28:32.792 [SpringApplicationShutdownHook] WARN  com.alibaba.nacos.client.naming - [NamingHttpClientManager] Start destroying NacosRestTemplate
2026-02-04 23:28:32.792 [SpringApplicationShutdownHook] WARN  com.alibaba.nacos.client.naming - [NamingHttpClientManager] Destruction of the end
2026-02-04 23:28:32.792 [SpringApplicationShutdownHook] INFO  com.alibaba.nacos.client.naming - com.alibaba.nacos.client.naming.core.ServerListManager do shutdown stop
2026-02-04 23:28:32.792 [SpringApplicationShutdownHook] INFO  com.alibaba.nacos.client.naming - com.alibaba.nacos.client.naming.remote.http.NamingHttpClientProxy do shutdown begin
2026-02-04 23:28:32.792 [SpringApplicationShutdownHook] WARN  com.alibaba.nacos.client.naming - [NamingHttpClientManager] Start destroying NacosRestTemplate
2026-02-04 23:28:32.792 [SpringApplicationShutdownHook] WARN  com.alibaba.nacos.client.naming - [NamingHttpClientManager] Destruction of the end
2026-02-04 23:28:32.792 [SpringApplicationShutdownHook] INFO  com.alibaba.nacos.client.naming - com.alibaba.nacos.client.naming.remote.http.NamingHttpClientProxy do shutdown stop
2026-02-04 23:28:32.792 [SpringApplicationShutdownHook] INFO  com.alibaba.nacos.common.remote.client - Shutdown rpc client, set status to shutdown
2026-02-04 23:28:32.792 [SpringApplicationShutdownHook] INFO  com.alibaba.nacos.common.remote.client - Shutdown client event executor java.util.concurrent.ScheduledThreadPoolExecutor@60aa9e08[Running, pool size = 2, active threads = 2, queued tasks = 0, completed tasks = 0]
2026-02-04 23:28:32.792 [SpringApplicationShutdownHook] INFO  com.alibaba.nacos.common.remote.client - Close current connection 1770269059739_127.0.0.1_40676
2026-02-04 23:28:32.793 [nacos-grpc-client-executor-127.0.0.1-67] INFO  c.a.nacos.common.remote.client.grpc.GrpcClient - [1770269059739_127.0.0.1_40676]Ignore complete event,isRunning:false,isAbandon=false
2026-02-04 23:28:32.797 [SpringApplicationShutdownHook] INFO  c.a.nacos.common.remote.client.grpc.GrpcClient - Shutdown grpc executor java.util.concurrent.ThreadPoolExecutor@785a3cde[Running, pool size = 4, active threads = 0, queued tasks = 0, completed tasks = 68]
2026-02-04 23:28:32.797 [SpringApplicationShutdownHook] INFO  com.alibaba.nacos.client.naming - Shutdown grpc redo service executor java.util.concurrent.ScheduledThreadPoolExecutor@70287937[Running, pool size = 1, active threads = 0, queued tasks = 1, completed tasks = 84]
2026-02-04 23:28:32.798 [SpringApplicationShutdownHook] INFO  c.a.n.client.auth.ram.identify.CredentialWatcher - [null] CredentialWatcher is stopped
2026-02-04 23:28:32.798 [SpringApplicationShutdownHook] INFO  c.a.n.client.auth.ram.identify.CredentialService - [null] CredentialService is freed
2026-02-04 23:28:32.798 [SpringApplicationShutdownHook] INFO  com.alibaba.nacos.client.naming - com.alibaba.nacos.client.naming.remote.NamingClientProxyDelegate do shutdown stop
2026-02-04 23:28:32.939 [SpringApplicationShutdownHook] INFO  com.alibaba.druid.pool.DruidDataSource - {dataSource-1} closing ...
2026-02-04 23:28:32.948 [SpringApplicationShutdownHook] INFO  com.alibaba.druid.pool.DruidDataSource - {dataSource-1} closed
2026-02-04 23:28:41.164 [main] WARN  com.alibaba.nacos.client.logging.NacosLogging - Load Logback Configuration of Nacos fail, message: Could not initialize Logback Nacos logging from classpath:nacos-logback.xml
2026-02-04 23:28:41.249 [main] WARN  com.alibaba.nacos.client.logging.NacosLogging - Load Logback Configuration of Nacos fail, message: Could not initialize Logback Nacos logging from classpath:nacos-logback.xml
2026-02-04 23:28:42.057 [main] WARN  com.alibaba.nacos.client.logging.NacosLogging - Load Logback Configuration of Nacos fail, message: Could not initialize Logback Nacos logging from classpath:nacos-logback.xml
2026-02-04 23:28:42.081 [main] WARN  com.alibaba.nacos.client.logging.NacosLogging - Load Logback Configuration of Nacos fail, message: Could not initialize Logback Nacos logging from classpath:nacos-logback.xml
2026-02-04 23:28:42.082 [main] INFO  c.e.greennote.user.biz.GreenNoteUserBizApplication - The following 1 profile is active: "dev"
2026-02-04 23:28:43.013 [main] INFO  o.s.d.r.config.RepositoryConfigurationDelegate - Multiple Spring Data modules found, entering strict repository configuration mode
2026-02-04 23:28:43.029 [main] INFO  o.s.d.r.config.RepositoryConfigurationDelegate - Bootstrapping Spring Data Redis repositories in DEFAULT mode.
2026-02-04 23:28:43.065 [main] INFO  o.s.d.r.config.RepositoryConfigurationDelegate - Finished Spring Data repository scanning in 13 ms. Found 0 Redis repository interfaces.
2026-02-04 23:28:43.436 [main] INFO  o.springframework.cloud.context.scope.GenericScope - BeanFactory id=1e9efd26-7cd7-3120-86d7-3b3df7cc28ea
2026-02-04 23:28:43.523 [main] INFO  o.s.c.s.PostProcessorRegistrationDelegate$BeanPostProcessorChecker - Bean 'com.evan.greennote.search.api.FileFeignApi' of type [org.springframework.cloud.openfeign.FeignClientFactoryBean] is not eligible for getting processed by all BeanPostProcessors (for example: not eligible for auto-proxying)
2026-02-04 23:28:43.528 [main] INFO  o.s.c.s.PostProcessorRegistrationDelegate$BeanPostProcessorChecker - Bean 'com.evan.greennote.user.api.UserFeignApi' of type [org.springframework.cloud.openfeign.FeignClientFactoryBean] is not eligible for getting processed by all BeanPostProcessors (for example: not eligible for auto-proxying)
2026-02-04 23:28:43.532 [main] INFO  o.s.c.s.PostProcessorRegistrationDelegate$BeanPostProcessorChecker - Bean 'com.evan.greennote.distributed.id.generator.api.DistributedIdGeneratorFeignApi' of type [org.springframework.cloud.openfeign.FeignClientFactoryBean] is not eligible for getting processed by all BeanPostProcessors (for example: not eligible for auto-proxying)
2026-02-04 23:28:43.536 [main] INFO  o.s.c.s.PostProcessorRegistrationDelegate$BeanPostProcessorChecker - Bean 'com.evan.greennote.count.api.CountFeignApi' of type [org.springframework.cloud.openfeign.FeignClientFactoryBean] is not eligible for getting processed by all BeanPostProcessors (for example: not eligible for auto-proxying)
2026-02-04 23:28:44.342 [main] INFO  o.s.boot.web.embedded.tomcat.TomcatWebServer - Tomcat initialized with port(s): 8082 (http)
2026-02-04 23:28:44.358 [main] INFO  org.apache.catalina.core.StandardService - Starting service [Tomcat]
2026-02-04 23:28:44.358 [main] INFO  org.apache.catalina.core.StandardEngine - Starting Servlet engine: [Apache Tomcat/10.1.5]
2026-02-04 23:28:44.579 [main] INFO  o.a.c.core.ContainerBase.[Tomcat].[localhost].[/] - Initializing Spring embedded WebApplicationContext
2026-02-04 23:28:44.580 [main] INFO  o.s.b.w.s.c.ServletWebServerApplicationContext - Root WebApplicationContext: initialization completed in 2465 ms
2026-02-04 23:28:44.781 [main] INFO  c.a.d.s.b.a.DruidDataSourceAutoConfigure - Init DruidDataSource
2026-02-04 23:28:45.272 [main] INFO  com.alibaba.druid.pool.DruidDataSource - {dataSource-1} inited
2026-02-04 23:28:45.831 [main] INFO  o.s.cloud.openfeign.FeignClientFactoryBean - For 'GreenNote-oss' URL not provided. Will try picking an instance via load-balancing.
2026-02-04 23:28:46.408 [main] INFO  o.s.cloud.openfeign.FeignClientFactoryBean - For 'GreenNote-distributed-id-generator' URL not provided. Will try picking an instance via load-balancing.
2026-02-04 23:28:46.441 [main] INFO  o.s.cloud.openfeign.FeignClientFactoryBean - For 'GreenNote-count' URL not provided. Will try picking an instance via load-balancing.
2026-02-04 23:28:47.755 [main] INFO  o.s.boot.web.embedded.tomcat.TomcatWebServer - Tomcat started on port(s): 8082 (http) with context path ''
2026-02-04 23:28:47.766 [main] WARN  com.alibaba.nacos.client.logging.NacosLogging - Load Logback Configuration of Nacos fail, message: Could not initialize Logback Nacos logging from classpath:nacos-logback.xml
2026-02-04 23:28:47.766 [main] INFO  com.alibaba.nacos.client.naming - initializer namespace from ans.namespace attribute : null
2026-02-04 23:28:47.767 [main] INFO  com.alibaba.nacos.client.naming - initializer namespace from ALIBABA_ALIWARE_NAMESPACE attribute :null
2026-02-04 23:28:47.768 [main] INFO  com.alibaba.nacos.client.naming - initializer namespace from namespace attribute :null
2026-02-04 23:28:47.812 [main] INFO  com.alibaba.nacos.client.utils.ParamUtil - [settings] [req-serv] nacos-server port:8848
2026-02-04 23:28:47.814 [main] INFO  com.alibaba.nacos.client.utils.ParamUtil - [settings] [http-client] connect timeout:1000
2026-02-04 23:28:47.815 [main] INFO  com.alibaba.nacos.client.utils.ParamUtil - PER_TASK_CONFIG_SIZE: 3000.0
2026-02-04 23:28:47.821 [main] INFO  c.a.n.p.auth.spi.client.ClientAuthPluginManager - [ClientAuthPluginManager] Load ClientAuthService com.alibaba.nacos.client.auth.impl.NacosClientAuthServiceImpl success.
2026-02-04 23:28:47.822 [main] INFO  c.a.n.p.auth.spi.client.ClientAuthPluginManager - [ClientAuthPluginManager] Load ClientAuthService com.alibaba.nacos.client.auth.ram.RamClientAuthServiceImpl success.
2026-02-04 23:28:47.826 [main] INFO  c.a.n.client.auth.ram.identify.CredentialWatcher - null No credential found
2026-02-04 23:28:47.839 [main] INFO  com.alibaba.nacos.common.remote.client - [RpcClientFactory] create a new rpc client of 6b52258c-8120-475e-a6cb-4468b0e87ce1
2026-02-04 23:28:47.866 [main] INFO  com.alibaba.nacos.common.remote.client - [6b52258c-8120-475e-a6cb-4468b0e87ce1] RpcClient init, ServerListFactory = com.alibaba.nacos.client.naming.core.ServerListManager
2026-02-04 23:28:47.866 [main] INFO  com.alibaba.nacos.common.remote.client - [6b52258c-8120-475e-a6cb-4468b0e87ce1] Registry connection listener to current client:com.alibaba.nacos.client.naming.remote.gprc.redo.NamingGrpcRedoService
2026-02-04 23:28:47.868 [main] INFO  com.alibaba.nacos.common.remote.client - [6b52258c-8120-475e-a6cb-4468b0e87ce1] Register server push request handler:com.alibaba.nacos.client.naming.remote.gprc.NamingPushRequestHandler
2026-02-04 23:28:47.871 [main] INFO  com.alibaba.nacos.common.remote.client - [6b52258c-8120-475e-a6cb-4468b0e87ce1] Try to connect to server on start up, server: {serverIp = '127.0.0.1', server main port = 8848}
2026-02-04 23:28:47.931 [main] INFO  c.a.nacos.common.remote.client.grpc.GrpcClient - grpc client connection server:127.0.0.1 ip,serverPort:9848,grpcTslConfig:{"sslProvider":"OPENSSL","enableTls":false,"mutualAuthEnable":false,"trustAll":false}
2026-02-04 23:28:49.158 [main] INFO  com.alibaba.nacos.common.remote.client - [6b52258c-8120-475e-a6cb-4468b0e87ce1] Success to connect to server [127.0.0.1:8848] on start up, connectionId = 1770269328919_127.0.0.1_25808
2026-02-04 23:28:49.160 [com.alibaba.nacos.client.remote.worker] INFO  com.alibaba.nacos.common.remote.client - [6b52258c-8120-475e-a6cb-4468b0e87ce1] Notify connected event to listeners.
2026-02-04 23:28:49.160 [com.alibaba.nacos.client.remote.worker] INFO  com.alibaba.nacos.client.naming - Grpc connection connect
2026-02-04 23:28:49.160 [main] INFO  com.alibaba.nacos.common.remote.client - [6b52258c-8120-475e-a6cb-4468b0e87ce1] Register server push request handler:com.alibaba.nacos.common.remote.client.RpcClient$ConnectResetRequestHandler
2026-02-04 23:28:49.160 [main] INFO  com.alibaba.nacos.common.remote.client - [6b52258c-8120-475e-a6cb-4468b0e87ce1] Register server push request handler:com.alibaba.nacos.common.remote.client.RpcClient$$Lambda$1265/0x000002d19f926e78
2026-02-04 23:28:49.162 [main] INFO  com.alibaba.nacos.client.naming - [REGISTER-SERVICE] greennote registering service GreenNote-user with instance Instance{instanceId='null', ip='10.141.73.9', port=8082, weight=1.0, healthy=true, enabled=true, ephemeral=true, clusterName='DEFAULT', serviceName='null', metadata={IPv6=null, preserved.register.source=SPRING_CLOUD}}
2026-02-04 23:28:49.188 [main] INFO  c.a.cloud.nacos.registry.NacosServiceRegistry - nacos registry, DEFAULT_GROUP GreenNote-user 10.141.73.9:8082 register finished
2026-02-04 23:28:49.398 [main] INFO  c.e.greennote.user.biz.GreenNoteUserBizApplication - Started GreenNoteUserBizApplication in 9.258 seconds (process running for 10.058)
2026-02-04 23:28:49.400 [main] INFO  c.e.g.u.biz.runner.PushRolePermissions2RedisRunner - ==> 服务启动，开始同步角色权限数据到redis中...
2026-02-04 23:28:50.097 [main] WARN  c.e.g.u.biz.runner.PushRolePermissions2RedisRunner - ==> 角色权限数据已经同步至 Redis 中，不再同步...
2026-02-04 23:30:15.027 [http-nio-8082-exec-1] INFO  o.a.c.core.ContainerBase.[Tomcat].[localhost].[/] - Initializing Spring DispatcherServlet 'dispatcherServlet'
2026-02-04 23:30:15.028 [http-nio-8082-exec-1] INFO  org.springframework.web.servlet.DispatcherServlet - Initializing Servlet 'dispatcherServlet'
2026-02-04 23:30:15.030 [http-nio-8082-exec-1] INFO  org.springframework.web.servlet.DispatcherServlet - Completed initialization in 2 ms
2026-02-04 23:30:15.049 [http-nio-8082-exec-1] INFO  c.e.f.b.context.filter.HeaderUserId2ContextFilter - ===== 设置 userId 到 ThreadLocal 中， 用户 ID: 3
2026-02-04 23:30:15.176 [http-nio-8082-exec-1] DEBUG c.e.g.u.b.d.mapper.UserDOMapper.selectByPrimaryKey - ==>  Preparing: select id, greennote_id, `password`, nickname, avatar, birthday, background_img, email, sex, `status`, introduction, create_time, update_time, is_deleted from t_user where id = ?
2026-02-04 23:30:15.403 [http-nio-8082-exec-1] DEBUG c.e.g.u.b.d.mapper.UserDOMapper.selectByPrimaryKey - ==> Parameters: 3(Long)
2026-02-04 23:30:15.432 [http-nio-8082-exec-1] DEBUG c.e.g.u.b.d.mapper.UserDOMapper.selectByPrimaryKey - <==      Total: 1
2026-02-04 23:30:15.453 [http-nio-8082-exec-1] INFO  c.e.f.b.c.interceptor.FeignRequestInterceptor - ########## feign 请求设置请求头 userId: 3
2026-02-04 23:30:15.565 [http-nio-8082-exec-1] INFO  com.alibaba.nacos.client.naming - [SUBSCRIBE-SERVICE] service:GreenNote-count, group:DEFAULT_GROUP, clusters: 
2026-02-04 23:30:15.586 [http-nio-8082-exec-1] INFO  com.alibaba.nacos.client.naming - init new ips(1) service: DEFAULT_GROUP@@GreenNote-count -> [{"ip":"10.141.73.9","port":8090,"weight":1.0,"healthy":true,"enabled":true,"ephemeral":true,"clusterName":"DEFAULT","serviceName":"DEFAULT_GROUP@@GreenNote-count","metadata":{"preserved.register.source":"SPRING_CLOUD"},"ipDeleteTimeout":30000,"instanceHeartBeatInterval":5000,"instanceHeartBeatTimeOut":15000}]
2026-02-04 23:30:15.599 [http-nio-8082-exec-1] INFO  com.alibaba.nacos.client.naming - current ips:(1) service: DEFAULT_GROUP@@GreenNote-count -> [{"ip":"10.141.73.9","port":8090,"weight":1.0,"healthy":true,"enabled":true,"ephemeral":true,"clusterName":"DEFAULT","serviceName":"DEFAULT_GROUP@@GreenNote-count","metadata":{"preserved.register.source":"SPRING_CLOUD"},"ipDeleteTimeout":30000,"instanceHeartBeatInterval":5000,"instanceHeartBeatTimeOut":15000}]
2026-02-04 23:30:15.683 [http-nio-8082-exec-1] INFO  c.e.f.b.context.filter.HeaderUserId2ContextFilter - ===== 删除 ThreadLocal， userId: 3
2026-02-04 23:30:16.172 [nacos-grpc-client-executor-127.0.0.1-30] INFO  com.alibaba.nacos.common.remote.client - [6b52258c-8120-475e-a6cb-4468b0e87ce1] Receive server push request, request = NotifySubscriberRequest, requestId = 28
2026-02-04 23:30:16.172 [nacos-grpc-client-executor-127.0.0.1-30] INFO  com.alibaba.nacos.common.remote.client - [6b52258c-8120-475e-a6cb-4468b0e87ce1] Ack server push request, request = NotifySubscriberRequest, requestId = 28
2026-02-04 23:30:27.869 [http-nio-8082-exec-2] INFO  c.e.f.b.context.filter.HeaderUserId2ContextFilter - ===== 设置 userId 到 ThreadLocal 中， 用户 ID: 3
2026-02-04 23:30:27.872 [http-nio-8082-exec-2] DEBUG c.e.g.u.b.d.mapper.UserDOMapper.selectByPrimaryKey - ==>  Preparing: select id, greennote_id, `password`, nickname, avatar, birthday, background_img, email, sex, `status`, introduction, create_time, update_time, is_deleted from t_user where id = ?
2026-02-04 23:30:27.873 [http-nio-8082-exec-2] DEBUG c.e.g.u.b.d.mapper.UserDOMapper.selectByPrimaryKey - ==> Parameters: 100(Long)
2026-02-04 23:30:27.875 [http-nio-8082-exec-2] DEBUG c.e.g.u.b.d.mapper.UserDOMapper.selectByPrimaryKey - <==      Total: 1
2026-02-04 23:30:27.877 [http-nio-8082-exec-2] INFO  c.e.f.b.c.interceptor.FeignRequestInterceptor - ########## feign 请求设置请求头 userId: 3
2026-02-04 23:30:27.902 [http-nio-8082-exec-2] INFO  c.e.f.b.context.filter.HeaderUserId2ContextFilter - ===== 删除 ThreadLocal， userId: 3
2026-02-04 23:30:56.320 [http-nio-8082-exec-3] INFO  c.e.f.b.context.filter.HeaderUserId2ContextFilter - ===== 设置 userId 到 ThreadLocal 中， 用户 ID: 3
2026-02-04 23:30:56.322 [http-nio-8082-exec-3] DEBUG c.e.g.u.b.d.mapper.UserDOMapper.selectByPrimaryKey - ==>  Preparing: select id, greennote_id, `password`, nickname, avatar, birthday, background_img, email, sex, `status`, introduction, create_time, update_time, is_deleted from t_user where id = ?
2026-02-04 23:30:56.323 [http-nio-8082-exec-3] DEBUG c.e.g.u.b.d.mapper.UserDOMapper.selectByPrimaryKey - ==> Parameters: 101(Long)
2026-02-04 23:30:56.326 [http-nio-8082-exec-3] DEBUG c.e.g.u.b.d.mapper.UserDOMapper.selectByPrimaryKey - <==      Total: 1
2026-02-04 23:30:56.328 [http-nio-8082-exec-3] INFO  c.e.f.b.c.interceptor.FeignRequestInterceptor - ########## feign 请求设置请求头 userId: 3
2026-02-04 23:30:56.831 [http-nio-8082-exec-3] INFO  c.e.f.b.context.filter.HeaderUserId2ContextFilter - ===== 删除 ThreadLocal， userId: 3
2026-02-04 23:31:02.798 [http-nio-8082-exec-4] INFO  c.e.f.b.context.filter.HeaderUserId2ContextFilter - ===== 设置 userId 到 ThreadLocal 中， 用户 ID: 3
2026-02-04 23:31:02.800 [http-nio-8082-exec-4] DEBUG c.e.g.u.b.d.mapper.UserDOMapper.selectByPrimaryKey - ==>  Preparing: select id, greennote_id, `password`, nickname, avatar, birthday, background_img, email, sex, `status`, introduction, create_time, update_time, is_deleted from t_user where id = ?
2026-02-04 23:31:02.801 [http-nio-8082-exec-4] DEBUG c.e.g.u.b.d.mapper.UserDOMapper.selectByPrimaryKey - ==> Parameters: 1(Long)
2026-02-04 23:31:02.803 [http-nio-8082-exec-4] DEBUG c.e.g.u.b.d.mapper.UserDOMapper.selectByPrimaryKey - <==      Total: 1
2026-02-04 23:31:02.805 [http-nio-8082-exec-4] INFO  c.e.f.b.c.interceptor.FeignRequestInterceptor - ########## feign 请求设置请求头 userId: 3
2026-02-04 23:31:02.832 [http-nio-8082-exec-4] INFO  c.e.f.b.context.filter.HeaderUserId2ContextFilter - ===== 删除 ThreadLocal， userId: 3
2026-02-04 23:31:06.906 [http-nio-8082-exec-5] INFO  c.e.f.b.context.filter.HeaderUserId2ContextFilter - ===== 设置 userId 到 ThreadLocal 中， 用户 ID: 3
2026-02-04 23:31:06.907 [http-nio-8082-exec-5] DEBUG c.e.g.u.b.d.mapper.UserDOMapper.selectByPrimaryKey - ==>  Preparing: select id, greennote_id, `password`, nickname, avatar, birthday, background_img, email, sex, `status`, introduction, create_time, update_time, is_deleted from t_user where id = ?
2026-02-04 23:31:06.908 [http-nio-8082-exec-5] DEBUG c.e.g.u.b.d.mapper.UserDOMapper.selectByPrimaryKey - ==> Parameters: 2(Long)
2026-02-04 23:31:06.911 [http-nio-8082-exec-5] DEBUG c.e.g.u.b.d.mapper.UserDOMapper.selectByPrimaryKey - <==      Total: 1
2026-02-04 23:31:06.912 [http-nio-8082-exec-5] INFO  c.e.f.b.c.interceptor.FeignRequestInterceptor - ########## feign 请求设置请求头 userId: 3
2026-02-04 23:31:06.931 [http-nio-8082-exec-5] INFO  c.e.f.b.context.filter.HeaderUserId2ContextFilter - ===== 删除 ThreadLocal， userId: 3
2026-02-04 23:31:34.088 [http-nio-8082-exec-6] INFO  c.e.f.b.context.filter.HeaderUserId2ContextFilter - ===== 设置 userId 到 ThreadLocal 中， 用户 ID: 3
2026-02-04 23:31:34.091 [http-nio-8082-exec-6] DEBUG c.e.g.u.b.d.mapper.UserDOMapper.selectByPrimaryKey - ==>  Preparing: select id, greennote_id, `password`, nickname, avatar, birthday, background_img, email, sex, `status`, introduction, create_time, update_time, is_deleted from t_user where id = ?
2026-02-04 23:31:34.091 [http-nio-8082-exec-6] DEBUG c.e.g.u.b.d.mapper.UserDOMapper.selectByPrimaryKey - ==> Parameters: 3(Long)
2026-02-04 23:31:34.094 [http-nio-8082-exec-6] DEBUG c.e.g.u.b.d.mapper.UserDOMapper.selectByPrimaryKey - <==      Total: 1
2026-02-04 23:31:34.096 [http-nio-8082-exec-6] INFO  c.e.f.b.c.interceptor.FeignRequestInterceptor - ########## feign 请求设置请求头 userId: 3
2026-02-04 23:31:34.113 [http-nio-8082-exec-6] INFO  c.e.f.b.context.filter.HeaderUserId2ContextFilter - ===== 删除 ThreadLocal， userId: 3
