2026-01-24 20:22:35.596 [main] WARN  com.alibaba.nacos.client.logging.NacosLogging - Load Logback Configuration of Nacos fail, message: Could not initialize Logback Nacos logging from classpath:nacos-logback.xml
2026-01-24 20:22:35.655 [main] WARN  com.alibaba.nacos.client.logging.NacosLogging - Load Logback Configuration of Nacos fail, message: Could not initialize Logback Nacos logging from classpath:nacos-logback.xml
2026-01-24 20:22:36.193 [main] WARN  com.alibaba.nacos.client.logging.NacosLogging - Load Logback Configuration of Nacos fail, message: Could not initialize Logback Nacos logging from classpath:nacos-logback.xml
2026-01-24 20:22:36.210 [main] WARN  com.alibaba.nacos.client.logging.NacosLogging - Load Logback Configuration of Nacos fail, message: Could not initialize Logback Nacos logging from classpath:nacos-logback.xml
2026-01-24 20:22:36.211 [main] INFO  c.e.greennote.user.biz.GreenNoteUserBizApplication - The following 1 profile is active: "dev"
2026-01-24 20:22:36.825 [main] INFO  o.s.d.r.config.RepositoryConfigurationDelegate - Multiple Spring Data modules found, entering strict repository configuration mode
2026-01-24 20:22:36.827 [main] INFO  o.s.d.r.config.RepositoryConfigurationDelegate - Bootstrapping Spring Data Redis repositories in DEFAULT mode.
2026-01-24 20:22:36.848 [main] INFO  o.s.d.r.config.RepositoryConfigurationDelegate - Finished Spring Data repository scanning in 8 ms. Found 0 Redis repository interfaces.
2026-01-24 20:22:37.102 [main] INFO  o.springframework.cloud.context.scope.GenericScope - BeanFactory id=13d3b442-4405-3ffb-9e0f-d0c5635ac705
2026-01-24 20:22:37.145 [main] INFO  o.s.c.s.PostProcessorRegistrationDelegate$BeanPostProcessorChecker - Bean 'com.evan.greennote.oss.api.FileFeignApi' of type [org.springframework.cloud.openfeign.FeignClientFactoryBean] is not eligible for getting processed by all BeanPostProcessors (for example: not eligible for auto-proxying)
2026-01-24 20:22:37.147 [main] INFO  o.s.c.s.PostProcessorRegistrationDelegate$BeanPostProcessorChecker - Bean 'com.evan.greennote.user.api.UserFeignApi' of type [org.springframework.cloud.openfeign.FeignClientFactoryBean] is not eligible for getting processed by all BeanPostProcessors (for example: not eligible for auto-proxying)
2026-01-24 20:22:37.150 [main] INFO  o.s.c.s.PostProcessorRegistrationDelegate$BeanPostProcessorChecker - Bean 'com.evan.greennote.distributed.id.generator.api.DistributedIdGeneratorFeignApi' of type [org.springframework.cloud.openfeign.FeignClientFactoryBean] is not eligible for getting processed by all BeanPostProcessors (for example: not eligible for auto-proxying)
2026-01-24 20:22:37.878 [main] INFO  o.s.boot.web.embedded.tomcat.TomcatWebServer - Tomcat initialized with port(s): 8082 (http)
2026-01-24 20:22:37.903 [main] INFO  org.apache.catalina.core.StandardService - Starting service [Tomcat]
2026-01-24 20:22:37.906 [main] INFO  org.apache.catalina.core.StandardEngine - Starting Servlet engine: [Apache Tomcat/10.1.5]
2026-01-24 20:22:38.071 [main] INFO  o.a.c.core.ContainerBase.[Tomcat].[localhost].[/] - Initializing Spring embedded WebApplicationContext
2026-01-24 20:22:38.072 [main] INFO  o.s.b.w.s.c.ServletWebServerApplicationContext - Root WebApplicationContext: initialization completed in 1839 ms
2026-01-24 20:22:38.262 [main] INFO  c.a.d.s.b.a.DruidDataSourceAutoConfigure - Init DruidDataSource
2026-01-24 20:22:38.738 [main] INFO  com.alibaba.druid.pool.DruidDataSource - {dataSource-1} inited
2026-01-24 20:22:39.267 [main] INFO  o.s.cloud.openfeign.FeignClientFactoryBean - For 'GreenNote-oss' URL not provided. Will try picking an instance via load-balancing.
2026-01-24 20:22:39.757 [main] INFO  o.s.cloud.openfeign.FeignClientFactoryBean - For 'GreenNote-distributed-id-generator' URL not provided. Will try picking an instance via load-balancing.
2026-01-24 20:22:40.603 [main] INFO  o.s.boot.web.embedded.tomcat.TomcatWebServer - Tomcat started on port(s): 8082 (http) with context path ''
2026-01-24 20:22:40.612 [main] WARN  com.alibaba.nacos.client.logging.NacosLogging - Load Logback Configuration of Nacos fail, message: Could not initialize Logback Nacos logging from classpath:nacos-logback.xml
2026-01-24 20:22:40.612 [main] INFO  com.alibaba.nacos.client.naming - initializer namespace from ans.namespace attribute : null
2026-01-24 20:22:40.614 [main] INFO  com.alibaba.nacos.client.naming - initializer namespace from ALIBABA_ALIWARE_NAMESPACE attribute :null
2026-01-24 20:22:40.614 [main] INFO  com.alibaba.nacos.client.naming - initializer namespace from namespace attribute :null
2026-01-24 20:22:40.638 [main] INFO  com.alibaba.nacos.client.utils.ParamUtil - [settings] [req-serv] nacos-server port:8848
2026-01-24 20:22:40.638 [main] INFO  com.alibaba.nacos.client.utils.ParamUtil - [settings] [http-client] connect timeout:1000
2026-01-24 20:22:40.638 [main] INFO  com.alibaba.nacos.client.utils.ParamUtil - PER_TASK_CONFIG_SIZE: 3000.0
2026-01-24 20:22:40.642 [main] INFO  c.a.n.p.auth.spi.client.ClientAuthPluginManager - [ClientAuthPluginManager] Load ClientAuthService com.alibaba.nacos.client.auth.impl.NacosClientAuthServiceImpl success.
2026-01-24 20:22:40.642 [main] INFO  c.a.n.p.auth.spi.client.ClientAuthPluginManager - [ClientAuthPluginManager] Load ClientAuthService com.alibaba.nacos.client.auth.ram.RamClientAuthServiceImpl success.
2026-01-24 20:22:40.644 [main] INFO  c.a.n.client.auth.ram.identify.CredentialWatcher - null No credential found
2026-01-24 20:22:40.652 [main] INFO  com.alibaba.nacos.common.remote.client - [RpcClientFactory] create a new rpc client of f0f8d395-cd76-48a0-b55b-277f4e20d205
2026-01-24 20:22:40.667 [main] INFO  com.alibaba.nacos.common.remote.client - [f0f8d395-cd76-48a0-b55b-277f4e20d205] RpcClient init, ServerListFactory = com.alibaba.nacos.client.naming.core.ServerListManager
2026-01-24 20:22:40.668 [main] INFO  com.alibaba.nacos.common.remote.client - [f0f8d395-cd76-48a0-b55b-277f4e20d205] Registry connection listener to current client:com.alibaba.nacos.client.naming.remote.gprc.redo.NamingGrpcRedoService
2026-01-24 20:22:40.668 [main] INFO  com.alibaba.nacos.common.remote.client - [f0f8d395-cd76-48a0-b55b-277f4e20d205] Register server push request handler:com.alibaba.nacos.client.naming.remote.gprc.NamingPushRequestHandler
2026-01-24 20:22:40.670 [main] INFO  com.alibaba.nacos.common.remote.client - [f0f8d395-cd76-48a0-b55b-277f4e20d205] Try to connect to server on start up, server: {serverIp = '127.0.0.1', server main port = 8848}
2026-01-24 20:22:40.706 [main] INFO  c.a.nacos.common.remote.client.grpc.GrpcClient - grpc client connection server:127.0.0.1 ip,serverPort:9848,grpcTslConfig:{"sslProvider":"OPENSSL","enableTls":false,"mutualAuthEnable":false,"trustAll":false}
2026-01-24 20:22:41.593 [main] INFO  com.alibaba.nacos.common.remote.client - [f0f8d395-cd76-48a0-b55b-277f4e20d205] Success to connect to server [127.0.0.1:8848] on start up, connectionId = 1769307761385_127.0.0.1_38830
2026-01-24 20:22:41.593 [com.alibaba.nacos.client.remote.worker] INFO  com.alibaba.nacos.common.remote.client - [f0f8d395-cd76-48a0-b55b-277f4e20d205] Notify connected event to listeners.
2026-01-24 20:22:41.593 [com.alibaba.nacos.client.remote.worker] INFO  com.alibaba.nacos.client.naming - Grpc connection connect
2026-01-24 20:22:41.593 [main] INFO  com.alibaba.nacos.common.remote.client - [f0f8d395-cd76-48a0-b55b-277f4e20d205] Register server push request handler:com.alibaba.nacos.common.remote.client.RpcClient$ConnectResetRequestHandler
2026-01-24 20:22:41.594 [main] INFO  com.alibaba.nacos.common.remote.client - [f0f8d395-cd76-48a0-b55b-277f4e20d205] Register server push request handler:com.alibaba.nacos.common.remote.client.RpcClient$$Lambda$1265/0x0000022182903a90
2026-01-24 20:22:41.595 [main] INFO  com.alibaba.nacos.client.naming - [REGISTER-SERVICE] greennote registering service GreenNote-user with instance Instance{instanceId='null', ip='10.141.192.48', port=8082, weight=1.0, healthy=true, enabled=true, ephemeral=true, clusterName='DEFAULT', serviceName='null', metadata={IPv6=null, preserved.register.source=SPRING_CLOUD}}
2026-01-24 20:22:41.615 [main] INFO  c.a.cloud.nacos.registry.NacosServiceRegistry - nacos registry, DEFAULT_GROUP GreenNote-user 10.141.192.48:8082 register finished
2026-01-24 20:22:41.792 [main] INFO  c.e.greennote.user.biz.GreenNoteUserBizApplication - Started GreenNoteUserBizApplication in 6.921 seconds (process running for 7.486)
2026-01-24 20:22:41.793 [main] INFO  c.e.g.u.biz.runner.PushRolePermissions2RedisRunner - ==> 服务启动，开始同步角色权限数据到redis中...
2026-01-24 20:22:42.456 [main] DEBUG c.e.g.u.b.d.mapper.RoleDOMapper.selectEnableList - ==>  Preparing: select id, role_key, role_name from t_role where status=0 and is_deleted=0
2026-01-24 20:22:42.704 [main] DEBUG c.e.g.u.b.d.mapper.RoleDOMapper.selectEnableList - ==> Parameters: 
2026-01-24 20:22:42.788 [main] DEBUG c.e.g.u.b.d.mapper.RoleDOMapper.selectEnableList - <==      Total: 1
2026-01-24 20:22:42.827 [main] DEBUG c.e.g.u.b.d.m.R.selectByRoleIds - ==>  Preparing: select role_id, permission_id from t_role_permission_rel where role_id in ( ? )
2026-01-24 20:22:42.831 [main] DEBUG c.e.g.u.b.d.m.R.selectByRoleIds - ==> Parameters: 1(Long)
2026-01-24 20:22:42.838 [main] DEBUG c.e.g.u.b.d.m.R.selectByRoleIds - <==      Total: 2
2026-01-24 20:22:42.840 [main] DEBUG c.e.g.u.b.d.m.P.selectAppEnableList - ==>  Preparing: select id, name, permission_key from t_permission where status=0 and type=3 and is_deleted=0
2026-01-24 20:22:42.842 [main] DEBUG c.e.g.u.b.d.m.P.selectAppEnableList - ==> Parameters: 
2026-01-24 20:22:42.847 [main] DEBUG c.e.g.u.b.d.m.P.selectAppEnableList - <==      Total: 2
2026-01-24 20:22:42.874 [main] INFO  c.e.g.u.biz.runner.PushRolePermissions2RedisRunner - ==> 服务启动，成功同步角色权限数据到 Redis 中...
