2026-02-03 11:47:11.203 [main] WARN  com.alibaba.nacos.client.logging.NacosLogging - Load Logback Configuration of Nacos fail, message: Could not initialize Logback Nacos logging from classpath:nacos-logback.xml
2026-02-03 11:47:11.305 [main] WARN  com.alibaba.nacos.client.logging.NacosLogging - Load Logback Configuration of Nacos fail, message: Could not initialize Logback Nacos logging from classpath:nacos-logback.xml
2026-02-03 11:47:12.237 [main] WARN  com.alibaba.nacos.client.logging.NacosLogging - Load Logback Configuration of Nacos fail, message: Could not initialize Logback Nacos logging from classpath:nacos-logback.xml
2026-02-03 11:47:12.261 [main] WARN  com.alibaba.nacos.client.logging.NacosLogging - Load Logback Configuration of Nacos fail, message: Could not initialize Logback Nacos logging from classpath:nacos-logback.xml
2026-02-03 11:47:12.263 [main] INFO  c.e.greennote.user.biz.GreenNoteUserBizApplication - The following 1 profile is active: "dev"
2026-02-03 11:47:13.537 [main] INFO  o.s.d.r.config.RepositoryConfigurationDelegate - Multiple Spring Data modules found, entering strict repository configuration mode
2026-02-03 11:47:13.544 [main] INFO  o.s.d.r.config.RepositoryConfigurationDelegate - Bootstrapping Spring Data Redis repositories in DEFAULT mode.
2026-02-03 11:47:13.604 [main] INFO  o.s.d.r.config.RepositoryConfigurationDelegate - Finished Spring Data repository scanning in 24 ms. Found 0 Redis repository interfaces.
2026-02-03 11:47:14.112 [main] INFO  o.springframework.cloud.context.scope.GenericScope - BeanFactory id=8fd70690-bb36-39a2-9335-37a4876a5f3c
2026-02-03 11:47:14.174 [main] INFO  o.s.c.s.PostProcessorRegistrationDelegate$BeanPostProcessorChecker - Bean 'com.evan.greennote.search.api.FileFeignApi' of type [org.springframework.cloud.openfeign.FeignClientFactoryBean] is not eligible for getting processed by all BeanPostProcessors (for example: not eligible for auto-proxying)
2026-02-03 11:47:14.177 [main] INFO  o.s.c.s.PostProcessorRegistrationDelegate$BeanPostProcessorChecker - Bean 'com.evan.greennote.user.api.UserFeignApi' of type [org.springframework.cloud.openfeign.FeignClientFactoryBean] is not eligible for getting processed by all BeanPostProcessors (for example: not eligible for auto-proxying)
2026-02-03 11:47:14.180 [main] INFO  o.s.c.s.PostProcessorRegistrationDelegate$BeanPostProcessorChecker - Bean 'com.evan.greennote.distributed.id.generator.api.DistributedIdGeneratorFeignApi' of type [org.springframework.cloud.openfeign.FeignClientFactoryBean] is not eligible for getting processed by all BeanPostProcessors (for example: not eligible for auto-proxying)
2026-02-03 11:47:15.445 [main] INFO  o.s.boot.web.embedded.tomcat.TomcatWebServer - Tomcat initialized with port(s): 8082 (http)
2026-02-03 11:47:15.503 [main] INFO  org.apache.catalina.core.StandardService - Starting service [Tomcat]
2026-02-03 11:47:15.504 [main] INFO  org.apache.catalina.core.StandardEngine - Starting Servlet engine: [Apache Tomcat/10.1.5]
2026-02-03 11:47:16.014 [main] INFO  o.a.c.core.ContainerBase.[Tomcat].[localhost].[/] - Initializing Spring embedded WebApplicationContext
2026-02-03 11:47:16.015 [main] INFO  o.s.b.w.s.c.ServletWebServerApplicationContext - Root WebApplicationContext: initialization completed in 3721 ms
2026-02-03 11:47:16.575 [main] INFO  c.a.d.s.b.a.DruidDataSourceAutoConfigure - Init DruidDataSource
2026-02-03 11:47:17.706 [main] INFO  com.alibaba.druid.pool.DruidDataSource - {dataSource-1} inited
2026-02-03 11:47:18.666 [main] INFO  o.s.cloud.openfeign.FeignClientFactoryBean - For 'GreenNote-oss' URL not provided. Will try picking an instance via load-balancing.
2026-02-03 11:47:19.366 [main] INFO  o.s.cloud.openfeign.FeignClientFactoryBean - For 'GreenNote-distributed-id-generator' URL not provided. Will try picking an instance via load-balancing.
2026-02-03 11:47:20.946 [main] WARN  o.s.b.w.s.c.AnnotationConfigServletWebServerApplicationContext - Exception encountered during context initialization - cancelling refresh attempt: org.springframework.context.ApplicationContextException: Failed to start bean 'webServerStartStop'
2026-02-03 11:47:20.976 [main] INFO  com.alibaba.druid.pool.DruidDataSource - {dataSource-1} closing ...
2026-02-03 11:47:20.985 [main] INFO  com.alibaba.druid.pool.DruidDataSource - {dataSource-1} closed
2026-02-03 11:47:20.987 [main] INFO  org.apache.catalina.core.StandardService - Stopping service [Tomcat]
2026-02-03 11:47:21.019 [main] INFO  o.s.b.a.logging.ConditionEvaluationReportLogger - 

Error starting ApplicationContext. To display the condition evaluation report re-run your application with 'debug' enabled.
2026-02-03 11:47:21.044 [main] ERROR o.s.b.diagnostics.LoggingFailureAnalysisReporter - 

***************************
APPLICATION FAILED TO START
***************************

Description:

Web server failed to start. Port 8082 was already in use.

Action:

Identify and stop the process that's listening on port 8082 or configure this application to listen on another port.

2026-02-03 11:51:45.127 [main] WARN  com.alibaba.nacos.client.logging.NacosLogging - Load Logback Configuration of Nacos fail, message: Could not initialize Logback Nacos logging from classpath:nacos-logback.xml
2026-02-03 11:51:45.224 [main] WARN  com.alibaba.nacos.client.logging.NacosLogging - Load Logback Configuration of Nacos fail, message: Could not initialize Logback Nacos logging from classpath:nacos-logback.xml
2026-02-03 11:51:46.573 [main] WARN  com.alibaba.nacos.client.logging.NacosLogging - Load Logback Configuration of Nacos fail, message: Could not initialize Logback Nacos logging from classpath:nacos-logback.xml
2026-02-03 11:51:46.596 [main] WARN  com.alibaba.nacos.client.logging.NacosLogging - Load Logback Configuration of Nacos fail, message: Could not initialize Logback Nacos logging from classpath:nacos-logback.xml
2026-02-03 11:51:46.597 [main] INFO  c.e.greennote.user.biz.GreenNoteUserBizApplication - The following 1 profile is active: "dev"
2026-02-03 11:51:47.867 [main] INFO  o.s.d.r.config.RepositoryConfigurationDelegate - Multiple Spring Data modules found, entering strict repository configuration mode
2026-02-03 11:51:47.875 [main] INFO  o.s.d.r.config.RepositoryConfigurationDelegate - Bootstrapping Spring Data Redis repositories in DEFAULT mode.
2026-02-03 11:51:47.930 [main] INFO  o.s.d.r.config.RepositoryConfigurationDelegate - Finished Spring Data repository scanning in 26 ms. Found 0 Redis repository interfaces.
2026-02-03 11:51:48.474 [main] INFO  o.springframework.cloud.context.scope.GenericScope - BeanFactory id=8fd70690-bb36-39a2-9335-37a4876a5f3c
2026-02-03 11:51:48.569 [main] INFO  o.s.c.s.PostProcessorRegistrationDelegate$BeanPostProcessorChecker - Bean 'com.evan.greennote.search.api.FileFeignApi' of type [org.springframework.cloud.openfeign.FeignClientFactoryBean] is not eligible for getting processed by all BeanPostProcessors (for example: not eligible for auto-proxying)
2026-02-03 11:51:48.573 [main] INFO  o.s.c.s.PostProcessorRegistrationDelegate$BeanPostProcessorChecker - Bean 'com.evan.greennote.user.api.UserFeignApi' of type [org.springframework.cloud.openfeign.FeignClientFactoryBean] is not eligible for getting processed by all BeanPostProcessors (for example: not eligible for auto-proxying)
2026-02-03 11:51:48.576 [main] INFO  o.s.c.s.PostProcessorRegistrationDelegate$BeanPostProcessorChecker - Bean 'com.evan.greennote.distributed.id.generator.api.DistributedIdGeneratorFeignApi' of type [org.springframework.cloud.openfeign.FeignClientFactoryBean] is not eligible for getting processed by all BeanPostProcessors (for example: not eligible for auto-proxying)
2026-02-03 11:51:50.205 [main] INFO  o.s.boot.web.embedded.tomcat.TomcatWebServer - Tomcat initialized with port(s): 8082 (http)
2026-02-03 11:51:50.226 [main] INFO  org.apache.catalina.core.StandardService - Starting service [Tomcat]
2026-02-03 11:51:50.227 [main] INFO  org.apache.catalina.core.StandardEngine - Starting Servlet engine: [Apache Tomcat/10.1.5]
2026-02-03 11:51:50.467 [main] INFO  o.a.c.core.ContainerBase.[Tomcat].[localhost].[/] - Initializing Spring embedded WebApplicationContext
2026-02-03 11:51:50.468 [main] INFO  o.s.b.w.s.c.ServletWebServerApplicationContext - Root WebApplicationContext: initialization completed in 3833 ms
2026-02-03 11:51:50.808 [main] INFO  c.a.d.s.b.a.DruidDataSourceAutoConfigure - Init DruidDataSource
2026-02-03 11:51:51.452 [main] INFO  com.alibaba.druid.pool.DruidDataSource - {dataSource-1} inited
2026-02-03 11:51:52.102 [main] INFO  o.s.cloud.openfeign.FeignClientFactoryBean - For 'GreenNote-oss' URL not provided. Will try picking an instance via load-balancing.
2026-02-03 11:51:53.061 [main] INFO  o.s.cloud.openfeign.FeignClientFactoryBean - For 'GreenNote-distributed-id-generator' URL not provided. Will try picking an instance via load-balancing.
2026-02-03 11:51:54.951 [main] WARN  o.s.b.w.s.c.AnnotationConfigServletWebServerApplicationContext - Exception encountered during context initialization - cancelling refresh attempt: org.springframework.context.ApplicationContextException: Failed to start bean 'webServerStartStop'
2026-02-03 11:51:54.983 [main] INFO  com.alibaba.druid.pool.DruidDataSource - {dataSource-1} closing ...
2026-02-03 11:51:55.057 [main] INFO  com.alibaba.druid.pool.DruidDataSource - {dataSource-1} closed
2026-02-03 11:51:55.060 [main] INFO  org.apache.catalina.core.StandardService - Stopping service [Tomcat]
2026-02-03 11:51:55.135 [main] INFO  o.s.b.a.logging.ConditionEvaluationReportLogger - 

Error starting ApplicationContext. To display the condition evaluation report re-run your application with 'debug' enabled.
2026-02-03 11:51:55.209 [main] ERROR o.s.b.diagnostics.LoggingFailureAnalysisReporter - 

***************************
APPLICATION FAILED TO START
***************************

Description:

Web server failed to start. Port 8082 was already in use.

Action:

Identify and stop the process that's listening on port 8082 or configure this application to listen on another port.

2026-02-03 11:59:37.661 [main] WARN  com.alibaba.nacos.client.logging.NacosLogging - Load Logback Configuration of Nacos fail, message: Could not initialize Logback Nacos logging from classpath:nacos-logback.xml
2026-02-03 11:59:37.779 [main] WARN  com.alibaba.nacos.client.logging.NacosLogging - Load Logback Configuration of Nacos fail, message: Could not initialize Logback Nacos logging from classpath:nacos-logback.xml
2026-02-03 11:59:38.725 [main] WARN  com.alibaba.nacos.client.logging.NacosLogging - Load Logback Configuration of Nacos fail, message: Could not initialize Logback Nacos logging from classpath:nacos-logback.xml
2026-02-03 11:59:38.750 [main] WARN  com.alibaba.nacos.client.logging.NacosLogging - Load Logback Configuration of Nacos fail, message: Could not initialize Logback Nacos logging from classpath:nacos-logback.xml
2026-02-03 11:59:38.752 [main] INFO  c.e.greennote.user.biz.GreenNoteUserBizApplication - The following 1 profile is active: "dev"
2026-02-03 11:59:39.841 [main] INFO  o.s.d.r.config.RepositoryConfigurationDelegate - Multiple Spring Data modules found, entering strict repository configuration mode
2026-02-03 11:59:39.847 [main] INFO  o.s.d.r.config.RepositoryConfigurationDelegate - Bootstrapping Spring Data Redis repositories in DEFAULT mode.
2026-02-03 11:59:39.897 [main] INFO  o.s.d.r.config.RepositoryConfigurationDelegate - Finished Spring Data repository scanning in 18 ms. Found 0 Redis repository interfaces.
2026-02-03 11:59:40.309 [main] INFO  o.springframework.cloud.context.scope.GenericScope - BeanFactory id=8fd70690-bb36-39a2-9335-37a4876a5f3c
2026-02-03 11:59:40.369 [main] INFO  o.s.c.s.PostProcessorRegistrationDelegate$BeanPostProcessorChecker - Bean 'com.evan.greennote.search.api.FileFeignApi' of type [org.springframework.cloud.openfeign.FeignClientFactoryBean] is not eligible for getting processed by all BeanPostProcessors (for example: not eligible for auto-proxying)
2026-02-03 11:59:40.371 [main] INFO  o.s.c.s.PostProcessorRegistrationDelegate$BeanPostProcessorChecker - Bean 'com.evan.greennote.user.api.UserFeignApi' of type [org.springframework.cloud.openfeign.FeignClientFactoryBean] is not eligible for getting processed by all BeanPostProcessors (for example: not eligible for auto-proxying)
2026-02-03 11:59:40.373 [main] INFO  o.s.c.s.PostProcessorRegistrationDelegate$BeanPostProcessorChecker - Bean 'com.evan.greennote.distributed.id.generator.api.DistributedIdGeneratorFeignApi' of type [org.springframework.cloud.openfeign.FeignClientFactoryBean] is not eligible for getting processed by all BeanPostProcessors (for example: not eligible for auto-proxying)
2026-02-03 11:59:41.408 [main] INFO  o.s.boot.web.embedded.tomcat.TomcatWebServer - Tomcat initialized with port(s): 8082 (http)
2026-02-03 11:59:41.434 [main] INFO  org.apache.catalina.core.StandardService - Starting service [Tomcat]
2026-02-03 11:59:41.435 [main] INFO  org.apache.catalina.core.StandardEngine - Starting Servlet engine: [Apache Tomcat/10.1.5]
2026-02-03 11:59:41.720 [main] INFO  o.a.c.core.ContainerBase.[Tomcat].[localhost].[/] - Initializing Spring embedded WebApplicationContext
2026-02-03 11:59:41.720 [main] INFO  o.s.b.w.s.c.ServletWebServerApplicationContext - Root WebApplicationContext: initialization completed in 2941 ms
2026-02-03 11:59:41.955 [main] INFO  c.a.d.s.b.a.DruidDataSourceAutoConfigure - Init DruidDataSource
2026-02-03 11:59:42.561 [main] INFO  com.alibaba.druid.pool.DruidDataSource - {dataSource-1} inited
2026-02-03 11:59:43.124 [main] INFO  o.s.cloud.openfeign.FeignClientFactoryBean - For 'GreenNote-oss' URL not provided. Will try picking an instance via load-balancing.
2026-02-03 11:59:43.847 [main] INFO  o.s.cloud.openfeign.FeignClientFactoryBean - For 'GreenNote-distributed-id-generator' URL not provided. Will try picking an instance via load-balancing.
2026-02-03 11:59:45.602 [main] WARN  o.s.b.w.s.c.AnnotationConfigServletWebServerApplicationContext - Exception encountered during context initialization - cancelling refresh attempt: org.springframework.context.ApplicationContextException: Failed to start bean 'webServerStartStop'
2026-02-03 11:59:45.637 [main] INFO  com.alibaba.druid.pool.DruidDataSource - {dataSource-1} closing ...
2026-02-03 11:59:45.650 [main] INFO  com.alibaba.druid.pool.DruidDataSource - {dataSource-1} closed
2026-02-03 11:59:45.651 [main] INFO  org.apache.catalina.core.StandardService - Stopping service [Tomcat]
2026-02-03 11:59:45.691 [main] INFO  o.s.b.a.logging.ConditionEvaluationReportLogger - 

Error starting ApplicationContext. To display the condition evaluation report re-run your application with 'debug' enabled.
2026-02-03 11:59:45.723 [main] ERROR o.s.b.diagnostics.LoggingFailureAnalysisReporter - 

***************************
APPLICATION FAILED TO START
***************************

Description:

Web server failed to start. Port 8082 was already in use.

Action:

Identify and stop the process that's listening on port 8082 or configure this application to listen on another port.

2026-02-03 12:20:54.781 [main] WARN  com.alibaba.nacos.client.logging.NacosLogging - Load Logback Configuration of Nacos fail, message: Could not initialize Logback Nacos logging from classpath:nacos-logback.xml
2026-02-03 12:20:54.889 [main] WARN  com.alibaba.nacos.client.logging.NacosLogging - Load Logback Configuration of Nacos fail, message: Could not initialize Logback Nacos logging from classpath:nacos-logback.xml
2026-02-03 12:20:55.926 [main] WARN  com.alibaba.nacos.client.logging.NacosLogging - Load Logback Configuration of Nacos fail, message: Could not initialize Logback Nacos logging from classpath:nacos-logback.xml
2026-02-03 12:20:55.950 [main] WARN  com.alibaba.nacos.client.logging.NacosLogging - Load Logback Configuration of Nacos fail, message: Could not initialize Logback Nacos logging from classpath:nacos-logback.xml
2026-02-03 12:20:55.952 [main] INFO  c.e.greennote.user.biz.GreenNoteUserBizApplication - The following 1 profile is active: "dev"
2026-02-03 12:20:57.115 [main] INFO  o.s.d.r.config.RepositoryConfigurationDelegate - Multiple Spring Data modules found, entering strict repository configuration mode
2026-02-03 12:20:57.122 [main] INFO  o.s.d.r.config.RepositoryConfigurationDelegate - Bootstrapping Spring Data Redis repositories in DEFAULT mode.
2026-02-03 12:20:57.173 [main] INFO  o.s.d.r.config.RepositoryConfigurationDelegate - Finished Spring Data repository scanning in 20 ms. Found 0 Redis repository interfaces.
2026-02-03 12:20:58.046 [main] INFO  o.springframework.cloud.context.scope.GenericScope - BeanFactory id=8fd70690-bb36-39a2-9335-37a4876a5f3c
2026-02-03 12:20:58.119 [main] INFO  o.s.c.s.PostProcessorRegistrationDelegate$BeanPostProcessorChecker - Bean 'com.evan.greennote.search.api.FileFeignApi' of type [org.springframework.cloud.openfeign.FeignClientFactoryBean] is not eligible for getting processed by all BeanPostProcessors (for example: not eligible for auto-proxying)
2026-02-03 12:20:58.122 [main] INFO  o.s.c.s.PostProcessorRegistrationDelegate$BeanPostProcessorChecker - Bean 'com.evan.greennote.user.api.UserFeignApi' of type [org.springframework.cloud.openfeign.FeignClientFactoryBean] is not eligible for getting processed by all BeanPostProcessors (for example: not eligible for auto-proxying)
2026-02-03 12:20:58.125 [main] INFO  o.s.c.s.PostProcessorRegistrationDelegate$BeanPostProcessorChecker - Bean 'com.evan.greennote.distributed.id.generator.api.DistributedIdGeneratorFeignApi' of type [org.springframework.cloud.openfeign.FeignClientFactoryBean] is not eligible for getting processed by all BeanPostProcessors (for example: not eligible for auto-proxying)
2026-02-03 12:20:59.169 [main] INFO  o.s.boot.web.embedded.tomcat.TomcatWebServer - Tomcat initialized with port(s): 8082 (http)
2026-02-03 12:20:59.189 [main] INFO  org.apache.catalina.core.StandardService - Starting service [Tomcat]
2026-02-03 12:20:59.189 [main] INFO  org.apache.catalina.core.StandardEngine - Starting Servlet engine: [Apache Tomcat/10.1.5]
2026-02-03 12:20:59.388 [main] INFO  o.a.c.core.ContainerBase.[Tomcat].[localhost].[/] - Initializing Spring embedded WebApplicationContext
2026-02-03 12:20:59.389 [main] INFO  o.s.b.w.s.c.ServletWebServerApplicationContext - Root WebApplicationContext: initialization completed in 3403 ms
2026-02-03 12:20:59.628 [main] INFO  c.a.d.s.b.a.DruidDataSourceAutoConfigure - Init DruidDataSource
2026-02-03 12:21:00.172 [main] INFO  com.alibaba.druid.pool.DruidDataSource - {dataSource-1} inited
2026-02-03 12:21:00.771 [main] INFO  o.s.cloud.openfeign.FeignClientFactoryBean - For 'GreenNote-oss' URL not provided. Will try picking an instance via load-balancing.
2026-02-03 12:21:01.505 [main] INFO  o.s.cloud.openfeign.FeignClientFactoryBean - For 'GreenNote-distributed-id-generator' URL not provided. Will try picking an instance via load-balancing.
2026-02-03 12:21:03.086 [main] INFO  o.s.boot.web.embedded.tomcat.TomcatWebServer - Tomcat started on port(s): 8082 (http) with context path ''
2026-02-03 12:21:03.099 [main] WARN  com.alibaba.nacos.client.logging.NacosLogging - Load Logback Configuration of Nacos fail, message: Could not initialize Logback Nacos logging from classpath:nacos-logback.xml
2026-02-03 12:21:03.100 [main] INFO  com.alibaba.nacos.client.naming - initializer namespace from ans.namespace attribute : null
2026-02-03 12:21:03.101 [main] INFO  com.alibaba.nacos.client.naming - initializer namespace from ALIBABA_ALIWARE_NAMESPACE attribute :null
2026-02-03 12:21:03.103 [main] INFO  com.alibaba.nacos.client.naming - initializer namespace from namespace attribute :null
2026-02-03 12:21:03.153 [main] INFO  com.alibaba.nacos.client.utils.ParamUtil - [settings] [req-serv] nacos-server port:8848
2026-02-03 12:21:03.154 [main] INFO  com.alibaba.nacos.client.utils.ParamUtil - [settings] [http-client] connect timeout:1000
2026-02-03 12:21:03.156 [main] INFO  com.alibaba.nacos.client.utils.ParamUtil - PER_TASK_CONFIG_SIZE: 3000.0
2026-02-03 12:21:03.167 [main] INFO  c.a.n.p.auth.spi.client.ClientAuthPluginManager - [ClientAuthPluginManager] Load ClientAuthService com.alibaba.nacos.client.auth.impl.NacosClientAuthServiceImpl success.
2026-02-03 12:21:03.167 [main] INFO  c.a.n.p.auth.spi.client.ClientAuthPluginManager - [ClientAuthPluginManager] Load ClientAuthService com.alibaba.nacos.client.auth.ram.RamClientAuthServiceImpl success.
2026-02-03 12:21:03.171 [main] INFO  c.a.n.client.auth.ram.identify.CredentialWatcher - null No credential found
2026-02-03 12:21:03.189 [main] INFO  com.alibaba.nacos.common.remote.client - [RpcClientFactory] create a new rpc client of 55d3f669-6b3f-4b55-8736-c42c046dd9d2
2026-02-03 12:21:03.222 [main] INFO  com.alibaba.nacos.common.remote.client - [55d3f669-6b3f-4b55-8736-c42c046dd9d2] RpcClient init, ServerListFactory = com.alibaba.nacos.client.naming.core.ServerListManager
2026-02-03 12:21:03.222 [main] INFO  com.alibaba.nacos.common.remote.client - [55d3f669-6b3f-4b55-8736-c42c046dd9d2] Registry connection listener to current client:com.alibaba.nacos.client.naming.remote.gprc.redo.NamingGrpcRedoService
2026-02-03 12:21:03.223 [main] INFO  com.alibaba.nacos.common.remote.client - [55d3f669-6b3f-4b55-8736-c42c046dd9d2] Register server push request handler:com.alibaba.nacos.client.naming.remote.gprc.NamingPushRequestHandler
2026-02-03 12:21:03.227 [main] INFO  com.alibaba.nacos.common.remote.client - [55d3f669-6b3f-4b55-8736-c42c046dd9d2] Try to connect to server on start up, server: {serverIp = '127.0.0.1', server main port = 8848}
2026-02-03 12:21:03.303 [main] INFO  c.a.nacos.common.remote.client.grpc.GrpcClient - grpc client connection server:127.0.0.1 ip,serverPort:9848,grpcTslConfig:{"sslProvider":"OPENSSL","enableTls":false,"mutualAuthEnable":false,"trustAll":false}
2026-02-03 12:21:04.792 [main] INFO  com.alibaba.nacos.common.remote.client - [55d3f669-6b3f-4b55-8736-c42c046dd9d2] Success to connect to server [127.0.0.1:8848] on start up, connectionId = 1770142864498_127.0.0.1_42238
2026-02-03 12:21:04.818 [com.alibaba.nacos.client.remote.worker] INFO  com.alibaba.nacos.common.remote.client - [55d3f669-6b3f-4b55-8736-c42c046dd9d2] Notify connected event to listeners.
2026-02-03 12:21:04.818 [com.alibaba.nacos.client.remote.worker] INFO  com.alibaba.nacos.client.naming - Grpc connection connect
2026-02-03 12:21:04.830 [main] INFO  com.alibaba.nacos.common.remote.client - [55d3f669-6b3f-4b55-8736-c42c046dd9d2] Register server push request handler:com.alibaba.nacos.common.remote.client.RpcClient$ConnectResetRequestHandler
2026-02-03 12:21:04.831 [main] INFO  com.alibaba.nacos.common.remote.client - [55d3f669-6b3f-4b55-8736-c42c046dd9d2] Register server push request handler:com.alibaba.nacos.common.remote.client.RpcClient$$Lambda$1265/0x000002d1bf926400
2026-02-03 12:21:04.987 [main] INFO  com.alibaba.nacos.client.naming - [REGISTER-SERVICE] greennote registering service GreenNote-user with instance Instance{instanceId='null', ip='10.141.116.154', port=8082, weight=1.0, healthy=true, enabled=true, ephemeral=true, clusterName='DEFAULT', serviceName='null', metadata={IPv6=null, preserved.register.source=SPRING_CLOUD}}
2026-02-03 12:21:05.361 [main] INFO  c.a.cloud.nacos.registry.NacosServiceRegistry - nacos registry, DEFAULT_GROUP GreenNote-user 10.141.116.154:8082 register finished
2026-02-03 12:21:05.891 [main] INFO  c.e.greennote.user.biz.GreenNoteUserBizApplication - Started GreenNoteUserBizApplication in 12.165 seconds (process running for 13.021)
2026-02-03 12:21:05.893 [main] INFO  c.e.g.u.biz.runner.PushRolePermissions2RedisRunner - ==> 服务启动，开始同步角色权限数据到redis中...
2026-02-03 12:21:06.722 [main] DEBUG c.e.g.u.b.d.mapper.RoleDOMapper.selectEnableList - ==>  Preparing: select id, role_key, role_name from t_role where status=0 and is_deleted=0
2026-02-03 12:21:07.072 [main] DEBUG c.e.g.u.b.d.mapper.RoleDOMapper.selectEnableList - ==> Parameters: 
2026-02-03 12:21:07.146 [main] DEBUG c.e.g.u.b.d.mapper.RoleDOMapper.selectEnableList - <==      Total: 1
2026-02-03 12:21:07.197 [main] DEBUG c.e.g.u.b.d.m.R.selectByRoleIds - ==>  Preparing: select role_id, permission_id from t_role_permission_rel where role_id in ( ? )
2026-02-03 12:21:07.202 [main] DEBUG c.e.g.u.b.d.m.R.selectByRoleIds - ==> Parameters: 1(Long)
2026-02-03 12:21:07.224 [main] DEBUG c.e.g.u.b.d.m.R.selectByRoleIds - <==      Total: 2
2026-02-03 12:21:07.227 [main] DEBUG c.e.g.u.b.d.m.P.selectAppEnableList - ==>  Preparing: select id, name, permission_key from t_permission where status=0 and type=3 and is_deleted=0
2026-02-03 12:21:07.230 [main] DEBUG c.e.g.u.b.d.m.P.selectAppEnableList - ==> Parameters: 
2026-02-03 12:21:07.252 [main] DEBUG c.e.g.u.b.d.m.P.selectAppEnableList - <==      Total: 2
2026-02-03 12:21:07.284 [main] INFO  c.e.g.u.biz.runner.PushRolePermissions2RedisRunner - ==> 服务启动，成功同步角色权限数据到 Redis 中...
2026-02-03 12:36:14.776 [http-nio-8082-exec-1] INFO  o.a.c.core.ContainerBase.[Tomcat].[localhost].[/] - Initializing Spring DispatcherServlet 'dispatcherServlet'
2026-02-03 12:36:14.776 [http-nio-8082-exec-1] INFO  org.springframework.web.servlet.DispatcherServlet - Initializing Servlet 'dispatcherServlet'
2026-02-03 12:36:14.778 [http-nio-8082-exec-1] INFO  org.springframework.web.servlet.DispatcherServlet - Completed initialization in 2 ms
2026-02-03 12:36:14.998 [http-nio-8082-exec-1] INFO  c.e.f.b.operationlog.aspect.ApiOperationLogAspect - ====== 请求开始: [根据邮箱查询用户信息], 入参: {"email":"1337803@wku.edu.cn"}, 请求类: com.evan.greennote.user.biz.controller.UserController, 请求方法: findByEmail =======
2026-02-03 12:36:15.002 [http-nio-8082-exec-1] DEBUG c.e.g.u.b.domain.mapper.UserDOMapper.selectByEmail - ==>  Preparing: select id, password from t_user where email=?
2026-02-03 12:36:15.005 [http-nio-8082-exec-1] DEBUG c.e.g.u.b.domain.mapper.UserDOMapper.selectByEmail - ==> Parameters: 1337803@wku.edu.cn(String)
2026-02-03 12:36:15.034 [http-nio-8082-exec-1] DEBUG c.e.g.u.b.domain.mapper.UserDOMapper.selectByEmail - <==      Total: 1
2026-02-03 12:36:15.041 [http-nio-8082-exec-1] INFO  c.e.f.b.operationlog.aspect.ApiOperationLogAspect - ====== 请求结束: [根据邮箱查询用户信息], 耗时: 42ms, 出参: {"success":true,"message":null,"errorCode":null,"data":{"id":3,"password":"$2a$10$NTrPS6LH71N.mM38w3KRuOcLRGZrXcvVTAmgj47znN2wGuuUipcFW"}}======
2026-02-03 12:38:37.512 [http-nio-8082-exec-3] INFO  c.e.f.b.operationlog.aspect.ApiOperationLogAspect - ====== 请求开始: [根据id查询用户信息], 入参: {"id":3}, 请求类: com.evan.greennote.user.biz.controller.UserController, 请求方法: findById =======
2026-02-03 12:38:37.521 [http-nio-8082-exec-3] DEBUG c.e.g.u.b.d.mapper.UserDOMapper.selectByPrimaryKey - ==>  Preparing: select id, greennote_id, `password`, nickname, avatar, birthday, background_img, email, sex, `status`, introduction, create_time, update_time, is_deleted from t_user where id = ?
2026-02-03 12:38:37.523 [http-nio-8082-exec-3] DEBUG c.e.g.u.b.d.mapper.UserDOMapper.selectByPrimaryKey - ==> Parameters: 3(Long)
2026-02-03 12:38:37.530 [http-nio-8082-exec-3] DEBUG c.e.g.u.b.d.mapper.UserDOMapper.selectByPrimaryKey - <==      Total: 1
2026-02-03 12:38:37.537 [http-nio-8082-exec-3] INFO  c.e.f.b.operationlog.aspect.ApiOperationLogAspect - ====== 请求结束: [根据id查询用户信息], 耗时: 24ms, 出参: {"success":true,"message":null,"errorCode":null,"data":{"id":3,"nickname":"Yifan_Song【canal test2】","avatar":"http://127.0.0.1:9000/greennote/ed3122ed5db74ab8826cac31026ebae7.jpg","introduction":"大二 CPS"}}======
2026-02-03 14:11:46.475 [http-nio-8082-exec-6] INFO  c.e.f.b.context.filter.HeaderUserId2ContextFilter - ===== 设置 userId 到 ThreadLocal 中， 用户 ID: 3
2026-02-03 14:11:46.543 [http-nio-8082-exec-6] INFO  c.e.f.b.operationlog.aspect.ApiOperationLogAspect - ====== 请求开始: [根据id查询用户信息], 入参: {"id":3}, 请求类: com.evan.greennote.user.biz.controller.UserController, 请求方法: findById =======
2026-02-03 14:11:46.590 [http-nio-8082-exec-6] INFO  c.e.f.b.operationlog.aspect.ApiOperationLogAspect - ====== 请求结束: [根据id查询用户信息], 耗时: 48ms, 出参: {"success":true,"message":null,"errorCode":null,"data":{"id":3,"nickname":"Yifan_Song【canal test2】","avatar":"http://127.0.0.1:9000/greennote/ed3122ed5db74ab8826cac31026ebae7.jpg","introduction":"大二 CPS"}}======
2026-02-03 14:11:46.595 [http-nio-8082-exec-6] INFO  c.e.f.b.context.filter.HeaderUserId2ContextFilter - ===== 删除 ThreadLocal， userId: 3
2026-02-03 14:45:34.683 [http-nio-8082-exec-8] INFO  c.e.f.b.context.filter.HeaderUserId2ContextFilter - ===== 设置 userId 到 ThreadLocal 中， 用户 ID: 3
2026-02-03 14:45:34.685 [http-nio-8082-exec-8] INFO  c.e.f.b.operationlog.aspect.ApiOperationLogAspect - ====== 请求开始: [根据id查询用户信息], 入参: {"id":3}, 请求类: com.evan.greennote.user.biz.controller.UserController, 请求方法: findById =======
2026-02-03 14:45:34.711 [http-nio-8082-exec-8] INFO  c.e.g.user.biz.service.impl.UserServiceImpl - ==> 命中了本地缓存：FindUserByIdRspDTO(id=3, nickname=Yifan_Song【canal test2】, avatar=http://127.0.0.1:9000/greennote/ed3122ed5db74ab8826cac31026ebae7.jpg, introduction=大二 CPS)
2026-02-03 14:45:34.713 [http-nio-8082-exec-8] INFO  c.e.f.b.operationlog.aspect.ApiOperationLogAspect - ====== 请求结束: [根据id查询用户信息], 耗时: 28ms, 出参: {"success":true,"message":null,"errorCode":null,"data":{"id":3,"nickname":"Yifan_Song【canal test2】","avatar":"http://127.0.0.1:9000/greennote/ed3122ed5db74ab8826cac31026ebae7.jpg","introduction":"大二 CPS"}}======
2026-02-03 14:45:34.715 [http-nio-8082-exec-8] INFO  c.e.f.b.context.filter.HeaderUserId2ContextFilter - ===== 删除 ThreadLocal， userId: 3
2026-02-03 23:42:09.360 [Thread-7] WARN  com.alibaba.nacos.common.notify.NotifyCenter - [NotifyCenter] Start destroying Publisher
2026-02-03 23:42:09.360 [Thread-10] WARN  c.alibaba.nacos.common.http.HttpClientBeanHolder - [HttpClientBeanHolder] Start destroying common HttpClient
2026-02-03 23:42:09.424 [Thread-7] WARN  com.alibaba.nacos.common.notify.NotifyCenter - [NotifyCenter] Destruction of the end
2026-02-03 23:42:09.525 [Thread-10] WARN  c.alibaba.nacos.common.http.HttpClientBeanHolder - [HttpClientBeanHolder] Destruction of the end
2026-02-03 23:42:10.546 [SpringApplicationShutdownHook] INFO  c.a.cloud.nacos.registry.NacosServiceRegistry - De-registering from Nacos Server now...
2026-02-03 23:42:10.549 [SpringApplicationShutdownHook] INFO  com.alibaba.nacos.client.naming - [DEREGISTER-SERVICE] greennote deregistering service GreenNote-user with instance: Instance{instanceId='null', ip='10.141.116.154', port=8082, weight=1.0, healthy=true, enabled=true, ephemeral=true, clusterName='DEFAULT', serviceName='null', metadata={}}
2026-02-03 23:42:10.589 [SpringApplicationShutdownHook] INFO  c.a.cloud.nacos.registry.NacosServiceRegistry - De-registration finished.
2026-02-03 23:42:10.592 [SpringApplicationShutdownHook] INFO  com.alibaba.nacos.client.naming - com.alibaba.nacos.client.naming.cache.ServiceInfoHolder do shutdown begin
2026-02-03 23:42:10.593 [SpringApplicationShutdownHook] INFO  com.alibaba.nacos.client.naming - com.alibaba.nacos.client.naming.backups.FailoverReactor do shutdown begin
2026-02-03 23:42:10.601 [SpringApplicationShutdownHook] INFO  com.alibaba.nacos.client.naming - com.alibaba.nacos.client.naming.backups.FailoverReactor do shutdown stop
2026-02-03 23:42:10.601 [SpringApplicationShutdownHook] INFO  com.alibaba.nacos.client.naming - com.alibaba.nacos.client.naming.cache.ServiceInfoHolder do shutdown stop
2026-02-03 23:42:10.601 [SpringApplicationShutdownHook] INFO  com.alibaba.nacos.client.naming - com.alibaba.nacos.client.naming.remote.NamingClientProxyDelegate do shutdown begin
2026-02-03 23:42:10.601 [SpringApplicationShutdownHook] INFO  com.alibaba.nacos.client.naming - com.alibaba.nacos.client.naming.core.ServiceInfoUpdateService do shutdown begin
2026-02-03 23:42:10.601 [SpringApplicationShutdownHook] INFO  com.alibaba.nacos.client.naming - com.alibaba.nacos.client.naming.core.ServiceInfoUpdateService do shutdown stop
2026-02-03 23:42:10.601 [SpringApplicationShutdownHook] INFO  com.alibaba.nacos.client.naming - com.alibaba.nacos.client.naming.core.ServerListManager do shutdown begin
2026-02-03 23:42:10.601 [SpringApplicationShutdownHook] WARN  com.alibaba.nacos.client.naming - [NamingHttpClientManager] Start destroying NacosRestTemplate
2026-02-03 23:42:10.602 [SpringApplicationShutdownHook] WARN  com.alibaba.nacos.client.naming - [NamingHttpClientManager] Destruction of the end
2026-02-03 23:42:10.602 [SpringApplicationShutdownHook] INFO  com.alibaba.nacos.client.naming - com.alibaba.nacos.client.naming.core.ServerListManager do shutdown stop
2026-02-03 23:42:10.602 [SpringApplicationShutdownHook] INFO  com.alibaba.nacos.client.naming - com.alibaba.nacos.client.naming.remote.http.NamingHttpClientProxy do shutdown begin
2026-02-03 23:42:10.602 [SpringApplicationShutdownHook] WARN  com.alibaba.nacos.client.naming - [NamingHttpClientManager] Start destroying NacosRestTemplate
2026-02-03 23:42:10.602 [SpringApplicationShutdownHook] WARN  com.alibaba.nacos.client.naming - [NamingHttpClientManager] Destruction of the end
2026-02-03 23:42:10.602 [SpringApplicationShutdownHook] INFO  com.alibaba.nacos.client.naming - com.alibaba.nacos.client.naming.remote.http.NamingHttpClientProxy do shutdown stop
2026-02-03 23:42:10.603 [SpringApplicationShutdownHook] INFO  com.alibaba.nacos.common.remote.client - Shutdown rpc client, set status to shutdown
2026-02-03 23:42:10.603 [SpringApplicationShutdownHook] INFO  com.alibaba.nacos.common.remote.client - Shutdown client event executor java.util.concurrent.ScheduledThreadPoolExecutor@6f3fa068[Running, pool size = 2, active threads = 2, queued tasks = 0, completed tasks = 0]
2026-02-03 23:42:10.604 [SpringApplicationShutdownHook] INFO  com.alibaba.nacos.common.remote.client - Close current connection 1770142864498_127.0.0.1_42238
2026-02-03 23:42:10.614 [nacos-grpc-client-executor-127.0.0.1-4487] INFO  c.a.nacos.common.remote.client.grpc.GrpcClient - [1770142864498_127.0.0.1_42238]Ignore complete event,isRunning:false,isAbandon=false
2026-02-03 23:42:10.631 [SpringApplicationShutdownHook] INFO  c.a.nacos.common.remote.client.grpc.GrpcClient - Shutdown grpc executor java.util.concurrent.ThreadPoolExecutor@387e5f3d[Running, pool size = 4, active threads = 0, queued tasks = 0, completed tasks = 4488]
2026-02-03 23:42:10.631 [SpringApplicationShutdownHook] INFO  com.alibaba.nacos.client.naming - Shutdown grpc redo service executor java.util.concurrent.ScheduledThreadPoolExecutor@4999ceed[Running, pool size = 1, active threads = 0, queued tasks = 1, completed tasks = 7394]
2026-02-03 23:42:10.632 [SpringApplicationShutdownHook] INFO  c.a.n.client.auth.ram.identify.CredentialWatcher - [null] CredentialWatcher is stopped
2026-02-03 23:42:10.632 [SpringApplicationShutdownHook] INFO  c.a.n.client.auth.ram.identify.CredentialService - [null] CredentialService is freed
2026-02-03 23:42:10.633 [SpringApplicationShutdownHook] INFO  com.alibaba.nacos.client.naming - com.alibaba.nacos.client.naming.remote.NamingClientProxyDelegate do shutdown stop
2026-02-03 23:42:10.895 [SpringApplicationShutdownHook] INFO  com.alibaba.druid.pool.DruidDataSource - {dataSource-1} closing ...
2026-02-03 23:42:10.901 [SpringApplicationShutdownHook] INFO  com.alibaba.druid.pool.DruidDataSource - {dataSource-1} closed
