2025-11-24 17:05:42.480 [main] WARN  com.alibaba.nacos.client.logging.NacosLogging - Load Logback Configuration of Nacos fail, message: Could not initialize Logback Nacos logging from classpath:nacos-logback.xml
2025-11-24 17:05:42.575 [main] WARN  com.alibaba.nacos.client.logging.NacosLogging - Load Logback Configuration of Nacos fail, message: Could not initialize Logback Nacos logging from classpath:nacos-logback.xml
2025-11-24 17:05:43.482 [main] WARN  com.alibaba.nacos.client.logging.NacosLogging - Load Logback Configuration of Nacos fail, message: Could not initialize Logback Nacos logging from classpath:nacos-logback.xml
2025-11-24 17:05:43.503 [main] WARN  com.alibaba.nacos.client.logging.NacosLogging - Load Logback Configuration of Nacos fail, message: Could not initialize Logback Nacos logging from classpath:nacos-logback.xml
2025-11-24 17:05:43.505 [main] INFO  c.e.greennote.user.biz.GreenNoteUserBizApplication - The following 1 profile is active: "dev"
2025-11-24 17:05:44.587 [main] INFO  o.s.d.r.config.RepositoryConfigurationDelegate - Multiple Spring Data modules found, entering strict repository configuration mode
2025-11-24 17:05:44.592 [main] INFO  o.s.d.r.config.RepositoryConfigurationDelegate - Bootstrapping Spring Data Redis repositories in DEFAULT mode.
2025-11-24 17:05:44.623 [main] INFO  o.s.d.r.config.RepositoryConfigurationDelegate - Finished Spring Data repository scanning in 13 ms. Found 0 Redis repository interfaces.
2025-11-24 17:05:45.007 [main] INFO  o.springframework.cloud.context.scope.GenericScope - BeanFactory id=13d3b442-4405-3ffb-9e0f-d0c5635ac705
2025-11-24 17:05:45.069 [main] INFO  o.s.c.s.PostProcessorRegistrationDelegate$BeanPostProcessorChecker - Bean 'com.evan.greennote.oss.api.FileFeignApi' of type [org.springframework.cloud.openfeign.FeignClientFactoryBean] is not eligible for getting processed by all BeanPostProcessors (for example: not eligible for auto-proxying)
2025-11-24 17:05:45.072 [main] INFO  o.s.c.s.PostProcessorRegistrationDelegate$BeanPostProcessorChecker - Bean 'com.evan.greennote.user.api.UserFeignApi' of type [org.springframework.cloud.openfeign.FeignClientFactoryBean] is not eligible for getting processed by all BeanPostProcessors (for example: not eligible for auto-proxying)
2025-11-24 17:05:45.075 [main] INFO  o.s.c.s.PostProcessorRegistrationDelegate$BeanPostProcessorChecker - Bean 'com.evan.greennote.distributed.id.generator.api.DistributedIdGeneratorFeignApi' of type [org.springframework.cloud.openfeign.FeignClientFactoryBean] is not eligible for getting processed by all BeanPostProcessors (for example: not eligible for auto-proxying)
2025-11-24 17:05:46.077 [main] INFO  o.s.boot.web.embedded.tomcat.TomcatWebServer - Tomcat initialized with port(s): 8082 (http)
2025-11-24 17:05:46.094 [main] INFO  org.apache.catalina.core.StandardService - Starting service [Tomcat]
2025-11-24 17:05:46.094 [main] INFO  org.apache.catalina.core.StandardEngine - Starting Servlet engine: [Apache Tomcat/10.1.5]
2025-11-24 17:05:46.327 [main] INFO  o.a.c.core.ContainerBase.[Tomcat].[localhost].[/] - Initializing Spring embedded WebApplicationContext
2025-11-24 17:05:46.328 [main] INFO  o.s.b.w.s.c.ServletWebServerApplicationContext - Root WebApplicationContext: initialization completed in 2799 ms
2025-11-24 17:05:46.530 [main] INFO  c.a.d.s.b.a.DruidDataSourceAutoConfigure - Init DruidDataSource
2025-11-24 17:05:47.022 [main] INFO  com.alibaba.druid.pool.DruidDataSource - {dataSource-1} inited
2025-11-24 17:05:47.565 [main] INFO  o.s.cloud.openfeign.FeignClientFactoryBean - For 'GreenNote-oss' URL not provided. Will try picking an instance via load-balancing.
2025-11-24 17:05:48.122 [main] INFO  o.s.cloud.openfeign.FeignClientFactoryBean - For 'GreenNote-distributed-id-generator' URL not provided. Will try picking an instance via load-balancing.
2025-11-24 17:05:49.538 [main] INFO  o.s.boot.web.embedded.tomcat.TomcatWebServer - Tomcat started on port(s): 8082 (http) with context path ''
2025-11-24 17:05:49.547 [main] WARN  com.alibaba.nacos.client.logging.NacosLogging - Load Logback Configuration of Nacos fail, message: Could not initialize Logback Nacos logging from classpath:nacos-logback.xml
2025-11-24 17:05:49.547 [main] INFO  com.alibaba.nacos.client.naming - initializer namespace from ans.namespace attribute : null
2025-11-24 17:05:49.548 [main] INFO  com.alibaba.nacos.client.naming - initializer namespace from ALIBABA_ALIWARE_NAMESPACE attribute :null
2025-11-24 17:05:49.549 [main] INFO  com.alibaba.nacos.client.naming - initializer namespace from namespace attribute :null
2025-11-24 17:05:49.584 [main] INFO  com.alibaba.nacos.client.utils.ParamUtil - [settings] [req-serv] nacos-server port:8848
2025-11-24 17:05:49.585 [main] INFO  com.alibaba.nacos.client.utils.ParamUtil - [settings] [http-client] connect timeout:1000
2025-11-24 17:05:49.586 [main] INFO  com.alibaba.nacos.client.utils.ParamUtil - PER_TASK_CONFIG_SIZE: 3000.0
2025-11-24 17:05:49.593 [main] INFO  c.a.n.p.auth.spi.client.ClientAuthPluginManager - [ClientAuthPluginManager] Load ClientAuthService com.alibaba.nacos.client.auth.impl.NacosClientAuthServiceImpl success.
2025-11-24 17:05:49.593 [main] INFO  c.a.n.p.auth.spi.client.ClientAuthPluginManager - [ClientAuthPluginManager] Load ClientAuthService com.alibaba.nacos.client.auth.ram.RamClientAuthServiceImpl success.
2025-11-24 17:05:49.597 [main] INFO  c.a.n.client.auth.ram.identify.CredentialWatcher - null No credential found
2025-11-24 17:05:49.613 [main] INFO  com.alibaba.nacos.common.remote.client - [RpcClientFactory] create a new rpc client of a2748dca-4fea-4bff-aed8-50ec10a9cb63
2025-11-24 17:05:49.641 [main] INFO  com.alibaba.nacos.common.remote.client - [a2748dca-4fea-4bff-aed8-50ec10a9cb63] RpcClient init, ServerListFactory = com.alibaba.nacos.client.naming.core.ServerListManager
2025-11-24 17:05:49.641 [main] INFO  com.alibaba.nacos.common.remote.client - [a2748dca-4fea-4bff-aed8-50ec10a9cb63] Registry connection listener to current client:com.alibaba.nacos.client.naming.remote.gprc.redo.NamingGrpcRedoService
2025-11-24 17:05:49.642 [main] INFO  com.alibaba.nacos.common.remote.client - [a2748dca-4fea-4bff-aed8-50ec10a9cb63] Register server push request handler:com.alibaba.nacos.client.naming.remote.gprc.NamingPushRequestHandler
2025-11-24 17:05:49.645 [main] INFO  com.alibaba.nacos.common.remote.client - [a2748dca-4fea-4bff-aed8-50ec10a9cb63] Try to connect to server on start up, server: {serverIp = '127.0.0.1', server main port = 8848}
2025-11-24 17:05:49.707 [main] INFO  c.a.nacos.common.remote.client.grpc.GrpcClient - grpc client connection server:127.0.0.1 ip,serverPort:9848,grpcTslConfig:{"sslProvider":"OPENSSL","enableTls":false,"mutualAuthEnable":false,"trustAll":false}
2025-11-24 17:05:50.919 [main] INFO  com.alibaba.nacos.common.remote.client - [a2748dca-4fea-4bff-aed8-50ec10a9cb63] Success to connect to server [127.0.0.1:8848] on start up, connectionId = 1763975150655_127.0.0.1_4988
2025-11-24 17:05:50.921 [com.alibaba.nacos.client.remote.worker] INFO  com.alibaba.nacos.common.remote.client - [a2748dca-4fea-4bff-aed8-50ec10a9cb63] Notify connected event to listeners.
2025-11-24 17:05:50.921 [com.alibaba.nacos.client.remote.worker] INFO  com.alibaba.nacos.client.naming - Grpc connection connect
2025-11-24 17:05:50.921 [main] INFO  com.alibaba.nacos.common.remote.client - [a2748dca-4fea-4bff-aed8-50ec10a9cb63] Register server push request handler:com.alibaba.nacos.common.remote.client.RpcClient$ConnectResetRequestHandler
2025-11-24 17:05:50.922 [main] INFO  com.alibaba.nacos.common.remote.client - [a2748dca-4fea-4bff-aed8-50ec10a9cb63] Register server push request handler:com.alibaba.nacos.common.remote.client.RpcClient$$Lambda$1264/0x000001dd819018c0
2025-11-24 17:05:50.923 [main] INFO  com.alibaba.nacos.client.naming - [REGISTER-SERVICE] greennote registering service GreenNote-user with instance Instance{instanceId='null', ip='10.36.15.120', port=8082, weight=1.0, healthy=true, enabled=true, ephemeral=true, clusterName='DEFAULT', serviceName='null', metadata={IPv6=null, preserved.register.source=SPRING_CLOUD}}
2025-11-24 17:05:50.948 [main] INFO  c.a.cloud.nacos.registry.NacosServiceRegistry - nacos registry, DEFAULT_GROUP GreenNote-user 10.36.15.120:8082 register finished
2025-11-24 17:05:51.147 [main] INFO  c.e.greennote.user.biz.GreenNoteUserBizApplication - Started GreenNoteUserBizApplication in 9.758 seconds (process running for 10.564)
2025-11-24 17:05:51.149 [main] INFO  c.e.g.u.biz.runner.PushRolePermissions2RedisRunner - ==> 服务启动，开始同步角色权限数据到redis中...
2025-11-24 17:05:51.914 [main] DEBUG c.e.g.u.b.d.mapper.RoleDOMapper.selectEnableList - ==>  Preparing: select id, role_key, role_name from t_role where status=0 and is_deleted=0
2025-11-24 17:05:52.233 [main] DEBUG c.e.g.u.b.d.mapper.RoleDOMapper.selectEnableList - ==> Parameters: 
2025-11-24 17:05:52.310 [main] DEBUG c.e.g.u.b.d.mapper.RoleDOMapper.selectEnableList - <==      Total: 1
2025-11-24 17:05:52.355 [main] DEBUG c.e.g.u.b.d.m.R.selectByRoleIds - ==>  Preparing: select role_id, permission_id from t_role_permission_rel where role_id in ( ? )
2025-11-24 17:05:52.357 [main] DEBUG c.e.g.u.b.d.m.R.selectByRoleIds - ==> Parameters: 1(Long)
2025-11-24 17:05:52.362 [main] DEBUG c.e.g.u.b.d.m.R.selectByRoleIds - <==      Total: 2
2025-11-24 17:05:52.363 [main] DEBUG c.e.g.u.b.d.m.P.selectAppEnableList - ==>  Preparing: select id, name, permission_key from t_permission where status=0 and type=3 and is_deleted=0
2025-11-24 17:05:52.365 [main] DEBUG c.e.g.u.b.d.m.P.selectAppEnableList - ==> Parameters: 
2025-11-24 17:05:52.368 [main] DEBUG c.e.g.u.b.d.m.P.selectAppEnableList - <==      Total: 2
2025-11-24 17:05:52.389 [main] INFO  c.e.g.u.biz.runner.PushRolePermissions2RedisRunner - ==> 服务启动，成功同步角色权限数据到 Redis 中...
2025-11-24 17:15:36.894 [Thread-7] WARN  com.alibaba.nacos.common.notify.NotifyCenter - [NotifyCenter] Start destroying Publisher
2025-11-24 17:15:36.894 [Thread-10] WARN  c.alibaba.nacos.common.http.HttpClientBeanHolder - [HttpClientBeanHolder] Start destroying common HttpClient
2025-11-24 17:15:36.894 [Thread-7] WARN  com.alibaba.nacos.common.notify.NotifyCenter - [NotifyCenter] Destruction of the end
2025-11-24 17:15:36.897 [Thread-10] WARN  c.alibaba.nacos.common.http.HttpClientBeanHolder - [HttpClientBeanHolder] Destruction of the end
2025-11-24 17:15:36.977 [SpringApplicationShutdownHook] INFO  c.a.cloud.nacos.registry.NacosServiceRegistry - De-registering from Nacos Server now...
2025-11-24 17:15:36.978 [SpringApplicationShutdownHook] INFO  com.alibaba.nacos.client.naming - [DEREGISTER-SERVICE] greennote deregistering service GreenNote-user with instance: Instance{instanceId='null', ip='10.36.15.120', port=8082, weight=1.0, healthy=true, enabled=true, ephemeral=true, clusterName='DEFAULT', serviceName='null', metadata={}}
2025-11-24 17:15:36.985 [SpringApplicationShutdownHook] INFO  c.a.cloud.nacos.registry.NacosServiceRegistry - De-registration finished.
2025-11-24 17:15:36.987 [SpringApplicationShutdownHook] INFO  com.alibaba.nacos.client.naming - com.alibaba.nacos.client.naming.cache.ServiceInfoHolder do shutdown begin
2025-11-24 17:15:36.987 [SpringApplicationShutdownHook] INFO  com.alibaba.nacos.client.naming - com.alibaba.nacos.client.naming.backups.FailoverReactor do shutdown begin
2025-11-24 17:15:36.987 [SpringApplicationShutdownHook] INFO  com.alibaba.nacos.client.naming - com.alibaba.nacos.client.naming.backups.FailoverReactor do shutdown stop
2025-11-24 17:15:36.987 [SpringApplicationShutdownHook] INFO  com.alibaba.nacos.client.naming - com.alibaba.nacos.client.naming.cache.ServiceInfoHolder do shutdown stop
2025-11-24 17:15:36.987 [SpringApplicationShutdownHook] INFO  com.alibaba.nacos.client.naming - com.alibaba.nacos.client.naming.remote.NamingClientProxyDelegate do shutdown begin
2025-11-24 17:15:36.987 [SpringApplicationShutdownHook] INFO  com.alibaba.nacos.client.naming - com.alibaba.nacos.client.naming.core.ServiceInfoUpdateService do shutdown begin
2025-11-24 17:15:36.987 [SpringApplicationShutdownHook] INFO  com.alibaba.nacos.client.naming - com.alibaba.nacos.client.naming.core.ServiceInfoUpdateService do shutdown stop
2025-11-24 17:15:36.987 [SpringApplicationShutdownHook] INFO  com.alibaba.nacos.client.naming - com.alibaba.nacos.client.naming.core.ServerListManager do shutdown begin
2025-11-24 17:15:36.987 [SpringApplicationShutdownHook] WARN  com.alibaba.nacos.client.naming - [NamingHttpClientManager] Start destroying NacosRestTemplate
2025-11-24 17:15:36.988 [SpringApplicationShutdownHook] WARN  com.alibaba.nacos.client.naming - [NamingHttpClientManager] Destruction of the end
2025-11-24 17:15:36.988 [SpringApplicationShutdownHook] INFO  com.alibaba.nacos.client.naming - com.alibaba.nacos.client.naming.core.ServerListManager do shutdown stop
2025-11-24 17:15:36.988 [SpringApplicationShutdownHook] INFO  com.alibaba.nacos.client.naming - com.alibaba.nacos.client.naming.remote.http.NamingHttpClientProxy do shutdown begin
2025-11-24 17:15:36.988 [SpringApplicationShutdownHook] WARN  com.alibaba.nacos.client.naming - [NamingHttpClientManager] Start destroying NacosRestTemplate
2025-11-24 17:15:36.988 [SpringApplicationShutdownHook] WARN  com.alibaba.nacos.client.naming - [NamingHttpClientManager] Destruction of the end
2025-11-24 17:15:36.988 [SpringApplicationShutdownHook] INFO  com.alibaba.nacos.client.naming - com.alibaba.nacos.client.naming.remote.http.NamingHttpClientProxy do shutdown stop
2025-11-24 17:15:36.988 [SpringApplicationShutdownHook] INFO  com.alibaba.nacos.common.remote.client - Shutdown rpc client, set status to shutdown
2025-11-24 17:15:36.988 [SpringApplicationShutdownHook] INFO  com.alibaba.nacos.common.remote.client - Shutdown client event executor java.util.concurrent.ScheduledThreadPoolExecutor@781531c9[Running, pool size = 2, active threads = 2, queued tasks = 0, completed tasks = 0]
2025-11-24 17:15:36.989 [SpringApplicationShutdownHook] INFO  com.alibaba.nacos.common.remote.client - Close current connection 1763975150655_127.0.0.1_4988
2025-11-24 17:15:36.991 [nacos-grpc-client-executor-127.0.0.1-140] INFO  c.a.nacos.common.remote.client.grpc.GrpcClient - [1763975150655_127.0.0.1_4988]Ignore complete event,isRunning:false,isAbandon=false
2025-11-24 17:15:36.996 [SpringApplicationShutdownHook] INFO  c.a.nacos.common.remote.client.grpc.GrpcClient - Shutdown grpc executor java.util.concurrent.ThreadPoolExecutor@3788428[Running, pool size = 4, active threads = 0, queued tasks = 0, completed tasks = 141]
2025-11-24 17:15:36.997 [SpringApplicationShutdownHook] INFO  com.alibaba.nacos.client.naming - Shutdown grpc redo service executor java.util.concurrent.ScheduledThreadPoolExecutor@74116750[Running, pool size = 1, active threads = 0, queued tasks = 1, completed tasks = 195]
2025-11-24 17:15:36.997 [SpringApplicationShutdownHook] INFO  c.a.n.client.auth.ram.identify.CredentialWatcher - [null] CredentialWatcher is stopped
2025-11-24 17:15:36.997 [SpringApplicationShutdownHook] INFO  c.a.n.client.auth.ram.identify.CredentialService - [null] CredentialService is freed
2025-11-24 17:15:36.997 [SpringApplicationShutdownHook] INFO  com.alibaba.nacos.client.naming - com.alibaba.nacos.client.naming.remote.NamingClientProxyDelegate do shutdown stop
2025-11-24 17:15:37.136 [SpringApplicationShutdownHook] INFO  com.alibaba.druid.pool.DruidDataSource - {dataSource-1} closing ...
2025-11-24 17:15:37.147 [SpringApplicationShutdownHook] INFO  com.alibaba.druid.pool.DruidDataSource - {dataSource-1} closed
2025-11-24 19:38:20.441 [main] WARN  com.alibaba.nacos.client.logging.NacosLogging - Load Logback Configuration of Nacos fail, message: Could not initialize Logback Nacos logging from classpath:nacos-logback.xml
2025-11-24 19:38:20.556 [main] WARN  com.alibaba.nacos.client.logging.NacosLogging - Load Logback Configuration of Nacos fail, message: Could not initialize Logback Nacos logging from classpath:nacos-logback.xml
2025-11-24 19:38:21.559 [main] WARN  com.alibaba.nacos.client.logging.NacosLogging - Load Logback Configuration of Nacos fail, message: Could not initialize Logback Nacos logging from classpath:nacos-logback.xml
2025-11-24 19:38:21.582 [main] WARN  com.alibaba.nacos.client.logging.NacosLogging - Load Logback Configuration of Nacos fail, message: Could not initialize Logback Nacos logging from classpath:nacos-logback.xml
2025-11-24 19:38:21.583 [main] INFO  c.e.greennote.user.biz.GreenNoteUserBizApplication - The following 1 profile is active: "dev"
2025-11-24 19:38:23.007 [main] INFO  o.s.d.r.config.RepositoryConfigurationDelegate - Multiple Spring Data modules found, entering strict repository configuration mode
2025-11-24 19:38:23.016 [main] INFO  o.s.d.r.config.RepositoryConfigurationDelegate - Bootstrapping Spring Data Redis repositories in DEFAULT mode.
2025-11-24 19:38:23.080 [main] INFO  o.s.d.r.config.RepositoryConfigurationDelegate - Finished Spring Data repository scanning in 24 ms. Found 0 Redis repository interfaces.
2025-11-24 19:38:23.716 [main] INFO  o.springframework.cloud.context.scope.GenericScope - BeanFactory id=13d3b442-4405-3ffb-9e0f-d0c5635ac705
2025-11-24 19:38:23.776 [main] INFO  o.s.c.s.PostProcessorRegistrationDelegate$BeanPostProcessorChecker - Bean 'com.evan.greennote.oss.api.FileFeignApi' of type [org.springframework.cloud.openfeign.FeignClientFactoryBean] is not eligible for getting processed by all BeanPostProcessors (for example: not eligible for auto-proxying)
2025-11-24 19:38:23.778 [main] INFO  o.s.c.s.PostProcessorRegistrationDelegate$BeanPostProcessorChecker - Bean 'com.evan.greennote.user.api.UserFeignApi' of type [org.springframework.cloud.openfeign.FeignClientFactoryBean] is not eligible for getting processed by all BeanPostProcessors (for example: not eligible for auto-proxying)
2025-11-24 19:38:23.781 [main] INFO  o.s.c.s.PostProcessorRegistrationDelegate$BeanPostProcessorChecker - Bean 'com.evan.greennote.distributed.id.generator.api.DistributedIdGeneratorFeignApi' of type [org.springframework.cloud.openfeign.FeignClientFactoryBean] is not eligible for getting processed by all BeanPostProcessors (for example: not eligible for auto-proxying)
2025-11-24 19:38:25.060 [main] INFO  o.s.boot.web.embedded.tomcat.TomcatWebServer - Tomcat initialized with port(s): 8082 (http)
2025-11-24 19:38:25.085 [main] INFO  org.apache.catalina.core.StandardService - Starting service [Tomcat]
2025-11-24 19:38:25.087 [main] INFO  org.apache.catalina.core.StandardEngine - Starting Servlet engine: [Apache Tomcat/10.1.5]
2025-11-24 19:38:25.340 [main] INFO  o.a.c.core.ContainerBase.[Tomcat].[localhost].[/] - Initializing Spring embedded WebApplicationContext
2025-11-24 19:38:25.341 [main] INFO  o.s.b.w.s.c.ServletWebServerApplicationContext - Root WebApplicationContext: initialization completed in 3721 ms
2025-11-24 19:38:25.642 [main] INFO  c.a.d.s.b.a.DruidDataSourceAutoConfigure - Init DruidDataSource
2025-11-24 19:38:26.399 [main] INFO  com.alibaba.druid.pool.DruidDataSource - {dataSource-1} inited
2025-11-24 19:38:27.288 [main] INFO  o.s.cloud.openfeign.FeignClientFactoryBean - For 'GreenNote-oss' URL not provided. Will try picking an instance via load-balancing.
2025-11-24 19:38:28.499 [main] INFO  o.s.cloud.openfeign.FeignClientFactoryBean - For 'GreenNote-distributed-id-generator' URL not provided. Will try picking an instance via load-balancing.
2025-11-24 19:38:30.428 [main] INFO  o.s.boot.web.embedded.tomcat.TomcatWebServer - Tomcat started on port(s): 8082 (http) with context path ''
2025-11-24 19:38:30.438 [main] WARN  com.alibaba.nacos.client.logging.NacosLogging - Load Logback Configuration of Nacos fail, message: Could not initialize Logback Nacos logging from classpath:nacos-logback.xml
2025-11-24 19:38:30.439 [main] INFO  com.alibaba.nacos.client.naming - initializer namespace from ans.namespace attribute : null
2025-11-24 19:38:30.440 [main] INFO  com.alibaba.nacos.client.naming - initializer namespace from ALIBABA_ALIWARE_NAMESPACE attribute :null
2025-11-24 19:38:30.441 [main] INFO  com.alibaba.nacos.client.naming - initializer namespace from namespace attribute :null
2025-11-24 19:38:30.492 [main] INFO  com.alibaba.nacos.client.utils.ParamUtil - [settings] [req-serv] nacos-server port:8848
2025-11-24 19:38:30.492 [main] INFO  com.alibaba.nacos.client.utils.ParamUtil - [settings] [http-client] connect timeout:1000
2025-11-24 19:38:30.494 [main] INFO  com.alibaba.nacos.client.utils.ParamUtil - PER_TASK_CONFIG_SIZE: 3000.0
2025-11-24 19:38:30.502 [main] INFO  c.a.n.p.auth.spi.client.ClientAuthPluginManager - [ClientAuthPluginManager] Load ClientAuthService com.alibaba.nacos.client.auth.impl.NacosClientAuthServiceImpl success.
2025-11-24 19:38:30.503 [main] INFO  c.a.n.p.auth.spi.client.ClientAuthPluginManager - [ClientAuthPluginManager] Load ClientAuthService com.alibaba.nacos.client.auth.ram.RamClientAuthServiceImpl success.
2025-11-24 19:38:30.510 [main] INFO  c.a.n.client.auth.ram.identify.CredentialWatcher - null No credential found
2025-11-24 19:38:30.530 [main] INFO  com.alibaba.nacos.common.remote.client - [RpcClientFactory] create a new rpc client of 7ae66a2c-da44-4432-a918-33d72e8f1d54
2025-11-24 19:38:30.574 [main] INFO  com.alibaba.nacos.common.remote.client - [7ae66a2c-da44-4432-a918-33d72e8f1d54] RpcClient init, ServerListFactory = com.alibaba.nacos.client.naming.core.ServerListManager
2025-11-24 19:38:30.575 [main] INFO  com.alibaba.nacos.common.remote.client - [7ae66a2c-da44-4432-a918-33d72e8f1d54] Registry connection listener to current client:com.alibaba.nacos.client.naming.remote.gprc.redo.NamingGrpcRedoService
2025-11-24 19:38:30.576 [main] INFO  com.alibaba.nacos.common.remote.client - [7ae66a2c-da44-4432-a918-33d72e8f1d54] Register server push request handler:com.alibaba.nacos.client.naming.remote.gprc.NamingPushRequestHandler
2025-11-24 19:38:30.580 [main] INFO  com.alibaba.nacos.common.remote.client - [7ae66a2c-da44-4432-a918-33d72e8f1d54] Try to connect to server on start up, server: {serverIp = '127.0.0.1', server main port = 8848}
2025-11-24 19:38:30.666 [main] INFO  c.a.nacos.common.remote.client.grpc.GrpcClient - grpc client connection server:127.0.0.1 ip,serverPort:9848,grpcTslConfig:{"sslProvider":"OPENSSL","enableTls":false,"mutualAuthEnable":false,"trustAll":false}
2025-11-24 19:38:32.298 [main] INFO  com.alibaba.nacos.common.remote.client - [7ae66a2c-da44-4432-a918-33d72e8f1d54] Success to connect to server [127.0.0.1:8848] on start up, connectionId = 1763984311999_127.0.0.1_1031
2025-11-24 19:38:32.299 [com.alibaba.nacos.client.remote.worker] INFO  com.alibaba.nacos.common.remote.client - [7ae66a2c-da44-4432-a918-33d72e8f1d54] Notify connected event to listeners.
2025-11-24 19:38:32.300 [com.alibaba.nacos.client.remote.worker] INFO  com.alibaba.nacos.client.naming - Grpc connection connect
2025-11-24 19:38:32.300 [main] INFO  com.alibaba.nacos.common.remote.client - [7ae66a2c-da44-4432-a918-33d72e8f1d54] Register server push request handler:com.alibaba.nacos.common.remote.client.RpcClient$ConnectResetRequestHandler
2025-11-24 19:38:32.300 [main] INFO  com.alibaba.nacos.common.remote.client - [7ae66a2c-da44-4432-a918-33d72e8f1d54] Register server push request handler:com.alibaba.nacos.common.remote.client.RpcClient$$Lambda$1251/0x000001cc3a8dd180
2025-11-24 19:38:32.302 [main] INFO  com.alibaba.nacos.client.naming - [REGISTER-SERVICE] greennote registering service GreenNote-user with instance Instance{instanceId='null', ip='10.36.15.120', port=8082, weight=1.0, healthy=true, enabled=true, ephemeral=true, clusterName='DEFAULT', serviceName='null', metadata={IPv6=null, preserved.register.source=SPRING_CLOUD}}
2025-11-24 19:38:32.326 [main] INFO  c.a.cloud.nacos.registry.NacosServiceRegistry - nacos registry, DEFAULT_GROUP GreenNote-user 10.36.15.120:8082 register finished
2025-11-24 19:38:32.591 [main] INFO  c.e.greennote.user.biz.GreenNoteUserBizApplication - Started GreenNoteUserBizApplication in 13.353 seconds (process running for 16.566)
2025-11-24 19:38:32.592 [main] INFO  c.e.g.u.biz.runner.PushRolePermissions2RedisRunner - ==> 服务启动，开始同步角色权限数据到redis中...
2025-11-24 19:38:33.479 [main] WARN  c.e.g.u.biz.runner.PushRolePermissions2RedisRunner - ==> 角色权限数据已经同步至 Redis 中，不再同步...
2025-11-24 19:55:32.823 [Thread-7] WARN  com.alibaba.nacos.common.notify.NotifyCenter - [NotifyCenter] Start destroying Publisher
2025-11-24 19:55:32.824 [Thread-7] WARN  com.alibaba.nacos.common.notify.NotifyCenter - [NotifyCenter] Destruction of the end
2025-11-24 19:55:32.823 [Thread-10] WARN  c.alibaba.nacos.common.http.HttpClientBeanHolder - [HttpClientBeanHolder] Start destroying common HttpClient
2025-11-24 19:55:32.827 [Thread-10] WARN  c.alibaba.nacos.common.http.HttpClientBeanHolder - [HttpClientBeanHolder] Destruction of the end
2025-11-24 19:55:32.927 [SpringApplicationShutdownHook] INFO  c.a.cloud.nacos.registry.NacosServiceRegistry - De-registering from Nacos Server now...
2025-11-24 19:55:32.927 [SpringApplicationShutdownHook] INFO  com.alibaba.nacos.client.naming - [DEREGISTER-SERVICE] greennote deregistering service GreenNote-user with instance: Instance{instanceId='null', ip='10.36.15.120', port=8082, weight=1.0, healthy=true, enabled=true, ephemeral=true, clusterName='DEFAULT', serviceName='null', metadata={}}
2025-11-24 19:55:32.935 [SpringApplicationShutdownHook] INFO  c.a.cloud.nacos.registry.NacosServiceRegistry - De-registration finished.
2025-11-24 19:55:32.936 [SpringApplicationShutdownHook] INFO  com.alibaba.nacos.client.naming - com.alibaba.nacos.client.naming.cache.ServiceInfoHolder do shutdown begin
2025-11-24 19:55:32.936 [SpringApplicationShutdownHook] INFO  com.alibaba.nacos.client.naming - com.alibaba.nacos.client.naming.backups.FailoverReactor do shutdown begin
2025-11-24 19:55:32.937 [SpringApplicationShutdownHook] INFO  com.alibaba.nacos.client.naming - com.alibaba.nacos.client.naming.backups.FailoverReactor do shutdown stop
2025-11-24 19:55:32.937 [SpringApplicationShutdownHook] INFO  com.alibaba.nacos.client.naming - com.alibaba.nacos.client.naming.cache.ServiceInfoHolder do shutdown stop
2025-11-24 19:55:32.937 [SpringApplicationShutdownHook] INFO  com.alibaba.nacos.client.naming - com.alibaba.nacos.client.naming.remote.NamingClientProxyDelegate do shutdown begin
2025-11-24 19:55:32.937 [SpringApplicationShutdownHook] INFO  com.alibaba.nacos.client.naming - com.alibaba.nacos.client.naming.core.ServiceInfoUpdateService do shutdown begin
2025-11-24 19:55:32.937 [SpringApplicationShutdownHook] INFO  com.alibaba.nacos.client.naming - com.alibaba.nacos.client.naming.core.ServiceInfoUpdateService do shutdown stop
2025-11-24 19:55:32.937 [SpringApplicationShutdownHook] INFO  com.alibaba.nacos.client.naming - com.alibaba.nacos.client.naming.core.ServerListManager do shutdown begin
2025-11-24 19:55:32.937 [SpringApplicationShutdownHook] WARN  com.alibaba.nacos.client.naming - [NamingHttpClientManager] Start destroying NacosRestTemplate
2025-11-24 19:55:32.937 [SpringApplicationShutdownHook] WARN  com.alibaba.nacos.client.naming - [NamingHttpClientManager] Destruction of the end
2025-11-24 19:55:32.937 [SpringApplicationShutdownHook] INFO  com.alibaba.nacos.client.naming - com.alibaba.nacos.client.naming.core.ServerListManager do shutdown stop
2025-11-24 19:55:32.937 [SpringApplicationShutdownHook] INFO  com.alibaba.nacos.client.naming - com.alibaba.nacos.client.naming.remote.http.NamingHttpClientProxy do shutdown begin
2025-11-24 19:55:32.937 [SpringApplicationShutdownHook] WARN  com.alibaba.nacos.client.naming - [NamingHttpClientManager] Start destroying NacosRestTemplate
2025-11-24 19:55:32.937 [SpringApplicationShutdownHook] WARN  com.alibaba.nacos.client.naming - [NamingHttpClientManager] Destruction of the end
2025-11-24 19:55:32.938 [SpringApplicationShutdownHook] INFO  com.alibaba.nacos.client.naming - com.alibaba.nacos.client.naming.remote.http.NamingHttpClientProxy do shutdown stop
2025-11-24 19:55:32.938 [SpringApplicationShutdownHook] INFO  com.alibaba.nacos.common.remote.client - Shutdown rpc client, set status to shutdown
2025-11-24 19:55:32.938 [SpringApplicationShutdownHook] INFO  com.alibaba.nacos.common.remote.client - Shutdown client event executor java.util.concurrent.ScheduledThreadPoolExecutor@4a6e5bb0[Running, pool size = 2, active threads = 2, queued tasks = 0, completed tasks = 0]
2025-11-24 19:55:32.938 [SpringApplicationShutdownHook] INFO  com.alibaba.nacos.common.remote.client - Close current connection 1763984311999_127.0.0.1_1031
2025-11-24 19:55:32.940 [nacos-grpc-client-executor-127.0.0.1-227] INFO  c.a.nacos.common.remote.client.grpc.GrpcClient - [1763984311999_127.0.0.1_1031]Ignore complete event,isRunning:false,isAbandon=false
2025-11-24 19:55:32.947 [SpringApplicationShutdownHook] INFO  c.a.nacos.common.remote.client.grpc.GrpcClient - Shutdown grpc executor java.util.concurrent.ThreadPoolExecutor@72bc85e5[Running, pool size = 4, active threads = 0, queued tasks = 0, completed tasks = 228]
2025-11-24 19:55:32.948 [SpringApplicationShutdownHook] INFO  com.alibaba.nacos.client.naming - Shutdown grpc redo service executor java.util.concurrent.ScheduledThreadPoolExecutor@76922928[Running, pool size = 1, active threads = 0, queued tasks = 1, completed tasks = 339]
2025-11-24 19:55:32.948 [SpringApplicationShutdownHook] INFO  c.a.n.client.auth.ram.identify.CredentialWatcher - [null] CredentialWatcher is stopped
2025-11-24 19:55:32.948 [SpringApplicationShutdownHook] INFO  c.a.n.client.auth.ram.identify.CredentialService - [null] CredentialService is freed
2025-11-24 19:55:32.948 [SpringApplicationShutdownHook] INFO  com.alibaba.nacos.client.naming - com.alibaba.nacos.client.naming.remote.NamingClientProxyDelegate do shutdown stop
2025-11-24 19:55:33.109 [SpringApplicationShutdownHook] INFO  com.alibaba.druid.pool.DruidDataSource - {dataSource-1} closing ...
2025-11-24 19:55:33.110 [SpringApplicationShutdownHook] INFO  com.alibaba.druid.pool.DruidDataSource - {dataSource-1} closed
2025-11-24 19:55:53.961 [main] WARN  com.alibaba.nacos.client.logging.NacosLogging - Load Logback Configuration of Nacos fail, message: Could not initialize Logback Nacos logging from classpath:nacos-logback.xml
2025-11-24 19:55:54.085 [main] WARN  com.alibaba.nacos.client.logging.NacosLogging - Load Logback Configuration of Nacos fail, message: Could not initialize Logback Nacos logging from classpath:nacos-logback.xml
2025-11-24 19:55:55.095 [main] WARN  com.alibaba.nacos.client.logging.NacosLogging - Load Logback Configuration of Nacos fail, message: Could not initialize Logback Nacos logging from classpath:nacos-logback.xml
2025-11-24 19:55:55.119 [main] WARN  com.alibaba.nacos.client.logging.NacosLogging - Load Logback Configuration of Nacos fail, message: Could not initialize Logback Nacos logging from classpath:nacos-logback.xml
2025-11-24 19:55:55.121 [main] INFO  c.e.greennote.user.biz.GreenNoteUserBizApplication - The following 1 profile is active: "dev"
2025-11-24 19:55:56.244 [main] INFO  o.s.d.r.config.RepositoryConfigurationDelegate - Multiple Spring Data modules found, entering strict repository configuration mode
2025-11-24 19:55:56.250 [main] INFO  o.s.d.r.config.RepositoryConfigurationDelegate - Bootstrapping Spring Data Redis repositories in DEFAULT mode.
2025-11-24 19:55:56.297 [main] INFO  o.s.d.r.config.RepositoryConfigurationDelegate - Finished Spring Data repository scanning in 17 ms. Found 0 Redis repository interfaces.
2025-11-24 19:55:56.698 [main] INFO  o.springframework.cloud.context.scope.GenericScope - BeanFactory id=13d3b442-4405-3ffb-9e0f-d0c5635ac705
2025-11-24 19:55:56.754 [main] INFO  o.s.c.s.PostProcessorRegistrationDelegate$BeanPostProcessorChecker - Bean 'com.evan.greennote.oss.api.FileFeignApi' of type [org.springframework.cloud.openfeign.FeignClientFactoryBean] is not eligible for getting processed by all BeanPostProcessors (for example: not eligible for auto-proxying)
2025-11-24 19:55:56.757 [main] INFO  o.s.c.s.PostProcessorRegistrationDelegate$BeanPostProcessorChecker - Bean 'com.evan.greennote.user.api.UserFeignApi' of type [org.springframework.cloud.openfeign.FeignClientFactoryBean] is not eligible for getting processed by all BeanPostProcessors (for example: not eligible for auto-proxying)
2025-11-24 19:55:56.760 [main] INFO  o.s.c.s.PostProcessorRegistrationDelegate$BeanPostProcessorChecker - Bean 'com.evan.greennote.distributed.id.generator.api.DistributedIdGeneratorFeignApi' of type [org.springframework.cloud.openfeign.FeignClientFactoryBean] is not eligible for getting processed by all BeanPostProcessors (for example: not eligible for auto-proxying)
2025-11-24 19:55:57.699 [main] INFO  o.s.boot.web.embedded.tomcat.TomcatWebServer - Tomcat initialized with port(s): 8082 (http)
2025-11-24 19:55:57.718 [main] INFO  org.apache.catalina.core.StandardService - Starting service [Tomcat]
2025-11-24 19:55:57.720 [main] INFO  org.apache.catalina.core.StandardEngine - Starting Servlet engine: [Apache Tomcat/10.1.5]
2025-11-24 19:55:57.893 [main] INFO  o.a.c.core.ContainerBase.[Tomcat].[localhost].[/] - Initializing Spring embedded WebApplicationContext
2025-11-24 19:55:57.894 [main] INFO  o.s.b.w.s.c.ServletWebServerApplicationContext - Root WebApplicationContext: initialization completed in 2743 ms
2025-11-24 19:55:58.144 [main] INFO  c.a.d.s.b.a.DruidDataSourceAutoConfigure - Init DruidDataSource
2025-11-24 19:55:58.674 [main] INFO  com.alibaba.druid.pool.DruidDataSource - {dataSource-1} inited
2025-11-24 19:55:59.182 [main] INFO  o.s.cloud.openfeign.FeignClientFactoryBean - For 'GreenNote-oss' URL not provided. Will try picking an instance via load-balancing.
2025-11-24 19:55:59.836 [main] INFO  o.s.cloud.openfeign.FeignClientFactoryBean - For 'GreenNote-distributed-id-generator' URL not provided. Will try picking an instance via load-balancing.
2025-11-24 19:56:01.427 [main] INFO  o.s.boot.web.embedded.tomcat.TomcatWebServer - Tomcat started on port(s): 8082 (http) with context path ''
2025-11-24 19:56:01.439 [main] WARN  com.alibaba.nacos.client.logging.NacosLogging - Load Logback Configuration of Nacos fail, message: Could not initialize Logback Nacos logging from classpath:nacos-logback.xml
2025-11-24 19:56:01.440 [main] INFO  com.alibaba.nacos.client.naming - initializer namespace from ans.namespace attribute : null
2025-11-24 19:56:01.441 [main] INFO  com.alibaba.nacos.client.naming - initializer namespace from ALIBABA_ALIWARE_NAMESPACE attribute :null
2025-11-24 19:56:01.442 [main] INFO  com.alibaba.nacos.client.naming - initializer namespace from namespace attribute :null
2025-11-24 19:56:01.484 [main] INFO  com.alibaba.nacos.client.utils.ParamUtil - [settings] [req-serv] nacos-server port:8848
2025-11-24 19:56:01.484 [main] INFO  com.alibaba.nacos.client.utils.ParamUtil - [settings] [http-client] connect timeout:1000
2025-11-24 19:56:01.487 [main] INFO  com.alibaba.nacos.client.utils.ParamUtil - PER_TASK_CONFIG_SIZE: 3000.0
2025-11-24 19:56:01.494 [main] INFO  c.a.n.p.auth.spi.client.ClientAuthPluginManager - [ClientAuthPluginManager] Load ClientAuthService com.alibaba.nacos.client.auth.impl.NacosClientAuthServiceImpl success.
2025-11-24 19:56:01.495 [main] INFO  c.a.n.p.auth.spi.client.ClientAuthPluginManager - [ClientAuthPluginManager] Load ClientAuthService com.alibaba.nacos.client.auth.ram.RamClientAuthServiceImpl success.
2025-11-24 19:56:01.501 [main] INFO  c.a.n.client.auth.ram.identify.CredentialWatcher - null No credential found
2025-11-24 19:56:01.518 [main] INFO  com.alibaba.nacos.common.remote.client - [RpcClientFactory] create a new rpc client of 383ba3be-a797-41fa-816f-79947b0fd9a6
2025-11-24 19:56:01.554 [main] INFO  com.alibaba.nacos.common.remote.client - [383ba3be-a797-41fa-816f-79947b0fd9a6] RpcClient init, ServerListFactory = com.alibaba.nacos.client.naming.core.ServerListManager
2025-11-24 19:56:01.554 [main] INFO  com.alibaba.nacos.common.remote.client - [383ba3be-a797-41fa-816f-79947b0fd9a6] Registry connection listener to current client:com.alibaba.nacos.client.naming.remote.gprc.redo.NamingGrpcRedoService
2025-11-24 19:56:01.555 [main] INFO  com.alibaba.nacos.common.remote.client - [383ba3be-a797-41fa-816f-79947b0fd9a6] Register server push request handler:com.alibaba.nacos.client.naming.remote.gprc.NamingPushRequestHandler
2025-11-24 19:56:01.559 [main] INFO  com.alibaba.nacos.common.remote.client - [383ba3be-a797-41fa-816f-79947b0fd9a6] Try to connect to server on start up, server: {serverIp = '127.0.0.1', server main port = 8848}
2025-11-24 19:56:01.643 [main] INFO  c.a.nacos.common.remote.client.grpc.GrpcClient - grpc client connection server:127.0.0.1 ip,serverPort:9848,grpcTslConfig:{"sslProvider":"OPENSSL","enableTls":false,"mutualAuthEnable":false,"trustAll":false}
2025-11-24 19:56:03.017 [main] INFO  com.alibaba.nacos.common.remote.client - [383ba3be-a797-41fa-816f-79947b0fd9a6] Success to connect to server [127.0.0.1:8848] on start up, connectionId = 1763985362731_127.0.0.1_50529
2025-11-24 19:56:03.018 [com.alibaba.nacos.client.remote.worker] INFO  com.alibaba.nacos.common.remote.client - [383ba3be-a797-41fa-816f-79947b0fd9a6] Notify connected event to listeners.
2025-11-24 19:56:03.018 [com.alibaba.nacos.client.remote.worker] INFO  com.alibaba.nacos.client.naming - Grpc connection connect
2025-11-24 19:56:03.018 [main] INFO  com.alibaba.nacos.common.remote.client - [383ba3be-a797-41fa-816f-79947b0fd9a6] Register server push request handler:com.alibaba.nacos.common.remote.client.RpcClient$ConnectResetRequestHandler
2025-11-24 19:56:03.018 [main] INFO  com.alibaba.nacos.common.remote.client - [383ba3be-a797-41fa-816f-79947b0fd9a6] Register server push request handler:com.alibaba.nacos.common.remote.client.RpcClient$$Lambda$1264/0x000001c691906608
2025-11-24 19:56:03.021 [main] INFO  com.alibaba.nacos.client.naming - [REGISTER-SERVICE] greennote registering service GreenNote-user with instance Instance{instanceId='null', ip='10.36.15.120', port=8082, weight=1.0, healthy=true, enabled=true, ephemeral=true, clusterName='DEFAULT', serviceName='null', metadata={IPv6=null, preserved.register.source=SPRING_CLOUD}}
2025-11-24 19:56:03.045 [main] INFO  c.a.cloud.nacos.registry.NacosServiceRegistry - nacos registry, DEFAULT_GROUP GreenNote-user 10.36.15.120:8082 register finished
2025-11-24 19:56:03.283 [main] INFO  c.e.greennote.user.biz.GreenNoteUserBizApplication - Started GreenNoteUserBizApplication in 10.416 seconds (process running for 11.348)
2025-11-24 19:56:03.285 [main] INFO  c.e.g.u.biz.runner.PushRolePermissions2RedisRunner - ==> 服务启动，开始同步角色权限数据到redis中...
2025-11-24 19:56:04.026 [main] WARN  c.e.g.u.biz.runner.PushRolePermissions2RedisRunner - ==> 角色权限数据已经同步至 Redis 中，不再同步...
2025-11-24 21:07:20.723 [Thread-7] WARN  com.alibaba.nacos.common.notify.NotifyCenter - [NotifyCenter] Start destroying Publisher
2025-11-24 21:07:20.726 [Thread-7] WARN  com.alibaba.nacos.common.notify.NotifyCenter - [NotifyCenter] Destruction of the end
2025-11-24 21:07:20.730 [Thread-10] WARN  c.alibaba.nacos.common.http.HttpClientBeanHolder - [HttpClientBeanHolder] Start destroying common HttpClient
2025-11-24 21:07:20.734 [Thread-10] WARN  c.alibaba.nacos.common.http.HttpClientBeanHolder - [HttpClientBeanHolder] Destruction of the end
2025-11-24 21:07:20.913 [SpringApplicationShutdownHook] INFO  c.a.cloud.nacos.registry.NacosServiceRegistry - De-registering from Nacos Server now...
2025-11-24 21:07:20.913 [SpringApplicationShutdownHook] INFO  com.alibaba.nacos.client.naming - [DEREGISTER-SERVICE] greennote deregistering service GreenNote-user with instance: Instance{instanceId='null', ip='10.36.15.120', port=8082, weight=1.0, healthy=true, enabled=true, ephemeral=true, clusterName='DEFAULT', serviceName='null', metadata={}}
2025-11-24 21:07:20.923 [SpringApplicationShutdownHook] INFO  c.a.cloud.nacos.registry.NacosServiceRegistry - De-registration finished.
2025-11-24 21:07:20.923 [SpringApplicationShutdownHook] INFO  com.alibaba.nacos.client.naming - com.alibaba.nacos.client.naming.cache.ServiceInfoHolder do shutdown begin
2025-11-24 21:07:20.924 [SpringApplicationShutdownHook] INFO  com.alibaba.nacos.client.naming - com.alibaba.nacos.client.naming.backups.FailoverReactor do shutdown begin
2025-11-24 21:07:20.924 [SpringApplicationShutdownHook] INFO  com.alibaba.nacos.client.naming - com.alibaba.nacos.client.naming.backups.FailoverReactor do shutdown stop
2025-11-24 21:07:20.924 [SpringApplicationShutdownHook] INFO  com.alibaba.nacos.client.naming - com.alibaba.nacos.client.naming.cache.ServiceInfoHolder do shutdown stop
2025-11-24 21:07:20.924 [SpringApplicationShutdownHook] INFO  com.alibaba.nacos.client.naming - com.alibaba.nacos.client.naming.remote.NamingClientProxyDelegate do shutdown begin
2025-11-24 21:07:20.925 [SpringApplicationShutdownHook] INFO  com.alibaba.nacos.client.naming - com.alibaba.nacos.client.naming.core.ServiceInfoUpdateService do shutdown begin
2025-11-24 21:07:20.925 [SpringApplicationShutdownHook] INFO  com.alibaba.nacos.client.naming - com.alibaba.nacos.client.naming.core.ServiceInfoUpdateService do shutdown stop
2025-11-24 21:07:20.925 [SpringApplicationShutdownHook] INFO  com.alibaba.nacos.client.naming - com.alibaba.nacos.client.naming.core.ServerListManager do shutdown begin
2025-11-24 21:07:20.925 [SpringApplicationShutdownHook] WARN  com.alibaba.nacos.client.naming - [NamingHttpClientManager] Start destroying NacosRestTemplate
2025-11-24 21:07:20.925 [SpringApplicationShutdownHook] WARN  com.alibaba.nacos.client.naming - [NamingHttpClientManager] Destruction of the end
2025-11-24 21:07:20.925 [SpringApplicationShutdownHook] INFO  com.alibaba.nacos.client.naming - com.alibaba.nacos.client.naming.core.ServerListManager do shutdown stop
2025-11-24 21:07:20.925 [SpringApplicationShutdownHook] INFO  com.alibaba.nacos.client.naming - com.alibaba.nacos.client.naming.remote.http.NamingHttpClientProxy do shutdown begin
2025-11-24 21:07:20.925 [SpringApplicationShutdownHook] WARN  com.alibaba.nacos.client.naming - [NamingHttpClientManager] Start destroying NacosRestTemplate
2025-11-24 21:07:20.925 [SpringApplicationShutdownHook] WARN  com.alibaba.nacos.client.naming - [NamingHttpClientManager] Destruction of the end
2025-11-24 21:07:20.925 [SpringApplicationShutdownHook] INFO  com.alibaba.nacos.client.naming - com.alibaba.nacos.client.naming.remote.http.NamingHttpClientProxy do shutdown stop
2025-11-24 21:07:20.925 [SpringApplicationShutdownHook] INFO  com.alibaba.nacos.common.remote.client - Shutdown rpc client, set status to shutdown
2025-11-24 21:07:20.925 [SpringApplicationShutdownHook] INFO  com.alibaba.nacos.common.remote.client - Shutdown client event executor java.util.concurrent.ScheduledThreadPoolExecutor@1424928d[Running, pool size = 2, active threads = 2, queued tasks = 0, completed tasks = 0]
2025-11-24 21:07:20.925 [SpringApplicationShutdownHook] INFO  com.alibaba.nacos.common.remote.client - Close current connection 1763985362731_127.0.0.1_50529
2025-11-24 21:07:20.932 [nacos-grpc-client-executor-127.0.0.1-791] INFO  c.a.nacos.common.remote.client.grpc.GrpcClient - [1763985362731_127.0.0.1_50529]Ignore complete event,isRunning:false,isAbandon=false
2025-11-24 21:07:20.933 [SpringApplicationShutdownHook] INFO  c.a.nacos.common.remote.client.grpc.GrpcClient - Shutdown grpc executor java.util.concurrent.ThreadPoolExecutor@447fc598[Running, pool size = 4, active threads = 0, queued tasks = 0, completed tasks = 792]
2025-11-24 21:07:20.933 [SpringApplicationShutdownHook] INFO  com.alibaba.nacos.client.naming - Shutdown grpc redo service executor java.util.concurrent.ScheduledThreadPoolExecutor@437a3a62[Running, pool size = 1, active threads = 0, queued tasks = 1, completed tasks = 1276]
2025-11-24 21:07:20.934 [SpringApplicationShutdownHook] INFO  c.a.n.client.auth.ram.identify.CredentialWatcher - [null] CredentialWatcher is stopped
2025-11-24 21:07:20.934 [SpringApplicationShutdownHook] INFO  c.a.n.client.auth.ram.identify.CredentialService - [null] CredentialService is freed
2025-11-24 21:07:20.935 [SpringApplicationShutdownHook] INFO  com.alibaba.nacos.client.naming - com.alibaba.nacos.client.naming.remote.NamingClientProxyDelegate do shutdown stop
2025-11-24 21:07:21.105 [SpringApplicationShutdownHook] INFO  com.alibaba.druid.pool.DruidDataSource - {dataSource-1} closing ...
2025-11-24 21:07:21.108 [SpringApplicationShutdownHook] INFO  com.alibaba.druid.pool.DruidDataSource - {dataSource-1} closed
2025-11-24 21:08:03.462 [main] WARN  com.alibaba.nacos.client.logging.NacosLogging - Load Logback Configuration of Nacos fail, message: Could not initialize Logback Nacos logging from classpath:nacos-logback.xml
2025-11-24 21:08:03.566 [main] WARN  com.alibaba.nacos.client.logging.NacosLogging - Load Logback Configuration of Nacos fail, message: Could not initialize Logback Nacos logging from classpath:nacos-logback.xml
2025-11-24 21:08:04.592 [main] WARN  com.alibaba.nacos.client.logging.NacosLogging - Load Logback Configuration of Nacos fail, message: Could not initialize Logback Nacos logging from classpath:nacos-logback.xml
2025-11-24 21:08:04.616 [main] WARN  com.alibaba.nacos.client.logging.NacosLogging - Load Logback Configuration of Nacos fail, message: Could not initialize Logback Nacos logging from classpath:nacos-logback.xml
2025-11-24 21:08:04.618 [main] INFO  c.e.greennote.user.biz.GreenNoteUserBizApplication - The following 1 profile is active: "dev"
2025-11-24 21:08:05.839 [main] INFO  o.s.d.r.config.RepositoryConfigurationDelegate - Multiple Spring Data modules found, entering strict repository configuration mode
2025-11-24 21:08:05.846 [main] INFO  o.s.d.r.config.RepositoryConfigurationDelegate - Bootstrapping Spring Data Redis repositories in DEFAULT mode.
2025-11-24 21:08:05.902 [main] INFO  o.s.d.r.config.RepositoryConfigurationDelegate - Finished Spring Data repository scanning in 23 ms. Found 0 Redis repository interfaces.
2025-11-24 21:08:06.454 [main] INFO  o.springframework.cloud.context.scope.GenericScope - BeanFactory id=13d3b442-4405-3ffb-9e0f-d0c5635ac705
2025-11-24 21:08:06.538 [main] INFO  o.s.c.s.PostProcessorRegistrationDelegate$BeanPostProcessorChecker - Bean 'com.evan.greennote.oss.api.FileFeignApi' of type [org.springframework.cloud.openfeign.FeignClientFactoryBean] is not eligible for getting processed by all BeanPostProcessors (for example: not eligible for auto-proxying)
2025-11-24 21:08:06.543 [main] INFO  o.s.c.s.PostProcessorRegistrationDelegate$BeanPostProcessorChecker - Bean 'com.evan.greennote.user.api.UserFeignApi' of type [org.springframework.cloud.openfeign.FeignClientFactoryBean] is not eligible for getting processed by all BeanPostProcessors (for example: not eligible for auto-proxying)
2025-11-24 21:08:06.546 [main] INFO  o.s.c.s.PostProcessorRegistrationDelegate$BeanPostProcessorChecker - Bean 'com.evan.greennote.distributed.id.generator.api.DistributedIdGeneratorFeignApi' of type [org.springframework.cloud.openfeign.FeignClientFactoryBean] is not eligible for getting processed by all BeanPostProcessors (for example: not eligible for auto-proxying)
2025-11-24 21:08:07.876 [main] INFO  o.s.boot.web.embedded.tomcat.TomcatWebServer - Tomcat initialized with port(s): 8082 (http)
2025-11-24 21:08:07.896 [main] INFO  org.apache.catalina.core.StandardService - Starting service [Tomcat]
2025-11-24 21:08:07.896 [main] INFO  org.apache.catalina.core.StandardEngine - Starting Servlet engine: [Apache Tomcat/10.1.5]
2025-11-24 21:08:08.078 [main] INFO  o.a.c.core.ContainerBase.[Tomcat].[localhost].[/] - Initializing Spring embedded WebApplicationContext
2025-11-24 21:08:08.078 [main] INFO  o.s.b.w.s.c.ServletWebServerApplicationContext - Root WebApplicationContext: initialization completed in 3428 ms
2025-11-24 21:08:08.386 [main] INFO  c.a.d.s.b.a.DruidDataSourceAutoConfigure - Init DruidDataSource
2025-11-24 21:08:08.971 [main] INFO  com.alibaba.druid.pool.DruidDataSource - {dataSource-1} inited
2025-11-24 21:08:09.448 [main] INFO  o.s.cloud.openfeign.FeignClientFactoryBean - For 'GreenNote-oss' URL not provided. Will try picking an instance via load-balancing.
2025-11-24 21:08:10.012 [main] INFO  o.s.cloud.openfeign.FeignClientFactoryBean - For 'GreenNote-distributed-id-generator' URL not provided. Will try picking an instance via load-balancing.
2025-11-24 21:08:11.478 [main] INFO  o.s.boot.web.embedded.tomcat.TomcatWebServer - Tomcat started on port(s): 8082 (http) with context path ''
2025-11-24 21:08:11.488 [main] WARN  com.alibaba.nacos.client.logging.NacosLogging - Load Logback Configuration of Nacos fail, message: Could not initialize Logback Nacos logging from classpath:nacos-logback.xml
2025-11-24 21:08:11.488 [main] INFO  com.alibaba.nacos.client.naming - initializer namespace from ans.namespace attribute : null
2025-11-24 21:08:11.490 [main] INFO  com.alibaba.nacos.client.naming - initializer namespace from ALIBABA_ALIWARE_NAMESPACE attribute :null
2025-11-24 21:08:11.491 [main] INFO  com.alibaba.nacos.client.naming - initializer namespace from namespace attribute :null
2025-11-24 21:08:11.531 [main] INFO  com.alibaba.nacos.client.utils.ParamUtil - [settings] [req-serv] nacos-server port:8848
2025-11-24 21:08:11.532 [main] INFO  com.alibaba.nacos.client.utils.ParamUtil - [settings] [http-client] connect timeout:1000
2025-11-24 21:08:11.534 [main] INFO  com.alibaba.nacos.client.utils.ParamUtil - PER_TASK_CONFIG_SIZE: 3000.0
2025-11-24 21:08:11.541 [main] INFO  c.a.n.p.auth.spi.client.ClientAuthPluginManager - [ClientAuthPluginManager] Load ClientAuthService com.alibaba.nacos.client.auth.impl.NacosClientAuthServiceImpl success.
2025-11-24 21:08:11.541 [main] INFO  c.a.n.p.auth.spi.client.ClientAuthPluginManager - [ClientAuthPluginManager] Load ClientAuthService com.alibaba.nacos.client.auth.ram.RamClientAuthServiceImpl success.
2025-11-24 21:08:11.547 [main] INFO  c.a.n.client.auth.ram.identify.CredentialWatcher - null No credential found
2025-11-24 21:08:11.560 [main] INFO  com.alibaba.nacos.common.remote.client - [RpcClientFactory] create a new rpc client of 514f7842-fc0c-4d4e-b99e-4b6b9c1365eb
2025-11-24 21:08:11.591 [main] INFO  com.alibaba.nacos.common.remote.client - [514f7842-fc0c-4d4e-b99e-4b6b9c1365eb] RpcClient init, ServerListFactory = com.alibaba.nacos.client.naming.core.ServerListManager
2025-11-24 21:08:11.591 [main] INFO  com.alibaba.nacos.common.remote.client - [514f7842-fc0c-4d4e-b99e-4b6b9c1365eb] Registry connection listener to current client:com.alibaba.nacos.client.naming.remote.gprc.redo.NamingGrpcRedoService
2025-11-24 21:08:11.592 [main] INFO  com.alibaba.nacos.common.remote.client - [514f7842-fc0c-4d4e-b99e-4b6b9c1365eb] Register server push request handler:com.alibaba.nacos.client.naming.remote.gprc.NamingPushRequestHandler
2025-11-24 21:08:11.595 [main] INFO  com.alibaba.nacos.common.remote.client - [514f7842-fc0c-4d4e-b99e-4b6b9c1365eb] Try to connect to server on start up, server: {serverIp = '127.0.0.1', server main port = 8848}
2025-11-24 21:08:11.854 [main] INFO  c.a.nacos.common.remote.client.grpc.GrpcClient - grpc client connection server:127.0.0.1 ip,serverPort:9848,grpcTslConfig:{"sslProvider":"OPENSSL","enableTls":false,"mutualAuthEnable":false,"trustAll":false}
2025-11-24 21:08:13.293 [main] INFO  com.alibaba.nacos.common.remote.client - [514f7842-fc0c-4d4e-b99e-4b6b9c1365eb] Success to connect to server [127.0.0.1:8848] on start up, connectionId = 1763989693037_127.0.0.1_8330
2025-11-24 21:08:13.294 [com.alibaba.nacos.client.remote.worker] INFO  com.alibaba.nacos.common.remote.client - [514f7842-fc0c-4d4e-b99e-4b6b9c1365eb] Notify connected event to listeners.
2025-11-24 21:08:13.294 [com.alibaba.nacos.client.remote.worker] INFO  com.alibaba.nacos.client.naming - Grpc connection connect
2025-11-24 21:08:13.298 [main] INFO  com.alibaba.nacos.common.remote.client - [514f7842-fc0c-4d4e-b99e-4b6b9c1365eb] Register server push request handler:com.alibaba.nacos.common.remote.client.RpcClient$ConnectResetRequestHandler
2025-11-24 21:08:13.299 [main] INFO  com.alibaba.nacos.common.remote.client - [514f7842-fc0c-4d4e-b99e-4b6b9c1365eb] Register server push request handler:com.alibaba.nacos.common.remote.client.RpcClient$$Lambda$1264/0x000001a428906d50
2025-11-24 21:08:13.301 [main] INFO  com.alibaba.nacos.client.naming - [REGISTER-SERVICE] greennote registering service GreenNote-user with instance Instance{instanceId='null', ip='10.36.15.120', port=8082, weight=1.0, healthy=true, enabled=true, ephemeral=true, clusterName='DEFAULT', serviceName='null', metadata={IPv6=null, preserved.register.source=SPRING_CLOUD}}
2025-11-24 21:08:13.321 [main] INFO  c.a.cloud.nacos.registry.NacosServiceRegistry - nacos registry, DEFAULT_GROUP GreenNote-user 10.36.15.120:8082 register finished
2025-11-24 21:08:13.518 [main] INFO  c.e.greennote.user.biz.GreenNoteUserBizApplication - Started GreenNoteUserBizApplication in 11.204 seconds (process running for 12.111)
2025-11-24 21:08:13.519 [main] INFO  c.e.g.u.biz.runner.PushRolePermissions2RedisRunner - ==> 服务启动，开始同步角色权限数据到redis中...
2025-11-24 21:08:14.233 [main] WARN  c.e.g.u.biz.runner.PushRolePermissions2RedisRunner - ==> 角色权限数据已经同步至 Redis 中，不再同步...
